# SignalP-4.1 euk predictions
# Name=5HT3B_HUMAN_TRANSMEM4	Length=70	Networks=SignalP-noTM
# pos  aa    C       S       Y
    1   L   0.104   0.119   0.111
    2   A   0.105   0.101   0.111
    3   Q   0.101   0.106   0.109
    4   P   0.106   0.097   0.112
    5   G   0.102   0.094   0.109
    6   T   0.102   0.087   0.109
    7   L   0.104   0.090   0.109
    8   K   0.099   0.098   0.106
    9   E   0.099   0.094   0.105
   10   V   0.096   0.093   0.103
   11   W   0.099   0.099   0.104
   12   S   0.107   0.092   0.108
   13   Q   0.099   0.091   0.103
   14   L   0.099   0.101   0.103
   15   Q   0.098   0.118   0.102
   16   S   0.098   0.122   0.102
   17   I   0.100   0.116   0.103
   18   S   0.100   0.112   0.103
   19   N   0.100   0.119   0.102
   20   Y   0.096   0.114   0.100
   21   L   0.100   0.114   0.102
   22   Q   0.098   0.118   0.101
   23   T   0.102   0.126   0.103
   24   Q   0.112   0.129   0.108
   25   D   0.101   0.150   0.103
   26   Q   0.099   0.138   0.103
   27   T   0.102   0.128   0.106
   28   D   0.100   0.112   0.106
   29   Q   0.098   0.114   0.105
   30   Q   0.103   0.129   0.108
   31   E   0.100   0.122   0.107
   32   A   0.102   0.113   0.109
   33   E   0.096   0.121   0.106
   34   W   0.098   0.110   0.108
   35   L   0.098   0.108   0.108
   36   V   0.099   0.104   0.109
   37   L   0.102   0.108   0.111
   38   L   0.105   0.116   0.112
   39   S   0.101   0.108   0.110
   40   R   0.104   0.106   0.111
   41   F   0.110   0.110   0.114
   42   D   0.100   0.121   0.109
   43   R   0.103   0.111   0.110
   44   L   0.104   0.120   0.111
   45   L   0.099   0.139   0.108
   46   F   0.101   0.149   0.110
   47   Q   0.113   0.115   0.116
   48   S   0.103   0.125   0.111
   49   Y   0.101   0.161   0.109
   50   L   0.097   0.169   0.108
   51   F   0.097   0.115   0.109
   52   M   0.097   0.135   0.109
   53   L   0.102   0.130   0.111
   54   G   0.102   0.135   0.112
   55   I   0.099   0.116   0.111
   56   Y   0.102   0.114   0.112
   57   T   0.099   0.107   0.110
   58   I   0.108   0.102   0.116
   59   T   0.097   0.109   0.109
   60   L   0.097   0.112   0.109
   61   C   0.102   0.117   0.112
   62   S   0.117   0.107   0.120
   63   L   0.105   0.114   0.114
   64   W   0.103   0.105   0.113
   65   A   0.101   0.101   0.111
   66   L   0.102   0.104   0.112
   67   W   0.103   0.104   0.112
   68   G   0.099   0.116   0.109
   69   G   0.117   0.111   0.118
   70   V   0.102   0.103   0.110
# Measure  Position  Value    Cutoff   signal peptide?
  max. C    69       0.117
  max. Y    62       0.120
  max. S    50       0.169
  mean S     1-61    0.116
       D     1-61    0.118   0.450   NO
Name=5HT3B_HUMAN_TRANSMEM4	SP='NO' D=0.118 D-cutoff=0.450 Networks=SignalP-noTM
