# SignalP-4.1 euk predictions
# Name=AAA1_HUMAN_TRANSMEM3	Length=70	Networks=SignalP-TM
# pos  aa    C       S       Y
    1   I   0.103   0.577   0.243
    2   F   0.102   0.643   0.243
    3   G   0.104   0.585   0.246
    4   G   0.101   0.654   0.243
    5   L   0.103   0.666   0.246
    6   A   0.105   0.587   0.249
    7   G   0.100   0.596   0.243
    8   F   0.101   0.537   0.246
    9   L   0.102   0.502   0.246
   10   L   0.106   0.402   0.249
   11   L   0.103   0.451   0.243
   12   W   0.099   0.418   0.236
   13   S   0.104   0.352   0.240
   14   A   0.103   0.434   0.235
   15   V   0.104   0.332   0.234
   16   L   0.102   0.362   0.228
   17   I   0.106   0.331   0.228
   18   M   0.160   0.322   0.275
   19   Y   0.113   0.198   0.225
   20   P   0.099   0.237   0.203
   21   T   0.112   0.223   0.209
   22   S   0.104   0.510   0.194
   23   L   0.125   0.498   0.213
   24   A   0.131   0.523   0.218
   25   V   0.676   0.260   0.501
   26   I   0.126   0.259   0.212
   27   S   0.111   0.266   0.196
   28   M   0.114   0.251   0.197
   29   T   0.110   0.290   0.189
   30   F   0.107   0.224   0.186
   31   S   0.101   0.219   0.178
   32   N   0.122   0.170   0.193
   33   Y   0.101   0.185   0.173
   34   V   0.103   0.173   0.174
   35   L   0.101   0.159   0.171
   36   Q   0.102   0.163   0.170
   37   P   0.111   0.147   0.170
   38   V   0.102   0.159   0.155
   39   F   0.101   0.142   0.145
   40   P   0.103   0.163   0.143
   41   N   0.120   0.156   0.152
   42   C   0.103   0.141   0.139
   43   I   0.104   0.156   0.136
   44   P   0.099   0.177   0.129
   45   P   0.100   0.184   0.128
   46   T   0.102   0.168   0.129
   47   T   0.105   0.131   0.131
   48   A   0.102   0.206   0.127
   49   S   0.135   0.164   0.147
   50   R   0.114   0.123   0.136
   51   V   0.105   0.108   0.129
   52   L   0.103   0.103   0.126
   53   S   0.105   0.111   0.126
   54   M   0.103   0.114   0.124
   55   A   0.106   0.113   0.124
   56   C   0.100   0.100   0.120
   57   L   0.102   0.092   0.120
   58   M   0.103   0.096   0.118
   59   L   0.103   0.101   0.115
   60   L   0.103   0.103   0.113
   61   T   0.100   0.120   0.109
   62   W   0.102   0.129   0.110
   63   V   0.103   0.165   0.108
   64   N   0.100   0.165   0.106
   65   S   0.104   0.217   0.110
   66   S   0.113   0.177   0.118
   67   S   0.103   0.151   0.116
   68   V   0.104   0.138   0.117
   69   R   0.101   0.115   0.116
   70   W   0.101   0.114   0.116
# Measure  Position  Value    Cutoff   signal peptide?
  max. C    25       0.676
  max. Y    25       0.501
  max. S     5       0.666
  mean S     1-24    0.456
       D     1-24    0.483   0.500   NO
Name=AAA1_HUMAN_TRANSMEM3	SP='NO' D=0.483 D-cutoff=0.500 Networks=SignalP-TM
