# SignalP-4.1 euk predictions
# Name=ABCA2_HUMAN_TRANSMEM5	Length=70	Networks=SignalP-noTM
# pos  aa    C       S       Y
    1   V   0.101   0.974   0.313
    2   V   0.101   0.985   0.313
    3   I   0.105   0.986   0.319
    4   I   0.101   0.990   0.314
    5   W   0.098   0.993   0.310
    6   L   0.102   0.994   0.316
    7   F   0.100   0.991   0.312
    8   L   0.104   0.992   0.320
    9   A   0.106   0.994   0.322
   10   V   0.096   0.993   0.307
   11   Y   0.106   0.995   0.322
   12   A   0.105   0.994   0.321
   13   V   0.140   0.985   0.371
   14   A   0.103   0.986   0.318
   15   T   0.298   0.953   0.542
   16   I   0.233   0.940   0.479
   17   M   0.141   0.950   0.372
   18   F   0.148   0.940   0.381
   19   C   0.127   0.923   0.352
   20   F   0.157   0.821   0.391
   21   L   0.104   0.764   0.318
   22   V   0.138   0.701   0.364
   23   S   0.103   0.770   0.313
   24   V   0.130   0.770   0.349
   25   L   0.129   0.671   0.346
   26   Y   0.112   0.789   0.321
   27   S   0.128   0.616   0.341
   28   K   0.142   0.466   0.355
   29   A   0.109   0.669   0.307
   30   K   0.242   0.292   0.453
   31   L   0.105   0.509   0.294
   32   A   0.140   0.380   0.334
   33   S   0.135   0.199   0.321
   34   A   0.115   0.144   0.290
   35   C   0.322   0.102   0.472
   36   G   0.103   0.108   0.259
   37   G   0.124   0.102   0.276
   38   I   0.104   0.103   0.245
   39   I   0.106   0.106   0.238
   40   Y   0.101   0.098   0.224
   41   F   0.098   0.094   0.212
   42   L   0.098   0.110   0.203
   43   S   0.110   0.115   0.206
   44   Y   0.105   0.116   0.195
   45   V   0.102   0.136   0.184
   46   P   0.097   0.161   0.172
   47   Y   0.103   0.205   0.169
   48   M   0.099   0.181   0.159
   49   Y   0.105   0.171   0.155
   50   V   0.102   0.263   0.146
   51   A   0.107   0.146   0.146
   52   I   0.100   0.110   0.132
   53   R   0.105   0.115   0.132
   54   E   0.107   0.117   0.126
   55   E   0.103   0.111   0.119
   56   V   0.099   0.108   0.114
   57   A   0.102   0.113   0.116
   58   H   0.103   0.112   0.117
   59   D   0.104   0.111   0.117
   60   K   0.104   0.110   0.117
   61   I   0.108   0.104   0.119
   62   T   0.106   0.105   0.118
   63   A   0.105   0.099   0.118
   64   F   0.099   0.104   0.115
   65   E   0.103   0.102   0.117
   66   K   0.099   0.104   0.114
   67   C   0.104   0.103   0.117
   68   I   0.107   0.098   0.118
   69   A   0.103   0.100   0.114
   70   S   0.096   0.104   0.108
# Measure  Position  Value    Cutoff   signal peptide?
  max. C    35       0.322
  max. Y    15       0.542
  max. S    11       0.995
  mean S     1-14    0.989
       D     1-14    0.783   0.450   YES
Name=ABCA2_HUMAN_TRANSMEM5	SP='YES' Cleavage site between pos. 14 and 15: AVA-TI D=0.783 D-cutoff=0.450 Networks=SignalP-noTM
