# SignalP-4.1 euk predictions
# Name=ABCAA_HUMAN_TRANSMEM13	Length=70	Networks=SignalP-TM
# pos  aa    C       S       Y
    1   G   0.103   0.655   0.259
    2   F   0.100   0.729   0.255
    3   W   0.102   0.654   0.260
    4   S   0.102   0.797   0.260
    5   F   0.100   0.749   0.258
    6   G   0.101   0.696   0.262
    7   F   0.099   0.732   0.260
    8   F   0.104   0.677   0.267
    9   I   0.102   0.672   0.265
   10   I   0.103   0.563   0.266
   11   L   0.101   0.717   0.262
   12   I   0.102   0.698   0.265
   13   C   0.101   0.678   0.264
   14   V   0.102   0.625   0.265
   15   S   0.101   0.597   0.264
   16   T   0.111   0.534   0.276
   17   I   0.145   0.426   0.312
   18   M   0.107   0.419   0.264
   19   V   0.130   0.395   0.286
   20   S   0.138   0.278   0.288
   21   T   0.132   0.248   0.275
   22   Q   0.299   0.175   0.401
   23   Y   0.170   0.107   0.292
   24   E   0.167   0.117   0.277
   25   K   0.105   0.109   0.212
   26   L   0.101   0.092   0.197
   27   N   0.104   0.071   0.189
   28   L   0.100   0.064   0.173
   29   I   0.107   0.072   0.167
   30   L   0.102   0.051   0.150
   31   C   0.105   0.044   0.140
   32   M   0.104   0.038   0.129
   33   I   0.102   0.030   0.116
   34   F   0.100   0.024   0.104
   35   I   0.102   0.026   0.095
   36   P   0.099   0.021   0.085
   37   S   0.103   0.023   0.080
   38   F   0.097   0.023   0.074
   39   T   0.099   0.021   0.070
   40   L   0.110   0.026   0.069
   41   L   0.101   0.028   0.062
   42   G   0.106   0.035   0.061
   43   Y   0.111   0.029   0.060
   44   V   0.102   0.037   0.055
   45   M   0.104   0.040   0.055
   46   L   0.102   0.064   0.054
   47   L   0.108   0.063   0.057
   48   I   0.102   0.091   0.058
   49   Q   0.103   0.102   0.062
   50   L   0.100   0.092   0.066
   51   D   0.101   0.083   0.070
   52   F   0.100   0.161   0.072
   53   M   0.101   0.130   0.079
   54   R   0.101   0.106   0.084
   55   N   0.102   0.112   0.088
   56   L   0.101   0.099   0.091
   57   D   0.099   0.094   0.093
   58   S   0.103   0.089   0.097
   59   L   0.102   0.093   0.098
   60   D   0.102   0.096   0.100
   61   N   0.100   0.098   0.100
   62   R   0.100   0.100   0.102
   63   I   0.102   0.095   0.103
   64   N   0.103   0.099   0.103
   65   E   0.101   0.101   0.103
   66   V   0.098   0.101   0.102
   67   N   0.100   0.102   0.100
   68   K   0.104   0.102   0.101
   69   T   0.098   0.102   0.098
   70   I   0.105   0.100   0.102
# Measure  Position  Value    Cutoff   signal peptide?
  max. C    22       0.299
  max. Y    22       0.401
  max. S     4       0.797
  mean S     1-21    0.597
       D     1-21    0.479   0.500   NO
Name=ABCAA_HUMAN_TRANSMEM13	SP='NO' D=0.479 D-cutoff=0.500 Networks=SignalP-TM
