# SignalP-4.1 euk predictions
# Name=ACM2_HUMAN_TRANSMEM6	Length=70	Networks=SignalP-noTM
# pos  aa    C       S       Y
    1   T   0.102   0.966   0.314
    2   I   0.104   0.966   0.316
    3   L   0.103   0.950   0.315
    4   A   0.105   0.964   0.318
    5   I   0.098   0.948   0.307
    6   L   0.104   0.954   0.316
    7   L   0.103   0.951   0.315
    8   A   0.105   0.936   0.318
    9   F   0.101   0.927   0.312
   10   I   0.104   0.932   0.316
   11   I   0.099   0.926   0.309
   12   T   0.104   0.959   0.316
   13   W   0.100   0.970   0.310
   14   A   0.098   0.966   0.306
   15   P   0.134   0.880   0.358
   16   Y   0.139   0.803   0.364
   17   N   0.113   0.793   0.326
   18   V   0.103   0.873   0.310
   19   M   0.129   0.819   0.347
   20   V   0.149   0.562   0.372
   21   L   0.147   0.456   0.366
   22   I   0.112   0.269   0.315
   23   N   0.113   0.222   0.310
   24   T   0.109   0.260   0.298
   25   F   0.114   0.282   0.300
   26   C   0.106   0.329   0.284
   27   A   0.139   0.266   0.318
   28   P   0.092   0.215   0.254
   29   C   0.113   0.213   0.273
   30   I   0.122   0.140   0.277
   31   P   0.100   0.204   0.244
   32   N   0.141   0.156   0.282
   33   T   0.096   0.183   0.224
   34   V   0.103   0.162   0.225
   35   W   0.100   0.161   0.214
   36   T   0.111   0.149   0.215
   37   I   0.150   0.124   0.239
   38   G   0.103   0.139   0.189
   39   Y   0.102   0.121   0.179
   40   W   0.098   0.122   0.168
   41   L   0.101   0.122   0.160
   42   C   0.105   0.136   0.152
   43   Y   0.106   0.124   0.146
   44   I   0.100   0.167   0.136
   45   N   0.101   0.164   0.136
   46   S   0.101   0.221   0.135
   47   T   0.116   0.199   0.143
   48   I   0.100   0.183   0.132
   49   N   0.097   0.149   0.127
   50   P   0.099   0.155   0.126
   51   A   0.112   0.128   0.134
   52   C   0.099   0.118   0.124
   53   Y   0.107   0.135   0.128
   54   A   0.110   0.113   0.129
   55   L   0.118   0.106   0.133
   56   C   0.105   0.107   0.124
   57   N   0.107   0.099   0.123
   58   A   0.102   0.099   0.120
   59   T   0.107   0.100   0.121
   60   F   0.105   0.100   0.120
   61   K   0.099   0.097   0.116
   62   K   0.101   0.096   0.116
   63   T   0.101   0.097   0.116
   64   F   0.101   0.098   0.115
   65   K   0.103   0.096   0.115
   66   H   0.106   0.091   0.117
   67   L   0.101   0.095   0.112
   68   L   0.100   0.098   0.110
   69   M   0.100   0.094   0.108
   70   C   0.102   0.097   0.107
# Measure  Position  Value    Cutoff   signal peptide?
  max. C    37       0.150
  max. Y    20       0.372
  max. S    13       0.970
  mean S     1-19    0.920
       D     1-19    0.668   0.450   YES
Name=ACM2_HUMAN_TRANSMEM6	SP='YES' Cleavage site between pos. 19 and 20: NVM-VL D=0.668 D-cutoff=0.450 Networks=SignalP-noTM
