# SignalP-4.1 euk predictions
# Name=ADCY8_HUMAN_TRANSMEM6	Length=70	Networks=SignalP-noTM
# pos  aa    C       S       Y
    1   V   0.101   0.427   0.208
    2   V   0.103   0.397   0.210
    3   A   0.106   0.334   0.212
    4   Q   0.102   0.335   0.208
    5   A   0.104   0.346   0.209
    6   V   0.100   0.417   0.203
    7   L   0.104   0.372   0.207
    8   F   0.101   0.464   0.204
    9   M   0.101   0.383   0.204
   10   C   0.105   0.286   0.207
   11   M   0.102   0.220   0.203
   12   N   0.102   0.304   0.201
   13   T   0.103   0.421   0.200
   14   A   0.101   0.378   0.198
   15   G   0.100   0.276   0.197
   16   I   0.158   0.258   0.245
   17   F   0.107   0.287   0.200
   18   I   0.111   0.271   0.201
   19   S   0.124   0.174   0.211
   20   Y   0.110   0.155   0.196
   21   L   0.101   0.224   0.184
   22   S   0.107   0.236   0.187
   23   D   0.101   0.188   0.179
   24   R   0.108   0.179   0.182
   25   A   0.114   0.216   0.184
   26   Q   0.104   0.144   0.174
   27   R   0.100   0.164   0.168
   28   Q   0.125   0.112   0.185
   29   A   0.101   0.108   0.162
   30   F   0.101   0.099   0.158
   31   L   0.099   0.099   0.151
   32   E   0.099   0.100   0.147
   33   T   0.104   0.101   0.148
   34   R   0.105   0.101   0.147
   35   R   0.104   0.103   0.143
   36   C   0.103   0.099   0.136
   37   V   0.099   0.101   0.129
   38   E   0.105   0.104   0.130
   39   A   0.105   0.102   0.127
   40   R   0.120   0.097   0.132
   41   L   0.107   0.098   0.121
   42   R   0.103   0.095   0.117
   43   L   0.102   0.096   0.115
   44   E   0.104   0.103   0.114
   45   T   0.102   0.100   0.110
   46   E   0.108   0.104   0.111
   47   N   0.100   0.104   0.106
   48   Q   0.103   0.107   0.105
   49   R   0.104   0.092   0.104
   50   Q   0.101   0.098   0.101
   51   E   0.102   0.094   0.101
   52   R   0.097   0.087   0.098
   53   L   0.101   0.089   0.100
   54   V   0.099   0.093   0.099
   55   L   0.101   0.097   0.100
   56   S   0.105   0.103   0.102
   57   V   0.095   0.105   0.097
   58   L   0.106   0.095   0.102
   59   P   0.104   0.095   0.101
   60   R   0.097   0.092   0.098
   61   F   0.110   0.089   0.103
   62   V   0.101   0.088   0.099
   63   V   0.104   0.087   0.100
   64   L   0.101   0.089   0.098
   65   E   0.099   0.090   0.097
   66   M   0.103   0.093   0.099
   67   I   0.105   0.093   0.100
   68   N   0.096   0.095   0.096
   69   D   0.098   0.093   0.096
   70   M   0.102   0.096   0.098
# Measure  Position  Value    Cutoff   signal peptide?
  max. C    16       0.158
  max. Y    16       0.245
  max. S     8       0.464
  mean S     1-15    0.357
       D     1-15    0.305   0.450   NO
Name=ADCY8_HUMAN_TRANSMEM6	SP='NO' D=0.305 D-cutoff=0.450 Networks=SignalP-noTM
