# SignalP-4.1 euk predictions
# Name=ADT1_HUMAN_TRANSMEM5	Length=70	Networks=SignalP-noTM
# pos  aa    C       S       Y
    1   F   0.101   0.581   0.242
    2   V   0.102   0.467   0.243
    3   S   0.102   0.518   0.242
    4   W   0.099   0.591   0.238
    5   M   0.099   0.554   0.238
    6   I   0.104   0.507   0.244
    7   A   0.102   0.477   0.241
    8   Q   0.096   0.439   0.232
    9   S   0.104   0.374   0.241
   10   V   0.096   0.343   0.229
   11   T   0.103   0.534   0.235
   12   A   0.104   0.585   0.236
   13   V   0.119   0.391   0.252
   14   A   0.104   0.466   0.234
   15   G   0.109   0.326   0.239
   16   L   0.157   0.229   0.283
   17   V   0.104   0.208   0.227
   18   S   0.105   0.193   0.224
   19   Y   0.121   0.133   0.235
   20   P   0.099   0.116   0.209
   21   F   0.119   0.107   0.223
   22   D   0.104   0.113   0.203
   23   T   0.103   0.135   0.197
   24   V   0.102   0.161   0.190
   25   R   0.100   0.227   0.185
   26   R   0.114   0.139   0.193
   27   R   0.130   0.110   0.200
   28   M   0.104   0.108   0.173
   29   M   0.108   0.113   0.170
   30   M   0.102   0.112   0.161
   31   Q   0.103   0.111   0.156
   32   S   0.105   0.110   0.154
   33   G   0.103   0.104   0.149
   34   R   0.103   0.113   0.142
   35   K   0.103   0.106   0.134
   36   G   0.100   0.107   0.127
   37   A   0.101   0.111   0.121
   38   D   0.099   0.108   0.115
   39   I   0.104   0.109   0.116
   40   M   0.099   0.104   0.111
   41   Y   0.104   0.102   0.112
   42   T   0.105   0.098   0.112
   43   G   0.105   0.097   0.111
   44   T   0.099   0.104   0.108
   45   V   0.104   0.095   0.111
   46   D   0.098   0.101   0.107
   47   C   0.101   0.106   0.107
   48   W   0.099   0.094   0.103
   49   R   0.099   0.104   0.102
   50   K   0.103   0.099   0.104
   51   I   0.105   0.098   0.105
   52   A   0.103   0.100   0.104
   53   K   0.097   0.100   0.100
   54   D   0.100   0.095   0.102
   55   E   0.100   0.104   0.101
   56   G   0.104   0.101   0.103
   57   A   0.100   0.103   0.101
   58   K   0.098   0.104   0.100
   59   A   0.103   0.106   0.102
   60   F   0.095   0.106   0.098
   61   F   0.105   0.103   0.103
   62   K   0.107   0.099   0.104
   63   G   0.108   0.096   0.104
   64   A   0.101   0.097   0.101
   65   W   0.095   0.100   0.098
   66   S   0.106   0.098   0.104
   67   N   0.101   0.100   0.101
   68   V   0.099   0.099   0.100
   69   L   0.098   0.097   0.099
   70   R   0.103   0.098   0.101
# Measure  Position  Value    Cutoff   signal peptide?
  max. C    16       0.157
  max. Y    16       0.283
  max. S     4       0.591
  mean S     1-15    0.477
       D     1-15    0.388   0.450   NO
Name=ADT1_HUMAN_TRANSMEM5	SP='NO' D=0.388 D-cutoff=0.450 Networks=SignalP-noTM
