# SignalP-4.1 euk predictions
# Name=AGRE3_HUMAN_TRANSMEM1	Length=70	Networks=SignalP-TM
# pos  aa    C       S       Y
    1   V   0.102   0.611   0.249
    2   I   0.102   0.512   0.250
    3   T   0.103   0.440   0.249
    4   Y   0.102   0.405   0.245
    5   V   0.103   0.412   0.243
    6   G   0.103   0.480   0.240
    7   L   0.099   0.374   0.233
    8   S   0.102   0.339   0.234
    9   V   0.101   0.367   0.228
   10   S   0.104   0.406   0.228
   11   L   0.100   0.459   0.220
   12   L   0.102   0.449   0.220
   13   C   0.101   0.431   0.216
   14   L   0.102   0.270   0.214
   15   L   0.100   0.318   0.207
   16   L   0.103   0.275   0.204
   17   A   0.105   0.356   0.202
   18   A   0.171   0.272   0.256
   19   L   0.137   0.238   0.226
   20   T   0.107   0.259   0.197
   21   F   0.135   0.242   0.216
   22   L   0.110   0.218   0.192
   23   L   0.125   0.199   0.202
   24   C   0.101   0.263   0.178
   25   K   0.184   0.283   0.236
   26   A   0.108   0.376   0.177
   27   I   0.594   0.131   0.412
   28   R   0.113   0.158   0.173
   29   N   0.123   0.117   0.177
   30   T   0.122   0.150   0.172
   31   S   0.112   0.146   0.162
   32   T   0.112   0.141   0.156
   33   S   0.138   0.111   0.170
   34   L   0.121   0.105   0.155
   35   H   0.103   0.114   0.140
   36   L   0.103   0.127   0.136
   37   Q   0.103   0.178   0.133
   38   L   0.101   0.210   0.132
   39   S   0.104   0.211   0.132
   40   L   0.100   0.204   0.128
   41   C   0.104   0.128   0.125
   42   L   0.104   0.188   0.125
   43   F   0.103   0.230   0.125
   44   L   0.099   0.244   0.126
   45   A   0.105   0.276   0.132
   46   H   0.098   0.344   0.131
   47   L   0.101   0.401   0.139
   48   L   0.099   0.395   0.145
   49   F   0.100   0.323   0.152
   50   L   0.102   0.391   0.159
   51   V   0.108   0.263   0.169
   52   G   0.100   0.268   0.165
   53   I   0.111   0.237   0.175
   54   D   0.108   0.181   0.173
   55   R   0.101   0.185   0.167
   56   T   0.115   0.152   0.179
   57   E   0.126   0.116   0.187
   58   P   0.099   0.135   0.164
   59   K   0.139   0.109   0.191
   60   V   0.100   0.130   0.158
   61   L   0.101   0.140   0.154
   62   C   0.104   0.131   0.150
   63   S   0.107   0.109   0.145
   64   I   0.103   0.106   0.137
   65   I   0.104   0.103   0.130
   66   A   0.105   0.109   0.125
   67   G   0.102   0.106   0.119
   68   A   0.103   0.094   0.115
   69   L   0.100   0.090   0.111
   70   H   0.103   0.092   0.109
# Measure  Position  Value    Cutoff   signal peptide?
  max. C    27       0.594
  max. Y    27       0.412
  max. S     1       0.611
  mean S     1-26    0.356
       D     1-26    0.390   0.500   NO
Name=AGRE3_HUMAN_TRANSMEM1	SP='NO' D=0.390 D-cutoff=0.500 Networks=SignalP-TM
