# SignalP-4.1 euk predictions
# Name=ANKL2_HUMAN_TRANSMEM1	Length=70	Networks=SignalP-TM
# pos  aa    C       S       Y
    1   A   0.103   0.478   0.222
    2   L   0.100   0.425   0.219
    3   A   0.105   0.385   0.223
    4   W   0.103   0.399   0.219
    5   E   0.105   0.453   0.220
    6   L   0.100   0.340   0.214
    7   L   0.105   0.325   0.217
    8   G   0.105   0.358   0.215
    9   A   0.100   0.434   0.208
   10   S   0.101   0.391   0.208
   11   V   0.103   0.476   0.208
   12   L   0.101   0.412   0.206
   13   L   0.100   0.416   0.204
   14   I   0.101   0.395   0.204
   15   A   0.103   0.372   0.205
   16   V   0.104   0.343   0.204
   17   R   0.101   0.400   0.199
   18   W   0.109   0.422   0.207
   19   L   0.108   0.333   0.207
   20   V   0.107   0.288   0.203
   21   R   0.102   0.292   0.197
   22   R   0.106   0.264   0.201
   23   L   0.126   0.231   0.217
   24   G   0.107   0.176   0.197
   25   P   0.107   0.146   0.192
   26   R   0.116   0.124   0.193
   27   P   0.103   0.157   0.176
   28   G   0.104   0.142   0.171
   29   G   0.101   0.154   0.163
   30   L   0.104   0.141   0.160
   31   G   0.105   0.126   0.157
   32   R   0.113   0.103   0.155
   33   S   0.103   0.105   0.141
   34   G   0.103   0.100   0.134
   35   T   0.103   0.098   0.129
   36   P   0.103   0.100   0.123
   37   V   0.104   0.093   0.119
   38   P   0.103   0.096   0.114
   39   P   0.103   0.094   0.112
   40   P   0.101   0.100   0.109
   41   S   0.107   0.105   0.111
   42   A   0.105   0.115   0.108
   43   A   0.100   0.102   0.105
   44   A   0.102   0.108   0.104
   45   A   0.102   0.104   0.103
   46   P   0.102   0.101   0.102
   47   A   0.106   0.100   0.104
   48   S   0.102   0.106   0.102
   49   G   0.104   0.099   0.103
   50   E   0.102   0.093   0.102
   51   M   0.102   0.086   0.102
   52   T   0.102   0.088   0.101
   53   M   0.107   0.083   0.104
   54   D   0.105   0.087   0.102
   55   A   0.106   0.084   0.102
   56   L   0.101   0.082   0.099
   57   L   0.108   0.088   0.101
   58   A   0.103   0.090   0.098
   59   R   0.101   0.092   0.096
   60   L   0.106   0.092   0.099
   61   K   0.104   0.094   0.097
   62   L   0.106   0.096   0.098
   63   L   0.105   0.097   0.097
   64   N   0.102   0.097   0.095
   65   P   0.105   0.096   0.097
   66   D   0.103   0.097   0.096
   67   D   0.104   0.095   0.097
   68   L   0.102   0.100   0.097
   69   R   0.096   0.098   0.094
   70   E   0.099   0.097   0.096
# Measure  Position  Value    Cutoff   signal peptide?
  max. C    23       0.126
  max. Y    23       0.217
  max. S     1       0.478
  mean S     1-22    0.382
       D     1-22    0.283   0.500   NO
Name=ANKL2_HUMAN_TRANSMEM1	SP='NO' D=0.283 D-cutoff=0.500 Networks=SignalP-TM
