# SignalP-4.1 euk predictions
# Name=AQP9_HUMAN_TRANSMEM3	Length=70	Networks=SignalP-noTM
# pos  aa    C       S       Y
    1   F   0.100   0.564   0.238
    2   K   0.101   0.579   0.239
    3   L   0.101   0.546   0.239
    4   P   0.104   0.604   0.242
    5   F   0.103   0.610   0.241
    6   Y   0.106   0.611   0.246
    7   V   0.101   0.560   0.240
    8   G   0.106   0.577   0.246
    9   A   0.101   0.540   0.240
   10   Q   0.096   0.598   0.234
   11   F   0.101   0.550   0.240
   12   L   0.100   0.470   0.239
   13   G   0.098   0.489   0.236
   14   A   0.099   0.485   0.236
   15   F   0.099   0.386   0.236
   16   V   0.104   0.558   0.239
   17   G   0.102   0.517   0.237
   18   A   0.104   0.472   0.239
   19   A   0.142   0.223   0.278
   20   T   0.123   0.137   0.255
   21   V   0.136   0.117   0.264
   22   F   0.112   0.100   0.234
   23   G   0.107   0.123   0.224
   24   I   0.196   0.110   0.296
   25   Y   0.103   0.138   0.210
   26   Y   0.109   0.163   0.211
   27   D   0.112   0.132   0.209
   28   G   0.101   0.155   0.193
   29   L   0.102   0.135   0.187
   30   M   0.105   0.140   0.185
   31   S   0.108   0.166   0.182
   32   F   0.124   0.130   0.189
   33   A   0.102   0.142   0.165
   34   G   0.104   0.127   0.161
   35   G   0.103   0.122   0.155
   36   K   0.109   0.118   0.154
   37   L   0.102   0.107   0.143
   38   L   0.108   0.110   0.142
   39   I   0.104   0.107   0.132
   40   V   0.102   0.104   0.123
   41   G   0.104   0.121   0.117
   42   E   0.103   0.117   0.114
   43   N   0.104   0.108   0.115
   44   A   0.101   0.116   0.113
   45   T   0.100   0.109   0.112
   46   A   0.108   0.101   0.117
   47   H   0.101   0.088   0.113
   48   I   0.104   0.108   0.113
   49   F   0.100   0.098   0.110
   50   A   0.100   0.104   0.109
   51   T   0.102   0.098   0.109
   52   Y   0.105   0.101   0.110
   53   P   0.100   0.106   0.107
   54   A   0.104   0.098   0.107
   55   P   0.095   0.117   0.102
   56   Y   0.107   0.111   0.108
   57   L   0.100   0.106   0.104
   58   S   0.107   0.103   0.107
   59   L   0.102   0.102   0.104
   60   A   0.104   0.100   0.105
   61   N   0.102   0.104   0.104
   62   A   0.111   0.103   0.108
   63   F   0.109   0.099   0.107
   64   A   0.110   0.097   0.107
   65   D   0.111   0.097   0.107
   66   Q   0.100   0.100   0.101
   67   V   0.100   0.098   0.101
   68   V   0.101   0.100   0.102
   69   A   0.105   0.101   0.103
   70   T   0.155   0.102   0.126
# Measure  Position  Value    Cutoff   signal peptide?
  max. C    24       0.196
  max. Y    24       0.296
  max. S     6       0.611
  mean S     1-23    0.453
       D     1-23    0.381   0.450   NO
Name=AQP9_HUMAN_TRANSMEM3	SP='NO' D=0.381 D-cutoff=0.450 Networks=SignalP-noTM
