# SignalP-4.1 euk predictions
# Name=AT11B_HUMAN_TRANSMEM7	Length=70	Networks=SignalP-noTM
# pos  aa    C       S       Y
    1   F   0.100   0.873   0.296
    2   L   0.102   0.909   0.298
    3   Y   0.103   0.903   0.300
    4   W   0.100   0.915   0.296
    5   T   0.104   0.904   0.302
    6   I   0.103   0.880   0.301
    7   L   0.102   0.876   0.299
    8   G   0.102   0.884   0.299
    9   F   0.096   0.862   0.291
   10   S   0.103   0.846   0.301
   11   H   0.102   0.870   0.299
   12   A   0.100   0.882   0.297
   13   F   0.157   0.805   0.371
   14   I   0.102   0.872   0.298
   15   F   0.101   0.763   0.297
   16   F   0.102   0.676   0.298
   17   F   0.104   0.696   0.299
   18   G   0.098   0.764   0.289
   19   S   0.112   0.617   0.309
   20   Y   0.111   0.586   0.304
   21   L   0.121   0.579   0.316
   22   L   0.113   0.596   0.302
   23   I   0.105   0.581   0.289
   24   G   0.103   0.467   0.285
   25   K   0.150   0.368   0.339
   26   D   0.108   0.293   0.283
   27   T   0.108   0.259   0.277
   28   S   0.112   0.201   0.277
   29   L   0.120   0.164   0.280
   30   L   0.104   0.143   0.253
   31   G   0.104   0.134   0.247
   32   N   0.104   0.130   0.239
   33   G   0.106   0.161   0.235
   34   Q   0.109   0.150   0.230
   35   M   0.108   0.187   0.222
   36   F   0.093   0.169   0.200
   37   G   0.098   0.221   0.197
   38   N   0.101   0.188   0.193
   39   W   0.103   0.207   0.189
   40   T   0.102   0.209   0.182
   41   F   0.100   0.208   0.173
   42   G   0.098   0.306   0.166
   43   T   0.100   0.326   0.164
   44   L   0.101   0.344   0.161
   45   V   0.099   0.304   0.156
   46   F   0.106   0.383   0.157
   47   T   0.104   0.419   0.154
   48   V   0.105   0.382   0.156
   49   M   0.107   0.470   0.159
   50   V   0.103   0.508   0.159
   51   I   0.102   0.316   0.163
   52   T   0.103   0.227   0.166
   53   V   0.107   0.218   0.170
   54   T   0.098   0.216   0.164
   55   V   0.105   0.175   0.171
   56   K   0.097   0.129   0.164
   57   M   0.108   0.122   0.173
   58   A   0.113   0.109   0.176
   59   L   0.169   0.103   0.214
   60   E   0.105   0.103   0.167
   61   T   0.115   0.099   0.174
   62   H   0.109   0.096   0.168
   63   F   0.102   0.097   0.160
   64   W   0.102   0.100   0.159
   65   T   0.101   0.100   0.156
   66   W   0.101   0.101   0.152
   67   I   0.104   0.097   0.150
   68   N   0.096   0.098   0.142
   69   H   0.098   0.099   0.138
   70   L   0.098   0.101   0.133
# Measure  Position  Value    Cutoff   signal peptide?
  max. C    59       0.169
  max. Y    13       0.371
  max. S     4       0.915
  mean S     1-12    0.884
       D     1-12    0.648   0.450   YES
Name=AT11B_HUMAN_TRANSMEM7	SP='YES' Cleavage site between pos. 12 and 13: SHA-FI D=0.648 D-cutoff=0.450 Networks=SignalP-noTM
