# SignalP-4.1 euk predictions
# Name=AT1A4_HUMAN_TRANSMEM8	Length=70	Networks=SignalP-TM
# pos  aa    C       S       Y
    1   Q   0.101   0.365   0.192
    2   T   0.103   0.341   0.194
    3   A   0.102   0.293   0.193
    4   F   0.098   0.345   0.187
    5   F   0.102   0.336   0.191
    6   V   0.099   0.311   0.187
    7   T   0.103   0.247   0.191
    8   I   0.105   0.248   0.190
    9   V   0.100   0.239   0.183
   10   V   0.103   0.268   0.183
   11   V   0.102   0.276   0.181
   12   Q   0.099   0.254   0.176
   13   W   0.102   0.322   0.176
   14   A   0.102   0.251   0.175
   15   D   0.107   0.189   0.177
   16   L   0.101   0.208   0.168
   17   I   0.108   0.159   0.171
   18   I   0.102   0.184   0.163
   19   S   0.103   0.204   0.160
   20   K   0.163   0.134   0.198
   21   T   0.103   0.178   0.153
   22   R   0.119   0.140   0.162
   23   R   0.102   0.138   0.148
   24   N   0.136   0.145   0.168
   25   S   0.102   0.138   0.142
   26   L   0.105   0.129   0.141
   27   F   0.107   0.130   0.139
   28   Q   0.104   0.111   0.131
   29   Q   0.104   0.101   0.127
   30   G   0.101   0.117   0.123
   31   M   0.099   0.153   0.119
   32   R   0.103   0.150   0.121
   33   N   0.100   0.130   0.119
   34   K   0.100   0.154   0.116
   35   V   0.100   0.159   0.117
   36   L   0.103   0.161   0.118
   37   I   0.104   0.196   0.119
   38   F   0.099   0.193   0.118
   39   G   0.104   0.207   0.122
   40   I   0.102   0.165   0.124
   41   L   0.103   0.180   0.125
   42   E   0.101   0.191   0.125
   43   E   0.100   0.126   0.127
   44   T   0.102   0.100   0.129
   45   L   0.103   0.112   0.129
   46   L   0.105   0.111   0.129
   47   A   0.105   0.134   0.128
   48   A   0.107   0.085   0.129
   49   F   0.101   0.059   0.124
   50   L   0.102   0.048   0.121
   51   S   0.100   0.098   0.117
   52   Y   0.102   0.113   0.115
   53   T   0.099   0.107   0.110
   54   P   0.100   0.105   0.108
   55   G   0.101   0.112   0.106
   56   M   0.102   0.125   0.105
   57   D   0.102   0.116   0.102
   58   V   0.101   0.131   0.101
   59   A   0.103   0.128   0.104
   60   L   0.098   0.105   0.102
   61   R   0.102   0.105   0.103
   62   M   0.103   0.092   0.103
   63   Y   0.105   0.091   0.104
   64   P   0.104   0.094   0.104
   65   L   0.104   0.099   0.106
   66   K   0.106   0.096   0.107
   67   I   0.104   0.110   0.106
   68   T   0.103   0.109   0.105
   69   W   0.103   0.096   0.105
   70   W   0.102   0.088   0.104
# Measure  Position  Value    Cutoff   signal peptide?
  max. C    20       0.163
  max. Y    20       0.198
  max. S     1       0.365
  mean S     1-19    0.265
       D     1-19    0.225   0.500   NO
Name=AT1A4_HUMAN_TRANSMEM8	SP='NO' D=0.225 D-cutoff=0.500 Networks=SignalP-TM
