# SignalP-4.1 euk predictions
# Name=AT5G1_HUMAN_TRANSMEM2	Length=70	Networks=SignalP-noTM
# pos  aa    C       S       Y
    1   A   0.102   0.261   0.163
    2   K   0.098   0.262   0.160
    3   F   0.103   0.258   0.164
    4   I   0.102   0.249   0.164
    5   G   0.108   0.200   0.167
    6   A   0.102   0.213   0.162
    7   G   0.100   0.241   0.160
    8   A   0.105   0.235   0.164
    9   A   0.099   0.225   0.159
   10   T   0.099   0.241   0.158
   11   V   0.100   0.240   0.159
   12   G   0.101   0.224   0.159
   13   V   0.102   0.218   0.159
   14   A   0.102   0.234   0.158
   15   G   0.100   0.221   0.157
   16   S   0.107   0.170   0.162
   17   G   0.106   0.163   0.159
   18   A   0.108   0.149   0.159
   19   G   0.108   0.148   0.157
   20   I   0.120   0.132   0.164
   21   G   0.104   0.117   0.151
   22   T   0.109   0.107   0.152
   23   V   0.108   0.117   0.149
   24   F   0.101   0.125   0.141
   25   G   0.106   0.142   0.143
   26   S   0.237   0.115   0.210
   27   L   0.104   0.117   0.137
   28   I   0.109   0.128   0.139
   29   I   0.104   0.127   0.134
   30   G   0.105   0.130   0.133
   31   Y   0.105   0.147   0.131
   32   A   0.105   0.210   0.130
   33   R   0.116   0.156   0.135
   34   N   0.106   0.129   0.128
   35   P   0.097   0.120   0.121
   36   S   0.104   0.123   0.123
   37   L   0.101   0.155   0.119
   38   K   0.102   0.147   0.119
   39   Q   0.108   0.128   0.121
   40   Q   0.105   0.149   0.119
   41   L   0.105   0.138   0.119
   42   F   0.102   0.118   0.117
   43   S   0.103   0.131   0.117
   44   Y   0.103   0.129   0.117
   45   A   0.101   0.121   0.117
   46   I   0.098   0.131   0.116
   47   L   0.101   0.154   0.117
   48   G   0.100   0.199   0.117
   49   F   0.098   0.218   0.117
   50   A   0.106   0.368   0.124
   51   L   0.102   0.197   0.126
   52   S   0.103   0.208   0.128
   53   E   0.133   0.180   0.147
   54   A   0.104   0.187   0.130
   55   M   0.108   0.172   0.133
   56   G   0.103   0.138   0.130
   57   L   0.203   0.143   0.182
   58   F   0.103   0.160   0.131
   59   C   0.107   0.142   0.133
   60   L   0.104   0.160   0.131
   61   M   0.100   0.137   0.129
   62   V   0.104   0.169   0.132
   63   A   0.104   0.167   0.132
   64   F   0.099   0.159   0.130
   65   L   0.105   0.168   0.134
   66   I   0.105   0.165   0.135
   67   L   0.101   0.155   0.133
   68   F   0.101   0.202   0.133
   69   A   0.103   0.191   0.136
   70   M   0.114   0.169   0.144
# Measure  Position  Value    Cutoff   signal peptide?
  max. C    26       0.237
  max. Y    26       0.210
  max. S    50       0.368
  mean S     1-25    0.196
       D     1-25    0.202   0.450   NO
Name=AT5G1_HUMAN_TRANSMEM2	SP='NO' D=0.202 D-cutoff=0.450 Networks=SignalP-noTM
