# SignalP-4.1 euk predictions
# Name=AT8B2_HUMAN_TRANSMEM5	Length=70	Networks=SignalP-noTM
# pos  aa    C       S       Y
    1   F   0.102   0.233   0.154
    2   L   0.101   0.298   0.154
    3   C   0.102   0.468   0.155
    4   Y   0.103   0.540   0.159
    5   F   0.101   0.590   0.163
    6   F   0.099   0.602   0.165
    7   Y   0.102   0.727   0.173
    8   K   0.101   0.669   0.179
    9   N   0.098   0.736   0.181
   10   F   0.099   0.753   0.188
   11   A   0.100   0.747   0.196
   12   F   0.111   0.768   0.212
   13   T   0.101   0.774   0.208
   14   M   0.100   0.740   0.213
   15   V   0.100   0.715   0.219
   16   H   0.099   0.676   0.223
   17   F   0.098   0.730   0.226
   18   W   0.129   0.511   0.265
   19   F   0.101   0.554   0.237
   20   G   0.100   0.641   0.238
   21   F   0.124   0.416   0.271
   22   F   0.102   0.559   0.247
   23   C   0.104   0.721   0.252
   24   G   0.104   0.677   0.256
   25   F   0.116   0.634   0.275
   26   S   0.105   0.704   0.263
   27   A   0.175   0.507   0.341
   28   Q   0.178   0.210   0.343
   29   T   0.148   0.196   0.308
   30   V   0.122   0.167   0.275
   31   Y   0.102   0.175   0.247
   32   D   0.131   0.132   0.274
   33   Q   0.148   0.097   0.284
   34   Y   0.106   0.103   0.233
   35   F   0.099   0.099   0.219
   36   I   0.097   0.107   0.210
   37   T   0.102   0.116   0.208
   38   L   0.104   0.115   0.203
   39   Y   0.099   0.112   0.192
   40   N   0.098   0.125   0.183
   41   I   0.102   0.125   0.183
   42   V   0.097   0.137   0.172
   43   Y   0.104   0.133   0.172
   44   T   0.100   0.152   0.164
   45   S   0.115   0.142   0.170
   46   L   0.102   0.166   0.152
   47   P   0.100   0.173   0.142
   48   V   0.102   0.180   0.136
   49   L   0.102   0.235   0.127
   50   A   0.103   0.374   0.122
   51   M   0.163   0.113   0.158
   52   G   0.109   0.121   0.127
   53   V   0.124   0.129   0.135
   54   F   0.102   0.127   0.122
   55   D   0.105   0.128   0.123
   56   Q   0.107   0.112   0.125
   57   D   0.106   0.106   0.125
   58   V   0.100   0.108   0.121
   59   P   0.101   0.109   0.122
   60   E   0.104   0.111   0.124
   61   Q   0.102   0.113   0.122
   62   R   0.100   0.108   0.121
   63   S   0.102   0.108   0.122
   64   M   0.098   0.110   0.119
   65   E   0.098   0.109   0.119
   66   Y   0.104   0.108   0.122
   67   P   0.103   0.110   0.120
   68   K   0.105   0.108   0.121
   69   L   0.104   0.105   0.119
   70   Y   0.108   0.104   0.120
# Measure  Position  Value    Cutoff   signal peptide?
  max. C    28       0.178
  max. Y    28       0.343
  max. S    13       0.774
  mean S     1-27    0.618
       D     1-27    0.492   0.450   YES
Name=AT8B2_HUMAN_TRANSMEM5	SP='YES' Cleavage site between pos. 27 and 28: FSA-QT D=0.492 D-cutoff=0.450 Networks=SignalP-noTM
