# SignalP-4.1 euk predictions
# Name=CAC1D_HUMAN_TRANSMEM22	Length=70	Networks=SignalP-noTM
# pos  aa    C       S       Y
    1   S   0.102   0.559   0.239
    2   I   0.101   0.534   0.237
    3   T   0.101   0.519   0.237
    4   F   0.102   0.374   0.239
    5   F   0.099   0.426   0.233
    6   R   0.101   0.374   0.234
    7   L   0.106   0.281   0.238
    8   F   0.102   0.306   0.230
    9   R   0.101   0.279   0.227
   10   V   0.105   0.224   0.229
   11   M   0.101   0.261   0.220
   12   R   0.104   0.338   0.221
   13   L   0.100   0.373   0.213
   14   V   0.096   0.267   0.208
   15   K   0.100   0.302   0.209
   16   L   0.102   0.463   0.208
   17   L   0.105   0.384   0.210
   18   S   0.103   0.444   0.206
   19   R   0.110   0.272   0.212
   20   G   0.109   0.189   0.207
   21   E   0.122   0.120   0.215
   22   G   0.102   0.164   0.190
   23   I   0.195   0.125   0.257
   24   R   0.099   0.134   0.178
   25   T   0.103   0.121   0.176
   26   L   0.121   0.090   0.185
   27   L   0.099   0.121   0.163
   28   W   0.100   0.135   0.160
   29   T   0.104   0.119   0.160
   30   F   0.103   0.134   0.157
   31   I   0.103   0.240   0.154
   32   K   0.098   0.213   0.150
   33   S   0.102   0.272   0.152
   34   F   0.099   0.268   0.151
   35   Q   0.107   0.469   0.156
   36   A   0.104   0.424   0.154
   37   L   0.155   0.348   0.192
   38   P   0.101   0.582   0.155
   39   Y   0.105   0.544   0.160
   40   V   0.103   0.681   0.161
   41   A   0.101   0.659   0.163
   42   L   0.111   0.651   0.176
   43   L   0.106   0.655   0.178
   44   I   0.107   0.618   0.186
   45   A   0.106   0.553   0.191
   46   M   0.104   0.575   0.195
   47   L   0.104   0.681   0.201
   48   F   0.102   0.808   0.204
   49   F   0.101   0.761   0.212
   50   I   0.105   0.672   0.223
   51   Y   0.101   0.560   0.224
   52   A   0.102   0.626   0.230
   53   V   0.224   0.271   0.348
   54   I   0.101   0.287   0.234
   55   G   0.104   0.242   0.238
   56   M   0.344   0.124   0.432
   57   Q   0.127   0.108   0.261
   58   M   0.109   0.116   0.238
   59   F   0.105   0.104   0.231
   60   G   0.103   0.115   0.225
   61   K   0.109   0.104   0.228
   62   V   0.105   0.108   0.218
   63   A   0.099   0.115   0.206
   64   M   0.110   0.120   0.210
   65   R   0.151   0.110   0.239
   66   D   0.107   0.110   0.195
   67   N   0.101   0.110   0.182
   68   N   0.102   0.108   0.178
   69   Q   0.103   0.106   0.172
   70   I   0.106   0.102   0.167
# Measure  Position  Value    Cutoff   signal peptide?
  max. C    56       0.344
  max. Y    56       0.432
  max. S    48       0.808
  mean S     1-55    0.384
       D     1-55    0.406   0.450   NO
Name=CAC1D_HUMAN_TRANSMEM22	SP='NO' D=0.406 D-cutoff=0.450 Networks=SignalP-noTM
