# SignalP-4.1 euk predictions
# Name=CAD17_HUMAN_TRANSMEM1	Length=70	Networks=SignalP-noTM
# pos  aa    C       S       Y
    1   T   0.102   0.109   0.106
    2   F   0.101   0.106   0.105
    3   C   0.102   0.098   0.105
    4   S   0.103   0.100   0.106
    5   C   0.100   0.103   0.104
    6   V   0.098   0.105   0.103
    7   E   0.101   0.110   0.104
    8   G   0.099   0.105   0.103
    9   S   0.103   0.129   0.105
   10   C   0.101   0.185   0.104
   11   F   0.098   0.294   0.105
   12   R   0.097   0.263   0.108
   13   P   0.100   0.360   0.113
   14   A   0.106   0.541   0.121
   15   G   0.101   0.657   0.126
   16   H   0.099   0.669   0.135
   17   Q   0.105   0.649   0.148
   18   T   0.109   0.667   0.159
   19   G   0.106   0.676   0.165
   20   I   0.099   0.662   0.168
   21   P   0.102   0.566   0.177
   22   T   0.104   0.599   0.185
   23   V   0.100   0.621   0.187
   24   G   0.106   0.726   0.199
   25   M   0.103   0.664   0.204
   26   A   0.103   0.709   0.210
   27   V   0.109   0.806   0.223
   28   G   0.103   0.798   0.225
   29   I   0.099   0.798   0.227
   30   L   0.105   0.852   0.241
   31   L   0.104   0.893   0.246
   32   T   0.104   0.934   0.254
   33   T   0.105   0.954   0.262
   34   L   0.107   0.974   0.270
   35   L   0.107   0.963   0.277
   36   V   0.105   0.970   0.280
   37   I   0.104   0.957   0.282
   38   G   0.104   0.949   0.285
   39   I   0.126   0.901   0.315
   40   I   0.103   0.868   0.288
   41   L   0.102   0.884   0.288
   42   A   0.106   0.869   0.295
   43   V   0.394   0.597   0.571
   44   V   0.099   0.716   0.287
   45   F   0.102   0.713   0.292
   46   I   0.118   0.469   0.315
   47   R   0.126   0.195   0.323
   48   I   0.105   0.256   0.291
   49   K   0.104   0.178   0.286
   50   K   0.096   0.199   0.269
   51   D   0.111   0.120   0.284
   52   K   0.107   0.109   0.273
   53   G   0.105   0.119   0.264
   54   K   0.143   0.119   0.301
   55   D   0.103   0.114   0.248
   56   N   0.098   0.108   0.233
   57   V   0.097   0.114   0.224
   58   E   0.098   0.110   0.217
   59   S   0.109   0.113   0.219
   60   A   0.100   0.116   0.200
   61   Q   0.100   0.111   0.190
   62   A   0.109   0.110   0.189
   63   S   0.091   0.112   0.163
   64   E   0.104   0.108   0.164
   65   V   0.098   0.104   0.148
   66   K   0.102   0.103   0.143
   67   P   0.105   0.100   0.135
   68   L   0.098   0.101   0.119
   69   R   0.106   0.102   0.116
   70   S   0.111   0.099   0.117
# Measure  Position  Value    Cutoff   signal peptide?
  max. C    43       0.394
  max. Y    43       0.571
  max. S    34       0.974
  mean S     1-42    0.591
       D     1-42    0.582   0.450   YES
Name=CAD17_HUMAN_TRANSMEM1	SP='YES' Cleavage site between pos. 42 and 43: ILA-VV D=0.582 D-cutoff=0.450 Networks=SignalP-noTM
