# SignalP-4.1 euk predictions
# Name=CCKAR_HUMAN_TRANSMEM7	Length=70	Networks=SignalP-TM
# pos  aa    C       S       Y
    1   T   0.101   0.507   0.227
    2   P   0.103   0.583   0.228
    3   I   0.103   0.448   0.229
    4   S   0.102   0.419   0.228
    5   F   0.101   0.428   0.225
    6   I   0.101   0.407   0.224
    7   L   0.102   0.419   0.223
    8   L   0.103   0.435   0.223
    9   L   0.102   0.490   0.221
   10   S   0.104   0.531   0.222
   11   Y   0.101   0.538   0.220
   12   T   0.102   0.517   0.221
   13   S   0.101   0.401   0.221
   14   S   0.099   0.450   0.217
   15   C   0.119   0.329   0.237
   16   V   0.144   0.280   0.256
   17   N   0.113   0.213   0.221
   18   P   0.106   0.198   0.210
   19   I   0.307   0.159   0.352
   20   I   0.102   0.212   0.197
   21   Y   0.101   0.206   0.193
   22   C   0.105   0.233   0.192
   23   F   0.130   0.213   0.210
   24   M   0.102   0.199   0.181
   25   N   0.104   0.164   0.175
   26   K   0.102   0.183   0.165
   27   R   0.103   0.181   0.159
   28   F   0.105   0.189   0.156
   29   R   0.103   0.177   0.147
   30   L   0.104   0.168   0.144
   31   G   0.103   0.141   0.141
   32   F   0.101   0.146   0.137
   33   M   0.105   0.164   0.139
   34   A   0.108   0.146   0.141
   35   T   0.101   0.111   0.134
   36   F   0.104   0.102   0.134
   37   P   0.101   0.100   0.128
   38   C   0.102   0.120   0.125
   39   C   0.101   0.104   0.123
   40   P   0.098   0.108   0.119
   41   N   0.103   0.109   0.120
   42   P   0.099   0.114   0.115
   43   G   0.102   0.082   0.115
   44   P   0.099   0.093   0.110
   45   P   0.103   0.102   0.110
   46   G   0.103   0.104   0.109
   47   A   0.101   0.114   0.106
   48   R   0.100   0.112   0.104
   49   G   0.105   0.109   0.105
   50   E   0.111   0.119   0.108
   51   V   0.104   0.115   0.105
   52   G   0.103   0.111   0.105
   53   E   0.102   0.106   0.104
   54   E   0.104   0.105   0.106
   55   E   0.103   0.105   0.105
   56   E   0.106   0.101   0.106
   57   G   0.103   0.097   0.104
   58   G   0.102   0.096   0.104
   59   T   0.105   0.098   0.106
   60   T   0.107   0.097   0.107
   61   G   0.107   0.095   0.106
   62   A   0.101   0.100   0.103
   63   S   0.100   0.103   0.102
   64   L   0.104   0.103   0.104
   65   S   0.103   0.104   0.102
   66   R   0.101   0.104   0.101
   67   F   0.107   0.103   0.104
   68   S   0.104   0.101   0.102
   69   Y   0.103   0.102   0.102
   70   S   0.105   0.100   0.103
# Measure  Position  Value    Cutoff   signal peptide?
  max. C    19       0.307
  max. Y    19       0.352
  max. S     2       0.583
  mean S     1-18    0.422
       D     1-18    0.380   0.500   NO
Name=CCKAR_HUMAN_TRANSMEM7	SP='NO' D=0.380 D-cutoff=0.500 Networks=SignalP-TM
