# SignalP-4.1 euk predictions
# Name=CD37_HUMAN_TRANSMEM3	Length=70	Networks=SignalP-TM
# pos  aa    C       S       Y
    1   L   0.102   0.672   0.262
    2   L   0.103   0.575   0.263
    3   G   0.103   0.474   0.261
    4   L   0.101   0.526   0.256
    5   Y   0.105   0.544   0.259
    6   F   0.102   0.567   0.253
    7   G   0.104   0.486   0.255
    8   M   0.099   0.558   0.245
    9   L   0.104   0.596   0.251
   10   L   0.101   0.565   0.245
   11   L   0.099   0.688   0.242
   12   L   0.100   0.614   0.243
   13   F   0.101   0.649   0.243
   14   A   0.102   0.557   0.244
   15   T   0.110   0.478   0.252
   16   Q   0.110   0.588   0.249
   17   I   0.112   0.570   0.251
   18   T   0.111   0.633   0.252
   19   L   0.112   0.591   0.255
   20   G   0.135   0.453   0.280
   21   I   0.623   0.220   0.598
   22   L   0.100   0.345   0.235
   23   I   0.142   0.251   0.276
   24   S   0.112   0.307   0.240
   25   T   0.110   0.382   0.234
   26   Q   0.117   0.313   0.236
   27   R   0.104   0.419   0.217
   28   A   0.113   0.273   0.222
   29   Q   0.150   0.137   0.250
   30   L   0.103   0.133   0.201
   31   E   0.126   0.106   0.213
   32   R   0.097   0.113   0.178
   33   S   0.107   0.111   0.175
   34   L   0.108   0.106   0.166
   35   R   0.101   0.102   0.152
   36   D   0.106   0.103   0.153
   37   V   0.101   0.099   0.143
   38   V   0.103   0.101   0.141
   39   E   0.103   0.099   0.136
   40   K   0.100   0.093   0.126
   41   T   0.101   0.096   0.120
   42   I   0.104   0.099   0.111
   43   Q   0.101   0.102   0.104
   44   K   0.101   0.098   0.103
   45   Y   0.101   0.101   0.102
   46   G   0.100   0.101   0.101
   47   T   0.100   0.104   0.100
   48   N   0.104   0.111   0.102
   49   P   0.103   0.112   0.102
   50   E   0.100   0.111   0.101
   51   E   0.101   0.109   0.101
   52   T   0.105   0.109   0.104
   53   A   0.105   0.107   0.104
   54   A   0.099   0.105   0.102
   55   E   0.101   0.108   0.103
   56   E   0.104   0.105   0.105
   57   S   0.103   0.105   0.104
   58   W   0.102   0.106   0.104
   59   D   0.102   0.105   0.104
   60   Y   0.103   0.104   0.105
   61   V   0.103   0.104   0.105
   62   Q   0.104   0.102   0.106
   63   F   0.106   0.100   0.106
   64   Q   0.101   0.101   0.103
   65   L   0.105   0.097   0.105
   66   R   0.103   0.095   0.104
   67   C   0.102   0.095   0.103
   68   C   0.104   0.094   0.103
   69   G   0.102   0.092   0.102
   70   W   0.101   0.094   0.100
# Measure  Position  Value    Cutoff   signal peptide?
  max. C    21       0.623
  max. Y    21       0.598
  max. S    11       0.688
  mean S     1-20    0.569
       D     1-20    0.586   0.500   YES
Name=CD37_HUMAN_TRANSMEM3	SP='YES' Cleavage site between pos. 20 and 21: TLG-IL D=0.586 D-cutoff=0.500 Networks=SignalP-TM
