# SignalP-4.1 euk predictions
# Name=CDIPT_HUMAN_TRANSMEM5	Length=70	Networks=SignalP-TM
# pos  aa    C       S       Y
    1   L   0.102   0.309   0.177
    2   C   0.104   0.378   0.179
    3   A   0.102   0.355   0.179
    4   G   0.100   0.370   0.179
    5   N   0.102   0.386   0.181
    6   E   0.102   0.420   0.182
    7   L   0.102   0.434   0.184
    8   F   0.102   0.348   0.187
    9   Y   0.099   0.304   0.186
   10   C   0.102   0.301   0.188
   11   L   0.101   0.262   0.187
   12   L   0.104   0.273   0.188
   13   Y   0.101   0.349   0.185
   14   L   0.100   0.395   0.185
   15   F   0.101   0.341   0.188
   16   H   0.100   0.268   0.187
   17   F   0.101   0.349   0.186
   18   S   0.100   0.247   0.186
   19   E   0.104   0.206   0.186
   20   G   0.101   0.210   0.180
   21   P   0.125   0.110   0.196
   22   L   0.101   0.125   0.169
   23   V   0.102   0.215   0.165
   24   G   0.102   0.215   0.163
   25   S   0.118   0.167   0.174
   26   V   0.125   0.113   0.176
   27   G   0.106   0.115   0.158
   28   L   0.109   0.134   0.154
   29   F   0.097   0.119   0.140
   30   R   0.103   0.167   0.138
   31   M   0.107   0.137   0.138
   32   G   0.102   0.098   0.129
   33   L   0.102   0.102   0.125
   34   W   0.103   0.119   0.122
   35   V   0.103   0.122   0.119
   36   T   0.102   0.122   0.119
   37   A   0.103   0.115   0.120
   38   P   0.097   0.128   0.113
   39   I   0.109   0.119   0.117
   40   A   0.102   0.112   0.111
   41   L   0.100   0.082   0.110
   42   L   0.104   0.088   0.112
   43   K   0.101   0.080   0.108
   44   S   0.104   0.094   0.108
   45   L   0.108   0.123   0.108
   46   I   0.104   0.117   0.106
   47   S   0.107   0.126   0.108
   48   V   0.104   0.125   0.107
   49   I   0.100   0.115   0.105
   50   H   0.100   0.148   0.105
   51   L   0.098   0.159   0.105
   52   I   0.102   0.143   0.108
   53   T   0.102   0.188   0.109
   54   A   0.103   0.174   0.112
   55   A   0.123   0.142   0.124
   56   R   0.100   0.113   0.114
   57   N   0.101   0.121   0.115
   58   M   0.099   0.115   0.116
   59   A   0.105   0.118   0.120
   60   A   0.102   0.110   0.118
   61   L   0.102   0.094   0.117
   62   D   0.104   0.097   0.118
   63   A   0.102   0.103   0.116
   64   A   0.105   0.104   0.117
   65   D   0.102   0.108   0.114
   66   R   0.103   0.107   0.113
   67   A   0.104   0.107   0.112
   68   K   0.097   0.104   0.106
   69   K   0.103   0.104   0.107
   70   K   0.102   0.106   0.105
# Measure  Position  Value    Cutoff   signal peptide?
  max. C    21       0.125
  max. Y    21       0.196
  max. S     7       0.434
  mean S     1-20    0.325
       D     1-20    0.248   0.500   NO
Name=CDIPT_HUMAN_TRANSMEM5	SP='NO' D=0.248 D-cutoff=0.500 Networks=SignalP-TM
