# SignalP-4.1 euk predictions
# Name=CELR3_HUMAN_TRANSMEM3	Length=70	Networks=SignalP-noTM
# pos  aa    C       S       Y
    1   C   0.102   0.888   0.301
    2   T   0.103   0.888   0.303
    3   A   0.104   0.912   0.304
    4   V   0.099   0.940   0.296
    5   A   0.104   0.929   0.305
    6   I   0.096   0.965   0.292
    7   L   0.100   0.963   0.299
    8   L   0.103   0.943   0.305
    9   H   0.100   0.938   0.301
   10   Y   0.104   0.922   0.306
   11   F   0.101   0.948   0.303
   12   F   0.102   0.962   0.304
   13   L   0.102   0.963   0.305
   14   S   0.101   0.955   0.305
   15   T   0.098   0.980   0.300
   16   F   0.109   0.970   0.317
   17   A   0.121   0.956   0.335
   18   W   0.449   0.861   0.647
   19   L   0.106   0.877   0.314
   20   F   0.149   0.780   0.372
   21   V   0.104   0.784   0.310
   22   Q   0.105   0.694   0.311
   23   G   0.107   0.753   0.312
   24   L   0.548   0.385   0.704
   25   H   0.109   0.567   0.309
   26   L   0.116   0.460   0.316
   27   Y   0.155   0.234   0.361
   28   R   0.099   0.350   0.283
   29   M   0.111   0.285   0.295
   30   Q   0.117   0.225   0.296
   31   V   0.101   0.309   0.270
   32   E   0.121   0.171   0.290
   33   P   0.098   0.221   0.253
   34   R   0.197   0.107   0.351
   35   N   0.099   0.124   0.241
   36   V   0.100   0.152   0.234
   37   D   0.101   0.147   0.227
   38   R   0.105   0.149   0.223
   39   G   0.106   0.146   0.215
   40   A   0.104   0.169   0.204
   41   M   0.098   0.167   0.190
   42   R   0.107   0.250   0.189
   43   F   0.099   0.162   0.175
   44   Y   0.106   0.158   0.173
   45   H   0.110   0.166   0.168
   46   A   0.107   0.139   0.157
   47   L   0.097   0.176   0.147
   48   G   0.105   0.228   0.146
   49   W   0.099   0.315   0.138
   50   G   0.109   0.323   0.146
   51   V   0.097   0.258   0.138
   52   P   0.107   0.242   0.144
   53   A   0.103   0.205   0.142
   54   V   0.097   0.215   0.136
   55   L   0.106   0.159   0.143
   56   L   0.106   0.127   0.142
   57   G   0.100   0.121   0.137
   58   L   0.103   0.118   0.140
   59   A   0.109   0.111   0.143
   60   V   0.110   0.105   0.143
   61   G   0.109   0.105   0.142
   62   L   0.181   0.097   0.182
   63   D   0.106   0.097   0.138
   64   P   0.103   0.099   0.135
   65   E   0.110   0.100   0.136
   66   G   0.098   0.099   0.128
   67   Y   0.102   0.102   0.129
   68   G   0.103   0.105   0.129
   69   N   0.129   0.106   0.143
   70   P   0.101   0.110   0.125
# Measure  Position  Value    Cutoff   signal peptide?
  max. C    24       0.548
  max. Y    24       0.704
  max. S    15       0.980
  mean S     1-23    0.903
       D     1-23    0.811   0.450   YES
Name=CELR3_HUMAN_TRANSMEM3	SP='YES' Cleavage site between pos. 23 and 24: VQG-LH D=0.811 D-cutoff=0.450 Networks=SignalP-noTM
