# SignalP-4.1 euk predictions
# Name=CLCKA_HUMAN_TRANSMEM4	Length=70	Networks=SignalP-TM
# pos  aa    C       S       Y
    1   Y   0.102   0.540   0.235
    2   W   0.100   0.519   0.233
    3   R   0.101   0.593   0.233
    4   G   0.103   0.556   0.236
    5   F   0.099   0.630   0.232
    6   F   0.104   0.665   0.239
    7   A   0.105   0.709   0.242
    8   A   0.100   0.763   0.239
    9   T   0.099   0.785   0.241
   10   C   0.103   0.789   0.250
   11   G   0.103   0.706   0.253
   12   A   0.102   0.589   0.254
   13   F   0.099   0.629   0.251
   14   I   0.103   0.668   0.258
   15   F   0.101   0.663   0.256
   16   R   0.103   0.601   0.261
   17   L   0.105   0.615   0.264
   18   L   0.103   0.613   0.263
   19   A   0.104   0.556   0.265
   20   V   0.140   0.374   0.306
   21   F   0.110   0.296   0.266
   22   N   0.103   0.375   0.252
   23   S   0.110   0.328   0.254
   24   E   0.126   0.248   0.265
   25   Q   0.110   0.200   0.239
   26   E   0.114   0.145   0.234
   27   T   0.099   0.158   0.212
   28   I   0.104   0.146   0.208
   29   T   0.102   0.155   0.197
   30   S   0.116   0.136   0.200
   31   L   0.114   0.117   0.188
   32   Y   0.101   0.111   0.167
   33   K   0.099   0.097   0.153
   34   T   0.101   0.086   0.144
   35   S   0.103   0.103   0.138
   36   F   0.104   0.096   0.133
   37   R   0.102   0.088   0.125
   38   V   0.102   0.091   0.117
   39   D   0.099   0.084   0.111
   40   V   0.102   0.083   0.108
   41   P   0.099   0.082   0.105
   42   F   0.104   0.090   0.105
   43   D   0.102   0.104   0.101
   44   L   0.100   0.086   0.099
   45   P   0.103   0.055   0.099
   46   E   0.100   0.044   0.095
   47   I   0.105   0.050   0.094
   48   F   0.101   0.046   0.091
   49   F   0.105   0.039   0.091
   50   F   0.103   0.044   0.087
   51   V   0.103   0.049   0.085
   52   A   0.105   0.044   0.084
   53   L   0.099   0.044   0.080
   54   G   0.101   0.064   0.079
   55   G   0.104   0.062   0.079
   56   I   0.102   0.061   0.077
   57   C   0.101   0.063   0.076
   58   G   0.102   0.054   0.074
   59   V   0.102   0.053   0.072
   60   L   0.099   0.048   0.071
   61   S   0.104   0.054   0.073
   62   C   0.108   0.064   0.075
   63   A   0.105   0.073   0.075
   64   Y   0.100   0.077   0.075
   65   L   0.099   0.064   0.076
   66   F   0.102   0.070   0.078
   67   C   0.104   0.102   0.079
   68   Q   0.102   0.099   0.081
   69   R   0.099   0.100   0.082
   70   T   0.102   0.086   0.084
# Measure  Position  Value    Cutoff   signal peptide?
  max. C    20       0.140
  max. Y    20       0.306
  max. S    10       0.789
  mean S     1-19    0.641
       D     1-19    0.440   0.500   NO
Name=CLCKA_HUMAN_TRANSMEM4	SP='NO' D=0.440 D-cutoff=0.500 Networks=SignalP-TM
