# SignalP-4.1 euk predictions
# Name=CLCKB_HUMAN_TRANSMEM4	Length=70	Networks=SignalP-TM
# pos  aa    C       S       Y
    1   L   0.102   0.399   0.202
    2   F   0.103   0.373   0.202
    3   L   0.102   0.393   0.202
    4   G   0.104   0.316   0.203
    5   K   0.099   0.314   0.197
    6   V   0.105   0.328   0.201
    7   G   0.102   0.303   0.197
    8   P   0.101   0.308   0.194
    9   F   0.102   0.334   0.193
   10   V   0.102   0.376   0.192
   11   H   0.100   0.414   0.190
   12   L   0.097   0.440   0.187
   13   S   0.099   0.419   0.190
   14   V   0.099   0.404   0.190
   15   M   0.103   0.435   0.195
   16   M   0.101   0.447   0.193
   17   A   0.102   0.414   0.196
   18   A   0.117   0.319   0.209
   19   Y   0.106   0.194   0.199
   20   L   0.101   0.183   0.193
   21   G   0.104   0.188   0.192
   22   R   0.107   0.171   0.193
   23   V   0.107   0.189   0.190
   24   R   0.101   0.191   0.182
   25   T   0.107   0.293   0.184
   26   T   0.313   0.120   0.310
   27   T   0.107   0.127   0.174
   28   I   0.108   0.124   0.168
   29   G   0.113   0.113   0.165
   30   E   0.123   0.109   0.165
   31   P   0.103   0.111   0.142
   32   E   0.107   0.108   0.136
   33   N   0.103   0.109   0.128
   34   K   0.100   0.106   0.123
   35   S   0.099   0.106   0.120
   36   K   0.101   0.111   0.120
   37   Q   0.103   0.100   0.119
   38   N   0.104   0.095   0.117
   39   E   0.102   0.084   0.112
   40   M   0.103   0.068   0.106
   41   L   0.102   0.071   0.103
   42   V   0.105   0.043   0.103
   43   A   0.104   0.034   0.099
   44   A   0.103   0.027   0.096
   45   A   0.101   0.035   0.092
   46   A   0.102   0.044   0.089
   47   V   0.101   0.035   0.086
   48   G   0.103   0.032   0.084
   49   V   0.101   0.026   0.080
   50   A   0.102   0.043   0.077
   51   T   0.101   0.072   0.073
   52   V   0.104   0.076   0.072
   53   F   0.101   0.060   0.071
   54   A   0.106   0.068   0.071
   55   A   0.151   0.072   0.085
   56   P   0.100   0.070   0.069
   57   F   0.105   0.059   0.072
   58   S   0.103   0.090   0.073
   59   G   0.104   0.094   0.076
   60   V   0.101   0.108   0.078
   61   L   0.103   0.106   0.082
   62   F   0.102   0.105   0.084
   63   S   0.105   0.105   0.089
   64   I   0.106   0.101   0.092
   65   E   0.105   0.110   0.094
   66   V   0.102   0.108   0.095
   67   M   0.101   0.128   0.095
   68   S   0.102   0.118   0.098
   69   S   0.100   0.104   0.099
   70   H   0.104   0.102   0.102
# Measure  Position  Value    Cutoff   signal peptide?
  max. C    26       0.313
  max. Y    26       0.310
  max. S    16       0.447
  mean S     1-25    0.326
       D     1-25    0.316   0.500   NO
Name=CLCKB_HUMAN_TRANSMEM4	SP='NO' D=0.316 D-cutoff=0.500 Networks=SignalP-TM
