# SignalP-4.1 euk predictions
# Name=CLD11_HUMAN_TRANSMEM3	Length=70	Networks=SignalP-TM
# pos  aa    C       S       Y
    1   A   0.103   0.771   0.282
    2   G   0.100   0.829   0.277
    3   V   0.101   0.835   0.280
    4   L   0.102   0.814   0.282
    5   L   0.105   0.757   0.286
    6   I   0.101   0.830   0.281
    7   L   0.102   0.836   0.283
    8   L   0.107   0.881   0.291
    9   A   0.104   0.866   0.288
   10   L   0.101   0.841   0.285
   11   C   0.105   0.846   0.291
   12   A   0.103   0.775   0.290
   13   L   0.099   0.857   0.285
   14   V   0.103   0.803   0.291
   15   A   0.102   0.797   0.291
   16   T   0.128   0.768   0.325
   17   I   0.402   0.673   0.575
   18   W   0.125   0.620   0.318
   19   F   0.154   0.538   0.350
   20   P   0.132   0.352   0.321
   21   V   0.111   0.283   0.288
   22   C   0.101   0.469   0.267
   23   A   0.123   0.456   0.289
   24   H   0.694   0.233   0.671
   25   R   0.174   0.165   0.324
   26   E   0.209   0.158   0.341
   27   T   0.103   0.134   0.229
   28   T   0.104   0.118   0.219
   29   I   0.108   0.149   0.211
   30   V   0.105   0.116   0.196
   31   S   0.105   0.112   0.183
   32   F   0.107   0.134   0.173
   33   G   0.101   0.083   0.157
   34   Y   0.106   0.063   0.150
   35   S   0.102   0.080   0.139
   36   L   0.100   0.100   0.133
   37   Y   0.106   0.104   0.126
   38   A   0.101   0.072   0.112
   39   G   0.105   0.065   0.109
   40   W   0.099   0.060   0.103
   41   I   0.102   0.070   0.101
   42   G   0.102   0.073   0.098
   43   A   0.102   0.060   0.097
   44   V   0.100   0.066   0.092
   45   L   0.104   0.063   0.092
   46   C   0.102   0.076   0.089
   47   L   0.120   0.073   0.094
   48   V   0.104   0.086   0.087
   49   G   0.104   0.058   0.088
   50   G   0.103   0.052   0.087
   51   C   0.107   0.079   0.087
   52   V   0.108   0.078   0.086
   53   I   0.103   0.079   0.084
   54   L   0.101   0.065   0.084
   55   C   0.102   0.096   0.085
   56   C   0.105   0.128   0.087
   57   A   0.104   0.144   0.089
   58   G   0.115   0.123   0.097
   59   D   0.108   0.098   0.096
   60   A   0.104   0.103   0.096
   61   Q   0.107   0.107   0.098
   62   A   0.102   0.103   0.097
   63   F   0.202   0.097   0.138
   64   G   0.103   0.094   0.100
   65   E   0.105   0.092   0.102
   66   N   0.103   0.095   0.102
   67   R   0.102   0.098   0.102
   68   F   0.103   0.100   0.103
   69   Y   0.100   0.102   0.103
   70   Y   0.103   0.104   0.104
# Measure  Position  Value    Cutoff   signal peptide?
  max. C    24       0.694
  max. Y    24       0.671
  max. S     8       0.881
  mean S     1-23    0.717
       D     1-23    0.689   0.500   YES
Name=CLD11_HUMAN_TRANSMEM3	SP='YES' Cleavage site between pos. 23 and 24: VCA-HR D=0.689 D-cutoff=0.500 Networks=SignalP-TM
