# SignalP-4.1 euk predictions
# Name=CLD9_HUMAN_TRANSMEM2	Length=70	Networks=SignalP-noTM
# pos  aa    C       S       Y
    1   A   0.103   0.981   0.319
    2   L   0.098   0.985   0.309
    3   C   0.104   0.989   0.319
    4   V   0.101   0.993   0.314
    5   I   0.108   0.990   0.325
    6   A   0.102   0.991   0.317
    7   L   0.095   0.985   0.306
    8   L   0.105   0.981   0.322
    9   L   0.102   0.987   0.317
   10   A   0.104   0.992   0.319
   11   L   0.102   0.991   0.317
   12   L   0.106   0.996   0.322
   13   G   0.102   0.994   0.318
   14   L   0.104   0.992   0.320
   15   L   0.106   0.992   0.324
   16   V   0.107   0.983   0.324
   17   A   0.114   0.964   0.336
   18   I   0.663   0.910   0.808
   19   T   0.124   0.942   0.349
   20   G   0.140   0.929   0.371
   21   A   0.508   0.835   0.705
   22   Q   0.778   0.536   0.870
   23   C   0.134   0.437   0.357
   24   T   0.773   0.179   0.847
   25   T   0.119   0.281   0.326
   26   C   0.146   0.334   0.354
   27   V   0.345   0.196   0.535
   28   E   0.102   0.221   0.284
   29   D   0.111   0.220   0.289
   30   E   0.115   0.347   0.288
   31   G   0.103   0.391   0.268
   32   A   0.106   0.436   0.265
   33   K   0.101   0.401   0.255
   34   A   0.103   0.355   0.251
   35   R   0.112   0.514   0.255
   36   I   0.106   0.566   0.244
   37   V   0.101   0.705   0.235
   38   L   0.109   0.690   0.240
   39   T   0.106   0.711   0.234
   40   A   0.104   0.744   0.230
   41   G   0.103   0.805   0.227
   42   V   0.101   0.847   0.223
   43   I   0.102   0.859   0.224
   44   L   0.105   0.862   0.226
   45   L   0.102   0.902   0.227
   46   L   0.102   0.860   0.231
   47   A   0.107   0.824   0.244
   48   G   0.101   0.791   0.243
   49   I   0.109   0.851   0.256
   50   L   0.102   0.877   0.254
   51   V   0.105   0.825   0.263
   52   L   0.104   0.652   0.268
   53   I   0.110   0.374   0.278
   54   P   0.097   0.266   0.261
   55   V   0.110   0.242   0.276
   56   C   0.103   0.241   0.266
   57   W   0.101   0.248   0.263
   58   T   0.105   0.288   0.265
   59   A   0.264   0.128   0.416
   60   H   0.124   0.101   0.280
   61   A   0.103   0.105   0.250
   62   I   0.176   0.100   0.318
   63   I   0.104   0.102   0.239
   64   Q   0.118   0.106   0.246
   65   D   0.105   0.103   0.225
   66   F   0.099   0.102   0.210
   67   Y   0.099   0.102   0.202
   68   N   0.102   0.104   0.196
   69   P   0.101   0.105   0.186
   70   L   0.106   0.107   0.181
# Measure  Position  Value    Cutoff   signal peptide?
  max. C    22       0.778
  max. Y    22       0.870
  max. S    12       0.996
  mean S     1-21    0.972
       D     1-21    0.925   0.450   YES
Name=CLD9_HUMAN_TRANSMEM2	SP='YES' Cleavage site between pos. 21 and 22: TGA-QC D=0.925 D-cutoff=0.450 Networks=SignalP-noTM
