# SignalP-4.1 euk predictions
# Name=CLIC5_HUMAN_TRANSMEM1	Length=70	Networks=SignalP-noTM
# pos  aa    C       S       Y
    1   F   0.100   0.859   0.293
    2   S   0.104   0.836   0.299
    3   Q   0.100   0.877   0.292
    4   R   0.102   0.832   0.297
    5   L   0.102   0.753   0.297
    6   F   0.099   0.726   0.290
    7   M   0.101   0.758   0.292
    8   I   0.106   0.787   0.299
    9   L   0.101   0.808   0.291
   10   W   0.100   0.746   0.289
   11   L   0.098   0.744   0.285
   12   K   0.100   0.796   0.288
   13   G   0.098   0.743   0.285
   14   V   0.098   0.777   0.283
   15   V   0.098   0.788   0.282
   16   F   0.102   0.816   0.287
   17   N   0.135   0.646   0.330
   18   V   0.169   0.326   0.367
   19   T   0.099   0.368   0.278
   20   T   0.107   0.377   0.283
   21   V   0.180   0.182   0.362
   22   D   0.124   0.152   0.294
   23   L   0.106   0.170   0.266
   24   K   0.145   0.103   0.304
   25   R   0.099   0.117   0.244
   26   K   0.119   0.117   0.260
   27   P   0.100   0.112   0.232
   28   A   0.106   0.116   0.232
   29   D   0.102   0.106   0.221
   30   L   0.100   0.111   0.212
   31   H   0.104   0.099   0.209
   32   N   0.103   0.092   0.200
   33   L   0.103   0.094   0.192
   34   A   0.105   0.097   0.186
   35   P   0.097   0.098   0.169
   36   G   0.107   0.095   0.169
   37   T   0.097   0.089   0.151
   38   H   0.105   0.091   0.146
   39   P   0.100   0.089   0.131
   40   P   0.097   0.095   0.119
   41   F   0.101   0.096   0.117
   42   L   0.105   0.092   0.113
   43   T   0.102   0.099   0.106
   44   F   0.100   0.090   0.103
   45   N   0.098   0.093   0.101
   46   G   0.102   0.089   0.101
   47   D   0.102   0.089   0.101
   48   V   0.104   0.090   0.101
   49   K   0.100   0.089   0.098
   50   T   0.100   0.084   0.098
   51   D   0.103   0.093   0.098
   52   V   0.102   0.090   0.097
   53   N   0.100   0.095   0.096
   54   K   0.100   0.094   0.096
   55   I   0.096   0.107   0.094
   56   E   0.101   0.100   0.097
   57   E   0.102   0.105   0.098
   58   F   0.095   0.103   0.094
   59   L   0.101   0.106   0.097
   60   E   0.104   0.106   0.099
   61   E   0.102   0.106   0.099
   62   T   0.104   0.106   0.100
   63   L   0.105   0.102   0.100
   64   T   0.105   0.103   0.101
   65   P   0.101   0.103   0.099
   66   E   0.101   0.104   0.099
   67   K   0.101   0.103   0.099
   68   Y   0.099   0.103   0.099
   69   P   0.098   0.103   0.098
   70   K   0.103   0.103   0.102
# Measure  Position  Value    Cutoff   signal peptide?
  max. C    21       0.180
  max. Y    18       0.367
  max. S     3       0.877
  mean S     1-17    0.782
       D     1-17    0.591   0.450   YES
Name=CLIC5_HUMAN_TRANSMEM1	SP='YES' Cleavage site between pos. 17 and 18: VFN-VT D=0.591 D-cutoff=0.450 Networks=SignalP-noTM
