# SignalP-4.1 euk predictions
# Name=CMTD1_HUMAN_TRANSMEM1	Length=70	Networks=SignalP-noTM
# pos  aa    C       S       Y
    1   A   0.105   0.840   0.296
    2   A   0.099   0.680   0.288
    3   L   0.101   0.625   0.289
    4   A   0.104   0.698   0.292
    5   L   0.097   0.711   0.282
    6   G   0.108   0.633   0.295
    7   S   0.100   0.711   0.283
    8   A   0.110   0.666   0.296
    9   A   0.102   0.620   0.283
   10   L   0.097   0.612   0.275
   11   G   0.102   0.586   0.280
   12   A   0.103   0.526   0.279
   13   A   0.102   0.556   0.275
   14   F   0.105   0.462   0.276
   15   A   0.102   0.511   0.269
   16   T   0.162   0.357   0.336
   17   G   0.108   0.443   0.270
   18   L   0.147   0.297   0.311
   19   F   0.106   0.343   0.259
   20   L   0.108   0.311   0.257
   21   G   0.112   0.223   0.256
   22   R   0.130   0.137   0.269
   23   R   0.113   0.219   0.243
   24   C   0.123   0.188   0.247
   25   P   0.107   0.155   0.226
   26   P   0.100   0.158   0.213
   27   W   0.105   0.151   0.212
   28   R   0.102   0.261   0.202
   29   G   0.102   0.258   0.198
   30   R   0.151   0.150   0.235
   31   R   0.102   0.126   0.187
   32   E   0.115   0.119   0.191
   33   Q   0.098   0.104   0.170
   34   C   0.104   0.108   0.169
   35   L   0.103   0.094   0.162
   36   L   0.105   0.099   0.157
   37   P   0.102   0.101   0.150
   38   P   0.105   0.096   0.145
   39   E   0.109   0.091   0.143
   40   D   0.108   0.090   0.136
   41   S   0.098   0.083   0.126
   42   R   0.096   0.084   0.120
   43   L   0.100   0.090   0.119
   44   W   0.097   0.089   0.114
   45   Q   0.097   0.090   0.113
   46   Y   0.103   0.101   0.114
   47   L   0.097   0.095   0.109
   48   L   0.105   0.099   0.112
   49   S   0.104   0.096   0.110
   50   R   0.095   0.091   0.104
   51   S   0.102   0.089   0.105
   52   M   0.098   0.091   0.099
   53   R   0.100   0.091   0.098
   54   E   0.103   0.093   0.099
   55   H   0.096   0.097   0.095
   56   P   0.105   0.112   0.099
   57   A   0.100   0.100   0.097
   58   L   0.092   0.101   0.093
   59   R   0.100   0.098   0.097
   60   S   0.105   0.100   0.099
   61   L   0.104   0.100   0.099
   62   R   0.100   0.096   0.097
   63   L   0.105   0.097   0.100
   64   L   0.107   0.099   0.101
   65   T   0.109   0.095   0.102
   66   L   0.110   0.092   0.103
   67   E   0.108   0.092   0.102
   68   Q   0.098   0.095   0.098
   69   P   0.100   0.091   0.098
   70   Q   0.100   0.092   0.098
# Measure  Position  Value    Cutoff   signal peptide?
  max. C    16       0.162
  max. Y    16       0.336
  max. S     1       0.840
  mean S     1-15    0.629
       D     1-15    0.494   0.450   YES
Name=CMTD1_HUMAN_TRANSMEM1	SP='YES' Cleavage site between pos. 15 and 16: AFA-TG D=0.494 D-cutoff=0.450 Networks=SignalP-noTM
