# SignalP-4.1 euk predictions
# Name=COPT1_HUMAN_TRANSMEM2	Length=70	Networks=SignalP-TM
# pos  aa    C       S       Y
    1   K   0.101   0.275   0.167
    2   T   0.102   0.292   0.168
    3   V   0.102   0.282   0.168
    4   G   0.105   0.287   0.171
    5   Q   0.104   0.245   0.170
    6   Q   0.099   0.246   0.166
    7   M   0.101   0.217   0.166
    8   L   0.102   0.215   0.166
    9   S   0.100   0.235   0.163
   10   F   0.100   0.212   0.162
   11   P   0.105   0.183   0.164
   12   H   0.101   0.141   0.159
   13   L   0.103   0.129   0.158
   14   L   0.102   0.100   0.153
   15   Q   0.099   0.082   0.147
   16   T   0.102   0.064   0.144
   17   V   0.107   0.060   0.142
   18   L   0.100   0.092   0.131
   19   H   0.103   0.064   0.128
   20   I   0.121   0.046   0.133
   21   I   0.104   0.047   0.117
   22   Q   0.102   0.038   0.110
   23   V   0.102   0.049   0.104
   24   V   0.100   0.039   0.097
   25   I   0.100   0.057   0.090
   26   S   0.102   0.039   0.086
   27   Y   0.294   0.029   0.138
   28   F   0.102   0.024   0.076
   29   L   0.102   0.036   0.073
   30   M   0.099   0.040   0.069
   31   L   0.101   0.035   0.069
   32   I   0.103   0.036   0.068
   33   F   0.102   0.028   0.065
   34   M   0.103   0.028   0.063
   35   T   0.109   0.026   0.064
   36   Y   0.105   0.039   0.062
   37   N   0.099   0.029   0.060
   38   G   0.112   0.035   0.062
   39   Y   0.107   0.047   0.061
   40   L   0.103   0.046   0.059
   41   C   0.107   0.041   0.060
   42   I   0.111   0.040   0.062
   43   A   0.102   0.041   0.061
   44   V   0.100   0.045   0.061
   45   A   0.106   0.050   0.063
   46   A   0.115   0.053   0.066
   47   G   0.104   0.037   0.064
   48   A   0.105   0.047   0.065
   49   G   0.101   0.076   0.064
   50   T   0.104   0.066   0.068
   51   G   0.105   0.081   0.070
   52   Y   0.100   0.070   0.071
   53   F   0.103   0.051   0.074
   54   L   0.103   0.057   0.074
   55   F   0.101   0.047   0.074
   56   S   0.104   0.060   0.075
   57   W   0.103   0.079   0.076
   58   K   0.104   0.089   0.078
   59   K   0.103   0.095   0.080
   60   A   0.103   0.111   0.082
   61   V   0.098   0.099   0.082
   62   V   0.105   0.104   0.088
   63   V   0.102   0.102   0.089
   64   D   0.101   0.102   0.090
   65   I   0.102   0.102   0.092
   66   T   0.102   0.101   0.092
   67   E   0.103   0.097   0.094
   68   H   0.102   0.098   0.095
   69   C   0.099   0.098   0.095
   70   H   0.102   0.098   0.099
# Measure  Position  Value    Cutoff   signal peptide?
  max. C    27       0.294
  max. Y    11       0.164
  max. S     2       0.292
  mean S     1-10    0.250
       D     1-10    0.199   0.500   NO
Name=COPT1_HUMAN_TRANSMEM2	SP='NO' D=0.199 D-cutoff=0.500 Networks=SignalP-TM
