# SignalP-4.1 euk predictions
# Name=CRLS1_HUMAN_TRANSMEM5	Length=70	Networks=SignalP-noTM
# pos  aa    C       S       Y
    1   A   0.104   0.397   0.203
    2   T   0.100   0.407   0.199
    3   A   0.105   0.431   0.204
    4   R   0.098   0.488   0.197
    5   L   0.105   0.389   0.206
    6   K   0.099   0.457   0.199
    7   P   0.101   0.500   0.203
    8   T   0.107   0.576   0.210
    9   F   0.103   0.536   0.208
   10   I   0.107   0.575   0.213
   11   S   0.100   0.605   0.208
   12   K   0.098   0.630   0.209
   13   V   0.094   0.643   0.207
   14   N   0.102   0.677   0.217
   15   T   0.103   0.643   0.222
   16   A   0.109   0.744   0.230
   17   V   0.099   0.812   0.223
   18   Q   0.102   0.786   0.231
   19   L   0.099   0.702   0.232
   20   I   0.099   0.719   0.234
   21   L   0.103   0.704   0.243
   22   V   0.108   0.746   0.251
   23   A   0.101   0.757   0.246
   24   A   0.101   0.704   0.249
   25   S   0.107   0.484   0.259
   26   L   0.107   0.487   0.260
   27   A   0.103   0.689   0.255
   28   A   0.182   0.282   0.342
   29   P   0.099   0.278   0.251
   30   V   0.114   0.275   0.268
   31   F   0.103   0.347   0.251
   32   N   0.108   0.447   0.255
   33   Y   0.123   0.281   0.272
   34   A   0.105   0.282   0.247
   35   D   0.281   0.154   0.400
   36   S   0.104   0.152   0.238
   37   I   0.135   0.139   0.266
   38   Y   0.103   0.146   0.227
   39   L   0.109   0.141   0.227
   40   Q   0.106   0.163   0.217
   41   I   0.102   0.161   0.205
   42   L   0.103   0.175   0.200
   43   W   0.102   0.220   0.193
   44   C   0.102   0.238   0.187
   45   F   0.107   0.216   0.185
   46   T   0.104   0.451   0.175
   47   A   0.105   0.444   0.172
   48   F   0.102   0.253   0.169
   49   T   0.098   0.314   0.163
   50   T   0.102   0.400   0.161
   51   A   0.105   0.301   0.165
   52   A   0.177   0.155   0.214
   53   S   0.109   0.147   0.166
   54   A   0.213   0.132   0.228
   55   Y   0.184   0.121   0.206
   56   S   0.108   0.116   0.155
   57   Y   0.172   0.118   0.192
   58   Y   0.102   0.108   0.147
   59   H   0.103   0.104   0.148
   60   Y   0.099   0.108   0.144
   61   G   0.102   0.111   0.145
   62   R   0.098   0.109   0.143
   63   K   0.105   0.106   0.146
   64   T   0.104   0.106   0.145
   65   V   0.101   0.105   0.142
   66   Q   0.101   0.107   0.140
   67   V   0.107   0.106   0.142
   68   I   0.100   0.106   0.136
   69   K   0.106   0.102   0.133
   70   D   0.104   0.103   0.126
# Measure  Position  Value    Cutoff   signal peptide?
  max. C    35       0.281
  max. Y    35       0.400
  max. S    17       0.812
  mean S     1-34    0.544
       D     1-34    0.477   0.450   YES
Name=CRLS1_HUMAN_TRANSMEM5	SP='YES' Cleavage site between pos. 34 and 35: NYA-DS D=0.477 D-cutoff=0.450 Networks=SignalP-noTM
