# SignalP-4.1 euk predictions
# Name=CX3C1_HUMAN_TRANSMEM5	Length=70	Networks=SignalP-TM
# pos  aa    C       S       Y
    1   N   0.102   0.433   0.210
    2   F   0.102   0.448   0.210
    3   L   0.102   0.376   0.211
    4   G   0.105   0.273   0.212
    5   F   0.100   0.269   0.205
    6   L   0.104   0.379   0.206
    7   L   0.103   0.330   0.203
    8   P   0.104   0.413   0.203
    9   L   0.103   0.416   0.201
   10   L   0.103   0.390   0.202
   11   I   0.102   0.433   0.200
   12   M   0.100   0.471   0.198
   13   S   0.099   0.447   0.197
   14   Y   0.101   0.392   0.199
   15   C   0.101   0.377   0.199
   16   Y   0.109   0.344   0.205
   17   F   0.098   0.386   0.192
   18   R   0.252   0.213   0.309
   19   I   0.102   0.160   0.196
   20   I   0.103   0.141   0.195
   21   Q   0.101   0.133   0.188
   22   T   0.110   0.142   0.192
   23   L   0.187   0.118   0.244
   24   F   0.101   0.142   0.173
   25   S   0.109   0.100   0.175
   26   C   0.112   0.091   0.169
   27   K   0.108   0.069   0.157
   28   N   0.103   0.069   0.144
   29   H   0.102   0.050   0.135
   30   K   0.099   0.045   0.124
   31   K   0.100   0.053   0.115
   32   A   0.098   0.051   0.104
   33   K   0.103   0.038   0.100
   34   A   0.103   0.044   0.096
   35   I   0.163   0.043   0.116
   36   K   0.103   0.028   0.088
   37   L   0.100   0.018   0.082
   38   I   0.102   0.014   0.078
   39   L   0.103   0.019   0.073
   40   L   0.105   0.018   0.069
   41   V   0.103   0.013   0.064
   42   V   0.105   0.014   0.061
   43   I   0.106   0.008   0.058
   44   V   0.100   0.009   0.054
   45   F   0.102   0.010   0.052
   46   F   0.102   0.005   0.049
   47   L   0.097   0.004   0.044
   48   F   0.099   0.004   0.042
   49   W   0.099   0.006   0.038
   50   T   0.100   0.009   0.035
   51   P   0.100   0.013   0.033
   52   Y   0.103   0.022   0.033
   53   N   0.098   0.044   0.033
   54   V   0.098   0.095   0.035
   55   M   0.103   0.093   0.044
   56   I   0.110   0.091   0.051
   57   F   0.103   0.113   0.055
   58   L   0.106   0.125   0.063
   59   E   0.104   0.151   0.069
   60   T   0.101   0.147   0.075
   61   L   0.104   0.138   0.083
   62   K   0.102   0.131   0.088
   63   L   0.101   0.144   0.092
   64   Y   0.101   0.144   0.098
   65   D   0.102   0.129   0.103
   66   F   0.103   0.105   0.107
   67   F   0.099   0.102   0.108
   68   P   0.102   0.096   0.112
   69   S   0.101   0.095   0.111
   70   C   0.100   0.096   0.111
# Measure  Position  Value    Cutoff   signal peptide?
  max. C    18       0.252
  max. Y    18       0.309
  max. S    12       0.471
  mean S     1-17    0.387
       D     1-17    0.340   0.500   NO
Name=CX3C1_HUMAN_TRANSMEM5	SP='NO' D=0.340 D-cutoff=0.500 Networks=SignalP-TM
