# SignalP-4.1 euk predictions
# Name=DRD2_HUMAN_TRANSMEM2	Length=70	Networks=SignalP-noTM
# pos  aa    C       S       Y
    1   Y   0.101   0.928   0.306
    2   L   0.101   0.936   0.306
    3   I   0.103   0.941   0.310
    4   V   0.100   0.937   0.305
    5   S   0.105   0.915   0.313
    6   L   0.100   0.916   0.305
    7   A   0.103   0.922   0.309
    8   V   0.099   0.920   0.304
    9   A   0.103   0.919   0.309
   10   D   0.099   0.891   0.304
   11   L   0.102   0.925   0.307
   12   L   0.103   0.909   0.309
   13   V   0.102   0.919   0.306
   14   A   0.099   0.931   0.303
   15   T   0.130   0.809   0.347
   16   L   0.113   0.739   0.323
   17   V   0.102   0.673   0.305
   18   M   0.116   0.498   0.323
   19   P   0.102   0.555   0.300
   20   W   0.175   0.420   0.389
   21   V   0.103   0.641   0.294
   22   V   0.104   0.626   0.293
   23   Y   0.104   0.648   0.291
   24   L   0.120   0.615   0.309
   25   E   0.250   0.181   0.443
   26   V   0.111   0.169   0.288
   27   V   0.106   0.166   0.275
   28   G   0.102   0.274   0.264
   29   E   0.161   0.143   0.324
   30   W   0.116   0.116   0.267
   31   K   0.109   0.117   0.252
   32   F   0.097   0.127   0.230
   33   S   0.106   0.113   0.233
   34   R   0.108   0.099   0.226
   35   I   0.111   0.106   0.220
   36   H   0.110   0.107   0.209
   37   C   0.096   0.126   0.187
   38   D   0.136   0.132   0.212
   39   I   0.099   0.122   0.173
   40   F   0.098   0.118   0.165
   41   V   0.100   0.113   0.162
   42   T   0.101   0.115   0.155
   43   L   0.107   0.140   0.156
   44   D   0.101   0.135   0.144
   45   V   0.102   0.136   0.136
   46   M   0.103   0.162   0.127
   47   M   0.099   0.182   0.117
   48   C   0.100   0.196   0.117
   49   T   0.105   0.182   0.121
   50   A   0.100   0.211   0.118
   51   S   0.108   0.134   0.122
   52   I   0.112   0.123   0.123
   53   L   0.101   0.115   0.118
   54   N   0.099   0.117   0.116
   55   L   0.098   0.116   0.116
   56   C   0.102   0.108   0.118
   57   A   0.108   0.102   0.121
   58   I   0.104   0.097   0.119
   59   S   0.100   0.097   0.117
   60   I   0.101   0.097   0.116
   61   D   0.100   0.093   0.115
   62   R   0.099   0.097   0.114
   63   Y   0.101   0.095   0.115
   64   T   0.101   0.099   0.114
   65   A   0.101   0.105   0.114
   66   V   0.100   0.104   0.113
   67   A   0.099   0.103   0.112
   68   M   0.115   0.106   0.120
   69   P   0.096   0.105   0.108
   70   M   0.105   0.101   0.112
# Measure  Position  Value    Cutoff   signal peptide?
  max. C    25       0.250
  max. Y    25       0.443
  max. S     3       0.941
  mean S     1-24    0.797
       D     1-24    0.634   0.450   YES
Name=DRD2_HUMAN_TRANSMEM2	SP='YES' Cleavage site between pos. 24 and 25: VYL-EV D=0.634 D-cutoff=0.450 Networks=SignalP-noTM
