# SignalP-4.1 euk predictions
# Name=DUOX2_HUMAN_TRANSMEM6	Length=70	Networks=SignalP-TM
# pos  aa    C       S       Y
    1   L   0.101   0.552   0.236
    2   Y   0.103   0.566   0.238
    3   I   0.102   0.391   0.238
    4   L   0.103   0.355   0.236
    5   L   0.103   0.304   0.233
    6   Y   0.104   0.294   0.231
    7   A   0.103   0.267   0.225
    8   L   0.099   0.258   0.216
    9   L   0.103   0.273   0.215
   10   I   0.100   0.323   0.208
   11   I   0.101   0.333   0.204
   12   H   0.101   0.330   0.201
   13   G   0.099   0.294   0.194
   14   S   0.104   0.187   0.195
   15   Y   0.100   0.255   0.184
   16   A   0.109   0.192   0.185
   17   L   0.724   0.119   0.458
   18   I   0.101   0.143   0.166
   19   Q   0.145   0.131   0.193
   20   L   0.112   0.136   0.165
   21   P   0.106   0.158   0.156
   22   T   0.103   0.121   0.152
   23   F   0.104   0.149   0.149
   24   H   0.103   0.179   0.145
   25   I   0.100   0.182   0.140
   26   Y   0.105   0.149   0.139
   27   F   0.100   0.174   0.131
   28   L   0.103   0.146   0.130
   29   V   0.101   0.116   0.127
   30   P   0.102   0.155   0.123
   31   A   0.105   0.146   0.124
   32   I   0.100   0.115   0.122
   33   I   0.104   0.141   0.124
   34   Y   0.102   0.130   0.123
   35   G   0.101   0.138   0.122
   36   G   0.115   0.106   0.129
   37   D   0.100   0.087   0.120
   38   K   0.104   0.100   0.121
   39   L   0.108   0.098   0.120
   40   V   0.103   0.111   0.115
   41   S   0.103   0.106   0.114
   42   L   0.102   0.119   0.111
   43   S   0.100   0.101   0.109
   44   R   0.102   0.082   0.110
   45   K   0.104   0.083   0.108
   46   K   0.100   0.075   0.104
   47   V   0.103   0.078   0.104
   48   E   0.103   0.072   0.102
   49   I   0.101   0.078   0.099
   50   S   0.099   0.069   0.096
   51   V   0.101   0.074   0.095
   52   V   0.102   0.084   0.095
   53   K   0.104   0.086   0.096
   54   A   0.100   0.077   0.093
   55   E   0.100   0.084   0.092
   56   L   0.105   0.089   0.093
   57   L   0.102   0.093   0.091
   58   P   0.105   0.098   0.092
   59   S   0.105   0.100   0.093
   60   G   0.103   0.092   0.092
   61   V   0.102   0.089   0.093
   62   T   0.103   0.097   0.093
   63   Y   0.103   0.084   0.094
   64   L   0.098   0.080   0.092
   65   Q   0.102   0.094   0.095
   66   F   0.104   0.096   0.096
   67   Q   0.098   0.100   0.094
   68   R   0.102   0.100   0.096
   69   P   0.106   0.098   0.099
   70   Q   0.104   0.093   0.099
# Measure  Position  Value    Cutoff   signal peptide?
  max. C    17       0.724
  max. Y    17       0.458
  max. S     2       0.566
  mean S     1-16    0.323
       D     1-16    0.404   0.500   NO
Name=DUOX2_HUMAN_TRANSMEM6	SP='NO' D=0.404 D-cutoff=0.500 Networks=SignalP-TM
