# SignalP-4.1 euk predictions
# Name=EDNRB_HUMAN_TRANSMEM4	Length=70	Networks=SignalP-noTM
# pos  aa    C       S       Y
    1   A   0.104   0.872   0.301
    2   V   0.098   0.859   0.293
    3   E   0.103   0.839   0.300
    4   I   0.103   0.847   0.299
    5   V   0.098   0.859   0.292
    6   L   0.104   0.865   0.301
    7   I   0.104   0.847   0.300
    8   W   0.097   0.881   0.289
    9   V   0.106   0.904   0.303
   10   V   0.099   0.908   0.293
   11   S   0.104   0.936   0.300
   12   V   0.099   0.925   0.295
   13   V   0.097   0.888   0.292
   14   L   0.104   0.909   0.301
   15   A   0.105   0.886   0.303
   16   V   0.573   0.380   0.710
   17   P   0.105   0.655   0.299
   18   E   0.143   0.580   0.348
   19   A   0.105   0.531   0.295
   20   I   0.162   0.213   0.364
   21   G   0.105   0.323   0.287
   22   F   0.612   0.118   0.683
   23   D   0.124   0.093   0.300
   24   I   0.121   0.100   0.290
   25   I   0.102   0.102   0.260
   26   T   0.100   0.112   0.250
   27   M   0.109   0.126   0.254
   28   D   0.110   0.108   0.248
   29   Y   0.099   0.110   0.228
   30   K   0.099   0.108   0.220
   31   G   0.102   0.104   0.215
   32   S   0.105   0.105   0.209
   33   Y   0.101   0.109   0.197
   34   L   0.105   0.106   0.190
   35   R   0.107   0.097   0.182
   36   I   0.097   0.094   0.162
   37   C   0.102   0.098   0.154
   38   L   0.104   0.092   0.144
   39   L   0.107   0.093   0.141
   40   H   0.106   0.088   0.131
   41   P   0.099   0.090   0.117
   42   V   0.102   0.094   0.110
   43   Q   0.101   0.109   0.106
   44   K   0.104   0.152   0.103
   45   T   0.099   0.110   0.102
   46   A   0.099   0.145   0.102
   47   F   0.096   0.121   0.101
   48   M   0.107   0.095   0.108
   49   Q   0.099   0.119   0.103
   50   F   0.099   0.131   0.103
   51   Y   0.101   0.108   0.104
   52   K   0.105   0.118   0.106
   53   T   0.101   0.108   0.105
   54   A   0.097   0.122   0.103
   55   K   0.096   0.109   0.102
   56   D   0.103   0.112   0.106
   57   W   0.100   0.106   0.104
   58   W   0.102   0.112   0.106
   59   L   0.099   0.105   0.105
   60   F   0.100   0.112   0.105
   61   S   0.102   0.105   0.107
   62   F   0.098   0.113   0.105
   63   Y   0.105   0.114   0.109
   64   F   0.102   0.115   0.108
   65   C   0.104   0.109   0.110
   66   L   0.100   0.106   0.107
   67   P   0.101   0.105   0.107
   68   L   0.101   0.105   0.107
   69   A   0.103   0.115   0.107
   70   I   0.104   0.101   0.107
# Measure  Position  Value    Cutoff   signal peptide?
  max. C    22       0.612
  max. Y    16       0.710
  max. S    11       0.936
  mean S     1-15    0.882
       D     1-15    0.803   0.450   YES
Name=EDNRB_HUMAN_TRANSMEM4	SP='YES' Cleavage site between pos. 15 and 16: VLA-VP D=0.803 D-cutoff=0.450 Networks=SignalP-noTM
