# SignalP-4.1 euk predictions
# Name=EPT1_HUMAN_TRANSMEM3	Length=70	Networks=SignalP-noTM
# pos  aa    C       S       Y
    1   L   0.101   0.291   0.172
    2   F   0.101   0.283   0.172
    3   D   0.104   0.275   0.174
    4   H   0.104   0.218   0.174
    5   G   0.104   0.187   0.172
    6   L   0.097   0.187   0.166
    7   D   0.105   0.174   0.171
    8   S   0.099   0.196   0.164
    9   W   0.098   0.203   0.162
   10   S   0.096   0.237   0.159
   11   C   0.095   0.236   0.158
   12   V   0.097   0.257   0.158
   13   Y   0.094   0.277   0.156
   14   F   0.097   0.174   0.158
   15   V   0.098   0.165   0.157
   16   V   0.097   0.165   0.154
   17   T   0.098   0.207   0.153
   18   V   0.106   0.210   0.158
   19   Y   0.105   0.203   0.156
   20   S   0.109   0.239   0.157
   21   I   0.113   0.185   0.159
   22   F   0.100   0.351   0.149
   23   G   0.107   0.504   0.155
   24   R   0.131   0.550   0.175
   25   G   0.110   0.599   0.165
   26   S   0.188   0.517   0.221
   27   T   0.107   0.603   0.171
   28   G   0.167   0.698   0.221
   29   V   0.192   0.527   0.246
   30   S   0.103   0.611   0.185
   31   V   0.109   0.620   0.195
   32   F   0.107   0.711   0.199
   33   V   0.106   0.833   0.204
   34   L   0.101   0.840   0.206
   35   Y   0.106   0.888   0.217
   36   L   0.103   0.927   0.221
   37   L   0.106   0.954   0.232
   38   L   0.103   0.951   0.237
   39   W   0.102   0.929   0.243
   40   V   0.105   0.939   0.254
   41   V   0.102   0.938   0.257
   42   L   0.106   0.944   0.268
   43   F   0.101   0.928   0.268
   44   S   0.190   0.876   0.376
   45   F   0.142   0.787   0.330
   46   I   0.108   0.783   0.291
   47   L   0.109   0.745   0.294
   48   S   0.105   0.802   0.289
   49   H   0.282   0.540   0.478
   50   W   0.112   0.569   0.300
   51   E   0.126   0.289   0.318
   52   K   0.122   0.158   0.311
   53   Y   0.134   0.131   0.322
   54   N   0.099   0.127   0.272
   55   T   0.108   0.125   0.279
   56   G   0.117   0.124   0.284
   57   I   0.127   0.108   0.289
   58   L   0.102   0.107   0.252
   59   F   0.102   0.099   0.244
   60   L   0.104   0.104   0.238
   61   P   0.105   0.098   0.231
   62   W   0.104   0.098   0.221
   63   G   0.104   0.098   0.212
   64   Y   0.101   0.094   0.199
   65   D   0.104   0.096   0.192
   66   I   0.100   0.097   0.178
   67   S   0.096   0.098   0.164
   68   Q   0.096   0.099   0.155
   69   V   0.097   0.099   0.145
   70   T   0.099   0.102   0.136
# Measure  Position  Value    Cutoff   signal peptide?
  max. C    49       0.282
  max. Y    49       0.478
  max. S    37       0.954
  mean S     1-48    0.519
       D     1-48    0.500   0.450   YES
Name=EPT1_HUMAN_TRANSMEM3	SP='YES' Cleavage site between pos. 48 and 49: ILS-HW D=0.500 D-cutoff=0.450 Networks=SignalP-noTM
