# SignalP-4.1 euk predictions
# Name=ESYT3_HUMAN_TRANSMEM2	Length=70	Networks=SignalP-noTM
# pos  aa    C       S       Y
    1   L   0.104   0.911   0.307
    2   A   0.104   0.928   0.308
    3   G   0.098   0.936   0.299
    4   Y   0.103   0.951   0.306
    5   L   0.101   0.960   0.304
    6   G   0.105   0.927   0.311
    7   L   0.099   0.897   0.302
    8   S   0.102   0.905   0.306
    9   I   0.100   0.889   0.304
   10   T   0.103   0.918   0.307
   11   W   0.099   0.922   0.301
   12   L   0.099   0.934   0.301
   13   L   0.099   0.905   0.302
   14   L   0.099   0.927   0.301
   15   G   0.102   0.931   0.306
   16   A   0.123   0.890   0.336
   17   L   0.136   0.775   0.353
   18   L   0.109   0.811   0.316
   19   W   0.117   0.719   0.326
   20   M   0.105   0.712   0.307
   21   W   0.105   0.769   0.306
   22   W   0.110   0.868   0.311
   23   R   0.111   0.812   0.312
   24   R   0.146   0.636   0.358
   25   N   0.118   0.538   0.320
   26   R   0.107   0.564   0.300
   27   R   0.131   0.451   0.329
   28   G   0.237   0.225   0.437
   29   K   0.269   0.167   0.456
   30   L   0.103   0.169   0.276
   31   G   0.111   0.159   0.280
   32   R   0.111   0.125   0.274
   33   L   0.110   0.118   0.265
   34   A   0.107   0.127   0.254
   35   A   0.107   0.113   0.246
   36   A   0.103   0.101   0.233
   37   F   0.101   0.085   0.222
   38   E   0.106   0.091   0.219
   39   F   0.098   0.084   0.201
   40   L   0.098   0.096   0.194
   41   D   0.105   0.094   0.192
   42   N   0.100   0.097   0.180
   43   E   0.100   0.098   0.172
   44   R   0.102   0.099   0.164
   45   E   0.104   0.093   0.154
   46   F   0.098   0.098   0.139
   47   I   0.098   0.105   0.130
   48   S   0.099   0.100   0.123
   49   R   0.098   0.109   0.113
   50   E   0.105   0.107   0.111
   51   L   0.099   0.103   0.105
   52   R   0.102   0.106   0.105
   53   G   0.107   0.098   0.106
   54   Q   0.099   0.089   0.100
   55   H   0.105   0.093   0.103
   56   L   0.103   0.104   0.101
   57   P   0.105   0.100   0.101
   58   A   0.100   0.100   0.099
   59   W   0.098   0.101   0.098
   60   I   0.106   0.102   0.102
   61   H   0.094   0.098   0.096
   62   F   0.100   0.096   0.100
   63   P   0.096   0.101   0.098
   64   D   0.104   0.100   0.102
   65   V   0.104   0.098   0.102
   66   E   0.100   0.102   0.100
   67   R   0.102   0.104   0.101
   68   V   0.098   0.100   0.099
   69   E   0.103   0.104   0.102
   70   W   0.106   0.100   0.103
# Measure  Position  Value    Cutoff   signal peptide?
  max. C    29       0.269
  max. Y    29       0.456
  max. S     5       0.960
  mean S     1-28    0.808
       D     1-28    0.646   0.450   YES
Name=ESYT3_HUMAN_TRANSMEM2	SP='YES' Cleavage site between pos. 28 and 29: RRG-KL D=0.646 D-cutoff=0.450 Networks=SignalP-noTM
