# SignalP-4.1 euk predictions
# Name=F174A_HUMAN_TRANSMEM1	Length=70	Networks=SignalP-noTM
# pos  aa    C       S       Y
    1   T   0.103   0.831   0.292
    2   Q   0.102   0.820   0.291
    3   R   0.104   0.832   0.294
    4   A   0.104   0.861   0.294
    5   L   0.095   0.834   0.281
    6   T   0.103   0.834   0.293
    7   V   0.101   0.792   0.290
    8   L   0.103   0.742   0.292
    9   M   0.103   0.729   0.292
   10   V   0.097   0.789   0.283
   11   V   0.103   0.841   0.291
   12   S   0.105   0.853   0.293
   13   G   0.099   0.819   0.285
   14   A   0.102   0.794   0.289
   15   V   0.099   0.758   0.285
   16   L   0.100   0.778   0.285
   17   V   0.111   0.604   0.301
   18   Y   0.118   0.543   0.308
   19   F   0.108   0.680   0.293
   20   V   0.137   0.458   0.327
   21   V   0.105   0.442   0.283
   22   R   0.106   0.482   0.282
   23   T   0.117   0.359   0.292
   24   V   0.154   0.168   0.330
   25   R   0.102   0.233   0.263
   26   M   0.121   0.203   0.282
   27   R   0.138   0.133   0.294
   28   R   0.106   0.150   0.251
   29   R   0.114   0.138   0.253
   30   N   0.106   0.127   0.238
   31   R   0.101   0.118   0.225
   32   K   0.105   0.116   0.223
   33   T   0.105   0.106   0.216
   34   R   0.103   0.105   0.206
   35   R   0.105   0.104   0.199
   36   Y   0.110   0.101   0.195
   37   G   0.104   0.099   0.181
   38   V   0.100   0.096   0.168
   39   L   0.107   0.099   0.164
   40   D   0.106   0.095   0.156
   41   T   0.098   0.092   0.144
   42   N   0.106   0.090   0.140
   43   I   0.108   0.086   0.134
   44   E   0.099   0.085   0.122
   45   N   0.102   0.089   0.116
   46   M   0.096   0.100   0.107
   47   E   0.101   0.093   0.108
   48   L   0.099   0.106   0.104
   49   T   0.101   0.097   0.103
   50   P   0.098   0.099   0.101
   51   L   0.104   0.103   0.103
   52   E   0.103   0.113   0.101
   53   Q   0.100   0.111   0.100
   54   D   0.100   0.106   0.100
   55   D   0.098   0.101   0.098
   56   E   0.102   0.093   0.100
   57   D   0.103   0.095   0.100
   58   D   0.097   0.105   0.097
   59   D   0.102   0.105   0.100
   60   N   0.097   0.108   0.097
   61   T   0.100   0.109   0.099
   62   L   0.100   0.110   0.100
   63   F   0.100   0.111   0.100
   64   D   0.102   0.106   0.101
   65   A   0.102   0.107   0.102
   66   N   0.098   0.108   0.100
   67   H   0.106   0.108   0.105
   68   P   0.102   0.103   0.103
   69   R   0.104   0.105   0.104
   70   R   0.107   0.102   0.106
# Measure  Position  Value    Cutoff   signal peptide?
  max. C    24       0.154
  max. Y    24       0.330
  max. S     4       0.861
  mean S     1-23    0.716
       D     1-23    0.539   0.450   YES
Name=F174A_HUMAN_TRANSMEM1	SP='YES' Cleavage site between pos. 23 and 24: VRT-VR D=0.539 D-cutoff=0.450 Networks=SignalP-noTM
