# SignalP-4.1 euk predictions
# Name=F1891_HUMAN_TRANSMEM4	Length=70	Networks=SignalP-noTM
# pos  aa    C       S       Y
    1   L   0.101   0.952   0.310
    2   L   0.102   0.951   0.312
    3   F   0.100   0.962   0.309
    4   S   0.106   0.981   0.317
    5   V   0.102   0.976   0.312
    6   C   0.106   0.973   0.318
    7   A   0.104   0.977   0.315
    8   L   0.102   0.970   0.313
    9   N   0.099   0.971   0.308
   10   V   0.095   0.978   0.302
   11   L   0.096   0.982   0.303
   12   S   0.100   0.984   0.311
   13   T   0.110   0.962   0.326
   14   I   0.110   0.961   0.326
   15   V   0.100   0.964   0.311
   16   C   0.102   0.940   0.313
   17   A   0.115   0.934   0.333
   18   L   0.359   0.742   0.588
   19   A   0.112   0.760   0.326
   20   T   0.289   0.383   0.522
   21   A   0.116   0.441   0.326
   22   M   0.269   0.245   0.491
   23   C   0.106   0.362   0.302
   24   C   0.149   0.336   0.353
   25   M   0.115   0.412   0.305
   26   Q   0.121   0.287   0.308
   27   M   0.128   0.356   0.310
   28   V   0.106   0.242   0.277
   29   S   0.099   0.382   0.262
   30   S   0.131   0.404   0.295
   31   D   0.457   0.174   0.540
   32   V   0.108   0.151   0.255
   33   L   0.107   0.140   0.246
   34   Q   0.102   0.127   0.231
   35   M   0.106   0.127   0.228
   36   F   0.107   0.152   0.219
   37   L   0.105   0.166   0.208
   38   P   0.104   0.121   0.198
   39   Q   0.107   0.111   0.191
   40   R   0.101   0.144   0.175
   41   S   0.103   0.147   0.168
   42   H   0.097   0.123   0.154
   43   P   0.097   0.127   0.151
   44   A   0.138   0.100   0.174
   45   N   0.094   0.093   0.142
   46   P   0.104   0.094   0.144
   47   T   0.109   0.092   0.144
   48   C   0.101   0.093   0.133
   49   V   0.100   0.093   0.129
   50   T   0.099   0.092   0.124
   51   P   0.105   0.095   0.125
   52   H   0.102   0.100   0.117
   53   G   0.106   0.090   0.113
   54   T   0.101   0.089   0.109
   55   V   0.103   0.101   0.109
   56   L   0.103   0.101   0.108
   57   H   0.107   0.105   0.109
   58   Q   0.100   0.097   0.105
   59   T   0.102   0.097   0.105
   60   L   0.104   0.093   0.104
   61   D   0.101   0.098   0.102
   62   F   0.102   0.094   0.102
   63   D   0.103   0.094   0.102
   64   E   0.098   0.096   0.098
   65   F   0.099   0.092   0.098
   66   I   0.099   0.095   0.097
   67   P   0.102   0.096   0.098
   68   P   0.103   0.096   0.099
   69   L   0.098   0.097   0.097
   70   P   0.103   0.098   0.099
# Measure  Position  Value    Cutoff   signal peptide?
  max. C    31       0.457
  max. Y    18       0.588
  max. S    12       0.984
  mean S     1-17    0.966
       D     1-17    0.792   0.450   YES
Name=F1891_HUMAN_TRANSMEM4	SP='YES' Cleavage site between pos. 17 and 18: VCA-LA D=0.792 D-cutoff=0.450 Networks=SignalP-noTM
