# SignalP-4.1 euk predictions
# Name=FITM2_HUMAN_TRANSMEM6	Length=70	Networks=SignalP-TM
# pos  aa    C       S       Y
    1   V   0.103   0.405   0.205
    2   A   0.104   0.408   0.205
    3   L   0.099   0.526   0.201
    4   G   0.103   0.445   0.206
    5   I   0.101   0.409   0.206
    6   L   0.105   0.478   0.209
    7   T   0.102   0.412   0.208
    8   F   0.103   0.423   0.209
    9   I   0.104   0.335   0.210
   10   W   0.100   0.383   0.205
   11   V   0.102   0.475   0.206
   12   L   0.099   0.362   0.205
   13   M   0.101   0.313   0.206
   14   F   0.099   0.319   0.202
   15   L   0.104   0.292   0.205
   16   C   0.101   0.324   0.200
   17   T   0.109   0.329   0.207
   18   A   0.132   0.227   0.224
   19   V   0.406   0.146   0.384
   20   Y   0.110   0.149   0.194
   21   F   0.169   0.178   0.233
   22   H   0.405   0.129   0.351
   23   N   0.107   0.150   0.174
   24   L   0.115   0.133   0.176
   25   S   0.105   0.116   0.163
   26   Q   0.133   0.092   0.174
   27   K   0.126   0.104   0.161
   28   V   0.106   0.077   0.143
   29   F   0.101   0.094   0.133
   30   G   0.105   0.067   0.130
   31   T   0.317   0.054   0.212
   32   L   0.105   0.049   0.113
   33   F   0.101   0.054   0.105
   34   G   0.101   0.047   0.102
   35   L   0.100   0.075   0.098
   36   L   0.102   0.081   0.095
   37   S   0.106   0.065   0.095
   38   W   0.100   0.106   0.089
   39   Y   0.100   0.120   0.088
   40   G   0.102   0.109   0.089
   41   T   0.101   0.134   0.089
   42   Y   0.101   0.130   0.090
   43   G   0.101   0.108   0.092
   44   F   0.132   0.104   0.106
   45   W   0.099   0.108   0.093
   46   Y   0.102   0.101   0.097
   47   P   0.099   0.130   0.097
   48   K   0.101   0.142   0.101
   49   A   0.105   0.145   0.106
   50   F   0.100   0.125   0.107
   51   S   0.103   0.123   0.109
   52   P   0.105   0.115   0.112
   53   G   0.105   0.097   0.113
   54   L   0.101   0.096   0.110
   55   P   0.104   0.096   0.111
   56   P   0.103   0.093   0.109
   57   Q   0.106   0.093   0.109
   58   S   0.104   0.096   0.108
   59   C   0.102   0.098   0.107
   60   S   0.102   0.097   0.106
   61   L   0.103   0.099   0.107
   62   N   0.100   0.098   0.104
   63   L   0.102   0.100   0.103
   64   K   0.103   0.101   0.103
   65   Q   0.101   0.100   0.100
   66   D   0.105   0.101   0.102
   67   S   0.100   0.103   0.099
   68   Y   0.102   0.101   0.100
   69   K   0.100   0.100   0.099
   70   K   0.098   0.099   0.099
# Measure  Position  Value    Cutoff   signal peptide?
  max. C    19       0.406
  max. Y    19       0.384
  max. S     3       0.526
  mean S     1-18    0.381
       D     1-18    0.383   0.500   NO
Name=FITM2_HUMAN_TRANSMEM6	SP='NO' D=0.383 D-cutoff=0.500 Networks=SignalP-TM
