# SignalP-4.1 euk predictions
# Name=FLVC2_HUMAN_TRANSMEM9	Length=70	Networks=SignalP-TM
# pos  aa    C       S       Y
    1   L   0.102   0.281   0.170
    2   V   0.102   0.283   0.169
    3   G   0.102   0.284   0.169
    4   M   0.102   0.269   0.169
    5   V   0.101   0.291   0.168
    6   V   0.102   0.236   0.170
    7   Y   0.104   0.217   0.170
    8   T   0.098   0.180   0.164
    9   F   0.102   0.148   0.164
   10   T   0.103   0.148   0.163
   11   L   0.103   0.140   0.159
   12   N   0.101   0.145   0.155
   13   L   0.101   0.109   0.151
   14   G   0.105   0.058   0.150
   15   H   0.105   0.060   0.145
   16   L   0.104   0.054   0.138
   17   W   0.110   0.063   0.135
   18   V   0.100   0.051   0.123
   19   V   0.105   0.052   0.119
   20   F   0.101   0.052   0.110
   21   I   0.102   0.052   0.104
   22   T   0.108   0.063   0.101
   23   A   0.102   0.063   0.093
   24   G   0.123   0.045   0.099
   25   T   0.112   0.043   0.090
   26   M   0.103   0.044   0.082
   27   G   0.107   0.050   0.079
   28   F   0.223   0.087   0.109
   29   F   0.105   0.155   0.076
   30   M   0.108   0.177   0.082
   31   T   0.107   0.197   0.087
   32   G   0.105   0.137   0.092
   33   Y   0.109   0.161   0.097
   34   L   0.104   0.124   0.099
   35   P   0.102   0.120   0.101
   36   L   0.105   0.123   0.105
   37   G   0.104   0.131   0.106
   38   F   0.099   0.161   0.106
   39   E   0.105   0.140   0.113
   40   F   0.105   0.143   0.116
   41   A   0.103   0.137   0.118
   42   V   0.102   0.124   0.121
   43   E   0.104   0.122   0.123
   44   L   0.100   0.117   0.119
   45   T   0.101   0.116   0.118
   46   Y   0.103   0.110   0.117
   47   P   0.101   0.111   0.115
   48   E   0.105   0.104   0.115
   49   S   0.101   0.099   0.113
   50   E   0.102   0.084   0.113
   51   G   0.102   0.078   0.111
   52   I   0.107   0.076   0.112
   53   S   0.103   0.073   0.107
   54   S   0.101   0.075   0.104
   55   G   0.102   0.062   0.102
   56   L   0.100   0.046   0.098
   57   L   0.103   0.053   0.097
   58   N   0.104   0.069   0.095
   59   I   0.103   0.074   0.092
   60   S   0.105   0.081   0.091
   61   A   0.107   0.110   0.091
   62   Q   0.098   0.094   0.087
   63   V   0.103   0.089   0.089
   64   F   0.100   0.091   0.087
   65   G   0.103   0.100   0.089
   66   I   0.099   0.091   0.088
   67   I   0.103   0.095   0.090
   68   F   0.102   0.089   0.091
   69   T   0.100   0.090   0.090
   70   I   0.103   0.086   0.093
# Measure  Position  Value    Cutoff   signal peptide?
  max. C    28       0.223
  max. Y    11       0.159
  max. S     5       0.291
  mean S     1-10    0.234
       D     1-10    0.189   0.500   NO
Name=FLVC2_HUMAN_TRANSMEM9	SP='NO' D=0.189 D-cutoff=0.500 Networks=SignalP-TM
