# SignalP-4.1 euk predictions
# Name=FZD8_HUMAN_TRANSMEM6	Length=70	Networks=SignalP-noTM
# pos  aa    C       S       Y
    1   L   0.102   0.847   0.293
    2   G   0.103   0.822   0.296
    3   L   0.099   0.835   0.289
    4   F   0.105   0.809   0.298
    5   T   0.103   0.821   0.296
    6   V   0.104   0.823   0.296
    7   L   0.099   0.837   0.289
    8   Y   0.104   0.872   0.296
    9   T   0.098   0.876   0.287
   10   V   0.100   0.869   0.291
   11   P   0.102   0.885   0.293
   12   A   0.104   0.869   0.297
   13   A   0.102   0.717   0.294
   14   V   0.096   0.708   0.284
   15   V   0.101   0.736   0.291
   16   V   0.102   0.669   0.291
   17   A   0.107   0.504   0.297
   18   C   0.161   0.275   0.361
   19   L   0.129   0.180   0.317
   20   F   0.107   0.195   0.283
   21   Y   0.116   0.143   0.289
   22   E   0.107   0.174   0.271
   23   Q   0.104   0.161   0.261
   24   H   0.105   0.177   0.256
   25   N   0.107   0.174   0.253
   26   R   0.104   0.187   0.243
   27   P   0.104   0.171   0.237
   28   R   0.121   0.136   0.248
   29   W   0.099   0.165   0.218
   30   E   0.101   0.148   0.212
   31   A   0.099   0.162   0.203
   32   T   0.114   0.131   0.209
   33   H   0.109   0.119   0.195
   34   N   0.100   0.118   0.177
   35   C   0.101   0.108   0.168
   36   P   0.104   0.106   0.162
   37   C   0.104   0.109   0.153
   38   L   0.101   0.104   0.141
   39   R   0.106   0.112   0.134
   40   D   0.103   0.103   0.126
   41   L   0.104   0.103   0.123
   42   Q   0.101   0.106   0.119
   43   P   0.106   0.113   0.120
   44   D   0.107   0.127   0.121
   45   Q   0.102   0.139   0.117
   46   A   0.100   0.141   0.115
   47   R   0.098   0.138   0.113
   48   R   0.098   0.134   0.113
   49   P   0.097   0.144   0.111
   50   D   0.104   0.126   0.115
   51   Y   0.105   0.139   0.114
   52   A   0.101   0.107   0.112
   53   V   0.094   0.107   0.107
   54   F   0.099   0.108   0.109
   55   M   0.103   0.109   0.110
   56   L   0.101   0.120   0.109
   57   K   0.107   0.113   0.112
   58   Y   0.102   0.111   0.110
   59   F   0.104   0.103   0.111
   60   M   0.107   0.101   0.113
   61   C   0.107   0.093   0.113
   62   L   0.105   0.097   0.111
   63   V   0.099   0.095   0.108
   64   V   0.099   0.099   0.107
   65   G   0.105   0.108   0.110
   66   I   0.122   0.098   0.119
   67   T   0.096   0.095   0.105
   68   S   0.102   0.107   0.107
   69   G   0.104   0.100   0.108
   70   V   0.112   0.099   0.111
# Measure  Position  Value    Cutoff   signal peptide?
  max. C    18       0.161
  max. Y    18       0.361
  max. S    11       0.885
  mean S     1-17    0.794
       D     1-17    0.595   0.450   YES
Name=FZD8_HUMAN_TRANSMEM6	SP='YES' Cleavage site between pos. 17 and 18: VVA-CL D=0.595 D-cutoff=0.450 Networks=SignalP-noTM
