# SignalP-4.1 euk predictions
# Name=GET1_HUMAN_TRANSMEM2	Length=70	Networks=SignalP-noTM
# pos  aa    C       S       Y
    1   I   0.102   0.887   0.300
    2   K   0.100   0.918   0.298
    3   W   0.100   0.890   0.298
    4   V   0.100   0.876   0.298
    5   I   0.101   0.888   0.300
    6   S   0.104   0.886   0.304
    7   V   0.099   0.899   0.297
    8   A   0.101   0.901   0.300
    9   F   0.098   0.909   0.295
   10   Y   0.100   0.921   0.298
   11   V   0.098   0.925   0.296
   12   L   0.103   0.934   0.304
   13   Q   0.104   0.962   0.305
   14   A   0.103   0.927   0.304
   15   A   0.118   0.860   0.326
   16   L   0.113   0.806   0.319
   17   M   0.105   0.812   0.306
   18   I   0.122   0.761   0.331
   19   S   0.105   0.761   0.305
   20   L   0.118   0.718   0.323
   21   I   0.109   0.666   0.309
   22   W   0.106   0.648   0.302
   23   K   0.104   0.579   0.298
   24   Y   0.137   0.449   0.339
   25   Y   0.106   0.486   0.294
   26   S   0.104   0.680   0.289
   27   V   0.239   0.320   0.435
   28   P   0.101   0.464   0.278
   29   V   0.120   0.364   0.300
   30   A   0.110   0.235   0.282
   31   V   0.105   0.188   0.269
   32   V   0.109   0.143   0.268
   33   P   0.101   0.147   0.250
   34   S   0.111   0.115   0.255
   35   K   0.111   0.096   0.247
   36   W   0.105   0.112   0.231
   37   I   0.100   0.117   0.218
   38   T   0.109   0.105   0.219
   39   P   0.106   0.103   0.208
   40   L   0.104   0.117   0.198
   41   D   0.103   0.126   0.189
   42   R   0.100   0.127   0.178
   43   L   0.109   0.130   0.178
   44   V   0.105   0.122   0.167
   45   A   0.106   0.129   0.160
   46   F   0.110   0.112   0.156
   47   P   0.101   0.111   0.145
   48   T   0.106   0.126   0.142
   49   R   0.108   0.137   0.133
   50   V   0.109   0.184   0.130
   51   A   0.101   0.146   0.120
   52   G   0.096   0.111   0.113
   53   G   0.130   0.114   0.129
   54   V   0.108   0.109   0.116
   55   G   0.105   0.119   0.113
   56   I   0.118   0.111   0.120
   57   T   0.100   0.106   0.110
   58   C   0.103   0.102   0.112
   59   W   0.102   0.095   0.111
   60   I   0.101   0.096   0.110
   61   L   0.103   0.099   0.111
   62   V   0.102   0.093   0.111
   63   C   0.102   0.097   0.110
   64   N   0.103   0.098   0.110
   65   K   0.097   0.102   0.106
   66   V   0.103   0.098   0.109
   67   V   0.104   0.098   0.108
   68   A   0.100   0.104   0.106
   69   I   0.130   0.097   0.120
   70   V   0.103   0.098   0.107
# Measure  Position  Value    Cutoff   signal peptide?
  max. C    27       0.239
  max. Y    27       0.435
  max. S    13       0.962
  mean S     1-26    0.806
       D     1-26    0.635   0.450   YES
Name=GET1_HUMAN_TRANSMEM2	SP='YES' Cleavage site between pos. 26 and 27: YYS-VP D=0.635 D-cutoff=0.450 Networks=SignalP-noTM
