# SignalP-4.1 euk predictions
# Name=GLTL6_HUMAN_TRANSMEM1	Length=70	Networks=SignalP-TM
# pos  aa    C       S       Y
    1   F   0.102   0.731   0.273
    2   L   0.103   0.826   0.274
    3   Q   0.102   0.733   0.274
    4   M   0.103   0.627   0.275
    5   T   0.103   0.554   0.274
    6   L   0.103   0.591   0.271
    7   L   0.102   0.586   0.269
    8   F   0.102   0.603   0.266
    9   T   0.102   0.584   0.265
   10   V   0.102   0.656   0.262
   11   A   0.102   0.642   0.262
   12   L   0.101   0.624   0.259
   13   I   0.100   0.603   0.257
   14   F   0.100   0.525   0.255
   15   L   0.101   0.522   0.253
   16   P   0.099   0.538   0.248
   17   N   0.104   0.571   0.249
   18   V   0.102   0.657   0.245
   19   G   0.101   0.589   0.244
   20   L   0.152   0.518   0.300
   21   W   0.186   0.385   0.331
   22   S   0.148   0.206   0.291
   23   L   0.173   0.133   0.307
   24   Y   0.114   0.113   0.241
   25   K   0.102   0.102   0.220
   26   D   0.109   0.081   0.217
   27   K   0.102   0.103   0.201
   28   H   0.103   0.110   0.193
   29   L   0.100   0.114   0.182
   30   V   0.100   0.120   0.174
   31   K   0.099   0.118   0.164
   32   S   0.103   0.118   0.157
   33   A   0.121   0.107   0.156
   34   E   0.104   0.108   0.132
   35   P   0.103   0.105   0.119
   36   G   0.099   0.100   0.108
   37   E   0.103   0.100   0.106
   38   Q   0.104   0.097   0.106
   39   Q   0.102   0.096   0.104
   40   T   0.101   0.091   0.103
   41   F   0.099   0.099   0.102
   42   P   0.105   0.098   0.106
   43   L   0.103   0.096   0.104
   44   G   0.105   0.093   0.104
   45   L   0.099   0.094   0.100
   46   G   0.104   0.095   0.102
   47   D   0.102   0.093   0.100
   48   G   0.107   0.092   0.102
   49   Q   0.100   0.089   0.098
   50   F   0.104   0.084   0.100
   51   Y   0.100   0.088   0.097
   52   S   0.102   0.096   0.098
   53   W   0.097   0.095   0.095
   54   T   0.102   0.091   0.097
   55   D   0.100   0.091   0.097
   56   G   0.101   0.091   0.097
   57   L   0.100   0.094   0.096
   58   R   0.103   0.101   0.097
   59   R   0.103   0.103   0.097
   60   K   0.102   0.102   0.098
   61   D   0.101   0.107   0.097
   62   W   0.106   0.105   0.100
   63   H   0.104   0.105   0.100
   64   D   0.102   0.104   0.099
   65   Y   0.101   0.105   0.100
   66   E   0.100   0.106   0.100
   67   S   0.104   0.105   0.102
   68   I   0.101   0.107   0.101
   69   Q   0.102   0.108   0.102
   70   K   0.100   0.106   0.102
# Measure  Position  Value    Cutoff   signal peptide?
  max. C    21       0.186
  max. Y    21       0.331
  max. S     2       0.826
  mean S     1-20    0.614
       D     1-20    0.444   0.500   NO
Name=GLTL6_HUMAN_TRANSMEM1	SP='NO' D=0.444 D-cutoff=0.500 Networks=SignalP-TM
