# SignalP-4.1 euk predictions
# Name=GLUT4_HUMAN_TRANSMEM2	Length=70	Networks=SignalP-TM
# pos  aa    C       S       Y
    1   A   0.103   0.250   0.160
    2   L   0.099   0.285   0.157
    3   S   0.104   0.282   0.162
    4   V   0.101   0.250   0.161
    5   A   0.105   0.288   0.163
    6   I   0.099   0.336   0.160
    7   F   0.100   0.257   0.163
    8   S   0.103   0.211   0.165
    9   V   0.102   0.135   0.163
   10   G   0.102   0.148   0.161
   11   G   0.098   0.181   0.155
   12   M   0.098   0.146   0.154
   13   I   0.102   0.162   0.155
   14   S   0.102   0.156   0.152
   15   S   0.102   0.176   0.150
   16   F   0.112   0.175   0.155
   17   L   0.102   0.166   0.145
   18   I   0.104   0.211   0.144
   19   G   0.102   0.176   0.141
   20   I   0.113   0.124   0.146
   21   I   0.104   0.132   0.135
   22   S   0.105   0.132   0.131
   23   Q   0.137   0.127   0.148
   24   W   0.111   0.122   0.132
   25   L   0.101   0.128   0.126
   26   G   0.101   0.115   0.124
   27   R   0.121   0.084   0.135
   28   K   0.106   0.110   0.124
   29   R   0.104   0.136   0.121
   30   A   0.104   0.175   0.120
   31   M   0.150   0.189   0.144
   32   L   0.101   0.247   0.119
   33   V   0.102   0.228   0.121
   34   N   0.102   0.190   0.122
   35   N   0.104   0.226   0.125
   36   V   0.101   0.231   0.126
   37   L   0.106   0.170   0.132
   38   A   0.106   0.167   0.133
   39   V   0.099   0.139   0.130
   40   L   0.105   0.116   0.134
   41   G   0.103   0.125   0.133
   42   G   0.107   0.124   0.137
   43   S   0.106   0.106   0.136
   44   L   0.102   0.088   0.133
   45   M   0.102   0.127   0.131
   46   G   0.101   0.119   0.128
   47   L   0.105   0.096   0.127
   48   A   0.105   0.112   0.123
   49   N   0.103   0.131   0.119
   50   A   0.105   0.111   0.118
   51   A   0.146   0.128   0.134
   52   A   0.103   0.130   0.111
   53   S   0.114   0.108   0.116
   54   Y   0.109   0.094   0.113
   55   E   0.102   0.100   0.108
   56   M   0.102   0.119   0.107
   57   L   0.102   0.127   0.107
   58   I   0.106   0.129   0.110
   59   L   0.104   0.127   0.110
   60   G   0.106   0.111   0.111
   61   R   0.101   0.133   0.108
   62   F   0.107   0.126   0.113
   63   L   0.103   0.123   0.111
   64   I   0.104   0.130   0.111
   65   G   0.104   0.139   0.112
   66   A   0.102   0.148   0.111
   67   Y   0.100   0.139   0.111
   68   S   0.104   0.125   0.114
   69   G   0.102   0.104   0.114
   70   L   0.097   0.099   0.111
# Measure  Position  Value    Cutoff   signal peptide?
  max. C    31       0.150
  max. Y    11       0.155
  max. S     6       0.336
  mean S     1-10    0.244
       D     1-10    0.191   0.500   NO
Name=GLUT4_HUMAN_TRANSMEM2	SP='NO' D=0.191 D-cutoff=0.500 Networks=SignalP-TM
