# SignalP-4.1 euk predictions
# Name=GP146_HUMAN_TRANSMEM4	Length=70	Networks=SignalP-noTM
# pos  aa    C       S       Y
    1   V   0.100   0.810   0.285
    2   C   0.102   0.844   0.287
    3   G   0.104   0.867   0.290
    4   F   0.100   0.849   0.286
    5   V   0.103   0.903   0.290
    6   W   0.101   0.898   0.288
    7   G   0.103   0.907   0.292
    8   G   0.101   0.895   0.289
    9   A   0.104   0.896   0.295
   10   L   0.098   0.845   0.287
   11   L   0.102   0.848   0.293
   12   T   0.100   0.906   0.289
   13   S   0.101   0.913   0.292
   14   F   0.100   0.899   0.291
   15   S   0.099   0.895   0.291
   16   S   0.108   0.868   0.304
   17   L   0.124   0.904   0.326
   18   L   0.105   0.872   0.302
   19   F   0.106   0.781   0.303
   20   Y   0.116   0.652   0.316
   21   I   0.103   0.552   0.297
   22   C   0.101   0.685   0.293
   23   S   0.109   0.730   0.303
   24   H   0.138   0.613   0.340
   25   V   0.109   0.598   0.300
   26   S   0.106   0.533   0.294
   27   T   0.101   0.566   0.284
   28   R   0.165   0.276   0.359
   29   A   0.120   0.269   0.301
   30   L   0.191   0.120   0.372
   31   E   0.104   0.124   0.268
   32   C   0.102   0.136   0.259
   33   A   0.136   0.125   0.292
   34   K   0.100   0.129   0.244
   35   M   0.103   0.127   0.240
   36   Q   0.106   0.119   0.235
   37   N   0.105   0.127   0.225
   38   A   0.103   0.156   0.215
   39   E   0.097   0.131   0.201
   40   A   0.106   0.197   0.202
   41   A   0.142   0.133   0.224
   42   D   0.102   0.124   0.181
   43   A   0.101   0.121   0.174
   44   T   0.110   0.129   0.175
   45   L   0.104   0.121   0.162
   46   V   0.102   0.114   0.152
   47   F   0.101   0.124   0.143
   48   I   0.110   0.118   0.141
   49   G   0.101   0.112   0.129
   50   Y   0.105   0.114   0.122
   51   V   0.102   0.112   0.118
   52   V   0.100   0.106   0.113
   53   P   0.105   0.141   0.116
   54   A   0.106   0.124   0.116
   55   L   0.097   0.121   0.111
   56   A   0.107   0.112   0.117
   57   T   0.137   0.102   0.132
   58   L   0.107   0.102   0.116
   59   Y   0.103   0.096   0.113
   60   A   0.106   0.100   0.114
   61   L   0.106   0.100   0.113
   62   V   0.103   0.098   0.111
   63   L   0.107   0.099   0.111
   64   L   0.107   0.104   0.110
   65   S   0.110   0.100   0.111
   66   R   0.099   0.099   0.105
   67   V   0.107   0.105   0.108
   68   R   0.101   0.107   0.105
   69   R   0.105   0.108   0.107
   70   E   0.136   0.103   0.121
# Measure  Position  Value    Cutoff   signal peptide?
  max. C    30       0.191
  max. Y    30       0.372
  max. S    13       0.913
  mean S     1-29    0.761
       D     1-29    0.582   0.450   YES
Name=GP146_HUMAN_TRANSMEM4	SP='YES' Cleavage site between pos. 29 and 30: TRA-LE D=0.582 D-cutoff=0.450 Networks=SignalP-noTM
