# SignalP-4.1 euk predictions
# Name=GPR37_HUMAN_TRANSMEM7	Length=70	Networks=SignalP-noTM
# pos  aa    C       S       Y
    1   I   0.102   0.926   0.307
    2   I   0.101   0.919   0.305
    3   S   0.102   0.871   0.308
    4   Q   0.100   0.872   0.304
    5   F   0.100   0.841   0.303
    6   L   0.099   0.871   0.302
    7   L   0.100   0.838   0.303
    8   F   0.099   0.850   0.301
    9   F   0.100   0.825   0.301
   10   K   0.104   0.750   0.306
   11   S   0.101   0.777   0.300
   12   C   0.099   0.797   0.296
   13   V   0.096   0.913   0.290
   14   T   0.094   0.896   0.288
   15   P   0.100   0.852   0.297
   16   V   0.117   0.786   0.320
   17   L   0.097   0.861   0.291
   18   L   0.100   0.879   0.294
   19   F   0.206   0.744   0.422
   20   C   0.109   0.639   0.306
   21   L   0.125   0.432   0.324
   22   C   0.101   0.503   0.289
   23   K   0.123   0.520   0.314
   24   P   0.102   0.688   0.282
   25   F   0.118   0.498   0.302
   26   S   0.103   0.722   0.279
   27   R   0.104   0.701   0.279
   28   A   0.122   0.612   0.301
   29   F   0.694   0.144   0.712
   30   M   0.100   0.120   0.265
   31   E   0.142   0.109   0.308
   32   C   0.104   0.136   0.256
   33   C   0.110   0.101   0.258
   34   C   0.099   0.117   0.238
   35   C   0.108   0.111   0.242
   36   C   0.108   0.109   0.234
   37   C   0.101   0.109   0.218
   38   E   0.104   0.100   0.214
   39   E   0.093   0.109   0.195
   40   C   0.094   0.116   0.188
   41   I   0.104   0.099   0.188
   42   Q   0.095   0.106   0.171
   43   K   0.097   0.102   0.166
   44   S   0.095   0.103   0.160
   45   S   0.100   0.111   0.158
   46   T   0.098   0.107   0.151
   47   V   0.110   0.103   0.151
   48   T   0.097   0.107   0.135
   49   S   0.101   0.101   0.127
   50   D   0.098   0.102   0.114
   51   D   0.099   0.105   0.105
   52   N   0.096   0.105   0.102
   53   D   0.093   0.104   0.100
   54   N   0.098   0.098   0.102
   55   E   0.103   0.092   0.104
   56   Y   0.102   0.089   0.103
   57   T   0.098   0.092   0.101
   58   T   0.101   0.098   0.102
   59   E   0.103   0.106   0.103
   60   L   0.100   0.108   0.101
   61   E   0.101   0.103   0.102
   62   L   0.102   0.102   0.102
   63   S   0.103   0.104   0.102
   64   P   0.104   0.100   0.103
   65   F   0.109   0.101   0.106
   66   S   0.108   0.099   0.105
   67   T   0.100   0.097   0.101
   68   I   0.102   0.097   0.102
   69   R   0.097   0.098   0.099
   70   R   0.100   0.098   0.100
# Measure  Position  Value    Cutoff   signal peptide?
  max. C    29       0.694
  max. Y    29       0.712
  max. S     1       0.926
  mean S     1-28    0.764
       D     1-28    0.740   0.450   YES
Name=GPR37_HUMAN_TRANSMEM7	SP='YES' Cleavage site between pos. 28 and 29: SRA-FM D=0.740 D-cutoff=0.450 Networks=SignalP-noTM
