# SignalP-4.1 euk predictions
# Name=GPR6_HUMAN_TRANSMEM1	Length=70	Networks=SignalP-noTM
# pos  aa    C       S       Y
    1   W   0.099   0.500   0.222
    2   D   0.102   0.519   0.226
    3   V   0.100   0.490   0.223
    4   L   0.103   0.544   0.227
    5   L   0.103   0.476   0.228
    6   C   0.100   0.493   0.224
    7   V   0.103   0.475   0.227
    8   S   0.105   0.426   0.229
    9   G   0.099   0.367   0.222
   10   T   0.096   0.325   0.217
   11   V   0.102   0.315   0.222
   12   I   0.102   0.370   0.220
   13   A   0.098   0.349   0.215
   14   G   0.151   0.245   0.264
   15   E   0.111   0.255   0.224
   16   N   0.104   0.222   0.213
   17   A   0.106   0.226   0.213
   18   L   0.169   0.209   0.264
   19   V   0.098   0.214   0.198
   20   V   0.103   0.207   0.200
   21   A   0.105   0.172   0.198
   22   L   0.140   0.143   0.224
   23   I   0.106   0.142   0.191
   24   A   0.108   0.172   0.188
   25   S   0.106   0.141   0.182
   26   T   0.109   0.160   0.179
   27   P   0.103   0.189   0.169
   28   A   0.109   0.326   0.170
   29   L   0.158   0.183   0.202
   30   R   0.102   0.241   0.158
   31   T   0.126   0.162   0.172
   32   P   0.108   0.189   0.156
   33   M   0.112   0.188   0.157
   34   F   0.102   0.159   0.148
   35   V   0.103   0.185   0.145
   36   L   0.105   0.206   0.144
   37   V   0.106   0.227   0.143
   38   G   0.102   0.165   0.140
   39   S   0.107   0.251   0.143
   40   L   0.102   0.278   0.140
   41   A   0.108   0.387   0.145
   42   T   0.104   0.303   0.145
   43   A   0.105   0.342   0.148
   44   D   0.119   0.254   0.160
   45   L   0.105   0.301   0.152
   46   L   0.106   0.277   0.155
   47   A   0.102   0.321   0.154
   48   G   0.130   0.214   0.177
   49   C   0.121   0.144   0.172
   50   G   0.106   0.145   0.160
   51   L   0.103   0.102   0.155
   52   I   0.102   0.113   0.153
   53   L   0.099   0.118   0.149
   54   H   0.106   0.113   0.153
   55   F   0.100   0.107   0.148
   56   V   0.104   0.101   0.149
   57   F   0.100   0.096   0.146
   58   Q   0.104   0.096   0.147
   59   Y   0.118   0.087   0.154
   60   L   0.097   0.091   0.138
   61   V   0.095   0.094   0.136
   62   P   0.093   0.098   0.132
   63   S   0.114   0.095   0.142
   64   E   0.107   0.095   0.132
   65   T   0.103   0.095   0.126
   66   V   0.108   0.095   0.124
   67   S   0.095   0.097   0.114
   68   L   0.101   0.096   0.113
   69   L   0.101   0.099   0.110
   70   T   0.102   0.099   0.105
# Measure  Position  Value    Cutoff   signal peptide?
  max. C    18       0.169
  max. Y    18       0.264
  max. S     4       0.544
  mean S     1-17    0.388
       D     1-17    0.331   0.450   NO
Name=GPR6_HUMAN_TRANSMEM1	SP='NO' D=0.331 D-cutoff=0.450 Networks=SignalP-noTM
