# SignalP-4.1 euk predictions
# Name=GRIK1_HUMAN_TRANSMEM3	Length=70	Networks=SignalP-TM
# pos  aa    C       S       Y
    1   I   0.103   0.581   0.244
    2   G   0.102   0.642   0.244
    3   G   0.100   0.552   0.242
    4   I   0.101   0.469   0.243
    5   F   0.103   0.363   0.244
    6   I   0.103   0.320   0.240
    7   V   0.100   0.390   0.233
    8   L   0.105   0.344   0.235
    9   A   0.107   0.305   0.234
   10   A   0.099   0.418   0.220
   11   G   0.101   0.500   0.220
   12   L   0.103   0.490   0.221
   13   V   0.101   0.524   0.217
   14   L   0.102   0.561   0.217
   15   S   0.103   0.573   0.218
   16   V   0.155   0.444   0.267
   17   F   0.102   0.559   0.214
   18   V   0.108   0.585   0.219
   19   A   0.109   0.366   0.223
   20   I   0.124   0.201   0.238
   21   G   0.121   0.163   0.232
   22   E   0.211   0.092   0.302
   23   F   0.104   0.109   0.207
   24   I   0.127   0.086   0.225
   25   Y   0.102   0.131   0.195
   26   K   0.101   0.143   0.187
   27   S   0.108   0.164   0.187
   28   R   0.103   0.180   0.175
   29   K   0.108   0.152   0.171
   30   N   0.123   0.120   0.172
   31   N   0.101   0.113   0.149
   32   D   0.103   0.108   0.138
   33   I   0.102   0.106   0.125
   34   E   0.104   0.107   0.118
   35   Q   0.102   0.107   0.113
   36   A   0.103   0.106   0.112
   37   F   0.096   0.100   0.109
   38   C   0.105   0.088   0.114
   39   F   0.102   0.091   0.112
   40   F   0.102   0.087   0.111
   41   Y   0.103   0.085   0.110
   42   G   0.104   0.081   0.107
   43   L   0.101   0.084   0.102
   44   Q   0.103   0.090   0.101
   45   C   0.101   0.093   0.099
   46   K   0.099   0.093   0.097
   47   Q   0.100   0.093   0.097
   48   T   0.103   0.090   0.098
   49   H   0.108   0.094   0.099
   50   P   0.101   0.093   0.096
   51   T   0.106   0.096   0.098
   52   N   0.099   0.100   0.094
   53   S   0.101   0.099   0.096
   54   T   0.108   0.100   0.099
   55   S   0.102   0.097   0.097
   56   G   0.098   0.095   0.096
   57   T   0.098   0.097   0.096
   58   T   0.102   0.098   0.099
   59   L   0.104   0.102   0.100
   60   S   0.103   0.099   0.100
   61   T   0.100   0.099   0.098
   62   D   0.104   0.099   0.101
   63   L   0.102   0.099   0.100
   64   E   0.103   0.095   0.101
   65   C   0.103   0.095   0.101
   66   G   0.102   0.096   0.100
   67   K   0.102   0.097   0.100
   68   L   0.101   0.100   0.099
   69   I   0.103   0.099   0.100
   70   R   0.102   0.097   0.100
# Measure  Position  Value    Cutoff   signal peptide?
  max. C    22       0.211
  max. Y    22       0.302
  max. S     2       0.642
  mean S     1-21    0.445
       D     1-21    0.359   0.500   NO
Name=GRIK1_HUMAN_TRANSMEM3	SP='NO' D=0.359 D-cutoff=0.500 Networks=SignalP-TM
