# SignalP-4.1 euk predictions
# Name=GTR12_HUMAN_TRANSMEM8	Length=70	Networks=SignalP-noTM
# pos  aa    C       S       Y
    1   L   0.103   0.505   0.229
    2   A   0.103   0.328   0.228
    3   S   0.098   0.221   0.221
    4   T   0.104   0.253   0.225
    5   G   0.102   0.242   0.219
    6   V   0.099   0.228   0.213
    7   G   0.103   0.253   0.215
    8   V   0.097   0.289   0.206
    9   V   0.098   0.251   0.204
   10   K   0.101   0.178   0.205
   11   V   0.099   0.205   0.199
   12   I   0.097   0.231   0.193
   13   S   0.107   0.240   0.200
   14   T   0.100   0.280   0.191
   15   I   0.106   0.232   0.193
   16   P   0.100   0.273   0.185
   17   A   0.104   0.247   0.185
   18   T   0.104   0.166   0.182
   19   L   0.105   0.183   0.178
   20   L   0.104   0.201   0.173
   21   V   0.117   0.150   0.179
   22   D   0.110   0.115   0.168
   23   H   0.105   0.140   0.159
   24   V   0.105   0.132   0.153
   25   G   0.106   0.159   0.150
   26   S   0.104   0.147   0.148
   27   K   0.120   0.121   0.157
   28   T   0.106   0.115   0.146
   29   F   0.106   0.109   0.144
   30   L   0.099   0.129   0.137
   31   C   0.101   0.121   0.136
   32   I   0.105   0.120   0.136
   33   G   0.104   0.136   0.135
   34   S   0.107   0.130   0.135
   35   S   0.097   0.154   0.127
   36   V   0.097   0.161   0.125
   37   M   0.103   0.235   0.127
   38   A   0.102   0.205   0.127
   39   A   0.143   0.143   0.148
   40   S   0.107   0.139   0.126
   41   L   0.107   0.139   0.126
   42   V   0.103   0.145   0.122
   43   T   0.101   0.191   0.120
   44   M   0.103   0.153   0.122
   45   G   0.106   0.147   0.125
   46   I   0.125   0.127   0.135
   47   V   0.106   0.127   0.125
   48   N   0.100   0.137   0.121
   49   L   0.106   0.137   0.124
   50   N   0.104   0.109   0.123
   51   I   0.106   0.104   0.124
   52   H   0.102   0.108   0.122
   53   M   0.103   0.118   0.122
   54   N   0.105   0.118   0.123
   55   F   0.105   0.119   0.123
   56   T   0.099   0.102   0.119
   57   H   0.107   0.102   0.123
   58   I   0.103   0.102   0.120
   59   C   0.101   0.102   0.117
   60   R   0.100   0.102   0.114
   61   S   0.105   0.104   0.115
   62   H   0.111   0.101   0.117
   63   N   0.097   0.100   0.109
   64   S   0.097   0.102   0.108
   65   I   0.095   0.103   0.106
   66   N   0.103   0.102   0.109
   67   Q   0.102   0.105   0.107
   68   S   0.100   0.103   0.105
   69   L   0.096   0.104   0.102
   70   D   0.096   0.102   0.102
# Measure  Position  Value    Cutoff   signal peptide?
  max. C    39       0.143
  max. Y    13       0.200
  max. S     1       0.505
  mean S     1-12    0.265
       D     1-12    0.235   0.450   NO
Name=GTR12_HUMAN_TRANSMEM8	SP='NO' D=0.235 D-cutoff=0.450 Networks=SignalP-noTM
