# SignalP-4.1 euk predictions
# Name=GTR6_HUMAN_TRANSMEM9	Length=70	Networks=SignalP-TM
# pos  aa    C       S       Y
    1   V   0.102   0.516   0.229
    2   L   0.102   0.464   0.230
    3   L   0.104   0.340   0.230
    4   F   0.100   0.362   0.224
    5   V   0.104   0.323   0.225
    6   S   0.106   0.288   0.224
    7   A   0.104   0.295   0.218
    8   A   0.101   0.283   0.212
    9   I   0.099   0.278   0.205
   10   M   0.100   0.337   0.202
   11   F   0.099   0.421   0.198
   12   A   0.103   0.522   0.201
   13   A   0.103   0.455   0.200
   14   N   0.099   0.354   0.196
   15   L   0.104   0.384   0.197
   16   T   0.106   0.357   0.197
   17   L   0.114   0.358   0.202
   18   G   0.106   0.325   0.195
   19   L   0.542   0.201   0.439
   20   Y   0.105   0.215   0.191
   21   I   0.134   0.176   0.214
   22   H   0.107   0.167   0.189
   23   F   0.102   0.172   0.182
   24   G   0.108   0.143   0.185
   25   P   0.098   0.129   0.173
   26   R   0.101   0.134   0.169
   27   P   0.102   0.138   0.161
   28   L   0.100   0.142   0.153
   29   S   0.099   0.152   0.146
   30   P   0.098   0.153   0.140
   31   N   0.127   0.128   0.154
   32   S   0.102   0.118   0.131
   33   T   0.103   0.113   0.126
   34   A   0.106   0.109   0.125
   35   G   0.101   0.109   0.119
   36   L   0.100   0.104   0.117
   37   E   0.103   0.099   0.116
   38   S   0.102   0.099   0.113
   39   E   0.103   0.106   0.113
   40   S   0.100   0.100   0.110
   41   W   0.102   0.100   0.110
   42   G   0.104   0.106   0.110
   43   D   0.099   0.095   0.106
   44   L   0.105   0.080   0.107
   45   A   0.102   0.073   0.104
   46   Q   0.098   0.089   0.099
   47   P   0.104   0.077   0.101
   48   L   0.104   0.061   0.100
   49   A   0.107   0.058   0.100
   50   A   0.100   0.062   0.095
   51   P   0.099   0.058   0.092
   52   A   0.105   0.056   0.094
   53   G   0.099   0.065   0.089
   54   Y   0.106   0.072   0.090
   55   L   0.101   0.072   0.087
   56   T   0.103   0.067   0.087
   57   L   0.102   0.055   0.085
   58   V   0.103   0.067   0.083
   59   P   0.103   0.080   0.083
   60   L   0.107   0.074   0.085
   61   L   0.104   0.081   0.083
   62   A   0.106   0.097   0.084
   63   T   0.099   0.099   0.082
   64   M   0.103   0.079   0.086
   65   L   0.101   0.072   0.086
   66   F   0.104   0.081   0.088
   67   I   0.101   0.115   0.087
   68   M   0.100   0.112   0.089
   69   G   0.103   0.123   0.092
   70   Y   0.098   0.108   0.092
# Measure  Position  Value    Cutoff   signal peptide?
  max. C    19       0.542
  max. Y    19       0.439
  max. S    12       0.522
  mean S     1-18    0.370
       D     1-18    0.412   0.500   NO
Name=GTR6_HUMAN_TRANSMEM9	SP='NO' D=0.412 D-cutoff=0.500 Networks=SignalP-TM
