# SignalP-4.1 euk predictions
# Name=ICMT_HUMAN_TRANSMEM6	Length=70	Networks=SignalP-TM
# pos  aa    C       S       Y
    1   Q   0.102   0.674   0.262
    2   I   0.103   0.724   0.263
    3   T   0.101   0.752   0.262
    4   W   0.102   0.683   0.264
    5   L   0.100   0.628   0.262
    6   S   0.101   0.645   0.262
    7   V   0.100   0.619   0.260
    8   T   0.102   0.631   0.262
    9   G   0.103   0.614   0.263
   10   L   0.098   0.656   0.255
   11   L   0.103   0.561   0.262
   12   M   0.101   0.564   0.258
   13   V   0.098   0.665   0.252
   14   V   0.101   0.638   0.256
   15   F   0.102   0.708   0.256
   16   G   0.108   0.692   0.264
   17   E   0.226   0.551   0.383
   18   C   0.102   0.664   0.255
   19   L   0.217   0.575   0.370
   20   R   0.100   0.527   0.250
   21   K   0.143   0.376   0.298
   22   A   0.108   0.362   0.255
   23   A   0.117   0.234   0.261
   24   M   0.108   0.170   0.245
   25   F   0.172   0.122   0.299
   26   T   0.104   0.116   0.225
   27   A   0.106   0.123   0.220
   28   G   0.102   0.108   0.206
   29   S   0.108   0.101   0.203
   30   N   0.101   0.100   0.185
   31   F   0.102   0.100   0.173
   32   N   0.102   0.090   0.164
   33   H   0.101   0.097   0.150
   34   V   0.103   0.107   0.139
   35   V   0.103   0.103   0.128
   36   Q   0.102   0.113   0.119
   37   N   0.104   0.105   0.112
   38   E   0.110   0.104   0.111
   39   K   0.101   0.103   0.104
   40   S   0.099   0.099   0.102
   41   D   0.100   0.096   0.102
   42   T   0.103   0.077   0.102
   43   H   0.102   0.078   0.101
   44   T   0.103   0.063   0.100
   45   L   0.102   0.050   0.099
   46   V   0.101   0.046   0.096
   47   T   0.102   0.057   0.095
   48   S   0.104   0.058   0.094
   49   G   0.099   0.061   0.090
   50   V   0.102   0.056   0.090
   51   Y   0.105   0.058   0.089
   52   A   0.103   0.060   0.086
   53   W   0.098   0.068   0.082
   54   F   0.102   0.072   0.082
   55   R   0.103   0.074   0.081
   56   H   0.100   0.083   0.079
   57   P   0.102   0.099   0.080
   58   S   0.101   0.105   0.081
   59   Y   0.102   0.106   0.083
   60   V   0.102   0.112   0.086
   61   G   0.101   0.121   0.088
   62   W   0.100   0.123   0.090
   63   F   0.102   0.128   0.094
   64   Y   0.104   0.116   0.097
   65   W   0.104   0.119   0.100
   66   S   0.100   0.123   0.100
   67   I   0.102   0.108   0.103
   68   G   0.106   0.111   0.106
   69   T   0.101   0.107   0.105
   70   Q   0.102   0.103   0.107
# Measure  Position  Value    Cutoff   signal peptide?
  max. C    17       0.226
  max. Y    17       0.383
  max. S     3       0.752
  mean S     1-16    0.653
       D     1-16    0.491   0.500   NO
Name=ICMT_HUMAN_TRANSMEM6	SP='NO' D=0.491 D-cutoff=0.500 Networks=SignalP-TM
