# SignalP-4.1 euk predictions
# Name=KCND3_HUMAN_TRANSMEM5	Length=70	Networks=SignalP-TM
# pos  aa    C       S       Y
    1   L   0.102   0.441   0.212
    2   G   0.104   0.492   0.214
    3   F   0.100   0.578   0.211
    4   L   0.105   0.527   0.218
    5   L   0.103   0.536   0.218
    6   F   0.102   0.552   0.219
    7   S   0.103   0.563   0.221
    8   L   0.102   0.628   0.222
    9   T   0.103   0.600   0.227
   10   M   0.103   0.643   0.228
   11   A   0.100   0.585   0.229
   12   I   0.117   0.572   0.250
   13   I   0.100   0.572   0.232
   14   I   0.099   0.601   0.233
   15   F   0.100   0.669   0.238
   16   A   0.104   0.706   0.246
   17   T   0.199   0.543   0.344
   18   V   0.103   0.561   0.248
   19   M   0.107   0.454   0.252
   20   F   0.123   0.472   0.269
   21   Y   0.128   0.350   0.274
   22   A   0.109   0.427   0.249
   23   E   0.185   0.264   0.320
   24   K   0.102   0.363   0.232
   25   G   0.119   0.236   0.246
   26   S   0.110   0.225   0.231
   27   S   0.110   0.263   0.225
   28   A   0.230   0.196   0.317
   29   S   0.324   0.150   0.364
   30   K   0.110   0.144   0.203
   31   F   0.101   0.126   0.183
   32   T   0.103   0.130   0.176
   33   S   0.105   0.138   0.169
   34   I   0.102   0.120   0.159
   35   P   0.101   0.098   0.150
   36   A   0.105   0.083   0.147
   37   S   0.097   0.099   0.132
   38   F   0.102   0.097   0.131
   39   W   0.099   0.095   0.122
   40   Y   0.102   0.081   0.119
   41   T   0.100   0.076   0.114
   42   I   0.104   0.100   0.110
   43   V   0.105   0.103   0.107
   44   T   0.102   0.138   0.104
   45   M   0.103   0.119   0.104
   46   T   0.101   0.118   0.103
   47   T   0.105   0.114   0.105
   48   L   0.102   0.138   0.103
   49   G   0.103   0.136   0.103
   50   Y   0.106   0.099   0.107
   51   G   0.104   0.119   0.106
   52   D   0.125   0.091   0.117
   53   M   0.103   0.102   0.106
   54   V   0.104   0.084   0.107
   55   P   0.101   0.088   0.105
   56   K   0.101   0.099   0.106
   57   T   0.102   0.105   0.106
   58   I   0.104   0.111   0.108
   59   A   0.103   0.112   0.106
   60   G   0.107   0.104   0.108
   61   K   0.101   0.113   0.104
   62   I   0.105   0.097   0.106
   63   F   0.104   0.089   0.104
   64   G   0.102   0.087   0.102
   65   S   0.100   0.088   0.100
   66   I   0.106   0.081   0.102
   67   C   0.104   0.090   0.101
   68   S   0.103   0.094   0.100
   69   L   0.097   0.094   0.097
   70   S   0.104   0.093   0.101
# Measure  Position  Value    Cutoff   signal peptide?
  max. C    29       0.324
  max. Y    29       0.364
  max. S    16       0.706
  mean S     1-28    0.486
       D     1-28    0.413   0.500   NO
Name=KCND3_HUMAN_TRANSMEM5	SP='NO' D=0.413 D-cutoff=0.500 Networks=SignalP-TM
