# SignalP-4.1 euk predictions
# Name=KCNH3_HUMAN_TRANSMEM3	Length=70	Networks=SignalP-noTM
# pos  aa    C       S       Y
    1   V   0.100   0.794   0.282
    2   T   0.102   0.703   0.285
    3   T   0.104   0.753   0.286
    4   W   0.100   0.700   0.280
    5   F   0.102   0.754   0.282
    6   L   0.099   0.758   0.279
    7   L   0.099   0.762   0.277
    8   D   0.103   0.734   0.284
    9   V   0.104   0.732   0.284
   10   I   0.108   0.716   0.289
   11   A   0.109   0.741   0.289
   12   A   0.104   0.576   0.282
   13   L   0.129   0.416   0.313
   14   P   0.095   0.402   0.266
   15   F   0.110   0.398   0.282
   16   D   0.104   0.465   0.270
   17   L   0.100   0.443   0.262
   18   L   0.105   0.485   0.266
   19   H   0.106   0.459   0.265
   20   A   0.113   0.262   0.270
   21   F   0.673   0.115   0.646
   22   K   0.099   0.124   0.242
   23   V   0.116   0.107   0.255
   24   N   0.104   0.130   0.234
   25   V   0.102   0.136   0.226
   26   Y   0.099   0.118   0.216
   27   F   0.103   0.140   0.215
   28   G   0.106   0.130   0.211
   29   A   0.112   0.119   0.209
   30   H   0.099   0.118   0.190
   31   L   0.106   0.113   0.188
   32   L   0.103   0.128   0.178
   33   K   0.095   0.116   0.162
   34   T   0.105   0.142   0.162
   35   V   0.111   0.142   0.160
   36   R   0.105   0.155   0.151
   37   L   0.109   0.171   0.150
   38   L   0.107   0.135   0.145
   39   R   0.100   0.158   0.135
   40   L   0.108   0.161   0.135
   41   L   0.110   0.128   0.130
   42   R   0.101   0.153   0.119
   43   L   0.107   0.156   0.120
   44   L   0.107   0.149   0.120
   45   P   0.102   0.206   0.118
   46   R   0.105   0.207   0.122
   47   L   0.101   0.203   0.121
   48   D   0.097   0.233   0.120
   49   R   0.098   0.255   0.122
   50   Y   0.110   0.126   0.132
   51   S   0.098   0.106   0.124
   52   Q   0.096   0.109   0.123
   53   Y   0.101   0.115   0.126
   54   S   0.099   0.098   0.125
   55   A   0.095   0.110   0.122
   56   V   0.095   0.139   0.121
   57   V   0.101   0.114   0.125
   58   L   0.096   0.122   0.122
   59   T   0.102   0.131   0.125
   60   L   0.105   0.124   0.126
   61   L   0.108   0.124   0.127
   62   M   0.104   0.123   0.124
   63   A   0.106   0.115   0.125
   64   V   0.102   0.134   0.122
   65   F   0.108   0.184   0.125
   66   A   0.106   0.203   0.124
   67   L   0.121   0.121   0.134
   68   L   0.104   0.142   0.123
   69   A   0.105   0.157   0.122
   70   H   0.135   0.112   0.137
# Measure  Position  Value    Cutoff   signal peptide?
  max. C    21       0.673
  max. Y    21       0.646
  max. S     1       0.794
  mean S     1-20    0.603
       D     1-20    0.623   0.450   YES
Name=KCNH3_HUMAN_TRANSMEM3	SP='YES' Cleavage site between pos. 20 and 21: LHA-FK D=0.623 D-cutoff=0.450 Networks=SignalP-noTM
