# SignalP-4.1 euk predictions
# Name=KCNQ5_HUMAN_TRANSMEM5	Length=70	Networks=SignalP-TM
# pos  aa    C       S       Y
    1   I   0.102   0.412   0.206
    2   T   0.103   0.402   0.207
    3   A   0.103   0.395   0.206
    4   W   0.098   0.546   0.201
    5   Y   0.102   0.666   0.207
    6   I   0.099   0.653   0.208
    7   G   0.102   0.653   0.216
    8   F   0.100   0.722   0.217
    9   L   0.103   0.706   0.226
   10   V   0.102   0.705   0.229
   11   L   0.103   0.717   0.235
   12   I   0.102   0.569   0.239
   13   F   0.097   0.602   0.235
   14   S   0.104   0.656   0.247
   15   S   0.106   0.643   0.252
   16   F   0.103   0.654   0.252
   17   L   0.102   0.703   0.254
   18   V   0.111   0.555   0.270
   19   Y   0.102   0.464   0.259
   20   L   0.110   0.483   0.267
   21   V   0.140   0.388   0.297
   22   E   0.102   0.368   0.250
   23   K   0.125   0.315   0.271
   24   D   0.190   0.174   0.326
   25   A   0.104   0.257   0.233
   26   N   0.161   0.111   0.280
   27   K   0.107   0.107   0.220
   28   E   0.108   0.104   0.213
   29   F   0.104   0.086   0.199
   30   S   0.101   0.085   0.186
   31   T   0.101   0.082   0.174
   32   Y   0.102   0.079   0.161
   33   A   0.101   0.071   0.150
   34   D   0.101   0.064   0.140
   35   A   0.105   0.054   0.131
   36   L   0.101   0.044   0.119
   37   W   0.105   0.039   0.111
   38   W   0.100   0.040   0.098
   39   G   0.104   0.033   0.095
   40   T   0.100   0.034   0.085
   41   I   0.103   0.039   0.082
   42   T   0.103   0.059   0.079
   43   L   0.101   0.055   0.076
   44   T   0.101   0.063   0.075
   45   T   0.105   0.074   0.075
   46   I   0.103   0.061   0.074
   47   G   0.101   0.067   0.073
   48   Y   0.102   0.057   0.073
   49   G   0.102   0.070   0.073
   50   D   0.125   0.042   0.081
   51   K   0.101   0.046   0.073
   52   T   0.107   0.071   0.075
   53   P   0.103   0.079   0.075
   54   L   0.103   0.089   0.078
   55   T   0.103   0.105   0.080
   56   W   0.101   0.118   0.082
   57   L   0.102   0.108   0.085
   58   G   0.101   0.092   0.087
   59   R   0.099   0.111   0.087
   60   L   0.106   0.111   0.092
   61   L   0.104   0.111   0.093
   62   S   0.105   0.091   0.095
   63   A   0.104   0.088   0.096
   64   G   0.099   0.107   0.094
   65   F   0.103   0.107   0.099
   66   A   0.104   0.140   0.101
   67   L   0.097   0.115   0.101
   68   L   0.104   0.113   0.105
   69   G   0.096   0.129   0.102
   70   I   0.099   0.101   0.105
# Measure  Position  Value    Cutoff   signal peptide?
  max. C    24       0.190
  max. Y    24       0.326
  max. S     8       0.722
  mean S     1-23    0.564
       D     1-23    0.422   0.500   NO
Name=KCNQ5_HUMAN_TRANSMEM5	SP='NO' D=0.422 D-cutoff=0.500 Networks=SignalP-TM
