# SignalP-4.1 euk predictions
# Name=KCNS1_HUMAN_TRANSMEM2	Length=70	Networks=SignalP-TM
# pos  aa    C       S       Y
    1   V   0.102   0.282   0.170
    2   L   0.102   0.378   0.170
    3   R   0.103   0.425   0.172
    4   R   0.102   0.370   0.174
    5   L   0.104   0.415   0.179
    6   E   0.101   0.398   0.179
    7   Y   0.103   0.424   0.182
    8   F   0.102   0.367   0.184
    9   C   0.102   0.368   0.186
   10   I   0.103   0.298   0.189
   11   A   0.102   0.273   0.188
   12   W   0.095   0.260   0.181
   13   F   0.101   0.298   0.186
   14   S   0.098   0.326   0.184
   15   F   0.098   0.291   0.184
   16   E   0.100   0.307   0.187
   17   V   0.099   0.327   0.184
   18   S   0.101   0.327   0.184
   19   S   0.106   0.366   0.188
   20   R   0.151   0.245   0.223
   21   L   0.112   0.265   0.189
   22   L   0.106   0.281   0.181
   23   L   0.101   0.281   0.175
   24   A   0.110   0.230   0.181
   25   P   0.113   0.173   0.182
   26   S   0.108   0.178   0.175
   27   T   0.100   0.169   0.167
   28   R   0.104   0.153   0.167
   29   N   0.104   0.171   0.164
   30   F   0.103   0.167   0.160
   31   F   0.098   0.136   0.153
   32   C   0.102   0.136   0.151
   33   H   0.104   0.131   0.148
   34   P   0.103   0.139   0.141
   35   L   0.106   0.150   0.140
   36   N   0.103   0.142   0.136
   37   L   0.099   0.159   0.129
   38   I   0.103   0.152   0.128
   39   D   0.101   0.119   0.125
   40   I   0.104   0.108   0.125
   41   V   0.104   0.091   0.123
   42   S   0.105   0.088   0.121
   43   V   0.101   0.116   0.117
   44   L   0.101   0.126   0.115
   45   P   0.099   0.139   0.113
   46   F   0.105   0.119   0.116
   47   Y   0.100   0.117   0.113
   48   L   0.103   0.132   0.114
   49   T   0.101   0.129   0.113
   50   L   0.102   0.139   0.113
   51   L   0.101   0.151   0.112
   52   A   0.102   0.154   0.112
   53   G   0.101   0.151   0.112
   54   V   0.104   0.150   0.115
   55   A   0.103   0.124   0.115
   56   L   0.101   0.124   0.115
   57   G   0.104   0.117   0.118
   58   D   0.124   0.100   0.129
   59   Q   0.105   0.112   0.117
   60   G   0.104   0.109   0.116
   61   G   0.099   0.113   0.113
   62   K   0.103   0.107   0.115
   63   E   0.100   0.106   0.113
   64   F   0.101   0.101   0.112
   65   G   0.101   0.105   0.111
   66   H   0.099   0.106   0.109
   67   L   0.106   0.104   0.111
   68   G   0.103   0.102   0.108
   69   K   0.101   0.101   0.105
   70   V   0.106   0.101   0.107
# Measure  Position  Value    Cutoff   signal peptide?
  max. C    20       0.151
  max. Y    20       0.223
  max. S     3       0.425
  mean S     1-19    0.342
       D     1-19    0.271   0.500   NO
Name=KCNS1_HUMAN_TRANSMEM2	SP='NO' D=0.271 D-cutoff=0.500 Networks=SignalP-TM
