# SignalP-4.1 euk predictions
# Name=KCNT1_HUMAN_TRANSMEM1	Length=70	Networks=SignalP-noTM
# pos  aa    C       S       Y
    1   L   0.101   0.891   0.299
    2   F   0.101   0.916   0.300
    3   N   0.102   0.928   0.301
    4   F   0.103   0.943   0.303
    5   S   0.103   0.937   0.304
    6   L   0.101   0.924   0.302
    7   K   0.104   0.903   0.306
    8   L   0.097   0.884   0.296
    9   L   0.102   0.907   0.303
   10   T   0.099   0.936   0.299
   11   C   0.102   0.954   0.304
   12   L   0.102   0.961   0.303
   13   L   0.094   0.957   0.293
   14   Y   0.097   0.929   0.298
   15   I   0.101   0.953   0.303
   16   V   0.095   0.937   0.294
   17   R   0.097   0.925   0.299
   18   V   0.103   0.928   0.308
   19   L   0.113   0.843   0.323
   20   L   0.104   0.827   0.309
   21   D   0.308   0.473   0.532
   22   D   0.180   0.219   0.402
   23   P   0.103   0.412   0.298
   24   A   0.106   0.362   0.299
   25   L   0.107   0.272   0.296
   26   G   0.105   0.293   0.287
   27   I   0.257   0.124   0.442
   28   G   0.101   0.118   0.270
   29   C   0.131   0.091   0.300
   30   W   0.102   0.101   0.258
   31   G   0.103   0.110   0.251
   32   C   0.126   0.102   0.270
   33   P   0.102   0.100   0.235
   34   K   0.103   0.099   0.228
   35   Q   0.101   0.106   0.216
   36   N   0.095   0.113   0.201
   37   Y   0.103   0.111   0.200
   38   S   0.098   0.110   0.185
   39   F   0.103   0.110   0.179
   40   N   0.098   0.115   0.164
   41   D   0.101   0.116   0.154
   42   S   0.099   0.115   0.142
   43   S   0.103   0.114   0.133
   44   S   0.105   0.109   0.128
   45   E   0.095   0.104   0.119
   46   I   0.099   0.106   0.116
   47   N   0.100   0.109   0.112
   48   W   0.100   0.103   0.108
   49   A   0.100   0.106   0.104
   50   P   0.099   0.114   0.103
   51   I   0.102   0.100   0.105
   52   L   0.097   0.102   0.102
   53   W   0.103   0.101   0.105
   54   V   0.102   0.109   0.105
   55   E   0.106   0.105   0.107
   56   R   0.101   0.109   0.105
   57   K   0.102   0.109   0.105
   58   M   0.105   0.111   0.107
   59   T   0.104   0.103   0.106
   60   L   0.107   0.105   0.107
   61   W   0.103   0.101   0.105
   62   A   0.102   0.103   0.105
   63   I   0.097   0.102   0.102
   64   Q   0.103   0.100   0.105
   65   V   0.101   0.102   0.103
   66   I   0.104   0.105   0.105
   67   V   0.101   0.104   0.103
   68   A   0.095   0.108   0.100
   69   I   0.113   0.096   0.109
   70   I   0.100   0.099   0.102
# Measure  Position  Value    Cutoff   signal peptide?
  max. C    21       0.308
  max. Y    21       0.532
  max. S    12       0.961
  mean S     1-20    0.919
       D     1-20    0.741   0.450   YES
Name=KCNT1_HUMAN_TRANSMEM1	SP='YES' Cleavage site between pos. 20 and 21: VLL-DD D=0.741 D-cutoff=0.450 Networks=SignalP-noTM
