# SignalP-4.1 euk predictions
# Name=LAT1_HUMAN_TRANSMEM10	Length=70	Networks=SignalP-noTM
# pos  aa    C       S       Y
    1   V   0.100   0.889   0.299
    2   I   0.102   0.920   0.301
    3   N   0.102   0.938   0.301
    4   F   0.099   0.941   0.297
    5   F   0.100   0.954   0.299
    6   S   0.105   0.934   0.307
    7   F   0.098   0.922   0.297
    8   F   0.102   0.907   0.303
    9   N   0.101   0.900   0.303
   10   W   0.101   0.896   0.302
   11   L   0.098   0.917   0.298
   12   C   0.102   0.916   0.304
   13   V   0.098   0.950   0.298
   14   A   0.097   0.959   0.297
   15   L   0.126   0.892   0.339
   16   A   0.111   0.875   0.318
   17   I   0.264   0.778   0.490
   18   I   0.102   0.794   0.304
   19   G   0.101   0.805   0.302
   20   M   0.127   0.596   0.337
   21   I   0.113   0.627   0.316
   22   W   0.102   0.739   0.298
   23   L   0.108   0.752   0.306
   24   R   0.219   0.539   0.434
   25   H   0.106   0.550   0.299
   26   R   0.111   0.566   0.302
   27   K   0.221   0.453   0.423
   28   P   0.105   0.391   0.287
   29   E   0.134   0.397   0.319
   30   L   0.102   0.410   0.274
   31   E   0.107   0.381   0.276
   32   R   0.108   0.462   0.273
   33   P   0.104   0.520   0.265
   34   I   0.103   0.657   0.259
   35   K   0.106   0.637   0.261
   36   V   0.104   0.649   0.255
   37   N   0.100   0.666   0.247
   38   L   0.106   0.674   0.252
   39   A   0.096   0.669   0.238
   40   L   0.101   0.774   0.244
   41   P   0.110   0.721   0.254
   42   V   0.101   0.842   0.242
   43   F   0.106   0.809   0.251
   44   F   0.105   0.875   0.252
   45   I   0.098   0.894   0.244
   46   L   0.100   0.862   0.248
   47   A   0.103   0.864   0.254
   48   C   0.100   0.787   0.253
   49   L   0.103   0.783   0.260
   50   F   0.105   0.775   0.265
   51   L   0.101   0.722   0.263
   52   I   0.104   0.630   0.270
   53   A   0.095   0.484   0.260
   54   V   0.116   0.310   0.289
   55   S   0.106   0.315   0.274
   56   F   0.161   0.147   0.336
   57   W   0.119   0.116   0.283
   58   K   0.137   0.104   0.299
   59   T   0.105   0.100   0.257
   60   P   0.104   0.105   0.250
   61   V   0.103   0.107   0.244
   62   E   0.102   0.106   0.237
   63   C   0.103   0.110   0.232
   64   G   0.238   0.101   0.342
   65   I   0.110   0.098   0.224
   66   G   0.100   0.102   0.207
   67   F   0.109   0.103   0.207
   68   T   0.102   0.100   0.191
   69   I   0.105   0.103   0.184
   70   I   0.106   0.098   0.175
# Measure  Position  Value    Cutoff   signal peptide?
  max. C    17       0.264
  max. Y    17       0.490
  max. S    14       0.959
  mean S     1-16    0.919
       D     1-16    0.722   0.450   YES
Name=LAT1_HUMAN_TRANSMEM10	SP='YES' Cleavage site between pos. 16 and 17: ALA-II D=0.722 D-cutoff=0.450 Networks=SignalP-noTM
