# SignalP-4.1 euk predictions
# Name=LAT1_HUMAN_TRANSMEM1	Length=70	Networks=SignalP-noTM
# pos  aa    C       S       Y
    1   I   0.102   0.591   0.246
    2   T   0.102   0.617   0.246
    3   L   0.102   0.546   0.246
    4   L   0.102   0.634   0.246
    5   N   0.101   0.660   0.245
    6   G   0.104   0.648   0.249
    7   V   0.100   0.635   0.245
    8   A   0.107   0.581   0.253
    9   I   0.101   0.536   0.246
   10   I   0.098   0.567   0.242
   11   V   0.094   0.561   0.237
   12   G   0.101   0.622   0.245
   13   T   0.101   0.525   0.246
   14   I   0.098   0.542   0.241
   15   I   0.102   0.627   0.245
   16   G   0.103   0.614   0.247
   17   S   0.140   0.335   0.288
   18   G   0.102   0.309   0.243
   19   I   0.156   0.215   0.298
   20   F   0.110   0.169   0.246
   21   V   0.116   0.145   0.249
   22   T   0.110   0.137   0.238
   23   P   0.104   0.205   0.226
   24   T   0.110   0.255   0.228
   25   G   0.113   0.196   0.227
   26   V   0.097   0.279   0.207
   27   L   0.103   0.211   0.209
   28   K   0.105   0.257   0.206
   29   E   0.113   0.149   0.209
   30   A   0.108   0.142   0.198
   31   G   0.100   0.154   0.186
   32   S   0.103   0.170   0.184
   33   P   0.101   0.213   0.177
   34   G   0.104   0.216   0.175
   35   L   0.100   0.241   0.166
   36   A   0.099   0.254   0.161
   37   L   0.108   0.196   0.164
   38   V   0.103   0.230   0.154
   39   V   0.099   0.260   0.145
   40   W   0.111   0.307   0.152
   41   A   0.107   0.345   0.149
   42   A   0.111   0.379   0.155
   43   C   0.102   0.406   0.151
   44   G   0.102   0.370   0.156
   45   V   0.100   0.383   0.157
   46   F   0.101   0.383   0.160
   47   S   0.107   0.536   0.167
   48   I   0.106   0.586   0.171
   49   V   0.102   0.600   0.172
   50   G   0.107   0.687   0.181
   51   A   0.125   0.311   0.202
   52   L   0.172   0.171   0.240
   53   C   0.109   0.164   0.192
   54   Y   0.139   0.133   0.216
   55   A   0.104   0.121   0.186
   56   E   0.163   0.107   0.232
   57   L   0.106   0.106   0.186
   58   G   0.109   0.101   0.187
   59   T   0.104   0.098   0.181
   60   T   0.105   0.098   0.180
   61   I   0.105   0.101   0.178
   62   S   0.103   0.099   0.174
   63   K   0.106   0.099   0.174
   64   S   0.099   0.104   0.165
   65   G   0.100   0.103   0.162
   66   G   0.100   0.107   0.157
   67   D   0.104   0.103   0.157
   68   Y   0.104   0.104   0.153
   69   A   0.100   0.104   0.145
   70   Y   0.095   0.109   0.134
# Measure  Position  Value    Cutoff   signal peptide?
  max. C    52       0.172
  max. Y    19       0.298
  max. S    50       0.687
  mean S     1-18    0.564
       D     1-18    0.442   0.450   NO
Name=LAT1_HUMAN_TRANSMEM1	SP='NO' D=0.442 D-cutoff=0.450 Networks=SignalP-noTM
