# SignalP-4.1 euk predictions
# Name=MAL2_HUMAN_TRANSMEM4	Length=70	Networks=SignalP-noTM
# pos  aa    C       S       Y
    1   F   0.100   0.823   0.287
    2   T   0.102   0.860   0.290
    3   V   0.101   0.849   0.289
    4   F   0.102   0.807   0.290
    5   V   0.102   0.873   0.290
    6   F   0.097   0.857   0.283
    7   Y   0.104   0.875   0.293
    8   F   0.100   0.879   0.289
    9   G   0.105   0.874   0.296
   10   A   0.100   0.906   0.290
   11   F   0.096   0.896   0.284
   12   L   0.102   0.951   0.293
   13   L   0.098   0.920   0.289
   14   E   0.100   0.875   0.292
   15   A   0.105   0.895   0.299
   16   A   0.130   0.808   0.334
   17   A   0.107   0.713   0.303
   18   T   0.395   0.337   0.581
   19   S   0.139   0.300   0.340
   20   L   0.135   0.222   0.330
   21   H   0.149   0.152   0.341
   22   D   0.123   0.106   0.304
   23   L   0.104   0.128   0.273
   24   H   0.107   0.131   0.270
   25   C   0.105   0.145   0.261
   26   N   0.131   0.114   0.285
   27   T   0.099   0.127   0.241
   28   T   0.109   0.120   0.246
   29   I   0.108   0.106   0.237
   30   T   0.099   0.114   0.219
   31   G   0.107   0.117   0.219
   32   Q   0.121   0.111   0.225
   33   P   0.103   0.107   0.198
   34   L   0.105   0.104   0.191
   35   L   0.099   0.112   0.174
   36   S   0.099   0.119   0.164
   37   D   0.106   0.109   0.158
   38   N   0.101   0.109   0.142
   39   Q   0.100   0.100   0.130
   40   Y   0.102   0.100   0.120
   41   N   0.101   0.104   0.114
   42   I   0.095   0.098   0.107
   43   N   0.096   0.101   0.105
   44   V   0.100   0.105   0.106
   45   A   0.097   0.096   0.105
   46   A   0.099   0.086   0.105
   47   S   0.096   0.091   0.102
   48   I   0.101   0.106   0.104
   49   F   0.101   0.103   0.104
   50   A   0.102   0.094   0.104
   51   F   0.094   0.093   0.099
   52   M   0.108   0.101   0.106
   53   T   0.103   0.113   0.103
   54   T   0.108   0.114   0.105
   55   A   0.104   0.107   0.103
   56   C   0.102   0.103   0.103
   57   Y   0.108   0.098   0.106
   58   G   0.099   0.101   0.101
   59   C   0.163   0.099   0.129
   60   S   0.106   0.100   0.104
   61   L   0.106   0.105   0.103
   62   G   0.105   0.104   0.103
   63   L   0.111   0.100   0.106
   64   A   0.107   0.105   0.104
   65   L   0.118   0.102   0.109
   66   R   0.106   0.104   0.104
   67   R   0.105   0.099   0.103
   68   W   0.105   0.103   0.103
   69   R   0.099   0.104   0.101
   70   P   0.102   0.103   0.102
# Measure  Position  Value    Cutoff   signal peptide?
  max. C    18       0.395
  max. Y    18       0.581
  max. S    12       0.951
  mean S     1-17    0.862
       D     1-17    0.733   0.450   YES
Name=MAL2_HUMAN_TRANSMEM4	SP='YES' Cleavage site between pos. 17 and 18: AAA-TS D=0.733 D-cutoff=0.450 Networks=SignalP-noTM
