# SignalP-4.1 euk predictions
# Name=MDR3_HUMAN_TRANSMEM3	Length=70	Networks=SignalP-TM
# pos  aa    C       S       Y
    1   G   0.101   0.232   0.153
    2   D   0.101   0.206   0.153
    3   K   0.103   0.208   0.154
    4   V   0.101   0.216   0.152
    5   G   0.102   0.232   0.152
    6   M   0.099   0.199   0.150
    7   F   0.102   0.206   0.152
    8   F   0.104   0.175   0.152
    9   Q   0.104   0.176   0.151
   10   A   0.102   0.130   0.148
   11   V   0.100   0.090   0.144
   12   A   0.105   0.075   0.144
   13   T   0.097   0.048   0.134
   14   F   0.101   0.065   0.132
   15   F   0.102   0.049   0.128
   16   A   0.104   0.049   0.124
   17   G   0.099   0.069   0.117
   18   F   0.101   0.058   0.113
   19   I   0.103   0.038   0.109
   20   V   0.103   0.059   0.103
   21   G   0.103   0.026   0.097
   22   F   0.127   0.048   0.100
   23   I   0.103   0.079   0.085
   24   R   0.104   0.116   0.081
   25   G   0.104   0.099   0.080
   26   W   0.196   0.119   0.111
   27   K   0.104   0.106   0.083
   28   L   0.104   0.088   0.085
   29   T   0.107   0.069   0.088
   30   L   0.104   0.059   0.087
   31   V   0.104   0.065   0.088
   32   I   0.104   0.079   0.088
   33   M   0.105   0.052   0.089
   34   A   0.102   0.059   0.088
   35   I   0.104   0.076   0.089
   36   S   0.103   0.078   0.091
   37   P   0.097   0.076   0.089
   38   I   0.104   0.068   0.092
   39   L   0.101   0.100   0.089
   40   G   0.102   0.163   0.089
   41   L   0.138   0.134   0.106
   42   S   0.107   0.239   0.094
   43   A   0.115   0.187   0.104
   44   A   0.126   0.134   0.114
   45   V   0.136   0.125   0.121
   46   W   0.103   0.119   0.107
   47   A   0.104   0.136   0.109
   48   K   0.136   0.104   0.128
   49   I   0.101   0.112   0.112
   50   L   0.099   0.128   0.112
   51   S   0.103   0.152   0.116
   52   A   0.109   0.131   0.122
   53   F   0.106   0.120   0.122
   54   S   0.103   0.113   0.121
   55   D   0.105   0.107   0.120
   56   K   0.101   0.109   0.117
   57   E   0.102   0.109   0.114
   58   L   0.106   0.113   0.113
   59   A   0.105   0.111   0.112
   60   A   0.104   0.107   0.111
   61   Y   0.103   0.106   0.110
   62   A   0.102   0.104   0.109
   63   K   0.101   0.105   0.108
   64   A   0.107   0.107   0.111
   65   G   0.097   0.104   0.105
   66   A   0.102   0.106   0.106
   67   V   0.100   0.107   0.104
   68   A   0.105   0.107   0.106
   69   E   0.099   0.107   0.103
   70   E   0.101   0.107   0.104
# Measure  Position  Value    Cutoff   signal peptide?
  max. C    26       0.196
  max. Y    12       0.144
  max. S    42       0.239
  mean S     1-11    0.188
       D     1-11    0.162   0.500   NO
Name=MDR3_HUMAN_TRANSMEM3	SP='NO' D=0.162 D-cutoff=0.500 Networks=SignalP-TM
