# SignalP-4.1 euk predictions
# Name=MF14B_HUMAN_TRANSMEM12	Length=70	Networks=SignalP-TM
# pos  aa    C       S       Y
    1   G   0.102   0.705   0.268
    2   P   0.099   0.702   0.264
    3   P   0.104   0.779   0.271
    4   F   0.103   0.697   0.271
    5   L   0.104   0.761   0.272
    6   F   0.101   0.730   0.268
    7   G   0.105   0.780   0.273
    8   A   0.102   0.823   0.271
    9   C   0.101   0.859   0.271
   10   I   0.105   0.826   0.279
   11   V   0.101   0.840   0.274
   12   L   0.100   0.835   0.275
   13   M   0.102   0.802   0.280
   14   S   0.100   0.818   0.278
   15   F   0.101   0.805   0.281
   16   L   0.102   0.839   0.284
   17   V   0.103   0.829   0.287
   18   A   0.103   0.850   0.288
   19   L   0.150   0.776   0.349
   20   F   0.125   0.690   0.319
   21   I   0.171   0.411   0.373
   22   P   0.102   0.288   0.284
   23   E   0.108   0.345   0.284
   24   Y   0.103   0.420   0.270
   25   S   0.102   0.483   0.264
   26   K   0.120   0.420   0.281
   27   A   0.111   0.416   0.264
   28   S   0.646   0.149   0.622
   29   G   0.106   0.144   0.242
   30   V   0.164   0.114   0.288
   31   Q   0.106   0.107   0.219
   32   K   0.103   0.110   0.203
   33   H   0.101   0.100   0.187
   34   S   0.102   0.105   0.175
   35   N   0.102   0.100   0.162
   36   S   0.102   0.102   0.155
   37   S   0.100   0.104   0.149
   38   S   0.102   0.102   0.145
   39   G   0.102   0.103   0.136
   40   S   0.098   0.104   0.123
   41   L   0.099   0.105   0.115
   42   T   0.103   0.101   0.107
   43   N   0.101   0.105   0.104
   44   T   0.103   0.102   0.104
   45   P   0.104   0.103   0.104
   46   E   0.105   0.103   0.104
   47   R   0.103   0.105   0.103
   48   G   0.104   0.101   0.104
   49   S   0.098   0.099   0.100
   50   D   0.102   0.106   0.103
   51   E   0.101   0.106   0.102
   52   D   0.104   0.108   0.104
   53   I   0.103   0.105   0.103
   54   E   0.104   0.105   0.104
   55   P   0.106   0.102   0.105
   56   L   0.104   0.105   0.104
   57   L   0.106   0.102   0.105
   58   Q   0.103   0.102   0.104
   59   D   0.104   0.099   0.104
   60   S   0.103   0.101   0.103
   61   S   0.105   0.100   0.104
   62   I   0.104   0.098   0.104
   63   W   0.102   0.098   0.102
   64   E   0.100   0.100   0.101
   65   L   0.099   0.100   0.101
   66   S   0.100   0.102   0.101
   67   S   0.100   0.102   0.101
   68   F   0.099   0.103   0.100
   69   E   0.098   0.104   0.099
   70   E   0.102   0.105   0.102
# Measure  Position  Value    Cutoff   signal peptide?
  max. C    28       0.646
  max. Y    28       0.622
  max. S     9       0.859
  mean S     1-27    0.686
       D     1-27    0.648   0.500   YES
Name=MF14B_HUMAN_TRANSMEM12	SP='YES' Cleavage site between pos. 27 and 28: SKA-SG D=0.648 D-cutoff=0.500 Networks=SignalP-TM
