# SignalP-4.1 euk predictions
# Name=MGST3_HUMAN_TRANSMEM1	Length=70	Networks=SignalP-TM
# pos  aa    C       S       Y
    1   G   0.103   0.536   0.234
    2   F   0.100   0.594   0.232
    3   V   0.104   0.590   0.237
    4   L   0.103   0.607   0.236
    5   L   0.104   0.531   0.239
    6   T   0.100   0.593   0.234
    7   G   0.107   0.477   0.243
    8   A   0.104   0.437   0.239
    9   A   0.100   0.419   0.233
   10   S   0.100   0.487   0.231
   11   F   0.100   0.522   0.230
   12   I   0.099   0.416   0.229
   13   M   0.101   0.440   0.229
   14   V   0.101   0.507   0.228
   15   A   0.102   0.483   0.228
   16   H   0.101   0.497   0.226
   17   L   0.104   0.388   0.228
   18   A   0.145   0.244   0.265
   19   I   0.116   0.177   0.231
   20   N   0.106   0.195   0.214
   21   V   0.110   0.169   0.212
   22   S   0.105   0.198   0.201
   23   K   0.109   0.265   0.200
   24   A   0.108   0.197   0.196
   25   R   0.375   0.113   0.355
   26   K   0.106   0.111   0.180
   27   K   0.120   0.102   0.185
   28   Y   0.103   0.103   0.164
   29   K   0.102   0.105   0.154
   30   V   0.104   0.107   0.146
   31   E   0.101   0.109   0.134
   32   Y   0.102   0.113   0.126
   33   P   0.098   0.110   0.120
   34   I   0.104   0.107   0.122
   35   M   0.104   0.107   0.119
   36   Y   0.102   0.103   0.116
   37   S   0.101   0.105   0.112
   38   T   0.102   0.103   0.108
   39   D   0.106   0.102   0.106
   40   P   0.101   0.105   0.104
   41   E   0.101   0.105   0.103
   42   N   0.104   0.102   0.105
   43   G   0.102   0.101   0.104
   44   H   0.097   0.107   0.101
   45   I   0.102   0.096   0.104
   46   F   0.101   0.096   0.103
   47   N   0.103   0.101   0.103
   48   C   0.103   0.099   0.103
   49   I   0.105   0.100   0.104
   50   Q   0.105   0.094   0.104
   51   R   0.103   0.092   0.102
   52   A   0.102   0.097   0.101
   53   H   0.097   0.101   0.099
   54   Q   0.104   0.094   0.102
   55   N   0.100   0.100   0.100
   56   T   0.100   0.098   0.099
   57   L   0.104   0.103   0.101
   58   E   0.102   0.111   0.100
   59   V   0.100   0.122   0.100
   60   Y   0.100   0.112   0.100
   61   P   0.101   0.117   0.101
   62   P   0.102   0.114   0.103
   63   F   0.105   0.117   0.104
   64   L   0.105   0.111   0.105
   65   F   0.102   0.106   0.104
   66   F   0.101   0.107   0.104
   67   L   0.104   0.108   0.106
   68   A   0.105   0.109   0.107
   69   V   0.102   0.117   0.106
   70   G   0.105   0.110   0.108
# Measure  Position  Value    Cutoff   signal peptide?
  max. C    25       0.375
  max. Y    25       0.355
  max. S     4       0.607
  mean S     1-24    0.415
       D     1-24    0.379   0.500   NO
Name=MGST3_HUMAN_TRANSMEM1	SP='NO' D=0.379 D-cutoff=0.500 Networks=SignalP-TM
