# SignalP-4.1 euk predictions
# Name=MOGT2_HUMAN_TRANSMEM3	Length=70	Networks=SignalP-noTM
# pos  aa    C       S       Y
    1   Y   0.103   0.416   0.207
    2   I   0.105   0.318   0.209
    3   A   0.102   0.350   0.205
    4   G   0.099   0.355   0.201
    5   F   0.102   0.391   0.203
    6   H   0.100   0.357   0.201
    7   P   0.106   0.329   0.206
    8   H   0.103   0.386   0.202
    9   G   0.100   0.335   0.199
   10   V   0.100   0.263   0.198
   11   L   0.105   0.205   0.202
   12   A   0.106   0.225   0.200
   13   V   0.112   0.258   0.203
   14   G   0.104   0.220   0.194
   15   A   0.102   0.219   0.189
   16   F   0.102   0.254   0.187
   17   A   0.108   0.185   0.190
   18   N   0.111   0.158   0.190
   19   L   0.100   0.160   0.177
   20   C   0.100   0.193   0.173
   21   T   0.108   0.181   0.177
   22   E   0.113   0.224   0.178
   23   S   0.122   0.181   0.182
   24   T   0.124   0.163   0.180
   25   G   0.102   0.177   0.161
   26   F   0.196   0.139   0.220
   27   S   0.112   0.125   0.163
   28   S   0.127   0.123   0.169
   29   I   0.110   0.124   0.153
   30   F   0.099   0.110   0.142
   31   P   0.101   0.116   0.139
   32   G   0.109   0.122   0.141
   33   I   0.099   0.119   0.132
   34   R   0.101   0.134   0.132
   35   P   0.104   0.157   0.132
   36   H   0.140   0.128   0.151
   37   L   0.100   0.135   0.126
   38   M   0.104   0.121   0.127
   39   M   0.102   0.117   0.123
   40   L   0.101   0.139   0.121
   41   T   0.102   0.142   0.121
   42   L   0.107   0.137   0.124
   43   W   0.107   0.206   0.123
   44   F   0.097   0.205   0.117
   45   R   0.101   0.201   0.120
   46   A   0.107   0.172   0.123
   47   P   0.096   0.171   0.117
   48   F   0.105   0.229   0.123
   49   F   0.097   0.174   0.120
   50   R   0.100   0.165   0.122
   51   D   0.109   0.106   0.128
   52   Y   0.097   0.096   0.121
   53   I   0.095   0.118   0.119
   54   M   0.101   0.118   0.123
   55   S   0.103   0.121   0.124
   56   A   0.111   0.112   0.129
   57   G   0.095   0.102   0.119
   58   L   0.097   0.103   0.119
   59   V   0.099   0.097   0.120
   60   T   0.100   0.100   0.120
   61   S   0.107   0.102   0.123
   62   E   0.102   0.106   0.120
   63   K   0.102   0.100   0.120
   64   E   0.099   0.104   0.117
   65   S   0.101   0.101   0.118
   66   A   0.104   0.100   0.117
   67   A   0.104   0.100   0.115
   68   H   0.097   0.101   0.109
   69   I   0.097   0.107   0.107
   70   L   0.098   0.103   0.107
# Measure  Position  Value    Cutoff   signal peptide?
  max. C    26       0.196
  max. Y    26       0.220
  max. S     1       0.416
  mean S     1-25    0.260
       D     1-25    0.242   0.450   NO
Name=MOGT2_HUMAN_TRANSMEM3	SP='NO' D=0.242 D-cutoff=0.450 Networks=SignalP-noTM
