# SignalP-4.1 euk predictions
# Name=MOT1_HUMAN_TRANSMEM9	Length=70	Networks=SignalP-noTM
# pos  aa    C       S       Y
    1   I   0.103   0.452   0.215
    2   Q   0.099   0.461   0.211
    3   Y   0.102   0.419   0.215
    4   F   0.099   0.405   0.212
    5   F   0.104   0.334   0.216
    6   A   0.105   0.342   0.216
    7   A   0.099   0.349   0.209
    8   S   0.096   0.342   0.204
    9   V   0.100   0.374   0.207
   10   V   0.099   0.375   0.206
   11   A   0.103   0.391   0.208
   12   N   0.102   0.402   0.207
   13   G   0.100   0.430   0.204
   14   V   0.104   0.381   0.208
   15   C   0.108   0.395   0.211
   16   H   0.110   0.356   0.213
   17   M   0.102   0.354   0.204
   18   L   0.110   0.285   0.210
   19   A   0.104   0.259   0.202
   20   P   0.098   0.176   0.194
   21   L   0.117   0.182   0.209
   22   S   0.103   0.177   0.192
   23   T   0.105   0.229   0.191
   24   T   0.117   0.249   0.199
   25   Y   0.125   0.230   0.203
   26   V   0.105   0.226   0.183
   27   G   0.110   0.169   0.185
   28   F   0.106   0.144   0.179
   29   C   0.104   0.164   0.175
   30   V   0.122   0.173   0.187
   31   Y   0.106   0.256   0.172
   32   A   0.107   0.214   0.171
   33   G   0.106   0.180   0.167
   34   F   0.099   0.188   0.159
   35   F   0.104   0.226   0.160
   36   G   0.101   0.255   0.155
   37   F   0.104   0.297   0.155
   38   A   0.104   0.331   0.154
   39   F   0.108   0.304   0.156
   40   G   0.103   0.250   0.152
   41   W   0.151   0.267   0.183
   42   L   0.105   0.447   0.152
   43   S   0.106   0.481   0.158
   44   S   0.108   0.429   0.163
   45   V   0.124   0.284   0.179
   46   L   0.103   0.282   0.164
   47   F   0.102   0.367   0.164
   48   E   0.121   0.207   0.180
   49   T   0.108   0.181   0.170
   50   L   0.100   0.218   0.164
   51   M   0.102   0.155   0.167
   52   D   0.111   0.127   0.174
   53   L   0.100   0.134   0.164
   54   V   0.102   0.130   0.165
   55   G   0.107   0.125   0.167
   56   P   0.099   0.108   0.160
   57   Q   0.137   0.105   0.187
   58   R   0.102   0.105   0.160
   59   F   0.102   0.097   0.157
   60   S   0.096   0.101   0.149
   61   S   0.100   0.096   0.149
   62   A   0.102   0.099   0.148
   63   V   0.104   0.096   0.147
   64   G   0.106   0.099   0.145
   65   L   0.095   0.100   0.132
   66   V   0.099   0.097   0.128
   67   T   0.106   0.097   0.126
   68   I   0.104   0.094   0.122
   69   V   0.091   0.095   0.110
   70   E   0.108   0.094   0.114
# Measure  Position  Value    Cutoff   signal peptide?
  max. C    41       0.151
  max. Y    16       0.213
  max. S    43       0.481
  mean S     1-15    0.390
       D     1-15    0.309   0.450   NO
Name=MOT1_HUMAN_TRANSMEM9	SP='NO' D=0.309 D-cutoff=0.450 Networks=SignalP-noTM
