# SignalP-4.1 euk predictions
# Name=MRP1_HUMAN_TRANSMEM16	Length=70	Networks=SignalP-noTM
# pos  aa    C       S       Y
    1   E   0.101   0.659   0.258
    2   C   0.103   0.694   0.261
    3   V   0.100   0.642   0.257
    4   G   0.103   0.771   0.261
    5   N   0.098   0.829   0.255
    6   C   0.099   0.813   0.259
    7   I   0.102   0.858   0.263
    8   V   0.101   0.862   0.264
    9   L   0.095   0.857   0.258
   10   F   0.105   0.798   0.272
   11   A   0.104   0.820   0.273
   12   A   0.102   0.781   0.271
   13   L   0.095   0.777   0.263
   14   F   0.099   0.734   0.269
   15   A   0.104   0.703   0.276
   16   V   0.100   0.676   0.272
   17   I   0.101   0.802   0.273
   18   S   0.100   0.849   0.273
   19   R   0.135   0.786   0.319
   20   H   0.129   0.731   0.313
   21   S   0.110   0.666   0.290
   22   L   0.139   0.599   0.325
   23   S   0.107   0.623   0.285
   24   A   0.381   0.511   0.537
   25   G   0.203   0.269   0.390
   26   L   0.144   0.199   0.325
   27   V   0.108   0.168   0.277
   28   G   0.102   0.181   0.263
   29   L   0.106   0.180   0.262
   30   S   0.103   0.171   0.252
   31   V   0.107   0.174   0.251
   32   S   0.106   0.226   0.243
   33   Y   0.111   0.184   0.243
   34   S   0.101   0.238   0.225
   35   L   0.130   0.162   0.248
   36   Q   0.100   0.164   0.212
   37   V   0.111   0.142   0.216
   38   T   0.099   0.122   0.198
   39   T   0.104   0.132   0.196
   40   Y   0.108   0.112   0.192
   41   L   0.112   0.107   0.185
   42   N   0.099   0.101   0.165
   43   W   0.099   0.110   0.156
   44   L   0.107   0.112   0.154
   45   V   0.099   0.107   0.141
   46   R   0.105   0.142   0.136
   47   M   0.107   0.167   0.131
   48   S   0.101   0.127   0.125
   49   S   0.103   0.126   0.125
   50   E   0.110   0.108   0.128
   51   M   0.103   0.100   0.123
   52   E   0.099   0.102   0.119
   53   T   0.103   0.114   0.120
   54   N   0.106   0.118   0.120
   55   I   0.106   0.129   0.118
   56   V   0.098   0.121   0.113
   57   A   0.101   0.117   0.112
   58   V   0.099   0.108   0.110
   59   E   0.103   0.109   0.111
   60   R   0.103   0.107   0.110
   61   L   0.104   0.106   0.110
   62   K   0.106   0.104   0.111
   63   E   0.104   0.102   0.110
   64   Y   0.105   0.106   0.110
   65   S   0.101   0.104   0.108
   66   E   0.100   0.100   0.107
   67   T   0.100   0.104   0.107
   68   E   0.100   0.107   0.107
   69   K   0.100   0.110   0.106
   70   E   0.096   0.108   0.103
# Measure  Position  Value    Cutoff   signal peptide?
  max. C    24       0.381
  max. Y    24       0.537
  max. S     8       0.862
  mean S     1-23    0.754
       D     1-23    0.654   0.450   YES
Name=MRP1_HUMAN_TRANSMEM16	SP='YES' Cleavage site between pos. 23 and 24: SLS-AG D=0.654 D-cutoff=0.450 Networks=SignalP-noTM
