# SignalP-4.1 euk predictions
# Name=MRP2_HUMAN_TRANSMEM15	Length=70	Networks=SignalP-noTM
# pos  aa    C       S       Y
    1   T   0.102   0.698   0.266
    2   P   0.103   0.656   0.268
    3   V   0.102   0.652   0.267
    4   F   0.101   0.671   0.264
    5   T   0.104   0.683   0.269
    6   I   0.101   0.740   0.264
    7   I   0.103   0.680   0.268
    8   V   0.101   0.677   0.265
    9   I   0.102   0.566   0.266
   10   P   0.103   0.570   0.265
   11   L   0.102   0.538   0.264
   12   G   0.104   0.430   0.264
   13   I   0.097   0.519   0.254
   14   I   0.099   0.532   0.254
   15   Y   0.100   0.545   0.254
   16   V   0.100   0.568   0.253
   17   S   0.104   0.557   0.256
   18   V   0.097   0.668   0.246
   19   Q   0.172   0.325   0.327
   20   M   0.147   0.235   0.299
   21   F   0.194   0.143   0.337
   22   Y   0.102   0.166   0.239
   23   V   0.098   0.209   0.229
   24   S   0.102   0.215   0.230
   25   T   0.100   0.240   0.222
   26   S   0.129   0.168   0.248
   27   R   0.175   0.125   0.282
   28   Q   0.107   0.118   0.214
   29   L   0.116   0.107   0.216
   30   R   0.099   0.109   0.192
   31   R   0.104   0.113   0.190
   32   L   0.106   0.105   0.186
   33   D   0.107   0.097   0.181
   34   S   0.105   0.101   0.174
   35   V   0.107   0.091   0.171
   36   T   0.099   0.090   0.158
   37   R   0.102   0.094   0.154
   38   S   0.102   0.090   0.146
   39   P   0.096   0.092   0.135
   40   I   0.104   0.088   0.132
   41   Y   0.099   0.089   0.119
   42   S   0.101   0.090   0.115
   43   H   0.097   0.088   0.110
   44   F   0.101   0.093   0.111
   45   S   0.101   0.092   0.110
   46   E   0.098   0.092   0.105
   47   T   0.101   0.097   0.104
   48   V   0.106   0.091   0.103
   49   S   0.105   0.098   0.101
   50   G   0.100   0.096   0.098
   51   L   0.123   0.090   0.109
   52   P   0.107   0.100   0.100
   53   V   0.105   0.099   0.100
   54   I   0.106   0.111   0.099
   55   R   0.106   0.114   0.100
   56   A   0.107   0.105   0.101
   57   F   0.108   0.100   0.101
   58   E   0.105   0.100   0.100
   59   H   0.102   0.098   0.099
   60   Q   0.104   0.104   0.100
   61   Q   0.100   0.099   0.098
   62   R   0.100   0.103   0.099
   63   F   0.106   0.103   0.102
   64   L   0.101   0.104   0.099
   65   K   0.104   0.101   0.101
   66   H   0.101   0.098   0.100
   67   N   0.099   0.103   0.099
   68   E   0.104   0.100   0.102
   69   V   0.105   0.100   0.103
   70   R   0.101   0.103   0.101
# Measure  Position  Value    Cutoff   signal peptide?
  max. C    21       0.194
  max. Y    21       0.337
  max. S     6       0.740
  mean S     1-20    0.575
       D     1-20    0.466   0.450   YES
Name=MRP2_HUMAN_TRANSMEM15	SP='YES' Cleavage site between pos. 20 and 21: VQM-FY D=0.466 D-cutoff=0.450 Networks=SignalP-noTM
