# SignalP-4.1 euk predictions
# Name=NALCN_HUMAN_TRANSMEM18	Length=70	Networks=SignalP-TM
# pos  aa    C       S       Y
    1   I   0.102   0.445   0.213
    2   H   0.101   0.494   0.212
    3   V   0.102   0.526   0.214
    4   F   0.101   0.383   0.214
    5   V   0.104   0.325   0.216
    6   F   0.100   0.430   0.210
    7   L   0.105   0.399   0.215
    8   G   0.101   0.520   0.210
    9   C   0.099   0.608   0.209
   10   M   0.104   0.698   0.217
   11   I   0.101   0.751   0.219
   12   G   0.102   0.623   0.225
   13   L   0.097   0.405   0.222
   14   T   0.101   0.472   0.226
   15   L   0.103   0.492   0.229
   16   F   0.104   0.543   0.230
   17   V   0.195   0.377   0.316
   18   G   0.104   0.473   0.228
   19   V   0.116   0.369   0.243
   20   V   0.103   0.279   0.229
   21   I   0.108   0.272   0.233
   22   A   0.160   0.245   0.281
   23   N   0.399   0.133   0.434
   24   F   0.105   0.184   0.214
   25   N   0.115   0.144   0.215
   26   E   0.106   0.145   0.195
   27   N   0.101   0.141   0.181
   28   K   0.103   0.145   0.177
   29   G   0.101   0.210   0.169
   30   T   0.124   0.175   0.180
   31   A   0.109   0.129   0.160
   32   L   0.144   0.107   0.177
   33   L   0.106   0.101   0.142
   34   T   0.101   0.092   0.132
   35   V   0.106   0.098   0.130
   36   D   0.107   0.093   0.125
   37   Q   0.104   0.097   0.119
   38   R   0.100   0.100   0.115
   39   R   0.102   0.102   0.114
   40   W   0.102   0.104   0.113
   41   E   0.099   0.101   0.109
   42   D   0.100   0.102   0.109
   43   L   0.100   0.099   0.107
   44   K   0.101   0.102   0.104
   45   S   0.101   0.102   0.101
   46   R   0.101   0.104   0.101
   47   L   0.103   0.104   0.101
   48   K   0.103   0.104   0.101
   49   I   0.101   0.103   0.101
   50   A   0.105   0.101   0.103
   51   Q   0.100   0.097   0.101
   52   P   0.108   0.102   0.105
   53   L   0.101   0.101   0.101
   54   H   0.104   0.098   0.103
   55   L   0.101   0.100   0.101
   56   P   0.100   0.101   0.101
   57   P   0.101   0.101   0.101
   58   R   0.101   0.104   0.101
   59   P   0.103   0.102   0.102
   60   D   0.102   0.103   0.102
   61   N   0.101   0.104   0.102
   62   D   0.100   0.104   0.101
   63   G   0.099   0.109   0.100
   64   F   0.101   0.108   0.101
   65   R   0.104   0.107   0.103
   66   A   0.104   0.106   0.104
   67   K   0.098   0.108   0.101
   68   M   0.102   0.107   0.103
   69   Y   0.104   0.105   0.105
   70   D   0.105   0.103   0.105
# Measure  Position  Value    Cutoff   signal peptide?
  max. C    23       0.399
  max. Y    23       0.434
  max. S    11       0.751
  mean S     1-22    0.460
       D     1-22    0.445   0.500   NO
Name=NALCN_HUMAN_TRANSMEM18	SP='NO' D=0.445 D-cutoff=0.500 Networks=SignalP-TM
