# SignalP-4.1 euk predictions
# Name=NDC1_HUMAN_TRANSMEM4	Length=70	Networks=SignalP-TM
# pos  aa    C       S       Y
    1   H   0.101   0.331   0.183
    2   L   0.102   0.333   0.184
    3   F   0.102   0.337   0.184
    4   F   0.102   0.290   0.184
    5   L   0.104   0.278   0.185
    6   L   0.103   0.213   0.183
    7   T   0.105   0.195   0.182
    8   G   0.106   0.188   0.180
    9   A   0.100   0.138   0.172
   10   F   0.098   0.167   0.167
   11   M   0.103   0.207   0.167
   12   G   0.098   0.184   0.161
   13   Y   0.097   0.105   0.157
   14   S   0.100   0.183   0.154
   15   Y   0.112   0.132   0.159
   16   S   0.102   0.170   0.146
   17   L   0.275   0.155   0.234
   18   L   0.099   0.148   0.136
   19   Y   0.121   0.128   0.146
   20   F   0.103   0.092   0.130
   21   V   0.110   0.085   0.131
   22   N   0.101   0.115   0.123
   23   N   0.104   0.168   0.122
   24   M   0.107   0.121   0.125
   25   N   0.102   0.116   0.121
   26   Y   0.104   0.105   0.119
   27   L   0.102   0.100   0.115
   28   P   0.102   0.103   0.115
   29   F   0.101   0.129   0.112
   30   P   0.103   0.114   0.113
   31   I   0.103   0.119   0.111
   32   I   0.103   0.124   0.110
   33   Q   0.103   0.093   0.109
   34   Q   0.100   0.093   0.106
   35   Y   0.102   0.093   0.108
   36   K   0.102   0.086   0.108
   37   F   0.102   0.083   0.107
   38   L   0.101   0.077   0.103
   39   R   0.103   0.071   0.103
   40   F   0.103   0.082   0.101
   41   R   0.103   0.071   0.100
   42   R   0.102   0.068   0.099
   43   S   0.102   0.101   0.097
   44   L   0.100   0.100   0.095
   45   L   0.103   0.095   0.096
   46   L   0.101   0.066   0.094
   47   L   0.102   0.061   0.093
   48   V   0.101   0.052   0.091
   49   K   0.103   0.032   0.090
   50   H   0.103   0.044   0.088
   51   S   0.098   0.046   0.084
   52   C   0.101   0.064   0.083
   53   V   0.100   0.080   0.083
   54   E   0.095   0.080   0.081
   55   S   0.100   0.055   0.083
   56   L   0.107   0.074   0.085
   57   F   0.101   0.075   0.083
   58   L   0.101   0.088   0.081
   59   V   0.099   0.105   0.080
   60   R   0.098   0.118   0.080
   61   N   0.106   0.119   0.086
   62   F   0.100   0.112   0.086
   63   C   0.102   0.117   0.089
   64   I   0.105   0.105   0.094
   65   L   0.100   0.110   0.094
   66   Y   0.100   0.110   0.097
   67   Y   0.101   0.118   0.099
   68   F   0.100   0.118   0.100
   69   L   0.101   0.104   0.101
   70   G   0.103   0.107   0.104
# Measure  Position  Value    Cutoff   signal peptide?
  max. C    17       0.275
  max. Y    17       0.234
  max. S     3       0.337
  mean S     1-16    0.216
       D     1-16    0.227   0.500   NO
Name=NDC1_HUMAN_TRANSMEM4	SP='NO' D=0.227 D-cutoff=0.500 Networks=SignalP-TM
