# SignalP-4.1 euk predictions
# Name=NGBR_HUMAN_TRANSMEM3	Length=70	Networks=SignalP-noTM
# pos  aa    C       S       Y
    1   I   0.104   0.610   0.252
    2   A   0.102   0.599   0.249
    3   S   0.097   0.658   0.244
    4   L   0.102   0.644   0.249
    5   V   0.100   0.593   0.248
    6   V   0.102   0.511   0.250
    7   W   0.101   0.501   0.248
    8   C   0.098   0.521   0.243
    9   M   0.104   0.533   0.250
   10   A   0.107   0.554   0.252
   11   V   0.103   0.437   0.248
   12   G   0.100   0.479   0.242
   13   I   0.102   0.401   0.243
   14   S   0.100   0.464   0.239
   15   Y   0.108   0.397   0.247
   16   I   0.112   0.252   0.249
   17   S   0.127   0.211   0.261
   18   V   0.103   0.317   0.231
   19   Y   0.143   0.223   0.269
   20   D   0.110   0.230   0.231
   21   H   0.132   0.147   0.249
   22   Q   0.123   0.126   0.235
   23   G   0.109   0.116   0.216
   24   I   0.122   0.107   0.222
   25   F   0.101   0.116   0.196
   26   K   0.104   0.107   0.193
   27   R   0.101   0.101   0.184
   28   N   0.101   0.104   0.177
   29   N   0.103   0.101   0.174
   30   S   0.104   0.100   0.169
   31   R   0.101   0.102   0.161
   32   L   0.100   0.106   0.154
   33   M   0.101   0.101   0.148
   34   D   0.100   0.096   0.141
   35   E   0.103   0.103   0.137
   36   I   0.105   0.097   0.133
   37   L   0.105   0.097   0.127
   38   K   0.105   0.092   0.121
   39   Q   0.099   0.093   0.114
   40   Q   0.101   0.086   0.113
   41   Q   0.101   0.088   0.108
   42   E   0.103   0.091   0.107
   43   L   0.097   0.091   0.100
   44   L   0.099   0.096   0.100
   45   G   0.101   0.094   0.100
   46   L   0.100   0.085   0.099
   47   D   0.097   0.086   0.097
   48   C   0.098   0.093   0.097
   49   S   0.100   0.088   0.098
   50   K   0.095   0.089   0.095
   51   Y   0.096   0.093   0.095
   52   S   0.096   0.091   0.095
   53   P   0.090   0.091   0.092
   54   E   0.101   0.096   0.097
   55   F   0.099   0.099   0.096
   56   A   0.100   0.117   0.096
   57   N   0.096   0.108   0.094
   58   S   0.102   0.108   0.098
   59   N   0.099   0.104   0.097
   60   D   0.105   0.105   0.100
   61   K   0.099   0.105   0.097
   62   D   0.104   0.106   0.100
   63   D   0.109   0.103   0.103
   64   Q   0.106   0.102   0.101
   65   V   0.104   0.103   0.101
   66   L   0.103   0.101   0.101
   67   N   0.103   0.099   0.101
   68   C   0.097   0.102   0.098
   69   H   0.103   0.100   0.101
   70   L   0.105   0.101   0.102
# Measure  Position  Value    Cutoff   signal peptide?
  max. C    19       0.143
  max. Y    19       0.269
  max. S     3       0.658
  mean S     1-18    0.482
       D     1-18    0.384   0.450   NO
Name=NGBR_HUMAN_TRANSMEM3	SP='NO' D=0.384 D-cutoff=0.450 Networks=SignalP-noTM
