# SignalP-4.1 euk predictions
# Name=NINJ2_HUMAN_TRANSMEM1	Length=70	Networks=SignalP-TM
# pos  aa    C       S       Y
    1   L   0.102   0.603   0.248
    2   V   0.103   0.505   0.249
    3   T   0.102   0.466   0.247
    4   L   0.105   0.372   0.248
    5   I   0.101   0.257   0.240
    6   S   0.103   0.279   0.236
    7   L   0.102   0.186   0.231
    8   S   0.100   0.186   0.222
    9   L   0.101   0.202   0.216
   10   L   0.102   0.214   0.210
   11   L   0.100   0.305   0.201
   12   Q   0.101   0.367   0.197
   13   V   0.102   0.350   0.194
   14   V   0.099   0.259   0.186
   15   I   0.102   0.312   0.182
   16   G   0.108   0.189   0.181
   17   V   0.401   0.158   0.336
   18   L   0.103   0.212   0.164
   19   L   0.108   0.220   0.163
   20   V   0.154   0.172   0.195
   21   V   0.106   0.151   0.159
   22   I   0.106   0.354   0.158
   23   A   0.108   0.380   0.164
   24   R   0.171   0.223   0.211
   25   L   0.117   0.174   0.174
   26   N   0.135   0.119   0.184
   27   L   0.099   0.099   0.152
   28   N   0.119   0.087   0.160
   29   E   0.117   0.075   0.154
   30   V   0.105   0.111   0.140
   31   E   0.111   0.082   0.142
   32   K   0.104   0.079   0.135
   33   Q   0.122   0.055   0.143
   34   W   0.100   0.074   0.124
   35   R   0.100   0.077   0.121
   36   L   0.103   0.063   0.121
   37   N   0.103   0.063   0.112
   38   Q   0.102   0.055   0.100
   39   L   0.103   0.061   0.094
   40   N   0.101   0.043   0.089
   41   N   0.105   0.049   0.088
   42   A   0.103   0.035   0.085
   43   A   0.096   0.033   0.080
   44   T   0.101   0.034   0.080
   45   I   0.104   0.026   0.077
   46   L   0.100   0.026   0.073
   47   V   0.103   0.024   0.072
   48   F   0.101   0.017   0.069
   49   F   0.101   0.016   0.066
   50   T   0.102   0.017   0.063
   51   V   0.103   0.020   0.060
   52   V   0.102   0.022   0.058
   53   I   0.102   0.023   0.056
   54   N   0.100   0.025   0.052
   55   V   0.100   0.035   0.051
   56   F   0.100   0.035   0.050
   57   I   0.104   0.051   0.051
   58   T   0.101   0.062   0.052
   59   A   0.105   0.097   0.054
   60   F   0.103   0.091   0.059
   61   G   0.103   0.118   0.062
   62   A   0.108   0.143   0.070
   63   H   0.101   0.152   0.074
   64   K   0.102   0.135   0.081
   65   T   0.100   0.136   0.085
   66   G   0.102   0.144   0.091
   67   F   0.102   0.140   0.095
   68   L   0.105   0.121   0.101
   69   A   0.104   0.113   0.104
   70   A   0.098   0.105   0.104
# Measure  Position  Value    Cutoff   signal peptide?
  max. C    17       0.401
  max. Y    17       0.336
  max. S     1       0.603
  mean S     1-16    0.316
       D     1-16    0.328   0.500   NO
Name=NINJ2_HUMAN_TRANSMEM1	SP='NO' D=0.328 D-cutoff=0.500 Networks=SignalP-TM
