# SignalP-4.1 euk predictions
# Name=NOC4L_HUMAN_TRANSMEM3	Length=70	Networks=SignalP-TM
# pos  aa    C       S       Y
    1   L   0.103   0.639   0.257
    2   A   0.103   0.607   0.257
    3   L   0.099   0.529   0.251
    4   T   0.106   0.461   0.258
    5   A   0.104   0.449   0.253
    6   P   0.100   0.425   0.246
    7   P   0.104   0.404   0.247
    8   E   0.102   0.351   0.242
    9   A   0.104   0.340   0.240
   10   L   0.097   0.379   0.226
   11   L   0.100   0.399   0.225
   12   M   0.102   0.324   0.225
   13   V   0.102   0.308   0.219
   14   L   0.103   0.324   0.214
   15   P   0.104   0.347   0.210
   16   F   0.108   0.357   0.208
   17   I   0.104   0.379   0.200
   18   C   0.100   0.358   0.194
   19   N   0.101   0.331   0.192
   20   L   0.102   0.385   0.192
   21   L   0.107   0.225   0.195
   22   R   0.104   0.242   0.189
   23   R   0.108   0.188   0.190
   24   H   0.117   0.144   0.195
   25   P   0.102   0.188   0.178
   26   A   0.109   0.167   0.178
   27   C   0.118   0.108   0.182
   28   R   0.106   0.099   0.168
   29   V   0.110   0.095   0.166
   30   L   0.102   0.098   0.154
   31   V   0.101   0.092   0.147
   32   H   0.099   0.090   0.139
   33   R   0.103   0.097   0.134
   34   P   0.102   0.092   0.127
   35   H   0.101   0.096   0.118
   36   G   0.104   0.097   0.116
   37   P   0.099   0.102   0.108
   38   E   0.102   0.096   0.107
   39   L   0.103   0.114   0.106
   40   D   0.103   0.101   0.103
   41   A   0.100   0.113   0.099
   42   D   0.113   0.113   0.106
   43   P   0.101   0.109   0.100
   44   Y   0.103   0.117   0.102
   45   D   0.103   0.120   0.103
   46   P   0.103   0.118   0.104
   47   G   0.103   0.120   0.104
   48   E   0.101   0.117   0.104
   49   E   0.103   0.123   0.106
   50   D   0.101   0.122   0.106
   51   P   0.105   0.110   0.109
   52   A   0.103   0.107   0.108
   53   Q   0.101   0.110   0.107
   54   S   0.107   0.104   0.111
   55   R   0.101   0.108   0.107
   56   A   0.106   0.102   0.110
   57   L   0.099   0.105   0.106
   58   E   0.105   0.101   0.109
   59   S   0.103   0.102   0.107
   60   S   0.104   0.100   0.107
   61   L   0.104   0.101   0.107
   62   W   0.103   0.103   0.106
   63   E   0.103   0.098   0.105
   64   L   0.104   0.101   0.104
   65   Q   0.104   0.098   0.104
   66   A   0.107   0.097   0.105
   67   L   0.097   0.103   0.100
   68   Q   0.102   0.101   0.102
   69   R   0.102   0.102   0.102
   70   H   0.103   0.099   0.102
# Measure  Position  Value    Cutoff   signal peptide?
  max. C    27       0.118
  max. Y    11       0.225
  max. S     1       0.639
  mean S     1-10    0.458
       D     1-10    0.319   0.500   NO
Name=NOC4L_HUMAN_TRANSMEM3	SP='NO' D=0.319 D-cutoff=0.500 Networks=SignalP-TM
