# SignalP-4.1 euk predictions
# Name=NTCP7_HUMAN_TRANSMEM5	Length=70	Networks=SignalP-TM
# pos  aa    C       S       Y
    1   S   0.103   0.669   0.263
    2   A   0.102   0.671   0.261
    3   F   0.098   0.665   0.256
    4   G   0.103   0.696   0.263
    5   S   0.100   0.686   0.259
    6   F   0.103   0.703   0.263
    7   L   0.103   0.749   0.263
    8   G   0.103   0.671   0.265
    9   I   0.097   0.688   0.258
   10   V   0.103   0.753   0.266
   11   I   0.104   0.760   0.267
   12   T   0.103   0.555   0.268
   13   P   0.099   0.615   0.261
   14   L   0.103   0.648   0.264
   15   L   0.103   0.510   0.265
   16   L   0.100   0.547   0.259
   17   L   0.105   0.535   0.263
   18   L   0.108   0.523   0.265
   19   F   0.107   0.451   0.262
   20   L   0.104   0.415   0.255
   21   G   0.106   0.389   0.252
   22   S   0.115   0.286   0.257
   23   S   0.120   0.259   0.256
   24   S   0.167   0.237   0.294
   25   S   0.203   0.210   0.312
   26   V   0.644   0.120   0.533
   27   P   0.100   0.146   0.203
   28   F   0.127   0.140   0.219
   29   T   0.111   0.132   0.195
   30   S   0.108   0.131   0.184
   31   I   0.107   0.144   0.175
   32   F   0.119   0.125   0.175
   33   S   0.101   0.100   0.151
   34   Q   0.113   0.093   0.151
   35   L   0.104   0.090   0.137
   36   F   0.101   0.069   0.126
   37   M   0.104   0.068   0.122
   38   T   0.103   0.083   0.115
   39   V   0.105   0.062   0.111
   40   V   0.105   0.056   0.106
   41   V   0.102   0.068   0.103
   42   P   0.099   0.071   0.098
   43   L   0.107   0.049   0.100
   44   I   0.103   0.055   0.094
   45   I   0.102   0.063   0.091
   46   G   0.102   0.073   0.087
   47   Q   0.107   0.036   0.087
   48   I   0.105   0.042   0.084
   49   V   0.103   0.048   0.081
   50   R   0.099   0.098   0.077
   51   R   0.100   0.133   0.079
   52   Y   0.109   0.115   0.085
   53   I   0.102   0.098   0.084
   54   K   0.102   0.098   0.085
   55   D   0.099   0.094   0.086
   56   W   0.101   0.103   0.088
   57   L   0.103   0.099   0.090
   58   E   0.102   0.099   0.092
   59   R   0.100   0.099   0.093
   60   K   0.101   0.098   0.094
   61   K   0.101   0.101   0.095
   62   P   0.104   0.101   0.099
   63   P   0.106   0.101   0.102
   64   F   0.104   0.099   0.103
   65   G   0.106   0.094   0.104
   66   A   0.100   0.097   0.100
   67   I   0.099   0.101   0.099
   68   S   0.104   0.102   0.101
   69   S   0.099   0.101   0.099
   70   S   0.100   0.100   0.100
# Measure  Position  Value    Cutoff   signal peptide?
  max. C    26       0.644
  max. Y    26       0.533
  max. S    11       0.760
  mean S     1-25    0.556
       D     1-25    0.542   0.500   YES
Name=NTCP7_HUMAN_TRANSMEM5	SP='YES' Cleavage site between pos. 25 and 26: SSS-VP D=0.542 D-cutoff=0.500 Networks=SignalP-TM
