# SignalP-4.1 euk predictions
# Name=O10H1_HUMAN_TRANSMEM7	Length=70	Networks=SignalP-TM
# pos  aa    C       S       Y
    1   V   0.102   0.159   0.127
    2   V   0.102   0.151   0.128
    3   V   0.104   0.132   0.128
    4   H   0.101   0.124   0.125
    5   Y   0.102   0.124   0.125
    6   G   0.101   0.109   0.124
    7   F   0.100   0.098   0.122
    8   A   0.104   0.096   0.122
    9   S   0.101   0.082   0.119
   10   V   0.102   0.106   0.117
   11   I   0.100   0.095   0.114
   12   Y   0.104   0.093   0.114
   13   L   0.098   0.105   0.108
   14   K   0.102   0.118   0.109
   15   P   0.102   0.122   0.108
   16   K   0.103   0.137   0.107
   17   S   0.101   0.152   0.105
   18   P   0.104   0.164   0.108
   19   Q   0.130   0.142   0.122
   20   S   0.105   0.145   0.110
   21   L   0.106   0.135   0.112
   22   E   0.099   0.149   0.109
   23   G   0.102   0.145   0.113
   24   D   0.120   0.118   0.125
   25   T   0.104   0.083   0.116
   26   L   0.103   0.086   0.115
   27   M   0.105   0.103   0.116
   28   G   0.099   0.103   0.113
   29   I   0.102   0.101   0.114
   30   T   0.102   0.119   0.113
   31   Y   0.104   0.115   0.114
   32   T   0.103   0.124   0.112
   33   V   0.102   0.129   0.110
   34   L   0.101   0.105   0.109
   35   T   0.103   0.111   0.109
   36   P   0.100   0.081   0.106
   37   F   0.105   0.075   0.107
   38   L   0.103   0.082   0.103
   39   S   0.103   0.078   0.102
   40   P   0.100   0.076   0.101
   41   I   0.104   0.068   0.102
   42   I   0.100   0.058   0.099
   43   F   0.102   0.094   0.098
   44   S   0.102   0.109   0.098
   45   L   0.104   0.112   0.099
   46   R   0.099   0.114   0.096
   47   N   0.099   0.105   0.096
   48   K   0.100   0.098   0.095
   49   E   0.100   0.095   0.095
   50   L   0.104   0.094   0.096
   51   K   0.103   0.097   0.096
   52   V   0.100   0.111   0.096
   53   A   0.101   0.121   0.097
   54   M   0.100   0.110   0.098
   55   K   0.100   0.094   0.100
   56   K   0.102   0.093   0.101
   57   T   0.103   0.094   0.103
   58   F   0.101   0.098   0.102
   59   F   0.103   0.103   0.103
   60   S   0.101   0.103   0.101
   61   K   0.101   0.100   0.101
   62   L   0.100   0.103   0.100
   63   Y   0.103   0.102   0.102
   64   P   0.104   0.101   0.103
   65   E   0.101   0.102   0.102
   66   K   0.101   0.104   0.102
   67   N   0.102   0.103   0.102
   68   V   0.102   0.104   0.101
   69   M   0.100   0.103   0.100
   70   M   0.104   0.101   0.103
# Measure  Position  Value    Cutoff   signal peptide?
  max. C    19       0.130
  max. Y    24       0.125
  max. S    18       0.164
  mean S     1-23    0.125
       D     1-23    0.125   0.500   NO
Name=O10H1_HUMAN_TRANSMEM7	SP='NO' D=0.125 D-cutoff=0.500 Networks=SignalP-TM
