# SignalP-4.1 euk predictions
# Name=O10W1_HUMAN_TRANSMEM4	Length=70	Networks=SignalP-noTM
# pos  aa    C       S       Y
    1   L   0.101   0.909   0.303
    2   C   0.104   0.923   0.307
    3   V   0.102   0.927   0.305
    4   H   0.102   0.936   0.305
    5   L   0.102   0.940   0.304
    6   V   0.098   0.940   0.300
    7   V   0.103   0.937   0.306
    8   A   0.105   0.925   0.309
    9   S   0.116   0.899   0.326
   10   V   0.099   0.930   0.301
   11   I   0.100   0.944   0.303
   12   S   0.101   0.958   0.305
   13   G   0.099   0.957   0.302
   14   L   0.112   0.953   0.322
   15   F   0.103   0.968   0.308
   16   L   0.101   0.974   0.306
   17   S   0.109   0.968   0.318
   18   L   0.143   0.946   0.365
   19   Q   0.112   0.921   0.323
   20   L   0.110   0.894   0.321
   21   V   0.108   0.818   0.318
   22   A   0.115   0.787   0.327
   23   F   0.135   0.589   0.354
   24   I   0.131   0.583   0.345
   25   F   0.115   0.571   0.321
   26   S   0.103   0.708   0.302
   27   L   0.415   0.370   0.601
   28   P   0.102   0.643   0.294
   29   F   0.110   0.670   0.302
   30   C   0.100   0.821   0.287
   31   Q   0.116   0.732   0.306
   32   A   0.111   0.814   0.299
   33   Q   0.863   0.210   0.831
   34   G   0.104   0.243   0.282
   35   I   0.650   0.091   0.690
   36   E   0.105   0.099   0.270
   37   H   0.103   0.100   0.259
   38   F   0.126   0.091   0.279
   39   F   0.100   0.093   0.240
   40   C   0.103   0.101   0.235
   41   D   0.104   0.094   0.228
   42   V   0.100   0.092   0.215
   43   P   0.097   0.098   0.202
   44   P   0.104   0.097   0.202
   45   V   0.100   0.095   0.190
   46   M   0.104   0.096   0.187
   47   H   0.100   0.102   0.178
   48   V   0.097   0.104   0.169
   49   V   0.100   0.102   0.163
   50   C   0.108   0.116   0.166
   51   A   0.105   0.107   0.156
   52   Q   0.113   0.107   0.152
   53   S   0.106   0.101   0.135
   54   H   0.098   0.093   0.119
   55   I   0.104   0.098   0.107
   56   H   0.098   0.105   0.102
   57   E   0.102   0.106   0.100
   58   Q   0.098   0.104   0.099
   59   S   0.101   0.105   0.100
   60   V   0.099   0.101   0.100
   61   L   0.099   0.103   0.100
   62   V   0.101   0.102   0.101
   63   A   0.101   0.103   0.101
   64   A   0.104   0.103   0.103
   65   I   0.101   0.102   0.101
   66   L   0.103   0.108   0.103
   67   A   0.109   0.099   0.106
   68   I   0.098   0.102   0.100
   69   A   0.106   0.102   0.105
   70   V   0.099   0.103   0.101
# Measure  Position  Value    Cutoff   signal peptide?
  max. C    33       0.863
  max. Y    33       0.831
  max. S    16       0.974
  mean S     1-32    0.839
       D     1-32    0.835   0.450   YES
Name=O10W1_HUMAN_TRANSMEM4	SP='YES' Cleavage site between pos. 32 and 33: CQA-QG D=0.835 D-cutoff=0.450 Networks=SignalP-noTM
