# SignalP-4.1 euk predictions
# Name=O12D2_HUMAN_TRANSMEM6	Length=70	Networks=SignalP-noTM
# pos  aa    C       S       Y
    1   L   0.100   0.827   0.288
    2   S   0.103   0.833   0.292
    3   T   0.100   0.828   0.287
    4   C   0.106   0.821   0.296
    5   A   0.102   0.821   0.291
    6   S   0.098   0.849   0.285
    7   H   0.099   0.831   0.286
    8   F   0.095   0.818   0.280
    9   M   0.101   0.778   0.288
   10   V   0.098   0.745   0.284
   11   V   0.097   0.762   0.282
   12   I   0.104   0.794   0.291
   13   L   0.100   0.821   0.286
   14   F   0.099   0.842   0.284
   15   Y   0.101   0.829   0.287
   16   A   0.105   0.791   0.293
   17   P   0.096   0.754   0.280
   18   V   0.106   0.871   0.294
   19   L   0.105   0.845   0.292
   20   F   0.102   0.834   0.288
   21   T   0.212   0.544   0.416
   22   Y   0.258   0.414   0.455
   23   I   0.099   0.420   0.279
   24   H   0.140   0.213   0.328
   25   P   0.104   0.433   0.278
   26   A   0.175   0.320   0.354
   27   L   0.103   0.206   0.267
   28   E   0.101   0.245   0.260
   29   S   0.261   0.118   0.409
   30   F   0.114   0.109   0.263
   31   M   0.103   0.116   0.243
   32   D   0.105   0.117   0.240
   33   Q   0.104   0.124   0.232
   34   D   0.104   0.104   0.225
   35   R   0.100   0.106   0.214
   36   I   0.107   0.104   0.213
   37   V   0.101   0.102   0.198
   38   A   0.099   0.100   0.188
   39   I   0.101   0.099   0.181
   40   M   0.097   0.100   0.170
   41   Y   0.102   0.096   0.164
   42   T   0.100   0.091   0.151
   43   V   0.101   0.093   0.140
   44   V   0.101   0.097   0.133
   45   T   0.105   0.099   0.129
   46   P   0.104   0.114   0.123
   47   V   0.107   0.097   0.122
   48   L   0.104   0.098   0.114
   49   N   0.103   0.109   0.109
   50   P   0.098   0.094   0.104
   51   L   0.106   0.098   0.105
   52   I   0.106   0.099   0.105
   53   Y   0.104   0.105   0.103
   54   T   0.102   0.115   0.102
   55   L   0.111   0.108   0.106
   56   R   0.103   0.116   0.102
   57   N   0.104   0.102   0.103
   58   K   0.097   0.101   0.100
   59   E   0.098   0.101   0.100
   60   V   0.103   0.099   0.102
   61   K   0.101   0.099   0.101
   62   G   0.107   0.098   0.104
   63   A   0.101   0.100   0.101
   64   L   0.099   0.101   0.100
   65   G   0.104   0.099   0.103
   66   R   0.109   0.100   0.106
   67   V   0.109   0.100   0.106
   68   I   0.104   0.100   0.103
   69   R   0.104   0.097   0.103
   70   R   0.101   0.100   0.102
# Measure  Position  Value    Cutoff   signal peptide?
  max. C    29       0.261
  max. Y    22       0.455
  max. S    18       0.871
  mean S     1-21    0.802
       D     1-21    0.642   0.450   YES
Name=O12D2_HUMAN_TRANSMEM6	SP='YES' Cleavage site between pos. 21 and 22: LFT-YI D=0.642 D-cutoff=0.450 Networks=SignalP-noTM
