# SignalP-4.1 euk predictions
# Name=O14A2_HUMAN_TRANSMEM2	Length=70	Networks=SignalP-TM
# pos  aa    C       S       Y
    1   P   0.101   0.434   0.210
    2   M   0.102   0.513   0.210
    3   Y   0.103   0.556   0.213
    4   F   0.102   0.529   0.214
    5   F   0.102   0.533   0.215
    6   L   0.102   0.527   0.217
    7   K   0.103   0.502   0.219
    8   N   0.103   0.553   0.220
    9   L   0.103   0.460   0.223
   10   S   0.103   0.474   0.223
   11   F   0.101   0.543   0.222
   12   L   0.103   0.457   0.225
   13   D   0.099   0.581   0.222
   14   V   0.100   0.624   0.225
   15   F   0.103   0.645   0.231
   16   L   0.101   0.734   0.233
   17   V   0.103   0.631   0.238
   18   S   0.103   0.476   0.240
   19   V   0.106   0.399   0.242
   20   P   0.096   0.339   0.228
   21   I   0.117   0.242   0.249
   22   P   0.097   0.219   0.223
   23   K   0.101   0.213   0.222
   24   F   0.099   0.267   0.216
   25   I   0.106   0.177   0.220
   26   V   0.101   0.150   0.209
   27   N   0.103   0.112   0.205
   28   N   0.106   0.132   0.199
   29   L   0.100   0.154   0.184
   30   T   0.105   0.172   0.179
   31   H   0.104   0.166   0.166
   32   N   0.100   0.185   0.152
   33   N   0.101   0.204   0.145
   34   S   0.103   0.195   0.142
   35   I   0.106   0.210   0.140
   36   S   0.102   0.168   0.137
   37   I   0.100   0.161   0.134
   38   L   0.098   0.152   0.131
   39   G   0.100   0.166   0.129
   40   C   0.099   0.185   0.128
   41   A   0.105   0.167   0.133
   42   F   0.098   0.155   0.130
   43   Q   0.103   0.095   0.134
   44   L   0.099   0.110   0.130
   45   L   0.103   0.118   0.130
   46   L   0.103   0.109   0.129
   47   M   0.102   0.098   0.126
   48   T   0.101   0.113   0.123
   49   S   0.105   0.123   0.123
   50   F   0.103   0.158   0.119
   51   S   0.103   0.225   0.119
   52   A   0.107   0.197   0.123
   53   G   0.112   0.165   0.127
   54   E   0.123   0.127   0.133
   55   I   0.101   0.134   0.119
   56   F   0.102   0.117   0.119
   57   I   0.102   0.125   0.117
   58   L   0.101   0.125   0.117
   59   T   0.103   0.124   0.119
   60   A   0.102   0.099   0.119
   61   M   0.100   0.120   0.117
   62   S   0.102   0.129   0.119
   63   Y   0.105   0.125   0.121
   64   D   0.103   0.133   0.120
   65   R   0.101   0.112   0.118
   66   Y   0.102   0.121   0.115
   67   V   0.102   0.114   0.113
   68   A   0.101   0.101   0.111
   69   I   0.100   0.100   0.110
   70   C   0.100   0.096   0.108
# Measure  Position  Value    Cutoff   signal peptide?
  max. C    54       0.123
  max. Y    21       0.249
  max. S    16       0.734
  mean S     1-20    0.525
       D     1-20    0.360   0.500   NO
Name=O14A2_HUMAN_TRANSMEM2	SP='NO' D=0.360 D-cutoff=0.500 Networks=SignalP-TM
