# SignalP-4.1 euk predictions
# Name=O14K1_HUMAN_TRANSMEM6	Length=70	Networks=SignalP-TM
# pos  aa    C       S       Y
    1   F   0.100   0.478   0.219
    2   S   0.102   0.452   0.221
    3   N   0.101   0.467   0.219
    4   C   0.103   0.508   0.221
    5   V   0.101   0.614   0.220
    6   P   0.104   0.643   0.225
    7   H   0.101   0.682   0.225
    8   L   0.100   0.765   0.227
    9   I   0.103   0.772   0.234
   10   V   0.099   0.795   0.235
   11   V   0.100   0.787   0.240
   12   T   0.103   0.687   0.249
   13   V   0.103   0.601   0.252
   14   F   0.102   0.678   0.252
   15   L   0.101   0.719   0.254
   16   V   0.101   0.755   0.257
   17   T   0.101   0.793   0.262
   18   G   0.106   0.799   0.272
   19   A   0.124   0.726   0.299
   20   V   0.135   0.491   0.314
   21   A   0.107   0.484   0.277
   22   Y   0.589   0.274   0.644
   23   L   0.130   0.223   0.295
   24   K   0.147   0.154   0.304
   25   P   0.102   0.250   0.244
   26   G   0.110   0.279   0.245
   27   S   0.104   0.237   0.232
   28   D   0.107   0.198   0.229
   29   A   0.116   0.191   0.230
   30   P   0.128   0.160   0.232
   31   S   0.104   0.166   0.197
   32   I   0.102   0.165   0.184
   33   L   0.104   0.169   0.172
   34   D   0.103   0.145   0.159
   35   L   0.100   0.134   0.149
   36   L   0.105   0.120   0.143
   37   V   0.105   0.130   0.139
   38   S   0.104   0.134   0.136
   39   V   0.103   0.146   0.135
   40   F   0.100   0.156   0.130
   41   Y   0.106   0.161   0.130
   42   S   0.100   0.125   0.125
   43   V   0.099   0.137   0.122
   44   A   0.102   0.133   0.122
   45   P   0.098   0.114   0.119
   46   P   0.100   0.098   0.118
   47   T   0.104   0.088   0.119
   48   L   0.103   0.101   0.116
   49   N   0.098   0.100   0.112
   50   P   0.099   0.085   0.111
   51   V   0.104   0.076   0.113
   52   I   0.105   0.089   0.111
   53   Y   0.106   0.095   0.111
   54   C   0.103   0.101   0.107
   55   L   0.107   0.099   0.107
   56   K   0.105   0.095   0.104
   57   N   0.098   0.095   0.099
   58   K   0.102   0.091   0.100
   59   D   0.104   0.095   0.099
   60   I   0.105   0.091   0.099
   61   K   0.102   0.095   0.097
   62   S   0.103   0.092   0.098
   63   A   0.101   0.093   0.097
   64   L   0.096   0.095   0.094
   65   S   0.101   0.094   0.097
   66   K   0.101   0.090   0.098
   67   V   0.102   0.092   0.098
   68   L   0.103   0.093   0.098
   69   W   0.104   0.096   0.098
   70   N   0.099   0.092   0.096
# Measure  Position  Value    Cutoff   signal peptide?
  max. C    22       0.589
  max. Y    22       0.644
  max. S    18       0.799
  mean S     1-21    0.652
       D     1-21    0.647   0.500   YES
Name=O14K1_HUMAN_TRANSMEM6	SP='YES' Cleavage site between pos. 21 and 22: AVA-YL D=0.647 D-cutoff=0.500 Networks=SignalP-TM
