# SignalP-4.1 euk predictions
# Name=O14L1_HUMAN_TRANSMEM2	Length=70	Networks=SignalP-TM
# pos  aa    C       S       Y
    1   L   0.102   0.371   0.195
    2   Q   0.102   0.368   0.194
    3   T   0.102   0.338   0.194
    4   P   0.102   0.294   0.194
    5   M   0.102   0.326   0.193
    6   Y   0.102   0.331   0.191
    7   F   0.102   0.400   0.190
    8   F   0.100   0.394   0.190
    9   L   0.102   0.352   0.192
   10   R   0.101   0.355   0.190
   11   N   0.102   0.350   0.191
   12   L   0.103   0.287   0.192
   13   S   0.101   0.292   0.188
   14   F   0.101   0.360   0.186
   15   L   0.102   0.399   0.187
   16   D   0.101   0.392   0.187
   17   F   0.098   0.413   0.185
   18   C   0.105   0.418   0.192
   19   Y   0.101   0.405   0.192
   20   I   0.100   0.346   0.192
   21   S   0.127   0.251   0.217
   22   V   0.096   0.251   0.186
   23   T   0.099   0.273   0.186
   24   I   0.124   0.258   0.206
   25   P   0.096   0.219   0.179
   26   K   0.112   0.190   0.191
   27   S   0.102   0.230   0.180
   28   I   0.105   0.205   0.182
   29   V   0.100   0.249   0.174
   30   S   0.106   0.184   0.176
   31   S   0.118   0.132   0.181
   32   L   0.105   0.142   0.165
   33   T   0.104   0.117   0.158
   34   H   0.110   0.116   0.155
   35   D   0.099   0.120   0.141
   36   T   0.100   0.122   0.138
   37   S   0.103   0.138   0.137
   38   I   0.101   0.164   0.132
   39   S   0.102   0.150   0.130
   40   F   0.100   0.155   0.127
   41   F   0.100   0.153   0.126
   42   G   0.102   0.130   0.125
   43   C   0.100   0.155   0.122
   44   A   0.105   0.168   0.122
   45   L   0.098   0.190   0.117
   46   Q   0.104   0.122   0.123
   47   A   0.102   0.171   0.121
   48   F   0.100   0.147   0.121
   49   F   0.103   0.117   0.124
   50   F   0.099   0.109   0.122
   51   M   0.104   0.095   0.124
   52   D   0.102   0.108   0.122
   53   L   0.103   0.108   0.120
   54   A   0.102   0.121   0.119
   55   T   0.098   0.136   0.115
   56   T   0.104   0.134   0.118
   57   E   0.106   0.096   0.119
   58   V   0.103   0.114   0.116
   59   A   0.104   0.093   0.115
   60   I   0.100   0.078   0.109
   61   L   0.103   0.068   0.109
   62   T   0.102   0.065   0.105
   63   V   0.103   0.053   0.103
   64   M   0.104   0.064   0.101
   65   S   0.101   0.088   0.098
   66   Y   0.101   0.081   0.098
   67   D   0.102   0.102   0.097
   68   R   0.100   0.099   0.096
   69   Y   0.098   0.101   0.095
   70   M   0.100   0.100   0.094
# Measure  Position  Value    Cutoff   signal peptide?
  max. C    21       0.127
  max. Y    21       0.217
  max. S    18       0.418
  mean S     1-20    0.360
       D     1-20    0.274   0.500   NO
Name=O14L1_HUMAN_TRANSMEM2	SP='NO' D=0.274 D-cutoff=0.500 Networks=SignalP-TM
