# SignalP-4.1 euk predictions
# Name=O2A12_HUMAN_TRANSMEM2	Length=70	Networks=SignalP-TM
# pos  aa    C       S       Y
    1   P   0.101   0.371   0.194
    2   M   0.102   0.412   0.195
    3   Y   0.103   0.430   0.196
    4   V   0.103   0.406   0.197
    5   F   0.101   0.397   0.196
    6   L   0.103   0.337   0.199
    7   S   0.101   0.367   0.196
    8   H   0.102   0.348   0.197
    9   L   0.105   0.380   0.199
   10   A   0.101   0.396   0.195
   11   I   0.098   0.406   0.193
   12   V   0.103   0.349   0.199
   13   D   0.099   0.268   0.195
   14   M   0.103   0.517   0.196
   15   S   0.104   0.392   0.200
   16   Y   0.100   0.411   0.196
   17   A   0.103   0.443   0.200
   18   S   0.564   0.234   0.467
   19   S   0.104   0.239   0.198
   20   T   0.138   0.221   0.224
   21   V   0.120   0.188   0.206
   22   P   0.100   0.188   0.185
   23   K   0.124   0.161   0.203
   24   M   0.101   0.188   0.178
   25   L   0.105   0.193   0.178
   26   A   0.105   0.185   0.173
   27   N   0.137   0.156   0.194
   28   L   0.105   0.167   0.167
   29   V   0.103   0.159   0.157
   30   M   0.106   0.170   0.154
   31   H   0.104   0.148   0.147
   32   K   0.101   0.134   0.137
   33   K   0.103   0.135   0.135
   34   V   0.102   0.167   0.132
   35   I   0.100   0.199   0.130
   36   S   0.105   0.133   0.133
   37   F   0.121   0.124   0.141
   38   A   0.105   0.067   0.130
   39   P   0.099   0.071   0.123
   40   C   0.100   0.062   0.120
   41   I   0.101   0.074   0.117
   42   L   0.103   0.073   0.115
   43   Q   0.100   0.046   0.111
   44   T   0.100   0.062   0.107
   45   F   0.104   0.042   0.105
   46   L   0.103   0.038   0.101
   47   Y   0.103   0.030   0.098
   48   L   0.100   0.034   0.092
   49   A   0.101   0.031   0.087
   50   F   0.100   0.042   0.079
   51   A   0.103   0.055   0.076
   52   I   0.112   0.053   0.076
   53   T   0.104   0.056   0.073
   54   E   0.101   0.067   0.071
   55   C   0.101   0.059   0.071
   56   L   0.107   0.055   0.072
   57   I   0.099   0.059   0.069
   58   L   0.103   0.067   0.071
   59   V   0.100   0.075   0.070
   60   M   0.101   0.059   0.072
   61   M   0.105   0.083   0.075
   62   C   0.102   0.089   0.076
   63   Y   0.103   0.091   0.079
   64   D   0.102   0.105   0.081
   65   R   0.099   0.124   0.083
   66   Y   0.102   0.147   0.087
   67   V   0.100   0.141   0.090
   68   A   0.100   0.125   0.093
   69   I   0.098   0.111   0.094
   70   C   0.102   0.094   0.098
# Measure  Position  Value    Cutoff   signal peptide?
  max. C    18       0.564
  max. Y    18       0.467
  max. S    14       0.517
  mean S     1-17    0.390
       D     1-17    0.436   0.500   NO
Name=O2A12_HUMAN_TRANSMEM2	SP='NO' D=0.436 D-cutoff=0.500 Networks=SignalP-TM
