# SignalP-4.1 euk predictions
# Name=O2AK2_HUMAN_TRANSMEM6	Length=70	Networks=SignalP-TM
# pos  aa    C       S       Y
    1   A   0.103   0.372   0.195
    2   V   0.099   0.358   0.192
    3   S   0.104   0.340   0.196
    4   T   0.101   0.330   0.193
    5   C   0.101   0.314   0.192
    6   S   0.102   0.362   0.192
    7   S   0.101   0.313   0.191
    8   H   0.099   0.339   0.188
    9   L   0.100   0.312   0.188
   10   I   0.102   0.276   0.189
   11   V   0.101   0.302   0.186
   12   A   0.103   0.354   0.187
   13   S   0.103   0.279   0.186
   14   L   0.101   0.255   0.182
   15   F   0.100   0.275   0.180
   16   Y   0.102   0.290   0.179
   17   A   0.102   0.317   0.178
   18   T   0.109   0.257   0.183
   19   T   0.106   0.304   0.179
   20   L   0.113   0.268   0.185
   21   F   0.114   0.151   0.183
   22   T   0.111   0.129   0.178
   23   Y   0.125   0.126   0.184
   24   T   0.101   0.138   0.161
   25   R   0.149   0.085   0.191
   26   P   0.104   0.141   0.155
   27   H   0.138   0.119   0.173
   28   S   0.103   0.172   0.145
   29   L   0.109   0.137   0.147
   30   R   0.104   0.134   0.140
   31   S   0.107   0.118   0.138
   32   P   0.102   0.106   0.128
   33   S   0.103   0.105   0.125
   34   R   0.103   0.111   0.119
   35   D   0.102   0.104   0.113
   36   K   0.099   0.089   0.111
   37   A   0.103   0.076   0.111
   38   V   0.100   0.072   0.108
   39   A   0.104   0.067   0.108
   40   V   0.099   0.061   0.104
   41   F   0.101   0.077   0.103
   42   Y   0.103   0.072   0.103
   43   T   0.105   0.065   0.100
   44   I   0.103   0.064   0.096
   45   V   0.103   0.070   0.093
   46   T   0.102   0.060   0.091
   47   P   0.106   0.051   0.091
   48   L   0.104   0.047   0.088
   49   L   0.104   0.039   0.085
   50   N   0.100   0.051   0.080
   51   P   0.100   0.058   0.079
   52   F   0.103   0.047   0.079
   53   I   0.104   0.063   0.078
   54   Y   0.106   0.087   0.079
   55   S   0.099   0.115   0.078
   56   L   0.103   0.116   0.081
   57   R   0.101   0.100   0.082
   58   N   0.100   0.092   0.083
   59   K   0.099   0.097   0.084
   60   E   0.099   0.105   0.085
   61   V   0.103   0.105   0.089
   62   T   0.103   0.103   0.091
   63   G   0.105   0.105   0.094
   64   A   0.101   0.104   0.095
   65   V   0.100   0.100   0.096
   66   R   0.103   0.098   0.099
   67   R   0.102   0.095   0.101
   68   L   0.103   0.097   0.102
   69   L   0.105   0.098   0.104
   70   G   0.106   0.095   0.103
# Measure  Position  Value    Cutoff   signal peptide?
  max. C    25       0.149
  max. Y    25       0.191
  max. S     1       0.372
  mean S     1-24    0.282
       D     1-24    0.227   0.500   NO
Name=O2AK2_HUMAN_TRANSMEM6	SP='NO' D=0.227 D-cutoff=0.500 Networks=SignalP-TM
