# SignalP-4.1 euk predictions
# Name=O52E6_HUMAN_TRANSMEM4	Length=70	Networks=SignalP-noTM
# pos  aa    C       S       Y
    1   I   0.103   0.870   0.299
    2   I   0.101   0.849   0.297
    3   S   0.101   0.868   0.297
    4   L   0.101   0.880   0.297
    5   I   0.105   0.894   0.302
    6   A   0.101   0.810   0.296
    7   G   0.099   0.873   0.292
    8   I   0.103   0.818   0.298
    9   A   0.104   0.803   0.300
   10   V   0.099   0.819   0.291
   11   L   0.098   0.872   0.291
   12   R   0.096   0.799   0.287
   13   S   0.102   0.809   0.296
   14   L   0.109   0.783   0.305
   15   Y   0.101   0.790   0.292
   16   M   0.107   0.826   0.300
   17   V   0.110   0.817   0.305
   18   I   0.103   0.780   0.295
   19   P   0.099   0.802   0.288
   20   L   0.127   0.648   0.326
   21   V   0.103   0.723   0.292
   22   F   0.101   0.816   0.287
   23   L   0.107   0.748   0.295
   24   L   0.113   0.652   0.303
   25   L   0.107   0.766   0.293
   26   R   0.113   0.781   0.300
   27   L   0.109   0.650   0.294
   28   P   0.110   0.674   0.293
   29   F   0.116   0.651   0.300
   30   C   0.106   0.764   0.284
   31   G   0.118   0.695   0.301
   32   H   0.160   0.444   0.348
   33   R   0.204   0.162   0.389
   34   I   0.132   0.090   0.306
   35   I   0.108   0.077   0.270
   36   P   0.094   0.089   0.246
   37   H   0.106   0.108   0.255
   38   T   0.101   0.110   0.242
   39   Y   0.103   0.123   0.238
   40   C   0.098   0.119   0.225
   41   E   0.148   0.114   0.268
   42   H   0.101   0.133   0.214
   43   M   0.098   0.113   0.206
   44   G   0.103   0.128   0.204
   45   I   0.102   0.106   0.195
   46   A   0.100   0.114   0.186
   47   R   0.101   0.123   0.179
   48   L   0.107   0.143   0.176
   49   A   0.100   0.171   0.161
   50   C   0.099   0.172   0.154
   51   A   0.107   0.124   0.152
   52   S   0.105   0.125   0.142
   53   I   0.103   0.106   0.130
   54   K   0.100   0.105   0.117
   55   V   0.099   0.112   0.109
   56   N   0.098   0.107   0.107
   57   I   0.103   0.116   0.111
   58   M   0.099   0.108   0.109
   59   F   0.106   0.106   0.113
   60   G   0.102   0.110   0.112
   61   L   0.100   0.111   0.110
   62   G   0.107   0.112   0.114
   63   S   0.101   0.112   0.110
   64   I   0.102   0.101   0.111
   65   S   0.103   0.104   0.111
   66   L   0.106   0.106   0.112
   67   L   0.101   0.102   0.109
   68   L   0.101   0.101   0.109
   69   L   0.101   0.104   0.109
   70   D   0.105   0.101   0.110
# Measure  Position  Value    Cutoff   signal peptide?
  max. C    33       0.204
  max. Y    33       0.389
  max. S     5       0.894
  mean S     1-32    0.774
       D     1-32    0.597   0.450   YES
Name=O52E6_HUMAN_TRANSMEM4	SP='YES' Cleavage site between pos. 32 and 33: CGH-RI D=0.597 D-cutoff=0.450 Networks=SignalP-noTM
