# SignalP-4.1 euk predictions
# Name=O52K1_HUMAN_TRANSMEM5	Length=70	Networks=SignalP-noTM
# pos  aa    C       S       Y
    1   I   0.102   0.924   0.307
    2   Y   0.101   0.923   0.305
    3   G   0.104   0.929   0.310
    4   I   0.101   0.944   0.306
    5   A   0.107   0.958   0.315
    6   V   0.098   0.960   0.301
    7   A   0.100   0.964   0.305
    8   M   0.099   0.965   0.304
    9   F   0.103   0.963   0.309
   10   I   0.102   0.961   0.309
   11   V   0.102   0.966   0.309
   12   V   0.101   0.978   0.308
   13   L   0.101   0.991   0.307
   14   D   0.103   0.983   0.312
   15   L   0.104   0.982   0.313
   16   L   0.115   0.982   0.330
   17   F   0.105   0.985   0.316
   18   V   0.101   0.989   0.311
   19   I   0.109   0.989   0.323
   20   L   0.101   0.987   0.312
   21   S   0.124   0.969   0.345
   22   Y   0.239   0.946   0.480
   23   V   0.120   0.936   0.340
   24   F   0.170   0.834   0.405
   25   I   0.106   0.885   0.319
   26   L   0.168   0.770   0.402
   27   Q   0.105   0.883   0.316
   28   A   0.115   0.883   0.331
   29   V   0.242   0.596   0.478
   30   L   0.101   0.630   0.307
   31   Q   0.111   0.564   0.318
   32   L   0.134   0.363   0.346
   33   A   0.111   0.397   0.310
   34   S   0.113   0.262   0.309
   35   Q   0.123   0.257   0.315
   36   E   0.138   0.181   0.327
   37   A   0.103   0.178   0.276
   38   R   0.099   0.126   0.264
   39   Y   0.102   0.121   0.260
   40   K   0.108   0.103   0.260
   41   A   0.101   0.101   0.243
   42   F   0.108   0.108   0.242
   43   G   0.103   0.111   0.227
   44   T   0.110   0.101   0.226
   45   C   0.107   0.100   0.214
   46   V   0.103   0.099   0.201
   47   S   0.102   0.095   0.190
   48   H   0.101   0.093   0.180
   49   I   0.103   0.099   0.172
   50   G   0.109   0.101   0.166
   51   A   0.101   0.097   0.148
   52   I   0.101   0.098   0.140
   53   L   0.105   0.109   0.134
   54   S   0.103   0.107   0.125
   55   T   0.100   0.101   0.118
   56   Y   0.102   0.099   0.113
   57   T   0.102   0.100   0.109
   58   P   0.102   0.093   0.106
   59   V   0.104   0.092   0.105
   60   V   0.099   0.097   0.101
   61   I   0.103   0.100   0.102
   62   S   0.104   0.099   0.102
   63   S   0.158   0.094   0.126
   64   V   0.101   0.097   0.100
   65   M   0.103   0.099   0.101
   66   H   0.099   0.100   0.099
   67   R   0.101   0.099   0.100
   68   V   0.107   0.099   0.103
   69   A   0.104   0.105   0.101
   70   R   0.097   0.108   0.098
# Measure  Position  Value    Cutoff   signal peptide?
  max. C    29       0.242
  max. Y    22       0.480
  max. S    13       0.991
  mean S     1-21    0.966
       D     1-21    0.743   0.450   YES
Name=O52K1_HUMAN_TRANSMEM5	SP='YES' Cleavage site between pos. 21 and 22: ILS-YV D=0.743 D-cutoff=0.450 Networks=SignalP-noTM
