# SignalP-4.1 euk predictions
# Name=O52P1_HUMAN_TRANSMEM2	Length=70	Networks=SignalP-TM
# pos  aa    C       S       Y
    1   L   0.102   0.671   0.262
    2   H   0.101   0.752   0.260
    3   K   0.101   0.777   0.261
    4   P   0.103   0.784   0.265
    5   V   0.102   0.799   0.266
    6   Y   0.104   0.808   0.270
    7   L   0.103   0.742   0.271
    8   F   0.099   0.693   0.266
    9   L   0.101   0.741   0.269
   10   C   0.102   0.701   0.272
   11   M   0.100   0.707   0.269
   12   L   0.105   0.683   0.276
   13   S   0.101   0.709   0.271
   14   T   0.099   0.779   0.270
   15   I   0.102   0.765   0.274
   16   D   0.099   0.716   0.272
   17   L   0.100   0.703   0.272
   18   A   0.121   0.570   0.299
   19   A   0.175   0.348   0.356
   20   S   0.136   0.432   0.307
   21   V   0.495   0.271   0.573
   22   S   0.109   0.295   0.262
   23   T   0.114   0.336   0.262
   24   V   0.182   0.262   0.323
   25   P   0.101   0.204   0.234
   26   K   0.110   0.198   0.236
   27   L   0.099   0.214   0.215
   28   L   0.104   0.203   0.212
   29   A   0.105   0.166   0.203
   30   I   0.163   0.148   0.239
   31   F   0.104   0.180   0.179
   32   W   0.101   0.174   0.166
   33   C   0.105   0.213   0.160
   34   G   0.103   0.174   0.156
   35   A   0.100   0.162   0.147
   36   G   0.101   0.159   0.146
   37   H   0.106   0.168   0.146
   38   I   0.101   0.235   0.138
   39   S   0.105   0.222   0.139
   40   A   0.103   0.250   0.139
   41   S   0.146   0.185   0.167
   42   A   0.109   0.161   0.143
   43   C   0.116   0.162   0.147
   44   L   0.109   0.180   0.142
   45   A   0.104   0.188   0.140
   46   Q   0.124   0.157   0.153
   47   M   0.106   0.194   0.141
   48   F   0.102   0.147   0.137
   49   F   0.104   0.133   0.138
   50   I   0.103   0.148   0.137
   51   H   0.102   0.215   0.136
   52   A   0.105   0.162   0.139
   53   F   0.106   0.154   0.137
   54   C   0.101   0.171   0.133
   55   M   0.103   0.213   0.131
   56   M   0.101   0.195   0.131
   57   E   0.101   0.196   0.132
   58   S   0.102   0.205   0.134
   59   T   0.104   0.183   0.136
   60   V   0.103   0.141   0.135
   61   L   0.102   0.149   0.134
   62   L   0.103   0.166   0.133
   63   A   0.102   0.150   0.133
   64   M   0.105   0.112   0.135
   65   A   0.105   0.106   0.135
   66   F   0.110   0.093   0.134
   67   D   0.104   0.127   0.129
   68   R   0.100   0.113   0.126
   69   Y   0.103   0.108   0.126
   70   V   0.101   0.098   0.121
# Measure  Position  Value    Cutoff   signal peptide?
  max. C    21       0.495
  max. Y    21       0.573
  max. S     6       0.808
  mean S     1-20    0.694
       D     1-20    0.621   0.500   YES
Name=O52P1_HUMAN_TRANSMEM2	SP='YES' Cleavage site between pos. 20 and 21: AAS-VS D=0.621 D-cutoff=0.500 Networks=SignalP-TM
