# SignalP-4.1 euk predictions
# Name=O56A1_HUMAN_TRANSMEM5	Length=70	Networks=SignalP-noTM
# pos  aa    C       S       Y
    1   I   0.102   0.785   0.282
    2   Y   0.101   0.736   0.282
    3   Q   0.100   0.743   0.280
    4   F   0.102   0.732   0.282
    5   V   0.104   0.788   0.285
    6   A   0.104   0.839   0.285
    7   G   0.096   0.749   0.274
    8   W   0.103   0.759   0.283
    9   T   0.103   0.775   0.283
   10   L   0.101   0.782   0.281
   11   L   0.100   0.705   0.280
   12   G   0.096   0.729   0.273
   13   S   0.099   0.742   0.276
   14   D   0.104   0.688   0.283
   15   L   0.105   0.727   0.284
   16   F   0.107   0.709   0.285
   17   L   0.100   0.740   0.276
   18   I   0.100   0.791   0.275
   19   F   0.097   0.769   0.271
   20   L   0.102   0.819   0.277
   21   S   0.112   0.601   0.291
   22   Y   0.109   0.533   0.286
   23   T   0.106   0.624   0.280
   24   F   0.149   0.471   0.330
   25   I   0.097   0.632   0.264
   26   L   0.150   0.637   0.327
   27   R   0.098   0.707   0.264
   28   A   0.127   0.611   0.300
   29   V   0.138   0.300   0.310
   30   L   0.097   0.321   0.256
   31   R   0.111   0.232   0.270
   32   F   0.133   0.193   0.289
   33   K   0.111   0.196   0.258
   34   A   0.100   0.265   0.241
   35   E   0.103   0.222   0.240
   36   G   0.106   0.368   0.238
   37   A   0.121   0.203   0.251
   38   A   0.102   0.183   0.225
   39   V   0.107   0.156   0.225
   40   K   0.102   0.199   0.213
   41   A   0.099   0.256   0.204
   42   L   0.119   0.258   0.218
   43   S   0.108   0.432   0.200
   44   T   0.103   0.480   0.193
   45   C   0.109   0.573   0.199
   46   G   0.102   0.528   0.192
   47   S   0.100   0.612   0.190
   48   H   0.107   0.617   0.196
   49   F   0.101   0.550   0.190
   50   I   0.100   0.652   0.188
   51   L   0.094   0.661   0.182
   52   I   0.103   0.674   0.196
   53   L   0.102   0.699   0.199
   54   F   0.107   0.669   0.209
   55   F   0.099   0.578   0.207
   56   S   0.103   0.515   0.214
   57   T   0.104   0.411   0.218
   58   I   0.103   0.276   0.220
   59   L   0.099   0.290   0.214
   60   L   0.102   0.359   0.218
   61   V   0.109   0.290   0.227
   62   V   0.102   0.259   0.221
   63   V   0.102   0.350   0.222
   64   L   0.103   0.220   0.224
   65   T   0.118   0.128   0.240
   66   N   0.142   0.116   0.259
   67   V   0.101   0.123   0.215
   68   A   0.100   0.135   0.209
   69   R   0.112   0.106   0.216
   70   K   0.110   0.103   0.208
# Measure  Position  Value    Cutoff   signal peptide?
  max. C    26       0.150
  max. Y    24       0.330
  max. S     6       0.839
  mean S     1-23    0.733
       D     1-23    0.548   0.450   YES
Name=O56A1_HUMAN_TRANSMEM5	SP='YES' Cleavage site between pos. 23 and 24: SYT-FI D=0.548 D-cutoff=0.450 Networks=SignalP-noTM
