# SignalP-4.1 euk predictions
# Name=O56B1_HUMAN_TRANSMEM6	Length=70	Networks=SignalP-TM
# pos  aa    C       S       Y
    1   L   0.101   0.388   0.198
    2   S   0.103   0.436   0.200
    3   T   0.101   0.386   0.198
    4   C   0.103   0.356   0.201
    5   S   0.102   0.397   0.199
    6   S   0.101   0.274   0.198
    7   H   0.100   0.304   0.195
    8   L   0.099   0.438   0.193
    9   T   0.100   0.397   0.195
   10   L   0.099   0.434   0.194
   11   I   0.101   0.509   0.197
   12   L   0.101   0.566   0.199
   13   F   0.103   0.430   0.204
   14   F   0.100   0.321   0.201
   15   Y   0.102   0.393   0.203
   16   T   0.102   0.361   0.203
   17   I   0.103   0.290   0.202
   18   V   0.100   0.349   0.197
   19   V   0.102   0.423   0.200
   20   V   0.102   0.381   0.200
   21   I   0.121   0.268   0.220
   22   S   0.115   0.287   0.214
   23   V   0.312   0.204   0.347
   24   T   0.118   0.150   0.209
   25   H   0.117   0.183   0.203
   26   L   0.108   0.160   0.189
   27   T   0.134   0.155   0.200
   28   E   0.105   0.177   0.172
   29   M   0.102   0.257   0.166
   30   K   0.166   0.168   0.208
   31   A   0.102   0.201   0.159
   32   T   0.145   0.173   0.187
   33   L   0.105   0.165   0.155
   34   I   0.107   0.136   0.150
   35   P   0.104   0.124   0.141
   36   V   0.104   0.120   0.137
   37   L   0.102   0.150   0.132
   38   L   0.106   0.146   0.133
   39   N   0.101   0.176   0.129
   40   V   0.104   0.165   0.131
   41   L   0.102   0.180   0.130
   42   H   0.104   0.149   0.132
   43   N   0.100   0.134   0.129
   44   I   0.105   0.114   0.128
   45   I   0.100   0.101   0.123
   46   P   0.100   0.120   0.121
   47   P   0.100   0.119   0.119
   48   S   0.098   0.128   0.117
   49   L   0.098   0.151   0.116
   50   N   0.098   0.123   0.117
   51   P   0.100   0.118   0.118
   52   T   0.105   0.114   0.120
   53   V   0.103   0.118   0.118
   54   Y   0.105   0.132   0.117
   55   A   0.103   0.139   0.115
   56   L   0.133   0.109   0.129
   57   Q   0.103   0.104   0.113
   58   T   0.103   0.099   0.112
   59   K   0.102   0.095   0.110
   60   E   0.105   0.097   0.112
   61   L   0.101   0.101   0.109
   62   R   0.102   0.102   0.109
   63   A   0.105   0.100   0.109
   64   A   0.101   0.100   0.106
   65   F   0.099   0.095   0.104
   66   Q   0.101   0.095   0.104
   67   K   0.102   0.090   0.104
   68   V   0.103   0.095   0.103
   69   L   0.102   0.095   0.102
   70   F   0.104   0.091   0.101
# Measure  Position  Value    Cutoff   signal peptide?
  max. C    23       0.312
  max. Y    23       0.347
  max. S    12       0.566
  mean S     1-22    0.381
       D     1-22    0.361   0.500   NO
Name=O56B1_HUMAN_TRANSMEM6	SP='NO' D=0.361 D-cutoff=0.500 Networks=SignalP-TM
