# SignalP-4.1 euk predictions
# Name=O5AN1_HUMAN_TRANSMEM4	Length=70	Networks=SignalP-TM
# pos  aa    C       S       Y
    1   S   0.102   0.630   0.253
    2   I   0.101   0.651   0.252
    3   M   0.101   0.648   0.252
    4   S   0.101   0.610   0.253
    5   P   0.100   0.449   0.251
    6   T   0.103   0.470   0.252
    7   L   0.103   0.366   0.250
    8   C   0.104   0.389   0.247
    9   V   0.100   0.470   0.239
   10   W   0.100   0.400   0.236
   11   M   0.102   0.362   0.235
   12   V   0.101   0.310   0.230
   13   L   0.103   0.334   0.227
   14   G   0.105   0.322   0.224
   15   A   0.112   0.254   0.227
   16   Y   0.106   0.334   0.214
   17   M   0.103   0.348   0.206
   18   T   0.115   0.329   0.211
   19   G   0.106   0.328   0.198
   20   L   0.111   0.335   0.200
   21   T   0.107   0.434   0.193
   22   A   0.153   0.342   0.233
   23   S   0.496   0.268   0.417
   24   L   0.293   0.219   0.314
   25   F   0.106   0.226   0.185
   26   Q   0.112   0.222   0.188
   27   I   0.107   0.236   0.182
   28   G   0.101   0.259   0.174
   29   A   0.103   0.250   0.174
   30   L   0.105   0.228   0.176
   31   L   0.104   0.235   0.173
   32   Q   0.103   0.143   0.170
   33   L   0.111   0.155   0.172
   34   H   0.103   0.171   0.161
   35   F   0.100   0.266   0.156
   36   C   0.104   0.304   0.154
   37   G   0.107   0.292   0.156
   38   S   0.100   0.253   0.152
   39   N   0.119   0.199   0.166
   40   V   0.099   0.205   0.151
   41   I   0.101   0.163   0.151
   42   R   0.100   0.153   0.149
   43   H   0.100   0.181   0.147
   44   F   0.102   0.172   0.147
   45   F   0.102   0.183   0.145
   46   C   0.099   0.195   0.142
   47   D   0.101   0.176   0.144
   48   M   0.103   0.143   0.146
   49   P   0.103   0.107   0.146
   50   Q   0.104   0.112   0.142
   51   L   0.103   0.194   0.137
   52   L   0.102   0.164   0.133
   53   I   0.101   0.164   0.130
   54   L   0.099   0.166   0.128
   55   S   0.103   0.132   0.129
   56   C   0.103   0.146   0.128
   57   T   0.103   0.165   0.128
   58   D   0.104   0.162   0.128
   59   T   0.099   0.163   0.125
   60   F   0.101   0.165   0.126
   61   F   0.099   0.167   0.123
   62   V   0.099   0.131   0.124
   63   Q   0.099   0.122   0.123
   64   V   0.096   0.126   0.122
   65   M   0.101   0.102   0.125
   66   T   0.104   0.122   0.124
   67   A   0.102   0.137   0.122
   68   I   0.100   0.120   0.120
   69   L   0.102   0.104   0.119
   70   T   0.101   0.094   0.118
# Measure  Position  Value    Cutoff   signal peptide?
  max. C    23       0.496
  max. Y    23       0.417
  max. S     2       0.651
  mean S     1-22    0.414
       D     1-22    0.416   0.500   NO
Name=O5AN1_HUMAN_TRANSMEM4	SP='NO' D=0.416 D-cutoff=0.500 Networks=SignalP-TM
