# SignalP-4.1 euk predictions
# Name=O5H15_HUMAN_TRANSMEM4	Length=70	Networks=SignalP-TM
# pos  aa    C       S       Y
    1   L   0.102   0.389   0.199
    2   L   0.103   0.387   0.200
    3   I   0.103   0.318   0.200
    4   L   0.102   0.313   0.198
    5   S   0.103   0.214   0.197
    6   Y   0.101   0.235   0.193
    7   I   0.105   0.238   0.193
    8   A   0.101   0.224   0.187
    9   G   0.097   0.256   0.179
   10   I   0.100   0.235   0.180
   11   L   0.098   0.320   0.175
   12   H   0.103   0.417   0.178
   13   A   0.105   0.298   0.180
   14   L   0.154   0.228   0.216
   15   I   0.104   0.298   0.174
   16   H   0.105   0.280   0.173
   17   E   0.108   0.336   0.173
   18   G   0.105   0.290   0.171
   19   F   0.108   0.239   0.173
   20   L   0.103   0.235   0.169
   21   F   0.138   0.155   0.196
   22   R   0.102   0.156   0.167
   23   L   0.105   0.170   0.167
   24   T   0.103   0.163   0.164
   25   F   0.105   0.194   0.164
   26   C   0.103   0.222   0.159
   27   N   0.199   0.149   0.215
   28   S   0.102   0.178   0.151
   29   N   0.123   0.130   0.164
   30   I   0.102   0.153   0.145
   31   V   0.102   0.137   0.142
   32   H   0.100   0.136   0.136
   33   H   0.098   0.134   0.130
   34   I   0.104   0.122   0.131
   35   Y   0.101   0.124   0.126
   36   C   0.099   0.114   0.124
   37   D   0.135   0.095   0.143
   38   T   0.101   0.105   0.122
   39   I   0.102   0.105   0.121
   40   P   0.101   0.119   0.117
   41   L   0.101   0.115   0.114
   42   S   0.102   0.103   0.114
   43   K   0.099   0.093   0.110
   44   I   0.101   0.086   0.109
   45   S   0.100   0.099   0.107
   46   C   0.102   0.102   0.106
   47   T   0.104   0.124   0.106
   48   D   0.104   0.089   0.106
   49   S   0.100   0.075   0.103
   50   S   0.106   0.094   0.104
   51   I   0.097   0.127   0.099
   52   N   0.100   0.138   0.101
   53   F   0.099   0.126   0.102
   54   L   0.098   0.120   0.102
   55   M   0.104   0.099   0.105
   56   V   0.103   0.116   0.104
   57   F   0.102   0.143   0.104
   58   I   0.103   0.137   0.107
   59   F   0.102   0.155   0.108
   60   S   0.106   0.156   0.112
   61   G   0.101   0.142   0.110
   62   S   0.098   0.107   0.110
   63   I   0.100   0.089   0.112
   64   Q   0.099   0.099   0.111
   65   V   0.101   0.101   0.112
   66   F   0.099   0.110   0.110
   67   S   0.103   0.134   0.112
   68   I   0.101   0.102   0.111
   69   V   0.099   0.104   0.110
   70   T   0.101   0.105   0.111
# Measure  Position  Value    Cutoff   signal peptide?
  max. C    27       0.199
  max. Y    14       0.216
  max. S    12       0.417
  mean S     1-13    0.296
       D     1-13    0.248   0.500   NO
Name=O5H15_HUMAN_TRANSMEM4	SP='NO' D=0.248 D-cutoff=0.500 Networks=SignalP-TM
