# SignalP-4.1 euk predictions
# Name=OPN4_HUMAN_TRANSMEM6	Length=70	Networks=SignalP-noTM
# pos  aa    C       S       Y
    1   I   0.102   0.984   0.316
    2   M   0.101   0.986   0.315
    3   L   0.103   0.984   0.318
    4   L   0.102   0.980   0.317
    5   V   0.103   0.973   0.318
    6   I   0.105   0.976   0.321
    7   L   0.103   0.987   0.318
    8   L   0.101   0.989   0.315
    9   F   0.103   0.988   0.318
   10   V   0.102   0.992   0.316
   11   L   0.098   0.991   0.311
   12   S   0.104   0.989   0.320
   13   W   0.121   0.982   0.345
   14   A   0.105   0.977   0.321
   15   P   0.136   0.950   0.365
   16   Y   0.105   0.950   0.321
   17   S   0.108   0.961   0.325
   18   A   0.140   0.958   0.371
   19   V   0.525   0.881   0.717
   20   A   0.256   0.768   0.499
   21   L   0.633   0.271   0.781
   22   V   0.116   0.304   0.329
   23   A   0.111   0.233   0.316
   24   F   0.113   0.194   0.313
   25   A   0.111   0.251   0.304
   26   G   0.123   0.203   0.313
   27   Y   0.111   0.207   0.290
   28   A   0.105   0.230   0.276
   29   H   0.144   0.179   0.317
   30   V   0.104   0.221   0.262
   31   L   0.173   0.147   0.328
   32   T   0.107   0.196   0.249
   33   P   0.113   0.133   0.249
   34   Y   0.122   0.140   0.249
   35   M   0.102   0.158   0.219
   36   S   0.101   0.145   0.209
   37   S   0.112   0.196   0.210
   38   V   0.115   0.132   0.203
   39   P   0.104   0.134   0.184
   40   A   0.113   0.127   0.179
   41   V   0.099   0.113   0.157
   42   I   0.107   0.130   0.151
   43   A   0.102   0.175   0.137
   44   K   0.116   0.121   0.144
   45   A   0.109   0.112   0.136
   46   S   0.104   0.110   0.131
   47   A   0.107   0.103   0.132
   48   I   0.168   0.094   0.161
   49   H   0.105   0.095   0.125
   50   N   0.102   0.092   0.122
   51   P   0.101   0.086   0.118
   52   I   0.106   0.095   0.119
   53   I   0.105   0.099   0.116
   54   Y   0.104   0.102   0.115
   55   A   0.097   0.110   0.109
   56   I   0.115   0.110   0.118
   57   T   0.106   0.110   0.113
   58   H   0.105   0.106   0.111
   59   P   0.100   0.107   0.108
   60   K   0.106   0.104   0.109
   61   Y   0.100   0.104   0.105
   62   R   0.105   0.103   0.107
   63   V   0.106   0.100   0.107
   64   A   0.105   0.106   0.106
   65   I   0.102   0.105   0.104
   66   A   0.104   0.100   0.104
   67   Q   0.122   0.103   0.112
   68   H   0.107   0.099   0.105
   69   L   0.094   0.099   0.098
   70   P   0.105   0.099   0.103
# Measure  Position  Value    Cutoff   signal peptide?
  max. C    21       0.633
  max. Y    21       0.781
  max. S    10       0.992
  mean S     1-20    0.962
       D     1-20    0.879   0.450   YES
Name=OPN4_HUMAN_TRANSMEM6	SP='YES' Cleavage site between pos. 20 and 21: AVA-LV D=0.879 D-cutoff=0.450 Networks=SignalP-noTM
