# SignalP-4.1 euk predictions
# Name=OR1L8_HUMAN_TRANSMEM5	Length=70	Networks=SignalP-TM
# pos  aa    C       S       Y
    1   I   0.103   0.417   0.207
    2   V   0.102   0.360   0.206
    3   Q   0.101   0.309   0.204
    4   M   0.103   0.250   0.204
    5   T   0.100   0.253   0.199
    6   E   0.104   0.225   0.199
    7   A   0.102   0.253   0.193
    8   P   0.099   0.283   0.188
    9   I   0.104   0.281   0.190
   10   V   0.099   0.227   0.183
   11   L   0.104   0.207   0.183
   12   V   0.102   0.174   0.177
   13   T   0.099   0.144   0.170
   14   R   0.104   0.169   0.168
   15   F   0.103   0.177   0.162
   16   L   0.102   0.206   0.156
   17   C   0.104   0.226   0.153
   18   I   0.102   0.231   0.150
   19   A   0.104   0.193   0.151
   20   F   0.118   0.180   0.159
   21   S   0.104   0.156   0.148
   22   Y   0.110   0.119   0.149
   23   I   0.099   0.125   0.138
   24   R   0.106   0.142   0.139
   25   I   0.100   0.221   0.132
   26   L   0.106   0.198   0.137
   27   T   0.101   0.223   0.134
   28   T   0.114   0.185   0.144
   29   V   0.114   0.142   0.145
   30   L   0.102   0.172   0.136
   31   K   0.105   0.192   0.137
   32   I   0.124   0.157   0.148
   33   P   0.103   0.154   0.133
   34   S   0.103   0.149   0.132
   35   T   0.101   0.129   0.130
   36   S   0.103   0.119   0.130
   37   G   0.100   0.131   0.128
   38   K   0.189   0.105   0.176
   39   R   0.098   0.087   0.126
   40   K   0.103   0.088   0.126
   41   A   0.103   0.096   0.122
   42   F   0.107   0.077   0.121
   43   S   0.104   0.066   0.116
   44   T   0.101   0.035   0.112
   45   C   0.104   0.036   0.108
   46   G   0.103   0.043   0.103
   47   F   0.099   0.043   0.096
   48   Y   0.104   0.049   0.095
   49   L   0.099   0.068   0.089
   50   T   0.105   0.059   0.088
   51   V   0.101   0.034   0.084
   52   V   0.105   0.046   0.081
   53   T   0.104   0.034   0.078
   54   L   0.104   0.040   0.076
   55   F   0.101   0.041   0.072
   56   Y   0.101   0.051   0.070
   57   G   0.100   0.061   0.068
   58   S   0.099   0.062   0.067
   59   I   0.103   0.067   0.070
   60   F   0.103   0.077   0.072
   61   C   0.100   0.094   0.072
   62   V   0.104   0.075   0.076
   63   Y   0.104   0.085   0.077
   64   L   0.098   0.072   0.076
   65   Q   0.103   0.078   0.078
   66   P   0.100   0.106   0.079
   67   P   0.103   0.111   0.083
   68   S   0.104   0.113   0.087
   69   T   0.101   0.112   0.089
   70   Y   0.104   0.097   0.093
# Measure  Position  Value    Cutoff   signal peptide?
  max. C    38       0.189
  max. Y    11       0.183
  max. S     1       0.417
  mean S     1-10    0.286
       D     1-10    0.224   0.500   NO
Name=OR1L8_HUMAN_TRANSMEM5	SP='NO' D=0.224 D-cutoff=0.500 Networks=SignalP-TM
