# SignalP-4.1 euk predictions
# Name=OR1P1_HUMAN_TRANSMEM4	Length=70	Networks=SignalP-TM
# pos  aa    C       S       Y
    1   V   0.102   0.438   0.212
    2   A   0.104   0.483   0.213
    3   I   0.100   0.578   0.210
    4   C   0.102   0.608   0.215
    5   H   0.101   0.681   0.217
    6   L   0.103   0.578   0.223
    7   L   0.101   0.593   0.222
    8   H   0.101   0.480   0.226
    9   Y   0.101   0.543   0.225
   10   M   0.100   0.551   0.227
   11   M   0.102   0.507   0.230
   12   I   0.103   0.449   0.232
   13   M   0.101   0.394   0.231
   14   S   0.100   0.355   0.229
   15   L   0.105   0.404   0.233
   16   H   0.101   0.438   0.228
   17   R   0.100   0.555   0.227
   18   C   0.110   0.406   0.237
   19   A   0.135   0.204   0.259
   20   F   0.113   0.188   0.228
   21   L   0.112   0.087   0.221
   22   V   0.124   0.106   0.222
   23   T   0.103   0.093   0.196
   24   A   0.112   0.094   0.195
   25   C   0.117   0.077   0.190
   26   W   0.122   0.086   0.183
   27   T   0.105   0.099   0.162
   28   L   0.118   0.096   0.164
   29   T   0.100   0.087   0.145
   30   S   0.104   0.101   0.139
   31   L   0.111   0.134   0.134
   32   L   0.112   0.130   0.122
   33   A   0.110   0.100   0.112
   34   M   0.169   0.078   0.134
   35   T   0.107   0.104   0.102
   36   R   0.108   0.157   0.103
   37   T   0.105   0.127   0.104
   38   F   0.149   0.083   0.125
   39   L   0.101   0.095   0.103
   40   I   0.108   0.064   0.106
   41   F   0.102   0.074   0.103
   42   R   0.102   0.118   0.102
   43   L   0.103   0.108   0.103
   44   S   0.103   0.133   0.104
   45   L   0.101   0.155   0.104
   46   C   0.102   0.159   0.106
   47   S   0.113   0.193   0.112
   48   A   0.103   0.194   0.110
   49   I   0.150   0.186   0.137
   50   L   0.104   0.168   0.117
   51   P   0.099   0.226   0.114
   52   G   0.101   0.218   0.119
   53   F   0.098   0.191   0.121
   54   F   0.099   0.208   0.125
   55   C   0.100   0.155   0.129
   56   D   0.109   0.148   0.137
   57   L   0.099   0.140   0.131
   58   G   0.103   0.148   0.135
   59   P   0.100   0.138   0.133
   60   L   0.102   0.141   0.134
   61   M   0.102   0.138   0.133
   62   K   0.101   0.117   0.132
   63   V   0.100   0.112   0.129
   64   S   0.103   0.108   0.129
   65   C   0.104   0.105   0.127
   66   S   0.104   0.101   0.124
   67   D   0.102   0.101   0.119
   68   A   0.101   0.097   0.116
   69   Q   0.103   0.096   0.113
   70   V   0.103   0.099   0.111
# Measure  Position  Value    Cutoff   signal peptide?
  max. C    34       0.169
  max. Y    19       0.259
  max. S     5       0.681
  mean S     1-18    0.502
       D     1-18    0.356   0.500   NO
Name=OR1P1_HUMAN_TRANSMEM4	SP='NO' D=0.356 D-cutoff=0.500 Networks=SignalP-TM
