# SignalP-4.1 euk predictions
# Name=OR2M3_HUMAN_TRANSMEM4	Length=70	Networks=SignalP-TM
# pos  aa    C       S       Y
    1   I   0.102   0.451   0.215
    2   C   0.102   0.446   0.215
    3   G   0.102   0.430   0.215
    4   L   0.099   0.395   0.211
    5   M   0.103   0.316   0.214
    6   T   0.103   0.344   0.212
    7   A   0.104   0.293   0.211
    8   F   0.097   0.335   0.201
    9   S   0.105   0.380   0.207
   10   W   0.099   0.416   0.200
   11   I   0.102   0.468   0.202
   12   L   0.100   0.436   0.200
   13   G   0.099   0.451   0.199
   14   S   0.104   0.349   0.205
   15   T   0.103   0.404   0.201
   16   D   0.113   0.312   0.210
   17   G   0.109   0.277   0.203
   18   I   0.550   0.179   0.451
   19   I   0.100   0.182   0.189
   20   D   0.103   0.186   0.188
   21   V   0.110   0.231   0.192
   22   V   0.103   0.212   0.184
   23   A   0.104   0.265   0.182
   24   T   0.128   0.190   0.200
   25   F   0.122   0.184   0.190
   26   S   0.105   0.141   0.170
   27   F   0.106   0.133   0.165
   28   S   0.102   0.135   0.154
   29   Y   0.102   0.143   0.149
   30   C   0.103   0.168   0.143
   31   G   0.108   0.165   0.142
   32   S   0.100   0.201   0.134
   33   R   0.114   0.147   0.143
   34   E   0.103   0.166   0.136
   35   I   0.102   0.149   0.135
   36   A   0.100   0.172   0.131
   37   H   0.097   0.163   0.128
   38   F   0.105   0.158   0.130
   39   F   0.103   0.145   0.128
   40   C   0.104   0.153   0.127
   41   D   0.102   0.147   0.126
   42   F   0.102   0.141   0.127
   43   P   0.103   0.141   0.128
   44   S   0.105   0.143   0.129
   45   L   0.101   0.165   0.126
   46   L   0.103   0.156   0.127
   47   I   0.102   0.119   0.125
   48   L   0.100   0.115   0.123
   49   S   0.103   0.120   0.123
   50   C   0.102   0.112   0.122
   51   S   0.103   0.133   0.121
   52   D   0.102   0.130   0.119
   53   T   0.098   0.117   0.116
   54   S   0.102   0.115   0.117
   55   I   0.098   0.127   0.114
   56   F   0.099   0.125   0.114
   57   E   0.098   0.103   0.113
   58   K   0.096   0.122   0.110
   59   I   0.101   0.117   0.113
   60   L   0.101   0.098   0.111
   61   F   0.102   0.128   0.109
   62   I   0.101   0.119   0.110
   63   C   0.102   0.126   0.110
   64   C   0.105   0.100   0.112
   65   I   0.103   0.093   0.111
   66   V   0.101   0.093   0.108
   67   M   0.101   0.093   0.107
   68   I   0.101   0.097   0.106
   69   V   0.097   0.106   0.103
   70   F   0.100   0.100   0.104
# Measure  Position  Value    Cutoff   signal peptide?
  max. C    18       0.550
  max. Y    18       0.451
  max. S    11       0.468
  mean S     1-17    0.382
       D     1-17    0.424   0.500   NO
Name=OR2M3_HUMAN_TRANSMEM4	SP='NO' D=0.424 D-cutoff=0.500 Networks=SignalP-TM
