# SignalP-4.1 euk predictions
# Name=OR2T1_HUMAN_TRANSMEM6	Length=70	Networks=SignalP-TM
# pos  aa    C       S       Y
    1   A   0.103   0.220   0.151
    2   F   0.100   0.228   0.148
    3   A   0.105   0.239   0.152
    4   T   0.100   0.271   0.149
    5   C   0.105   0.276   0.154
    6   S   0.101   0.301   0.152
    7   S   0.101   0.249   0.154
    8   H   0.100   0.272   0.154
    9   M   0.099   0.276   0.154
   10   T   0.100   0.279   0.157
   11   V   0.101   0.278   0.159
   12   V   0.101   0.263   0.160
   13   S   0.103   0.223   0.163
   14   L   0.101   0.214   0.161
   15   F   0.102   0.216   0.162
   16   Y   0.103   0.224   0.162
   17   G   0.104   0.264   0.163
   18   A   0.107   0.249   0.166
   19   A   0.101   0.227   0.161
   20   M   0.112   0.164   0.168
   21   Y   0.110   0.144   0.163
   22   T   0.110   0.124   0.160
   23   Y   0.109   0.116   0.156
   24   M   0.100   0.138   0.146
   25   L   0.132   0.094   0.163
   26   P   0.101   0.141   0.139
   27   H   0.118   0.143   0.146
   28   S   0.104   0.156   0.135
   29   Y   0.106   0.144   0.135
   30   H   0.101   0.151   0.129
   31   K   0.115   0.122   0.136
   32   P   0.101   0.123   0.123
   33   A   0.106   0.130   0.123
   34   Q   0.099   0.135   0.115
   35   D   0.106   0.120   0.119
   36   K   0.109   0.106   0.120
   37   V   0.101   0.085   0.115
   38   L   0.101   0.084   0.114
   39   S   0.104   0.063   0.114
   40   V   0.099   0.066   0.110
   41   F   0.103   0.066   0.110
   42   Y   0.104   0.075   0.107
   43   T   0.102   0.065   0.103
   44   I   0.106   0.078   0.102
   45   L   0.102   0.070   0.098
   46   T   0.101   0.055   0.096
   47   P   0.100   0.054   0.092
   48   M   0.102   0.044   0.091
   49   L   0.103   0.034   0.087
   50   N   0.100   0.060   0.082
   51   P   0.099   0.068   0.080
   52   L   0.103   0.055   0.081
   53   I   0.103   0.067   0.079
   54   Y   0.103   0.084   0.079
   55   S   0.101   0.115   0.079
   56   L   0.106   0.117   0.084
   57   R   0.102   0.101   0.084
   58   N   0.101   0.093   0.085
   59   K   0.100   0.093   0.085
   60   D   0.099   0.100   0.086
   61   V   0.103   0.103   0.089
   62   T   0.103   0.104   0.091
   63   G   0.105   0.102   0.095
   64   A   0.101   0.102   0.095
   65   L   0.099   0.098   0.096
   66   K   0.103   0.099   0.099
   67   R   0.098   0.099   0.098
   68   A   0.105   0.098   0.103
   69   L   0.100   0.099   0.101
   70   G   0.107   0.097   0.104
# Measure  Position  Value    Cutoff   signal peptide?
  max. C    25       0.132
  max. Y    20       0.168
  max. S     6       0.301
  mean S     1-19    0.251
       D     1-19    0.201   0.500   NO
Name=OR2T1_HUMAN_TRANSMEM6	SP='NO' D=0.201 D-cutoff=0.500 Networks=SignalP-TM
