# SignalP-4.1 euk predictions
# Name=OR4A8_HUMAN_TRANSMEM4	Length=70	Networks=SignalP-TM
# pos  aa    C       S       Y
    1   I   0.103   0.428   0.210
    2   L   0.102   0.394   0.209
    3   L   0.103   0.283   0.209
    4   L   0.102   0.299   0.206
    5   V   0.104   0.302   0.205
    6   V   0.104   0.325   0.203
    7   A   0.105   0.241   0.203
    8   V   0.100   0.289   0.194
    9   T   0.103   0.332   0.194
   10   G   0.103   0.311   0.193
   11   G   0.104   0.347   0.191
   12   F   0.107   0.338   0.192
   13   L   0.100   0.258   0.184
   14   H   0.102   0.162   0.183
   15   S   0.103   0.189   0.178
   16   V   0.116   0.163   0.184
   17   F   0.103   0.187   0.168
   18   Q   0.106   0.248   0.169
   19   I   0.309   0.207   0.286
   20   L   0.102   0.176   0.162
   21   V   0.103   0.156   0.160
   22   V   0.102   0.163   0.156
   23   Y   0.105   0.126   0.156
   24   S   0.103   0.130   0.149
   25   L   0.155   0.130   0.177
   26   P   0.103   0.161   0.139
   27   F   0.108   0.215   0.137
   28   C   0.100   0.245   0.131
   29   G   0.109   0.238   0.140
   30   P   0.100   0.218   0.135
   31   N   0.113   0.209   0.145
   32   V   0.101   0.203   0.137
   33   I   0.100   0.160   0.136
   34   Y   0.103   0.151   0.137
   35   H   0.098   0.147   0.133
   36   F   0.106   0.118   0.137
   37   F   0.103   0.125   0.134
   38   C   0.103   0.138   0.134
   39   N   0.102   0.124   0.134
   40   I   0.104   0.110   0.135
   41   Y   0.100   0.097   0.131
   42   P   0.103   0.106   0.129
   43   L   0.102   0.116   0.125
   44   L   0.102   0.107   0.122
   45   D   0.102   0.094   0.118
   46   L   0.098   0.075   0.112
   47   E   0.106   0.062   0.112
   48   C   0.102   0.073   0.107
   49   T   0.105   0.062   0.106
   50   D   0.102   0.035   0.101
   51   T   0.098   0.046   0.096
   52   Y   0.106   0.048   0.097
   53   F   0.098   0.055   0.090
   54   V   0.100   0.047   0.088
   55   G   0.100   0.054   0.086
   56   L   0.099   0.052   0.083
   57   A   0.102   0.072   0.082
   58   V   0.099   0.066   0.079
   59   V   0.103   0.094   0.079
   60   F   0.099   0.069   0.077
   61   N   0.104   0.071   0.079
   62   G   0.104   0.073   0.079
   63   G   0.102   0.075   0.078
   64   A   0.103   0.057   0.080
   65   I   0.097   0.050   0.078
   66   C   0.101   0.049   0.080
   67   M   0.099   0.050   0.079
   68   V   0.100   0.057   0.079
   69   I   0.102   0.056   0.081
   70   F   0.103   0.076   0.081
# Measure  Position  Value    Cutoff   signal peptide?
  max. C    19       0.309
  max. Y    19       0.286
  max. S     1       0.428
  mean S     1-18    0.283
       D     1-18    0.285   0.500   NO
Name=OR4A8_HUMAN_TRANSMEM4	SP='NO' D=0.285 D-cutoff=0.500 Networks=SignalP-TM
