# SignalP-4.1 euk predictions
# Name=OR4CF_HUMAN_TRANSMEM1	Length=70	Networks=SignalP-TM
# pos  aa    C       S       Y
    1   I   0.102   0.347   0.188
    2   V   0.102   0.284   0.188
    3   F   0.102   0.248   0.187
    4   V   0.103   0.190   0.186
    5   V   0.101   0.140   0.181
    6   F   0.104   0.141   0.179
    7   L   0.102   0.134   0.173
    8   F   0.100   0.219   0.167
    9   V   0.103   0.221   0.167
   10   Y   0.103   0.233   0.164
   11   I   0.103   0.221   0.162
   12   A   0.100   0.190   0.157
   13   T   0.099   0.100   0.152
   14   V   0.104   0.104   0.150
   15   G   0.101   0.080   0.141
   16   G   0.156   0.041   0.167
   17   N   0.311   0.045   0.224
   18   M   0.115   0.042   0.130
   19   L   0.119   0.031   0.127
   20   I   0.118   0.043   0.123
   21   V   0.105   0.035   0.113
   22   V   0.104   0.025   0.109
   23   T   0.104   0.032   0.102
   24   I   0.111   0.033   0.098
   25   L   0.107   0.033   0.088
   26   S   0.103   0.067   0.078
   27   S   0.109   0.066   0.074
   28   P   0.102   0.074   0.070
   29   A   0.105   0.060   0.070
   30   L   0.104   0.067   0.068
   31   L   0.104   0.065   0.070
   32   V   0.106   0.057   0.071
   33   S   0.105   0.052   0.072
   34   P   0.106   0.073   0.073
   35   M   0.135   0.087   0.084
   36   Y   0.103   0.100   0.076
   37   F   0.101   0.118   0.079
   38   F   0.101   0.127   0.083
   39   L   0.104   0.109   0.088
   40   G   0.103   0.130   0.091
   41   F   0.099   0.157   0.092
   42   L   0.104   0.134   0.097
   43   S   0.104   0.177   0.100
   44   F   0.103   0.150   0.103
   45   L   0.102   0.158   0.106
   46   D   0.102   0.191   0.109
   47   A   0.102   0.165   0.113
   48   C   0.115   0.119   0.124
   49   F   0.102   0.140   0.118
   50   S   0.102   0.085   0.120
   51   S   0.211   0.083   0.172
   52   V   0.097   0.091   0.115
   53   I   0.099   0.124   0.115
   54   T   0.099   0.148   0.116
   55   P   0.097   0.144   0.116
   56   K   0.104   0.142   0.119
   57   M   0.103   0.152   0.119
   58   I   0.101   0.129   0.117
   59   V   0.100   0.158   0.115
   60   D   0.102   0.116   0.117
   61   S   0.103   0.117   0.115
   62   L   0.102   0.111   0.113
   63   Y   0.104   0.117   0.114
   64   V   0.101   0.115   0.111
   65   T   0.101   0.099   0.112
   66   K   0.103   0.095   0.114
   67   T   0.103   0.101   0.114
   68   I   0.104   0.098   0.114
   69   S   0.103   0.096   0.112
   70   F   0.099   0.090   0.108
# Measure  Position  Value    Cutoff   signal peptide?
  max. C    17       0.311
  max. Y    17       0.224
  max. S     1       0.347
  mean S     1-16    0.181
       D     1-16    0.207   0.500   NO
Name=OR4CF_HUMAN_TRANSMEM1	SP='NO' D=0.207 D-cutoff=0.500 Networks=SignalP-TM
