# SignalP-4.1 euk predictions
# Name=OR4CD_HUMAN_TRANSMEM1	Length=70	Networks=SignalP-TM
# pos  aa    C       S       Y
    1   I   0.102   0.280   0.169
    2   I   0.102   0.250   0.169
    3   F   0.102   0.228   0.168
    4   V   0.103   0.202   0.168
    5   V   0.102   0.169   0.166
    6   F   0.103   0.149   0.164
    7   S   0.101   0.141   0.160
    8   V   0.100   0.212   0.156
    9   I   0.102   0.200   0.156
   10   Y   0.101   0.244   0.152
   11   I   0.099   0.240   0.150
   12   N   0.101   0.196   0.151
   13   A   0.101   0.180   0.149
   14   M   0.108   0.143   0.151
   15   I   0.101   0.107   0.143
   16   G   0.106   0.101   0.142
   17   N   0.120   0.107   0.147
   18   V   0.102   0.121   0.132
   19   L   0.105   0.157   0.132
   20   I   0.104   0.132   0.131
   21   V   0.134   0.090   0.148
   22   V   0.104   0.116   0.129
   23   T   0.105   0.121   0.126
   24   I   0.108   0.147   0.126
   25   T   0.107   0.206   0.122
   26   A   0.111   0.211   0.124
   27   S   0.117   0.205   0.127
   28   P   0.100   0.151   0.118
   29   S   0.109   0.193   0.124
   30   L   0.112   0.209   0.128
   31   R   0.102   0.226   0.126
   32   S   0.112   0.228   0.135
   33   P   0.101   0.245   0.132
   34   M   0.105   0.269   0.136
   35   Y   0.103   0.228   0.139
   36   F   0.101   0.195   0.141
   37   F   0.102   0.208   0.144
   38   L   0.105   0.190   0.148
   39   A   0.105   0.212   0.149
   40   Y   0.098   0.225   0.144
   41   L   0.104   0.200   0.149
   42   S   0.102   0.211   0.147
   43   F   0.101   0.194   0.148
   44   I   0.105   0.201   0.151
   45   D   0.102   0.160   0.148
   46   A   0.103   0.203   0.148
   47   C   0.118   0.139   0.157
   48   Y   0.101   0.155   0.143
   49   S   0.101   0.140   0.140
   50   S   0.259   0.100   0.221
   51   V   0.100   0.093   0.134
   52   N   0.099   0.109   0.131
   53   T   0.100   0.112   0.130
   54   P   0.102   0.102   0.128
   55   K   0.104   0.100   0.125
   56   L   0.104   0.102   0.122
   57   I   0.102   0.100   0.118
   58   T   0.100   0.099   0.114
   59   D   0.106   0.099   0.114
   60   S   0.103   0.094   0.111
   61   L   0.103   0.099   0.106
   62   Y   0.103   0.097   0.105
   63   E   0.099   0.098   0.101
   64   N   0.102   0.097   0.101
   65   K   0.101   0.095   0.101
   66   T   0.105   0.092   0.103
   67   I   0.104   0.095   0.101
   68   L   0.102   0.096   0.100
   69   F   0.100   0.096   0.099
   70   N   0.101   0.093   0.099
# Measure  Position  Value    Cutoff   signal peptide?
  max. C    50       0.259
  max. Y    50       0.221
  max. S     1       0.280
  mean S     1-49    0.184
       D     1-49    0.206   0.500   NO
Name=OR4CD_HUMAN_TRANSMEM1	SP='NO' D=0.206 D-cutoff=0.500 Networks=SignalP-TM
