# SignalP-4.1 euk predictions
# Name=OR4CB_HUMAN_TRANSMEM3	Length=70	Networks=SignalP-noTM
# pos  aa    C       S       Y
    1   V   0.101   0.894   0.301
    2   F   0.104   0.851   0.304
    3   A   0.106   0.889   0.307
    4   L   0.106   0.941   0.308
    5   H   0.106   0.941   0.307
    6   L   0.101   0.934   0.300
    7   F   0.104   0.950   0.306
    8   G   0.104   0.929   0.306
    9   C   0.100   0.899   0.301
   10   M   0.105   0.865   0.307
   11   E   0.099   0.865   0.299
   12   I   0.100   0.881   0.300
   13   F   0.093   0.885   0.289
   14   V   0.099   0.915   0.298
   15   L   0.101   0.891   0.301
   16   I   0.100   0.890   0.299
   17   L   0.098   0.810   0.298
   18   M   0.109   0.848   0.312
   19   A   0.128   0.809   0.338
   20   V   0.159   0.623   0.376
   21   D   0.103   0.615   0.301
   22   R   0.110   0.559   0.309
   23   Y   0.134   0.408   0.337
   24   V   0.107   0.368   0.298
   25   A   0.107   0.432   0.294
   26   I   0.183   0.218   0.379
   27   C   0.166   0.132   0.353
   28   K   0.199   0.114   0.377
   29   P   0.100   0.119   0.260
   30   L   0.119   0.136   0.276
   31   R   0.100   0.136   0.246
   32   Y   0.104   0.153   0.243
   33   P   0.105   0.225   0.237
   34   T   0.102   0.259   0.228
   35   I   0.105   0.212   0.225
   36   M   0.107   0.240   0.219
   37   S   0.098   0.247   0.203
   38   Q   0.113   0.347   0.210
   39   Q   0.101   0.303   0.191
   40   V   0.102   0.274   0.187
   41   C   0.101   0.369   0.178
   42   I   0.103   0.308   0.174
   43   I   0.100   0.384   0.167
   44   L   0.101   0.279   0.165
   45   I   0.100   0.335   0.160
   46   V   0.093   0.288   0.154
   47   L   0.106   0.426   0.163
   48   A   0.103   0.538   0.160
   49   W   0.122   0.332   0.180
   50   I   0.105   0.608   0.170
   51   G   0.102   0.412   0.174
   52   S   0.103   0.297   0.179
   53   L   0.108   0.249   0.185
   54   I   0.102   0.213   0.181
   55   H   0.109   0.187   0.188
   56   S   0.112   0.174   0.190
   57   T   0.149   0.111   0.218
   58   A   0.107   0.121   0.184
   59   Q   0.207   0.108   0.253
   60   I   0.163   0.101   0.222
   61   I   0.095   0.098   0.167
   62   L   0.103   0.104   0.171
   63   A   0.105   0.102   0.170
   64   L   0.146   0.099   0.196
   65   R   0.107   0.099   0.165
   66   L   0.106   0.100   0.159
   67   P   0.107   0.098   0.158
   68   F   0.103   0.101   0.151
   69   C   0.104   0.103   0.149
   70   G   0.107   0.101   0.146
# Measure  Position  Value    Cutoff   signal peptide?
  max. C    59       0.207
  max. Y    26       0.379
  max. S     7       0.950
  mean S     1-25    0.796
       D     1-25    0.604   0.450   YES
Name=OR4CB_HUMAN_TRANSMEM3	SP='YES' Cleavage site between pos. 25 and 26: YVA-IC D=0.604 D-cutoff=0.450 Networks=SignalP-noTM
