# SignalP-4.1 euk predictions
# Name=OR5P2_HUMAN_TRANSMEM3	Length=70	Networks=SignalP-TM
# pos  aa    C       S       Y
    1   Q   0.102   0.428   0.209
    2   L   0.102   0.425   0.209
    3   G   0.102   0.381   0.209
    4   S   0.101   0.346   0.207
    5   A   0.104   0.318   0.209
    6   A   0.101   0.409   0.204
    7   F   0.099   0.385   0.201
    8   F   0.101   0.490   0.202
    9   A   0.102   0.488   0.204
   10   T   0.099   0.500   0.203
   11   V   0.103   0.434   0.208
   12   E   0.099   0.332   0.204
   13   C   0.102   0.463   0.206
   14   V   0.106   0.386   0.211
   15   L   0.101   0.444   0.204
   16   L   0.106   0.474   0.210
   17   A   0.112   0.422   0.216
   18   A   0.120   0.370   0.225
   19   M   0.109   0.339   0.214
   20   A   0.108   0.347   0.214
   21   Y   0.168   0.224   0.265
   22   D   0.109   0.252   0.211
   23   R   0.104   0.264   0.201
   24   F   0.101   0.301   0.194
   25   V   0.105   0.259   0.194
   26   A   0.102   0.265   0.189
   27   I   0.116   0.193   0.200
   28   C   0.110   0.171   0.189
   29   S   0.114   0.146   0.187
   30   P   0.102   0.145   0.171
   31   L   0.106   0.157   0.167
   32   L   0.102   0.179   0.158
   33   Y   0.102   0.193   0.153
   34   S   0.104   0.153   0.151
   35   T   0.110   0.107   0.151
   36   K   0.103   0.097   0.143
   37   M   0.104   0.127   0.140
   38   S   0.100   0.097   0.133
   39   T   0.101   0.098   0.129
   40   Q   0.105   0.072   0.126
   41   V   0.105   0.052   0.121
   42   S   0.099   0.065   0.112
   43   V   0.102   0.061   0.111
   44   Q   0.101   0.036   0.108
   45   L   0.104   0.026   0.105
   46   L   0.100   0.022   0.099
   47   L   0.100   0.017   0.093
   48   V   0.104   0.015   0.088
   49   V   0.102   0.011   0.081
   50   Y   0.107   0.011   0.078
   51   I   0.103   0.013   0.072
   52   A   0.104   0.015   0.066
   53   G   0.098   0.016   0.060
   54   F   0.106   0.018   0.057
   55   L   0.097   0.014   0.051
   56   I   0.102   0.016   0.050
   57   A   0.101   0.019   0.046
   58   V   0.108   0.017   0.044
   59   S   0.104   0.019   0.041
   60   Y   0.106   0.020   0.041
   61   T   0.101   0.026   0.040
   62   T   0.113   0.025   0.043
   63   S   0.101   0.036   0.042
   64   F   0.115   0.040   0.047
   65   Y   0.103   0.048   0.047
   66   F   0.102   0.053   0.049
   67   L   0.101   0.058   0.052
   68   L   0.102   0.076   0.055
   69   F   0.103   0.095   0.059
   70   C   0.103   0.094   0.064
# Measure  Position  Value    Cutoff   signal peptide?
  max. C    21       0.168
  max. Y    21       0.265
  max. S    10       0.500
  mean S     1-20    0.409
       D     1-20    0.323   0.500   NO
Name=OR5P2_HUMAN_TRANSMEM3	SP='NO' D=0.323 D-cutoff=0.500 Networks=SignalP-TM
