# SignalP-4.1 euk predictions
# Name=OR6C3_HUMAN_TRANSMEM5	Length=70	Networks=SignalP-noTM
# pos  aa    C       S       Y
    1   I   0.102   0.942   0.310
    2   G   0.102   0.961   0.309
    3   F   0.097   0.974   0.303
    4   Y   0.105   0.980   0.314
    5   F   0.104   0.976   0.313
    6   A   0.104   0.971   0.313
    7   L   0.096   0.969   0.302
    8   V   0.106   0.961   0.318
    9   T   0.099   0.963   0.306
   10   L   0.107   0.968   0.319
   11   L   0.099   0.965   0.306
   12   F   0.098   0.978   0.306
   13   T   0.102   0.987   0.312
   14   L   0.102   0.980   0.312
   15   A   0.106   0.985   0.318
   16   L   0.183   0.973   0.420
   17   V   0.102   0.961   0.314
   18   I   0.125   0.951   0.347
   19   L   0.107   0.923   0.321
   20   S   0.171   0.821   0.405
   21   Y   0.218   0.665   0.457
   22   M   0.117   0.745   0.332
   23   Y   0.293   0.400   0.524
   24   I   0.104   0.610   0.308
   25   I   0.143   0.565   0.357
   26   R   0.105   0.605   0.304
   27   T   0.122   0.522   0.324
   28   I   0.173   0.391   0.381
   29   L   0.104   0.285   0.291
   30   R   0.119   0.212   0.305
   31   I   0.151   0.153   0.336
   32   P   0.104   0.173   0.271
   33   S   0.108   0.220   0.270
   34   A   0.107   0.249   0.262
   35   S   0.116   0.160   0.266
   36   Q   0.100   0.139   0.239
   37   R   0.104   0.118   0.235
   38   K   0.107   0.116   0.230
   39   K   0.099   0.116   0.212
   40   A   0.102   0.135   0.205
   41   F   0.125   0.110   0.218
   42   S   0.101   0.107   0.185
   43   T   0.102   0.115   0.177
   44   C   0.101   0.113   0.169
   45   S   0.100   0.118   0.160
   46   S   0.098   0.105   0.154
   47   H   0.096   0.125   0.145
   48   M   0.100   0.112   0.141
   49   I   0.102   0.121   0.134
   50   V   0.096   0.133   0.123
   51   I   0.103   0.110   0.123
   52   S   0.104   0.111   0.121
   53   I   0.100   0.127   0.116
   54   S   0.099   0.112   0.115
   55   Y   0.100   0.111   0.114
   56   G   0.097   0.103   0.110
   57   S   0.124   0.100   0.122
   58   C   0.102   0.100   0.109
   59   I   0.114   0.096   0.114
   60   F   0.094   0.101   0.104
   61   M   0.101   0.104   0.107
   62   Y   0.105   0.096   0.109
   63   A   0.101   0.102   0.106
   64   N   0.103   0.103   0.106
   65   P   0.102   0.106   0.106
   66   S   0.105   0.104   0.107
   67   A   0.102   0.106   0.105
   68   K   0.097   0.107   0.103
   69   E   0.102   0.108   0.105
   70   K   0.097   0.107   0.102
# Measure  Position  Value    Cutoff   signal peptide?
  max. C    23       0.293
  max. Y    23       0.524
  max. S    13       0.987
  mean S     1-22    0.936
       D     1-22    0.747   0.450   YES
Name=OR6C3_HUMAN_TRANSMEM5	SP='YES' Cleavage site between pos. 22 and 23: SYM-YI D=0.747 D-cutoff=0.450 Networks=SignalP-noTM
