# SignalP-4.1 euk predictions
# Name=OR6K3_HUMAN_TRANSMEM5	Length=70	Networks=SignalP-TM
# pos  aa    C       S       Y
    1   I   0.102   0.290   0.172
    2   E   0.101   0.275   0.171
    3   D   0.102   0.224   0.172
    4   V   0.101   0.203   0.170
    5   I   0.104   0.182   0.170
    6   H   0.104   0.149   0.167
    7   A   0.101   0.130   0.162
    8   V   0.100   0.095   0.158
    9   T   0.105   0.065   0.157
   10   I   0.101   0.038   0.148
   11   I   0.101   0.029   0.142
   12   I   0.102   0.034   0.136
   13   T   0.102   0.037   0.129
   14   F   0.099   0.038   0.120
   15   L   0.103   0.050   0.115
   16   I   0.103   0.078   0.107
   17   I   0.102   0.065   0.099
   18   A   0.101   0.090   0.093
   19   L   0.107   0.085   0.091
   20   S   0.105   0.109   0.086
   21   Y   0.207   0.060   0.118
   22   V   0.105   0.068   0.081
   23   R   0.118   0.090   0.085
   24   I   0.105   0.147   0.081
   25   V   0.158   0.125   0.105
   26   T   0.102   0.160   0.089
   27   V   0.120   0.159   0.102
   28   I   0.124   0.123   0.108
   29   L   0.102   0.144   0.102
   30   R   0.106   0.153   0.107
   31   I   0.111   0.153   0.112
   32   P   0.104   0.145   0.111
   33   S   0.102   0.161   0.112
   34   S   0.104   0.169   0.116
   35   E   0.102   0.163   0.116
   36   G   0.100   0.214   0.119
   37   R   0.202   0.146   0.174
   38   Q   0.103   0.131   0.126
   39   K   0.105   0.165   0.127
   40   A   0.102   0.172   0.126
   41   F   0.101   0.142   0.126
   42   S   0.102   0.106   0.126
   43   T   0.103   0.110   0.126
   44   C   0.106   0.092   0.127
   45   A   0.103   0.083   0.123
   46   G   0.100   0.098   0.119
   47   H   0.099   0.083   0.118
   48   L   0.101   0.096   0.117
   49   M   0.105   0.076   0.116
   50   V   0.101   0.069   0.111
   51   F   0.101   0.067   0.107
   52   P   0.106   0.063   0.106
   53   I   0.105   0.056   0.103
   54   F   0.106   0.061   0.100
   55   F   0.102   0.076   0.094
   56   G   0.100   0.091   0.090
   57   S   0.100   0.098   0.090
   58   V   0.100   0.077   0.089
   59   S   0.105   0.100   0.090
   60   L   0.099   0.112   0.089
   61   M   0.101   0.085   0.090
   62   Y   0.106   0.077   0.092
   63   L   0.101   0.089   0.090
   64   R   0.100   0.098   0.089
   65   F   0.103   0.136   0.092
   66   S   0.104   0.118   0.095
   67   D   0.100   0.106   0.095
   68   T   0.101   0.110   0.098
   69   Y   0.113   0.095   0.105
   70   P   0.099   0.096   0.099
# Measure  Position  Value    Cutoff   signal peptide?
  max. C    21       0.207
  max. Y    37       0.174
  max. S     1       0.290
  mean S     1-36    0.125
       D     1-36    0.155   0.500   NO
Name=OR6K3_HUMAN_TRANSMEM5	SP='NO' D=0.155 D-cutoff=0.500 Networks=SignalP-TM
