# SignalP-4.1 euk predictions
# Name=OR6K6_HUMAN_TRANSMEM1	Length=70	Networks=SignalP-TM
# pos  aa    C       S       Y
    1   L   0.102   0.279   0.168
    2   F   0.102   0.246   0.169
    3   F   0.102   0.183   0.168
    4   I   0.104   0.126   0.168
    5   P   0.104   0.111   0.164
    6   L   0.105   0.109   0.161
    7   L   0.103   0.080   0.156
    8   L   0.103   0.057   0.151
    9   I   0.101   0.064   0.143
   10   Y   0.099   0.054   0.137
   11   G   0.100   0.068   0.132
   12   F   0.104   0.045   0.128
   13   I   0.103   0.039   0.121
   14   L   0.100   0.035   0.111
   15   T   0.099   0.037   0.103
   16   G   0.134   0.020   0.110
   17   N   0.107   0.018   0.089
   18   L   0.108   0.018   0.081
   19   I   0.123   0.021   0.081
   20   M   0.116   0.029   0.074
   21   F   0.104   0.016   0.066
   22   I   0.105   0.022   0.063
   23   V   0.102   0.025   0.059
   24   I   0.102   0.026   0.057
   25   Q   0.109   0.050   0.057
   26   V   0.100   0.054   0.054
   27   G   0.102   0.075   0.055
   28   M   0.103   0.073   0.057
   29   A   0.110   0.099   0.062
   30   L   0.407   0.053   0.126
   31   H   0.102   0.073   0.065
   32   T   0.114   0.067   0.072
   33   P   0.104   0.062   0.071
   34   L   0.104   0.076   0.073
   35   Y   0.102   0.106   0.075
   36   F   0.101   0.102   0.079
   37   F   0.100   0.084   0.082
   38   I   0.102   0.085   0.086
   39   S   0.102   0.122   0.088
   40   V   0.101   0.099   0.090
   41   L   0.102   0.092   0.093
   42   S   0.103   0.131   0.094
   43   F   0.108   0.109   0.098
   44   L   0.103   0.109   0.096
   45   E   0.103   0.110   0.098
   46   I   0.100   0.136   0.098
   47   C   0.101   0.115   0.101
   48   Y   0.101   0.143   0.103
   49   T   0.101   0.135   0.106
   50   T   0.137   0.114   0.124
   51   T   0.099   0.121   0.106
   52   T   0.107   0.116   0.111
   53   I   0.114   0.103   0.116
   54   P   0.098   0.109   0.107
   55   K   0.103   0.107   0.110
   56   M   0.101   0.120   0.110
   57   L   0.102   0.108   0.109
   58   S   0.104   0.106   0.111
   59   C   0.104   0.107   0.110
   60   L   0.102   0.102   0.109
   61   I   0.103   0.101   0.109
   62   S   0.104   0.099   0.109
   63   E   0.102   0.095   0.106
   64   Q   0.097   0.093   0.102
   65   K   0.101   0.093   0.104
   66   S   0.098   0.099   0.101
   67   I   0.096   0.099   0.100
   68   S   0.104   0.099   0.103
   69   V   0.101   0.098   0.101
   70   A   0.099   0.098   0.100
# Measure  Position  Value    Cutoff   signal peptide?
  max. C    30       0.407
  max. Y    11       0.132
  max. S     1       0.279
  mean S     1-10    0.131
       D     1-10    0.131   0.500   NO
Name=OR6K6_HUMAN_TRANSMEM1	SP='NO' D=0.131 D-cutoff=0.500 Networks=SignalP-TM
