# SignalP-4.1 euk predictions
# Name=OR8B8_HUMAN_TRANSMEM1	Length=70	Networks=SignalP-TM
# pos  aa    C       S       Y
    1   P   0.102   0.371   0.194
    2   L   0.103   0.444   0.195
    3   F   0.103   0.312   0.197
    4   F   0.103   0.235   0.196
    5   L   0.103   0.177   0.193
    6   F   0.102   0.124   0.188
    7   L   0.104   0.133   0.185
    8   G   0.106   0.166   0.182
    9   F   0.098   0.157   0.171
   10   Y   0.104   0.115   0.172
   11   V   0.100   0.132   0.163
   12   V   0.099   0.130   0.157
   13   T   0.099   0.126   0.152
   14   V   0.101   0.086   0.147
   15   V   0.101   0.074   0.139
   16   G   0.109   0.053   0.137
   17   N   0.286   0.045   0.203
   18   L   0.127   0.051   0.126
   19   G   0.110   0.040   0.111
   20   L   0.142   0.041   0.121
   21   I   0.105   0.037   0.100
   22   T   0.104   0.040   0.096
   23   L   0.106   0.038   0.092
   24   I   0.113   0.047   0.090
   25   R   0.104   0.106   0.083
   26   L   0.103   0.111   0.082
   27   N   0.108   0.118   0.083
   28   S   0.102   0.075   0.081
   29   H   0.106   0.083   0.081
   30   L   0.109   0.103   0.083
   31   H   0.102   0.118   0.083
   32   T   0.100   0.105   0.085
   33   P   0.099   0.135   0.086
   34   M   0.103   0.166   0.092
   35   Y   0.100   0.172   0.096
   36   F   0.098   0.180   0.099
   37   F   0.099   0.166   0.105
   38   L   0.102   0.152   0.111
   39   Y   0.101   0.165   0.114
   40   N   0.102   0.173   0.116
   41   L   0.103   0.155   0.119
   42   S   0.101   0.146   0.118
   43   F   0.102   0.125   0.121
   44   I   0.103   0.115   0.123
   45   D   0.102   0.120   0.123
   46   F   0.100   0.108   0.122
   47   C   0.103   0.104   0.124
   48   Y   0.101   0.119   0.121
   49   S   0.100   0.106   0.120
   50   S   0.218   0.071   0.174
   51   V   0.096   0.080   0.112
   52   I   0.099   0.086   0.111
   53   T   0.099   0.096   0.109
   54   P   0.099   0.117   0.106
   55   K   0.101   0.096   0.105
   56   M   0.103   0.125   0.105
   57   L   0.101   0.101   0.103
   58   M   0.099   0.099   0.101
   59   S   0.105   0.089   0.104
   60   F   0.103   0.081   0.101
   61   V   0.104   0.107   0.101
   62   L   0.104   0.108   0.101
   63   K   0.102   0.109   0.100
   64   K   0.099   0.102   0.098
   65   N   0.103   0.100   0.101
   66   S   0.104   0.111   0.103
   67   I   0.099   0.104   0.101
   68   S   0.104   0.102   0.104
   69   Y   0.100   0.102   0.101
   70   A   0.100   0.098   0.101
# Measure  Position  Value    Cutoff   signal peptide?
  max. C    17       0.286
  max. Y    17       0.203
  max. S     2       0.444
  mean S     1-16    0.177
       D     1-16    0.193   0.500   NO
Name=OR8B8_HUMAN_TRANSMEM1	SP='NO' D=0.193 D-cutoff=0.500 Networks=SignalP-TM
