# SignalP-4.1 euk predictions
# Name=OR8J3_HUMAN_TRANSMEM3	Length=70	Networks=SignalP-TM
# pos  aa    C       S       Y
    1   Q   0.102   0.494   0.224
    2   L   0.103   0.576   0.225
    3   G   0.102   0.571   0.226
    4   G   0.100   0.503   0.225
    5   F   0.101   0.479   0.226
    6   L   0.102   0.506   0.227
    7   F   0.103   0.464   0.228
    8   F   0.101   0.598   0.225
    9   I   0.103   0.608   0.229
   10   V   0.103   0.619   0.231
   11   S   0.103   0.563   0.233
   12   E   0.100   0.469   0.231
   13   V   0.096   0.496   0.226
   14   M   0.098   0.388   0.229
   15   M   0.100   0.424   0.229
   16   L   0.108   0.389   0.237
   17   A   0.106   0.429   0.231
   18   V   0.114   0.347   0.237
   19   M   0.105   0.327   0.226
   20   A   0.113   0.273   0.231
   21   Y   0.309   0.134   0.376
   22   D   0.111   0.133   0.219
   23   R   0.112   0.132   0.211
   24   Y   0.102   0.112   0.194
   25   V   0.105   0.137   0.186
   26   A   0.103   0.116   0.176
   27   I   0.110   0.096   0.174
   28   C   0.110   0.079   0.164
   29   N   0.116   0.077   0.161
   30   P   0.104   0.075   0.144
   31   L   0.109   0.057   0.139
   32   L   0.102   0.056   0.124
   33   Y   0.101   0.071   0.114
   34   M   0.102   0.054   0.106
   35   V   0.103   0.057   0.099
   36   V   0.105   0.042   0.097
   37   V   0.107   0.054   0.094
   38   S   0.100   0.039   0.088
   39   R   0.106   0.052   0.087
   40   R   0.103   0.060   0.082
   41   L   0.103   0.034   0.080
   42   C   0.101   0.037   0.076
   43   L   0.104   0.032   0.075
   44   L   0.105   0.025   0.073
   45   L   0.102   0.028   0.070
   46   V   0.103   0.035   0.069
   47   S   0.102   0.028   0.067
   48   L   0.102   0.034   0.065
   49   T   0.100   0.025   0.063
   50   Y   0.104   0.025   0.063
   51   L   0.101   0.035   0.061
   52   Y   0.101   0.043   0.060
   53   G   0.100   0.042   0.059
   54   F   0.115   0.060   0.063
   55   S   0.100   0.068   0.059
   56   T   0.102   0.100   0.062
   57   A   0.109   0.092   0.067
   58   I   0.162   0.098   0.086
   59   V   0.100   0.106   0.071
   60   V   0.098   0.084   0.074
   61   S   0.102   0.112   0.078
   62   P   0.103   0.098   0.083
   63   C   0.102   0.101   0.085
   64   I   0.104   0.104   0.089
   65   F   0.101   0.127   0.091
   66   S   0.099   0.107   0.094
   67   V   0.102   0.090   0.097
   68   S   0.103   0.103   0.100
   69   Y   0.101   0.084   0.100
   70   C   0.099   0.099   0.100
# Measure  Position  Value    Cutoff   signal peptide?
  max. C    21       0.309
  max. Y    21       0.376
  max. S    10       0.619
  mean S     1-20    0.476
       D     1-20    0.416   0.500   NO
Name=OR8J3_HUMAN_TRANSMEM3	SP='NO' D=0.416 D-cutoff=0.500 Networks=SignalP-TM
