# SignalP-4.1 euk predictions
# Name=OR8U9_HUMAN_TRANSMEM1	Length=70	Networks=SignalP-TM
# pos  aa    C       S       Y
    1   V   0.102   0.322   0.181
    2   L   0.103   0.273   0.182
    3   F   0.103   0.214   0.181
    4   L   0.100   0.248   0.176
    5   S   0.105   0.336   0.179
    6   I   0.101   0.322   0.176
    7   Y   0.103   0.252   0.177
    8   L   0.102   0.285   0.175
    9   F   0.100   0.279   0.173
   10   T   0.101   0.257   0.173
   11   V   0.101   0.306   0.172
   12   V   0.099   0.346   0.169
   13   G   0.101   0.269   0.171
   14   N   0.109   0.181   0.177
   15   L   0.105   0.169   0.171
   16   G   0.106   0.218   0.168
   17   L   0.145   0.184   0.196
   18   I   0.103   0.146   0.164
   19   L   0.105   0.121   0.163
   20   L   0.104   0.114   0.157
   21   I   0.122   0.103   0.165
   22   R   0.104   0.147   0.149
   23   T   0.103   0.171   0.144
   24   D   0.137   0.125   0.164
   25   E   0.101   0.103   0.137
   26   K   0.108   0.107   0.136
   27   L   0.109   0.112   0.130
   28   N   0.101   0.105   0.120
   29   T   0.106   0.080   0.121
   30   P   0.100   0.120   0.115
   31   M   0.104   0.148   0.114
   32   Y   0.100   0.158   0.110
   33   F   0.100   0.175   0.111
   34   F   0.099   0.142   0.112
   35   L   0.102   0.130   0.114
   36   S   0.103   0.139   0.116
   37   N   0.100   0.143   0.114
   38   L   0.106   0.133   0.116
   39   A   0.102   0.132   0.115
   40   F   0.099   0.094   0.113
   41   V   0.102   0.082   0.115
   42   D   0.100   0.093   0.113
   43   F   0.102   0.080   0.113
   44   C   0.103   0.089   0.114
   45   Y   0.100   0.109   0.112
   46   S   0.101   0.118   0.111
   47   S   0.204   0.095   0.156
   48   V   0.098   0.068   0.105
   49   I   0.098   0.088   0.103
   50   T   0.100   0.109   0.102
   51   P   0.099   0.125   0.101
   52   K   0.103   0.107   0.102
   53   M   0.104   0.119   0.102
   54   L   0.101   0.098   0.100
   55   G   0.100   0.095   0.099
   56   N   0.107   0.100   0.103
   57   F   0.105   0.096   0.102
   58   L   0.104   0.103   0.102
   59   Y   0.105   0.103   0.104
   60   K   0.100   0.101   0.101
   61   Q   0.102   0.098   0.101
   62   N   0.102   0.098   0.102
   63   S   0.103   0.104   0.103
   64   I   0.099   0.104   0.102
   65   S   0.102   0.099   0.103
   66   F   0.098   0.097   0.100
   67   N   0.100   0.099   0.101
   68   A   0.102   0.099   0.101
   69   C   0.096   0.099   0.098
   70   A   0.104   0.098   0.102
# Measure  Position  Value    Cutoff   signal peptide?
  max. C    47       0.204
  max. Y    17       0.196
  max. S    12       0.346
  mean S     1-16    0.267
       D     1-16    0.224   0.500   NO
Name=OR8U9_HUMAN_TRANSMEM1	SP='NO' D=0.224 D-cutoff=0.500 Networks=SignalP-TM
