# SignalP-4.1 euk predictions
# Name=ORAI2_HUMAN_TRANSMEM4	Length=70	Networks=SignalP-noTM
# pos  aa    C       S       Y
    1   P   0.103   0.490   0.224
    2   P   0.104   0.404   0.226
    3   G   0.105   0.513   0.226
    4   P   0.101   0.633   0.222
    5   G   0.105   0.777   0.228
    6   S   0.099   0.805   0.224
    7   H   0.100   0.813   0.229
    8   T   0.101   0.834   0.232
    9   G   0.103   0.839   0.239
   10   W   0.096   0.842   0.234
   11   Q   0.108   0.904   0.251
   12   A   0.107   0.906   0.254
   13   A   0.097   0.918   0.246
   14   L   0.093   0.911   0.244
   15   V   0.101   0.863   0.258
   16   S   0.103   0.775   0.264
   17   T   0.105   0.764   0.269
   18   I   0.104   0.765   0.270
   19   I   0.100   0.762   0.267
   20   M   0.098   0.685   0.267
   21   V   0.104   0.626   0.276
   22   P   0.103   0.740   0.277
   23   V   0.107   0.816   0.284
   24   G   0.103   0.760   0.281
   25   L   0.121   0.698   0.309
   26   I   0.122   0.638   0.311
   27   F   0.150   0.572   0.345
   28   V   0.111   0.514   0.295
   29   V   0.130   0.414   0.316
   30   F   0.106   0.465   0.283
   31   T   0.109   0.412   0.283
   32   I   0.172   0.269   0.351
   33   H   0.104   0.269   0.267
   34   F   0.106   0.254   0.265
   35   Y   0.099   0.363   0.251
   36   R   0.100   0.363   0.246
   37   S   0.106   0.288   0.248
   38   L   0.125   0.218   0.263
   39   V   0.100   0.287   0.231
   40   R   0.111   0.191   0.238
   41   H   0.109   0.136   0.229
   42   K   0.128   0.106   0.241
   43   T   0.102   0.106   0.208
   44   E   0.105   0.108   0.206
   45   R   0.098   0.117   0.192
   46   H   0.108   0.109   0.192
   47   N   0.102   0.111   0.179
   48   R   0.097   0.106   0.167
   49   E   0.103   0.101   0.164
   50   I   0.103   0.106   0.158
   51   E   0.101   0.110   0.150
   52   E   0.104   0.104   0.148
   53   L   0.100   0.098   0.139
   54   H   0.103   0.097   0.135
   55   K   0.105   0.087   0.133
   56   L   0.105   0.091   0.131
   57   K   0.107   0.095   0.129
   58   V   0.109   0.099   0.125
   59   Q   0.102   0.095   0.115
   60   L   0.102   0.095   0.111
   61   D   0.102   0.093   0.109
   62   G   0.106   0.095   0.107
   63   H   0.097   0.097   0.100
   64   E   0.099   0.096   0.100
   65   R   0.098   0.095   0.099
   66   S   0.102   0.097   0.101
   67   L   0.092   0.098   0.096
   68   Q   0.099   0.098   0.099
   69   V   0.098   0.100   0.098
   70   L   0.102   0.102   0.100
# Measure  Position  Value    Cutoff   signal peptide?
  max. C    32       0.172
  max. Y    32       0.351
  max. S    13       0.918
  mean S     1-31    0.705
       D     1-31    0.542   0.450   YES
Name=ORAI2_HUMAN_TRANSMEM4	SP='YES' Cleavage site between pos. 31 and 32: VFT-IH D=0.542 D-cutoff=0.450 Networks=SignalP-noTM
