# SignalP-4.1 euk predictions
# Name=OSTA_HUMAN_TRANSMEM6	Length=70	Networks=SignalP-TM
# pos  aa    C       S       Y
    1   F   0.103   0.775   0.282
    2   A   0.103   0.804   0.283
    3   L   0.099   0.837   0.277
    4   F   0.105   0.839   0.286
    5   Q   0.101   0.841   0.282
    6   V   0.105   0.861   0.288
    7   L   0.102   0.830   0.285
    8   L   0.105   0.868   0.290
    9   I   0.101   0.901   0.285
   10   L   0.100   0.912   0.286
   11   T   0.104   0.925   0.293
   12   A   0.103   0.936   0.294
   13   L   0.101   0.905   0.293
   14   Q   0.102   0.868   0.296
   15   P   0.099   0.825   0.293
   16   S   0.114   0.808   0.314
   17   I   0.101   0.790   0.296
   18   F   0.099   0.817   0.292
   19   S   0.204   0.610   0.420
   20   V   0.213   0.464   0.424
   21   L   0.103   0.400   0.291
   22   A   0.108   0.396   0.292
   23   N   0.204   0.198   0.393
   24   G   0.106   0.231   0.273
   25   G   0.222   0.134   0.381
   26   Q   0.104   0.136   0.249
   27   I   0.106   0.144   0.239
   28   A   0.112   0.152   0.234
   29   C   0.103   0.144   0.212
   30   S   0.121   0.121   0.216
   31   P   0.106   0.110   0.189
   32   P   0.103   0.118   0.173
   33   Y   0.102   0.138   0.156
   34   S   0.099   0.140   0.143
   35   S   0.101   0.134   0.136
   36   K   0.102   0.153   0.129
   37   T   0.103   0.150   0.123
   38   R   0.102   0.140   0.121
   39   S   0.107   0.143   0.121
   40   Q   0.108   0.137   0.122
   41   V   0.103   0.158   0.119
   42   M   0.102   0.158   0.119
   43   N   0.104   0.122   0.120
   44   C   0.102   0.095   0.118
   45   H   0.104   0.084   0.119
   46   L   0.106   0.072   0.119
   47   L   0.100   0.064   0.114
   48   I   0.103   0.049   0.113
   49   L   0.102   0.055   0.110
   50   E   0.104   0.066   0.108
   51   T   0.104   0.057   0.105
   52   F   0.103   0.045   0.101
   53   L   0.102   0.037   0.098
   54   M   0.102   0.041   0.093
   55   T   0.101   0.048   0.089
   56   V   0.102   0.052   0.085
   57   L   0.101   0.059   0.080
   58   T   0.101   0.059   0.077
   59   R   0.110   0.063   0.079
   60   M   0.104   0.059   0.076
   61   Y   0.100   0.062   0.074
   62   Y   0.096   0.084   0.072
   63   R   0.100   0.090   0.075
   64   R   0.102   0.085   0.077
   65   K   0.102   0.093   0.078
   66   D   0.101   0.095   0.079
   67   H   0.101   0.097   0.082
   68   K   0.102   0.100   0.085
   69   V   0.100   0.104   0.086
   70   G   0.102   0.102   0.090
# Measure  Position  Value    Cutoff   signal peptide?
  max. C    25       0.222
  max. Y    20       0.424
  max. S    12       0.936
  mean S     1-19    0.840
       D     1-19    0.590   0.500   YES
Name=OSTA_HUMAN_TRANSMEM6	SP='YES' Cleavage site between pos. 19 and 20: IFS-VL D=0.590 D-cutoff=0.500 Networks=SignalP-TM
