# SignalP-4.1 euk predictions
# Name=P2RY6_HUMAN_TRANSMEM5	Length=70	Networks=SignalP-noTM
# pos  aa    C       S       Y
    1   A   0.102   0.955   0.313
    2   L   0.098   0.975   0.306
    3   T   0.104   0.986   0.316
    4   V   0.101   0.988   0.311
    5   I   0.106   0.988   0.319
    6   G   0.103   0.991   0.314
    7   F   0.097   0.986   0.305
    8   L   0.104   0.980   0.317
    9   L   0.103   0.973   0.315
   10   P   0.101   0.984   0.312
   11   F   0.103   0.987   0.316
   12   A   0.108   0.993   0.324
   13   A   0.099   0.992   0.310
   14   L   0.099   0.992   0.310
   15   L   0.109   0.985   0.326
   16   A   0.102   0.973   0.316
   17   C   0.203   0.953   0.445
   18   Y   0.144   0.936   0.375
   19   C   0.103   0.923   0.317
   20   L   0.144   0.893   0.374
   21   L   0.110   0.902   0.326
   22   A   0.112   0.852   0.329
   23   C   0.190   0.735   0.427
   24   R   0.136   0.654   0.361
   25   L   0.121   0.535   0.337
   26   C   0.115   0.405   0.325
   27   R   0.144   0.245   0.359
   28   Q   0.114   0.246   0.313
   29   D   0.196   0.189   0.402
   30   G   0.095   0.233   0.273
   31   P   0.101   0.191   0.276
   32   A   0.114   0.194   0.286
   33   E   0.169   0.133   0.340
   34   P   0.098   0.150   0.251
   35   V   0.103   0.149   0.249
   36   A   0.103   0.192   0.241
   37   Q   0.094   0.187   0.223
   38   E   0.107   0.172   0.230
   39   R   0.100   0.174   0.214
   40   R   0.106   0.177   0.212
   41   G   0.108   0.228   0.205
   42   K   0.102   0.185   0.190
   43   A   0.112   0.187   0.191
   44   A   0.099   0.174   0.170
   45   R   0.100   0.170   0.161
   46   M   0.102   0.190   0.155
   47   A   0.104   0.195   0.149
   48   V   0.103   0.255   0.143
   49   V   0.104   0.186   0.141
   50   V   0.103   0.167   0.140
   51   A   0.110   0.138   0.143
   52   A   0.104   0.173   0.138
   53   A   0.102   0.173   0.135
   54   F   0.102   0.154   0.135
   55   A   0.107   0.138   0.138
   56   I   0.102   0.130   0.135
   57   S   0.109   0.110   0.139
   58   F   0.102   0.102   0.134
   59   L   0.104   0.103   0.134
   60   P   0.103   0.103   0.131
   61   F   0.105   0.098   0.131
   62   H   0.105   0.099   0.130
   63   I   0.106   0.101   0.129
   64   T   0.102   0.103   0.124
   65   K   0.103   0.109   0.123
   66   T   0.103   0.111   0.122
   67   A   0.131   0.103   0.136
   68   Y   0.097   0.106   0.116
   69   L   0.101   0.104   0.117
   70   A   0.105   0.102   0.117
# Measure  Position  Value    Cutoff   signal peptide?
  max. C    17       0.203
  max. Y    17       0.445
  max. S    12       0.993
  mean S     1-16    0.983
       D     1-16    0.736   0.450   YES
Name=P2RY6_HUMAN_TRANSMEM5	SP='YES' Cleavage site between pos. 16 and 17: LLA-CY D=0.736 D-cutoff=0.450 Networks=SignalP-noTM
