# SignalP-4.1 euk predictions
# Name=PAQR5_HUMAN_TRANSMEM2	Length=70	Networks=SignalP-noTM
# pos  aa    C       S       Y
    1   S   0.102   0.677   0.262
    2   W   0.099   0.499   0.259
    3   P   0.100   0.605   0.258
    4   M   0.102   0.505   0.260
    5   L   0.103   0.468   0.261
    6   V   0.100   0.474   0.255
    7   Y   0.100   0.467   0.253
    8   M   0.104   0.417   0.256
    9   C   0.100   0.472   0.249
   10   T   0.103   0.508   0.250
   11   S   0.102   0.529   0.247
   12   C   0.098   0.488   0.242
   13   V   0.101   0.386   0.244
   14   Y   0.098   0.362   0.236
   15   P   0.098   0.384   0.234
   16   L   0.116   0.343   0.251
   17   V   0.101   0.488   0.231
   18   S   0.103   0.551   0.232
   19   S   0.126   0.490   0.255
   20   C   0.292   0.225   0.385
   21   A   0.245   0.129   0.345
   22   H   0.145   0.113   0.259
   23   T   0.097   0.114   0.206
   24   F   0.133   0.113   0.233
   25   S   0.102   0.130   0.200
   26   S   0.102   0.143   0.195
   27   M   0.105   0.138   0.193
   28   S   0.100   0.143   0.184
   29   K   0.114   0.122   0.192
   30   N   0.101   0.126   0.177
   31   A   0.103   0.138   0.174
   32   R   0.128   0.118   0.190
   33   H   0.106   0.121   0.167
   34   I   0.106   0.113   0.161
   35   C   0.101   0.109   0.151
   36   Y   0.105   0.113   0.150
   37   F   0.098   0.120   0.141
   38   L   0.105   0.126   0.141
   39   D   0.103   0.119   0.137
   40   Y   0.103   0.127   0.130
   41   G   0.105   0.125   0.124
   42   A   0.103   0.137   0.115
   43   V   0.099   0.122   0.111
   44   N   0.104   0.119   0.113
   45   L   0.097   0.155   0.110
   46   F   0.094   0.161   0.109
   47   S   0.102   0.191   0.115
   48   L   0.102   0.168   0.116
   49   G   0.102   0.196   0.116
   50   S   0.110   0.177   0.122
   51   A   0.104   0.137   0.119
   52   I   0.100   0.099   0.117
   53   A   0.099   0.117   0.116
   54   Y   0.139   0.123   0.137
   55   S   0.099   0.109   0.116
   56   A   0.104   0.103   0.118
   57   Y   0.099   0.105   0.115
   58   T   0.105   0.102   0.118
   59   F   0.106   0.101   0.119
   60   P   0.104   0.103   0.118
   61   D   0.111   0.101   0.121
   62   A   0.106   0.100   0.118
   63   L   0.098   0.100   0.113
   64   M   0.105   0.100   0.116
   65   C   0.104   0.101   0.115
   66   T   0.110   0.103   0.118
   67   T   0.108   0.098   0.116
   68   F   0.103   0.101   0.113
   69   H   0.099   0.099   0.109
   70   D   0.101   0.100   0.108
# Measure  Position  Value    Cutoff   signal peptide?
  max. C    20       0.292
  max. Y    20       0.385
  max. S     1       0.677
  mean S     1-19    0.480
       D     1-19    0.436   0.450   NO
Name=PAQR5_HUMAN_TRANSMEM2	SP='NO' D=0.436 D-cutoff=0.450 Networks=SignalP-noTM
