# SignalP-4.1 euk predictions
# Name=PCDB2_HUMAN_TRANSMEM1	Length=70	Networks=SignalP-TM
# pos  aa    C       S       Y
    1   V   0.102   0.718   0.271
    2   V   0.104   0.603   0.273
    3   A   0.105   0.555   0.273
    4   L   0.100   0.658   0.265
    5   A   0.103   0.616   0.268
    6   S   0.100   0.496   0.262
    7   V   0.103   0.469   0.262
    8   S   0.100   0.439   0.256
    9   S   0.103   0.450   0.255
   10   L   0.101   0.599   0.249
   11   F   0.100   0.695   0.246
   12   L   0.101   0.627   0.247
   13   F   0.100   0.625   0.244
   14   S   0.101   0.530   0.244
   15   V   0.103   0.654   0.243
   16   L   0.102   0.730   0.242
   17   L   0.102   0.776   0.244
   18   F   0.117   0.779   0.265
   19   V   0.109   0.796   0.257
   20   A   0.105   0.801   0.255
   21   V   0.120   0.624   0.277
   22   R   0.108   0.678   0.266
   23   L   0.116   0.753   0.279
   24   C   0.121   0.649   0.289
   25   R   0.152   0.608   0.325
   26   R   0.109   0.586   0.273
   27   S   0.234   0.298   0.400
   28   R   0.109   0.450   0.269
   29   A   0.107   0.449   0.265
   30   A   0.369   0.246   0.487
   31   S   0.113   0.195   0.262
   32   V   0.121   0.142   0.262
   33   G   0.104   0.122   0.232
   34   R   0.104   0.107   0.221
   35   C   0.101   0.112   0.207
   36   S   0.105   0.107   0.201
   37   V   0.103   0.107   0.189
   38   P   0.100   0.102   0.173
   39   E   0.106   0.100   0.165
   40   G   0.102   0.097   0.151
   41   P   0.102   0.098   0.139
   42   F   0.104   0.088   0.134
   43   P   0.104   0.093   0.124
   44   G   0.104   0.087   0.113
   45   Q   0.098   0.093   0.105
   46   M   0.106   0.097   0.105
   47   V   0.102   0.089   0.101
   48   D   0.104   0.089   0.101
   49   V   0.103   0.091   0.100
   50   S   0.105   0.090   0.100
   51   G   0.105   0.089   0.100
   52   T   0.101   0.092   0.097
   53   G   0.103   0.094   0.098
   54   T   0.100   0.094   0.096
   55   L   0.103   0.092   0.097
   56   S   0.104   0.091   0.097
   57   Q   0.100   0.094   0.096
   58   S   0.103   0.093   0.097
   59   Y   0.101   0.096   0.096
   60   Q   0.103   0.096   0.098
   61   Y   0.100   0.098   0.096
   62   E   0.100   0.098   0.096
   63   V   0.102   0.092   0.098
   64   C   0.101   0.095   0.097
   65   L   0.102   0.094   0.098
   66   T   0.101   0.096   0.097
   67   G   0.104   0.092   0.099
   68   G   0.102   0.097   0.098
   69   S   0.100   0.098   0.097
   70   G   0.105   0.098   0.100
# Measure  Position  Value    Cutoff   signal peptide?
  max. C    30       0.369
  max. Y    30       0.487
  max. S    20       0.801
  mean S     1-29    0.611
       D     1-29    0.536   0.500   YES
Name=PCDB2_HUMAN_TRANSMEM1	SP='YES' Cleavage site between pos. 29 and 30: SRA-AS D=0.536 D-cutoff=0.500 Networks=SignalP-TM
