# SignalP-4.1 euk predictions
# Name=PCDGK_HUMAN_TRANSMEM1	Length=70	Networks=SignalP-TM
# pos  aa    C       S       Y
    1   L   0.102   0.371   0.195
    2   L   0.103   0.220   0.195
    3   L   0.102   0.203   0.192
    4   S   0.104   0.186   0.190
    5   L   0.102   0.179   0.185
    6   I   0.104   0.183   0.183
    7   L   0.101   0.166   0.177
    8   V   0.103   0.148   0.174
    9   S   0.100   0.104   0.166
   10   V   0.101   0.101   0.161
   11   G   0.097   0.078   0.152
   12   F   0.110   0.067   0.155
   13   V   0.098   0.051   0.139
   14   V   0.102   0.048   0.133
   15   T   0.102   0.048   0.124
   16   V   0.147   0.057   0.137
   17   F   0.103   0.066   0.109
   18   G   0.114   0.067   0.110
   19   V   0.509   0.042   0.223
   20   I   0.102   0.050   0.095
   21   I   0.106   0.045   0.091
   22   F   0.117   0.034   0.090
   23   K   0.107   0.049   0.081
   24   V   0.104   0.086   0.077
   25   Y   0.103   0.106   0.076
   26   K   0.103   0.121   0.078
   27   W   0.121   0.081   0.087
   28   K   0.104   0.101   0.082
   29   Q   0.103   0.114   0.084
   30   S   0.105   0.107   0.087
   31   R   0.107   0.105   0.091
   32   D   0.102   0.108   0.090
   33   L   0.102   0.103   0.091
   34   Y   0.101   0.099   0.094
   35   R   0.102   0.100   0.096
   36   A   0.105   0.098   0.099
   37   P   0.098   0.098   0.098
   38   V   0.103   0.095   0.102
   39   S   0.101   0.099   0.102
   40   S   0.105   0.104   0.103
   41   L   0.098   0.101   0.100
   42   Y   0.100   0.096   0.101
   43   R   0.100   0.097   0.101
   44   T   0.103   0.097   0.102
   45   P   0.104   0.096   0.102
   46   G   0.106   0.089   0.102
   47   P   0.101   0.089   0.099
   48   S   0.103   0.087   0.100
   49   L   0.100   0.098   0.098
   50   H   0.101   0.097   0.099
   51   A   0.100   0.100   0.098
   52   D   0.104   0.096   0.100
   53   A   0.105   0.093   0.100
   54   V   0.100   0.094   0.098
   55   R   0.107   0.095   0.101
   56   G   0.104   0.094   0.099
   57   G   0.100   0.094   0.097
   58   L   0.101   0.100   0.097
   59   M   0.106   0.092   0.100
   60   S   0.102   0.091   0.098
   61   P   0.103   0.099   0.098
   62   H   0.103   0.099   0.099
   63   L   0.106   0.103   0.101
   64   Y   0.105   0.103   0.100
   65   H   0.099   0.107   0.098
   66   Q   0.101   0.101   0.099
   67   V   0.102   0.100   0.100
   68   Y   0.103   0.099   0.100
   69   L   0.102   0.099   0.100
   70   T   0.102   0.098   0.100
# Measure  Position  Value    Cutoff   signal peptide?
  max. C    19       0.509
  max. Y    19       0.223
  max. S     1       0.371
  mean S     1-18    0.130
       D     1-18    0.186   0.500   NO
Name=PCDGK_HUMAN_TRANSMEM1	SP='NO' D=0.186 D-cutoff=0.500 Networks=SignalP-TM
