# SignalP-4.1 euk predictions
# Name=PCDG8_HUMAN_TRANSMEM1	Length=70	Networks=SignalP-TM
# pos  aa    C       S       Y
    1   L   0.102   0.394   0.200
    2   V   0.103   0.355   0.201
    3   V   0.103   0.260   0.201
    4   A   0.106   0.212   0.201
    5   V   0.100   0.198   0.192
    6   A   0.104   0.149   0.192
    7   A   0.102   0.114   0.185
    8   I   0.101   0.124   0.179
    9   S   0.100   0.128   0.173
   10   C   0.100   0.141   0.167
   11   V   0.101   0.141   0.162
   12   F   0.102   0.095   0.157
   13   L   0.101   0.054   0.149
   14   A   0.104   0.045   0.143
   15   F   0.103   0.057   0.133
   16   V   0.106   0.099   0.125
   17   A   0.105   0.111   0.117
   18   V   0.110   0.115   0.114
   19   L   0.117   0.111   0.114
   20   L   0.106   0.108   0.106
   21   G   0.108   0.078   0.106
   22   L   0.341   0.055   0.185
   23   R   0.106   0.091   0.101
   24   L   0.110   0.155   0.101
   25   R   0.114   0.153   0.103
   26   R   0.112   0.152   0.103
   27   W   0.107   0.188   0.103
   28   H   0.109   0.137   0.109
   29   K   0.102   0.135   0.108
   30   S   0.116   0.090   0.118
   31   R   0.103   0.105   0.111
   32   L   0.103   0.136   0.111
   33   L   0.107   0.111   0.114
   34   Q   0.102   0.115   0.111
   35   D   0.101   0.109   0.111
   36   S   0.102   0.107   0.112
   37   G   0.104   0.105   0.115
   38   G   0.101   0.110   0.114
   39   R   0.102   0.100   0.113
   40   L   0.104   0.108   0.112
   41   V   0.100   0.107   0.109
   42   G   0.101   0.125   0.106
   43   V   0.102   0.125   0.106
   44   P   0.102   0.127   0.106
   45   A   0.104   0.119   0.109
   46   S   0.100   0.111   0.107
   47   H   0.100   0.102   0.106
   48   F   0.100   0.099   0.106
   49   V   0.100   0.093   0.105
   50   G   0.104   0.092   0.107
   51   V   0.102   0.099   0.105
   52   E   0.103   0.093   0.105
   53   E   0.105   0.091   0.106
   54   V   0.102   0.089   0.104
   55   Q   0.101   0.096   0.103
   56   A   0.107   0.099   0.106
   57   F   0.106   0.097   0.104
   58   L   0.107   0.097   0.104
   59   Q   0.103   0.098   0.101
   60   T   0.103   0.095   0.100
   61   Y   0.105   0.098   0.100
   62   S   0.103   0.100   0.099
   63   Q   0.102   0.098   0.099
   64   E   0.100   0.099   0.098
   65   V   0.098   0.100   0.097
   66   S   0.102   0.098   0.099
   67   L   0.102   0.102   0.099
   68   T   0.101   0.100   0.099
   69   A   0.103   0.101   0.101
   70   D   0.100   0.100   0.099
# Measure  Position  Value    Cutoff   signal peptide?
  max. C    22       0.341
  max. Y    22       0.185
  max. S     1       0.394
  mean S     1-21    0.147
       D     1-21    0.170   0.500   NO
Name=PCDG8_HUMAN_TRANSMEM1	SP='NO' D=0.170 D-cutoff=0.500 Networks=SignalP-TM
