# SignalP-4.1 euk predictions
# Name=PCX4_HUMAN_TRANSMEM5	Length=70	Networks=SignalP-TM
# pos  aa    C       S       Y
    1   Y   0.101   0.445   0.212
    2   E   0.101   0.405   0.212
    3   I   0.102   0.345   0.212
    4   I   0.102   0.268   0.210
    5   P   0.104   0.256   0.209
    6   L   0.102   0.302   0.204
    7   M   0.103   0.279   0.203
    8   R   0.103   0.216   0.200
    9   P   0.104   0.232   0.196
   10   L   0.100   0.255   0.188
   11   Y   0.104   0.199   0.189
   12   I   0.104   0.234   0.184
   13   F   0.100   0.227   0.176
   14   F   0.100   0.208   0.172
   15   F   0.101   0.229   0.167
   16   V   0.102   0.200   0.163
   17   S   0.101   0.241   0.158
   18   V   0.099   0.260   0.154
   19   D   0.102   0.244   0.156
   20   L   0.102   0.267   0.156
   21   A   0.107   0.201   0.159
   22   H   0.199   0.173   0.214
   23   R   0.104   0.196   0.153
   24   F   0.139   0.185   0.176
   25   V   0.102   0.187   0.149
   26   V   0.103   0.200   0.150
   27   N   0.099   0.200   0.146
   28   M   0.102   0.165   0.148
   29   P   0.101   0.141   0.146
   30   A   0.105   0.160   0.147
   31   L   0.101   0.141   0.143
   32   E   0.104   0.145   0.142
   33   H   0.099   0.105   0.135
   34   M   0.105   0.081   0.136
   35   N   0.103   0.083   0.130
   36   Q   0.102   0.128   0.125
   37   I   0.106   0.164   0.127
   38   L   0.103   0.200   0.124
   39   H   0.102   0.309   0.124
   40   I   0.101   0.239   0.127
   41   L   0.102   0.168   0.129
   42   F   0.103   0.083   0.128
   43   V   0.103   0.061   0.126
   44   F   0.103   0.059   0.123
   45   L   0.103   0.050   0.121
   46   P   0.100   0.095   0.116
   47   F   0.101   0.122   0.115
   48   L   0.102   0.204   0.116
   49   W   0.104   0.168   0.121
   50   A   0.101   0.205   0.121
   51   L   0.131   0.160   0.141
   52   G   0.102   0.157   0.124
   53   T   0.126   0.156   0.137
   54   L   0.118   0.188   0.128
   55   P   0.102   0.173   0.117
   56   P   0.104   0.197   0.118
   57   P   0.100   0.227   0.119
   58   D   0.102   0.232   0.126
   59   A   0.105   0.237   0.132
   60   L   0.115   0.214   0.144
   61   L   0.100   0.197   0.138
   62   L   0.103   0.174   0.142
   63   W   0.103   0.166   0.141
   64   A   0.102   0.148   0.140
   65   M   0.101   0.113   0.138
   66   E   0.105   0.104   0.139
   67   Q   0.100   0.104   0.135
   68   V   0.103   0.101   0.135
   69   L   0.100   0.095   0.131
   70   E   0.102   0.093   0.130
# Measure  Position  Value    Cutoff   signal peptide?
  max. C    22       0.199
  max. Y    22       0.214
  max. S     1       0.445
  mean S     1-21    0.263
       D     1-21    0.233   0.500   NO
Name=PCX4_HUMAN_TRANSMEM5	SP='NO' D=0.233 D-cutoff=0.500 Networks=SignalP-TM
