# SignalP-4.1 euk predictions
# Name=PDE3B_HUMAN_TRANSMEM1	Length=70	Networks=SignalP-noTM
# pos  aa    C       S       Y
    1   F   0.101   0.616   0.249
    2   V   0.102   0.508   0.251
    3   L   0.104   0.501   0.253
    4   A   0.107   0.436   0.255
    5   L   0.102   0.492   0.247
    6   L   0.107   0.508   0.252
    7   L   0.101   0.594   0.244
    8   G   0.108   0.670   0.252
    9   A   0.105   0.654   0.248
   10   E   0.098   0.416   0.241
   11   P   0.103   0.643   0.244
   12   E   0.108   0.638   0.251
   13   S   0.097   0.803   0.237
   14   W   0.097   0.739   0.239
   15   A   0.099   0.882   0.244
   16   A   0.229   0.538   0.374
   17   G   0.110   0.359   0.258
   18   A   0.133   0.269   0.281
   19   A   0.117   0.245   0.260
   20   W   0.109   0.217   0.248
   21   L   0.116   0.222   0.251
   22   R   0.098   0.211   0.227
   23   T   0.111   0.183   0.237
   24   L   0.109   0.193   0.230
   25   L   0.107   0.199   0.225
   26   S   0.110   0.292   0.225
   27   V   0.114   0.410   0.228
   28   C   0.101   0.537   0.213
   29   S   0.106   0.657   0.219
   30   H   0.123   0.557   0.236
   31   S   0.129   0.524   0.240
   32   L   0.109   0.615   0.220
   33   S   0.101   0.700   0.214
   34   P   0.104   0.606   0.218
   35   L   0.109   0.602   0.222
   36   F   0.103   0.616   0.214
   37   S   0.099   0.607   0.209
   38   I   0.113   0.571   0.220
   39   A   0.101   0.590   0.208
   40   C   0.115   0.502   0.224
   41   A   0.108   0.357   0.220
   42   F   0.121   0.322   0.234
   43   F   0.106   0.320   0.220
   44   F   0.107   0.287   0.223
   45   L   0.102   0.411   0.218
   46   T   0.104   0.523   0.223
   47   C   0.100   0.674   0.222
   48   F   0.109   0.681   0.236
   49   L   0.107   0.652   0.238
   50   T   0.106   0.484   0.239
   51   R   0.109   0.337   0.242
   52   T   0.104   0.275   0.233
   53   K   0.128   0.221   0.256
   54   R   0.098   0.225   0.221
   55   G   0.140   0.163   0.260
   56   P   0.106   0.162   0.220
   57   G   0.102   0.181   0.211
   58   P   0.097   0.136   0.201
   59   G   0.103   0.138   0.201
   60   R   0.097   0.128   0.190
   61   S   0.106   0.119   0.194
   62   C   0.097   0.117   0.179
   63   G   0.104   0.111   0.181
   64   S   0.094   0.111   0.169
   65   W   0.102   0.107   0.173
   66   W   0.101   0.111   0.169
   67   L   0.102   0.107   0.168
   68   L   0.104   0.105   0.165
   69   A   0.105   0.104   0.160
   70   L   0.097   0.109   0.145
# Measure  Position  Value    Cutoff   signal peptide?
  max. C    16       0.229
  max. Y    16       0.374
  max. S    15       0.882
  mean S     1-15    0.607
       D     1-15    0.499   0.450   YES
Name=PDE3B_HUMAN_TRANSMEM1	SP='YES' Cleavage site between pos. 15 and 16: SWA-AG D=0.499 D-cutoff=0.450 Networks=SignalP-noTM
