# SignalP-4.1 euk predictions
# Name=PGAP6_HUMAN_TRANSMEM2	Length=70	Networks=SignalP-TM
# pos  aa    C       S       Y
    1   F   0.101   0.242   0.157
    2   F   0.102   0.249   0.157
    3   L   0.103   0.274   0.158
    4   V   0.104   0.279   0.159
    5   E   0.103   0.245   0.160
    6   A   0.104   0.246   0.161
    7   S   0.100   0.298   0.158
    8   V   0.103   0.280   0.161
    9   Y   0.101   0.294   0.161
   10   A   0.099   0.276   0.160
   11   Y   0.104   0.241   0.165
   12   T   0.101   0.227   0.163
   13   M   0.103   0.231   0.163
   14   F   0.100   0.342   0.161
   15   F   0.104   0.291   0.166
   16   S   0.099   0.284   0.164
   17   T   0.102   0.264   0.167
   18   F   0.102   0.264   0.166
   19   Y   0.103   0.225   0.167
   20   H   0.103   0.187   0.166
   21   A   0.104   0.186   0.166
   22   C   0.135   0.148   0.186
   23   D   0.107   0.146   0.163
   24   Q   0.116   0.125   0.166
   25   P   0.105   0.112   0.154
   26   G   0.104   0.131   0.150
   27   E   0.100   0.170   0.144
   28   A   0.103   0.160   0.145
   29   V   0.240   0.114   0.215
   30   L   0.103   0.107   0.136
   31   C   0.103   0.099   0.131
   32   I   0.104   0.097   0.127
   33   L   0.102   0.105   0.121
   34   S   0.102   0.105   0.117
   35   Y   0.101   0.093   0.114
   36   D   0.104   0.089   0.113
   37   T   0.102   0.084   0.110
   38   L   0.102   0.078   0.108
   39   Q   0.101   0.069   0.105
   40   Y   0.101   0.074   0.104
   41   C   0.100   0.058   0.102
   42   D   0.103   0.056   0.099
   43   F   0.099   0.063   0.093
   44   L   0.104   0.048   0.093
   45   G   0.101   0.039   0.090
   46   S   0.100   0.029   0.087
   47   G   0.104   0.036   0.086
   48   A   0.101   0.031   0.081
   49   A   0.100   0.031   0.078
   50   I   0.101   0.023   0.075
   51   W   0.100   0.025   0.072
   52   V   0.100   0.028   0.069
   53   T   0.102   0.023   0.067
   54   I   0.103   0.030   0.064
   55   L   0.099   0.033   0.061
   56   C   0.104   0.043   0.061
   57   M   0.103   0.048   0.059
   58   A   0.105   0.091   0.059
   59   R   0.100   0.093   0.060
   60   L   0.105   0.087   0.065
   61   K   0.102   0.105   0.067
   62   T   0.103   0.128   0.071
   63   V   0.106   0.128   0.077
   64   L   0.102   0.129   0.080
   65   K   0.104   0.125   0.086
   66   Y   0.102   0.153   0.089
   67   V   0.100   0.132   0.093
   68   L   0.103   0.127   0.099
   69   F   0.102   0.143   0.102
   70   L   0.101   0.110   0.105
# Measure  Position  Value    Cutoff   signal peptide?
  max. C    29       0.240
  max. Y    29       0.215
  max. S    14       0.342
  mean S     1-28    0.229
       D     1-28    0.221   0.500   NO
Name=PGAP6_HUMAN_TRANSMEM2	SP='NO' D=0.221 D-cutoff=0.500 Networks=SignalP-TM
