# SignalP-4.1 euk predictions
# Name=PGES2_HUMAN_TRANSMEM1	Length=70	Networks=SignalP-noTM
# pos  aa    C       S       Y
    1   L   0.102   0.694   0.265
    2   L   0.103   0.520   0.267
    3   G   0.106   0.486   0.269
    4   A   0.104   0.485   0.266
    5   A   0.103   0.508   0.263
    6   A   0.101   0.514   0.258
    7   L   0.101   0.568   0.256
    8   A   0.103   0.427   0.257
    9   L   0.097   0.407   0.247
   10   G   0.107   0.450   0.257
   11   G   0.101   0.393   0.248
   12   A   0.104   0.420   0.248
   13   L   0.105   0.351   0.248
   14   G   0.103   0.405   0.242
   15   L   0.147   0.226   0.285
   16   Y   0.105   0.270   0.236
   17   H   0.102   0.297   0.229
   18   T   0.104   0.352   0.227
   19   A   0.136   0.295   0.255
   20   R   0.107   0.189   0.222
   21   W   0.116   0.166   0.225
   22   H   0.119   0.154   0.222
   23   L   0.098   0.161   0.195
   24   R   0.104   0.171   0.195
   25   A   0.107   0.170   0.193
   26   Q   0.122   0.135   0.202
   27   D   0.110   0.145   0.187
   28   L   0.105   0.141   0.178
   29   H   0.105   0.123   0.173
   30   A   0.097   0.129   0.160
   31   E   0.123   0.117   0.176
   32   R   0.103   0.128   0.157
   33   S   0.107   0.124   0.155
   34   A   0.107   0.129   0.151
   35   A   0.094   0.133   0.137
   36   Q   0.102   0.113   0.139
   37   L   0.102   0.110   0.134
   38   S   0.101   0.102   0.132
   39   L   0.101   0.113   0.128
   40   S   0.102   0.115   0.125
   41   S   0.103   0.107   0.122
   42   R   0.103   0.101   0.118
   43   L   0.103   0.099   0.117
   44   Q   0.100   0.094   0.113
   45   L   0.104   0.099   0.114
   46   T   0.104   0.090   0.113
   47   L   0.099   0.096   0.108
   48   Y   0.104   0.132   0.110
   49   Q   0.101   0.098   0.108
   50   Y   0.104   0.094   0.108
   51   K   0.100   0.085   0.105
   52   T   0.097   0.091   0.103
   53   C   0.101   0.097   0.104
   54   P   0.100   0.097   0.103
   55   F   0.100   0.093   0.103
   56   C   0.099   0.107   0.101
   57   S   0.101   0.092   0.102
   58   K   0.095   0.093   0.098
   59   V   0.096   0.092   0.098
   60   R   0.101   0.097   0.100
   61   A   0.108   0.095   0.103
   62   F   0.105   0.095   0.101
   63   L   0.105   0.099   0.101
   64   D   0.101   0.099   0.099
   65   F   0.104   0.097   0.101
   66   H   0.107   0.094   0.102
   67   A   0.104   0.094   0.100
   68   L   0.102   0.095   0.099
   69   P   0.099   0.094   0.098
   70   Y   0.099   0.096   0.098
# Measure  Position  Value    Cutoff   signal peptide?
  max. C    15       0.147
  max. Y    15       0.285
  max. S     1       0.694
  mean S     1-14    0.474
       D     1-14    0.387   0.450   NO
Name=PGES2_HUMAN_TRANSMEM1	SP='NO' D=0.387 D-cutoff=0.450 Networks=SignalP-noTM
