# SignalP-4.1 euk predictions
# Name=PLPP3_HUMAN_TRANSMEM5	Length=70	Networks=SignalP-TM
# pos  aa    C       S       Y
    1   L   0.101   0.520   0.230
    2   R   0.102   0.601   0.230
    3   P   0.103   0.627   0.233
    4   L   0.104   0.620   0.236
    5   L   0.104   0.609   0.237
    6   Q   0.104   0.592   0.238
    7   F   0.102   0.532   0.237
    8   T   0.102   0.561   0.237
    9   L   0.102   0.531   0.238
   10   I   0.103   0.579   0.239
   11   M   0.098   0.590   0.235
   12   M   0.103   0.593   0.241
   13   A   0.099   0.508   0.237
   14   F   0.098   0.450   0.236
   15   Y   0.102   0.546   0.240
   16   T   0.101   0.434   0.240
   17   G   0.102   0.489   0.238
   18   L   0.105   0.531   0.240
   19   S   0.109   0.531   0.243
   20   R   0.390   0.305   0.456
   21   V   0.125   0.298   0.254
   22   S   0.137   0.198   0.261
   23   D   0.105   0.187   0.223
   24   H   0.141   0.154   0.251
   25   K   0.115   0.110   0.219
   26   H   0.101   0.114   0.196
   27   H   0.102   0.118   0.188
   28   P   0.099   0.109   0.178
   29   S   0.103   0.119   0.174
   30   D   0.099   0.127   0.162
   31   V   0.099   0.106   0.155
   32   L   0.101   0.116   0.147
   33   A   0.104   0.073   0.139
   34   G   0.103   0.058   0.125
   35   F   0.106   0.044   0.119
   36   A   0.108   0.058   0.112
   37   Q   0.100   0.065   0.103
   38   G   0.108   0.090   0.103
   39   A   0.099   0.085   0.096
   40   L   0.101   0.079   0.096
   41   V   0.105   0.077   0.097
   42   A   0.108   0.067   0.096
   43   C   0.100   0.055   0.091
   44   C   0.103   0.064   0.090
   45   I   0.106   0.044   0.088
   46   V   0.104   0.051   0.085
   47   F   0.099   0.043   0.080
   48   F   0.101   0.045   0.080
   49   V   0.100   0.054   0.079
   50   S   0.104   0.057   0.081
   51   D   0.104   0.103   0.081
   52   L   0.100   0.105   0.081
   53   F   0.105   0.124   0.083
   54   K   0.101   0.139   0.084
   55   T   0.101   0.138   0.086
   56   K   0.103   0.124   0.090
   57   T   0.103   0.125   0.092
   58   T   0.109   0.114   0.097
   59   L   0.104   0.117   0.097
   60   S   0.102   0.112   0.099
   61   L   0.105   0.101   0.103
   62   P   0.101   0.103   0.103
   63   A   0.101   0.103   0.105
   64   P   0.102   0.105   0.107
   65   A   0.105   0.113   0.110
   66   I   0.099   0.108   0.107
   67   R   0.102   0.107   0.109
   68   K   0.097   0.102   0.106
   69   E   0.098   0.100   0.105
   70   I   0.104   0.102   0.107
# Measure  Position  Value    Cutoff   signal peptide?
  max. C    20       0.390
  max. Y    20       0.456
  max. S     3       0.627
  mean S     1-19    0.550
       D     1-19    0.494   0.500   NO
Name=PLPP3_HUMAN_TRANSMEM5	SP='NO' D=0.494 D-cutoff=0.500 Networks=SignalP-TM
