# SignalP-4.1 euk predictions
# Name=PRPH2_HUMAN_TRANSMEM4	Length=70	Networks=SignalP-noTM
# pos  aa    C       S       Y
    1   M   0.101   0.887   0.299
    2   G   0.103   0.892   0.302
    3   V   0.098   0.907   0.295
    4   V   0.103   0.876   0.303
    5   T   0.105   0.853   0.305
    6   L   0.100   0.832   0.298
    7   L   0.100   0.871   0.297
    8   I   0.106   0.869   0.306
    9   W   0.100   0.891   0.297
   10   L   0.101   0.898   0.299
   11   F   0.101   0.911   0.299
   12   E   0.105   0.919   0.305
   13   V   0.100   0.915   0.297
   14   T   0.098   0.905   0.294
   15   I   0.102   0.899   0.300
   16   T   0.111   0.898   0.314
   17   I   0.237   0.809   0.459
   18   G   0.098   0.840   0.294
   19   L   0.503   0.649   0.667
   20   R   0.110   0.521   0.310
   21   Y   0.129   0.394   0.332
   22   L   0.127   0.229   0.325
   23   Q   0.110   0.150   0.298
   24   T   0.105   0.242   0.285
   25   S   0.135   0.188   0.316
   26   L   0.101   0.150   0.267
   27   D   0.104   0.125   0.265
   28   G   0.108   0.115   0.264
   29   V   0.107   0.099   0.255
   30   S   0.100   0.107   0.240
   31   N   0.105   0.105   0.238
   32   P   0.098   0.103   0.222
   33   E   0.098   0.103   0.214
   34   E   0.099   0.107   0.206
   35   S   0.098   0.111   0.196
   36   E   0.098   0.123   0.187
   37   S   0.100   0.127   0.180
   38   E   0.117   0.117   0.183
   39   S   0.102   0.119   0.160
   40   E   0.101   0.113   0.149
   41   G   0.104   0.115   0.139
   42   W   0.098   0.112   0.126
   43   L   0.106   0.102   0.123
   44   L   0.104   0.098   0.116
   45   E   0.105   0.103   0.114
   46   K   0.104   0.098   0.113
   47   S   0.109   0.094   0.112
   48   V   0.101   0.094   0.106
   49   P   0.107   0.093   0.108
   50   E   0.103   0.088   0.105
   51   T   0.098   0.094   0.102
   52   W   0.100   0.093   0.103
   53   K   0.102   0.104   0.104
   54   A   0.097   0.114   0.101
   55   F   0.096   0.106   0.101
   56   L   0.103   0.107   0.104
   57   E   0.104   0.110   0.105
   58   S   0.104   0.099   0.105
   59   V   0.101   0.103   0.103
   60   K   0.100   0.101   0.102
   61   K   0.105   0.100   0.104
   62   L   0.101   0.100   0.101
   63   G   0.104   0.100   0.103
   64   K   0.100   0.099   0.100
   65   G   0.104   0.097   0.102
   66   N   0.102   0.097   0.101
   67   Q   0.104   0.099   0.102
   68   V   0.100   0.102   0.100
   69   E   0.101   0.101   0.100
   70   A   0.102   0.101   0.101
# Measure  Position  Value    Cutoff   signal peptide?
  max. C    19       0.503
  max. Y    19       0.667
  max. S    12       0.919
  mean S     1-18    0.882
       D     1-18    0.783   0.450   YES
Name=PRPH2_HUMAN_TRANSMEM4	SP='YES' Cleavage site between pos. 18 and 19: TIG-LR D=0.783 D-cutoff=0.450 Networks=SignalP-noTM
