# SignalP-4.1 euk predictions
# Name=RHBG_HUMAN_TRANSMEM1	Length=70	Networks=SignalP-TM
# pos  aa    C       S       Y
    1   Q   0.102   0.560   0.238
    2   L   0.102   0.556   0.239
    3   P   0.102   0.435   0.239
    4   L   0.103   0.450   0.238
    5   L   0.104   0.456   0.237
    6   C   0.102   0.413   0.234
    7   L   0.102   0.449   0.231
    8   F   0.103   0.484   0.231
    9   L   0.101   0.546   0.227
   10   Q   0.104   0.545   0.231
   11   G   0.102   0.536   0.228
   12   A   0.099   0.535   0.224
   13   T   0.098   0.524   0.222
   14   A   0.102   0.455   0.226
   15   V   0.352   0.301   0.418
   16   L   0.100   0.388   0.219
   17   F   0.101   0.378   0.217
   18   A   0.148   0.274   0.261
   19   V   0.181   0.158   0.285
   20   F   0.102   0.149   0.209
   21   V   0.109   0.136   0.211
   22   R   0.103   0.170   0.199
   23   Y   0.106   0.160   0.196
   24   N   0.115   0.116   0.197
   25   H   0.100   0.122   0.175
   26   K   0.101   0.149   0.167
   27   T   0.113   0.120   0.168
   28   D   0.106   0.181   0.152
   29   A   0.105   0.187   0.145
   30   A   0.355   0.107   0.261
   31   L   0.103   0.105   0.133
   32   W   0.101   0.112   0.124
   33   H   0.102   0.111   0.120
   34   R   0.103   0.106   0.119
   35   S   0.104   0.101   0.118
   36   N   0.101   0.109   0.116
   37   H   0.101   0.110   0.114
   38   S   0.102   0.108   0.113
   39   N   0.102   0.110   0.112
   40   A   0.101   0.108   0.111
   41   D   0.124   0.106   0.122
   42   N   0.102   0.109   0.110
   43   E   0.100   0.105   0.106
   44   F   0.101   0.116   0.104
   45   Y   0.104   0.108   0.106
   46   F   0.101   0.108   0.105
   47   R   0.102   0.097   0.105
   48   Y   0.104   0.091   0.106
   49   P   0.105   0.078   0.105
   50   S   0.106   0.072   0.105
   51   F   0.103   0.064   0.102
   52   Q   0.103   0.084   0.101
   53   D   0.101   0.082   0.099
   54   V   0.102   0.068   0.098
   55   H   0.103   0.064   0.098
   56   A   0.105   0.064   0.097
   57   M   0.098   0.075   0.092
   58   V   0.103   0.064   0.093
   59   F   0.101   0.052   0.090
   60   V   0.105   0.060   0.089
   61   G   0.102   0.069   0.086
   62   F   0.102   0.058   0.085
   63   G   0.103   0.070   0.084
   64   F   0.099   0.062   0.082
   65   L   0.105   0.061   0.084
   66   M   0.101   0.074   0.082
   67   V   0.104   0.068   0.083
   68   F   0.102   0.076   0.081
   69   L   0.105   0.107   0.083
   70   Q   0.104   0.104   0.084
# Measure  Position  Value    Cutoff   signal peptide?
  max. C    30       0.355
  max. Y    15       0.418
  max. S     1       0.560
  mean S     1-14    0.496
       D     1-14    0.449   0.500   NO
Name=RHBG_HUMAN_TRANSMEM1	SP='NO' D=0.449 D-cutoff=0.500 Networks=SignalP-TM
