# SignalP-4.1 euk predictions
# Name=RHCG_HUMAN_TRANSMEM10	Length=70	Networks=SignalP-TM
# pos  aa    C       S       Y
    1   Y   0.103   0.340   0.187
    2   G   0.104   0.271   0.188
    3   A   0.101   0.300   0.184
    4   L   0.099   0.223   0.182
    5   I   0.104   0.173   0.184
    6   I   0.099   0.182   0.176
    7   G   0.104   0.204   0.176
    8   F   0.101   0.173   0.172
    9   V   0.104   0.169   0.171
   10   C   0.103   0.170   0.166
   11   G   0.101   0.170   0.161
   12   I   0.101   0.126   0.156
   13   I   0.102   0.179   0.152
   14   S   0.102   0.185   0.148
   15   T   0.104   0.254   0.146
   16   L   0.117   0.254   0.152
   17   G   0.100   0.280   0.141
   18   F   0.207   0.200   0.202
   19   V   0.107   0.197   0.144
   20   Y   0.112   0.128   0.148
   21   L   0.104   0.174   0.141
   22   T   0.146   0.166   0.167
   23   P   0.102   0.130   0.139
   24   F   0.106   0.192   0.140
   25   L   0.101   0.207   0.138
   26   E   0.104   0.200   0.141
   27   S   0.101   0.202   0.141
   28   R   0.138   0.117   0.165
   29   L   0.101   0.119   0.140
   30   H   0.106   0.105   0.139
   31   I   0.101   0.108   0.132
   32   Q   0.103   0.092   0.128
   33   D   0.102   0.089   0.125
   34   T   0.103   0.094   0.122
   35   C   0.104   0.094   0.122
   36   G   0.099   0.094   0.116
   37   I   0.117   0.101   0.124
   38   N   0.098   0.100   0.113
   39   N   0.101   0.100   0.111
   40   L   0.102   0.097   0.108
   41   H   0.100   0.099   0.104
   42   G   0.103   0.112   0.102
   43   I   0.100   0.109   0.100
   44   P   0.103   0.116   0.101
   45   G   0.105   0.088   0.103
   46   I   0.102   0.087   0.100
   47   I   0.105   0.081   0.102
   48   G   0.100   0.073   0.099
   49   G   0.100   0.064   0.098
   50   I   0.098   0.074   0.096
   51   V   0.107   0.080   0.100
   52   G   0.105   0.071   0.098
   53   A   0.100   0.101   0.094
   54   V   0.096   0.088   0.093
   55   T   0.108   0.101   0.098
   56   A   0.106   0.132   0.097
   57   A   0.108   0.112   0.099
   58   S   0.105   0.093   0.097
   59   A   0.102   0.089   0.095
   60   S   0.102   0.093   0.095
   61   L   0.104   0.079   0.096
   62   E   0.101   0.085   0.095
   63   V   0.102   0.096   0.096
   64   Y   0.103   0.092   0.098
   65   G   0.103   0.105   0.098
   66   K   0.103   0.102   0.099
   67   E   0.106   0.103   0.102
   68   G   0.104   0.099   0.101
   69   L   0.098   0.102   0.098
   70   V   0.106   0.102   0.102
# Measure  Position  Value    Cutoff   signal peptide?
  max. C    18       0.207
  max. Y    18       0.202
  max. S     1       0.340
  mean S     1-17    0.215
       D     1-17    0.207   0.500   NO
Name=RHCG_HUMAN_TRANSMEM10	SP='NO' D=0.207 D-cutoff=0.500 Networks=SignalP-TM
