# SignalP-4.1 euk predictions
# Name=RN149_HUMAN_TRANSMEM1	Length=70	Networks=SignalP-noTM
# pos  aa    C       S       Y
    1   V   0.101   0.921   0.304
    2   V   0.100   0.934   0.304
    3   F   0.103   0.943   0.309
    4   V   0.102   0.962   0.307
    5   A   0.103   0.965   0.309
    6   I   0.103   0.957   0.308
    7   A   0.100   0.947   0.305
    8   F   0.099   0.936   0.304
    9   I   0.106   0.914   0.315
   10   T   0.098   0.889   0.302
   11   M   0.103   0.940   0.309
   12   M   0.101   0.962   0.307
   13   I   0.101   0.976   0.306
   14   I   0.098   0.973   0.303
   15   S   0.102   0.970   0.309
   16   L   0.121   0.963   0.337
   17   A   0.111   0.963   0.322
   18   W   0.458   0.924   0.656
   19   L   0.126   0.880   0.345
   20   I   0.374   0.649   0.593
   21   F   0.104   0.653   0.310
   22   Y   0.111   0.731   0.318
   23   Y   0.118   0.671   0.327
   24   I   0.106   0.737   0.308
   25   Q   0.118   0.730   0.323
   26   R   0.109   0.627   0.309
   27   F   0.166   0.577   0.379
   28   L   0.112   0.418   0.308
   29   Y   0.106   0.443   0.294
   30   T   0.106   0.442   0.291
   31   G   0.119   0.436   0.304
   32   S   0.106   0.245   0.282
   33   Q   0.123   0.161   0.298
   34   I   0.109   0.165   0.273
   35   G   0.100   0.127   0.255
   36   S   0.097   0.120   0.243
   37   Q   0.107   0.117   0.248
   38   S   0.104   0.122   0.236
   39   H   0.096   0.108   0.219
   40   R   0.096   0.118   0.210
   41   K   0.100   0.110   0.205
   42   E   0.099   0.108   0.195
   43   T   0.100   0.113   0.191
   44   K   0.108   0.108   0.191
   45   K   0.098   0.099   0.174
   46   V   0.101   0.099   0.170
   47   I   0.103   0.100   0.162
   48   G   0.110   0.105   0.158
   49   Q   0.103   0.115   0.144
   50   L   0.107   0.104   0.139
   51   L   0.103   0.098   0.131
   52   L   0.106   0.099   0.126
   53   H   0.104   0.109   0.119
   54   T   0.109   0.113   0.115
   55   V   0.103   0.101   0.109
   56   K   0.107   0.097   0.109
   57   H   0.102   0.094   0.105
   58   G   0.098   0.093   0.102
   59   E   0.096   0.100   0.101
   60   K   0.097   0.097   0.101
   61   G   0.095   0.101   0.100
   62   I   0.103   0.099   0.103
   63   D   0.098   0.104   0.100
   64   V   0.104   0.105   0.103
   65   D   0.103   0.105   0.103
   66   A   0.099   0.108   0.101
   67   E   0.097   0.108   0.100
   68   N   0.107   0.108   0.105
   69   C   0.106   0.107   0.104
   70   A   0.104   0.107   0.104
# Measure  Position  Value    Cutoff   signal peptide?
  max. C    18       0.458
  max. Y    18       0.656
  max. S    13       0.976
  mean S     1-17    0.948
       D     1-17    0.814   0.450   YES
Name=RN149_HUMAN_TRANSMEM1	SP='YES' Cleavage site between pos. 17 and 18: SLA-WL D=0.814 D-cutoff=0.450 Networks=SignalP-noTM
