# SignalP-4.1 euk predictions
# Name=RUSF1_HUMAN_TRANSMEM1	Length=70	Networks=SignalP-noTM
# pos  aa    C       S       Y
    1   L   0.101   0.614   0.249
    2   L   0.102   0.658   0.250
    3   M   0.102   0.673   0.251
    4   L   0.104   0.815   0.254
    5   P   0.104   0.732   0.256
    6   L   0.104   0.691   0.256
    7   V   0.106   0.625   0.260
    8   S   0.103   0.779   0.256
    9   G   0.100   0.717   0.254
   10   C   0.146   0.472   0.308
   11   P   0.098   0.425   0.252
   12   G   0.101   0.490   0.253
   13   F   0.102   0.550   0.253
   14   S   0.100   0.631   0.250
   15   L   0.104   0.509   0.255
   16   G   0.101   0.351   0.250
   17   C   0.218   0.322   0.365
   18   F   0.106   0.359   0.252
   19   F   0.105   0.273   0.248
   20   F   0.107   0.243   0.247
   21   L   0.098   0.196   0.233
   22   T   0.105   0.422   0.237
   23   A   0.101   0.610   0.230
   24   L   0.113   0.474   0.244
   25   H   0.108   0.494   0.236
   26   I   0.113   0.394   0.239
   27   Y   0.102   0.413   0.223
   28   A   0.101   0.684   0.219
   29   N   0.156   0.319   0.272
   30   Y   0.103   0.289   0.218
   31   R   0.103   0.257   0.212
   32   A   0.109   0.283   0.213
   33   V   0.132   0.144   0.232
   34   R   0.101   0.148   0.200
   35   A   0.109   0.183   0.203
   36   L   0.492   0.107   0.423
   37   V   0.102   0.115   0.186
   38   M   0.100   0.113   0.179
   39   E   0.105   0.110   0.181
   40   T   0.107   0.098   0.179
   41   L   0.106   0.089   0.175
   42   N   0.110   0.095   0.176
   43   E   0.100   0.093   0.166
   44   G   0.102   0.093   0.166
   45   R   0.104   0.092   0.163
   46   L   0.107   0.107   0.158
   47   R   0.103   0.100   0.148
   48   L   0.107   0.101   0.145
   49   V   0.103   0.094   0.137
   50   L   0.102   0.104   0.132
   51   K   0.106   0.095   0.123
   52   H   0.103   0.093   0.117
   53   Y   0.105   0.100   0.114
   54   L   0.104   0.104   0.110
   55   Q   0.100   0.102   0.104
   56   R   0.101   0.101   0.104
   57   G   0.098   0.100   0.101
   58   E   0.093   0.093   0.097
   59   V   0.104   0.095   0.102
   60   L   0.100   0.093   0.099
   61   D   0.097   0.101   0.098
   62   P   0.095   0.102   0.096
   63   T   0.108   0.103   0.103
   64   A   0.108   0.104   0.103
   65   A   0.097   0.102   0.098
   66   N   0.100   0.108   0.100
   67   R   0.099   0.104   0.099
   68   M   0.106   0.108   0.103
   69   E   0.101   0.105   0.101
   70   P   0.101   0.107   0.101
# Measure  Position  Value    Cutoff   signal peptide?
  max. C    36       0.492
  max. Y    36       0.423
  max. S     4       0.815
  mean S     1-35    0.464
       D     1-35    0.445   0.450   NO
Name=RUSF1_HUMAN_TRANSMEM1	SP='NO' D=0.445 D-cutoff=0.450 Networks=SignalP-noTM
