# SignalP-4.1 euk predictions
# Name=RYR1_HUMAN_TRANSMEM1	Length=70	Networks=SignalP-noTM
# pos  aa    C       S       Y
    1   F   0.100   0.935   0.305
    2   Y   0.103   0.951   0.310
    3   T   0.103   0.954   0.310
    4   L   0.102   0.968   0.309
    5   R   0.102   0.975   0.310
    6   F   0.103   0.966   0.311
    7   L   0.103   0.958   0.311
    8   A   0.104   0.947   0.312
    9   L   0.098   0.937   0.304
   10   F   0.102   0.945   0.310
   11   L   0.099   0.963   0.306
   12   A   0.108   0.982   0.319
   13   F   0.100   0.968   0.308
   14   A   0.102   0.976   0.310
   15   I   0.117   0.961   0.333
   16   N   0.099   0.962   0.307
   17   F   0.114   0.940   0.330
   18   I   0.100   0.926   0.309
   19   L   0.111   0.889   0.325
   20   L   0.100   0.909   0.309
   21   F   0.166   0.825   0.397
   22   Y   0.117   0.808   0.332
   23   K   0.130   0.694   0.349
   24   V   0.102   0.723   0.308
   25   S   0.107   0.779   0.313
   26   D   0.158   0.505   0.379
   27   S   0.268   0.178   0.488
   28   P   0.165   0.129   0.375
   29   P   0.101   0.152   0.287
   30   G   0.107   0.165   0.288
   31   E   0.099   0.131   0.271
   32   D   0.098   0.128   0.263
   33   D   0.111   0.135   0.272
   34   M   0.097   0.130   0.247
   35   E   0.097   0.115   0.239
   36   G   0.104   0.117   0.239
   37   S   0.105   0.120   0.232
   38   A   0.110   0.119   0.228
   39   A   0.098   0.109   0.207
   40   G   0.098   0.111   0.198
   41   D   0.098   0.104   0.188
   42   V   0.106   0.095   0.186
   43   S   0.108   0.090   0.177
   44   G   0.107   0.077   0.165
   45   A   0.100   0.085   0.149
   46   G   0.100   0.082   0.140
   47   S   0.103   0.088   0.131
   48   G   0.101   0.083   0.117
   49   G   0.099   0.084   0.107
   50   S   0.101   0.087   0.106
   51   S   0.100   0.088   0.105
   52   G   0.103   0.089   0.105
   53   W   0.098   0.093   0.100
   54   G   0.106   0.107   0.103
   55   L   0.101   0.102   0.101
   56   G   0.109   0.105   0.104
   57   A   0.104   0.105   0.101
   58   G   0.103   0.109   0.100
   59   E   0.103   0.108   0.100
   60   E   0.110   0.104   0.103
   61   A   0.105   0.105   0.100
   62   E   0.099   0.106   0.097
   63   G   0.105   0.104   0.100
   64   D   0.103   0.108   0.099
   65   E   0.108   0.108   0.102
   66   D   0.105   0.107   0.101
   67   E   0.105   0.105   0.101
   68   N   0.101   0.107   0.100
   69   M   0.105   0.107   0.103
   70   V   0.103   0.106   0.102
# Measure  Position  Value    Cutoff   signal peptide?
  max. C    27       0.268
  max. Y    27       0.488
  max. S    12       0.982
  mean S     1-26    0.898
       D     1-26    0.709   0.450   YES
Name=RYR1_HUMAN_TRANSMEM1	SP='YES' Cleavage site between pos. 26 and 27: VSD-SP D=0.709 D-cutoff=0.450 Networks=SignalP-noTM
