# SignalP-4.1 euk predictions
# Name=S12A4_HUMAN_TRANSMEM8	Length=70	Networks=SignalP-noTM
# pos  aa    C       S       Y
    1   V   0.101   0.783   0.281
    2   G   0.102   0.797   0.283
    3   T   0.101   0.848   0.281
    4   I   0.103   0.889   0.285
    5   L   0.104   0.892   0.287
    6   A   0.104   0.870   0.288
    7   I   0.098   0.910   0.280
    8   I   0.107   0.873   0.293
    9   T   0.101   0.873   0.286
   10   T   0.104   0.842   0.291
   11   S   0.101   0.870   0.288
   12   L   0.098   0.892   0.283
   13   V   0.095   0.871   0.280
   14   Y   0.096   0.815   0.283
   15   F   0.097   0.826   0.284
   16   S   0.110   0.853   0.302
   17   S   0.107   0.893   0.300
   18   V   0.113   0.900   0.308
   19   V   0.108   0.835   0.302
   20   L   0.098   0.806   0.288
   21   F   0.118   0.686   0.317
   22   G   0.119   0.534   0.317
   23   A   0.120   0.481   0.316
   24   C   0.107   0.255   0.296
   25   I   0.123   0.249   0.313
   26   E   0.104   0.337   0.283
   27   G   0.107   0.350   0.282
   28   V   0.147   0.157   0.325
   29   V   0.100   0.248   0.263
   30   L   0.099   0.383   0.255
   31   R   0.153   0.174   0.312
   32   D   0.168   0.112   0.318
   33   K   0.107   0.104   0.247
   34   Y   0.105   0.103   0.236
   35   G   0.100   0.114   0.223
   36   D   0.121   0.098   0.237
   37   G   0.106   0.116   0.214
   38   V   0.104   0.103   0.204
   39   S   0.102   0.100   0.193
   40   R   0.104   0.108   0.185
   41   N   0.100   0.105   0.171
   42   L   0.097   0.104   0.159
   43   V   0.105   0.103   0.155
   44   V   0.101   0.100   0.142
   45   G   0.109   0.108   0.141
   46   T   0.102   0.104   0.130
   47   L   0.107   0.110   0.130
   48   A   0.109   0.102   0.129
   49   W   0.105   0.101   0.122
   50   P   0.096   0.112   0.112
   51   S   0.103   0.106   0.115
   52   P   0.104   0.099   0.112
   53   W   0.102   0.112   0.105
   54   V   0.099   0.111   0.102
   55   I   0.100   0.112   0.103
   56   V   0.103   0.104   0.104
   57   I   0.097   0.101   0.102
   58   G   0.101   0.102   0.103
   59   S   0.110   0.103   0.108
   60   F   0.106   0.100   0.105
   61   F   0.107   0.099   0.106
   62   S   0.103   0.097   0.104
   63   T   0.101   0.100   0.103
   64   C   0.106   0.102   0.105
   65   G   0.109   0.127   0.107
   66   A   0.108   0.106   0.107
   67   G   0.126   0.101   0.115
   68   L   0.121   0.099   0.113
   69   Q   0.103   0.098   0.104
   70   S   0.099   0.100   0.102
# Measure  Position  Value    Cutoff   signal peptide?
  max. C    32       0.168
  max. Y    28       0.325
  max. S     7       0.910
  mean S     1-27    0.742
       D     1-27    0.550   0.450   YES
Name=S12A4_HUMAN_TRANSMEM8	SP='YES' Cleavage site between pos. 27 and 28: IEG-VV D=0.550 D-cutoff=0.450 Networks=SignalP-noTM
