# SignalP-4.1 euk predictions
# Name=S19A1_HUMAN_TRANSMEM4	Length=70	Networks=SignalP-TM
# pos  aa    C       S       Y
    1   L   0.102   0.255   0.161
    2   F   0.101   0.247   0.161
    3   Y   0.101   0.265   0.161
    4   S   0.103   0.251   0.162
    5   V   0.100   0.218   0.160
    6   T   0.103   0.207   0.161
    7   M   0.105   0.170   0.162
    8   A   0.101   0.157   0.156
    9   A   0.105   0.183   0.158
   10   R   0.098   0.194   0.150
   11   I   0.101   0.223   0.151
   12   A   0.101   0.177   0.151
   13   Y   0.097   0.165   0.146
   14   S   0.102   0.163   0.147
   15   S   0.106   0.176   0.148
   16   Y   0.101   0.147   0.142
   17   I   0.106   0.120   0.143
   18   F   0.102   0.137   0.137
   19   S   0.104   0.134   0.134
   20   L   0.107   0.127   0.134
   21   V   0.103   0.145   0.129
   22   R   0.102   0.124   0.128
   23   P   0.106   0.152   0.129
   24   A   0.163   0.151   0.160
   25   R   0.101   0.161   0.124
   26   Y   0.107   0.173   0.126
   27   Q   0.158   0.128   0.153
   28   R   0.103   0.134   0.122
   29   V   0.104   0.141   0.122
   30   A   0.102   0.119   0.120
   31   G   0.102   0.118   0.119
   32   Y   0.114   0.113   0.126
   33   S   0.102   0.121   0.118
   34   R   0.105   0.134   0.120
   35   A   0.104   0.149   0.119
   36   A   0.101   0.121   0.117
   37   V   0.102   0.118   0.118
   38   L   0.106   0.080   0.119
   39   L   0.105   0.084   0.116
   40   G   0.104   0.099   0.113
   41   V   0.101   0.084   0.110
   42   F   0.105   0.064   0.110
   43   T   0.104   0.069   0.107
   44   S   0.105   0.075   0.105
   45   S   0.103   0.043   0.102
   46   V   0.102   0.038   0.099
   47   L   0.102   0.035   0.096
   48   G   0.102   0.059   0.093
   49   Q   0.163   0.055   0.114
   50   L   0.106   0.043   0.088
   51   L   0.101   0.043   0.083
   52   V   0.102   0.068   0.079
   53   T   0.102   0.071   0.079
   54   V   0.103   0.059   0.079
   55   G   0.103   0.068   0.077
   56   R   0.103   0.099   0.076
   57   V   0.102   0.101   0.077
   58   S   0.101   0.110   0.079
   59   F   0.101   0.112   0.080
   60   S   0.098   0.113   0.082
   61   T   0.103   0.135   0.087
   62   L   0.103   0.124   0.091
   63   N   0.099   0.127   0.092
   64   Y   0.102   0.111   0.096
   65   I   0.102   0.119   0.099
   66   S   0.101   0.128   0.101
   67   L   0.102   0.132   0.104
   68   A   0.103   0.132   0.106
   69   F   0.098   0.106   0.106
   70   L   0.107   0.107   0.112
# Measure  Position  Value    Cutoff   signal peptide?
  max. C    49       0.163
  max. Y    24       0.160
  max. S     3       0.265
  mean S     1-23    0.180
       D     1-23    0.168   0.500   NO
Name=S19A1_HUMAN_TRANSMEM4	SP='NO' D=0.168 D-cutoff=0.500 Networks=SignalP-TM
