# SignalP-4.1 euk predictions
# Name=S19A1_HUMAN_TRANSMEM2	Length=70	Networks=SignalP-TM
# pos  aa    C       S       Y
    1   V   0.102   0.365   0.193
    2   L   0.102   0.290   0.193
    3   S   0.103   0.248   0.193
    4   Y   0.101   0.299   0.188
    5   S   0.103   0.259   0.189
    6   Y   0.101   0.194   0.185
    7   L   0.102   0.148   0.183
    8   A   0.103   0.118   0.179
    9   V   0.096   0.127   0.168
   10   L   0.103   0.125   0.169
   11   V   0.099   0.137   0.160
   12   P   0.101   0.139   0.157
   13   V   0.104   0.139   0.154
   14   F   0.098   0.142   0.144
   15   L   0.104   0.214   0.142
   16   L   0.103   0.181   0.137
   17   T   0.104   0.094   0.136
   18   D   0.111   0.055   0.136
   19   Y   0.104   0.051   0.124
   20   L   0.107   0.041   0.119
   21   R   0.103   0.048   0.112
   22   Y   0.109   0.064   0.112
   23   T   0.116   0.064   0.113
   24   P   0.101   0.037   0.104
   25   V   0.105   0.046   0.103
   26   L   0.103   0.044   0.098
   27   L   0.102   0.045   0.094
   28   L   0.113   0.036   0.095
   29   Q   0.107   0.025   0.088
   30   G   0.103   0.029   0.078
   31   L   0.100   0.024   0.070
   32   S   0.105   0.021   0.067
   33   F   0.101   0.026   0.064
   34   V   0.104   0.015   0.064
   35   S   0.097   0.017   0.060
   36   V   0.100   0.014   0.059
   37   W   0.101   0.015   0.057
   38   L   0.101   0.019   0.053
   39   L   0.104   0.031   0.053
   40   L   0.101   0.065   0.051
   41   L   0.101   0.063   0.053
   42   L   0.102   0.075   0.054
   43   G   0.104   0.105   0.057
   44   H   0.110   0.085   0.064
   45   S   0.105   0.135   0.066
   46   V   0.108   0.119   0.073
   47   A   0.101   0.166   0.075
   48   H   0.263   0.152   0.132
   49   M   0.117   0.119   0.094
   50   Q   0.154   0.067   0.113
   51   L   0.102   0.122   0.094
   52   M   0.103   0.163   0.099
   53   E   0.104   0.128   0.105
   54   L   0.101   0.119   0.106
   55   F   0.101   0.120   0.108
   56   Y   0.103   0.149   0.111
   57   S   0.103   0.138   0.113
   58   V   0.101   0.136   0.114
   59   T   0.105   0.144   0.117
   60   M   0.106   0.124   0.118
   61   A   0.101   0.139   0.115
   62   A   0.111   0.133   0.120
   63   R   0.100   0.109   0.113
   64   I   0.103   0.100   0.115
   65   A   0.102   0.103   0.116
   66   Y   0.098   0.097   0.112
   67   S   0.102   0.097   0.113
   68   S   0.100   0.096   0.111
   69   Y   0.100   0.095   0.110
   70   I   0.102   0.092   0.110
# Measure  Position  Value    Cutoff   signal peptide?
  max. C    48       0.263
  max. Y    11       0.160
  max. S     1       0.365
  mean S     1-10    0.217
       D     1-10    0.183   0.500   NO
Name=S19A1_HUMAN_TRANSMEM2	SP='NO' D=0.183 D-cutoff=0.500 Networks=SignalP-TM
