# SignalP-4.1 euk predictions
# Name=S1PR2_HUMAN_TRANSMEM2	Length=70	Networks=SignalP-noTM
# pos  aa    C       S       Y
    1   A   0.102   0.633   0.254
    2   M   0.097   0.753   0.248
    3   Y   0.104   0.698   0.257
    4   L   0.100   0.784   0.253
    5   F   0.104   0.723   0.259
    6   L   0.103   0.711   0.259
    7   G   0.104   0.708   0.262
    8   N   0.099   0.737   0.255
    9   L   0.109   0.705   0.269
   10   A   0.106   0.764   0.266
   11   A   0.097   0.687   0.255
   12   S   0.103   0.650   0.264
   13   D   0.101   0.555   0.261
   14   L   0.097   0.617   0.255
   15   L   0.105   0.624   0.265
   16   A   0.098   0.727   0.257
   17   G   0.126   0.496   0.292
   18   V   0.122   0.386   0.286
   19   A   0.098   0.430   0.254
   20   F   0.108   0.220   0.265
   21   V   0.117   0.209   0.272
   22   A   0.117   0.193   0.267
   23   N   0.102   0.187   0.245
   24   T   0.105   0.202   0.245
   25   L   0.116   0.219   0.251
   26   L   0.105   0.322   0.235
   27   S   0.115   0.308   0.240
   28   G   0.115   0.220   0.236
   29   S   0.113   0.210   0.228
   30   V   0.126   0.162   0.235
   31   T   0.104   0.173   0.208
   32   L   0.142   0.141   0.235
   33   R   0.105   0.118   0.195
   34   L   0.111   0.132   0.193
   35   T   0.104   0.123   0.180
   36   P   0.102   0.130   0.173
   37   V   0.109   0.175   0.171
   38   Q   0.101   0.147   0.159
   39   W   0.107   0.267   0.154
   40   F   0.104   0.201   0.148
   41   A   0.100   0.202   0.143
   42   R   0.111   0.181   0.147
   43   E   0.105   0.146   0.142
   44   G   0.101   0.126   0.138
   45   S   0.101   0.121   0.137
   46   A   0.108   0.137   0.140
   47   F   0.137   0.149   0.157
   48   I   0.102   0.165   0.134
   49   T   0.095   0.194   0.127
   50   L   0.108   0.183   0.133
   51   S   0.106   0.170   0.131
   52   A   0.103   0.157   0.129
   53   S   0.102   0.174   0.128
   54   V   0.099   0.157   0.126
   55   F   0.098   0.131   0.126
   56   S   0.105   0.109   0.131
   57   L   0.102   0.106   0.128
   58   L   0.105   0.104   0.129
   59   A   0.101   0.102   0.127
   60   I   0.108   0.102   0.130
   61   A   0.105   0.102   0.127
   62   I   0.104   0.096   0.124
   63   E   0.107   0.101   0.123
   64   R   0.099   0.106   0.116
   65   H   0.100   0.106   0.115
   66   V   0.101   0.110   0.115
   67   A   0.100   0.129   0.114
   68   I   0.107   0.112   0.119
   69   A   0.102   0.108   0.115
   70   K   0.131   0.108   0.130
# Measure  Position  Value    Cutoff   signal peptide?
  max. C    32       0.142
  max. Y    17       0.292
  max. S     4       0.784
  mean S     1-16    0.692
       D     1-16    0.508   0.450   YES
Name=S1PR2_HUMAN_TRANSMEM2	SP='YES' Cleavage site between pos. 16 and 17: LLA-GV D=0.508 D-cutoff=0.450 Networks=SignalP-noTM
