# SignalP-4.1 euk predictions
# Name=S22AG_HUMAN_TRANSMEM12	Length=70	Networks=SignalP-TM
# pos  aa    C       S       Y
    1   I   0.102   0.642   0.255
    2   W   0.101   0.637   0.254
    3   I   0.102   0.600   0.256
    4   F   0.100   0.545   0.253
    5   I   0.103   0.595   0.255
    6   P   0.102   0.684   0.253
    7   Q   0.102   0.727   0.254
    8   L   0.102   0.591   0.255
    9   F   0.102   0.590   0.255
   10   V   0.099   0.591   0.250
   11   G   0.100   0.616   0.251
   12   T   0.099   0.495   0.249
   13   M   0.104   0.486   0.252
   14   A   0.104   0.511   0.250
   15   L   0.153   0.417   0.301
   16   L   0.101   0.394   0.241
   17   S   0.102   0.451   0.239
   18   G   0.112   0.396   0.248
   19   V   0.138   0.316   0.273
   20   L   0.102   0.321   0.230
   21   T   0.106   0.361   0.228
   22   L   0.258   0.222   0.347
   23   K   0.106   0.236   0.216
   24   L   0.107   0.196   0.211
   25   P   0.102   0.168   0.198
   26   E   0.116   0.136   0.203
   27   T   0.104   0.174   0.185
   28   L   0.106   0.187   0.181
   29   G   0.102   0.231   0.170
   30   K   0.321   0.108   0.295
   31   R   0.101   0.109   0.159
   32   L   0.102   0.108   0.152
   33   A   0.104   0.108   0.146
   34   T   0.105   0.103   0.141
   35   T   0.105   0.106   0.136
   36   W   0.102   0.104   0.126
   37   E   0.102   0.106   0.123
   38   E   0.100   0.110   0.118
   39   A   0.101   0.114   0.116
   40   A   0.098   0.114   0.112
   41   K   0.097   0.108   0.111
   42   L   0.103   0.110   0.112
   43   E   0.103   0.106   0.110
   44   S   0.102   0.108   0.105
   45   E   0.106   0.106   0.107
   46   N   0.102   0.103   0.105
   47   E   0.102   0.104   0.104
   48   S   0.102   0.107   0.105
   49   K   0.099   0.103   0.103
   50   S   0.104   0.097   0.106
   51   S   0.101   0.097   0.104
   52   K   0.100   0.105   0.103
   53   L   0.101   0.103   0.104
   54   L   0.104   0.101   0.104
   55   L   0.103   0.098   0.103
   56   T   0.105   0.098   0.104
   57   T   0.103   0.098   0.103
   58   N   0.105   0.098   0.104
   59   N   0.102   0.098   0.102
   60   S   0.103   0.099   0.102
   61   G   0.101   0.095   0.101
   62   L   0.099   0.098   0.099
   63   E   0.099   0.096   0.099
   64   K   0.099   0.100   0.099
   65   T   0.101   0.100   0.100
   66   E   0.102   0.103   0.101
   67   A   0.104   0.102   0.102
   68   I   0.110   0.105   0.104
   69   T   0.100   0.106   0.099
   70   P   0.100   0.104   0.100
# Measure  Position  Value    Cutoff   signal peptide?
  max. C    30       0.321
  max. Y    22       0.347
  max. S     7       0.727
  mean S     1-21    0.522
       D     1-21    0.417   0.500   NO
Name=S22AG_HUMAN_TRANSMEM12	SP='NO' D=0.417 D-cutoff=0.500 Networks=SignalP-TM
