# SignalP-4.1 euk predictions
# Name=S22AP_HUMAN_TRANSMEM8	Length=70	Networks=SignalP-TM
# pos  aa    C       S       Y
    1   V   0.102   0.714   0.270
    2   F   0.102   0.742   0.270
    3   L   0.104   0.631   0.273
    4   L   0.102   0.640   0.269
    5   Q   0.103   0.643   0.269
    6   T   0.104   0.541   0.270
    7   L   0.102   0.566   0.265
    8   F   0.104   0.517   0.265
    9   G   0.103   0.501   0.262
   10   A   0.101   0.494   0.256
   11   V   0.095   0.649   0.245
   12   T   0.103   0.754   0.254
   13   L   0.102   0.637   0.253
   14   L   0.100   0.439   0.250
   15   A   0.105   0.331   0.251
   16   N   0.116   0.311   0.259
   17   C   0.102   0.260   0.236
   18   V   0.134   0.208   0.264
   19   A   0.107   0.173   0.229
   20   P   0.115   0.143   0.229
   21   W   0.113   0.180   0.220
   22   A   0.103   0.274   0.203
   23   L   0.160   0.191   0.247
   24   N   0.105   0.196   0.194
   25   H   0.111   0.248   0.194
   26   M   0.105   0.215   0.180
   27   S   0.109   0.165   0.172
   28   R   0.101   0.124   0.155
   29   R   0.105   0.116   0.150
   30   L   0.108   0.168   0.147
   31   S   0.104   0.147   0.140
   32   Q   0.107   0.231   0.140
   33   M   0.107   0.248   0.140
   34   L   0.106   0.328   0.142
   35   L   0.103   0.379   0.144
   36   M   0.102   0.260   0.149
   37   F   0.105   0.231   0.150
   38   L   0.102   0.210   0.149
   39   L   0.103   0.262   0.150
   40   A   0.103   0.202   0.151
   41   T   0.104   0.140   0.151
   42   C   0.104   0.204   0.150
   43   L   0.105   0.177   0.153
   44   L   0.102   0.246   0.153
   45   A   0.105   0.177   0.157
   46   I   0.202   0.151   0.218
   47   I   0.103   0.138   0.154
   48   F   0.101   0.121   0.150
   49   V   0.106   0.124   0.148
   50   P   0.100   0.122   0.137
   51   Q   0.102   0.139   0.135
   52   E   0.102   0.150   0.132
   53   M   0.100   0.167   0.130
   54   Q   0.103   0.137   0.129
   55   T   0.101   0.134   0.126
   56   L   0.112   0.153   0.132
   57   R   0.104   0.126   0.126
   58   V   0.103   0.124   0.124
   59   V   0.101   0.125   0.119
   60   L   0.103   0.121   0.118
   61   A   0.104   0.119   0.118
   62   T   0.106   0.111   0.118
   63   L   0.106   0.111   0.118
   64   G   0.102   0.103   0.116
   65   V   0.100   0.115   0.114
   66   G   0.108   0.124   0.118
   67   A   0.102   0.141   0.113
   68   A   0.100   0.121   0.112
   69   S   0.100   0.113   0.111
   70   L   0.102   0.089   0.111
# Measure  Position  Value    Cutoff   signal peptide?
  max. C    46       0.202
  max. Y    18       0.264
  max. S    12       0.754
  mean S     1-17    0.551
       D     1-17    0.379   0.500   NO
Name=S22AP_HUMAN_TRANSMEM8	SP='NO' D=0.379 D-cutoff=0.500 Networks=SignalP-TM
