# SignalP-4.1 euk predictions
# Name=S22A5_HUMAN_TRANSMEM11	Length=70	Networks=SignalP-noTM
# pos  aa    C       S       Y
    1   V   0.100   0.291   0.171
    2   G   0.103   0.276   0.173
    3   V   0.098   0.297   0.169
    4   S   0.100   0.263   0.170
    5   S   0.103   0.220   0.173
    6   T   0.100   0.156   0.169
    7   A   0.100   0.150   0.168
    8   S   0.099   0.145   0.165
    9   R   0.099   0.131   0.162
   10   L   0.102   0.123   0.163
   11   G   0.102   0.116   0.160
   12   S   0.100   0.117   0.156
   13   I   0.100   0.136   0.154
   14   L   0.099   0.129   0.150
   15   S   0.104   0.130   0.152
   16   P   0.097   0.112   0.144
   17   Y   0.104   0.126   0.146
   18   F   0.101   0.155   0.142
   19   V   0.104   0.251   0.142
   20   Y   0.101   0.254   0.138
   21   L   0.103   0.276   0.139
   22   G   0.107   0.190   0.142
   23   A   0.106   0.144   0.140
   24   Y   0.113   0.109   0.142
   25   D   0.105   0.121   0.133
   26   R   0.104   0.118   0.130
   27   F   0.109   0.132   0.130
   28   L   0.106   0.124   0.126
   29   P   0.098   0.129   0.121
   30   Y   0.110   0.132   0.128
   31   I   0.101   0.132   0.122
   32   L   0.103   0.139   0.123
   33   M   0.100   0.207   0.122
   34   G   0.106   0.177   0.127
   35   S   0.111   0.210   0.131
   36   L   0.098   0.262   0.125
   37   T   0.104   0.329   0.131
   38   I   0.109   0.425   0.138
   39   L   0.099   0.434   0.136
   40   T   0.108   0.551   0.148
   41   A   0.106   0.593   0.153
   42   I   0.106   0.522   0.158
   43   L   0.101   0.438   0.159
   44   T   0.112   0.358   0.169
   45   L   0.120   0.358   0.178
   46   F   0.102   0.631   0.167
   47   L   0.101   0.517   0.173
   48   P   0.101   0.500   0.178
   49   E   0.110   0.377   0.191
   50   S   0.107   0.457   0.191
   51   F   0.102   0.281   0.191
   52   G   0.099   0.271   0.190
   53   T   0.351   0.118   0.361
   54   P   0.097   0.132   0.189
   55   L   0.111   0.105   0.202
   56   P   0.099   0.120   0.191
   57   D   0.103   0.112   0.194
   58   T   0.099   0.109   0.189
   59   I   0.104   0.105   0.192
   60   D   0.099   0.102   0.184
   61   Q   0.099   0.105   0.180
   62   M   0.101   0.104   0.177
   63   L   0.101   0.104   0.172
   64   R   0.103   0.105   0.166
   65   V   0.103   0.103   0.160
   66   K   0.103   0.101   0.156
   67   G   0.105   0.098   0.153
   68   M   0.097   0.101   0.143
   69   K   0.104   0.100   0.140
   70   H   0.099   0.101   0.129
# Measure  Position  Value    Cutoff   signal peptide?
  max. C    53       0.351
  max. Y    53       0.361
  max. S    46       0.631
  mean S     1-52    0.254
       D     1-52    0.303   0.450   NO
Name=S22A5_HUMAN_TRANSMEM11	SP='NO' D=0.303 D-cutoff=0.450 Networks=SignalP-noTM
