# SignalP-4.1 euk predictions
# Name=S2545_HUMAN_TRANSMEM4	Length=70	Networks=SignalP-TM
# pos  aa    C       S       Y
    1   G   0.104   0.126   0.114
    2   A   0.101   0.138   0.113
    3   W   0.100   0.189   0.113
    4   A   0.104   0.205   0.117
    5   L   0.104   0.189   0.120
    6   T   0.104   0.179   0.121
    7   L   0.101   0.152   0.121
    8   R   0.104   0.140   0.124
    9   D   0.103   0.133   0.124
   10   T   0.102   0.127   0.123
   11   P   0.102   0.124   0.123
   12   T   0.104   0.141   0.124
   13   V   0.102   0.139   0.123
   14   G   0.102   0.158   0.124
   15   I   0.108   0.131   0.128
   16   Y   0.104   0.111   0.126
   17   F   0.101   0.119   0.123
   18   I   0.104   0.112   0.123
   19   T   0.101   0.107   0.119
   20   Y   0.101   0.102   0.116
   21   E   0.101   0.099   0.114
   22   G   0.103   0.104   0.113
   23   L   0.099   0.093   0.110
   24   C   0.103   0.113   0.110
   25   R   0.108   0.111   0.113
   26   Q   0.105   0.108   0.111
   27   Y   0.117   0.100   0.116
   28   T   0.102   0.099   0.107
   29   P   0.102   0.104   0.105
   30   E   0.103   0.109   0.105
   31   G   0.102   0.096   0.104
   32   Q   0.096   0.101   0.100
   33   N   0.101   0.097   0.102
   34   P   0.100   0.092   0.101
   35   S   0.101   0.097   0.101
   36   S   0.102   0.072   0.102
   37   A   0.104   0.061   0.102
   38   T   0.099   0.056   0.098
   39   V   0.103   0.059   0.098
   40   L   0.102   0.056   0.096
   41   V   0.108   0.044   0.096
   42   A   0.102   0.055   0.091
   43   G   0.101   0.055   0.089
   44   G   0.101   0.052   0.087
   45   F   0.102   0.053   0.085
   46   A   0.108   0.045   0.086
   47   G   0.100   0.061   0.080
   48   I   0.102   0.057   0.079
   49   A   0.101   0.069   0.077
   50   S   0.101   0.059   0.076
   51   W   0.104   0.075   0.076
   52   V   0.101   0.074   0.076
   53   A   0.103   0.077   0.078
   54   A   0.103   0.091   0.078
   55   T   0.127   0.062   0.089
   56   P   0.107   0.064   0.082
   57   L   0.106   0.069   0.082
   58   D   0.104   0.076   0.082
   59   M   0.102   0.090   0.082
   60   I   0.102   0.096   0.084
   61   K   0.103   0.112   0.087
   62   S   0.103   0.108   0.089
   63   R   0.107   0.105   0.092
   64   M   0.105   0.109   0.093
   65   Q   0.100   0.103   0.093
   66   M   0.101   0.102   0.095
   67   D   0.101   0.102   0.095
   68   G   0.105   0.100   0.098
   69   L   0.099   0.105   0.096
   70   R   0.105   0.100   0.100
# Measure  Position  Value    Cutoff   signal peptide?
  max. C    55       0.127
  max. Y    15       0.128
  max. S     4       0.205
  mean S     1-14    0.153
       D     1-14    0.138   0.500   NO
Name=S2545_HUMAN_TRANSMEM4	SP='NO' D=0.138 D-cutoff=0.500 Networks=SignalP-TM
