# SignalP-4.1 euk predictions
# Name=S352B_HUMAN_TRANSMEM5	Length=70	Networks=SignalP-noTM
# pos  aa    C       S       Y
    1   T   0.103   0.845   0.294
    2   G   0.103   0.851   0.296
    3   L   0.099   0.825   0.289
    4   L   0.104   0.859   0.296
    5   V   0.101   0.868   0.292
    6   N   0.101   0.845   0.293
    7   L   0.103   0.805   0.295
    8   S   0.102   0.827   0.294
    9   L   0.104   0.767   0.296
   10   I   0.104   0.715   0.296
   11   P   0.094   0.700   0.280
   12   V   0.103   0.797   0.292
   13   M   0.097   0.865   0.283
   14   G   0.103   0.923   0.292
   15   G   0.111   0.849   0.303
   16   L   0.138   0.542   0.339
   17   A   0.104   0.575   0.292
   18   L   0.261   0.304   0.458
   19   C   0.101   0.335   0.280
   20   T   0.162   0.198   0.350
   21   A   0.111   0.227   0.284
   22   T   0.243   0.135   0.412
   23   E   0.123   0.126   0.287
   24   I   0.104   0.131   0.257
   25   S   0.109   0.136   0.256
   26   F   0.117   0.129   0.258
   27   N   0.100   0.120   0.232
   28   V   0.110   0.150   0.235
   29   L   0.099   0.243   0.216
   30   G   0.105   0.284   0.217
   31   F   0.114   0.197   0.219
   32   S   0.106   0.241   0.204
   33   A   0.106   0.324   0.199
   34   A   0.110   0.183   0.198
   35   L   0.133   0.123   0.209
   36   S   0.102   0.124   0.173
   37   T   0.142   0.107   0.191
   38   N   0.106   0.100   0.154
   39   I   0.098   0.107   0.141
   40   M   0.098   0.106   0.134
   41   D   0.102   0.107   0.133
   42   C   0.100   0.114   0.128
   43   L   0.107   0.109   0.131
   44   Q   0.101   0.119   0.125
   45   N   0.113   0.102   0.132
   46   V   0.101   0.105   0.124
   47   F   0.099   0.104   0.122
   48   S   0.106   0.124   0.126
   49   K   0.124   0.100   0.136
   50   K   0.096   0.103   0.120
   51   L   0.101   0.101   0.121
   52   L   0.103   0.097   0.120
   53   S   0.105   0.095   0.118
   54   G   0.102   0.103   0.114
   55   D   0.101   0.100   0.111
   56   K   0.100   0.103   0.105
   57   Y   0.100   0.093   0.103
   58   R   0.094   0.095   0.100
   59   F   0.098   0.096   0.101
   60   S   0.103   0.096   0.103
   61   A   0.097   0.100   0.100
   62   P   0.093   0.099   0.098
   63   E   0.104   0.102   0.104
   64   L   0.104   0.103   0.103
   65   Q   0.103   0.098   0.103
   66   F   0.098   0.099   0.100
   67   Y   0.098   0.099   0.100
   68   T   0.100   0.099   0.101
   69   S   0.110   0.099   0.105
   70   A   0.108   0.097   0.104
# Measure  Position  Value    Cutoff   signal peptide?
  max. C    18       0.261
  max. Y    18       0.458
  max. S    14       0.923
  mean S     1-17    0.792
       D     1-17    0.638   0.450   YES
Name=S352B_HUMAN_TRANSMEM5	SP='YES' Cleavage site between pos. 17 and 18: GLA-LC D=0.638 D-cutoff=0.450 Networks=SignalP-noTM
