# SignalP-4.1 euk predictions
# Name=S35E4_HUMAN_TRANSMEM7	Length=70	Networks=SignalP-TM
# pos  aa    C       S       Y
    1   T   0.102   0.314   0.179
    2   S   0.104   0.243   0.181
    3   A   0.102   0.298   0.177
    4   L   0.102   0.330   0.178
    5   T   0.103   0.267   0.178
    6   V   0.100   0.270   0.175
    7   H   0.105   0.276   0.178
    8   V   0.104   0.232   0.176
    9   L   0.100   0.266   0.172
   10   G   0.104   0.299   0.173
   11   N   0.099   0.269   0.169
   12   L   0.104   0.176   0.172
   13   T   0.102   0.201   0.168
   14   V   0.102   0.204   0.166
   15   V   0.101   0.185   0.162
   16   G   0.103   0.200   0.160
   17   N   0.108   0.174   0.163
   18   L   0.106   0.266   0.159
   19   I   0.107   0.172   0.158
   20   L   0.101   0.162   0.152
   21   S   0.101   0.138   0.149
   22   R   0.109   0.147   0.151
   23   L   0.107   0.175   0.148
   24   L   0.105   0.126   0.144
   25   F   0.101   0.091   0.137
   26   G   0.103   0.073   0.134
   27   S   0.123   0.060   0.143
   28   R   0.101   0.061   0.125
   29   L   0.106   0.073   0.124
   30   S   0.105   0.070   0.120
   31   A   0.106   0.098   0.116
   32   L   0.104   0.055   0.113
   33   S   0.103   0.067   0.105
   34   Y   0.105   0.096   0.102
   35   V   0.102   0.117   0.098
   36   G   0.102   0.105   0.098
   37   I   0.103   0.129   0.096
   38   A   0.102   0.138   0.094
   39   L   0.106   0.121   0.096
   40   T   0.104   0.090   0.097
   41   L   0.106   0.097   0.098
   42   S   0.105   0.081   0.100
   43   G   0.107   0.093   0.101
   44   M   0.102   0.088   0.099
   45   F   0.104   0.091   0.101
   46   L   0.103   0.108   0.100
   47   Y   0.104   0.110   0.103
   48   H   0.100   0.094   0.102
   49   N   0.102   0.106   0.103
   50   C   0.101   0.105   0.102
   51   E   0.104   0.106   0.104
   52   F   0.102   0.116   0.102
   53   V   0.103   0.093   0.102
   54   A   0.100   0.114   0.099
   55   S   0.098   0.110   0.099
   56   W   0.102   0.103   0.102
   57   A   0.105   0.101   0.104
   58   A   0.103   0.099   0.103
   59   R   0.100   0.095   0.102
   60   R   0.102   0.100   0.103
   61   G   0.103   0.102   0.103
   62   L   0.102   0.104   0.103
   63   W   0.101   0.107   0.103
   64   R   0.100   0.109   0.102
   65   R   0.106   0.105   0.105
   66   D   0.103   0.105   0.104
   67   Q   0.102   0.106   0.103
   68   P   0.106   0.105   0.105
   69   S   0.102   0.106   0.103
   70   K   0.102   0.103   0.103
# Measure  Position  Value    Cutoff   signal peptide?
  max. C    27       0.123
  max. Y    12       0.172
  max. S     4       0.330
  mean S     1-11    0.278
       D     1-11    0.215   0.500   NO
Name=S35E4_HUMAN_TRANSMEM7	SP='NO' D=0.215 D-cutoff=0.500 Networks=SignalP-TM
