# SignalP-4.1 euk predictions
# Name=S35G2_HUMAN_TRANSMEM7	Length=70	Networks=SignalP-TM
# pos  aa    C       S       Y
    1   T   0.103   0.301   0.176
    2   A   0.103   0.319   0.176
    3   L   0.098   0.401   0.172
    4   F   0.103   0.421   0.178
    5   T   0.101   0.389   0.179
    6   F   0.103   0.378   0.183
    7   G   0.104   0.366   0.186
    8   W   0.100   0.374   0.182
    9   T   0.104   0.378   0.188
   10   G   0.100   0.405   0.186
   11   T   0.099   0.475   0.187
   12   I   0.101   0.467   0.192
   13   W   0.098   0.433   0.193
   14   G   0.100   0.521   0.197
   15   I   0.142   0.463   0.239
   16   S   0.101   0.377   0.204
   17   T   0.102   0.354   0.206
   18   M   0.120   0.355   0.223
   19   F   0.119   0.304   0.221
   20   I   0.105   0.315   0.206
   21   L   0.104   0.267   0.204
   22   Q   0.102   0.220   0.200
   23   E   0.115   0.210   0.209
   24   P   0.103   0.226   0.195
   25   I   0.104   0.215   0.193
   26   I   0.102   0.220   0.186
   27   P   0.101   0.244   0.180
   28   L   0.109   0.178   0.183
   29   D   0.104   0.127   0.171
   30   G   0.102   0.101   0.162
   31   E   0.146   0.108   0.186
   32   T   0.102   0.113   0.150
   33   W   0.104   0.107   0.146
   34   S   0.100   0.084   0.138
   35   Y   0.100   0.096   0.131
   36   L   0.100   0.074   0.127
   37   I   0.099   0.067   0.122
   38   A   0.101   0.073   0.119
   39   I   0.101   0.072   0.114
   40   C   0.105   0.058   0.111
   41   V   0.103   0.050   0.105
   42   C   0.101   0.060   0.097
   43   S   0.100   0.059   0.092
   44   T   0.099   0.070   0.089
   45   A   0.106   0.070   0.091
   46   A   0.106   0.074   0.089
   47   F   0.108   0.057   0.088
   48   L   0.103   0.040   0.084
   49   G   0.106   0.046   0.083
   50   V   0.103   0.047   0.080
   51   Y   0.101   0.063   0.078
   52   Y   0.103   0.074   0.079
   53   A   0.102   0.097   0.078
   54   L   0.109   0.117   0.082
   55   D   0.105   0.115   0.083
   56   K   0.099   0.110   0.084
   57   F   0.105   0.110   0.088
   58   H   0.102   0.110   0.089
   59   P   0.105   0.122   0.092
   60   A   0.104   0.121   0.094
   61   L   0.096   0.129   0.092
   62   V   0.104   0.111   0.098
   63   S   0.101   0.115   0.099
   64   T   0.102   0.111   0.102
   65   V   0.103   0.105   0.105
   66   Q   0.104   0.102   0.107
   67   H   0.104   0.104   0.108
   68   L   0.098   0.100   0.105
   69   E   0.102   0.096   0.107
   70   I   0.104   0.100   0.107
# Measure  Position  Value    Cutoff   signal peptide?
  max. C    31       0.146
  max. Y    15       0.239
  max. S    14       0.521
  mean S     1-14    0.402
       D     1-14    0.304   0.500   NO
Name=S35G2_HUMAN_TRANSMEM7	SP='NO' D=0.304 D-cutoff=0.500 Networks=SignalP-TM
