# SignalP-4.1 euk predictions
# Name=S36A1_HUMAN_TRANSMEM5	Length=70	Networks=SignalP-noTM
# pos  aa    C       S       Y
    1   A   0.103   0.907   0.306
    2   L   0.098   0.917   0.298
    3   S   0.104   0.892   0.308
    4   I   0.100   0.936   0.301
    5   F   0.102   0.947   0.305
    6   S   0.103   0.943   0.306
    7   L   0.100   0.888   0.302
    8   L   0.106   0.873   0.310
    9   A   0.102   0.874   0.304
   10   N   0.099   0.870   0.299
   11   I   0.101   0.882   0.302
   12   T   0.097   0.869   0.296
   13   M   0.104   0.907   0.307
   14   L   0.098   0.931   0.298
   15   V   0.100   0.885   0.301
   16   S   0.100   0.889   0.300
   17   L   0.150   0.816   0.368
   18   V   0.171   0.701   0.392
   19   M   0.104   0.693   0.305
   20   I   0.111   0.638   0.312
   21   Y   0.211   0.431   0.428
   22   Q   0.101   0.546   0.292
   23   F   0.123   0.403   0.319
   24   I   0.105   0.383   0.291
   25   V   0.101   0.731   0.281
   26   Q   0.118   0.565   0.302
   27   R   0.141   0.415   0.327
   28   I   0.133   0.169   0.312
   29   P   0.095   0.164   0.258
   30   D   0.115   0.127   0.277
   31   P   0.099   0.138   0.250
   32   S   0.104   0.145   0.249
   33   H   0.097   0.164   0.234
   34   L   0.106   0.123   0.237
   35   P   0.099   0.105   0.222
   36   L   0.105   0.106   0.220
   37   V   0.104   0.106   0.210
   38   A   0.103   0.105   0.201
   39   P   0.099   0.113   0.187
   40   W   0.104   0.107   0.183
   41   K   0.101   0.104   0.172
   42   T   0.107   0.093   0.169
   43   Y   0.102   0.094   0.157
   44   P   0.100   0.098   0.151
   45   L   0.106   0.101   0.149
   46   F   0.103   0.107   0.141
   47   F   0.100   0.116   0.134
   48   G   0.105   0.115   0.127
   49   T   0.103   0.124   0.117
   50   A   0.107   0.132   0.113
   51   I   0.100   0.109   0.108
   52   F   0.101   0.102   0.108
   53   S   0.102   0.117   0.108
   54   F   0.105   0.114   0.109
   55   E   0.105   0.100   0.108
   56   G   0.103   0.101   0.106
   57   I   0.097   0.093   0.102
   58   G   0.101   0.095   0.104
   59   M   0.103   0.092   0.105
   60   V   0.099   0.094   0.102
   61   L   0.101   0.102   0.103
   62   P   0.101   0.099   0.103
   63   L   0.128   0.103   0.116
   64   E   0.106   0.103   0.105
   65   N   0.104   0.104   0.105
   66   K   0.100   0.104   0.102
   67   M   0.101   0.104   0.103
   68   K   0.097   0.102   0.102
   69   D   0.104   0.103   0.105
   70   P   0.100   0.106   0.102
# Measure  Position  Value    Cutoff   signal peptide?
  max. C    21       0.211
  max. Y    21       0.428
  max. S     5       0.947
  mean S     1-20    0.863
       D     1-20    0.663   0.450   YES
Name=S36A1_HUMAN_TRANSMEM5	SP='YES' Cleavage site between pos. 20 and 21: VMI-YQ D=0.663 D-cutoff=0.450 Networks=SignalP-noTM
