# SignalP-4.1 euk predictions
# Name=S38A2_HUMAN_TRANSMEM3	Length=70	Networks=SignalP-noTM
# pos  aa    C       S       Y
    1   I   0.104   0.353   0.191
    2   G   0.103   0.421   0.191
    3   A   0.099   0.406   0.188
    4   M   0.097   0.315   0.187
    5   S   0.104   0.270   0.192
    6   S   0.097   0.258   0.185
    7   Y   0.098   0.359   0.185
    8   L   0.101   0.339   0.188
    9   F   0.099   0.308   0.186
   10   I   0.103   0.316   0.189
   11   V   0.101   0.223   0.187
   12   K   0.101   0.237   0.185
   13   Y   0.102   0.228   0.184
   14   E   0.097   0.181   0.179
   15   L   0.101   0.225   0.180
   16   P   0.102   0.279   0.179
   17   L   0.104   0.356   0.180
   18   V   0.099   0.500   0.176
   19   I   0.103   0.465   0.181
   20   Q   0.106   0.545   0.185
   21   A   0.127   0.336   0.205
   22   L   0.189   0.122   0.250
   23   T   0.100   0.117   0.178
   24   N   0.107   0.094   0.182
   25   I   0.105   0.120   0.175
   26   E   0.105   0.091   0.172
   27   D   0.103   0.107   0.167
   28   K   0.099   0.107   0.162
   29   T   0.098   0.131   0.159
   30   G   0.100   0.129   0.157
   31   L   0.108   0.151   0.160
   32   W   0.098   0.165   0.150
   33   Y   0.105   0.192   0.153
   34   L   0.101   0.172   0.149
   35   N   0.101   0.158   0.148
   36   G   0.106   0.164   0.151
   37   N   0.101   0.207   0.148
   38   Y   0.101   0.233   0.147
   39   L   0.102   0.352   0.147
   40   V   0.102   0.323   0.147
   41   L   0.096   0.441   0.140
   42   L   0.103   0.460   0.145
   43   V   0.099   0.563   0.140
   44   S   0.102   0.590   0.146
   45   L   0.106   0.625   0.156
   46   V   0.104   0.566   0.162
   47   V   0.101   0.584   0.167
   48   I   0.105   0.683   0.176
   49   L   0.105   0.481   0.184
   50   P   0.099   0.622   0.183
   51   L   0.118   0.324   0.207
   52   S   0.102   0.240   0.195
   53   L   0.101   0.224   0.195
   54   F   0.110   0.170   0.204
   55   R   0.142   0.115   0.232
   56   N   0.108   0.112   0.202
   57   L   0.103   0.103   0.197
   58   G   0.103   0.105   0.196
   59   Y   0.115   0.093   0.206
   60   L   0.101   0.097   0.192
   61   G   0.105   0.096   0.194
   62   Y   0.105   0.095   0.190
   63   T   0.103   0.094   0.186
   64   S   0.105   0.094   0.184
   65   G   0.100   0.096   0.174
   66   L   0.122   0.093   0.185
   67   S   0.102   0.095   0.163
   68   L   0.097   0.094   0.151
   69   L   0.103   0.095   0.148
   70   C   0.099   0.094   0.138
# Measure  Position  Value    Cutoff   signal peptide?
  max. C    22       0.189
  max. Y    22       0.250
  max. S    48       0.683
  mean S     1-21    0.330
       D     1-21    0.293   0.450   NO
Name=S38A2_HUMAN_TRANSMEM3	SP='NO' D=0.293 D-cutoff=0.450 Networks=SignalP-noTM
