# SignalP-4.1 euk predictions
# Name=S45A1_HUMAN_TRANSMEM10	Length=70	Networks=SignalP-noTM
# pos  aa    C       S       Y
    1   L   0.100   0.855   0.292
    2   Y   0.103   0.838   0.296
    3   V   0.101   0.833   0.293
    4   V   0.103   0.824   0.296
    5   L   0.103   0.800   0.297
    6   S   0.103   0.808   0.296
    7   L   0.103   0.891   0.296
    8   C   0.105   0.853   0.298
    9   I   0.101   0.819   0.293
   10   T   0.099   0.851   0.289
   11   Y   0.101   0.881   0.293
   12   G   0.102   0.906   0.293
   13   I   0.105   0.854   0.298
   14   L   0.096   0.895   0.285
   15   F   0.106   0.823   0.301
   16   S   0.134   0.687   0.337
   17   T   0.145   0.490   0.350
   18   L   0.102   0.698   0.290
   19   C   0.108   0.685   0.297
   20   T   0.216   0.401   0.419
   21   L   0.135   0.272   0.327
   22   P   0.102   0.301   0.279
   23   Y   0.118   0.270   0.296
   24   S   0.097   0.320   0.263
   25   L   0.125   0.189   0.294
   26   L   0.100   0.308   0.257
   27   C   0.120   0.170   0.277
   28   D   0.156   0.101   0.308
   29   Y   0.101   0.111   0.241
   30   Y   0.098   0.106   0.231
   31   Q   0.101   0.133   0.226
   32   S   0.099   0.122   0.217
   33   K   0.104   0.110   0.214
   34   K   0.095   0.130   0.197
   35   F   0.097   0.112   0.190
   36   A   0.103   0.122   0.187
   37   G   0.097   0.112   0.172
   38   S   0.099   0.107   0.164
   39   S   0.104   0.107   0.159
   40   A   0.098   0.114   0.149
   41   D   0.105   0.120   0.145
   42   G   0.099   0.117   0.131
   43   T   0.101   0.114   0.128
   44   R   0.110   0.114   0.130
   45   R   0.104   0.122   0.123
   46   G   0.102   0.128   0.119
   47   M   0.097   0.139   0.113
   48   G   0.108   0.147   0.118
   49   V   0.103   0.162   0.112
   50   D   0.105   0.166   0.113
   51   I   0.103   0.135   0.113
   52   S   0.102   0.119   0.113
   53   L   0.104   0.118   0.114
   54   L   0.105   0.117   0.115
   55   S   0.104   0.126   0.113
   56   C   0.105   0.125   0.115
   57   Q   0.102   0.112   0.113
   58   Y   0.104   0.104   0.114
   59   F   0.102   0.095   0.113
   60   L   0.103   0.104   0.113
   61   A   0.102   0.100   0.112
   62   Q   0.122   0.104   0.123
   63   I   0.097   0.101   0.109
   64   L   0.094   0.101   0.107
   65   V   0.102   0.103   0.111
   66   S   0.099   0.101   0.109
   67   L   0.100   0.098   0.109
   68   V   0.096   0.100   0.106
   69   L   0.098   0.100   0.107
   70   G   0.104   0.102   0.110
# Measure  Position  Value    Cutoff   signal peptide?
  max. C    20       0.216
  max. Y    20       0.419
  max. S    12       0.906
  mean S     1-19    0.805
       D     1-19    0.627   0.450   YES
Name=S45A1_HUMAN_TRANSMEM10	SP='YES' Cleavage site between pos. 19 and 20: TLC-TL D=0.627 D-cutoff=0.450 Networks=SignalP-noTM
