# SignalP-4.1 euk predictions
# Name=S4A4_HUMAN_TRANSMEM8	Length=70	Networks=SignalP-TM
# pos  aa    C       S       Y
    1   V   0.101   0.545   0.235
    2   C   0.103   0.491   0.237
    3   L   0.104   0.465   0.237
    4   A   0.103   0.473   0.235
    5   A   0.105   0.565   0.236
    6   A   0.101   0.520   0.232
    7   I   0.099   0.526   0.229
    8   P   0.106   0.573   0.237
    9   A   0.103   0.519   0.234
   10   L   0.098   0.527   0.227
   11   L   0.104   0.632   0.234
   12   V   0.100   0.637   0.231
   13   T   0.101   0.544   0.233
   14   I   0.106   0.536   0.239
   15   L   0.102   0.564   0.234
   16   I   0.107   0.572   0.240
   17   F   0.107   0.536   0.241
   18   M   0.105   0.396   0.241
   19   D   0.107   0.303   0.242
   20   Q   0.103   0.292   0.233
   21   Q   0.112   0.301   0.239
   22   I   0.104   0.347   0.227
   23   T   0.102   0.534   0.222
   24   A   0.123   0.509   0.243
   25   V   0.508   0.154   0.493
   26   I   0.113   0.101   0.224
   27   V   0.102   0.107   0.203
   28   N   0.106   0.106   0.200
   29   R   0.105   0.094   0.190
   30   K   0.104   0.076   0.180
   31   E   0.103   0.082   0.168
   32   H   0.101   0.093   0.157
   33   K   0.099   0.089   0.148
   34   L   0.102   0.081   0.145
   35   K   0.102   0.089   0.139
   36   K   0.103   0.093   0.135
   37   G   0.103   0.086   0.128
   38   A   0.101   0.097   0.113
   39   G   0.099   0.099   0.098
   40   Y   0.102   0.112   0.097
   41   H   0.100   0.059   0.097
   42   L   0.103   0.036   0.096
   43   D   0.104   0.038   0.094
   44   L   0.100   0.043   0.090
   45   F   0.105   0.037   0.091
   46   W   0.104   0.034   0.089
   47   V   0.105   0.026   0.086
   48   A   0.104   0.017   0.083
   49   I   0.098   0.019   0.078
   50   L   0.100   0.014   0.075
   51   M   0.099   0.021   0.071
   52   V   0.102   0.026   0.069
   53   I   0.102   0.032   0.065
   54   C   0.099   0.038   0.060
   55   S   0.103   0.031   0.057
   56   L   0.104   0.043   0.055
   57   M   0.103   0.028   0.056
   58   A   0.104   0.034   0.055
   59   L   0.175   0.035   0.071
   60   P   0.100   0.033   0.053
   61   W   0.104   0.053   0.054
   62   Y   0.104   0.070   0.056
   63   V   0.102   0.097   0.059
   64   A   0.102   0.133   0.064
   65   A   0.106   0.156   0.072
   66   T   0.218   0.125   0.112
   67   V   0.104   0.148   0.082
   68   I   0.105   0.154   0.087
   69   S   0.102   0.131   0.091
   70   I   0.101   0.102   0.095
# Measure  Position  Value    Cutoff   signal peptide?
  max. C    25       0.508
  max. Y    25       0.493
  max. S    12       0.637
  mean S     1-24    0.496
       D     1-24    0.494   0.500   NO
Name=S4A4_HUMAN_TRANSMEM8	SP='NO' D=0.494 D-cutoff=0.500 Networks=SignalP-TM
