# SignalP-4.1 euk predictions
# Name=S4A7_HUMAN_TRANSMEM1	Length=70	Networks=SignalP-noTM
# pos  aa    C       S       Y
    1   L   0.103   0.744   0.277
    2   A   0.103   0.717   0.276
    3   S   0.098   0.855   0.270
    4   I   0.104   0.847   0.279
    5   L   0.099   0.867   0.272
    6   F   0.103   0.816   0.280
    7   L   0.101   0.761   0.277
    8   Y   0.103   0.767   0.280
    9   C   0.105   0.756   0.283
   10   A   0.104   0.694   0.282
   11   C   0.093   0.635   0.266
   12   M   0.102   0.645   0.278
   13   S   0.101   0.546   0.276
   14   P   0.097   0.567   0.268
   15   V   0.100   0.507   0.271
   16   I   0.094   0.508   0.261
   17   T   0.098   0.617   0.265
   18   F   0.255   0.464   0.425
   19   G   0.125   0.366   0.295
   20   G   0.180   0.199   0.349
   21   L   0.105   0.184   0.262
   22   L   0.104   0.188   0.255
   23   G   0.113   0.195   0.261
   24   E   0.145   0.121   0.290
   25   A   0.110   0.145   0.246
   26   T   0.129   0.112   0.258
   27   E   0.105   0.120   0.226
   28   G   0.126   0.111   0.238
   29   R   0.118   0.102   0.222
   30   I   0.105   0.122   0.202
   31   S   0.102   0.107   0.192
   32   A   0.099   0.100   0.180
   33   I   0.136   0.102   0.203
   34   E   0.103   0.103   0.170
   35   S   0.101   0.103   0.160
   36   L   0.100   0.109   0.153
   37   F   0.102   0.110   0.147
   38   G   0.104   0.120   0.143
   39   A   0.101   0.100   0.134
   40   S   0.101   0.102   0.124
   41   L   0.106   0.115   0.120
   42   T   0.102   0.114   0.113
   43   G   0.101   0.121   0.111
   44   I   0.103   0.132   0.111
   45   A   0.102   0.146   0.109
   46   Y   0.097   0.137   0.106
   47   S   0.104   0.121   0.110
   48   L   0.112   0.120   0.113
   49   F   0.103   0.153   0.108
   50   A   0.106   0.164   0.111
   51   G   0.102   0.116   0.110
   52   Q   0.104   0.099   0.111
   53   P   0.104   0.113   0.111
   54   L   0.109   0.113   0.113
   55   T   0.103   0.110   0.110
   56   I   0.100   0.103   0.109
   57   L   0.103   0.099   0.111
   58   G   0.100   0.093   0.109
   59   S   0.108   0.095   0.113
   60   T   0.106   0.092   0.112
   61   G   0.104   0.094   0.110
   62   P   0.099   0.090   0.107
   63   V   0.097   0.090   0.106
   64   L   0.101   0.099   0.108
   65   V   0.104   0.097   0.109
   66   F   0.104   0.097   0.108
   67   E   0.104   0.095   0.108
   68   K   0.100   0.098   0.104
   69   I   0.103   0.093   0.105
   70   L   0.105   0.095   0.105
# Measure  Position  Value    Cutoff   signal peptide?
  max. C    18       0.255
  max. Y    18       0.425
  max. S     5       0.867
  mean S     1-17    0.697
       D     1-17    0.572   0.450   YES
Name=S4A7_HUMAN_TRANSMEM1	SP='YES' Cleavage site between pos. 17 and 18: VIT-FG D=0.572 D-cutoff=0.450 Networks=SignalP-noTM
