# SignalP-4.1 euk predictions
# Name=S52A3_HUMAN_TRANSMEM2	Length=70	Networks=SignalP-TM
# pos  aa    C       S       Y
    1   L   0.101   0.393   0.200
    2   T   0.103   0.331   0.201
    3   V   0.102   0.358   0.199
    4   V   0.104   0.348   0.201
    5   I   0.103   0.403   0.199
    6   Q   0.101   0.379   0.197
    7   L   0.102   0.399   0.197
    8   A   0.103   0.437   0.199
    9   N   0.097   0.453   0.193
   10   I   0.102   0.516   0.200
   11   G   0.099   0.485   0.199
   12   P   0.102   0.412   0.203
   13   L   0.103   0.380   0.205
   14   L   0.100   0.390   0.201
   15   V   0.102   0.428   0.203
   16   T   0.106   0.298   0.208
   17   L   0.106   0.285   0.207
   18   L   0.107   0.190   0.207
   19   H   0.113   0.175   0.210
   20   H   0.105   0.171   0.198
   21   F   0.105   0.150   0.194
   22   R   0.101   0.194   0.185
   23   P   0.102   0.196   0.181
   24   S   0.106   0.164   0.180
   25   C   0.100   0.151   0.167
   26   L   0.102   0.162   0.162
   27   S   0.150   0.100   0.189
   28   E   0.415   0.084   0.301
   29   V   0.109   0.080   0.146
   30   P   0.099   0.049   0.130
   31   I   0.105   0.049   0.127
   32   I   0.100   0.047   0.117
   33   F   0.100   0.047   0.112
   34   T   0.105   0.039   0.111
   35   L   0.104   0.027   0.106
   36   L   0.103   0.025   0.101
   37   G   0.104   0.019   0.095
   38   V   0.100   0.028   0.086
   39   G   0.103   0.027   0.082
   40   T   0.106   0.025   0.077
   41   V   0.106   0.023   0.070
   42   T   0.102   0.030   0.064
   43   C   0.102   0.022   0.061
   44   I   0.119   0.022   0.063
   45   I   0.101   0.021   0.056
   46   F   0.102   0.013   0.054
   47   A   0.103   0.019   0.052
   48   F   0.103   0.020   0.050
   49   L   0.103   0.017   0.049
   50   W   0.100   0.015   0.047
   51   N   0.098   0.037   0.046
   52   M   0.102   0.057   0.048
   53   T   0.103   0.070   0.051
   54   S   0.105   0.087   0.054
   55   W   0.103   0.100   0.058
   56   V   0.106   0.129   0.063
   57   L   0.101   0.135   0.068
   58   D   0.102   0.137   0.074
   59   G   0.105   0.120   0.080
   60   H   0.111   0.149   0.087
   61   H   0.102   0.165   0.089
   62   S   0.101   0.159   0.095
   63   I   0.102   0.174   0.100
   64   A   0.100   0.175   0.105
   65   F   0.099   0.156   0.109
   66   L   0.104   0.132   0.116
   67   V   0.100   0.155   0.116
   68   L   0.103   0.143   0.120
   69   T   0.105   0.121   0.123
   70   F   0.100   0.093   0.121
# Measure  Position  Value    Cutoff   signal peptide?
  max. C    28       0.415
  max. Y    28       0.301
  max. S    10       0.516
  mean S     1-27    0.309
       D     1-27    0.304   0.500   NO
Name=S52A3_HUMAN_TRANSMEM2	SP='NO' D=0.304 D-cutoff=0.500 Networks=SignalP-TM
