# SignalP-4.1 euk predictions
# Name=S5A1_HUMAN_TRANSMEM2	Length=70	Networks=SignalP-TM
# pos  aa    C       S       Y
    1   I   0.102   0.369   0.194
    2   L   0.103   0.314   0.194
    3   L   0.104   0.290   0.194
    4   A   0.103   0.322   0.192
    5   M   0.100   0.340   0.188
    6   F   0.104   0.361   0.191
    7   L   0.102   0.374   0.190
    8   V   0.105   0.352   0.193
    9   H   0.101   0.326   0.189
   10   Y   0.102   0.341   0.189
   11   G   0.098   0.391   0.185
   12   H   0.102   0.342   0.189
   13   R   0.099   0.389   0.186
   14   C   0.115   0.282   0.200
   15   L   0.102   0.324   0.187
   16   I   0.101   0.312   0.185
   17   Y   0.133   0.281   0.213
   18   P   0.099   0.215   0.183
   19   F   0.106   0.265   0.188
   20   L   0.102   0.304   0.182
   21   M   0.105   0.330   0.183
   22   R   0.098   0.293   0.177
   23   G   0.105   0.303   0.182
   24   G   0.111   0.289   0.186
   25   K   0.100   0.225   0.176
   26   P   0.104   0.263   0.176
   27   M   0.138   0.336   0.201
   28   P   0.101   0.320   0.170
   29   L   0.104   0.249   0.174
   30   L   0.104   0.193   0.172
   31   A   0.103   0.225   0.169
   32   C   0.115   0.218   0.177
   33   T   0.102   0.180   0.167
   34   M   0.103   0.157   0.166
   35   A   0.105   0.175   0.164
   36   I   0.115   0.140   0.168
   37   M   0.102   0.124   0.154
   38   F   0.100   0.194   0.149
   39   C   0.103   0.204   0.148
   40   T   0.104   0.162   0.149
   41   C   0.101   0.215   0.144
   42   N   0.115   0.192   0.151
   43   G   0.102   0.189   0.138
   44   Y   0.171   0.106   0.177
   45   L   0.102   0.115   0.134
   46   Q   0.103   0.122   0.132
   47   S   0.104   0.123   0.130
   48   R   0.119   0.100   0.137
   49   Y   0.103   0.101   0.126
   50   L   0.102   0.090   0.123
   51   S   0.104   0.096   0.123
   52   H   0.097   0.100   0.118
   53   C   0.102   0.107   0.118
   54   A   0.101   0.103   0.114
   55   V   0.096   0.101   0.110
   56   Y   0.103   0.097   0.110
   57   A   0.099   0.095   0.105
   58   D   0.095   0.094   0.100
   59   D   0.104   0.093   0.104
   60   W   0.096   0.090   0.099
   61   V   0.101   0.094   0.100
   62   T   0.105   0.099   0.101
   63   D   0.104   0.094   0.101
   64   P   0.101   0.098   0.099
   65   R   0.103   0.103   0.100
   66   F   0.104   0.101   0.101
   67   L   0.104   0.106   0.101
   68   I   0.105   0.099   0.101
   69   G   0.103   0.095   0.100
   70   F   0.102   0.097   0.099
# Measure  Position  Value    Cutoff   signal peptide?
  max. C    44       0.171
  max. Y    17       0.213
  max. S    11       0.391
  mean S     1-16    0.339
       D     1-16    0.263   0.500   NO
Name=S5A1_HUMAN_TRANSMEM2	SP='NO' D=0.263 D-cutoff=0.500 Networks=SignalP-TM
