# SignalP-4.1 euk predictions
# Name=SC5A4_HUMAN_TRANSMEM3	Length=70	Networks=SignalP-noTM
# pos  aa    C       S       Y
    1   S   0.102   0.841   0.293
    2   V   0.099   0.859   0.288
    3   M   0.102   0.874   0.292
    4   L   0.103   0.856   0.295
    5   L   0.100   0.870   0.291
    6   I   0.104   0.896   0.296
    7   L   0.106   0.856   0.299
    8   G   0.105   0.847   0.298
    9   W   0.097   0.815   0.288
   10   I   0.106   0.836   0.300
   11   F   0.099   0.779   0.289
   12   V   0.100   0.693   0.290
   13   P   0.095   0.759   0.282
   14   I   0.101   0.735   0.291
   15   Y   0.097   0.780   0.283
   16   I   0.104   0.766   0.293
   17   K   0.141   0.754   0.340
   18   S   0.106   0.722   0.294
   19   G   0.307   0.385   0.500
   20   V   0.275   0.181   0.467
   21   M   0.113   0.185   0.293
   22   T   0.126   0.165   0.304
   23   M   0.328   0.106   0.480
   24   P   0.102   0.108   0.262
   25   E   0.111   0.119   0.265
   26   Y   0.097   0.114   0.241
   27   L   0.100   0.123   0.238
   28   K   0.101   0.130   0.232
   29   K   0.102   0.130   0.225
   30   R   0.106   0.132   0.222
   31   F   0.103   0.141   0.211
   32   G   0.108   0.235   0.208
   33   G   0.104   0.240   0.197
   34   E   0.100   0.257   0.187
   35   R   0.103   0.268   0.184
   36   L   0.106   0.290   0.181
   37   Q   0.098   0.358   0.168
   38   V   0.103   0.285   0.167
   39   Y   0.102   0.395   0.159
   40   L   0.097   0.444   0.150
   41   S   0.102   0.614   0.149
   42   I   0.097   0.615   0.149
   43   L   0.098   0.619   0.156
   44   S   0.102   0.574   0.165
   45   L   0.097   0.627   0.167
   46   F   0.101   0.519   0.177
   47   I   0.100   0.578   0.181
   48   C   0.103   0.582   0.190
   49   V   0.100   0.615   0.193
   50   V   0.098   0.785   0.196
   51   L   0.101   0.656   0.207
   52   L   0.097   0.393   0.208
   53   I   0.126   0.182   0.240
   54   S   0.106   0.200   0.221
   55   A   0.131   0.173   0.245
   56   D   0.190   0.106   0.294
   57   I   0.110   0.106   0.223
   58   F   0.102   0.107   0.212
   59   A   0.103   0.135   0.211
   60   G   0.150   0.106   0.252
   61   A   0.122   0.105   0.225
   62   I   0.150   0.097   0.245
   63   F   0.105   0.096   0.201
   64   I   0.110   0.098   0.200
   65   K   0.100   0.096   0.184
   66   L   0.107   0.101   0.184
   67   A   0.102   0.100   0.173
   68   L   0.105   0.099   0.169
   69   G   0.107   0.100   0.164
   70   L   0.145   0.099   0.183
# Measure  Position  Value    Cutoff   signal peptide?
  max. C    23       0.328
  max. Y    19       0.500
  max. S     6       0.896
  mean S     1-18    0.808
       D     1-18    0.666   0.450   YES
Name=SC5A4_HUMAN_TRANSMEM3	SP='YES' Cleavage site between pos. 18 and 19: IKS-GV D=0.666 D-cutoff=0.450 Networks=SignalP-noTM
