# SignalP-4.1 euk predictions
# Name=SC5A3_HUMAN_TRANSMEM5	Length=70	Networks=SignalP-TM
# pos  aa    C       S       Y
    1   L   0.101   0.498   0.225
    2   Y   0.103   0.467   0.226
    3   V   0.101   0.508   0.224
    4   S   0.103   0.427   0.227
    5   V   0.102   0.299   0.224
    6   I   0.101   0.226   0.220
    7   L   0.102   0.232   0.216
    8   L   0.101   0.338   0.211
    9   I   0.101   0.328   0.207
   10   G   0.102   0.242   0.206
   11   M   0.099   0.342   0.198
   12   T   0.105   0.324   0.201
   13   A   0.103   0.170   0.197
   14   L   0.102   0.108   0.189
   15   L   0.106   0.093   0.185
   16   T   0.108   0.074   0.178
   17   V   0.125   0.059   0.182
   18   T   0.105   0.136   0.157
   19   G   0.128   0.118   0.165
   20   G   0.209   0.071   0.204
   21   L   0.172   0.060   0.180
   22   V   0.107   0.050   0.137
   23   A   0.126   0.049   0.140
   24   V   0.234   0.045   0.178
   25   I   0.101   0.056   0.111
   26   Y   0.106   0.064   0.103
   27   T   0.104   0.057   0.092
   28   D   0.134   0.049   0.100
   29   T   0.103   0.049   0.085
   30   L   0.119   0.047   0.089
   31   Q   0.100   0.058   0.081
   32   A   0.112   0.046   0.085
   33   L   0.146   0.034   0.092
   34   L   0.102   0.042   0.073
   35   M   0.105   0.041   0.073
   36   I   0.103   0.044   0.071
   37   I   0.104   0.058   0.071
   38   G   0.104   0.048   0.072
   39   A   0.105   0.043   0.072
   40   L   0.105   0.039   0.071
   41   T   0.102   0.036   0.069
   42   L   0.102   0.032   0.068
   43   M   0.101   0.044   0.066
   44   I   0.102   0.057   0.067
   45   I   0.102   0.059   0.067
   46   S   0.102   0.065   0.067
   47   I   0.105   0.079   0.069
   48   M   0.104   0.080   0.071
   49   E   0.099   0.108   0.072
   50   I   0.100   0.091   0.075
   51   G   0.105   0.106   0.079
   52   G   0.100   0.114   0.080
   53   F   0.110   0.102   0.087
   54   E   0.103   0.105   0.086
   55   E   0.099   0.105   0.087
   56   V   0.102   0.108   0.091
   57   K   0.100   0.106   0.094
   58   R   0.104   0.104   0.098
   59   R   0.104   0.104   0.100
   60   Y   0.106   0.104   0.102
   61   M   0.103   0.103   0.102
   62   L   0.103   0.101   0.103
   63   A   0.102   0.100   0.103
   64   S   0.098   0.104   0.101
   65   P   0.105   0.101   0.105
   66   D   0.104   0.097   0.104
   67   V   0.103   0.094   0.103
   68   T   0.102   0.095   0.102
   69   S   0.102   0.097   0.102
   70   I   0.101   0.096   0.101
# Measure  Position  Value    Cutoff   signal peptide?
  max. C    24       0.234
  max. Y    20       0.204
  max. S     3       0.508
  mean S     1-19    0.263
       D     1-19    0.228   0.500   NO
Name=SC5A3_HUMAN_TRANSMEM5	SP='NO' D=0.228 D-cutoff=0.500 Networks=SignalP-TM
