# SignalP-4.1 euk predictions
# Name=SCAM4_HUMAN_TRANSMEM4	Length=70	Networks=SignalP-TM
# pos  aa    C       S       Y
    1   V   0.102   0.753   0.277
    2   V   0.102   0.725   0.277
    3   M   0.104   0.683   0.279
    4   L   0.101   0.609   0.275
    5   L   0.102   0.649   0.273
    6   P   0.105   0.629   0.276
    7   A   0.104   0.659   0.274
    8   I   0.099   0.680   0.265
    9   M   0.105   0.581   0.272
   10   F   0.100   0.508   0.263
   11   S   0.102   0.513   0.262
   12   V   0.099   0.576   0.256
   13   S   0.102   0.681   0.257
   14   A   0.105   0.658   0.260
   15   A   0.163   0.373   0.322
   16   M   0.218   0.320   0.364
   17   M   0.105   0.361   0.247
   18   A   0.123   0.338   0.262
   19   I   0.140   0.243   0.274
   20   A   0.106   0.257   0.233
   21   I   0.164   0.158   0.281
   22   M   0.105   0.179   0.216
   23   K   0.111   0.223   0.213
   24   V   0.105   0.237   0.201
   25   H   0.107   0.238   0.197
   26   R   0.103   0.300   0.188
   27   I   0.134   0.168   0.209
   28   Y   0.105   0.186   0.174
   29   R   0.104   0.199   0.163
   30   G   0.111   0.162   0.164
   31   A   0.105   0.136   0.156
   32   G   0.100   0.129   0.147
   33   G   0.118   0.119   0.154
   34   S   0.110   0.112   0.145
   35   F   0.105   0.107   0.138
   36   Q   0.100   0.103   0.134
   37   K   0.102   0.107   0.133
   38   A   0.101   0.115   0.129
   39   Q   0.100   0.105   0.125
   40   T   0.105   0.105   0.124
   41   E   0.108   0.100   0.120
   42   W   0.101   0.094   0.113
   43   N   0.101   0.094   0.110
   44   T   0.100   0.101   0.106
   45   G   0.103   0.097   0.106
   46   T   0.103   0.102   0.105
   47   W   0.102   0.105   0.103
   48   R   0.103   0.105   0.103
   49   N   0.102   0.106   0.102
   50   P   0.101   0.106   0.102
   51   P   0.104   0.110   0.103
   52   S   0.105   0.106   0.104
   53   R   0.101   0.108   0.102
   54   E   0.106   0.110   0.104
   55   A   0.102   0.107   0.103
   56   Q   0.097   0.107   0.100
   57   Y   0.105   0.105   0.105
   58   N   0.101   0.106   0.103
   59   N   0.106   0.103   0.106
   60   F   0.102   0.104   0.104
   61   S   0.105   0.100   0.106
   62   G   0.104   0.101   0.105
   63   N   0.101   0.100   0.103
   64   S   0.104   0.100   0.105
   65   L   0.100   0.103   0.102
   66   P   0.104   0.098   0.104
   67   E   0.101   0.102   0.102
   68   Y   0.104   0.103   0.104
   69   P   0.102   0.103   0.103
   70   T   0.104   0.102   0.103
# Measure  Position  Value    Cutoff   signal peptide?
  max. C    16       0.218
  max. Y    16       0.364
  max. S     1       0.753
  mean S     1-15    0.618
       D     1-15    0.466   0.500   NO
Name=SCAM4_HUMAN_TRANSMEM4	SP='NO' D=0.466 D-cutoff=0.500 Networks=SignalP-TM
