# SignalP-4.1 euk predictions
# Name=SCN4A_HUMAN_TRANSMEM24	Length=70	Networks=SignalP-TM
# pos  aa    C       S       Y
    1   I   0.101   0.446   0.213
    2   C   0.102   0.393   0.213
    3   F   0.102   0.306   0.212
    4   F   0.101   0.200   0.210
    5   C   0.101   0.196   0.205
    6   S   0.101   0.189   0.200
    7   Y   0.100   0.151   0.194
    8   I   0.100   0.161   0.189
    9   I   0.100   0.201   0.184
   10   I   0.099   0.218   0.178
   11   S   0.101   0.210   0.175
   12   F   0.098   0.231   0.168
   13   L   0.099   0.260   0.163
   14   I   0.102   0.247   0.162
   15   V   0.098   0.260   0.154
   16   V   0.102   0.323   0.153
   17   N   0.102   0.378   0.151
   18   M   0.105   0.298   0.155
   19   Y   0.128   0.298   0.174
   20   I   0.107   0.300   0.162
   21   A   0.109   0.241   0.166
   22   I   0.128   0.170   0.182
   23   I   0.103   0.262   0.163
   24   L   0.109   0.213   0.169
   25   E   0.110   0.171   0.170
   26   N   0.116   0.169   0.174
   27   F   0.104   0.159   0.163
   28   N   0.101   0.207   0.159
   29   V   0.104   0.199   0.160
   30   A   0.104   0.185   0.159
   31   T   0.110   0.212   0.160
   32   E   0.107   0.186   0.153
   33   E   0.130   0.135   0.166
   34   S   0.109   0.118   0.148
   35   S   0.104   0.118   0.140
   36   E   0.101   0.113   0.134
   37   P   0.100   0.111   0.132
   38   L   0.104   0.109   0.130
   39   G   0.102   0.115   0.127
   40   E   0.099   0.116   0.123
   41   D   0.103   0.118   0.124
   42   D   0.103   0.121   0.122
   43   F   0.101   0.115   0.119
   44   E   0.101   0.111   0.116
   45   M   0.105   0.117   0.116
   46   F   0.103   0.107   0.112
   47   Y   0.104   0.103   0.110
   48   E   0.101   0.108   0.107
   49   T   0.105   0.103   0.109
   50   W   0.103   0.109   0.107
   51   E   0.103   0.100   0.107
   52   K   0.099   0.102   0.105
   53   F   0.099   0.100   0.105
   54   D   0.102   0.101   0.106
   55   P   0.104   0.099   0.106
   56   D   0.105   0.097   0.106
   57   A   0.107   0.094   0.106
   58   T   0.100   0.094   0.102
   59   Q   0.101   0.095   0.101
   60   F   0.100   0.091   0.100
   61   I   0.103   0.089   0.101
   62   A   0.105   0.091   0.102
   63   Y   0.096   0.096   0.097
   64   S   0.103   0.093   0.100
   65   R   0.101   0.093   0.099
   66   L   0.104   0.096   0.100
   67   S   0.101   0.097   0.098
   68   D   0.099   0.098   0.097
   69   F   0.103   0.096   0.099
   70   V   0.101   0.099   0.098
# Measure  Position  Value    Cutoff   signal peptide?
  max. C    33       0.130
  max. Y    22       0.182
  max. S     1       0.446
  mean S     1-21    0.262
       D     1-21    0.214   0.500   NO
Name=SCN4A_HUMAN_TRANSMEM24	SP='NO' D=0.214 D-cutoff=0.500 Networks=SignalP-TM
