# SignalP-4.1 euk predictions
# Name=SCN7A_HUMAN_TRANSMEM19	Length=70	Networks=SignalP-TM
# pos  aa    C       S       Y
    1   F   0.101   0.725   0.271
    2   N   0.102   0.725   0.272
    3   V   0.102   0.779   0.273
    4   I   0.103   0.807   0.273
    5   V   0.104   0.747   0.276
    6   M   0.101   0.786   0.272
    7   V   0.102   0.749   0.275
    8   L   0.102   0.791   0.275
    9   I   0.102   0.780   0.277
   10   C   0.100   0.825   0.274
   11   F   0.101   0.827   0.277
   12   Q   0.104   0.820   0.282
   13   A   0.101   0.798   0.280
   14   I   0.100   0.664   0.279
   15   A   0.099   0.700   0.276
   16   M   0.142   0.578   0.331
   17   M   0.112   0.439   0.292
   18   I   0.160   0.296   0.343
   19   D   0.109   0.213   0.277
   20   T   0.105   0.188   0.264
   21   D   0.188   0.157   0.342
   22   V   0.104   0.215   0.245
   23   Q   0.111   0.133   0.243
   24   S   0.109   0.126   0.231
   25   L   0.247   0.107   0.329
   26   Q   0.105   0.127   0.202
   27   M   0.103   0.136   0.187
   28   S   0.105   0.119   0.175
   29   I   0.102   0.115   0.160
   30   A   0.104   0.107   0.148
   31   L   0.108   0.108   0.138
   32   Y   0.101   0.118   0.124
   33   W   0.097   0.079   0.117
   34   I   0.102   0.071   0.116
   35   N   0.097   0.078   0.109
   36   S   0.098   0.070   0.107
   37   I   0.100   0.059   0.103
   38   F   0.102   0.040   0.102
   39   V   0.102   0.037   0.098
   40   M   0.104   0.026   0.097
   41   L   0.100   0.036   0.091
   42   Y   0.102   0.027   0.088
   43   T   0.103   0.027   0.085
   44   M   0.110   0.028   0.083
   45   E   0.102   0.025   0.076
   46   C   0.102   0.028   0.073
   47   I   0.105   0.022   0.069
   48   L   0.100   0.023   0.064
   49   K   0.104   0.014   0.062
   50   L   0.102   0.017   0.058
   51   I   0.103   0.024   0.055
   52   A   0.104   0.026   0.053
   53   F   0.113   0.031   0.054
   54   R   0.102   0.041   0.051
   55   C   0.104   0.043   0.052
   56   F   0.102   0.047   0.052
   57   Y   0.099   0.052   0.053
   58   F   0.097   0.042   0.054
   59   T   0.101   0.051   0.056
   60   I   0.101   0.074   0.058
   61   A   0.102   0.061   0.061
   62   W   0.102   0.045   0.063
   63   N   0.099   0.074   0.063
   64   I   0.098   0.091   0.066
   65   F   0.098   0.085   0.070
   66   D   0.101   0.103   0.074
   67   F   0.101   0.138   0.078
   68   M   0.101   0.131   0.083
   69   V   0.104   0.140   0.088
   70   V   0.103   0.120   0.091
# Measure  Position  Value    Cutoff   signal peptide?
  max. C    25       0.247
  max. Y    18       0.343
  max. S    11       0.827
  mean S     1-17    0.738
       D     1-17    0.501   0.500   YES
Name=SCN7A_HUMAN_TRANSMEM19	SP='YES' Cleavage site between pos. 17 and 18: AMM-ID D=0.501 D-cutoff=0.500 Networks=SignalP-TM
