# SignalP-4.1 euk predictions
# Name=SERC1_HUMAN_TRANSMEM9	Length=70	Networks=SignalP-noTM
# pos  aa    C       S       Y
    1   Y   0.100   0.871   0.295
    2   S   0.100   0.886   0.296
    3   Y   0.099   0.891   0.294
    4   S   0.102   0.932   0.298
    5   F   0.100   0.949   0.295
    6   F   0.099   0.927   0.296
    7   H   0.101   0.909   0.299
    8   F   0.100   0.887   0.298
    9   M   0.101   0.884   0.300
   10   L   0.102   0.901   0.301
   11   F   0.103   0.911   0.302
   12   L   0.103   0.950   0.302
   13   A   0.105   0.954   0.305
   14   S   0.096   0.935   0.293
   15   L   0.102   0.904   0.303
   16   Y   0.107   0.895   0.311
   17   I   0.099   0.896   0.299
   18   M   0.104   0.889   0.306
   19   M   0.101   0.897   0.302
   20   T   0.106   0.884   0.310
   21   L   0.158   0.853   0.378
   22   T   0.133   0.746   0.347
   23   N   0.285   0.588   0.506
   24   W   0.107   0.667   0.307
   25   Y   0.331   0.337   0.538
   26   R   0.113   0.241   0.309
   27   Y   0.125   0.244   0.320
   28   E   0.110   0.207   0.295
   29   P   0.101   0.202   0.276
   30   S   0.120   0.179   0.295
   31   R   0.108   0.159   0.273
   32   E   0.098   0.138   0.253
   33   M   0.099   0.143   0.248
   34   K   0.099   0.142   0.242
   35   S   0.103   0.138   0.239
   36   Q   0.099   0.154   0.226
   37   W   0.104   0.183   0.222
   38   T   0.101   0.304   0.212
   39   A   0.102   0.323   0.206
   40   V   0.099   0.244   0.197
   41   W   0.099   0.221   0.189
   42   V   0.099   0.340   0.182
   43   K   0.096   0.424   0.172
   44   I   0.105   0.457   0.174
   45   S   0.099   0.459   0.165
   46   S   0.102   0.369   0.165
   47   S   0.102   0.311   0.162
   48   W   0.105   0.393   0.163
   49   I   0.102   0.406   0.163
   50   G   0.099   0.450   0.163
   51   I   0.101   0.401   0.168
   52   V   0.098   0.342   0.168
   53   L   0.102   0.317   0.173
   54   Y   0.102   0.222   0.176
   55   V   0.114   0.211   0.187
   56   W   0.105   0.169   0.180
   57   T   0.106   0.176   0.182
   58   L   0.110   0.128   0.186
   59   V   0.108   0.159   0.183
   60   A   0.103   0.128   0.178
   61   P   0.102   0.110   0.176
   62   L   0.119   0.103   0.187
   63   V   0.104   0.103   0.173
   64   L   0.105   0.109   0.172
   65   T   0.105   0.107   0.168
   66   N   0.138   0.101   0.188
   67   R   0.107   0.100   0.160
   68   D   0.112   0.100   0.158
   69   F   0.098   0.103   0.144
   70   D   0.103   0.101   0.144
# Measure  Position  Value    Cutoff   signal peptide?
  max. C    25       0.331
  max. Y    25       0.538
  max. S    13       0.954
  mean S     1-24    0.875
       D     1-24    0.720   0.450   YES
Name=SERC1_HUMAN_TRANSMEM9	SP='YES' Cleavage site between pos. 24 and 25: TNW-YR D=0.720 D-cutoff=0.450 Networks=SignalP-noTM
