# SignalP-4.1 euk predictions
# Name=SL9A1_HUMAN_TRANSMEM7	Length=70	Networks=SignalP-noTM
# pos  aa    C       S       Y
    1   I   0.102   0.238   0.156
    2   L   0.101   0.195   0.155
    3   V   0.103   0.183   0.156
    4   F   0.101   0.153   0.153
    5   G   0.107   0.165   0.157
    6   E   0.099   0.178   0.150
    7   S   0.107   0.193   0.155
    8   L   0.101   0.233   0.150
    9   L   0.099   0.270   0.148
   10   N   0.097   0.231   0.147
   11   D   0.103   0.212   0.151
   12   A   0.100   0.180   0.149
   13   V   0.097   0.166   0.146
   14   T   0.102   0.195   0.148
   15   V   0.104   0.182   0.149
   16   V   0.097   0.149   0.143
   17   L   0.098   0.125   0.143
   18   Y   0.099   0.127   0.141
   19   H   0.111   0.105   0.148
   20   L   0.109   0.105   0.144
   21   F   0.104   0.104   0.139
   22   E   0.104   0.115   0.136
   23   E   0.105   0.156   0.135
   24   F   0.102   0.129   0.132
   25   A   0.101   0.143   0.129
   26   N   0.101   0.127   0.129
   27   Y   0.104   0.129   0.130
   28   E   0.133   0.113   0.147
   29   H   0.104   0.122   0.128
   30   V   0.099   0.118   0.124
   31   G   0.101   0.117   0.123
   32   I   0.099   0.129   0.119
   33   V   0.104   0.137   0.120
   34   D   0.107   0.157   0.120
   35   I   0.103   0.185   0.117
   36   F   0.097   0.240   0.114
   37   L   0.106   0.306   0.121
   38   G   0.106   0.374   0.123
   39   F   0.098   0.490   0.122
   40   L   0.106   0.525   0.134
   41   S   0.104   0.545   0.140
   42   F   0.099   0.456   0.143
   43   F   0.098   0.576   0.148
   44   V   0.102   0.664   0.158
   45   V   0.105   0.820   0.169
   46   A   0.103   0.778   0.176
   47   L   0.134   0.615   0.210
   48   G   0.104   0.697   0.191
   49   G   0.252   0.526   0.308
   50   V   0.107   0.377   0.205
   51   L   0.101   0.314   0.203
   52   V   0.103   0.208   0.206
   53   G   0.118   0.154   0.223
   54   V   0.105   0.132   0.211
   55   V   0.105   0.139   0.210
   56   Y   0.105   0.122   0.211
   57   G   0.106   0.108   0.211
   58   V   0.183   0.096   0.276
   59   I   0.109   0.098   0.211
   60   A   0.106   0.107   0.206
   61   A   0.147   0.098   0.239
   62   F   0.128   0.095   0.218
   63   T   0.107   0.097   0.194
   64   S   0.104   0.099   0.186
   65   R   0.105   0.097   0.182
   66   F   0.106   0.095   0.176
   67   T   0.103   0.099   0.166
   68   S   0.105   0.100   0.157
   69   H   0.106   0.101   0.147
   70   I   0.106   0.098   0.138
# Measure  Position  Value    Cutoff   signal peptide?
  max. C    49       0.252
  max. Y    49       0.308
  max. S    45       0.820
  mean S     1-48    0.264
       D     1-48    0.284   0.450   NO
Name=SL9A1_HUMAN_TRANSMEM7	SP='NO' D=0.284 D-cutoff=0.450 Networks=SignalP-noTM
