# SignalP-4.1 euk predictions
# Name=SL9A7_HUMAN_TRANSMEM7	Length=70	Networks=SignalP-noTM
# pos  aa    C       S       Y
    1   V   0.100   0.225   0.150
    2   D   0.101   0.202   0.151
    3   L   0.103   0.182   0.152
    4   Y   0.103   0.205   0.151
    5   A   0.105   0.193   0.152
    6   L   0.099   0.217   0.148
    7   L   0.103   0.242   0.151
    8   F   0.102   0.247   0.150
    9   G   0.105   0.194   0.152
   10   E   0.099   0.209   0.148
   11   S   0.105   0.194   0.152
   12   V   0.099   0.213   0.147
   13   L   0.097   0.233   0.145
   14   N   0.096   0.205   0.145
   15   D   0.100   0.182   0.147
   16   A   0.102   0.195   0.148
   17   V   0.111   0.174   0.154
   18   A   0.100   0.180   0.145
   19   I   0.208   0.131   0.209
   20   V   0.098   0.138   0.142
   21   L   0.101   0.131   0.142
   22   S   0.101   0.138   0.141
   23   S   0.172   0.143   0.182
   24   S   0.108   0.142   0.143
   25   I   0.112   0.133   0.144
   26   V   0.099   0.167   0.135
   27   A   0.106   0.320   0.139
   28   Y   0.134   0.223   0.159
   29   Q   0.106   0.146   0.141
   30   P   0.101   0.152   0.136
   31   A   0.115   0.181   0.144
   32   G   0.097   0.162   0.131
   33   L   0.106   0.141   0.137
   34   N   0.108   0.128   0.137
   35   T   0.108   0.112   0.136
   36   H   0.113   0.125   0.136
   37   A   0.102   0.149   0.128
   38   F   0.103   0.131   0.128
   39   D   0.111   0.125   0.132
   40   A   0.103   0.126   0.126
   41   A   0.104   0.112   0.126
   42   A   0.101   0.119   0.124
   43   F   0.099   0.115   0.122
   44   F   0.101   0.140   0.123
   45   K   0.102   0.175   0.123
   46   S   0.105   0.152   0.126
   47   V   0.100   0.195   0.123
   48   G   0.104   0.209   0.127
   49   I   0.102   0.259   0.126
   50   F   0.101   0.230   0.124
   51   L   0.109   0.152   0.129
   52   G   0.103   0.145   0.126
   53   I   0.098   0.136   0.123
   54   F   0.103   0.143   0.125
   55   S   0.103   0.131   0.125
   56   G   0.103   0.113   0.125
   57   S   0.101   0.105   0.123
   58   F   0.100   0.097   0.122
   59   T   0.099   0.099   0.121
   60   M   0.109   0.103   0.126
   61   G   0.102   0.101   0.121
   62   A   0.107   0.102   0.124
   63   V   0.098   0.097   0.118
   64   T   0.101   0.102   0.120
   65   G   0.105   0.098   0.122
   66   V   0.113   0.099   0.126
   67   N   0.106   0.099   0.121
   68   A   0.102   0.102   0.117
   69   N   0.121   0.102   0.127
   70   V   0.105   0.100   0.116
# Measure  Position  Value    Cutoff   signal peptide?
  max. C    19       0.208
  max. Y    19       0.209
  max. S    27       0.320
  mean S     1-18    0.205
       D     1-18    0.207   0.450   NO
Name=SL9A7_HUMAN_TRANSMEM7	SP='NO' D=0.207 D-cutoff=0.450 Networks=SignalP-noTM
