# SignalP-4.1 euk predictions
# Name=SL9A2_HUMAN_TRANSMEM9	Length=70	Networks=SignalP-noTM
# pos  aa    C       S       Y
    1   A   0.103   0.959   0.314
    2   F   0.099   0.973   0.308
    3   V   0.102   0.977   0.313
    4   C   0.100   0.983   0.310
    5   F   0.104   0.987   0.316
    6   T   0.100   0.983   0.310
    7   L   0.103   0.972   0.316
    8   A   0.106   0.961   0.320
    9   F   0.105   0.922   0.318
   10   C   0.105   0.944   0.318
   11   L   0.100   0.947   0.310
   12   M   0.105   0.961   0.318
   13   W   0.100   0.963   0.310
   14   R   0.100   0.975   0.310
   15   A   0.101   0.965   0.311
   16   L   0.125   0.921   0.348
   17   G   0.099   0.926   0.309
   18   V   0.571   0.830   0.740
   19   F   0.124   0.752   0.343
   20   V   0.126   0.615   0.345
   21   L   0.122   0.351   0.337
   22   T   0.108   0.442   0.311
   23   Q   0.250   0.207   0.468
   24   V   0.105   0.272   0.298
   25   I   0.121   0.217   0.314
   26   N   0.097   0.273   0.275
   27   R   0.112   0.184   0.289
   28   F   0.157   0.146   0.333
   29   R   0.108   0.139   0.269
   30   T   0.102   0.116   0.254
   31   I   0.147   0.098   0.296
   32   P   0.096   0.116   0.231
   33   L   0.106   0.109   0.234
   34   T   0.100   0.107   0.220
   35   F   0.104   0.106   0.215
   36   K   0.102   0.111   0.203
   37   D   0.110   0.101   0.200
   38   Q   0.098   0.109   0.179
   39   F   0.105   0.108   0.174
   40   I   0.105   0.127   0.162
   41   I   0.104   0.148   0.151
   42   A   0.097   0.182   0.136
   43   Y   0.098   0.206   0.130
   44   G   0.101   0.216   0.129
   45   G   0.100   0.149   0.124
   46   L   0.097   0.142   0.122
   47   R   0.101   0.218   0.122
   48   G   0.099   0.228   0.120
   49   A   0.109   0.164   0.125
   50   I   0.096   0.173   0.117
   51   C   0.108   0.142   0.125
   52   F   0.109   0.124   0.126
   53   A   0.100   0.141   0.120
   54   L   0.102   0.162   0.122
   55   V   0.103   0.138   0.124
   56   F   0.098   0.110   0.121
   57   L   0.105   0.107   0.125
   58   L   0.102   0.105   0.124
   59   P   0.107   0.107   0.126
   60   A   0.111   0.122   0.129
   61   A   0.105   0.102   0.126
   62   V   0.100   0.100   0.123
   63   F   0.106   0.095   0.126
   64   P   0.102   0.097   0.123
   65   R   0.128   0.094   0.136
   66   K   0.103   0.096   0.119
   67   K   0.096   0.099   0.113
   68   L   0.098   0.100   0.113
   69   F   0.104   0.104   0.116
   70   I   0.106   0.101   0.114
# Measure  Position  Value    Cutoff   signal peptide?
  max. C    18       0.571
  max. Y    18       0.740
  max. S     5       0.987
  mean S     1-17    0.960
       D     1-17    0.859   0.450   YES
Name=SL9A2_HUMAN_TRANSMEM9	SP='YES' Cleavage site between pos. 17 and 18: ALG-VF D=0.859 D-cutoff=0.450 Networks=SignalP-noTM
