# SignalP-4.1 euk predictions
# Name=SL9B1_HUMAN_TRANSMEM10	Length=70	Networks=SignalP-TM
# pos  aa    C       S       Y
    1   I   0.102   0.470   0.219
    2   I   0.102   0.492   0.218
    3   T   0.102   0.418   0.219
    4   T   0.103   0.401   0.219
    5   V   0.102   0.394   0.218
    6   W   0.099   0.329   0.213
    7   D   0.101   0.404   0.212
    8   I   0.098   0.440   0.208
    9   F   0.102   0.486   0.211
   10   Q   0.102   0.443   0.213
   11   P   0.102   0.507   0.212
   12   L   0.102   0.474   0.213
   13   L   0.103   0.504   0.213
   14   F   0.100   0.419   0.211
   15   G   0.101   0.379   0.211
   16   L   0.107   0.336   0.216
   17   V   0.103   0.378   0.209
   18   G   0.105   0.458   0.210
   19   A   0.117   0.371   0.223
   20   E   0.296   0.225   0.354
   21   V   0.103   0.236   0.207
   22   S   0.109   0.195   0.210
   23   V   0.101   0.217   0.197
   24   S   0.107   0.213   0.198
   25   S   0.115   0.194   0.201
   26   L   0.131   0.166   0.208
   27   E   0.110   0.147   0.184
   28   S   0.109   0.147   0.175
   29   N   0.113   0.167   0.172
   30   I   0.104   0.122   0.160
   31   V   0.102   0.063   0.153
   32   G   0.103   0.063   0.147
   33   I   0.102   0.057   0.135
   34   S   0.104   0.040   0.128
   35   V   0.102   0.038   0.122
   36   A   0.103   0.037   0.116
   37   T   0.101   0.040   0.110
   38   L   0.103   0.031   0.105
   39   S   0.105   0.041   0.099
   40   L   0.105   0.031   0.093
   41   A   0.103   0.032   0.087
   42   L   0.115   0.036   0.086
   43   C   0.106   0.038   0.078
   44   V   0.110   0.044   0.072
   45   R   0.105   0.035   0.066
   46   I   0.106   0.027   0.065
   47   L   0.100   0.033   0.061
   48   T   0.103   0.024   0.061
   49   T   0.106   0.034   0.061
   50   Y   0.105   0.025   0.060
   51   L   0.100   0.032   0.058
   52   L   0.103   0.049   0.058
   53   M   0.101   0.065   0.059
   54   C   0.102   0.091   0.061
   55   F   0.103   0.076   0.065
   56   A   0.105   0.109   0.068
   57   G   0.105   0.102   0.072
   58   F   0.100   0.110   0.073
   59   S   0.101   0.135   0.076
   60   F   0.102   0.124   0.081
   61   K   0.100   0.129   0.085
   62   E   0.098   0.134   0.088
   63   K   0.101   0.143   0.094
   64   I   0.100   0.133   0.097
   65   F   0.102   0.138   0.102
   66   I   0.105   0.144   0.108
   67   A   0.101   0.130   0.108
   68   L   0.099   0.126   0.110
   69   A   0.104   0.112   0.113
   70   W   0.099   0.093   0.112
# Measure  Position  Value    Cutoff   signal peptide?
  max. C    20       0.296
  max. Y    20       0.354
  max. S    11       0.507
  mean S     1-19    0.426
       D     1-19    0.383   0.500   NO
Name=SL9B1_HUMAN_TRANSMEM10	SP='NO' D=0.383 D-cutoff=0.500 Networks=SignalP-TM
