# SignalP-4.1 euk predictions
# Name=SL9C2_HUMAN_TRANSMEM10	Length=70	Networks=SignalP-TM
# pos  aa    C       S       Y
    1   G   0.102   0.319   0.181
    2   V   0.100   0.253   0.179
    3   V   0.104   0.257   0.180
    4   I   0.104   0.300   0.179
    5   T   0.101   0.294   0.177
    6   W   0.099   0.271   0.174
    7   S   0.104   0.248   0.177
    8   G   0.102   0.247   0.174
    9   I   0.097   0.259   0.169
   10   K   0.100   0.280   0.170
   11   G   0.102   0.297   0.171
   12   V   0.101   0.241   0.170
   13   F   0.103   0.206   0.169
   14   N   0.105   0.210   0.168
   15   L   0.102   0.181   0.164
   16   L   0.100   0.178   0.159
   17   W   0.104   0.215   0.160
   18   A   0.103   0.240   0.159
   19   P   0.113   0.159   0.165
   20   D   0.105   0.164   0.156
   21   V   0.101   0.195   0.150
   22   Y   0.101   0.139   0.149
   23   N   0.099   0.179   0.145
   24   L   0.120   0.163   0.157
   25   A   0.106   0.153   0.145
   26   E   0.107   0.148   0.141
   27   R   0.101   0.144   0.135
   28   K   0.113   0.138   0.141
   29   V   0.105   0.130   0.134
   30   E   0.103   0.128   0.132
   31   V   0.102   0.128   0.129
   32   P   0.100   0.129   0.125
   33   Q   0.106   0.127   0.126
   34   M   0.101   0.135   0.122
   35   F   0.102   0.092   0.122
   36   I   0.105   0.073   0.120
   37   L   0.100   0.060   0.115
   38   Y   0.103   0.065   0.114
   39   V   0.102   0.057   0.110
   40   Q   0.105   0.050   0.108
   41   V   0.103   0.056   0.104
   42   I   0.101   0.051   0.099
   43   S   0.104   0.058   0.097
   44   L   0.100   0.081   0.093
   45   L   0.102   0.085   0.092
   46   T   0.101   0.072   0.090
   47   M   0.102   0.076   0.088
   48   G   0.104   0.070   0.086
   49   I   0.107   0.085   0.085
   50   N   0.102   0.124   0.083
   51   S   0.101   0.180   0.084
   52   Y   0.131   0.142   0.102
   53   V   0.097   0.116   0.091
   54   M   0.098   0.156   0.093
   55   T   0.101   0.162   0.099
   56   Q   0.114   0.139   0.109
   57   S   0.106   0.150   0.108
   58   A   0.107   0.125   0.112
   59   R   0.097   0.106   0.108
   60   K   0.101   0.104   0.111
   61   L   0.100   0.098   0.111
   62   D   0.105   0.095   0.115
   63   L   0.105   0.096   0.116
   64   C   0.105   0.094   0.116
   65   V   0.103   0.097   0.114
   66   L   0.103   0.099   0.111
   67   S   0.104   0.098   0.110
   68   L   0.098   0.099   0.107
   69   P   0.104   0.097   0.108
   70   R   0.101   0.092   0.104
# Measure  Position  Value    Cutoff   signal peptide?
  max. C    52       0.131
  max. Y    11       0.171
  max. S     1       0.319
  mean S     1-10    0.273
       D     1-10    0.212   0.500   NO
Name=SL9C2_HUMAN_TRANSMEM10	SP='NO' D=0.212 D-cutoff=0.500 Networks=SignalP-TM
