# SignalP-4.1 euk predictions
# Name=SL9C1_HUMAN_TRANSMEM16	Length=70	Networks=SignalP-noTM
# pos  aa    C       S       Y
    1   V   0.101   0.499   0.224
    2   I   0.103   0.439   0.227
    3   V   0.101   0.326   0.225
    4   F   0.100   0.367   0.221
    5   I   0.104   0.427   0.224
    6   K   0.099   0.370   0.218
    7   V   0.103   0.358   0.221
    8   V   0.102   0.333   0.219
    9   Q   0.102   0.342   0.217
   10   F   0.102   0.282   0.214
   11   F   0.107   0.274   0.218
   12   R   0.103   0.269   0.211
   13   I   0.100   0.263   0.206
   14   L   0.098   0.261   0.201
   15   R   0.102   0.405   0.202
   16   I   0.105   0.406   0.204
   17   F   0.106   0.276   0.203
   18   K   0.098   0.353   0.194
   19   L   0.103   0.249   0.197
   20   I   0.105   0.209   0.195
   21   A   0.102   0.208   0.189
   22   P   0.099   0.215   0.182
   23   K   0.112   0.174   0.191
   24   L   0.098   0.213   0.174
   25   L   0.102   0.241   0.175
   26   Q   0.121   0.149   0.189
   27   I   0.111   0.113   0.178
   28   I   0.103   0.119   0.167
   29   D   0.100   0.128   0.161
   30   K   0.099   0.146   0.157
   31   R   0.097   0.112   0.153
   32   M   0.099   0.114   0.151
   33   S   0.104   0.126   0.152
   34   H   0.103   0.092   0.149
   35   Q   0.092   0.100   0.139
   36   K   0.103   0.103   0.144
   37   T   0.098   0.095   0.137
   38   F   0.101   0.088   0.135
   39   W   0.098   0.093   0.127
   40   Y   0.101   0.099   0.126
   41   G   0.097   0.094   0.118
   42   I   0.099   0.094   0.117
   43   L   0.108   0.100   0.119
   44   K   0.105   0.101   0.115
   45   G   0.099   0.092   0.110
   46   Y   0.100   0.100   0.109
   47   V   0.104   0.103   0.109
   48   Q   0.103   0.091   0.105
   49   G   0.107   0.101   0.106
   50   E   0.124   0.096   0.114
   51   A   0.103   0.102   0.103
   52   D   0.108   0.093   0.105
   53   I   0.097   0.092   0.098
   54   M   0.096   0.104   0.097
   55   T   0.106   0.094   0.102
   56   I   0.102   0.106   0.100
   57   I   0.102   0.104   0.100
   58   D   0.101   0.105   0.099
   59   Q   0.098   0.099   0.098
   60   I   0.103   0.100   0.100
   61   T   0.103   0.101   0.100
   62   S   0.103   0.099   0.101
   63   S   0.100   0.101   0.100
   64   K   0.104   0.103   0.101
   65   Q   0.098   0.103   0.099
   66   I   0.101   0.102   0.100
   67   K   0.100   0.098   0.100
   68   Q   0.101   0.101   0.100
   69   M   0.097   0.099   0.099
   70   L   0.101   0.102   0.101
# Measure  Position  Value    Cutoff   signal peptide?
  max. C    50       0.124
  max. Y    11       0.218
  max. S     1       0.499
  mean S     1-10    0.374
       D     1-10    0.302   0.450   NO
Name=SL9C1_HUMAN_TRANSMEM16	SP='NO' D=0.302 D-cutoff=0.450 Networks=SignalP-noTM
