# SignalP-4.1 euk predictions
# Name=SO1B3_HUMAN_TRANSMEM11	Length=70	Networks=SignalP-TM
# pos  aa    C       S       Y
    1   L   0.103   0.289   0.172
    2   A   0.103   0.266   0.172
    3   M   0.099   0.290   0.168
    4   G   0.105   0.288   0.174
    5   F   0.102   0.332   0.171
    6   Q   0.104   0.232   0.174
    7   S   0.103   0.280   0.171
    8   M   0.099   0.291   0.168
    9   V   0.100   0.295   0.169
   10   I   0.101   0.356   0.170
   11   R   0.100   0.366   0.170
   12   T   0.102   0.330   0.174
   13   L   0.103   0.260   0.175
   14   G   0.103   0.297   0.175
   15   G   0.107   0.277   0.178
   16   I   0.109   0.245   0.180
   17   L   0.102   0.269   0.174
   18   A   0.105   0.314   0.176
   19   P   0.109   0.312   0.180
   20   I   0.106   0.287   0.176
   21   Y   0.102   0.278   0.175
   22   F   0.103   0.414   0.175
   23   G   0.104   0.394   0.179
   24   A   0.113   0.208   0.189
   25   L   0.102   0.147   0.176
   26   I   0.105   0.142   0.174
   27   D   0.104   0.099   0.169
   28   K   0.101   0.113   0.163
   29   T   0.102   0.110   0.159
   30   C   0.104   0.120   0.157
   31   M   0.104   0.128   0.154
   32   K   0.114   0.100   0.158
   33   W   0.101   0.116   0.143
   34   S   0.100   0.109   0.138
   35   T   0.103   0.100   0.135
   36   N   0.105   0.097   0.131
   37   S   0.097   0.101   0.117
   38   C   0.100   0.099   0.110
   39   G   0.104   0.116   0.108
   40   A   0.103   0.096   0.107
   41   Q   0.102   0.088   0.105
   42   G   0.105   0.081   0.106
   43   A   0.102   0.074   0.103
   44   C   0.100   0.082   0.101
   45   R   0.103   0.085   0.101
   46   I   0.105   0.063   0.100
   47   Y   0.101   0.057   0.097
   48   N   0.103   0.053   0.096
   49   S   0.101   0.068   0.093
   50   V   0.100   0.062   0.091
   51   F   0.102   0.096   0.090
   52   F   0.102   0.090   0.091
   53   G   0.103   0.103   0.090
   54   R   0.103   0.139   0.090
   55   V   0.106   0.129   0.093
   56   Y   0.103   0.126   0.093
   57   L   0.104   0.104   0.095
   58   G   0.101   0.102   0.095
   59   L   0.101   0.132   0.096
   60   S   0.107   0.129   0.101
   61   I   0.102   0.092   0.100
   62   A   0.105   0.105   0.104
   63   L   0.098   0.146   0.101
   64   R   0.102   0.130   0.107
   65   F   0.103   0.151   0.109
   66   P   0.105   0.154   0.112
   67   A   0.103   0.148   0.113
   68   L   0.098   0.162   0.112
   69   V   0.103   0.176   0.115
   70   L   0.100   0.164   0.115
# Measure  Position  Value    Cutoff   signal peptide?
  max. C    32       0.114
  max. Y    24       0.189
  max. S    22       0.414
  mean S     1-23    0.303
       D     1-23    0.234   0.500   NO
Name=SO1B3_HUMAN_TRANSMEM11	SP='NO' D=0.234 D-cutoff=0.500 Networks=SignalP-TM
