# SignalP-4.1 euk predictions
# Name=SSR5_HUMAN_TRANSMEM1	Length=70	Networks=SignalP-noTM
# pos  aa    C       S       Y
    1   R   0.103   0.897   0.304
    2   A   0.106   0.895   0.309
    3   V   0.098   0.920   0.296
    4   L   0.103   0.917   0.305
    5   V   0.102   0.909   0.302
    6   P   0.099   0.916   0.299
    7   V   0.107   0.919   0.311
    8   L   0.101   0.906   0.301
    9   Y   0.107   0.896   0.311
   10   L   0.100   0.881   0.300
   11   L   0.102   0.851   0.303
   12   V   0.104   0.897   0.305
   13   C   0.106   0.896   0.308
   14   A   0.107   0.903   0.310
   15   A   0.120   0.841   0.328
   16   G   0.128   0.681   0.339
   17   L   0.125   0.639   0.333
   18   G   0.102   0.691   0.298
   19   G   0.275   0.425   0.488
   20   N   0.236   0.247   0.446
   21   T   0.119   0.186   0.311
   22   L   0.149   0.159   0.342
   23   V   0.116   0.166   0.295
   24   I   0.118   0.115   0.290
   25   Y   0.103   0.178   0.264
   26   V   0.107   0.136   0.263
   27   V   0.104   0.136   0.252
   28   L   0.105   0.203   0.246
   29   R   0.106   0.143   0.240
   30   F   0.109   0.117   0.235
   31   A   0.108   0.139   0.226
   32   K   0.097   0.109   0.206
   33   M   0.099   0.158   0.200
   34   K   0.116   0.142   0.208
   35   T   0.106   0.199   0.189
   36   V   0.108   0.167   0.181
   37   T   0.103   0.125   0.168
   38   N   0.117   0.133   0.167
   39   I   0.119   0.114   0.159
   40   Y   0.112   0.116   0.146
   41   I   0.102   0.129   0.129
   42   L   0.101   0.125   0.124
   43   N   0.105   0.181   0.123
   44   L   0.103   0.226   0.122
   45   A   0.107   0.270   0.126
   46   V   0.101   0.210   0.124
   47   A   0.106   0.223   0.129
   48   D   0.121   0.201   0.139
   49   V   0.097   0.225   0.126
   50   L   0.101   0.166   0.129
   51   Y   0.102   0.148   0.129
   52   M   0.096   0.151   0.126
   53   L   0.104   0.152   0.132
   54   G   0.104   0.136   0.131
   55   L   0.120   0.124   0.142
   56   P   0.104   0.110   0.132
   57   F   0.103   0.101   0.131
   58   L   0.105   0.112   0.130
   59   A   0.100   0.121   0.126
   60   T   0.106   0.112   0.130
   61   Q   0.109   0.110   0.131
   62   N   0.106   0.106   0.129
   63   A   0.104   0.099   0.128
   64   A   0.104   0.097   0.127
   65   S   0.114   0.098   0.132
   66   F   0.107   0.095   0.126
   67   W   0.102   0.097   0.121
   68   P   0.101   0.098   0.117
   69   F   0.099   0.098   0.114
   70   G   0.103   0.098   0.114
# Measure  Position  Value    Cutoff   signal peptide?
  max. C    19       0.275
  max. Y    19       0.488
  max. S     3       0.920
  mean S     1-18    0.858
       D     1-18    0.688   0.450   YES
Name=SSR5_HUMAN_TRANSMEM1	SP='YES' Cleavage site between pos. 18 and 19: GLG-GN D=0.688 D-cutoff=0.450 Networks=SignalP-noTM
