# SignalP-4.1 euk predictions
# Name=STRA6_HUMAN_TRANSMEM6	Length=70	Networks=SignalP-noTM
# pos  aa    C       S       Y
    1   L   0.102   0.822   0.289
    2   V   0.101   0.795   0.288
    3   L   0.101   0.796   0.288
    4   S   0.108   0.882   0.298
    5   A   0.103   0.861   0.291
    6   T   0.100   0.872   0.287
    7   L   0.105   0.881   0.294
    8   T   0.098   0.899   0.285
    9   G   0.104   0.861   0.294
   10   T   0.099   0.848   0.288
   11   A   0.102   0.802   0.292
   12   I   0.098   0.761   0.285
   13   Y   0.103   0.763   0.292
   14   Q   0.097   0.816   0.284
   15   V   0.103   0.810   0.292
   16   A   0.102   0.807   0.290
   17   L   0.098   0.859   0.285
   18   L   0.109   0.816   0.300
   19   L   0.121   0.702   0.316
   20   L   0.106   0.702   0.296
   21   V   0.106   0.632   0.294
   22   G   0.104   0.713   0.290
   23   V   0.104   0.786   0.290
   24   V   0.108   0.681   0.295
   25   P   0.104   0.733   0.289
   26   T   0.122   0.667   0.312
   27   I   0.162   0.362   0.357
   28   Q   0.104   0.448   0.281
   29   K   0.123   0.452   0.302
   30   V   0.117   0.315   0.291
   31   R   0.104   0.319   0.270
   32   A   0.112   0.309   0.274
   33   G   0.638   0.106   0.643
   34   V   0.114   0.104   0.266
   35   T   0.100   0.122   0.243
   36   T   0.112   0.105   0.250
   37   D   0.107   0.099   0.237
   38   V   0.097   0.108   0.219
   39   S   0.108   0.104   0.223
   40   Y   0.101   0.100   0.207
   41   L   0.103   0.125   0.201
   42   L   0.108   0.112   0.199
   43   A   0.105   0.106   0.189
   44   G   0.097   0.102   0.175
   45   F   0.101   0.109   0.171
   46   G   0.104   0.112   0.164
   47   I   0.105   0.115   0.157
   48   V   0.102   0.122   0.144
   49   L   0.101   0.140   0.135
   50   S   0.101   0.190   0.131
   51   E   0.165   0.102   0.161
   52   D   0.105   0.110   0.122
   53   K   0.103   0.098   0.117
   54   Q   0.098   0.101   0.109
   55   E   0.104   0.105   0.108
   56   V   0.098   0.099   0.106
   57   V   0.098   0.108   0.105
   58   E   0.098   0.105   0.105
   59   L   0.100   0.103   0.106
   60   V   0.100   0.104   0.106
   61   K   0.107   0.103   0.110
   62   H   0.106   0.100   0.109
   63   H   0.100   0.098   0.106
   64   L   0.105   0.095   0.108
   65   W   0.108   0.096   0.109
   66   A   0.101   0.095   0.106
   67   L   0.100   0.098   0.105
   68   E   0.104   0.097   0.107
   69   V   0.096   0.096   0.102
   70   C   0.101   0.098   0.104
# Measure  Position  Value    Cutoff   signal peptide?
  max. C    33       0.638
  max. Y    33       0.643
  max. S     8       0.899
  mean S     1-32    0.712
       D     1-32    0.680   0.450   YES
Name=STRA6_HUMAN_TRANSMEM6	SP='YES' Cleavage site between pos. 32 and 33: VRA-GV D=0.680 D-cutoff=0.450 Networks=SignalP-noTM
