# SignalP-4.1 euk predictions
# Name=SUSD4_HUMAN_TRANSMEM1	Length=70	Networks=SignalP-noTM
# pos  aa    C       S       Y
    1   W   0.099   0.948   0.306
    2   K   0.101   0.945   0.309
    3   I   0.102   0.952   0.311
    4   V   0.103   0.961   0.312
    5   A   0.104   0.976   0.314
    6   F   0.098   0.983   0.305
    7   T   0.103   0.984   0.313
    8   A   0.104   0.984   0.315
    9   T   0.097   0.970   0.304
   10   S   0.101   0.957   0.311
   11   V   0.097   0.939   0.304
   12   L   0.101   0.970   0.310
   13   L   0.103   0.978   0.314
   14   V   0.098   0.975   0.306
   15   L   0.106   0.985   0.318
   16   L   0.105   0.991   0.318
   17   L   0.122   0.980   0.343
   18   V   0.103   0.973   0.315
   19   I   0.103   0.974   0.316
   20   L   0.105   0.972   0.319
   21   A   0.125   0.925   0.348
   22   R   0.304   0.813   0.542
   23   M   0.113   0.876   0.330
   24   F   0.253   0.808   0.492
   25   Q   0.112   0.779   0.327
   26   T   0.196   0.661   0.430
   27   K   0.162   0.514   0.389
   28   F   0.100   0.513   0.302
   29   K   0.129   0.276   0.339
   30   A   0.163   0.159   0.373
   31   H   0.178   0.118   0.382
   32   F   0.109   0.106   0.292
   33   P   0.103   0.104   0.276
   34   P   0.106   0.100   0.272
   35   R   0.105   0.102   0.264
   36   G   0.105   0.104   0.255
   37   P   0.098   0.118   0.239
   38   P   0.100   0.118   0.234
   39   R   0.101   0.118   0.226
   40   S   0.106   0.118   0.222
   41   S   0.099   0.116   0.206
   42   S   0.095   0.107   0.192
   43   S   0.098   0.103   0.185
   44   D   0.100   0.111   0.176
   45   P   0.103   0.103   0.170
   46   D   0.102   0.101   0.158
   47   F   0.105   0.092   0.149
   48   V   0.106   0.086   0.138
   49   V   0.103   0.085   0.126
   50   V   0.104   0.085   0.118
   51   D   0.102   0.083   0.108
   52   G   0.104   0.089   0.105
   53   V   0.103   0.088   0.103
   54   P   0.107   0.095   0.104
   55   V   0.106   0.099   0.103
   56   M   0.099   0.100   0.100
   57   L   0.106   0.096   0.104
   58   P   0.102   0.094   0.101
   59   S   0.103   0.095   0.102
   60   Y   0.104   0.099   0.102
   61   D   0.100   0.097   0.099
   62   E   0.103   0.096   0.100
   63   A   0.102   0.099   0.099
   64   V   0.098   0.105   0.097
   65   S   0.107   0.100   0.101
   66   G   0.104   0.102   0.100
   67   G   0.100   0.104   0.097
   68   L   0.101   0.101   0.098
   69   S   0.108   0.099   0.101
   70   A   0.102   0.099   0.099
# Measure  Position  Value    Cutoff   signal peptide?
  max. C    22       0.304
  max. Y    22       0.542
  max. S    16       0.991
  mean S     1-21    0.968
       D     1-21    0.772   0.450   YES
Name=SUSD4_HUMAN_TRANSMEM1	SP='YES' Cleavage site between pos. 21 and 22: ILA-RM D=0.772 D-cutoff=0.450 Networks=SignalP-noTM
