# SignalP-4.1 euk predictions
# Name=SYN1L_HUMAN_TRANSMEM2	Length=70	Networks=SignalP-TM
# pos  aa    C       S       Y
    1   M   0.102   0.593   0.246
    2   L   0.102   0.627   0.246
    3   C   0.102   0.561   0.247
    4   C   0.102   0.559   0.246
    5   F   0.102   0.542   0.246
    6   W   0.099   0.506   0.241
    7   P   0.102   0.550   0.243
    8   L   0.102   0.536   0.242
    9   G   0.103   0.537   0.243
   10   I   0.099   0.566   0.238
   11   A   0.102   0.480   0.241
   12   A   0.126   0.441   0.265
   13   F   0.113   0.388   0.249
   14   Y   0.101   0.334   0.232
   15   F   0.098   0.342   0.225
   16   S   0.105   0.393   0.228
   17   Q   0.122   0.271   0.242
   18   G   0.103   0.335   0.218
   19   T   0.206   0.248   0.302
   20   S   0.104   0.279   0.209
   21   K   0.148   0.233   0.245
   22   A   0.129   0.175   0.223
   23   I   0.247   0.120   0.298
   24   S   0.101   0.134   0.182
   25   K   0.140   0.114   0.204
   26   G   0.105   0.107   0.169
   27   D   0.106   0.103   0.162
   28   F   0.102   0.115   0.152
   29   R   0.101   0.126   0.147
   30   L   0.104   0.148   0.143
   31   A   0.103   0.131   0.136
   32   S   0.099   0.110   0.130
   33   T   0.103   0.102   0.126
   34   T   0.104   0.097   0.122
   35   S   0.103   0.123   0.116
   36   R   0.101   0.149   0.111
   37   R   0.102   0.126   0.111
   38   A   0.103   0.082   0.111
   39   L   0.098   0.096   0.107
   40   F   0.103   0.065   0.109
   41   L   0.103   0.054   0.108
   42   A   0.106   0.046   0.107
   43   T   0.099   0.043   0.101
   44   L   0.106   0.031   0.102
   45   A   0.104   0.031   0.096
   46   I   0.100   0.034   0.091
   47   A   0.104   0.034   0.089
   48   V   0.096   0.035   0.083
   49   G   0.105   0.028   0.084
   50   A   0.114   0.029   0.083
   51   G   0.106   0.037   0.075
   52   L   0.106   0.037   0.070
   53   Y   0.103   0.036   0.066
   54   V   0.102   0.035   0.063
   55   A   0.104   0.055   0.062
   56   V   0.100   0.054   0.060
   57   V   0.104   0.048   0.062
   58   V   0.105   0.068   0.063
   59   A   0.104   0.098   0.065
   60   L   0.108   0.076   0.070
   61   A   0.105   0.095   0.071
   62   A   0.111   0.071   0.076
   63   Y   0.101   0.065   0.074
   64   M   0.103   0.068   0.077
   65   S   0.105   0.089   0.079
   66   Q   0.105   0.102   0.082
   67   N   0.103   0.105   0.084
   68   G   0.100   0.108   0.086
   69   H   0.098   0.110   0.088
   70   G   0.104   0.109   0.093
# Measure  Position  Value    Cutoff   signal peptide?
  max. C    23       0.247
  max. Y    19       0.302
  max. S     2       0.627
  mean S     1-18    0.476
       D     1-18    0.372   0.500   NO
Name=SYN1L_HUMAN_TRANSMEM2	SP='NO' D=0.372 D-cutoff=0.500 Networks=SignalP-TM
