# SignalP-4.1 euk predictions
# Name=SYVN1_HUMAN_TRANSMEM6	Length=70	Networks=SignalP-noTM
# pos  aa    C       S       Y
    1   L   0.102   0.590   0.245
    2   L   0.101   0.383   0.244
    3   Y   0.102   0.429   0.243
    4   M   0.106   0.401   0.246
    5   A   0.105   0.370   0.243
    6   F   0.095   0.399   0.230
    7   M   0.105   0.383   0.239
    8   T   0.100   0.428   0.232
    9   I   0.101   0.349   0.231
   10   M   0.098   0.408   0.225
   11   I   0.098   0.397   0.224
   12   K   0.096   0.479   0.220
   13   V   0.098   0.489   0.220
   14   H   0.101   0.513   0.223
   15   T   0.103   0.639   0.225
   16   F   0.358   0.294   0.419
   17   P   0.100   0.341   0.218
   18   L   0.110   0.278   0.226
   19   F   0.103   0.245   0.215
   20   A   0.104   0.214   0.212
   21   I   0.145   0.136   0.247
   22   R   0.109   0.125   0.208
   23   P   0.101   0.137   0.195
   24   M   0.104   0.168   0.193
   25   Y   0.102   0.238   0.188
   26   L   0.098   0.379   0.182
   27   A   0.101   0.240   0.184
   28   M   0.103   0.170   0.184
   29   R   0.109   0.154   0.187
   30   Q   0.104   0.140   0.179
   31   F   0.105   0.111   0.176
   32   K   0.102   0.120   0.171
   33   K   0.097   0.122   0.163
   34   A   0.101   0.125   0.163
   35   V   0.108   0.122   0.163
   36   T   0.105   0.135   0.155
   37   D   0.115   0.111   0.156
   38   A   0.098   0.102   0.135
   39   I   0.107   0.097   0.138
   40   M   0.103   0.096   0.131
   41   S   0.094   0.096   0.122
   42   R   0.099   0.101   0.122
   43   R   0.106   0.107   0.125
   44   A   0.107   0.110   0.125
   45   I   0.097   0.098   0.118
   46   R   0.103   0.100   0.121
   47   N   0.105   0.101   0.121
   48   M   0.100   0.104   0.115
   49   N   0.102   0.109   0.111
   50   T   0.102   0.102   0.108
   51   L   0.106   0.105   0.109
   52   Y   0.103   0.107   0.106
   53   P   0.104   0.113   0.106
   54   D   0.108   0.110   0.108
   55   A   0.105   0.113   0.107
   56   T   0.098   0.108   0.103
   57   P   0.106   0.103   0.106
   58   E   0.101   0.102   0.103
   59   E   0.101   0.101   0.103
   60   L   0.104   0.101   0.104
   61   Q   0.101   0.101   0.102
   62   A   0.099   0.100   0.102
   63   M   0.099   0.103   0.101
   64   D   0.108   0.104   0.106
   65   N   0.102   0.100   0.104
   66   V   0.101   0.098   0.103
   67   C   0.098   0.100   0.101
   68   I   0.104   0.095   0.104
   69   I   0.099   0.099   0.102
   70   C   0.101   0.098   0.102
# Measure  Position  Value    Cutoff   signal peptide?
  max. C    16       0.358
  max. Y    16       0.419
  max. S    15       0.639
  mean S     1-15    0.444
       D     1-15    0.432   0.450   NO
Name=SYVN1_HUMAN_TRANSMEM6	SP='NO' D=0.432 D-cutoff=0.450 Networks=SignalP-noTM
