# SignalP-4.1 euk predictions
# Name=T176B_HUMAN_TRANSMEM2	Length=70	Networks=SignalP-TM
# pos  aa    C       S       Y
    1   A   0.102   0.312   0.178
    2   S   0.099   0.370   0.176
    3   G   0.102   0.349   0.180
    4   C   0.101   0.363   0.179
    5   A   0.104   0.335   0.183
    6   F   0.098   0.397   0.178
    7   W   0.102   0.388   0.184
    8   A   0.101   0.355   0.184
    9   G   0.099   0.308   0.183
   10   S   0.101   0.332   0.185
   11   V   0.099   0.344   0.183
   12   V   0.103   0.374   0.188
   13   I   0.104   0.397   0.190
   14   A   0.102   0.330   0.190
   15   A   0.101   0.343   0.189
   16   G   0.108   0.413   0.196
   17   A   0.114   0.392   0.202
   18   G   0.120   0.275   0.209
   19   A   0.128   0.278   0.214
   20   I   0.256   0.157   0.300
   21   V   0.104   0.168   0.187
   22   H   0.107   0.190   0.184
   23   E   0.118   0.173   0.190
   24   K   0.113   0.147   0.184
   25   H   0.102   0.203   0.170
   26   P   0.104   0.175   0.169
   27   G   0.111   0.163   0.170
   28   K   0.103   0.176   0.159
   29   L   0.106   0.155   0.157
   30   A   0.106   0.177   0.152
   31   G   0.107   0.165   0.147
   32   Y   0.103   0.207   0.138
   33   I   0.103   0.216   0.136
   34   S   0.106   0.186   0.137
   35   S   0.101   0.170   0.135
   36   L   0.100   0.116   0.134
   37   L   0.104   0.109   0.134
   38   T   0.103   0.079   0.132
   39   L   0.103   0.106   0.130
   40   A   0.105   0.094   0.129
   41   G   0.100   0.101   0.123
   42   F   0.103   0.084   0.123
   43   A   0.102   0.075   0.120
   44   T   0.100   0.055   0.116
   45   A   0.103   0.068   0.114
   46   M   0.124   0.053   0.121
   47   A   0.105   0.062   0.106
   48   A   0.128   0.068   0.112
   49   V   0.109   0.074   0.098
   50   V   0.105   0.091   0.093
   51   L   0.101   0.118   0.090
   52   C   0.103   0.137   0.091
   53   V   0.119   0.131   0.101
   54   N   0.104   0.160   0.095
   55   S   0.105   0.180   0.098
   56   F   0.107   0.163   0.102
   57   I   0.107   0.199   0.105
   58   W   0.102   0.194   0.107
   59   Q   0.099   0.193   0.110
   60   T   0.103   0.166   0.116
   61   E   0.103   0.141   0.119
   62   P   0.103   0.142   0.122
   63   F   0.117   0.127   0.132
   64   L   0.100   0.128   0.123
   65   Y   0.102   0.128   0.126
   66   I   0.100   0.120   0.125
   67   D   0.103   0.104   0.126
   68   T   0.103   0.099   0.126
   69   V   0.104   0.095   0.125
   70   C   0.104   0.098   0.122
# Measure  Position  Value    Cutoff   signal peptide?
  max. C    20       0.256
  max. Y    20       0.300
  max. S    16       0.413
  mean S     1-19    0.350
       D     1-19    0.320   0.500   NO
Name=T176B_HUMAN_TRANSMEM2	SP='NO' D=0.320 D-cutoff=0.500 Networks=SignalP-TM
