# SignalP-4.1 euk predictions
# Name=T185B_HUMAN_TRANSMEM3	Length=70	Networks=SignalP-noTM
# pos  aa    C       S       Y
    1   F   0.101   0.935   0.307
    2   K   0.104   0.951   0.312
    3   A   0.103   0.969   0.310
    4   M   0.097   0.974   0.302
    5   L   0.106   0.978   0.315
    6   I   0.104   0.971   0.312
    7   A   0.103   0.935   0.311
    8   V   0.100   0.916   0.306
    9   G   0.102   0.933   0.309
   10   I   0.100   0.940   0.308
   11   H   0.100   0.963   0.307
   12   L   0.103   0.968   0.312
   13   L   0.097   0.965   0.302
   14   L   0.098   0.956   0.305
   15   L   0.104   0.946   0.314
   16   M   0.110   0.885   0.322
   17   F   0.107   0.862   0.318
   18   E   0.106   0.863   0.315
   19   V   0.105   0.867   0.314
   20   L   0.107   0.854   0.317
   21   V   0.101   0.854   0.307
   22   C   0.127   0.717   0.344
   23   D   0.361   0.526   0.576
   24   R   0.125   0.472   0.335
   25   V   0.135   0.217   0.344
   26   E   0.110   0.231   0.304
   27   R   0.101   0.374   0.286
   28   G   0.135   0.223   0.325
   29   T   0.151   0.192   0.336
   30   H   0.103   0.312   0.272
   31   F   0.107   0.253   0.272
   32   W   0.108   0.238   0.266
   33   L   0.099   0.323   0.249
   34   L   0.104   0.340   0.249
   35   V   0.100   0.450   0.238
   36   F   0.100   0.619   0.233
   37   M   0.106   0.623   0.236
   38   P   0.104   0.662   0.231
   39   L   0.108   0.681   0.233
   40   F   0.099   0.754   0.221
   41   F   0.096   0.863   0.217
   42   V   0.101   0.889   0.222
   43   S   0.100   0.779   0.222
   44   P   0.100   0.881   0.221
   45   V   0.161   0.763   0.282
   46   S   0.099   0.815   0.224
   47   V   0.104   0.881   0.233
   48   A   0.276   0.555   0.391
   49   A   0.319   0.236   0.425
   50   C   0.227   0.118   0.357
   51   V   0.137   0.098   0.276
   52   W   0.104   0.101   0.240
   53   G   0.107   0.107   0.241
   54   F   0.181   0.099   0.311
   55   R   0.103   0.110   0.233
   56   H   0.103   0.106   0.232
   57   D   0.102   0.113   0.228
   58   R   0.102   0.107   0.224
   59   S   0.111   0.103   0.228
   60   L   0.109   0.102   0.221
   61   E   0.103   0.104   0.208
   62   L   0.101   0.100   0.200
   63   E   0.103   0.098   0.194
   64   I   0.105   0.099   0.186
   65   L   0.105   0.097   0.176
   66   C   0.109   0.095   0.169
   67   S   0.100   0.094   0.151
   68   V   0.102   0.093   0.142
   69   N   0.097   0.095   0.126
   70   I   0.103   0.093   0.115
# Measure  Position  Value    Cutoff   signal peptide?
  max. C    23       0.361
  max. Y    23       0.576
  max. S     5       0.978
  mean S     1-22    0.918
       D     1-22    0.761   0.450   YES
Name=T185B_HUMAN_TRANSMEM3	SP='YES' Cleavage site between pos. 22 and 23: LVC-DR D=0.761 D-cutoff=0.450 Networks=SignalP-noTM
