# SignalP-4.1 euk predictions
# Name=T2R38_HUMAN_TRANSMEM1	Length=70	Networks=SignalP-TM
# pos  aa    C       S       Y
    1   F   0.101   0.337   0.185
    2   L   0.102   0.302   0.186
    3   F   0.102   0.292   0.185
    4   I   0.103   0.172   0.185
    5   S   0.104   0.118   0.182
    6   V   0.101   0.139   0.176
    7   L   0.102   0.101   0.172
    8   E   0.103   0.106   0.168
    9   F   0.098   0.101   0.158
   10   A   0.101   0.086   0.156
   11   V   0.097   0.143   0.146
   12   G   0.103   0.188   0.146
   13   F   0.112   0.086   0.149
   14   L   0.100   0.123   0.134
   15   T   0.104   0.126   0.130
   16   N   0.104   0.143   0.124
   17   A   0.103   0.173   0.119
   18   F   0.192   0.163   0.157
   19   V   0.105   0.142   0.116
   20   F   0.105   0.113   0.117
   21   L   0.103   0.090   0.115
   22   V   0.107   0.120   0.117
   23   N   0.102   0.121   0.114
   24   F   0.103   0.157   0.116
   25   W   0.115   0.132   0.125
   26   D   0.105   0.160   0.118
   27   V   0.102   0.190   0.116
   28   V   0.099   0.181   0.118
   29   K   0.100   0.252   0.120
   30   R   0.116   0.192   0.133
   31   Q   0.142   0.129   0.149
   32   A   0.105   0.139   0.127
   33   L   0.164   0.097   0.157
   34   S   0.102   0.073   0.123
   35   N   0.115   0.075   0.129
   36   S   0.104   0.054   0.123
   37   D   0.105   0.057   0.121
   38   C   0.103   0.059   0.118
   39   V   0.104   0.059   0.115
   40   L   0.101   0.066   0.111
   41   L   0.102   0.042   0.109
   42   C   0.099   0.050   0.102
   43   L   0.100   0.072   0.098
   44   S   0.105   0.055   0.094
   45   I   0.100   0.055   0.086
   46   S   0.104   0.079   0.084
   47   R   0.100   0.086   0.080
   48   L   0.103   0.090   0.081
   49   F   0.099   0.117   0.080
   50   L   0.099   0.127   0.081
   51   H   0.103   0.155   0.086
   52   G   0.101   0.189   0.090
   53   L   0.103   0.150   0.095
   54   L   0.103   0.145   0.099
   55   F   0.100   0.135   0.100
   56   L   0.102   0.177   0.105
   57   S   0.101   0.197   0.108
   58   A   0.101   0.179   0.113
   59   I   0.104   0.155   0.118
   60   Q   0.102   0.154   0.120
   61   L   0.100   0.145   0.121
   62   T   0.102   0.137   0.124
   63   H   0.098   0.152   0.123
   64   F   0.098   0.147   0.124
   65   Q   0.149   0.111   0.154
   66   K   0.099   0.110   0.124
   67   L   0.100   0.114   0.122
   68   S   0.102   0.106   0.123
   69   E   0.098   0.099   0.119
   70   P   0.100   0.097   0.119
# Measure  Position  Value    Cutoff   signal peptide?
  max. C    18       0.192
  max. Y    33       0.157
  max. S     1       0.337
  mean S     1-32    0.157
       D     1-32    0.157   0.500   NO
Name=T2R38_HUMAN_TRANSMEM1	SP='NO' D=0.157 D-cutoff=0.500 Networks=SignalP-TM
