# SignalP-4.1 euk predictions
# Name=TIKI1_HUMAN_TRANSMEM1	Length=70	Networks=SignalP-TM
# pos  aa    C       S       Y
    1   S   0.102   0.105   0.103
    2   D   0.101   0.098   0.103
    3   L   0.102   0.089   0.103
    4   W   0.101   0.084   0.102
    5   V   0.101   0.082   0.101
    6   R   0.102   0.083   0.101
    7   L   0.104   0.077   0.101
    8   E   0.101   0.071   0.099
    9   E   0.101   0.084   0.097
   10   S   0.100   0.080   0.096
   11   D   0.100   0.064   0.095
   12   I   0.102   0.070   0.095
   13   V   0.098   0.076   0.092
   14   P   0.103   0.081   0.092
   15   Q   0.103   0.092   0.092
   16   L   0.102   0.092   0.091
   17   Q   0.101   0.096   0.090
   18   V   0.100   0.095   0.090
   19   P   0.096   0.097   0.089
   20   V   0.103   0.098   0.092
   21   L   0.103   0.095   0.093
   22   D   0.105   0.096   0.095
   23   R   0.100   0.094   0.093
   24   H   0.103   0.091   0.095
   25   I   0.101   0.094   0.095
   26   S   0.102   0.093   0.096
   27   T   0.101   0.102   0.096
   28   E   0.101   0.101   0.098
   29   L   0.101   0.102   0.098
   30   R   0.100   0.104   0.098
   31   L   0.101   0.112   0.099
   32   P   0.101   0.116   0.100
   33   R   0.103   0.113   0.101
   34   R   0.107   0.119   0.104
   35   G   0.106   0.113   0.104
   36   H   0.099   0.120   0.101
   37   S   0.102   0.115   0.104
   38   H   0.108   0.121   0.107
   39   H   0.100   0.133   0.104
   40   S   0.100   0.136   0.106
   41   Q   0.098   0.157   0.106
   42   M   0.103   0.174   0.110
   43   V   0.102   0.143   0.112
   44   A   0.101   0.116   0.113
   45   S   0.098   0.101   0.112
   46   S   0.103   0.115   0.115
   47   A   0.103   0.117   0.114
   48   C   0.101   0.168   0.113
   49   L   0.101   0.154   0.115
   50   S   0.102   0.135   0.116
   51   L   0.102   0.118   0.117
   52   W   0.103   0.124   0.118
   53   T   0.100   0.174   0.116
   54   P   0.105   0.158   0.120
   55   V   0.103   0.174   0.120
   56   F   0.103   0.192   0.120
   57   W   0.104   0.194   0.121
   58   V   0.106   0.194   0.124
   59   L   0.101   0.154   0.124
   60   V   0.105   0.181   0.127
   61   L   0.099   0.218   0.126
   62   A   0.106   0.292   0.133
   63   F   0.167   0.237   0.171
   64   Q   0.106   0.203   0.139
   65   T   0.104   0.163   0.139
   66   E   0.102   0.146   0.139
   67   T   0.102   0.175   0.140
   68   P   0.102   0.112   0.139
   69   L   0.101   0.122   0.138
   70   L   0.100   0.122   0.136
# Measure  Position  Value    Cutoff   signal peptide?
  max. C    63       0.167
  max. Y    63       0.171
  max. S    62       0.292
  mean S     1-62    0.120
       D     1-62    0.151   0.500   NO
Name=TIKI1_HUMAN_TRANSMEM1	SP='NO' D=0.151 D-cutoff=0.500 Networks=SignalP-TM
