# SignalP-4.1 euk predictions
# Name=TIKI2_HUMAN_TRANSMEM1	Length=70	Networks=SignalP-noTM
# pos  aa    C       S       Y
    1   E   0.101   0.120   0.110
    2   D   0.101   0.103   0.110
    3   S   0.100   0.092   0.109
    4   T   0.101   0.094   0.109
    5   T   0.105   0.084   0.111
    6   A   0.101   0.092   0.108
    7   S   0.098   0.096   0.106
    8   P   0.099   0.111   0.106
    9   P   0.099   0.114   0.106
   10   P   0.105   0.094   0.108
   11   L   0.105   0.104   0.108
   12   P   0.105   0.109   0.108
   13   L   0.103   0.099   0.106
   14   Q   0.104   0.091   0.106
   15   P   0.103   0.085   0.105
   16   T   0.105   0.081   0.105
   17   H   0.104   0.082   0.104
   18   S   0.103   0.079   0.103
   19   S   0.105   0.087   0.103
   20   G   0.096   0.091   0.097
   21   T   0.099   0.093   0.099
   22   A   0.106   0.087   0.101
   23   K   0.099   0.098   0.097
   24   P   0.100   0.098   0.097
   25   P   0.099   0.103   0.096
   26   F   0.106   0.100   0.100
   27   Q   0.104   0.101   0.099
   28   L   0.094   0.104   0.095
   29   S   0.103   0.102   0.100
   30   D   0.099   0.107   0.097
   31   Q   0.105   0.112   0.100
   32   L   0.105   0.107   0.100
   33   Q   0.105   0.109   0.100
   34   Q   0.104   0.102   0.100
   35   Q   0.100   0.100   0.098
   36   D   0.101   0.099   0.098
   37   P   0.097   0.099   0.097
   38   P   0.099   0.113   0.098
   39   G   0.104   0.127   0.102
   40   P   0.097   0.123   0.099
   41   A   0.099   0.173   0.101
   42   S   0.092   0.172   0.099
   43   S   0.096   0.211   0.103
   44   S   0.095   0.236   0.105
   45   A   0.102   0.204   0.112
   46   P   0.100   0.196   0.113
   47   T   0.105   0.203   0.118
   48   L   0.104   0.187   0.119
   49   G   0.112   0.164   0.125
   50   L   0.101   0.174   0.120
   51   L   0.107   0.150   0.125
   52   P   0.106   0.138   0.125
   53   A   0.110   0.126   0.128
   54   I   0.105   0.141   0.126
   55   A   0.109   0.120   0.129
   56   T   0.099   0.118   0.123
   57   T   0.105   0.111   0.127
   58   I   0.104   0.103   0.126
   59   A   0.100   0.100   0.124
   60   V   0.105   0.097   0.127
   61   C   0.099   0.098   0.123
   62   F   0.113   0.094   0.131
   63   L   0.101   0.098   0.123
   64   L   0.108   0.098   0.126
   65   H   0.099   0.102   0.120
   66   S   0.102   0.105   0.119
   67   L   0.102   0.103   0.116
   68   G   0.104   0.111   0.116
   69   P   0.101   0.105   0.112
   70   S   0.108   0.106   0.114
# Measure  Position  Value    Cutoff   signal peptide?
  max. C    62       0.113
  max. Y    62       0.131
  max. S    44       0.236
  mean S     1-61    0.118
       D     1-61    0.124   0.450   NO
Name=TIKI2_HUMAN_TRANSMEM1	SP='NO' D=0.124 D-cutoff=0.450 Networks=SignalP-noTM
