# SignalP-4.1 euk predictions
# Name=TM104_HUMAN_TRANSMEM6	Length=70	Networks=SignalP-TM
# pos  aa    C       S       Y
    1   F   0.101   0.202   0.143
    2   G   0.103   0.224   0.144
    3   V   0.100   0.245   0.143
    4   C   0.105   0.244   0.147
    5   V   0.102   0.201   0.146
    6   Y   0.099   0.205   0.144
    7   S   0.100   0.185   0.145
    8   F   0.100   0.158   0.145
    9   M   0.102   0.185   0.145
   10   C   0.102   0.222   0.145
   11   Q   0.099   0.270   0.143
   12   H   0.102   0.231   0.147
   13   S   0.101   0.200   0.146
   14   L   0.100   0.224   0.146
   15   P   0.098   0.237   0.145
   16   S   0.119   0.221   0.161
   17   L   0.102   0.227   0.149
   18   I   0.101   0.204   0.147
   19   T   0.113   0.172   0.155
   20   P   0.103   0.160   0.147
   21   V   0.111   0.157   0.152
   22   S   0.104   0.127   0.146
   23   S   0.101   0.145   0.143
   24   K   0.248   0.086   0.223
   25   R   0.117   0.074   0.149
   26   H   0.105   0.096   0.136
   27   L   0.101   0.096   0.130
   28   T   0.103   0.081   0.128
   29   R   0.101   0.118   0.122
   30   L   0.103   0.104   0.120
   31   V   0.104   0.080   0.117
   32   F   0.103   0.058   0.112
   33   L   0.104   0.033   0.107
   34   D   0.103   0.022   0.102
   35   Y   0.103   0.021   0.097
   36   V   0.105   0.025   0.092
   37   L   0.102   0.028   0.087
   38   I   0.105   0.024   0.083
   39   L   0.101   0.020   0.079
   40   A   0.101   0.022   0.076
   41   F   0.100   0.015   0.072
   42   Y   0.103   0.013   0.069
   43   G   0.101   0.015   0.065
   44   L   0.100   0.008   0.058
   45   L   0.101   0.013   0.053
   46   S   0.101   0.017   0.048
   47   F   0.106   0.017   0.046
   48   T   0.104   0.020   0.044
   49   A   0.107   0.027   0.044
   50   I   0.101   0.033   0.044
   51   F   0.102   0.070   0.045
   52   C   0.100   0.110   0.047
   53   F   0.111   0.097   0.056
   54   R   0.100   0.136   0.058
   55   G   0.101   0.127   0.065
   56   D   0.103   0.127   0.072
   57   S   0.102   0.126   0.077
   58   L   0.102   0.117   0.082
   59   M   0.101   0.117   0.086
   60   D   0.102   0.114   0.091
   61   M   0.102   0.108   0.095
   62   Y   0.102   0.088   0.099
   63   T   0.104   0.105   0.102
   64   L   0.104   0.107   0.105
   65   N   0.101   0.102   0.106
   66   F   0.101   0.101   0.107
   67   A   0.102   0.106   0.107
   68   R   0.097   0.097   0.105
   69   C   0.106   0.097   0.108
   70   D   0.101   0.096   0.105
# Measure  Position  Value    Cutoff   signal peptide?
  max. C    24       0.248
  max. Y    24       0.223
  max. S    11       0.270
  mean S     1-23    0.202
       D     1-23    0.214   0.500   NO
Name=TM104_HUMAN_TRANSMEM6	SP='NO' D=0.214 D-cutoff=0.500 Networks=SignalP-TM
