# SignalP-4.1 euk predictions
# Name=TM231_HUMAN_TRANSMEM1	Length=70	Networks=SignalP-TM
# pos  aa    C       S       Y
    1   A   0.104   0.629   0.255
    2   A   0.100   0.604   0.251
    3   L   0.100   0.643   0.250
    4   F   0.103   0.614   0.254
    5   L   0.102   0.645   0.253
    6   L   0.105   0.527   0.257
    7   L   0.104   0.461   0.255
    8   A   0.107   0.403   0.255
    9   A   0.102   0.415   0.246
   10   A   0.101   0.414   0.242
   11   L   0.102   0.490   0.239
   12   T   0.102   0.524   0.238
   13   Y   0.110   0.395   0.245
   14   I   0.101   0.386   0.231
   15   P   0.101   0.366   0.227
   16   P   0.100   0.497   0.222
   17   L   0.111   0.494   0.232
   18   L   0.100   0.616   0.218
   19   V   0.104   0.546   0.222
   20   A   0.146   0.448   0.261
   21   F   0.491   0.162   0.476
   22   R   0.112   0.141   0.222
   23   S   0.111   0.130   0.216
   24   H   0.106   0.133   0.206
   25   G   0.102   0.122   0.197
   26   F   0.125   0.110   0.211
   27   W   0.100   0.113   0.180
   28   L   0.102   0.113   0.176
   29   K   0.102   0.099   0.170
   30   R   0.099   0.109   0.162
   31   S   0.103   0.125   0.157
   32   S   0.102   0.138   0.147
   33   Y   0.105   0.133   0.137
   34   E   0.107   0.136   0.126
   35   E   0.102   0.130   0.114
   36   Q   0.100   0.116   0.111
   37   P   0.103   0.115   0.112
   38   T   0.103   0.114   0.111
   39   V   0.105   0.123   0.112
   40   R   0.102   0.124   0.110
   41   F   0.103   0.103   0.111
   42   Q   0.101   0.100   0.110
   43   H   0.103   0.104   0.111
   44   Q   0.104   0.092   0.111
   45   V   0.102   0.085   0.110
   46   L   0.105   0.067   0.110
   47   L   0.105   0.063   0.108
   48   V   0.103   0.066   0.104
   49   A   0.104   0.059   0.102
   50   L   0.099   0.064   0.097
   51   L   0.103   0.073   0.097
   52   G   0.104   0.075   0.096
   53   P   0.101   0.092   0.093
   54   E   0.102   0.110   0.092
   55   S   0.101   0.155   0.091
   56   D   0.100   0.150   0.093
   57   G   0.100   0.171   0.095
   58   F   0.134   0.130   0.112
   59   L   0.101   0.147   0.099
   60   A   0.102   0.138   0.102
   61   W   0.102   0.114   0.104
   62   S   0.101   0.097   0.105
   63   T   0.099   0.094   0.106
   64   F   0.105   0.088   0.110
   65   P   0.105   0.113   0.111
   66   A   0.101   0.110   0.110
   67   F   0.099   0.101   0.110
   68   N   0.105   0.097   0.114
   69   R   0.102   0.096   0.111
   70   L   0.104   0.094   0.111
# Measure  Position  Value    Cutoff   signal peptide?
  max. C    21       0.491
  max. Y    21       0.476
  max. S     5       0.645
  mean S     1-20    0.506
       D     1-20    0.488   0.500   NO
Name=TM231_HUMAN_TRANSMEM1	SP='NO' D=0.488 D-cutoff=0.500 Networks=SignalP-TM
