# SignalP-4.1 euk predictions
# Name=TM231_HUMAN_TRANSMEM1	Length=70	Networks=SignalP-noTM
# pos  aa    C       S       Y
    1   A   0.105   0.961   0.318
    2   A   0.099   0.944   0.309
    3   L   0.099   0.947   0.308
    4   F   0.102   0.929   0.312
    5   L   0.102   0.928   0.312
    6   L   0.107   0.919   0.319
    7   L   0.105   0.933   0.317
    8   A   0.110   0.953   0.323
    9   A   0.104   0.936   0.315
   10   A   0.102   0.862   0.311
   11   L   0.103   0.747   0.312
   12   T   0.102   0.797   0.309
   13   Y   0.113   0.761   0.325
   14   I   0.100   0.723   0.303
   15   P   0.100   0.676   0.302
   16   P   0.100   0.822   0.300
   17   L   0.118   0.838   0.325
   18   L   0.099   0.874   0.296
   19   V   0.105   0.837   0.304
   20   A   0.144   0.716   0.356
   21   F   0.495   0.218   0.654
   22   R   0.119   0.143   0.314
   23   S   0.117   0.129   0.305
   24   H   0.110   0.134   0.288
   25   G   0.103   0.168   0.272
   26   F   0.139   0.134   0.308
   27   W   0.100   0.157   0.255
   28   L   0.104   0.143   0.253
   29   K   0.103   0.124   0.244
   30   R   0.098   0.141   0.230
   31   S   0.104   0.181   0.229
   32   S   0.103   0.155   0.220
   33   Y   0.110   0.138   0.219
   34   E   0.109   0.124   0.211
   35   E   0.102   0.111   0.197
   36   Q   0.099   0.101   0.186
   37   P   0.103   0.105   0.182
   38   T   0.103   0.102   0.174
   39   V   0.103   0.110   0.165
   40   R   0.100   0.116   0.152
   41   F   0.103   0.113   0.142
   42   Q   0.099   0.108   0.127
   43   H   0.104   0.107   0.118
   44   Q   0.105   0.106   0.117
   45   V   0.100   0.104   0.113
   46   L   0.105   0.103   0.115
   47   L   0.106   0.101   0.115
   48   V   0.103   0.100   0.112
   49   A   0.104   0.112   0.112
   50   L   0.094   0.105   0.106
   51   L   0.103   0.106   0.110
   52   G   0.104   0.102   0.110
   53   P   0.101   0.108   0.107
   54   E   0.104   0.112   0.107
   55   S   0.100   0.118   0.104
   56   D   0.101   0.102   0.104
   57   G   0.099   0.104   0.103
   58   F   0.159   0.095   0.130
   59   L   0.101   0.101   0.104
   60   A   0.104   0.098   0.105
   61   W   0.109   0.101   0.107
   62   S   0.100   0.098   0.103
   63   T   0.099   0.101   0.102
   64   F   0.108   0.101   0.106
   65   P   0.107   0.100   0.105
   66   A   0.100   0.099   0.101
   67   F   0.097   0.097   0.100
   68   N   0.106   0.097   0.104
   69   R   0.101   0.098   0.102
   70   L   0.104   0.096   0.103
# Measure  Position  Value    Cutoff   signal peptide?
  max. C    21       0.495
  max. Y    21       0.654
  max. S     1       0.961
  mean S     1-20    0.855
       D     1-20    0.763   0.450   YES
Name=TM231_HUMAN_TRANSMEM1	SP='YES' Cleavage site between pos. 20 and 21: LVA-FR D=0.763 D-cutoff=0.450 Networks=SignalP-noTM
