# SignalP-4.1 euk predictions
# Name=TM265_HUMAN_TRANSMEM2	Length=70	Networks=SignalP-TM
# pos  aa    C       S       Y
    1   I   0.102   0.390   0.199
    2   C   0.102   0.392   0.200
    3   G   0.101   0.384   0.199
    4   C   0.100   0.435   0.197
    5   S   0.102   0.487   0.201
    6   C   0.100   0.341   0.200
    7   L   0.101   0.385   0.200
    8   G   0.100   0.403   0.199
    9   V   0.097   0.405   0.197
   10   M   0.104   0.280   0.204
   11   A   0.103   0.318   0.201
   12   L   0.102   0.227   0.198
   13   V   0.101   0.234   0.194
   14   F   0.100   0.283   0.191
   15   A   0.104   0.391   0.192
   16   I   0.132   0.284   0.216
   17   K   0.102   0.329   0.188
   18   A   0.106   0.294   0.191
   19   E   0.294   0.194   0.313
   20   E   0.104   0.275   0.180
   21   R   0.128   0.194   0.198
   22   H   0.109   0.147   0.179
   23   K   0.102   0.195   0.167
   24   A   0.104   0.174   0.165
   25   G   0.108   0.180   0.165
   26   R   0.109   0.157   0.163
   27   S   0.111   0.119   0.163
   28   E   0.106   0.119   0.156
   29   E   0.103   0.133   0.150
   30   A   0.102   0.121   0.143
   31   V   0.098   0.116   0.136
   32   R   0.106   0.101   0.135
   33   W   0.104   0.103   0.129
   34   G   0.104   0.104   0.126
   35   A   0.103   0.112   0.120
   36   R   0.103   0.139   0.118
   37   A   0.105   0.123   0.118
   38   R   0.098   0.103   0.112
   39   K   0.105   0.076   0.114
   40   L   0.103   0.061   0.109
   41   I   0.105   0.041   0.107
   42   L   0.104   0.027   0.104
   43   A   0.104   0.024   0.101
   44   S   0.101   0.018   0.095
   45   F   0.106   0.015   0.093
   46   A   0.104   0.012   0.088
   47   V   0.102   0.011   0.083
   48   W   0.103   0.014   0.080
   49   L   0.102   0.011   0.075
   50   A   0.101   0.011   0.070
   51   V   0.099   0.016   0.062
   52   L   0.103   0.015   0.057
   53   I   0.101   0.016   0.050
   54   L   0.103   0.018   0.046
   55   G   0.105   0.018   0.043
   56   P   0.101   0.024   0.040
   57   L   0.103   0.036   0.041
   58   L   0.102   0.045   0.041
   59   L   0.102   0.058   0.044
   60   W   0.103   0.093   0.047
   61   L   0.103   0.107   0.053
   62   L   0.103   0.096   0.060
   63   S   0.104   0.205   0.065
   64   Y   0.102   0.171   0.074
   65   A   0.100   0.199   0.081
   66   I   0.110   0.204   0.093
   67   A   0.103   0.228   0.098
   68   Q   0.139   0.149   0.122
   69   A   0.100   0.128   0.108
   70   E   0.154   0.089   0.138
# Measure  Position  Value    Cutoff   signal peptide?
  max. C    19       0.294
  max. Y    19       0.313
  max. S     5       0.487
  mean S     1-18    0.348
       D     1-18    0.327   0.500   NO
Name=TM265_HUMAN_TRANSMEM2	SP='NO' D=0.327 D-cutoff=0.500 Networks=SignalP-TM
