# SignalP-4.1 euk predictions
# Name=TMC5_HUMAN_TRANSMEM2	Length=70	Networks=SignalP-noTM
# pos  aa    C       S       Y
    1   F   0.101   0.144   0.121
    2   T   0.104   0.126   0.122
    3   G   0.104   0.131   0.122
    4   L   0.099   0.137   0.119
    5   E   0.103   0.121   0.121
    6   F   0.100   0.111   0.119
    7   F   0.100   0.114   0.118
    8   T   0.103   0.110   0.119
    9   G   0.107   0.107   0.121
   10   V   0.098   0.100   0.115
   11   G   0.101   0.100   0.116
   12   Y   0.099   0.103   0.114
   13   F   0.095   0.081   0.111
   14   R   0.098   0.095   0.111
   15   D   0.105   0.104   0.114
   16   T   0.096   0.099   0.108
   17   V   0.099   0.107   0.109
   18   M   0.102   0.130   0.110
   19   Y   0.108   0.104   0.113
   20   Y   0.100   0.102   0.108
   21   G   0.098   0.102   0.106
   22   F   0.103   0.096   0.108
   23   Y   0.100   0.102   0.105
   24   T   0.101   0.110   0.104
   25   N   0.101   0.105   0.104
   26   S   0.102   0.105   0.104
   27   T   0.104   0.105   0.104
   28   I   0.103   0.103   0.103
   29   Q   0.103   0.111   0.104
   30   H   0.102   0.106   0.103
   31   G   0.098   0.104   0.101
   32   N   0.096   0.107   0.100
   33   S   0.103   0.114   0.103
   34   G   0.123   0.131   0.113
   35   A   0.102   0.121   0.104
   36   S   0.094   0.116   0.100
   37   Y   0.098   0.123   0.103
   38   N   0.097   0.143   0.103
   39   M   0.100   0.144   0.105
   40   Q   0.106   0.187   0.110
   41   L   0.102   0.182   0.109
   42   A   0.103   0.173   0.111
   43   Y   0.099   0.180   0.110
   44   I   0.103   0.182   0.114
   45   F   0.099   0.171   0.113
   46   T   0.109   0.176   0.120
   47   I   0.107   0.210   0.120
   48   G   0.104   0.289   0.121
   49   A   0.102   0.335   0.123
   50   C   0.101   0.250   0.127
   51   L   0.110   0.150   0.135
   52   T   0.104   0.128   0.132
   53   T   0.105   0.145   0.133
   54   C   0.104   0.138   0.133
   55   F   0.109   0.120   0.137
   56   F   0.099   0.110   0.131
   57   S   0.116   0.099   0.141
   58   L   0.105   0.095   0.134
   59   L   0.102   0.095   0.132
   60   F   0.099   0.096   0.129
   61   S   0.100   0.100   0.129
   62   M   0.105   0.098   0.131
   63   A   0.101   0.098   0.127
   64   K   0.109   0.098   0.130
   65   Y   0.098   0.099   0.123
   66   F   0.104   0.099   0.125
   67   R   0.101   0.098   0.121
   68   N   0.105   0.100   0.122
   69   N   0.098   0.102   0.116
   70   F   0.093   0.101   0.112
# Measure  Position  Value    Cutoff   signal peptide?
  max. C    34       0.123
  max. Y    57       0.141
  max. S    49       0.335
  mean S     1-56    0.134
       D     1-56    0.137   0.450   NO
Name=TMC5_HUMAN_TRANSMEM2	SP='NO' D=0.137 D-cutoff=0.450 Networks=SignalP-noTM
