# SignalP-4.1 euk predictions
# Name=TMM64_HUMAN_TRANSMEM5	Length=70	Networks=SignalP-TM
# pos  aa    C       S       Y
    1   L   0.101   0.289   0.171
    2   Y   0.102   0.306   0.172
    3   G   0.102   0.264   0.172
    4   F   0.101   0.231   0.171
    5   V   0.104   0.222   0.172
    6   L   0.103   0.211   0.170
    7   G   0.104   0.177   0.168
    8   M   0.100   0.170   0.163
    9   G   0.106   0.115   0.165
   10   L   0.098   0.113   0.155
   11   M   0.101   0.165   0.153
   12   M   0.102   0.112   0.151
   13   V   0.101   0.071   0.146
   14   G   0.101   0.074   0.141
   15   V   0.102   0.067   0.136
   16   L   0.105   0.084   0.131
   17   I   0.105   0.080   0.125
   18   G   0.115   0.061   0.124
   19   T   0.162   0.058   0.141
   20   F   0.108   0.084   0.110
   21   I   0.106   0.116   0.104
   22   A   0.113   0.130   0.105
   23   H   0.148   0.197   0.119
   24   V   0.105   0.173   0.103
   25   V   0.103   0.214   0.104
   26   C   0.101   0.291   0.105
   27   K   0.488   0.157   0.243
   28   R   0.114   0.172   0.121
   29   L   0.105   0.202   0.119
   30   L   0.103   0.184   0.122
   31   T   0.102   0.208   0.124
   32   A   0.109   0.197   0.132
   33   W   0.106   0.168   0.135
   34   V   0.104   0.185   0.136
   35   A   0.102   0.207   0.138
   36   A   0.102   0.196   0.140
   37   R   0.116   0.137   0.151
   38   I   0.103   0.149   0.141
   39   Q   0.101   0.133   0.139
   40   S   0.103   0.159   0.138
   41   S   0.120   0.124   0.145
   42   E   0.104   0.084   0.134
   43   K   0.101   0.116   0.130
   44   L   0.102   0.099   0.128
   45   S   0.102   0.120   0.125
   46   A   0.108   0.132   0.126
   47   V   0.104   0.119   0.122
   48   I   0.102   0.101   0.120
   49   R   0.102   0.088   0.117
   50   V   0.104   0.086   0.114
   51   V   0.103   0.083   0.110
   52   E   0.107   0.091   0.110
   53   G   0.101   0.079   0.105
   54   G   0.099   0.078   0.102
   55   S   0.105   0.095   0.102
   56   G   0.103   0.112   0.101
   57   L   0.101   0.125   0.100
   58   K   0.103   0.115   0.102
   59   V   0.102   0.106   0.102
   60   V   0.105   0.115   0.103
   61   A   0.106   0.140   0.103
   62   L   0.103   0.146   0.102
   63   A   0.106   0.146   0.105
   64   R   0.097   0.117   0.103
   65   L   0.106   0.110   0.108
   66   T   0.101   0.100   0.107
   67   P   0.105   0.105   0.109
   68   I   0.105   0.098   0.110
   69   P   0.102   0.097   0.109
   70   F   0.105   0.096   0.111
# Measure  Position  Value    Cutoff   signal peptide?
  max. C    27       0.488
  max. Y    27       0.243
  max. S     2       0.306
  mean S     1-26    0.157
       D     1-26    0.209   0.500   NO
Name=TMM64_HUMAN_TRANSMEM5	SP='NO' D=0.209 D-cutoff=0.500 Networks=SignalP-TM
