# SignalP-4.1 euk predictions
# Name=TPC1_HUMAN_TRANSMEM7	Length=70	Networks=SignalP-noTM
# pos  aa    C       S       Y
    1   Y   0.101   0.640   0.255
    2   F   0.099   0.567   0.252
    3   M   0.101   0.572   0.254
    4   Y   0.103   0.590   0.255
    5   L   0.102   0.590   0.254
    6   V   0.100   0.516   0.251
    7   V   0.105   0.460   0.256
    8   A   0.106   0.442   0.255
    9   V   0.100   0.409   0.246
   10   N   0.101   0.490   0.246
   11   G   0.103   0.417   0.246
   12   V   0.113   0.456   0.256
   13   W   0.102   0.521   0.241
   14   I   0.104   0.602   0.242
   15   L   0.112   0.527   0.251
   16   V   0.102   0.459   0.238
   17   E   0.101   0.407   0.235
   18   T   0.107   0.385   0.240
   19   F   0.372   0.226   0.443
   20   M   0.103   0.252   0.229
   21   L   0.116   0.185   0.239
   22   K   0.100   0.281   0.217
   23   G   0.102   0.406   0.215
   24   G   0.149   0.191   0.257
   25   N   0.123   0.147   0.229
   26   F   0.104   0.167   0.206
   27   F   0.131   0.134   0.226
   28   S   0.103   0.139   0.194
   29   K   0.108   0.113   0.194
   30   H   0.098   0.140   0.181
   31   V   0.100   0.159   0.179
   32   P   0.099   0.183   0.175
   33   W   0.100   0.150   0.172
   34   S   0.098   0.151   0.167
   35   Y   0.100   0.152   0.164
   36   L   0.094   0.195   0.154
   37   V   0.095   0.337   0.149
   38   F   0.099   0.491   0.149
   39   L   0.107   0.365   0.156
   40   T   0.103   0.422   0.152
   41   I   0.104   0.325   0.154
   42   Y   0.105   0.460   0.156
   43   G   0.099   0.486   0.154
   44   V   0.116   0.334   0.172
   45   E   0.103   0.384   0.163
   46   L   0.104   0.492   0.163
   47   F   0.119   0.269   0.179
   48   L   0.105   0.227   0.170
   49   K   0.108   0.287   0.173
   50   V   0.102   0.267   0.170
   51   A   0.102   0.266   0.173
   52   G   0.102   0.143   0.174
   53   L   0.128   0.124   0.195
   54   G   0.109   0.116   0.179
   55   P   0.102   0.112   0.172
   56   V   0.103   0.102   0.174
   57   E   0.097   0.104   0.168
   58   Y   0.103   0.097   0.172
   59   L   0.103   0.096   0.171
   60   S   0.103   0.098   0.168
   61   S   0.100   0.100   0.159
   62   G   0.105   0.094   0.159
   63   W   0.099   0.098   0.150
   64   N   0.103   0.103   0.149
   65   L   0.100   0.096   0.141
   66   F   0.100   0.099   0.135
   67   D   0.103   0.098   0.133
   68   F   0.101   0.098   0.127
   69   S   0.100   0.099   0.119
   70   V   0.104   0.097   0.117
# Measure  Position  Value    Cutoff   signal peptide?
  max. C    19       0.372
  max. Y    19       0.443
  max. S     1       0.640
  mean S     1-18    0.503
       D     1-18    0.475   0.450   YES
Name=TPC1_HUMAN_TRANSMEM7	SP='YES' Cleavage site between pos. 18 and 19: VET-FM D=0.475 D-cutoff=0.450 Networks=SignalP-noTM
