# SignalP-4.1 euk predictions
# Name=TPC_HUMAN_TRANSMEM3	Length=70	Networks=SignalP-TM
# pos  aa    C       S       Y
    1   F   0.102   0.547   0.236
    2   V   0.102   0.448   0.237
    3   C   0.103   0.437   0.236
    4   G   0.104   0.396   0.235
    5   G   0.099   0.350   0.227
    6   L   0.101   0.350   0.227
    7   A   0.106   0.345   0.229
    8   A   0.100   0.440   0.219
    9   C   0.099   0.400   0.216
   10   M   0.100   0.472   0.215
   11   A   0.104   0.504   0.217
   12   T   0.105   0.309   0.218
   13   L   0.102   0.340   0.210
   14   T   0.100   0.383   0.205
   15   V   0.106   0.325   0.208
   16   H   0.102   0.199   0.200
   17   P   0.101   0.192   0.194
   18   V   0.179   0.157   0.253
   19   D   0.104   0.140   0.188
   20   V   0.104   0.200   0.184
   21   L   0.144   0.135   0.213
   22   R   0.102   0.158   0.175
   23   T   0.116   0.136   0.180
   24   R   0.113   0.124   0.171
   25   F   0.105   0.151   0.158
   26   A   0.105   0.135   0.149
   27   A   0.107   0.117   0.146
   28   Q   0.101   0.113   0.136
   29   G   0.105   0.106   0.131
   30   E   0.106   0.098   0.125
   31   P   0.105   0.100   0.121
   32   K   0.103   0.102   0.117
   33   V   0.101   0.101   0.114
   34   Y   0.100   0.102   0.113
   35   N   0.103   0.104   0.111
   36   T   0.104   0.100   0.111
   37   L   0.102   0.102   0.108
   38   R   0.106   0.099   0.108
   39   H   0.103   0.101   0.106
   40   A   0.104   0.098   0.105
   41   V   0.097   0.097   0.100
   42   G   0.105   0.097   0.103
   43   T   0.099   0.098   0.100
   44   M   0.103   0.094   0.101
   45   Y   0.104   0.092   0.102
   46   R   0.100   0.101   0.099
   47   S   0.100   0.094   0.100
   48   E   0.101   0.092   0.100
   49   G   0.103   0.098   0.101
   50   P   0.098   0.096   0.098
   51   Q   0.104   0.099   0.100
   52   V   0.103   0.101   0.100
   53   F   0.100   0.084   0.099
   54   Y   0.104   0.084   0.100
   55   K   0.102   0.087   0.099
   56   G   0.105   0.070   0.099
   57   L   0.104   0.109   0.098
   58   A   0.105   0.111   0.099
   59   P   0.100   0.109   0.097
   60   T   0.106   0.087   0.101
   61   L   0.103   0.076   0.099
   62   I   0.108   0.078   0.100
   63   A   0.101   0.078   0.097
   64   I   0.098   0.090   0.094
   65   F   0.101   0.062   0.095
   66   P   0.104   0.092   0.096
   67   Y   0.106   0.096   0.096
   68   A   0.104   0.114   0.095
   69   G   0.098   0.116   0.094
   70   L   0.099   0.112   0.095
# Measure  Position  Value    Cutoff   signal peptide?
  max. C    18       0.179
  max. Y    18       0.253
  max. S     1       0.547
  mean S     1-17    0.379
       D     1-17    0.303   0.500   NO
Name=TPC_HUMAN_TRANSMEM3	SP='NO' D=0.303 D-cutoff=0.500 Networks=SignalP-TM
