# SignalP-4.1 euk predictions
# Name=TUSC3_HUMAN_TRANSMEM1	Length=70	Networks=SignalP-noTM
# pos  aa    C       S       Y
    1   N   0.100   0.904   0.301
    2   Y   0.101   0.868   0.303
    3   S   0.101   0.843   0.302
    4   G   0.101   0.846   0.302
    5   T   0.100   0.844   0.299
    6   I   0.105   0.803   0.306
    7   A   0.101   0.756   0.300
    8   L   0.101   0.772   0.298
    9   A   0.103   0.766   0.300
   10   L   0.094   0.826   0.286
   11   L   0.107   0.812   0.305
   12   V   0.099   0.803   0.292
   13   S   0.104   0.829   0.299
   14   L   0.105   0.860   0.300
   15   V   0.100   0.865   0.292
   16   G   0.104   0.902   0.297
   17   G   0.106   0.855   0.300
   18   L   0.219   0.636   0.431
   19   L   0.106   0.688   0.297
   20   Y   0.124   0.573   0.320
   21   L   0.163   0.322   0.364
   22   R   0.115   0.259   0.300
   23   R   0.111   0.304   0.289
   24   N   0.124   0.215   0.301
   25   N   0.101   0.195   0.266
   26   L   0.107   0.195   0.267
   27   E   0.133   0.119   0.292
   28   F   0.105   0.103   0.253
   29   I   0.103   0.099   0.244
   30   Y   0.101   0.096   0.235
   31   N   0.101   0.107   0.228
   32   K   0.103   0.103   0.223
   33   T   0.101   0.119   0.213
   34   G   0.104   0.119   0.209
   35   W   0.098   0.122   0.195
   36   A   0.098   0.164   0.187
   37   M   0.106   0.133   0.185
   38   V   0.101   0.143   0.172
   39   S   0.100   0.166   0.161
   40   L   0.103   0.197   0.153
   41   C   0.101   0.211   0.145
   42   I   0.105   0.254   0.139
   43   V   0.098   0.260   0.129
   44   F   0.102   0.223   0.130
   45   A   0.105   0.365   0.132
   46   M   0.099   0.244   0.129
   47   T   0.103   0.468   0.132
   48   S   0.119   0.551   0.148
   49   G   0.106   0.542   0.145
   50   Q   0.282   0.254   0.248
   51   M   0.105   0.199   0.153
   52   W   0.121   0.137   0.167
   53   N   0.108   0.147   0.158
   54   H   0.106   0.129   0.157
   55   I   0.104   0.133   0.156
   56   R   0.100   0.115   0.153
   57   G   0.104   0.115   0.156
   58   P   0.101   0.116   0.154
   59   P   0.106   0.109   0.157
   60   Y   0.107   0.113   0.157
   61   A   0.103   0.115   0.154
   62   H   0.099   0.113   0.150
   63   K   0.104   0.112   0.152
   64   N   0.103   0.113   0.150
   65   P   0.107   0.103   0.151
   66   H   0.104   0.103   0.146
   67   N   0.106   0.103   0.146
   68   G   0.107   0.104   0.142
   69   Q   0.094   0.104   0.131
   70   V   0.108   0.102   0.133
# Measure  Position  Value    Cutoff   signal peptide?
  max. C    50       0.282
  max. Y    18       0.431
  max. S     1       0.904
  mean S     1-17    0.832
       D     1-17    0.648   0.450   YES
Name=TUSC3_HUMAN_TRANSMEM1	SP='YES' Cleavage site between pos. 17 and 18: VGG-LL D=0.648 D-cutoff=0.450 Networks=SignalP-noTM
