# SignalP-4.1 euk predictions
# Name=UN5CL_HUMAN_TRANSMEM1	Length=70	Networks=SignalP-noTM
# pos  aa    C       S       Y
    1   S   0.102   0.929   0.308
    2   Q   0.100   0.916   0.305
    3   F   0.101   0.929   0.306
    4   L   0.101   0.918   0.306
    5   L   0.102   0.940   0.307
    6   L   0.102   0.925   0.307
    7   V   0.103   0.891   0.309
    8   G   0.105   0.903   0.312
    9   V   0.099   0.850   0.303
   10   P   0.101   0.832   0.305
   11   V   0.105   0.914   0.311
   12   A   0.097   0.938   0.298
   13   S   0.093   0.891   0.293
   14   V   0.098   0.884   0.300
   15   L   0.102   0.814   0.305
   16   L   0.105   0.842   0.309
   17   L   0.106   0.818   0.310
   18   A   0.111   0.785   0.316
   19   Q   0.221   0.442   0.444
   20   C   0.108   0.499   0.306
   21   L   0.210   0.191   0.422
   22   R   0.103   0.371   0.290
   23   W   0.147   0.276   0.341
   24   H   0.117   0.216   0.298
   25   C   0.100   0.236   0.271
   26   P   0.104   0.225   0.269
   27   R   0.111   0.251   0.272
   28   R   0.104   0.177   0.257
   29   L   0.109   0.177   0.256
   30   L   0.102   0.211   0.241
   31   G   0.101   0.160   0.233
   32   A   0.137   0.137   0.263
   33   C   0.119   0.116   0.238
   34   W   0.109   0.111   0.219
   35   T   0.107   0.117   0.207
   36   L   0.113   0.118   0.203
   37   N   0.103   0.128   0.185
   38   G   0.098   0.179   0.171
   39   Q   0.108   0.139   0.171
   40   E   0.110   0.110   0.162
   41   E   0.110   0.103   0.152
   42   P   0.097   0.107   0.137
   43   V   0.097   0.104   0.131
   44   S   0.099   0.107   0.130
   45   Q   0.105   0.109   0.129
   46   P   0.095   0.111   0.120
   47   T   0.107   0.107   0.125
   48   P   0.108   0.110   0.123
   49   Q   0.102   0.109   0.118
   50   L   0.104   0.111   0.116
   51   E   0.100   0.106   0.112
   52   N   0.096   0.113   0.109
   53   E   0.101   0.103   0.110
   54   V   0.105   0.098   0.111
   55   S   0.107   0.090   0.110
   56   R   0.104   0.092   0.109
   57   Q   0.100   0.092   0.106
   58   H   0.102   0.093   0.107
   59   L   0.103   0.096   0.106
   60   P   0.106   0.095   0.107
   61   A   0.103   0.096   0.104
   62   T   0.101   0.096   0.102
   63   L   0.105   0.098   0.103
   64   P   0.101   0.095   0.102
   65   E   0.101   0.095   0.101
   66   M   0.101   0.096   0.101
   67   V   0.102   0.097   0.101
   68   A   0.107   0.097   0.104
   69   F   0.097   0.096   0.098
   70   Y   0.104   0.100   0.101
# Measure  Position  Value    Cutoff   signal peptide?
  max. C    19       0.221
  max. Y    19       0.444
  max. S     5       0.940
  mean S     1-18    0.884
       D     1-18    0.682   0.450   YES
Name=UN5CL_HUMAN_TRANSMEM1	SP='YES' Cleavage site between pos. 18 and 19: LLA-QC D=0.682 D-cutoff=0.450 Networks=SignalP-noTM
