# SignalP-4.1 euk predictions
# Name=UN93A_HUMAN_TRANSMEM11	Length=70	Networks=SignalP-TM
# pos  aa    C       S       Y
    1   R   0.102   0.417   0.206
    2   L   0.103   0.417   0.208
    3   W   0.102   0.410   0.206
    4   E   0.103   0.396   0.207
    5   A   0.104   0.354   0.207
    6   L   0.097   0.295   0.200
    7   G   0.106   0.222   0.206
    8   F   0.100   0.188   0.197
    9   V   0.105   0.209   0.197
   10   I   0.104   0.229   0.193
   11   A   0.104   0.215   0.189
   12   F   0.096   0.122   0.178
   13   G   0.103   0.089   0.178
   14   Y   0.102   0.067   0.170
   15   S   0.101   0.058   0.162
   16   M   0.114   0.059   0.163
   17   F   0.100   0.064   0.144
   18   L   0.111   0.055   0.143
   19   C   0.103   0.076   0.128
   20   V   0.122   0.037   0.130
   21   H   0.102   0.060   0.111
   22   V   0.106   0.083   0.108
   23   K   0.110   0.104   0.106
   24   L   0.102   0.113   0.098
   25   Y   0.112   0.129   0.098
   26   I   0.104   0.091   0.091
   27   L   0.103   0.134   0.089
   28   L   0.102   0.171   0.090
   29   G   0.104   0.194   0.096
   30   V   0.103   0.218   0.100
   31   L   0.103   0.269   0.106
   32   S   0.104   0.220   0.114
   33   L   0.158   0.220   0.146
   34   T   0.102   0.193   0.122
   35   M   0.105   0.272   0.128
   36   V   0.103   0.375   0.133
   37   A   0.108   0.348   0.144
   38   Y   0.106   0.263   0.149
   39   G   0.105   0.151   0.153
   40   L   0.299   0.062   0.258
   41   V   0.101   0.088   0.149
   42   E   0.114   0.084   0.158
   43   C   0.100   0.121   0.146
   44   V   0.182   0.085   0.194
   45   E   0.106   0.114   0.144
   46   S   0.106   0.112   0.140
   47   K   0.163   0.100   0.170
   48   N   0.103   0.100   0.132
   49   P   0.103   0.102   0.129
   50   I   0.102   0.105   0.124
   51   R   0.102   0.107   0.116
   52   P   0.108   0.105   0.111
   53   H   0.104   0.106   0.103
   54   A   0.100   0.107   0.100
   55   P   0.098   0.106   0.100
   56   G   0.105   0.109   0.104
   57   Q   0.098   0.109   0.102
   58   V   0.107   0.105   0.106
   59   N   0.105   0.105   0.106
   60   Q   0.105   0.104   0.105
   61   A   0.098   0.108   0.102
   62   E   0.101   0.106   0.103
   63   D   0.108   0.103   0.107
   64   E   0.097   0.110   0.101
   65   E   0.103   0.106   0.105
   66   I   0.105   0.106   0.106
   67   Q   0.102   0.107   0.104
   68   T   0.103   0.106   0.105
   69   K   0.103   0.107   0.105
   70   M   0.103   0.105   0.105
# Measure  Position  Value    Cutoff   signal peptide?
  max. C    40       0.299
  max. Y    40       0.258
  max. S     1       0.417
  mean S     1-39    0.195
       D     1-39    0.233   0.500   NO
Name=UN93A_HUMAN_TRANSMEM11	SP='NO' D=0.233 D-cutoff=0.500 Networks=SignalP-TM
