# SignalP-4.1 euk predictions
# Name=USH2A_HUMAN_TRANSMEM1	Length=70	Networks=SignalP-noTM
# pos  aa    C       S       Y
    1   F   0.101   0.973   0.313
    2   I   0.104   0.980   0.319
    3   V   0.100   0.984   0.313
    4   L   0.104   0.985   0.318
    5   M   0.105   0.986   0.320
    6   A   0.101   0.980   0.313
    7   M   0.099   0.962   0.311
    8   L   0.105   0.959   0.320
    9   G   0.100   0.963   0.311
   10   L   0.100   0.982   0.312
   11   I   0.105   0.987   0.319
   12   L   0.100   0.993   0.312
   13   L   0.103   0.991   0.317
   14   A   0.116   0.987   0.337
   15   I   0.113   0.969   0.332
   16   F   0.103   0.963   0.317
   17   L   0.125   0.926   0.349
   18   S   0.122   0.908   0.344
   19   L   0.152   0.868   0.384
   20   I   0.107   0.890   0.321
   21   L   0.126   0.893   0.349
   22   Q   0.143   0.857   0.370
   23   R   0.580   0.558   0.744
   24   K   0.112   0.465   0.323
   25   I   0.105   0.639   0.310
   26   H   0.125   0.321   0.334
   27   K   0.140   0.202   0.349
   28   E   0.363   0.109   0.549
   29   P   0.097   0.144   0.277
   30   Y   0.105   0.114   0.282
   31   I   0.101   0.109   0.269
   32   R   0.096   0.117   0.254
   33   E   0.102   0.129   0.254
   34   R   0.099   0.112   0.244
   35   P   0.106   0.106   0.244
   36   P   0.103   0.106   0.231
   37   L   0.105   0.100   0.224
   38   V   0.105   0.092   0.214
   39   P   0.104   0.095   0.204
   40   L   0.111   0.099   0.200
   41   Q   0.101   0.095   0.181
   42   K   0.103   0.088   0.173
   43   R   0.104   0.088   0.162
   44   M   0.099   0.086   0.146
   45   S   0.104   0.086   0.137
   46   P   0.102   0.085   0.128
   47   L   0.101   0.089   0.120
   48   N   0.101   0.090   0.109
   49   V   0.096   0.089   0.101
   50   Y   0.101   0.088   0.101
   51   P   0.102   0.094   0.101
   52   P   0.100   0.095   0.099
   53   G   0.102   0.099   0.099
   54   E   0.100   0.097   0.098
   55   N   0.103   0.099   0.099
   56   H   0.101   0.098   0.098
   57   M   0.101   0.102   0.097
   58   G   0.104   0.104   0.099
   59   L   0.102   0.103   0.098
   60   A   0.108   0.110   0.100
   61   D   0.104   0.104   0.099
   62   T   0.103   0.102   0.099
   63   K   0.097   0.103   0.096
   64   I   0.105   0.097   0.100
   65   P   0.107   0.100   0.101
   66   R   0.102   0.101   0.099
   67   S   0.107   0.098   0.102
   68   G   0.104   0.098   0.101
   69   T   0.094   0.100   0.096
   70   P   0.103   0.099   0.101
# Measure  Position  Value    Cutoff   signal peptide?
  max. C    23       0.580
  max. Y    23       0.744
  max. S    12       0.993
  mean S     1-22    0.954
       D     1-22    0.857   0.450   YES
Name=USH2A_HUMAN_TRANSMEM1	SP='YES' Cleavage site between pos. 22 and 23: ILQ-RK D=0.857 D-cutoff=0.450 Networks=SignalP-noTM
