# SignalP-4.1 euk predictions
# Name=UT2_HUMAN_TRANSMEM15	Length=70	Networks=SignalP-noTM
# pos  aa    C       S       Y
    1   I   0.101   0.462   0.217
    2   Y   0.101   0.429   0.217
    3   F   0.101   0.500   0.216
    4   G   0.104   0.541   0.219
    5   L   0.100   0.652   0.215
    6   C   0.106   0.695   0.224
    7   G   0.100   0.650   0.220
    8   F   0.099   0.655   0.221
    9   N   0.098   0.582   0.222
   10   S   0.103   0.525   0.229
   11   T   0.099   0.592   0.225
   12   L   0.099   0.633   0.226
   13   A   0.098   0.652   0.227
   14   C   0.107   0.513   0.239
   15   I   0.108   0.509   0.240
   16   A   0.101   0.484   0.232
   17   I   0.109   0.464   0.242
   18   G   0.097   0.454   0.229
   19   G   0.104   0.344   0.237
   20   M   0.102   0.400   0.233
   21   F   0.107   0.324   0.238
   22   Y   0.113   0.414   0.244
   23   V   0.106   0.448   0.235
   24   I   0.103   0.606   0.231
   25   T   0.103   0.760   0.234
   26   W   0.122   0.833   0.257
   27   Q   0.132   0.871   0.271
   28   T   0.221   0.768   0.353
   29   H   0.107   0.763   0.247
   30   L   0.101   0.804   0.241
   31   L   0.115   0.741   0.258
   32   A   0.105   0.819   0.248
   33   I   0.122   0.818   0.271
   34   A   0.104   0.872   0.252
   35   C   0.105   0.726   0.256
   36   A   0.110   0.813   0.261
   37   L   0.140   0.605   0.299
   38   F   0.101   0.817   0.254
   39   A   0.107   0.903   0.265
   40   A   0.122   0.785   0.287
   41   Y   0.103   0.774   0.267
   42   L   0.101   0.804   0.269
   43   G   0.107   0.849   0.279
   44   A   0.129   0.818   0.312
   45   A   0.139   0.685   0.328
   46   L   0.170   0.536   0.365
   47   A   0.127   0.419   0.314
   48   N   0.455   0.208   0.590
   49   M   0.109   0.278   0.283
   50   L   0.111   0.297   0.280
   51   S   0.109   0.266   0.274
   52   V   0.106   0.179   0.265
   53   F   0.101   0.158   0.254
   54   G   0.104   0.176   0.252
   55   L   0.178   0.126   0.322
   56   P   0.110   0.114   0.245
   57   P   0.100   0.106   0.227
   58   C   0.104   0.110   0.225
   59   T   0.103   0.106   0.217
   60   W   0.104   0.104   0.212
   61   P   0.103   0.102   0.203
   62   F   0.127   0.103   0.215
   63   C   0.100   0.105   0.182
   64   L   0.104   0.100   0.178
   65   S   0.102   0.101   0.166
   66   A   0.128   0.101   0.174
   67   L   0.107   0.111   0.148
   68   T   0.104   0.103   0.136
   69   F   0.097   0.106   0.124
   70   L   0.105   0.101   0.123
# Measure  Position  Value    Cutoff   signal peptide?
  max. C    48       0.455
  max. Y    48       0.590
  max. S    39       0.903
  mean S     1-47    0.641
       D     1-47    0.617   0.450   YES
Name=UT2_HUMAN_TRANSMEM15	SP='YES' Cleavage site between pos. 47 and 48: ALA-NM D=0.617 D-cutoff=0.450 Networks=SignalP-noTM
