# SignalP-4.1 euk predictions
# Name=VDAC1_HUMAN_TRANSMEM5	Length=70	Networks=SignalP-TM
# pos  aa    C       S       Y
    1   T   0.102   0.106   0.104
    2   L   0.102   0.098   0.104
    3   G   0.103   0.091   0.104
    4   T   0.104   0.085   0.104
    5   E   0.103   0.086   0.103
    6   I   0.101   0.083   0.101
    7   T   0.102   0.082   0.101
    8   V   0.101   0.080   0.099
    9   E   0.101   0.078   0.098
   10   D   0.103   0.076   0.098
   11   Q   0.098   0.090   0.095
   12   L   0.103   0.067   0.097
   13   A   0.102   0.082   0.095
   14   R   0.096   0.076   0.091
   15   G   0.106   0.081   0.094
   16   L   0.107   0.082   0.094
   17   K   0.103   0.080   0.091
   18   L   0.100   0.085   0.090
   19   T   0.103   0.086   0.091
   20   F   0.101   0.087   0.090
   21   D   0.103   0.095   0.091
   22   S   0.102   0.095   0.091
   23   S   0.100   0.089   0.091
   24   F   0.098   0.096   0.090
   25   S   0.100   0.097   0.092
   26   P   0.099   0.100   0.092
   27   N   0.099   0.105   0.093
   28   T   0.100   0.113   0.095
   29   G   0.101   0.121   0.097
   30   K   0.104   0.114   0.100
   31   K   0.102   0.114   0.099
   32   N   0.102   0.117   0.101
   33   A   0.100   0.119   0.101
   34   K   0.102   0.109   0.103
   35   I   0.104   0.110   0.105
   36   K   0.101   0.110   0.104
   37   T   0.106   0.107   0.107
   38   G   0.103   0.107   0.106
   39   Y   0.100   0.104   0.105
   40   K   0.104   0.101   0.107
   41   R   0.100   0.102   0.105
   42   E   0.103   0.102   0.107
   43   H   0.103   0.104   0.106
   44   I   0.104   0.104   0.106
   45   N   0.103   0.097   0.105
   46   L   0.102   0.092   0.105
   47   G   0.102   0.095   0.104
   48   C   0.100   0.099   0.102
   49   D   0.103   0.094   0.103
   50   M   0.101   0.093   0.101
   51   D   0.100   0.091   0.100
   52   F   0.101   0.083   0.100
   53   D   0.105   0.087   0.101
   54   I   0.104   0.076   0.100
   55   A   0.102   0.075   0.098
   56   G   0.095   0.079   0.094
   57   P   0.101   0.082   0.096
   58   S   0.103   0.080   0.096
   59   I   0.100   0.088   0.094
   60   R   0.104   0.094   0.095
   61   G   0.099   0.100   0.093
   62   A   0.102   0.095   0.094
   63   L   0.101   0.095   0.094
   64   V   0.108   0.091   0.097
   65   L   0.102   0.087   0.094
   66   G   0.105   0.096   0.095
   67   Y   0.098   0.091   0.093
   68   E   0.106   0.092   0.096
   69   G   0.104   0.092   0.096
   70   W   0.095   0.097   0.093
# Measure  Position  Value    Cutoff   signal peptide?
  max. C    64       0.108
  max. Y    40       0.107
  max. S    29       0.121
  mean S     1-39    0.095
       D     1-39    0.102   0.500   NO
Name=VDAC1_HUMAN_TRANSMEM5	SP='NO' D=0.102 D-cutoff=0.500 Networks=SignalP-TM
