# SignalP-4.1 euk predictions
# Name=VKOR1_HUMAN_TRANSMEM2	Length=70	Networks=SignalP-TM
# pos  aa    C       S       Y
    1   I   0.102   0.567   0.240
    2   L   0.102   0.616   0.240
    3   N   0.103   0.668   0.243
    4   Q   0.101   0.522   0.241
    5   S   0.103   0.473   0.243
    6   N   0.099   0.384   0.237
    7   S   0.102   0.326   0.238
    8   I   0.100   0.356   0.232
    9   F   0.100   0.446   0.228
   10   G   0.100   0.472   0.226
   11   C   0.099   0.343   0.224
   12   I   0.101   0.286   0.223
   13   F   0.099   0.191   0.216
   14   Y   0.099   0.120   0.209
   15   T   0.099   0.131   0.202
   16   L   0.104   0.169   0.199
   17   Q   0.103   0.162   0.189
   18   L   0.103   0.199   0.179
   19   L   0.101   0.236   0.171
   20   L   0.104   0.180   0.168
   21   G   0.106   0.146   0.165
   22   C   0.129   0.145   0.178
   23   L   0.110   0.146   0.159
   24   R   0.102   0.169   0.146
   25   T   0.123   0.136   0.152
   26   R   0.115   0.094   0.141
   27   W   0.100   0.137   0.126
   28   A   0.108   0.110   0.129
   29   S   0.273   0.084   0.205
   30   V   0.102   0.068   0.124
   31   L   0.107   0.048   0.124
   32   M   0.104   0.039   0.118
   33   L   0.106   0.034   0.115
   34   L   0.105   0.026   0.107
   35   S   0.101   0.029   0.100
   36   S   0.103   0.021   0.096
   37   L   0.105   0.017   0.092
   38   V   0.102   0.021   0.086
   39   S   0.104   0.022   0.080
   40   L   0.107   0.027   0.076
   41   A   0.111   0.026   0.074
   42   G   0.128   0.013   0.072
   43   S   0.122   0.016   0.064
   44   V   0.290   0.009   0.092
   45   Y   0.104   0.009   0.051
   46   L   0.103   0.010   0.048
   47   A   0.123   0.006   0.050
   48   W   0.101   0.007   0.043
   49   I   0.105   0.007   0.042
   50   L   0.099   0.008   0.039
   51   F   0.105   0.015   0.039
   52   F   0.101   0.018   0.038
   53   V   0.104   0.021   0.038
   54   L   0.101   0.021   0.037
   55   Y   0.106   0.020   0.038
   56   D   0.102   0.029   0.036
   57   F   0.102   0.022   0.038
   58   C   0.103   0.020   0.038
   59   I   0.108   0.031   0.040
   60   V   0.101   0.029   0.041
   61   C   0.102   0.030   0.043
   62   I   0.103   0.027   0.045
   63   T   0.098   0.040   0.046
   64   T   0.104   0.045   0.050
   65   Y   0.105   0.056   0.052
   66   A   0.096   0.086   0.053
   67   I   0.111   0.073   0.061
   68   N   0.102   0.091   0.062
   69   V   0.099   0.096   0.065
   70   S   0.102   0.088   0.070
# Measure  Position  Value    Cutoff   signal peptide?
  max. C    44       0.290
  max. Y    11       0.224
  max. S     3       0.668
  mean S     1-10    0.483
       D     1-10    0.327   0.500   NO
Name=VKOR1_HUMAN_TRANSMEM2	SP='NO' D=0.327 D-cutoff=0.500 Networks=SignalP-TM
