# SignalP-4.1 euk predictions
# Name=VMAT2_HUMAN_TRANSMEM3	Length=70	Networks=SignalP-noTM
# pos  aa    C       S       Y
    1   I   0.102   0.862   0.296
    2   P   0.101   0.864   0.295
    3   I   0.106   0.876   0.302
    4   F   0.103   0.882   0.298
    5   A   0.106   0.815   0.302
    6   G   0.097   0.836   0.289
    7   F   0.099   0.880   0.292
    8   C   0.101   0.891   0.295
    9   I   0.104   0.900   0.300
   10   M   0.099   0.843   0.293
   11   F   0.097   0.840   0.290
   12   V   0.100   0.832   0.293
   13   S   0.100   0.877   0.293
   14   T   0.099   0.899   0.293
   15   I   0.110   0.891   0.308
   16   M   0.099   0.914   0.293
   17   F   0.112   0.909   0.312
   18   A   0.108   0.917   0.306
   19   F   0.185   0.828   0.402
   20   S   0.102   0.877   0.297
   21   S   0.320   0.655   0.528
   22   S   0.102   0.767   0.296
   23   Y   0.228   0.705   0.442
   24   A   0.109   0.749   0.304
   25   F   0.549   0.439   0.681
   26   L   0.099   0.444   0.286
   27   L   0.110   0.301   0.298
   28   I   0.105   0.348   0.286
   29   A   0.107   0.395   0.286
   30   R   0.107   0.375   0.280
   31   S   0.108   0.493   0.277
   32   L   0.117   0.369   0.286
   33   Q   0.104   0.300   0.265
   34   G   0.107   0.307   0.264
   35   I   0.141   0.221   0.297
   36   G   0.100   0.409   0.244
   37   S   0.113   0.220   0.255
   38   S   0.122   0.155   0.257
   39   C   0.108   0.127   0.234
   40   S   0.102   0.128   0.220
   41   S   0.113   0.137   0.223
   42   V   0.099   0.132   0.200
   43   A   0.102   0.130   0.194
   44   G   0.100   0.144   0.187
   45   M   0.111   0.117   0.188
   46   G   0.101   0.109   0.172
   47   M   0.100   0.120   0.163
   48   L   0.107   0.122   0.163
   49   A   0.102   0.135   0.155
   50   S   0.101   0.133   0.152
   51   V   0.107   0.113   0.152
   52   Y   0.103   0.110   0.145
   53   T   0.107   0.108   0.143
   54   D   0.121   0.108   0.145
   55   D   0.104   0.101   0.130
   56   E   0.103   0.098   0.126
   57   E   0.101   0.100   0.121
   58   R   0.101   0.104   0.118
   59   G   0.105   0.099   0.115
   60   N   0.104   0.100   0.111
   61   V   0.104   0.103   0.110
   62   M   0.103   0.102   0.109
   63   G   0.106   0.100   0.110
   64   I   0.097   0.101   0.105
   65   A   0.107   0.098   0.109
   66   L   0.104   0.100   0.107
   67   G   0.107   0.097   0.107
   68   G   0.098   0.103   0.102
   69   L   0.109   0.097   0.108
   70   A   0.112   0.096   0.109
# Measure  Position  Value    Cutoff   signal peptide?
  max. C    25       0.549
  max. Y    25       0.681
  max. S    18       0.917
  mean S     1-24    0.846
       D     1-24    0.770   0.450   YES
Name=VMAT2_HUMAN_TRANSMEM3	SP='YES' Cleavage site between pos. 24 and 25: SYA-FL D=0.770 D-cutoff=0.450 Networks=SignalP-noTM
