# SignalP-4.1 euk predictions
# Name=XKR9_HUMAN_TRANSMEM7	Length=70	Networks=SignalP-noTM
# pos  aa    C       S       Y
    1   V   0.101   0.835   0.291
    2   L   0.102   0.806   0.292
    3   G   0.106   0.807   0.297
    4   T   0.101   0.833   0.290
    5   L   0.107   0.830   0.298
    6   G   0.105   0.846   0.296
    7   I   0.100   0.807   0.289
    8   L   0.103   0.799   0.292
    9   T   0.103   0.715   0.292
   10   V   0.102   0.655   0.290
   11   F   0.099   0.647   0.284
   12   W   0.100   0.686   0.285
   13   V   0.094   0.733   0.275
   14   C   0.098   0.595   0.280
   15   P   0.099   0.690   0.279
   16   L   0.105   0.600   0.285
   17   T   0.104   0.671   0.282
   18   I   0.109   0.563   0.288
   19   F   0.120   0.442   0.300
   20   N   0.166   0.279   0.349
   21   P   0.098   0.225   0.263
   22   D   0.117   0.411   0.281
   23   Y   0.102   0.549   0.259
   24   F   0.100   0.629   0.254
   25   I   0.132   0.495   0.290
   26   P   0.099   0.489   0.248
   27   I   0.108   0.527   0.256
   28   S   0.101   0.541   0.245
   29   I   0.100   0.574   0.241
   30   T   0.099   0.641   0.237
   31   I   0.130   0.730   0.270
   32   V   0.097   0.756   0.234
   33   L   0.099   0.694   0.237
   34   T   0.101   0.839   0.240
   35   L   0.107   0.839   0.249
   36   L   0.102   0.840   0.243
   37   L   0.106   0.873   0.251
   38   G   0.103   0.900   0.249
   39   I   0.114   0.879   0.265
   40   L   0.103   0.892   0.253
   41   F   0.107   0.881   0.262
   42   L   0.111   0.833   0.271
   43   I   0.106   0.824   0.269
   44   V   0.095   0.837   0.259
   45   Y   0.102   0.859   0.274
   46   Y   0.102   0.862   0.276
   47   G   0.120   0.739   0.301
   48   S   0.131   0.621   0.316
   49   F   0.146   0.386   0.335
   50   H   0.174   0.193   0.365
   51   P   0.102   0.140   0.277
   52   N   0.110   0.131   0.283
   53   R   0.102   0.145   0.268
   54   S   0.109   0.147   0.272
   55   A   0.135   0.137   0.297
   56   E   0.110   0.116   0.262
   57   T   0.102   0.108   0.246
   58   K   0.103   0.107   0.240
   59   C   0.105   0.111   0.235
   60   D   0.110   0.109   0.233
   61   E   0.101   0.107   0.215
   62   I   0.103   0.106   0.209
   63   D   0.106   0.105   0.202
   64   G   0.104   0.102   0.191
   65   K   0.101   0.099   0.180
   66   P   0.110   0.102   0.177
   67   V   0.105   0.101   0.162
   68   L   0.105   0.104   0.151
   69   R   0.100   0.101   0.135
   70   E   0.104   0.101   0.126
# Measure  Position  Value    Cutoff   signal peptide?
  max. C    50       0.174
  max. Y    50       0.365
  max. S    38       0.900
  mean S     1-49    0.694
       D     1-49    0.542   0.450   YES
Name=XKR9_HUMAN_TRANSMEM7	SP='YES' Cleavage site between pos. 49 and 50: GSF-HP D=0.542 D-cutoff=0.450 Networks=SignalP-noTM
