# SignalP-4.1 euk predictions
# Name=ZH11B_HUMAN_TRANSMEM3	Length=70	Networks=SignalP-TM
# pos  aa    C       S       Y
    1   A   0.103   0.494   0.226
    2   T   0.101   0.479   0.223
    3   A   0.105   0.528   0.227
    4   G   0.099   0.514   0.222
    5   M   0.102   0.522   0.226
    6   L   0.101   0.405   0.225
    7   C   0.103   0.331   0.225
    8   L   0.103   0.389   0.223
    9   I   0.104   0.504   0.222
   10   A   0.103   0.550   0.221
   11   I   0.102   0.512   0.221
   12   L   0.102   0.420   0.221
   13   L   0.101   0.461   0.218
   14   Y   0.102   0.576   0.219
   15   V   0.101   0.607   0.219
   16   L   0.101   0.714   0.222
   17   V   0.104   0.772   0.229
   18   Q   0.159   0.633   0.287
   19   Y   0.112   0.609   0.243
   20   L   0.160   0.427   0.293
   21   V   0.114   0.316   0.247
   22   N   0.108   0.271   0.240
   23   P   0.111   0.259   0.242
   24   R   0.160   0.174   0.286
   25   V   0.104   0.240   0.224
   26   L   0.103   0.219   0.219
   27   R   0.103   0.172   0.215
   28   T   0.153   0.121   0.256
   29   D   0.170   0.089   0.259
   30   P   0.103   0.092   0.192
   31   R   0.104   0.083   0.180
   32   Y   0.104   0.090   0.166
   33   E   0.101   0.096   0.151
   34   D   0.103   0.088   0.140
   35   V   0.098   0.079   0.127
   36   K   0.101   0.074   0.122
   37   N   0.104   0.098   0.118
   38   M   0.103   0.122   0.112
   39   N   0.103   0.094   0.111
   40   T   0.107   0.092   0.107
   41   W   0.101   0.115   0.100
   42   L   0.104   0.111   0.099
   43   L   0.103   0.101   0.099
   44   F   0.104   0.074   0.100
   45   L   0.102   0.051   0.098
   46   P   0.104   0.033   0.098
   47   L   0.104   0.030   0.096
   48   F   0.105   0.020   0.093
   49   P   0.103   0.019   0.090
   50   V   0.102   0.014   0.087
   51   Q   0.100   0.015   0.083
   52   V   0.102   0.017   0.081
   53   Q   0.100   0.014   0.075
   54   T   0.102   0.015   0.072
   55   L   0.139   0.012   0.079
   56   I   0.102   0.017   0.062
   57   V   0.099   0.013   0.055
   58   V   0.097   0.014   0.049
   59   I   0.102   0.014   0.045
   60   I   0.102   0.016   0.042
   61   R   0.101   0.027   0.041
   62   M   0.103   0.027   0.041
   63   L   0.101   0.031   0.041
   64   V   0.101   0.045   0.042
   65   L   0.102   0.042   0.045
   66   L   0.105   0.049   0.048
   67   L   0.100   0.073   0.049
   68   D   0.105   0.087   0.054
   69   L   0.103   0.087   0.059
   70   L   0.101   0.083   0.063
# Measure  Position  Value    Cutoff   signal peptide?
  max. C    29       0.170
  max. Y    20       0.293
  max. S    17       0.772
  mean S     1-19    0.527
       D     1-19    0.387   0.500   NO
Name=ZH11B_HUMAN_TRANSMEM3	SP='NO' D=0.387 D-cutoff=0.500 Networks=SignalP-TM
