# SignalP-4.1 euk predictions
# Name=ABCA3_HUMAN_TRANSMEM1	Length=70	Networks=SignalP-TM
# pos  aa    C       S       Y
    1   L   0.103   0.566   0.241
    2   Q   0.102   0.486   0.240
    3   K   0.101   0.391   0.238
    4   R   0.102   0.302   0.236
    5   K   0.103   0.241   0.234
    6   V   0.103   0.207   0.228
    7   L   0.102   0.204   0.221
    8   V   0.103   0.156   0.217
    9   T   0.099   0.125   0.206
   10   V   0.104   0.112   0.202
   11   L   0.099   0.078   0.189
   12   E   0.103   0.085   0.183
   13   L   0.100   0.151   0.171
   14   F   0.099   0.127   0.161
   15   L   0.104   0.114   0.155
   16   P   0.102   0.139   0.142
   17   L   0.103   0.126   0.134
   18   L   0.104   0.229   0.127
   19   F   0.101   0.256   0.123
   20   S   0.105   0.294   0.126
   21   G   0.131   0.150   0.143
   22   I   0.132   0.111   0.142
   23   L   0.101   0.143   0.123
   24   I   0.102   0.175   0.124
   25   W   0.108   0.168   0.130
   26   L   0.104   0.201   0.130
   27   R   0.101   0.269   0.131
   28   L   0.102   0.260   0.135
   29   K   0.102   0.256   0.138
   30   I   0.105   0.258   0.144
   31   Q   0.104   0.240   0.147
   32   S   0.112   0.259   0.155
   33   E   0.285   0.160   0.249
   34   N   0.101   0.173   0.146
   35   V   0.108   0.143   0.147
   36   P   0.099   0.139   0.141
   37   N   0.104   0.159   0.145
   38   A   0.100   0.141   0.143
   39   T   0.100   0.130   0.142
   40   I   0.104   0.119   0.144
   41   Y   0.103   0.110   0.141
   42   P   0.103   0.107   0.137
   43   G   0.102   0.100   0.132
   44   Q   0.100   0.101   0.126
   45   S   0.105   0.100   0.125
   46   I   0.101   0.098   0.118
   47   Q   0.102   0.094   0.114
   48   E   0.101   0.094   0.111
   49   L   0.100   0.088   0.108
   50   P   0.105   0.085   0.109
   51   L   0.103   0.088   0.106
   52   F   0.105   0.087   0.104
   53   F   0.102   0.087   0.101
   54   T   0.104   0.086   0.100
   55   F   0.103   0.089   0.099
   56   P   0.103   0.089   0.098
   57   P   0.102   0.091   0.097
   58   P   0.104   0.095   0.097
   59   G   0.103   0.099   0.097
   60   D   0.099   0.099   0.095
   61   T   0.101   0.102   0.096
   62   W   0.113   0.103   0.102
   63   E   0.101   0.101   0.096
   64   L   0.100   0.103   0.096
   65   A   0.104   0.105   0.099
   66   Y   0.098   0.105   0.097
   67   I   0.105   0.104   0.101
   68   P   0.100   0.103   0.099
   69   S   0.108   0.103   0.103
   70   H   0.102   0.100   0.101
# Measure  Position  Value    Cutoff   signal peptide?
  max. C    33       0.285
  max. Y    33       0.249
  max. S     1       0.566
  mean S     1-32    0.215
       D     1-32    0.235   0.500   NO
Name=ABCA3_HUMAN_TRANSMEM1	SP='NO' D=0.235 D-cutoff=0.500 Networks=SignalP-TM
