# SignalP-4.1 euk predictions
# Name=ABCB9_HUMAN_TRANSMEM1	Length=70	Networks=SignalP-noTM
# pos  aa    C       S       Y
    1   R   0.102   0.880   0.299
    2   L   0.104   0.897   0.303
    3   W   0.100   0.906   0.297
    4   K   0.102   0.920   0.301
    5   A   0.104   0.923   0.303
    6   V   0.096   0.919   0.291
    7   V   0.105   0.896   0.305
    8   V   0.102   0.882   0.300
    9   T   0.101   0.842   0.299
   10   L   0.105   0.817   0.304
   11   A   0.099   0.793   0.295
   12   F   0.095   0.802   0.289
   13   M   0.103   0.813   0.300
   14   S   0.100   0.677   0.296
   15   V   0.104   0.705   0.300
   16   D   0.106   0.675   0.301
   17   I   0.101   0.669   0.293
   18   C   0.122   0.608   0.320
   19   V   0.160   0.451   0.363
   20   T   0.103   0.521   0.288
   21   T   0.178   0.366   0.375
   22   A   0.135   0.250   0.321
   23   I   0.423   0.129   0.558
   24   Y   0.112   0.132   0.280
   25   V   0.103   0.139   0.262
   26   F   0.104   0.122   0.257
   27   S   0.108   0.148   0.253
   28   H   0.132   0.112   0.272
   29   L   0.100   0.122   0.229
   30   D   0.107   0.116   0.229
   31   R   0.098   0.120   0.211
   32   S   0.107   0.122   0.212
   33   L   0.108   0.126   0.206
   34   L   0.102   0.136   0.192
   35   E   0.127   0.102   0.205
   36   D   0.099   0.093   0.171
   37   I   0.104   0.093   0.168
   38   R   0.103   0.094   0.158
   39   H   0.105   0.098   0.151
   40   F   0.095   0.091   0.135
   41   N   0.096   0.099   0.127
   42   I   0.104   0.110   0.125
   43   F   0.099   0.097   0.114
   44   D   0.100   0.102   0.110
   45   S   0.100   0.105   0.107
   46   V   0.096   0.108   0.104
   47   L   0.102   0.094   0.107
   48   D   0.103   0.106   0.106
   49   L   0.096   0.104   0.102
   50   W   0.101   0.126   0.104
   51   A   0.108   0.128   0.108
   52   A   0.101   0.115   0.105
   53   C   0.096   0.121   0.102
   54   L   0.097   0.112   0.102
   55   Y   0.102   0.108   0.105
   56   R   0.100   0.109   0.103
   57   S   0.103   0.101   0.104
   58   C   0.096   0.097   0.101
   59   L   0.101   0.099   0.103
   60   L   0.102   0.101   0.104
   61   L   0.100   0.097   0.103
   62   G   0.107   0.097   0.106
   63   A   0.121   0.096   0.113
   64   T   0.100   0.093   0.103
   65   I   0.107   0.097   0.106
   66   G   0.099   0.100   0.102
   67   V   0.106   0.099   0.105
   68   A   0.103   0.101   0.104
   69   K   0.125   0.101   0.114
   70   N   0.102   0.099   0.104
# Measure  Position  Value    Cutoff   signal peptide?
  max. C    23       0.423
  max. Y    23       0.558
  max. S     5       0.923
  mean S     1-22    0.737
       D     1-22    0.655   0.450   YES
Name=ABCB9_HUMAN_TRANSMEM1	SP='YES' Cleavage site between pos. 22 and 23: TTA-IY D=0.655 D-cutoff=0.450 Networks=SignalP-noTM
