# SignalP-4.1 euk predictions
# Name=ABCB6_HUMAN_TRANSMEM9	Length=70	Networks=SignalP-noTM
# pos  aa    C       S       Y
    1   L   0.102   0.843   0.293
    2   N   0.103   0.831   0.294
    3   Q   0.101   0.807   0.292
    4   T   0.104   0.833   0.296
    5   Q   0.102   0.880   0.294
    6   N   0.103   0.879   0.294
    7   L   0.099   0.878   0.289
    8   V   0.099   0.861   0.289
    9   I   0.101   0.798   0.292
   10   G   0.104   0.787   0.296
   11   L   0.094   0.819   0.281
   12   G   0.106   0.844   0.298
   13   L   0.098   0.897   0.287
   14   L   0.103   0.922   0.295
   15   A   0.100   0.904   0.291
   16   G   0.098   0.832   0.289
   17   S   0.104   0.798   0.297
   18   L   0.099   0.819   0.290
   19   L   0.108   0.816   0.302
   20   C   0.111   0.791   0.306
   21   A   0.170   0.422   0.378
   22   Y   0.136   0.353   0.334
   23   F   0.128   0.266   0.320
   24   V   0.112   0.310   0.295
   25   T   0.103   0.402   0.278
   26   E   0.112   0.283   0.286
   27   Q   0.138   0.154   0.313
   28   K   0.107   0.114   0.269
   29   L   0.106   0.127   0.261
   30   Q   0.104   0.123   0.251
   31   V   0.106   0.106   0.246
   32   G   0.108   0.109   0.241
   33   D   0.103   0.097   0.230
   34   Y   0.099   0.096   0.217
   35   V   0.112   0.087   0.223
   36   L   0.101   0.091   0.202
   37   F   0.099   0.088   0.191
   38   G   0.098   0.098   0.180
   39   T   0.097   0.095   0.170
   40   Y   0.108   0.091   0.169
   41   I   0.101   0.099   0.153
   42   I   0.103   0.091   0.144
   43   Q   0.099   0.096   0.129
   44   L   0.099   0.090   0.123
   45   Y   0.097   0.087   0.117
   46   M   0.099   0.102   0.115
   47   P   0.102   0.115   0.112
   48   L   0.106   0.100   0.109
   49   N   0.104   0.107   0.103
   50   W   0.100   0.119   0.100
   51   F   0.097   0.126   0.099
   52   G   0.101   0.115   0.101
   53   T   0.100   0.104   0.100
   54   Y   0.107   0.109   0.104
   55   Y   0.098   0.111   0.099
   56   R   0.099   0.110   0.100
   57   M   0.105   0.106   0.103
   58   I   0.103   0.100   0.103
   59   Q   0.095   0.103   0.099
   60   T   0.100   0.101   0.102
   61   N   0.111   0.101   0.107
   62   F   0.104   0.103   0.104
   63   I   0.101   0.097   0.102
   64   D   0.101   0.103   0.103
   65   M   0.097   0.099   0.101
   66   E   0.102   0.099   0.104
   67   N   0.101   0.104   0.103
   68   M   0.101   0.103   0.103
   69   F   0.098   0.103   0.102
   70   D   0.103   0.101   0.104
# Measure  Position  Value    Cutoff   signal peptide?
  max. C    21       0.170
  max. Y    21       0.378
  max. S    14       0.922
  mean S     1-20    0.842
       D     1-20    0.629   0.450   YES
Name=ABCB6_HUMAN_TRANSMEM9	SP='YES' Cleavage site between pos. 20 and 21: LLC-AY D=0.629 D-cutoff=0.450 Networks=SignalP-noTM
