# SignalP-4.1 euk predictions
# Name=ABCC8_HUMAN_TRANSMEM7	Length=70	Networks=SignalP-noTM
# pos  aa    C       S       Y
    1   F   0.102   0.927   0.307
    2   L   0.103   0.943   0.309
    3   A   0.105   0.960   0.312
    4   N   0.099   0.979   0.303
    5   A   0.105   0.980   0.313
    6   Y   0.097   0.980   0.301
    7   V   0.106   0.975   0.314
    8   L   0.102   0.960   0.310
    9   A   0.104   0.962   0.312
   10   V   0.099   0.939   0.306
   11   L   0.102   0.967   0.309
   12   L   0.103   0.980   0.312
   13   F   0.098   0.985   0.305
   14   L   0.108   0.990   0.320
   15   A   0.105   0.988   0.316
   16   L   0.101   0.983   0.310
   17   L   0.106   0.970   0.318
   18   L   0.119   0.952   0.338
   19   Q   0.111   0.956   0.327
   20   R   0.170   0.918   0.405
   21   T   0.187   0.897   0.424
   22   F   0.111   0.902   0.326
   23   L   0.109   0.915   0.323
   24   Q   0.446   0.758   0.654
   25   A   0.134   0.735   0.357
   26   S   0.517   0.220   0.697
   27   Y   0.117   0.162   0.325
   28   Y   0.108   0.162   0.306
   29   V   0.128   0.115   0.326
   30   A   0.100   0.168   0.281
   31   I   0.112   0.135   0.291
   32   E   0.105   0.106   0.274
   33   T   0.102   0.110   0.263
   34   G   0.108   0.110   0.264
   35   I   0.104   0.099   0.250
   36   N   0.104   0.107   0.242
   37   L   0.104   0.117   0.233
   38   R   0.103   0.116   0.223
   39   G   0.107   0.115   0.218
   40   A   0.105   0.108   0.205
   41   I   0.108   0.099   0.199
   42   Q   0.105   0.097   0.185
   43   T   0.103   0.093   0.173
   44   K   0.101   0.089   0.159
   45   I   0.103   0.098   0.149
   46   Y   0.101   0.094   0.134
   47   N   0.100   0.092   0.122
   48   K   0.097   0.096   0.107
   49   I   0.102   0.093   0.107
   50   M   0.104   0.102   0.107
   51   H   0.103   0.094   0.105
   52   L   0.096   0.097   0.101
   53   S   0.100   0.098   0.101
   54   T   0.096   0.104   0.099
   55   S   0.107   0.109   0.104
   56   N   0.101   0.099   0.101
   57   L   0.100   0.099   0.100
   58   S   0.098   0.098   0.099
   59   M   0.097   0.099   0.099
   60   G   0.104   0.096   0.102
   61   E   0.101   0.103   0.100
   62   M   0.101   0.096   0.099
   63   T   0.102   0.099   0.100
   64   A   0.103   0.101   0.100
   65   G   0.101   0.102   0.099
   66   Q   0.114   0.102   0.106
   67   I   0.098   0.099   0.098
   68   C   0.101   0.099   0.100
   69   N   0.101   0.098   0.100
   70   L   0.100   0.100   0.100
# Measure  Position  Value    Cutoff   signal peptide?
  max. C    26       0.517
  max. Y    26       0.697
  max. S    14       0.990
  mean S     1-25    0.940
       D     1-25    0.828   0.450   YES
Name=ABCC8_HUMAN_TRANSMEM7	SP='YES' Cleavage site between pos. 25 and 26: LQA-SY D=0.828 D-cutoff=0.450 Networks=SignalP-noTM
