# SignalP-4.1 euk predictions
# Name=ABCD4_HUMAN_TRANSMEM2	Length=70	Networks=SignalP-TM
# pos  aa    C       S       Y
    1   L   0.101   0.217   0.148
    2   G   0.103   0.323   0.149
    3   N   0.099   0.243   0.149
    4   K   0.103   0.304   0.153
    5   D   0.102   0.293   0.154
    6   L   0.103   0.340   0.156
    7   E   0.101   0.327   0.158
    8   G   0.103   0.404   0.162
    9   F   0.099   0.299   0.163
   10   K   0.102   0.339   0.167
   11   T   0.101   0.362   0.169
   12   L   0.102   0.321   0.173
   13   T   0.101   0.337   0.174
   14   F   0.102   0.436   0.178
   15   L   0.104   0.412   0.183
   16   A   0.100   0.342   0.184
   17   V   0.098   0.346   0.183
   18   M   0.102   0.376   0.188
   19   L   0.101   0.350   0.188
   20   I   0.103   0.443   0.192
   21   V   0.103   0.340   0.193
   22   L   0.100   0.371   0.191
   23   N   0.100   0.441   0.190
   24   S   0.105   0.408   0.197
   25   T   0.116   0.414   0.209
   26   L   0.111   0.471   0.206
   27   K   0.108   0.522   0.206
   28   S   0.142   0.355   0.240
   29   F   0.201   0.198   0.283
   30   D   0.115   0.174   0.210
   31   Q   0.117   0.109   0.208
   32   F   0.111   0.086   0.198
   33   T   0.101   0.082   0.184
   34   C   0.102   0.094   0.179
   35   N   0.100   0.080   0.171
   36   L   0.100   0.075   0.165
   37   L   0.098   0.076   0.157
   38   Y   0.100   0.078   0.150
   39   V   0.101   0.086   0.142
   40   S   0.105   0.071   0.137
   41   W   0.099   0.089   0.122
   42   R   0.101   0.076   0.109
   43   K   0.102   0.079   0.100
   44   D   0.102   0.063   0.095
   45   L   0.098   0.068   0.089
   46   T   0.101   0.066   0.089
   47   E   0.100   0.080   0.088
   48   H   0.103   0.096   0.089
   49   L   0.102   0.081   0.089
   50   H   0.102   0.084   0.089
   51   R   0.100   0.090   0.088
   52   L   0.102   0.086   0.090
   53   Y   0.101   0.088   0.090
   54   F   0.103   0.087   0.091
   55   R   0.106   0.085   0.092
   56   G   0.105   0.089   0.092
   57   R   0.103   0.086   0.092
   58   A   0.103   0.090   0.092
   59   Y   0.097   0.092   0.090
   60   Y   0.101   0.087   0.093
   61   T   0.095   0.080   0.091
   62   L   0.101   0.077   0.094
   63   N   0.105   0.089   0.095
   64   V   0.102   0.092   0.094
   65   L   0.103   0.097   0.095
   66   R   0.104   0.098   0.095
   67   D   0.102   0.095   0.095
   68   D   0.103   0.095   0.096
   69   I   0.103   0.098   0.096
   70   D   0.104   0.095   0.097
# Measure  Position  Value    Cutoff   signal peptide?
  max. C    29       0.201
  max. Y    29       0.283
  max. S    27       0.522
  mean S     1-28    0.362
       D     1-28    0.315   0.500   NO
Name=ABCD4_HUMAN_TRANSMEM2	SP='NO' D=0.315 D-cutoff=0.500 Networks=SignalP-TM
