# SignalP-4.1 euk predictions
# Name=ACER1_HUMAN_TRANSMEM7	Length=70	Networks=SignalP-noTM
# pos  aa    C       S       Y
    1   S   0.102   0.778   0.281
    2   F   0.100   0.710   0.278
    3   W   0.102   0.658   0.281
    4   Q   0.100   0.654   0.278
    5   R   0.100   0.707   0.277
    6   I   0.104   0.749   0.281
    7   H   0.100   0.807   0.276
    8   F   0.101   0.844   0.278
    9   F   0.099   0.909   0.275
   10   Y   0.101   0.887   0.279
   11   L   0.101   0.855   0.280
   12   H   0.098   0.872   0.277
   13   S   0.102   0.925   0.282
   14   I   0.100   0.874   0.280
   15   W   0.097   0.893   0.278
   16   H   0.102   0.882   0.286
   17   V   0.103   0.897   0.287
   18   L   0.094   0.842   0.275
   19   I   0.100   0.793   0.285
   20   S   0.119   0.724   0.311
   21   I   0.169   0.656   0.370
   22   T   0.113   0.673   0.302
   23   F   0.134   0.626   0.327
   24   P   0.099   0.577   0.281
   25   Y   0.142   0.433   0.334
   26   G   0.097   0.632   0.275
   27   M   0.136   0.386   0.325
   28   V   0.104   0.593   0.281
   29   T   0.110   0.589   0.287
   30   M   0.129   0.328   0.310
   31   A   0.162   0.187   0.342
   32   L   0.130   0.157   0.299
   33   V   0.102   0.201   0.259
   34   D   0.113   0.136   0.266
   35   A   0.110   0.132   0.255
   36   N   0.172   0.100   0.309
   37   Y   0.104   0.114   0.233
   38   E   0.100   0.113   0.221
   39   M   0.104   0.103   0.216
   40   P   0.103   0.109   0.206
   41   G   0.103   0.116   0.198
   42   E   0.096   0.109   0.184
   43   T   0.105   0.142   0.184
   44   L   0.111   0.118   0.182
   45   K   0.103   0.125   0.168
   46   V   0.099   0.102   0.157
   47   R   0.103   0.100   0.153
   48   Y   0.107   0.099   0.151
   49   W   0.100   0.099   0.138
   50   P   0.105   0.095   0.136
   51   R   0.106   0.098   0.127
   52   D   0.105   0.098   0.117
   53   S   0.098   0.095   0.109
   54   W   0.096   0.095   0.106
   55   P   0.103   0.107   0.108
   56   V   0.100   0.103   0.104
   57   G   0.105   0.102   0.106
   58   L   0.097   0.102   0.102
   59   P   0.101   0.102   0.103
   60   Y   0.103   0.109   0.105
   61   V   0.107   0.107   0.106
   62   E   0.103   0.104   0.105
   63   I   0.109   0.103   0.107
   64   R   0.101   0.103   0.103
   65   G   0.109   0.105   0.107
   66   D   0.100   0.105   0.102
   67   D   0.102   0.103   0.102
   68   K   0.102   0.103   0.102
   69   D   0.100   0.104   0.101
   70   C   0.101   0.104   0.102
# Measure  Position  Value    Cutoff   signal peptide?
  max. C    36       0.172
  max. Y    21       0.370
  max. S    13       0.925
  mean S     1-20    0.813
       D     1-20    0.609   0.450   YES
Name=ACER1_HUMAN_TRANSMEM7	SP='YES' Cleavage site between pos. 20 and 21: LIS-IT D=0.609 D-cutoff=0.450 Networks=SignalP-noTM
