# SignalP-4.1 euk predictions
# Name=ADA1A_HUMAN_TRANSMEM3	Length=70	Networks=SignalP-TM
# pos  aa    C       S       Y
    1   G   0.102   0.431   0.209
    2   R   0.100   0.476   0.208
    3   V   0.105   0.493   0.213
    4   F   0.101   0.540   0.211
    5   C   0.103   0.460   0.215
    6   N   0.100   0.436   0.212
    7   I   0.105   0.442   0.217
    8   W   0.103   0.412   0.215
    9   A   0.104   0.463   0.216
   10   A   0.097   0.527   0.209
   11   V   0.098   0.426   0.212
   12   D   0.101   0.351   0.215
   13   V   0.100   0.346   0.212
   14   L   0.102   0.403   0.213
   15   C   0.105   0.315   0.215
   16   C   0.106   0.237   0.215
   17   T   0.105   0.237   0.210
   18   A   0.109   0.213   0.209
   19   S   0.150   0.142   0.238
   20   I   0.120   0.144   0.206
   21   M   0.105   0.117   0.187
   22   G   0.105   0.120   0.180
   23   L   0.186   0.113   0.232
   24   C   0.105   0.140   0.166
   25   I   0.119   0.090   0.167
   26   I   0.103   0.101   0.148
   27   S   0.106   0.108   0.143
   28   I   0.105   0.092   0.136
   29   D   0.105   0.138   0.128
   30   R   0.101   0.126   0.120
   31   Y   0.109   0.106   0.121
   32   I   0.101   0.123   0.112
   33   G   0.102   0.136   0.110
   34   V   0.103   0.117   0.111
   35   S   0.101   0.113   0.109
   36   Y   0.110   0.087   0.113
   37   P   0.098   0.079   0.106
   38   L   0.110   0.096   0.111
   39   R   0.102   0.123   0.105
   40   Y   0.101   0.144   0.106
   41   P   0.102   0.130   0.108
   42   T   0.103   0.105   0.109
   43   I   0.104   0.091   0.110
   44   V   0.103   0.117   0.107
   45   T   0.101   0.107   0.106
   46   Q   0.103   0.096   0.108
   47   R   0.100   0.105   0.105
   48   R   0.104   0.085   0.106
   49   G   0.105   0.062   0.105
   50   L   0.097   0.078   0.100
   51   M   0.108   0.067   0.104
   52   A   0.105   0.068   0.103
   53   L   0.103   0.053   0.100
   54   L   0.102   0.061   0.098
   55   C   0.105   0.057   0.096
   56   V   0.105   0.059   0.093
   57   W   0.103   0.071   0.090
   58   A   0.102   0.062   0.089
   59   L   0.097   0.073   0.084
   60   S   0.103   0.069   0.086
   61   L   0.100   0.074   0.083
   62   V   0.102   0.097   0.083
   63   I   0.101   0.136   0.083
   64   S   0.105   0.117   0.088
   65   I   0.105   0.108   0.089
   66   G   0.101   0.098   0.089
   67   P   0.100   0.132   0.090
   68   L   0.101   0.129   0.093
   69   F   0.100   0.189   0.095
   70   G   0.101   0.156   0.101
# Measure  Position  Value    Cutoff   signal peptide?
  max. C    23       0.186
  max. Y    19       0.238
  max. S     4       0.540
  mean S     1-18    0.400
       D     1-18    0.303   0.500   NO
Name=ADA1A_HUMAN_TRANSMEM3	SP='NO' D=0.303 D-cutoff=0.500 Networks=SignalP-TM
