# SignalP-4.1 euk predictions
# Name=ADA1D_HUMAN_TRANSMEM4	Length=70	Networks=SignalP-TM
# pos  aa    C       S       Y
    1   T   0.102   0.758   0.278
    2   E   0.102   0.723   0.278
    3   R   0.101   0.804   0.277
    4   K   0.104   0.761   0.281
    5   A   0.104   0.681   0.282
    6   A   0.099   0.733   0.273
    7   A   0.102   0.581   0.277
    8   I   0.101   0.521   0.273
    9   L   0.105   0.611   0.275
   10   A   0.104   0.669   0.272
   11   L   0.099   0.627   0.264
   12   L   0.107   0.685   0.272
   13   W   0.100   0.750   0.262
   14   V   0.105   0.781   0.269
   15   V   0.103   0.744   0.267
   16   A   0.105   0.797   0.269
   17   L   0.104   0.806   0.269
   18   V   0.115   0.874   0.283
   19   V   0.113   0.891   0.282
   20   S   0.104   0.911   0.274
   21   V   0.409   0.750   0.547
   22   G   0.132   0.662   0.314
   23   P   0.119   0.748   0.300
   24   L   0.190   0.577   0.381
   25   L   0.107   0.560   0.285
   26   G   0.106   0.634   0.283
   27   W   0.494   0.292   0.608
   28   K   0.109   0.189   0.280
   29   E   0.149   0.121   0.317
   30   P   0.106   0.134   0.258
   31   V   0.109   0.117   0.252
   32   P   0.101   0.118   0.233
   33   P   0.103   0.117   0.222
   34   D   0.106   0.120   0.212
   35   E   0.102   0.125   0.194
   36   R   0.104   0.107   0.183
   37   F   0.102   0.103   0.170
   38   C   0.103   0.098   0.156
   39   G   0.103   0.088   0.144
   40   I   0.103   0.085   0.132
   41   T   0.103   0.080   0.115
   42   E   0.105   0.076   0.110
   43   E   0.104   0.081   0.105
   44   A   0.102   0.074   0.103
   45   G   0.099   0.063   0.099
   46   Y   0.101   0.058   0.098
   47   A   0.103   0.058   0.097
   48   V   0.100   0.041   0.093
   49   F   0.104   0.057   0.092
   50   S   0.102   0.047   0.088
   51   S   0.098   0.046   0.084
   52   V   0.103   0.051   0.084
   53   C   0.102   0.060   0.081
   54   S   0.101   0.048   0.080
   55   F   0.097   0.055   0.076
   56   Y   0.103   0.064   0.077
   57   L   0.102   0.045   0.076
   58   P   0.101   0.054   0.075
   59   M   0.103   0.058   0.074
   60   A   0.106   0.054   0.075
   61   V   0.099   0.047   0.072
   62   I   0.104   0.056   0.073
   63   V   0.102   0.059   0.073
   64   V   0.100   0.075   0.073
   65   M   0.104   0.080   0.076
   66   Y   0.102   0.087   0.077
   67   C   0.100   0.119   0.077
   68   R   0.105   0.116   0.082
   69   V   0.103   0.107   0.084
   70   Y   0.102   0.090   0.086
# Measure  Position  Value    Cutoff   signal peptide?
  max. C    27       0.494
  max. Y    27       0.608
  max. S    20       0.911
  mean S     1-26    0.717
       D     1-26    0.652   0.500   YES
Name=ADA1D_HUMAN_TRANSMEM4	SP='YES' Cleavage site between pos. 26 and 27: LLG-WK D=0.652 D-cutoff=0.500 Networks=SignalP-TM
