# SignalP-4.1 euk predictions
# Name=ADA2B_HUMAN_TRANSMEM1	Length=70	Networks=SignalP-noTM
# pos  aa    C       S       Y
    1   S   0.102   0.878   0.299
    2   V   0.101   0.879   0.297
    3   Q   0.102   0.843   0.299
    4   A   0.105   0.844   0.303
    5   T   0.098   0.886   0.292
    6   A   0.106   0.893   0.305
    7   A   0.097   0.924   0.292
    8   I   0.102   0.943   0.299
    9   A   0.103   0.948   0.302
   10   A   0.097   0.953   0.293
   11   A   0.102   0.964   0.301
   12   I   0.099   0.972   0.297
   13   T   0.101   0.970   0.301
   14   F   0.102   0.936   0.302
   15   L   0.104   0.947   0.307
   16   I   0.106   0.933   0.310
   17   L   0.100   0.943   0.302
   18   F   0.109   0.958   0.315
   19   T   0.113   0.957   0.322
   20   I   0.114   0.960   0.324
   21   F   0.105   0.952   0.312
   22   G   0.108   0.952   0.316
   23   N   0.176   0.928   0.404
   24   A   0.109   0.943   0.318
   25   L   0.533   0.849   0.706
   26   V   0.111   0.879   0.323
   27   I   0.155   0.745   0.381
   28   L   0.106   0.788   0.314
   29   A   0.115   0.779   0.326
   30   V   0.290   0.393   0.516
   31   L   0.106   0.461   0.307
   32   T   0.101   0.451   0.297
   33   S   0.124   0.330   0.324
   34   R   0.118   0.261   0.311
   35   S   0.107   0.328   0.290
   36   L   0.116   0.318   0.296
   37   R   0.102   0.421   0.273
   38   A   0.146   0.213   0.321
   39   P   0.106   0.156   0.267
   40   Q   0.111   0.154   0.266
   41   N   0.105   0.147   0.251
   42   L   0.101   0.143   0.239
   43   F   0.098   0.153   0.227
   44   L   0.098   0.147   0.220
   45   V   0.106   0.137   0.219
   46   S   0.103   0.189   0.208
   47   L   0.107   0.255   0.203
   48   A   0.109   0.246   0.197
   49   A   0.104   0.262   0.185
   50   A   0.102   0.220   0.177
   51   D   0.127   0.126   0.189
   52   I   0.099   0.122   0.158
   53   L   0.101   0.150   0.155
   54   V   0.102   0.145   0.151
   55   A   0.103   0.131   0.147
   56   T   0.110   0.104   0.148
   57   L   0.110   0.095   0.146
   58   I   0.109   0.096   0.141
   59   I   0.107   0.093   0.136
   60   P   0.102   0.100   0.127
   61   F   0.103   0.096   0.126
   62   S   0.107   0.105   0.127
   63   L   0.103   0.111   0.124
   64   A   0.103   0.111   0.123
   65   N   0.215   0.099   0.177
   66   E   0.104   0.100   0.122
   67   L   0.104   0.100   0.121
   68   L   0.102   0.100   0.119
   69   G   0.103   0.101   0.118
   70   Y   0.136   0.100   0.132
# Measure  Position  Value    Cutoff   signal peptide?
  max. C    25       0.533
  max. Y    25       0.706
  max. S    12       0.972
  mean S     1-24    0.929
       D     1-24    0.827   0.450   YES
Name=ADA2B_HUMAN_TRANSMEM1	SP='YES' Cleavage site between pos. 24 and 25: GNA-LV D=0.827 D-cutoff=0.450 Networks=SignalP-noTM
