# SignalP-4.1 euk predictions
# Name=ADCY4_HUMAN_TRANSMEM8	Length=70	Networks=SignalP-noTM
# pos  aa    C       S       Y
    1   T   0.103   0.922   0.308
    2   N   0.101   0.937   0.306
    3   R   0.100   0.928   0.304
    4   P   0.104   0.907   0.310
    5   P   0.106   0.904   0.313
    6   A   0.106   0.911   0.312
    7   L   0.100   0.926   0.303
    8   A   0.105   0.950   0.311
    9   I   0.100   0.975   0.304
   10   T   0.103   0.977   0.309
   11   Y   0.101   0.967   0.306
   12   S   0.106   0.932   0.314
   13   I   0.100   0.940   0.305
   14   T   0.100   0.951   0.306
   15   F   0.102   0.958   0.309
   16   L   0.101   0.964   0.306
   17   L   0.102   0.969   0.309
   18   F   0.099   0.988   0.305
   19   L   0.106   0.990   0.316
   20   L   0.102   0.987   0.311
   21   I   0.106   0.972   0.317
   22   L   0.110   0.954   0.323
   23   F   0.104   0.937   0.315
   24   V   0.117   0.926   0.333
   25   C   0.108   0.935   0.321
   26   F   0.128   0.920   0.349
   27   S   0.134   0.925   0.356
   28   E   0.580   0.799   0.743
   29   D   0.138   0.651   0.362
   30   L   0.159   0.544   0.385
   31   M   0.107   0.555   0.313
   32   R   0.167   0.310   0.387
   33   C   0.136   0.230   0.344
   34   V   0.132   0.187   0.331
   35   L   0.100   0.201   0.282
   36   K   0.109   0.136   0.289
   37   G   0.116   0.114   0.290
   38   P   0.099   0.102   0.261
   39   K   0.106   0.105   0.263
   40   M   0.102   0.111   0.250
   41   L   0.106   0.113   0.246
   42   H   0.100   0.108   0.230
   43   W   0.101   0.109   0.223
   44   L   0.100   0.108   0.213
   45   P   0.100   0.132   0.204
   46   A   0.101   0.142   0.196
   47   L   0.098   0.127   0.183
   48   S   0.105   0.161   0.180
   49   G   0.101   0.190   0.165
   50   L   0.106   0.147   0.159
   51   V   0.099   0.144   0.144
   52   A   0.105   0.136   0.139
   53   T   0.108   0.127   0.134
   54   R   0.111   0.119   0.128
   55   P   0.108   0.129   0.122
   56   G   0.105   0.118   0.119
   57   L   0.100   0.113   0.114
   58   R   0.103   0.110   0.114
   59   I   0.110   0.103   0.118
   60   A   0.102   0.104   0.113
   61   L   0.099   0.105   0.111
   62   G   0.111   0.105   0.118
   63   T   0.108   0.107   0.116
   64   A   0.108   0.099   0.116
   65   T   0.101   0.105   0.112
   66   I   0.106   0.104   0.114
   67   L   0.098   0.098   0.110
   68   L   0.106   0.102   0.114
   69   V   0.103   0.100   0.111
   70   F   0.099   0.102   0.109
# Measure  Position  Value    Cutoff   signal peptide?
  max. C    28       0.580
  max. Y    28       0.743
  max. S    19       0.990
  mean S     1-27    0.946
       D     1-27    0.853   0.450   YES
Name=ADCY4_HUMAN_TRANSMEM8	SP='YES' Cleavage site between pos. 27 and 28: CFS-ED D=0.853 D-cutoff=0.450 Networks=SignalP-noTM
