# SignalP-4.1 euk predictions
# Name=ALG6_HUMAN_TRANSMEM8	Length=70	Networks=SignalP-noTM
# pos  aa    C       S       Y
    1   L   0.102   0.730   0.273
    2   V   0.102   0.747   0.273
    3   L   0.101   0.641   0.272
    4   S   0.106   0.770   0.277
    5   E   0.104   0.852   0.275
    6   I   0.105   0.888   0.278
    7   P   0.100   0.833   0.273
    8   F   0.100   0.786   0.273
    9   M   0.101   0.693   0.275
   10   S   0.101   0.645   0.274
   11   T   0.097   0.658   0.269
   12   W   0.099   0.653   0.270
   13   F   0.095   0.644   0.264
   14   L   0.099   0.695   0.269
   15   L   0.102   0.691   0.273
   16   V   0.097   0.731   0.266
   17   S   0.101   0.755   0.271
   18   T   0.104   0.770   0.276
   19   F   0.170   0.696   0.353
   20   S   0.107   0.732   0.279
   21   M   0.119   0.451   0.294
   22   L   0.104   0.465   0.273
   23   P   0.096   0.660   0.260
   24   L   0.108   0.652   0.276
   25   L   0.105   0.667   0.270
   26   L   0.105   0.703   0.271
   27   K   0.108   0.728   0.274
   28   D   0.222   0.329   0.391
   29   E   0.120   0.249   0.282
   30   L   0.107   0.183   0.262
   31   L   0.101   0.175   0.248
   32   M   0.107   0.161   0.251
   33   P   0.100   0.123   0.238
   34   S   0.107   0.123   0.241
   35   V   0.098   0.149   0.225
   36   V   0.099   0.241   0.221
   37   T   0.102   0.243   0.220
   38   T   0.101   0.204   0.214
   39   M   0.119   0.157   0.226
   40   A   0.107   0.131   0.208
   41   F   0.117   0.147   0.209
   42   F   0.100   0.110   0.186
   43   I   0.107   0.123   0.185
   44   A   0.108   0.151   0.182
   45   C   0.098   0.138   0.169
   46   V   0.098   0.146   0.162
   47   T   0.098   0.192   0.155
   48   S   0.107   0.203   0.154
   49   F   0.240   0.121   0.219
   50   S   0.104   0.143   0.134
   51   I   0.104   0.124   0.131
   52   F   0.100   0.127   0.126
   53   E   0.105   0.128   0.128
   54   K   0.103   0.124   0.126
   55   T   0.103   0.121   0.125
   56   S   0.099   0.113   0.123
   57   E   0.106   0.108   0.127
   58   E   0.134   0.110   0.142
   59   E   0.100   0.107   0.120
   60   L   0.102   0.110   0.118
   61   Q   0.099   0.101   0.115
   62   L   0.101   0.101   0.115
   63   K   0.104   0.103   0.116
   64   S   0.102   0.101   0.114
   65   F   0.100   0.098   0.113
   66   S   0.105   0.097   0.115
   67   I   0.099   0.097   0.110
   68   S   0.102   0.096   0.111
   69   V   0.093   0.098   0.105
   70   R   0.100   0.098   0.107
# Measure  Position  Value    Cutoff   signal peptide?
  max. C    49       0.240
  max. Y    28       0.391
  max. S     6       0.888
  mean S     1-27    0.701
       D     1-27    0.559   0.450   YES
Name=ALG6_HUMAN_TRANSMEM8	SP='YES' Cleavage site between pos. 27 and 28: LLK-DE D=0.559 D-cutoff=0.450 Networks=SignalP-noTM
