# SignalP-4.1 euk predictions
# Name=ALG9_HUMAN_TRANSMEM7	Length=70	Networks=SignalP-TM
# pos  aa    C       S       Y
    1   H   0.101   0.394   0.199
    2   K   0.102   0.470   0.200
    3   E   0.101   0.412   0.200
    4   E   0.101   0.422   0.201
    5   R   0.102   0.392   0.202
    6   F   0.103   0.383   0.203
    7   L   0.102   0.332   0.202
    8   F   0.102   0.396   0.201
    9   P   0.104   0.387   0.203
   10   V   0.104   0.315   0.203
   11   Y   0.105   0.231   0.203
   12   P   0.105   0.275   0.199
   13   L   0.100   0.253   0.193
   14   I   0.102   0.283   0.192
   15   C   0.103   0.254   0.190
   16   L   0.099   0.218   0.185
   17   C   0.101   0.212   0.181
   18   G   0.104   0.239   0.180
   19   A   0.105   0.299   0.177
   20   V   0.104   0.271   0.174
   21   A   0.103   0.292   0.171
   22   L   0.162   0.210   0.213
   23   S   0.107   0.176   0.169
   24   A   0.134   0.147   0.184
   25   L   0.141   0.154   0.184
   26   Q   0.125   0.103   0.171
   27   K   0.108   0.092   0.155
   28   C   0.103   0.091   0.147
   29   Y   0.110   0.094   0.147
   30   H   0.100   0.120   0.136
   31   F   0.183   0.082   0.181
   32   V   0.100   0.093   0.130
   33   F   0.101   0.108   0.127
   34   Q   0.101   0.093   0.121
   35   R   0.104   0.086   0.117
   36   Y   0.103   0.083   0.110
   37   R   0.101   0.091   0.105
   38   L   0.100   0.072   0.101
   39   E   0.104   0.074   0.100
   40   H   0.100   0.079   0.096
   41   Y   0.102   0.057   0.096
   42   T   0.101   0.055   0.094
   43   V   0.104   0.053   0.094
   44   T   0.103   0.084   0.092
   45   S   0.102   0.060   0.090
   46   N   0.097   0.068   0.087
   47   W   0.101   0.050   0.088
   48   L   0.101   0.040   0.085
   49   A   0.102   0.031   0.083
   50   L   0.099   0.035   0.080
   51   G   0.105   0.037   0.080
   52   T   0.100   0.041   0.075
   53   V   0.105   0.041   0.076
   54   F   0.103   0.037   0.073
   55   L   0.102   0.039   0.071
   56   F   0.100   0.042   0.069
   57   G   0.102   0.065   0.069
   58   L   0.101   0.057   0.069
   59   L   0.103   0.069   0.069
   60   S   0.104   0.068   0.070
   61   F   0.102   0.085   0.069
   62   S   0.100   0.128   0.070
   63   R   0.101   0.121   0.075
   64   S   0.103   0.125   0.080
   65   V   0.106   0.139   0.085
   66   A   0.100   0.142   0.087
   67   L   0.104   0.130   0.093
   68   F   0.101   0.130   0.095
   69   R   0.101   0.117   0.098
   70   G   0.105   0.102   0.103
# Measure  Position  Value    Cutoff   signal peptide?
  max. C    31       0.183
  max. Y    22       0.213
  max. S     2       0.470
  mean S     1-21    0.321
       D     1-21    0.256   0.500   NO
Name=ALG9_HUMAN_TRANSMEM7	SP='NO' D=0.256 D-cutoff=0.500 Networks=SignalP-TM
