# SignalP-4.1 euk predictions
# Name=ANKH_HUMAN_TRANSMEM3	Length=70	Networks=SignalP-noTM
# pos  aa    C       S       Y
    1   K   0.102   0.362   0.192
    2   H   0.100   0.392   0.190
    3   K   0.100   0.391   0.191
    4   Y   0.101   0.438   0.192
    5   S   0.102   0.432   0.194
    6   F   0.099   0.471   0.192
    7   L   0.103   0.516   0.197
    8   V   0.102   0.454   0.198
    9   G   0.101   0.388   0.198
   10   C   0.102   0.301   0.199
   11   A   0.102   0.282   0.198
   12   S   0.098   0.300   0.194
   13   I   0.097   0.355   0.192
   14   S   0.090   0.378   0.185
   15   D   0.099   0.352   0.194
   16   V   0.099   0.373   0.193
   17   I   0.101   0.335   0.196
   18   A   0.099   0.462   0.194
   19   Q   0.429   0.184   0.406
   20   V   0.109   0.190   0.202
   21   V   0.097   0.165   0.189
   22   F   0.101   0.197   0.190
   23   V   0.108   0.167   0.194
   24   A   0.115   0.149   0.199
   25   I   0.108   0.161   0.189
   26   L   0.105   0.166   0.184
   27   L   0.108   0.171   0.183
   28   H   0.102   0.333   0.174
   29   S   0.105   0.382   0.175
   30   H   0.109   0.275   0.176
   31   L   0.104   0.309   0.169
   32   E   0.113   0.253   0.175
   33   C   0.108   0.240   0.171
   34   R   0.171   0.178   0.214
   35   E   0.113   0.131   0.172
   36   P   0.095   0.147   0.155
   37   L   0.116   0.128   0.168
   38   L   0.102   0.142   0.154
   39   I   0.109   0.123   0.155
   40   P   0.102   0.110   0.147
   41   I   0.103   0.125   0.142
   42   L   0.100   0.181   0.139
   43   S   0.108   0.171   0.144
   44   L   0.098   0.203   0.137
   45   Y   0.106   0.193   0.143
   46   M   0.097   0.201   0.137
   47   G   0.104   0.222   0.143
   48   A   0.102   0.250   0.142
   49   L   0.102   0.185   0.144
   50   V   0.101   0.194   0.143
   51   R   0.099   0.144   0.140
   52   C   0.101   0.140   0.137
   53   T   0.161   0.129   0.171
   54   T   0.102   0.112   0.133
   55   L   0.111   0.109   0.136
   56   C   0.104   0.098   0.129
   57   L   0.105   0.100   0.128
   58   G   0.099   0.094   0.124
   59   Y   0.144   0.094   0.148
   60   Y   0.103   0.095   0.125
   61   K   0.103   0.099   0.124
   62   N   0.102   0.099   0.123
   63   I   0.101   0.099   0.122
   64   H   0.094   0.102   0.117
   65   D   0.102   0.102   0.121
   66   I   0.100   0.098   0.118
   67   I   0.098   0.103   0.115
   68   P   0.103   0.103   0.116
   69   D   0.104   0.104   0.114
   70   R   0.097   0.107   0.108
# Measure  Position  Value    Cutoff   signal peptide?
  max. C    19       0.429
  max. Y    19       0.406
  max. S     7       0.516
  mean S     1-18    0.388
       D     1-18    0.396   0.450   NO
Name=ANKH_HUMAN_TRANSMEM3	SP='NO' D=0.396 D-cutoff=0.450 Networks=SignalP-noTM
