# SignalP-4.1 euk predictions
# Name=APCD1_HUMAN_TRANSMEM1	Length=70	Networks=SignalP-noTM
# pos  aa    C       S       Y
    1   D   0.101   0.128   0.114
    2   G   0.101   0.132   0.114
    3   S   0.099   0.126   0.112
    4   S   0.102   0.130   0.114
    5   P   0.100   0.136   0.113
    6   D   0.101   0.139   0.114
    7   R   0.097   0.113   0.112
    8   P   0.107   0.099   0.117
    9   E   0.102   0.102   0.114
   10   K   0.104   0.095   0.114
   11   R   0.101   0.088   0.112
   12   A   0.104   0.082   0.113
   13   T   0.095   0.093   0.107
   14   S   0.105   0.094   0.112
   15   Y   0.103   0.095   0.110
   16   Q   0.101   0.101   0.108
   17   M   0.102   0.101   0.108
   18   P   0.100   0.100   0.106
   19   L   0.110   0.099   0.111
   20   V   0.106   0.089   0.108
   21   Q   0.104   0.087   0.107
   22   C   0.106   0.098   0.106
   23   A   0.098   0.091   0.102
   24   S   0.096   0.100   0.100
   25   S   0.104   0.095   0.103
   26   S   0.095   0.098   0.098
   27   P   0.097   0.110   0.098
   28   R   0.104   0.107   0.101
   29   A   0.104   0.108   0.100
   30   E   0.101   0.110   0.099
   31   D   0.103   0.111   0.100
   32   L   0.107   0.117   0.102
   33   A   0.102   0.110   0.100
   34   E   0.103   0.112   0.101
   35   D   0.104   0.113   0.103
   36   S   0.101   0.108   0.102
   37   G   0.106   0.118   0.105
   38   S   0.103   0.107   0.103
   39   S   0.102   0.123   0.103
   40   L   0.100   0.145   0.103
   41   Y   0.104   0.176   0.105
   42   G   0.100   0.245   0.105
   43   R   0.102   0.331   0.109
   44   A   0.110   0.399   0.119
   45   P   0.099   0.338   0.119
   46   G   0.106   0.461   0.128
   47   R   0.093   0.388   0.126
   48   H   0.106   0.348   0.139
   49   T   0.102   0.254   0.141
   50   W   0.100   0.226   0.142
   51   S   0.103   0.243   0.146
   52   L   0.102   0.206   0.148
   53   L   0.109   0.231   0.154
   54   L   0.106   0.214   0.154
   55   A   0.109   0.209   0.157
   56   A   0.103   0.176   0.155
   57   L   0.105   0.177   0.157
   58   A   0.108   0.139   0.160
   59   C   0.100   0.149   0.155
   60   L   0.103   0.157   0.157
   61   V   0.104   0.124   0.159
   62   P   0.099   0.184   0.155
   63   L   0.107   0.200   0.162
   64   L   0.104   0.132   0.160
   65   H   0.104   0.139   0.158
   66   W   0.115   0.119   0.163
   67   N   0.129   0.097   0.168
   68   I   0.100   0.102   0.144
   69   R   0.098   0.108   0.137
   70   R   0.105   0.111   0.137
# Measure  Position  Value    Cutoff   signal peptide?
  max. C    67       0.129
  max. Y    67       0.168
  max. S    46       0.461
  mean S     1-66    0.156
       D     1-66    0.161   0.450   NO
Name=APCD1_HUMAN_TRANSMEM1	SP='NO' D=0.161 D-cutoff=0.450 Networks=SignalP-noTM
