# SignalP-4.1 euk predictions
# Name=AQP11_HUMAN_TRANSMEM6	Length=70	Networks=SignalP-noTM
# pos  aa    C       S       Y
    1   F   0.100   0.267   0.164
    2   L   0.102   0.334   0.165
    3   V   0.103   0.253   0.166
    4   Y   0.106   0.300   0.169
    5   A   0.107   0.334   0.170
    6   G   0.097   0.380   0.163
    7   G   0.102   0.367   0.169
    8   S   0.103   0.281   0.171
    9   L   0.098   0.279   0.167
   10   T   0.101   0.285   0.170
   11   G   0.101   0.247   0.170
   12   A   0.101   0.251   0.169
   13   V   0.100   0.283   0.168
   14   F   0.102   0.273   0.171
   15   N   0.102   0.213   0.171
   16   P   0.098   0.209   0.166
   17   A   0.103   0.226   0.170
   18   L   0.100   0.258   0.166
   19   A   0.104   0.304   0.170
   20   L   0.261   0.195   0.270
   21   S   0.108   0.187   0.172
   22   L   0.174   0.164   0.218
   23   H   0.105   0.219   0.168
   24   F   0.109   0.214   0.170
   25   M   0.105   0.199   0.165
   26   C   0.103   0.220   0.163
   27   F   0.102   0.293   0.161
   28   D   0.107   0.361   0.164
   29   E   0.102   0.214   0.160
   30   A   0.100   0.261   0.156
   31   F   0.163   0.132   0.199
   32   P   0.105   0.180   0.157
   33   Q   0.186   0.147   0.208
   34   F   0.102   0.174   0.152
   35   F   0.100   0.275   0.149
   36   I   0.103   0.322   0.152
   37   V   0.098   0.519   0.149
   38   Y   0.104   0.456   0.158
   39   W   0.102   0.607   0.160
   40   L   0.102   0.644   0.165
   41   A   0.103   0.515   0.171
   42   P   0.096   0.490   0.169
   43   S   0.101   0.624   0.177
   44   L   0.098   0.601   0.180
   45   G   0.101   0.733   0.187
   46   I   0.129   0.609   0.219
   47   L   0.100   0.604   0.198
   48   L   0.101   0.668   0.203
   49   M   0.107   0.741   0.214
   50   I   0.107   0.704   0.219
   51   L   0.099   0.527   0.214
   52   M   0.104   0.432   0.223
   53   F   0.109   0.369   0.231
   54   S   0.101   0.339   0.224
   55   F   0.103   0.224   0.228
   56   F   0.104   0.159   0.230
   57   L   0.116   0.138   0.243
   58   P   0.102   0.141   0.227
   59   W   0.106   0.136   0.229
   60   L   0.104   0.161   0.223
   61   H   0.103   0.126   0.218
   62   N   0.103   0.115   0.213
   63   N   0.121   0.103   0.225
   64   H   0.105   0.103   0.204
   65   T   0.104   0.103   0.199
   66   I   0.114   0.104   0.201
   67   N   0.092   0.105   0.175
   68   K   0.094   0.107   0.169
   69   K   0.097   0.103   0.166
   70   E   0.101   0.109   0.162
# Measure  Position  Value    Cutoff   signal peptide?
  max. C    20       0.261
  max. Y    20       0.270
  max. S    49       0.741
  mean S     1-19    0.281
       D     1-19    0.276   0.450   NO
Name=AQP11_HUMAN_TRANSMEM6	SP='NO' D=0.276 D-cutoff=0.450 Networks=SignalP-noTM
