# SignalP-4.1 euk predictions
# Name=AT11B_HUMAN_TRANSMEM10	Length=70	Networks=SignalP-TM
# pos  aa    C       S       Y
    1   F   0.101   0.471   0.218
    2   V   0.102   0.518   0.219
    3   F   0.103   0.573   0.221
    4   I   0.106   0.536   0.225
    5   Q   0.100   0.466   0.221
    6   L   0.104   0.336   0.225
    7   L   0.102   0.319   0.220
    8   S   0.102   0.241   0.218
    9   S   0.101   0.179   0.213
   10   G   0.100   0.130   0.207
   11   S   0.100   0.154   0.200
   12   A   0.102   0.147   0.197
   13   W   0.117   0.080   0.205
   14   F   0.101   0.097   0.183
   15   A   0.103   0.096   0.177
   16   I   0.102   0.135   0.168
   17   I   0.099   0.098   0.157
   18   L   0.100   0.139   0.147
   19   M   0.103   0.120   0.139
   20   V   0.107   0.128   0.132
   21   V   0.103   0.151   0.123
   22   T   0.101   0.179   0.117
   23   C   0.118   0.221   0.124
   24   L   0.222   0.183   0.172
   25   F   0.108   0.223   0.122
   26   L   0.143   0.206   0.143
   27   D   0.119   0.138   0.132
   28   I   0.101   0.181   0.124
   29   I   0.108   0.169   0.130
   30   K   0.101   0.210   0.128
   31   K   0.105   0.177   0.133
   32   V   0.120   0.123   0.144
   33   F   0.098   0.166   0.130
   34   D   0.102   0.112   0.134
   35   R   0.158   0.094   0.166
   36   H   0.103   0.098   0.133
   37   L   0.102   0.104   0.130
   38   H   0.101   0.106   0.126
   39   P   0.098   0.098   0.121
   40   T   0.100   0.102   0.119
   41   S   0.101   0.105   0.117
   42   T   0.099   0.113   0.114
   43   E   0.106   0.107   0.116
   44   K   0.101   0.114   0.111
   45   A   0.100   0.108   0.107
   46   Q   0.098   0.107   0.104
   47   L   0.103   0.103   0.106
   48   T   0.103   0.102   0.104
   49   E   0.102   0.106   0.103
   50   T   0.105   0.102   0.105
   51   N   0.103   0.098   0.104
   52   A   0.105   0.102   0.105
   53   G   0.101   0.098   0.103
   54   I   0.100   0.096   0.102
   55   K   0.102   0.100   0.103
   56   C   0.104   0.097   0.104
   57   L   0.101   0.097   0.102
   58   D   0.100   0.099   0.101
   59   S   0.102   0.099   0.102
   60   M   0.101   0.100   0.101
   61   C   0.103   0.100   0.101
   62   C   0.101   0.101   0.100
   63   F   0.100   0.100   0.100
   64   P   0.100   0.100   0.100
   65   E   0.103   0.101   0.101
   66   G   0.105   0.100   0.102
   67   E   0.098   0.102   0.098
   68   A   0.105   0.101   0.102
   69   A   0.118   0.103   0.108
   70   C   0.100   0.105   0.100
# Measure  Position  Value    Cutoff   signal peptide?
  max. C    24       0.222
  max. Y    13       0.205
  max. S     3       0.573
  mean S     1-12    0.339
       D     1-12    0.259   0.500   NO
Name=AT11B_HUMAN_TRANSMEM10	SP='NO' D=0.259 D-cutoff=0.500 Networks=SignalP-TM
