# SignalP-4.1 euk predictions
# Name=AT11C_HUMAN_TRANSMEM2	Length=70	Networks=SignalP-TM
# pos  aa    C       S       Y
    1   Q   0.101   0.151   0.124
    2   V   0.102   0.154   0.124
    3   T   0.101   0.188   0.124
    4   V   0.102   0.247   0.126
    5   D   0.100   0.274   0.127
    6   T   0.102   0.244   0.131
    7   P   0.101   0.191   0.133
    8   T   0.101   0.184   0.135
    9   S   0.103   0.180   0.137
   10   P   0.099   0.179   0.135
   11   V   0.100   0.192   0.136
   12   T   0.102   0.209   0.139
   13   S   0.102   0.289   0.140
   14   G   0.101   0.244   0.143
   15   L   0.109   0.281   0.151
   16   P   0.104   0.269   0.151
   17   L   0.101   0.230   0.151
   18   F   0.103   0.212   0.154
   19   F   0.102   0.228   0.152
   20   V   0.105   0.216   0.153
   21   I   0.104   0.191   0.152
   22   T   0.101   0.209   0.150
   23   V   0.103   0.267   0.152
   24   T   0.103   0.366   0.154
   25   A   0.106   0.445   0.160
   26   I   0.267   0.256   0.264
   27   K   0.111   0.216   0.171
   28   Q   0.103   0.191   0.163
   29   G   0.108   0.180   0.166
   30   Y   0.120   0.109   0.173
   31   E   0.101   0.111   0.155
   32   D   0.126   0.108   0.170
   33   C   0.102   0.113   0.150
   34   L   0.105   0.116   0.150
   35   R   0.103   0.129   0.146
   36   H   0.106   0.119   0.146
   37   R   0.102   0.117   0.141
   38   A   0.100   0.116   0.136
   39   D   0.100   0.111   0.129
   40   N   0.103   0.116   0.121
   41   E   0.102   0.112   0.116
   42   V   0.103   0.109   0.113
   43   N   0.102   0.107   0.110
   44   K   0.100   0.097   0.107
   45   S   0.100   0.101   0.106
   46   T   0.102   0.101   0.107
   47   V   0.104   0.092   0.108
   48   Y   0.104   0.099   0.107
   49   I   0.100   0.101   0.104
   50   I   0.100   0.099   0.103
   51   E   0.105   0.103   0.105
   52   N   0.107   0.105   0.106
   53   A   0.100   0.109   0.102
   54   K   0.099   0.106   0.101
   55   R   0.103   0.105   0.103
   56   V   0.100   0.104   0.101
   57   R   0.103   0.103   0.103
   58   K   0.105   0.106   0.103
   59   E   0.101   0.104   0.102
   60   S   0.104   0.106   0.103
   61   E   0.100   0.106   0.102
   62   K   0.101   0.106   0.102
   63   I   0.101   0.108   0.102
   64   K   0.103   0.107   0.104
   65   V   0.105   0.103   0.105
   66   G   0.105   0.103   0.105
   67   D   0.103   0.104   0.104
   68   V   0.103   0.105   0.104
   69   V   0.102   0.106   0.104
   70   E   0.106   0.103   0.105
# Measure  Position  Value    Cutoff   signal peptide?
  max. C    26       0.267
  max. Y    26       0.264
  max. S    25       0.445
  mean S     1-25    0.234
       D     1-25    0.252   0.500   NO
Name=AT11C_HUMAN_TRANSMEM2	SP='NO' D=0.252 D-cutoff=0.500 Networks=SignalP-TM
