# SignalP-4.1 euk predictions
# Name=AT12A_HUMAN_TRANSMEM8	Length=70	Networks=SignalP-TM
# pos  aa    C       S       Y
    1   L   0.102   0.364   0.192
    2   E   0.102   0.309   0.193
    3   W   0.101   0.265   0.191
    4   T   0.103   0.248   0.191
    5   G   0.102   0.252   0.187
    6   Y   0.100   0.262   0.184
    7   T   0.103   0.243   0.184
    8   A   0.102   0.198   0.181
    9   F   0.097   0.211   0.173
   10   F   0.102   0.198   0.174
   11   V   0.099   0.194   0.168
   12   G   0.105   0.176   0.170
   13   I   0.101   0.181   0.162
   14   L   0.100   0.186   0.157
   15   V   0.106   0.217   0.158
   16   Q   0.104   0.184   0.153
   17   Q   0.102   0.171   0.149
   18   I   0.102   0.194   0.146
   19   A   0.105   0.172   0.147
   20   D   0.110   0.140   0.148
   21   L   0.116   0.083   0.148
   22   I   0.105   0.071   0.137
   23   I   0.101   0.074   0.131
   24   R   0.103   0.085   0.128
   25   K   0.105   0.096   0.126
   26   T   0.102   0.095   0.121
   27   R   0.103   0.100   0.120
   28   R   0.103   0.102   0.117
   29   N   0.116   0.112   0.122
   30   S   0.100   0.106   0.110
   31   I   0.101   0.090   0.108
   32   F   0.105   0.081   0.107
   33   Q   0.103   0.078   0.102
   34   Q   0.100   0.080   0.097
   35   G   0.103   0.090   0.096
   36   L   0.099   0.098   0.094
   37   F   0.102   0.111   0.097
   38   R   0.100   0.098   0.097
   39   N   0.103   0.095   0.099
   40   K   0.101   0.086   0.098
   41   V   0.103   0.078   0.099
   42   I   0.105   0.073   0.099
   43   W   0.100   0.083   0.095
   44   V   0.098   0.077   0.094
   45   G   0.101   0.062   0.094
   46   I   0.100   0.046   0.092
   47   T   0.098   0.051   0.090
   48   S   0.103   0.031   0.091
   49   Q   0.099   0.029   0.088
   50   I   0.103   0.026   0.086
   51   I   0.100   0.028   0.082
   52   I   0.101   0.030   0.079
   53   G   0.103   0.023   0.077
   54   L   0.102   0.020   0.073
   55   I   0.105   0.018   0.070
   56   L   0.101   0.026   0.066
   57   S   0.101   0.042   0.063
   58   Y   0.106   0.049   0.062
   59   G   0.104   0.060   0.060
   60   L   0.101   0.054   0.059
   61   G   0.102   0.087   0.060
   62   S   0.106   0.095   0.063
   63   V   0.101   0.078   0.065
   64   T   0.102   0.117   0.068
   65   A   0.103   0.139   0.073
   66   L   0.196   0.102   0.108
   67   S   0.102   0.105   0.082
   68   F   0.100   0.088   0.084
   69   T   0.100   0.092   0.087
   70   M   0.102   0.091   0.091
# Measure  Position  Value    Cutoff   signal peptide?
  max. C    66       0.196
  max. Y    12       0.170
  max. S     1       0.364
  mean S     1-11    0.250
       D     1-11    0.202   0.500   NO
Name=AT12A_HUMAN_TRANSMEM8	SP='NO' D=0.202 D-cutoff=0.500 Networks=SignalP-TM
