# SignalP-4.1 euk predictions
# Name=AT132_HUMAN_TRANSMEM9	Length=70	Networks=SignalP-TM
# pos  aa    C       S       Y
    1   Y   0.101   0.705   0.267
    2   T   0.101   0.688   0.268
    3   N   0.102   0.639   0.268
    4   V   0.102   0.735   0.267
    5   P   0.101   0.744   0.267
    6   F   0.103   0.626   0.269
    7   L   0.102   0.470   0.267
    8   V   0.106   0.517   0.268
    9   A   0.104   0.504   0.264
   10   L   0.101   0.568   0.257
   11   A   0.104   0.401   0.259
   12   L   0.100   0.380   0.249
   13   L   0.106   0.254   0.252
   14   S   0.099   0.241   0.237
   15   S   0.102   0.321   0.234
   16   V   0.106   0.253   0.231
   17   L   0.100   0.338   0.218
   18   V   0.101   0.448   0.215
   19   G   0.137   0.304   0.244
   20   L   0.206   0.308   0.288
   21   V   0.113   0.207   0.207
   22   L   0.124   0.257   0.212
   23   V   0.116   0.199   0.199
   24   P   0.108   0.162   0.185
   25   G   0.107   0.233   0.177
   26   L   0.118   0.154   0.181
   27   L   0.104   0.220   0.165
   28   Q   0.118   0.145   0.176
   29   G   0.171   0.111   0.208
   30   P   0.109   0.085   0.161
   31   L   0.108   0.113   0.156
   32   A   0.106   0.142   0.149
   33   L   0.167   0.087   0.177
   34   R   0.106   0.062   0.135
   35   N   0.106   0.051   0.129
   36   I   0.103   0.050   0.122
   37   T   0.100   0.048   0.114
   38   D   0.104   0.044   0.111
   39   T   0.102   0.035   0.106
   40   G   0.105   0.038   0.100
   41   F   0.098   0.042   0.093
   42   K   0.102   0.045   0.088
   43   L   0.100   0.039   0.083
   44   L   0.103   0.047   0.081
   45   L   0.104   0.044   0.079
   46   L   0.105   0.062   0.076
   47   G   0.105   0.055   0.072
   48   L   0.101   0.081   0.069
   49   V   0.105   0.082   0.071
   50   T   0.102   0.111   0.072
   51   L   0.104   0.099   0.076
   52   N   0.100   0.144   0.077
   53   F   0.098   0.122   0.080
   54   V   0.100   0.129   0.085
   55   G   0.098   0.164   0.088
   56   A   0.100   0.190   0.093
   57   F   0.129   0.165   0.112
   58   M   0.102   0.153   0.104
   59   L   0.101   0.157   0.107
   60   E   0.098   0.177   0.110
   61   S   0.101   0.192   0.115
   62   V   0.102   0.155   0.120
   63   L   0.102   0.151   0.122
   64   D   0.105   0.143   0.126
   65   Q   0.107   0.118   0.128
   66   C   0.104   0.117   0.127
   67   L   0.101   0.107   0.124
   68   P   0.103   0.104   0.125
   69   A   0.105   0.102   0.125
   70   C   0.099   0.098   0.120
# Measure  Position  Value    Cutoff   signal peptide?
  max. C    20       0.206
  max. Y    20       0.288
  max. S     5       0.744
  mean S     1-19    0.481
       D     1-19    0.365   0.500   NO
Name=AT132_HUMAN_TRANSMEM9	SP='NO' D=0.365 D-cutoff=0.500 Networks=SignalP-TM
