# SignalP-4.1 euk predictions
# Name=AT2A3_HUMAN_TRANSMEM3	Length=70	Networks=SignalP-TM
# pos  aa    C       S       Y
    1   L   0.103   0.120   0.111
    2   Q   0.102   0.125   0.111
    3   R   0.101   0.138   0.110
    4   K   0.103   0.137   0.112
    5   L   0.101   0.147   0.111
    6   D   0.102   0.145   0.113
    7   E   0.102   0.141   0.114
    8   F   0.102   0.141   0.114
    9   G   0.102   0.161   0.115
   10   R   0.100   0.137   0.115
   11   Q   0.103   0.121   0.117
   12   L   0.101   0.123   0.116
   13   S   0.102   0.125   0.117
   14   H   0.098   0.151   0.115
   15   A   0.102   0.191   0.118
   16   I   0.105   0.169   0.122
   17   S   0.102   0.188   0.122
   18   V   0.100   0.210   0.122
   19   I   0.102   0.173   0.125
   20   C   0.101   0.175   0.126
   21   V   0.099   0.217   0.125
   22   A   0.100   0.180   0.128
   23   V   0.104   0.180   0.131
   24   W   0.101   0.168   0.130
   25   V   0.102   0.171   0.131
   26   I   0.103   0.167   0.133
   27   N   0.101   0.286   0.134
   28   I   0.101   0.311   0.138
   29   G   0.110   0.316   0.148
   30   H   0.107   0.293   0.149
   31   F   0.103   0.264   0.150
   32   A   0.125   0.206   0.166
   33   D   0.113   0.153   0.159
   34   P   0.104   0.175   0.151
   35   A   0.155   0.130   0.185
   36   H   0.101   0.139   0.147
   37   G   0.105   0.173   0.149
   38   G   0.257   0.122   0.233
   39   S   0.102   0.093   0.145
   40   W   0.104   0.111   0.145
   41   L   0.103   0.138   0.143
   42   R   0.102   0.167   0.138
   43   G   0.103   0.157   0.135
   44   A   0.104   0.204   0.131
   45   V   0.101   0.213   0.127
   46   Y   0.106   0.249   0.128
   47   Y   0.102   0.204   0.127
   48   F   0.098   0.240   0.126
   49   K   0.104   0.198   0.132
   50   I   0.105   0.167   0.134
   51   A   0.104   0.153   0.134
   52   V   0.101   0.164   0.132
   53   A   0.107   0.141   0.137
   54   L   0.101   0.167   0.135
   55   A   0.104   0.185   0.138
   56   V   0.113   0.126   0.145
   57   A   0.105   0.104   0.139
   58   A   0.101   0.114   0.135
   59   I   0.103   0.103   0.134
   60   P   0.104   0.087   0.131
   61   E   0.104   0.102   0.127
   62   G   0.102   0.110   0.123
   63   L   0.099   0.113   0.116
   64   P   0.104   0.120   0.117
   65   A   0.108   0.133   0.118
   66   V   0.102   0.087   0.114
   67   I   0.103   0.104   0.111
   68   T   0.105   0.116   0.112
   69   T   0.103   0.101   0.109
   70   C   0.105   0.098   0.107
# Measure  Position  Value    Cutoff   signal peptide?
  max. C    38       0.257
  max. Y    38       0.233
  max. S    29       0.316
  mean S     1-37    0.177
       D     1-37    0.210   0.500   NO
Name=AT2A3_HUMAN_TRANSMEM3	SP='NO' D=0.210 D-cutoff=0.500 Networks=SignalP-TM
