# SignalP-4.1 euk predictions
# Name=AT8B4_HUMAN_TRANSMEM7	Length=70	Networks=SignalP-TM
# pos  aa    C       S       Y
    1   F   0.101   0.323   0.181
    2   N   0.102   0.317   0.182
    3   K   0.101   0.272   0.181
    4   R   0.101   0.266   0.179
    5   K   0.104   0.211   0.181
    6   F   0.102   0.233   0.177
    7   F   0.102   0.249   0.175
    8   I   0.103   0.188   0.175
    9   C   0.103   0.144   0.171
   10   V   0.102   0.188   0.167
   11   L   0.102   0.135   0.164
   12   H   0.103   0.091   0.161
   13   G   0.099   0.125   0.152
   14   I   0.098   0.154   0.146
   15   Y   0.102   0.190   0.145
   16   T   0.099   0.199   0.140
   17   S   0.108   0.160   0.143
   18   L   0.100   0.168   0.134
   19   V   0.101   0.178   0.133
   20   L   0.099   0.213   0.130
   21   F   0.105   0.179   0.134
   22   F   0.155   0.099   0.160
   23   I   0.104   0.110   0.129
   24   P   0.102   0.170   0.126
   25   Y   0.101   0.171   0.125
   26   G   0.102   0.295   0.127
   27   A   0.103   0.277   0.133
   28   F   0.111   0.221   0.143
   29   Y   0.121   0.134   0.151
   30   N   0.114   0.139   0.145
   31   V   0.102   0.171   0.135
   32   A   0.104   0.224   0.137
   33   G   0.109   0.179   0.142
   34   E   0.176   0.132   0.180
   35   D   0.109   0.122   0.140
   36   G   0.103   0.109   0.134
   37   Q   0.105   0.102   0.135
   38   H   0.104   0.119   0.135
   39   I   0.105   0.107   0.134
   40   A   0.102   0.094   0.130
   41   D   0.096   0.089   0.121
   42   Y   0.103   0.087   0.119
   43   Q   0.101   0.081   0.114
   44   S   0.106   0.061   0.115
   45   F   0.099   0.063   0.109
   46   A   0.102   0.062   0.107
   47   V   0.099   0.052   0.100
   48   T   0.106   0.064   0.098
   49   M   0.105   0.060   0.096
   50   A   0.103   0.065   0.092
   51   T   0.100   0.061   0.089
   52   S   0.105   0.059   0.089
   53   L   0.099   0.039   0.084
   54   V   0.104   0.034   0.084
   55   I   0.102   0.042   0.080
   56   V   0.103   0.071   0.078
   57   V   0.101   0.056   0.077
   58   S   0.105   0.075   0.077
   59   V   0.104   0.101   0.077
   60   Q   0.099   0.093   0.077
   61   I   0.105   0.072   0.081
   62   A   0.102   0.085   0.081
   63   L   0.098   0.099   0.080
   64   D   0.105   0.120   0.085
   65   T   0.102   0.117   0.086
   66   S   0.103   0.102   0.088
   67   Y   0.100   0.112   0.089
   68   W   0.097   0.112   0.091
   69   T   0.100   0.104   0.095
   70   F   0.100   0.097   0.097
# Measure  Position  Value    Cutoff   signal peptide?
  max. C    34       0.176
  max. Y    34       0.180
  max. S     1       0.323
  mean S     1-33    0.193
       D     1-33    0.185   0.500   NO
Name=AT8B4_HUMAN_TRANSMEM7	SP='NO' D=0.185 D-cutoff=0.500 Networks=SignalP-TM
