# SignalP-4.1 euk predictions
# Name=B3A3_HUMAN_TRANSMEM1	Length=70	Networks=SignalP-noTM
# pos  aa    C       S       Y
    1   L   0.102   0.829   0.290
    2   H   0.101   0.829   0.290
    3   S   0.104   0.812   0.293
    4   Q   0.100   0.858   0.288
    5   C   0.103   0.847   0.292
    6   V   0.101   0.828   0.290
    7   A   0.103   0.817   0.293
    8   A   0.098   0.877   0.285
    9   V   0.098   0.884   0.285
   10   L   0.098   0.853   0.285
   11   F   0.099   0.862   0.288
   12   I   0.098   0.870   0.286
   13   Y   0.102   0.882   0.293
   14   F   0.106   0.888   0.298
   15   A   0.106   0.893   0.300
   16   A   0.100   0.868   0.291
   17   L   0.110   0.802   0.305
   18   S   0.125   0.615   0.325
   19   P   0.110   0.624   0.303
   20   A   0.151   0.534   0.354
   21   I   0.421   0.183   0.586
   22   T   0.104   0.360   0.285
   23   F   0.189   0.457   0.380
   24   G   0.119   0.446   0.298
   25   G   0.189   0.170   0.372
   26   L   0.102   0.143   0.267
   27   L   0.111   0.165   0.273
   28   G   0.114   0.151   0.270
   29   E   0.182   0.103   0.333
   30   K   0.106   0.126   0.246
   31   T   0.106   0.134   0.239
   32   E   0.105   0.131   0.231
   33   G   0.101   0.169   0.219
   34   L   0.132   0.150   0.242
   35   M   0.106   0.166   0.208
   36   G   0.103   0.150   0.197
   37   V   0.109   0.117   0.193
   38   S   0.098   0.152   0.174
   39   E   0.104   0.135   0.169
   40   L   0.101   0.145   0.157
   41   I   0.098   0.153   0.148
   42   V   0.098   0.186   0.141
   43   S   0.103   0.210   0.138
   44   T   0.104   0.195   0.139
   45   A   0.105   0.188   0.137
   46   V   0.101   0.214   0.130
   47   L   0.098   0.260   0.124
   48   G   0.099   0.266   0.126
   49   V   0.105   0.249   0.132
   50   L   0.106   0.368   0.134
   51   F   0.102   0.233   0.136
   52   S   0.104   0.158   0.139
   53   L   0.108   0.152   0.142
   54   L   0.106   0.162   0.141
   55   G   0.104   0.156   0.141
   56   A   0.115   0.114   0.147
   57   Q   0.139   0.099   0.161
   58   P   0.107   0.106   0.140
   59   L   0.112   0.091   0.143
   60   L   0.097   0.102   0.133
   61   V   0.100   0.097   0.134
   62   V   0.102   0.099   0.135
   63   G   0.102   0.106   0.134
   64   F   0.125   0.094   0.147
   65   S   0.108   0.094   0.135
   66   G   0.103   0.095   0.130
   67   P   0.098   0.095   0.125
   68   L   0.103   0.094   0.126
   69   L   0.101   0.096   0.123
   70   V   0.101   0.099   0.120
# Measure  Position  Value    Cutoff   signal peptide?
  max. C    21       0.421
  max. Y    21       0.586
  max. S    15       0.893
  mean S     1-20    0.814
       D     1-20    0.709   0.450   YES
Name=B3A3_HUMAN_TRANSMEM1	SP='YES' Cleavage site between pos. 20 and 21: SPA-IT D=0.709 D-cutoff=0.450 Networks=SignalP-noTM
