# SignalP-4.1 euk predictions
# Name=BSCL2_HUMAN_TRANSMEM1	Length=70	Networks=SignalP-noTM
# pos  aa    C       S       Y
    1   G   0.103   0.955   0.313
    2   R   0.101   0.943   0.311
    3   A   0.108   0.948   0.321
    4   R   0.101   0.944   0.310
    5   R   0.106   0.957   0.318
    6   L   0.101   0.977   0.310
    7   L   0.105   0.983   0.317
    8   L   0.106   0.988   0.319
    9   Q   0.103   0.989   0.314
   10   F   0.103   0.989   0.314
   11   G   0.107   0.988   0.321
   12   V   0.100   0.986   0.311
   13   L   0.105   0.988   0.318
   14   F   0.099   0.975   0.310
   15   C   0.095   0.986   0.303
   16   T   0.102   0.985   0.315
   17   I   0.100   0.992   0.311
   18   L   0.096   0.995   0.305
   19   L   0.103   0.995   0.317
   20   L   0.107   0.995   0.324
   21   L   0.102   0.993   0.316
   22   W   0.107   0.968   0.323
   23   V   0.218   0.956   0.462
   24   S   0.124   0.941   0.348
   25   V   0.112   0.926   0.331
   26   F   0.117   0.912   0.338
   27   L   0.128   0.870   0.354
   28   Y   0.215   0.796   0.457
   29   G   0.117   0.756   0.335
   30   S   0.393   0.557   0.612
   31   F   0.127   0.450   0.344
   32   Y   0.119   0.402   0.329
   33   Y   0.173   0.389   0.390
   34   S   0.114   0.279   0.313
   35   Y   0.124   0.190   0.319
   36   M   0.107   0.147   0.290
   37   P   0.104   0.137   0.279
   38   T   0.110   0.146   0.279
   39   V   0.103   0.137   0.264
   40   S   0.103   0.187   0.255
   41   H   0.110   0.146   0.256
   42   L   0.121   0.109   0.260
   43   S   0.114   0.100   0.243
   44   P   0.104   0.101   0.222
   45   V   0.106   0.102   0.215
   46   H   0.105   0.096   0.205
   47   F   0.106   0.105   0.196
   48   Y   0.104   0.094   0.183
   49   Y   0.097   0.093   0.167
   50   R   0.103   0.104   0.160
   51   T   0.106   0.095   0.153
   52   D   0.100   0.100   0.138
   53   C   0.099   0.095   0.129
   54   D   0.108   0.091   0.128
   55   S   0.099   0.105   0.117
   56   S   0.101   0.102   0.113
   57   T   0.098   0.098   0.107
   58   T   0.102   0.100   0.107
   59   S   0.100   0.097   0.106
   60   L   0.098   0.097   0.104
   61   C   0.102   0.097   0.104
   62   S   0.100   0.098   0.102
   63   F   0.101   0.095   0.101
   64   P   0.100   0.095   0.099
   65   V   0.104   0.094   0.101
   66   A   0.107   0.094   0.102
   67   N   0.097   0.094   0.097
   68   V   0.097   0.094   0.097
   69   S   0.096   0.096   0.097
   70   L   0.103   0.096   0.100
# Measure  Position  Value    Cutoff   signal peptide?
  max. C    30       0.393
  max. Y    30       0.612
  max. S    18       0.995
  mean S     1-29    0.954
       D     1-29    0.797   0.450   YES
Name=BSCL2_HUMAN_TRANSMEM1	SP='YES' Cleavage site between pos. 29 and 30: LYG-SF D=0.797 D-cutoff=0.450 Networks=SignalP-noTM
