# SignalP-4.1 euk predictions
# Name=C5AR2_HUMAN_TRANSMEM1	Length=70	Networks=SignalP-noTM
# pos  aa    C       S       Y
    1   L   0.100   0.610   0.247
    2   R   0.103   0.542   0.251
    3   V   0.105   0.582   0.252
    4   A   0.105   0.680   0.253
    5   P   0.098   0.729   0.244
    6   L   0.104   0.750   0.252
    7   P   0.102   0.809   0.251
    8   L   0.105   0.725   0.257
    9   Y   0.105   0.689   0.258
   10   A   0.102   0.670   0.256
   11   A   0.100   0.667   0.254
   12   I   0.101   0.636   0.255
   13   F   0.098   0.619   0.251
   14   L   0.102   0.575   0.256
   15   V   0.102   0.579   0.256
   16   G   0.100   0.612   0.254
   17   V   0.103   0.507   0.257
   18   P   0.098   0.651   0.250
   19   G   0.115   0.705   0.271
   20   N   0.139   0.441   0.299
   21   A   0.100   0.607   0.253
   22   M   0.154   0.457   0.313
   23   V   0.116   0.378   0.271
   24   A   0.135   0.308   0.289
   25   W   0.103   0.245   0.250
   26   V   0.108   0.315   0.253
   27   A   0.108   0.219   0.250
   28   G   0.103   0.241   0.239
   29   K   0.137   0.260   0.270
   30   V   0.107   0.417   0.233
   31   A   0.106   0.578   0.228
   32   R   0.111   0.562   0.232
   33   R   0.126   0.442   0.246
   34   R   0.109   0.569   0.227
   35   V   0.111   0.486   0.228
   36   G   0.104   0.580   0.219
   37   A   0.107   0.642   0.222
   38   T   0.137   0.688   0.252
   39   W   0.111   0.750   0.228
   40   L   0.101   0.746   0.220
   41   L   0.105   0.823   0.225
   42   H   0.106   0.847   0.227
   43   L   0.105   0.768   0.231
   44   A   0.111   0.870   0.239
   45   V   0.100   0.877   0.231
   46   A   0.112   0.875   0.249
   47   D   0.147   0.766   0.293
   48   L   0.101   0.759   0.247
   49   L   0.105   0.748   0.256
   50   C   0.099   0.779   0.254
   51   C   0.107   0.710   0.268
   52   L   0.132   0.420   0.303
   53   S   0.103   0.305   0.267
   54   L   0.126   0.180   0.293
   55   P   0.098   0.160   0.256
   56   I   0.103   0.120   0.259
   57   L   0.102   0.139   0.254
   58   A   0.102   0.142   0.251
   59   V   0.321   0.103   0.437
   60   P   0.104   0.118   0.244
   61   I   0.108   0.111   0.242
   62   A   0.102   0.104   0.229
   63   R   0.102   0.105   0.223
   64   G   0.101   0.107   0.214
   65   G   0.154   0.104   0.254
   66   H   0.106   0.099   0.203
   67   W   0.105   0.101   0.193
   68   P   0.097   0.104   0.176
   69   Y   0.099   0.103   0.168
   70   G   0.103   0.107   0.162
# Measure  Position  Value    Cutoff   signal peptide?
  max. C    59       0.321
  max. Y    59       0.437
  max. S    45       0.877
  mean S     1-58    0.561
       D     1-58    0.504   0.450   YES
Name=C5AR2_HUMAN_TRANSMEM1	SP='YES' Cleavage site between pos. 58 and 59: ILA-VP D=0.504 D-cutoff=0.450 Networks=SignalP-noTM
