# SignalP-4.1 euk predictions
# Name=CAC1I_HUMAN_TRANSMEM15	Length=70	Networks=SignalP-TM
# pos  aa    C       S       Y
    1   W   0.101   0.387   0.198
    2   N   0.102   0.446   0.199
    3   V   0.101   0.463   0.199
    4   L   0.101   0.479   0.201
    5   D   0.104   0.474   0.205
    6   G   0.100   0.541   0.202
    7   F   0.102   0.575   0.207
    8   L   0.105   0.552   0.214
    9   V   0.102   0.401   0.214
   10   F   0.101   0.401   0.212
   11   V   0.100   0.361   0.212
   12   S   0.102   0.256   0.213
   13   I   0.102   0.252   0.211
   14   I   0.101   0.271   0.207
   15   D   0.100   0.233   0.204
   16   I   0.100   0.231   0.202
   17   V   0.102   0.148   0.200
   18   V   0.100   0.133   0.192
   19   S   0.102   0.199   0.188
   20   L   0.268   0.075   0.295
   21   A   0.108   0.061   0.177
   22   S   0.171   0.047   0.209
   23   A   0.111   0.083   0.156
   24   G   0.296   0.049   0.241
   25   G   0.106   0.062   0.135
   26   A   0.137   0.069   0.143
   27   K   0.150   0.056   0.143
   28   I   0.104   0.070   0.113
   29   L   0.109   0.069   0.108
   30   G   0.103   0.063   0.100
   31   V   0.105   0.075   0.094
   32   L   0.104   0.081   0.091
   33   R   0.104   0.076   0.089
   34   V   0.106   0.084   0.084
   35   L   0.104   0.072   0.084
   36   R   0.106   0.068   0.085
   37   L   0.104   0.073   0.085
   38   L   0.106   0.090   0.086
   39   R   0.102   0.087   0.086
   40   T   0.106   0.067   0.088
   41   L   0.106   0.070   0.088
   42   R   0.102   0.074   0.087
   43   P   0.105   0.104   0.089
   44   L   0.104   0.101   0.090
   45   R   0.097   0.130   0.088
   46   V   0.104   0.162   0.093
   47   I   0.101   0.156   0.095
   48   S   0.101   0.143   0.098
   49   R   0.101   0.122   0.101
   50   A   0.107   0.119   0.105
   51   P   0.098   0.149   0.102
   52   G   0.102   0.179   0.107
   53   L   0.099   0.172   0.108
   54   K   0.103   0.167   0.113
   55   L   0.103   0.172   0.116
   56   V   0.102   0.172   0.119
   57   V   0.101   0.146   0.122
   58   E   0.107   0.129   0.126
   59   T   0.103   0.115   0.125
   60   L   0.102   0.108   0.123
   61   I   0.103   0.127   0.123
   62   S   0.101   0.111   0.121
   63   S   0.101   0.104   0.120
   64   L   0.098   0.106   0.118
   65   K   0.103   0.092   0.120
   66   P   0.100   0.101   0.117
   67   I   0.103   0.103   0.116
   68   G   0.101   0.100   0.112
   69   N   0.099   0.099   0.109
   70   I   0.099   0.098   0.107
# Measure  Position  Value    Cutoff   signal peptide?
  max. C    24       0.296
  max. Y    20       0.295
  max. S     7       0.575
  mean S     1-19    0.358
       D     1-19    0.320   0.500   NO
Name=CAC1I_HUMAN_TRANSMEM15	SP='NO' D=0.320 D-cutoff=0.500 Networks=SignalP-TM
