# SignalP-4.1 euk predictions
# Name=CAC1G_HUMAN_TRANSMEM19	Length=70	Networks=SignalP-TM
# pos  aa    C       S       Y
    1   H   0.102   0.295   0.173
    2   L   0.101   0.275   0.173
    3   C   0.102   0.243   0.173
    4   T   0.101   0.269   0.171
    5   S   0.104   0.269   0.173
    6   H   0.101   0.357   0.170
    7   Y   0.102   0.314   0.172
    8   L   0.099   0.266   0.170
    9   D   0.099   0.287   0.169
   10   L   0.100   0.313   0.170
   11   F   0.102   0.310   0.172
   12   I   0.102   0.339   0.173
   13   T   0.103   0.342   0.175
   14   G   0.100   0.378   0.173
   15   V   0.101   0.418   0.175
   16   I   0.104   0.339   0.180
   17   G   0.100   0.379   0.178
   18   L   0.323   0.235   0.325
   19   N   0.103   0.197   0.183
   20   V   0.102   0.213   0.181
   21   V   0.103   0.214   0.179
   22   T   0.103   0.322   0.176
   23   M   0.103   0.274   0.178
   24   A   0.112   0.211   0.185
   25   M   0.189   0.137   0.237
   26   E   0.104   0.132   0.173
   27   H   0.110   0.121   0.173
   28   Y   0.105   0.108   0.163
   29   Q   0.102   0.106   0.155
   30   Q   0.103   0.114   0.149
   31   P   0.101   0.116   0.141
   32   Q   0.109   0.097   0.140
   33   I   0.103   0.103   0.132
   34   L   0.099   0.105   0.127
   35   D   0.102   0.098   0.125
   36   E   0.105   0.077   0.124
   37   A   0.104   0.055   0.116
   38   L   0.098   0.057   0.105
   39   K   0.106   0.060   0.104
   40   I   0.099   0.045   0.098
   41   C   0.103   0.051   0.096
   42   N   0.101   0.043   0.093
   43   Y   0.103   0.047   0.091
   44   I   0.098   0.039   0.086
   45   F   0.100   0.032   0.084
   46   T   0.101   0.029   0.081
   47   V   0.101   0.024   0.078
   48   I   0.103   0.025   0.075
   49   F   0.101   0.025   0.070
   50   V   0.099   0.031   0.066
   51   L   0.100   0.043   0.063
   52   E   0.105   0.053   0.064
   53   S   0.099   0.065   0.062
   54   V   0.102   0.051   0.064
   55   F   0.101   0.047   0.063
   56   K   0.103   0.082   0.064
   57   L   0.100   0.086   0.065
   58   V   0.102   0.088   0.068
   59   A   0.103   0.078   0.071
   60   F   0.101   0.076   0.072
   61   G   0.101   0.056   0.075
   62   F   0.102   0.065   0.077
   63   R   0.104   0.102   0.079
   64   R   0.099   0.093   0.081
   65   F   0.103   0.108   0.085
   66   F   0.100   0.096   0.087
   67   Q   0.102   0.092   0.089
   68   D   0.103   0.089   0.091
   69   R   0.101   0.089   0.092
   70   W   0.102   0.090   0.094
# Measure  Position  Value    Cutoff   signal peptide?
  max. C    18       0.323
  max. Y    18       0.325
  max. S    15       0.418
  mean S     1-17    0.317
       D     1-17    0.322   0.500   NO
Name=CAC1G_HUMAN_TRANSMEM19	SP='NO' D=0.322 D-cutoff=0.500 Networks=SignalP-TM
