# SignalP-4.1 euk predictions
# Name=CAC1A_HUMAN_TRANSMEM9	Length=70	Networks=SignalP-noTM
# pos  aa    C       S       Y
    1   P   0.101   0.176   0.133
    2   Y   0.103   0.231   0.135
    3   F   0.102   0.212   0.135
    4   H   0.101   0.241   0.135
    5   S   0.101   0.253   0.136
    6   S   0.098   0.280   0.135
    7   F   0.097   0.316   0.136
    8   N   0.103   0.253   0.142
    9   C   0.100   0.237   0.142
   10   F   0.098   0.242   0.142
   11   D   0.101   0.211   0.145
   12   C   0.102   0.208   0.146
   13   G   0.099   0.191   0.144
   14   V   0.094   0.227   0.141
   15   I   0.103   0.213   0.148
   16   I   0.100   0.193   0.147
   17   G   0.093   0.198   0.142
   18   S   0.105   0.203   0.151
   19   I   0.102   0.168   0.149
   20   F   0.101   0.145   0.148
   21   E   0.106   0.140   0.151
   22   V   0.101   0.139   0.147
   23   I   0.104   0.174   0.148
   24   W   0.103   0.403   0.148
   25   A   0.109   0.291   0.155
   26   V   0.357   0.127   0.283
   27   I   0.102   0.142   0.149
   28   K   0.098   0.126   0.144
   29   P   0.098   0.143   0.143
   30   G   0.119   0.154   0.154
   31   T   0.104   0.149   0.142
   32   S   0.104   0.260   0.141
   33   F   0.158   0.157   0.174
   34   G   0.103   0.150   0.140
   35   I   0.208   0.147   0.197
   36   S   0.104   0.150   0.139
   37   V   0.103   0.141   0.136
   38   L   0.103   0.141   0.135
   39   R   0.102   0.164   0.133
   40   A   0.105   0.133   0.135
   41   L   0.117   0.115   0.141
   42   R   0.103   0.125   0.132
   43   L   0.106   0.138   0.133
   44   L   0.105   0.188   0.132
   45   R   0.102   0.139   0.131
   46   I   0.107   0.124   0.134
   47   F   0.101   0.121   0.125
   48   K   0.101   0.176   0.122
   49   V   0.102   0.184   0.124
   50   T   0.099   0.148   0.123
   51   K   0.099   0.125   0.123
   52   Y   0.099   0.120   0.122
   53   W   0.101   0.115   0.123
   54   A   0.098   0.120   0.120
   55   S   0.099   0.117   0.118
   56   L   0.107   0.118   0.122
   57   R   0.096   0.103   0.116
   58   N   0.103   0.099   0.118
   59   L   0.100   0.096   0.116
   60   V   0.102   0.098   0.116
   61   V   0.103   0.094   0.116
   62   S   0.105   0.094   0.116
   63   L   0.101   0.096   0.113
   64   L   0.101   0.094   0.112
   65   N   0.104   0.094   0.113
   66   S   0.100   0.096   0.110
   67   M   0.099   0.096   0.107
   68   K   0.101   0.096   0.108
   69   S   0.103   0.097   0.108
   70   I   0.101   0.098   0.107
# Measure  Position  Value    Cutoff   signal peptide?
  max. C    26       0.357
  max. Y    26       0.283
  max. S    24       0.403
  mean S     1-25    0.222
       D     1-25    0.250   0.450   NO
Name=CAC1A_HUMAN_TRANSMEM9	SP='NO' D=0.250 D-cutoff=0.450 Networks=SignalP-noTM
