# SignalP-4.1 euk predictions
# Name=CAC1H_HUMAN_TRANSMEM12	Length=70	Networks=SignalP-TM
# pos  aa    C       S       Y
    1   S   0.102   0.512   0.228
    2   T   0.101   0.399   0.227
    3   S   0.102   0.336   0.227
    4   S   0.101   0.324   0.223
    5   W   0.100   0.331   0.219
    6   A   0.102   0.288   0.217
    7   A   0.099   0.283   0.211
    8   L   0.099   0.244   0.207
    9   Y   0.101   0.177   0.204
   10   F   0.101   0.187   0.198
   11   V   0.106   0.217   0.197
   12   A   0.103   0.175   0.189
   13   L   0.098   0.131   0.178
   14   M   0.101   0.162   0.172
   15   T   0.103   0.149   0.166
   16   F   0.106   0.195   0.161
   17   G   0.103   0.264   0.154
   18   N   0.130   0.312   0.171
   19   Y   0.104   0.415   0.152
   20   V   0.110   0.430   0.159
   21   L   0.107   0.326   0.160
   22   F   0.111   0.350   0.164
   23   N   0.138   0.461   0.186
   24   L   0.105   0.421   0.168
   25   L   0.102   0.610   0.171
   26   V   0.106   0.623   0.182
   27   A   0.105   0.628   0.191
   28   I   0.109   0.515   0.204
   29   L   0.103   0.529   0.204
   30   V   0.104   0.540   0.213
   31   E   0.102   0.583   0.216
   32   G   0.102   0.663   0.222
   33   F   0.169   0.400   0.293
   34   Q   0.103   0.432   0.228
   35   A   0.110   0.457   0.236
   36   E   0.296   0.248   0.390
   37   G   0.101   0.319   0.226
   38   D   0.128   0.155   0.252
   39   A   0.104   0.178   0.223
   40   N   0.156   0.125   0.264
   41   R   0.100   0.134   0.203
   42   S   0.104   0.131   0.198
   43   D   0.104   0.126   0.191
   44   T   0.103   0.121   0.181
   45   D   0.102   0.126   0.173
   46   E   0.102   0.123   0.162
   47   D   0.103   0.121   0.151
   48   K   0.102   0.115   0.143
   49   T   0.104   0.122   0.136
   50   S   0.105   0.122   0.127
   51   V   0.102   0.110   0.121
   52   H   0.102   0.115   0.115
   53   F   0.104   0.108   0.115
   54   E   0.100   0.109   0.110
   55   E   0.103   0.107   0.111
   56   D   0.106   0.102   0.112
   57   F   0.104   0.102   0.110
   58   H   0.105   0.102   0.109
   59   K   0.103   0.103   0.108
   60   L   0.102   0.102   0.107
   61   R   0.103   0.102   0.106
   62   E   0.105   0.100   0.107
   63   L   0.103   0.102   0.105
   64   Q   0.101   0.104   0.103
   65   T   0.104   0.102   0.104
   66   T   0.102   0.102   0.103
   67   E   0.103   0.100   0.103
   68   L   0.102   0.101   0.103
   69   K   0.099   0.102   0.101
   70   M   0.100   0.099   0.101
# Measure  Position  Value    Cutoff   signal peptide?
  max. C    36       0.296
  max. Y    36       0.390
  max. S    32       0.663
  mean S     1-35    0.373
       D     1-35    0.384   0.500   NO
Name=CAC1H_HUMAN_TRANSMEM12	SP='NO' D=0.384 D-cutoff=0.500 Networks=SignalP-TM
