# SignalP-4.1 euk predictions
# Name=CAD22_HUMAN_TRANSMEM1	Length=70	Networks=SignalP-TM
# pos  aa    C       S       Y
    1   A   0.102   0.769   0.281
    2   S   0.099   0.685   0.276
    3   L   0.101   0.618   0.278
    4   S   0.101   0.474   0.276
    5   P   0.102   0.374   0.273
    6   G   0.105   0.235   0.271
    7   A   0.099   0.170   0.257
    8   L   0.102   0.169   0.252
    9   I   0.105   0.151   0.247
   10   A   0.099   0.112   0.231
   11   L   0.098   0.113   0.219
   12   L   0.105   0.167   0.215
   13   V   0.100   0.244   0.200
   14   C   0.105   0.237   0.194
   15   V   0.104   0.243   0.183
   16   L   0.101   0.143   0.170
   17   I   0.105   0.133   0.161
   18   L   0.108   0.160   0.151
   19   V   0.104   0.193   0.140
   20   V   0.105   0.307   0.136
   21   L   0.104   0.442   0.137
   22   V   0.115   0.447   0.152
   23   L   0.151   0.454   0.183
   24   L   0.113   0.490   0.166
   25   I   0.180   0.483   0.220
   26   L   0.110   0.358   0.180
   27   T   0.108   0.412   0.183
   28   L   0.185   0.314   0.244
   29   R   0.109   0.480   0.188
   30   R   0.178   0.414   0.247
   31   H   0.136   0.283   0.222
   32   H   0.115   0.281   0.208
   33   K   0.113   0.263   0.208
   34   S   0.122   0.185   0.218
   35   H   0.125   0.182   0.217
   36   L   0.102   0.144   0.191
   37   S   0.111   0.119   0.194
   38   S   0.103   0.112   0.180
   39   D   0.103   0.120   0.172
   40   E   0.100   0.110   0.162
   41   D   0.101   0.112   0.157
   42   E   0.100   0.106   0.149
   43   D   0.101   0.105   0.145
   44   M   0.101   0.103   0.135
   45   R   0.102   0.109   0.128
   46   D   0.104   0.102   0.124
   47   N   0.102   0.098   0.117
   48   V   0.103   0.108   0.112
   49   I   0.102   0.109   0.109
   50   K   0.103   0.104   0.107
   51   Y   0.100   0.119   0.104
   52   N   0.102   0.118   0.105
   53   D   0.105   0.109   0.107
   54   E   0.105   0.102   0.106
   55   G   0.106   0.105   0.106
   56   G   0.099   0.106   0.103
   57   G   0.105   0.101   0.106
   58   E   0.101   0.109   0.104
   59   Q   0.103   0.103   0.105
   60   D   0.100   0.104   0.103
   61   T   0.103   0.105   0.105
   62   E   0.105   0.105   0.106
   63   A   0.104   0.107   0.105
   64   Y   0.098   0.106   0.102
   65   D   0.105   0.106   0.106
   66   M   0.102   0.105   0.104
   67   S   0.106   0.106   0.105
   68   A   0.105   0.106   0.105
   69   L   0.099   0.108   0.102
   70   R   0.105   0.103   0.105
# Measure  Position  Value    Cutoff   signal peptide?
  max. C    28       0.185
  max. Y    30       0.247
  max. S     1       0.769
  mean S     1-29    0.330
       D     1-29    0.281   0.500   NO
Name=CAD22_HUMAN_TRANSMEM1	SP='NO' D=0.281 D-cutoff=0.500 Networks=SignalP-TM
