# SignalP-4.1 euk predictions
# Name=CAHM2_HUMAN_TRANSMEM3	Length=70	Networks=SignalP-noTM
# pos  aa    C       S       Y
    1   S   0.104   0.799   0.289
    2   A   0.103   0.801   0.287
    3   A   0.100   0.858   0.283
    4   P   0.097   0.879   0.279
    5   T   0.102   0.902   0.287
    6   F   0.101   0.875   0.286
    7   L   0.106   0.834   0.293
    8   L   0.102   0.781   0.288
    9   L   0.099   0.732   0.284
   10   S   0.101   0.678   0.287
   11   S   0.106   0.725   0.293
   12   I   0.105   0.748   0.290
   13   L   0.102   0.836   0.285
   14   G   0.100   0.877   0.284
   15   R   0.098   0.837   0.281
   16   A   0.106   0.914   0.292
   17   A   0.120   0.837   0.312
   18   V   0.113   0.663   0.304
   19   A   0.275   0.339   0.472
   20   P   0.128   0.199   0.317
   21   V   0.117   0.157   0.299
   22   T   0.101   0.179   0.272
   23   W   0.101   0.240   0.266
   24   S   0.133   0.165   0.301
   25   V   0.135   0.155   0.296
   26   I   0.106   0.170   0.255
   27   S   0.108   0.174   0.251
   28   L   0.107   0.170   0.243
   29   L   0.107   0.200   0.236
   30   R   0.107   0.232   0.229
   31   G   0.108   0.407   0.224
   32   E   0.122   0.201   0.235
   33   A   0.105   0.281   0.212
   34   Y   0.184   0.162   0.274
   35   V   0.101   0.236   0.196
   36   C   0.108   0.187   0.196
   37   A   0.109   0.199   0.188
   38   L   0.137   0.119   0.200
   39   S   0.112   0.102   0.170
   40   E   0.121   0.097   0.165
   41   F   0.101   0.098   0.142
   42   V   0.104   0.095   0.140
   43   D   0.101   0.102   0.136
   44   P   0.104   0.108   0.137
   45   S   0.112   0.107   0.141
   46   S   0.106   0.119   0.134
   47   L   0.101   0.124   0.131
   48   T   0.104   0.123   0.132
   49   A   0.103   0.115   0.131
   50   R   0.101   0.109   0.128
   51   E   0.107   0.109   0.131
   52   E   0.105   0.106   0.128
   53   H   0.099   0.100   0.122
   54   F   0.100   0.090   0.117
   55   P   0.100   0.095   0.114
   56   S   0.107   0.101   0.115
   57   A   0.106   0.102   0.113
   58   H   0.100   0.105   0.107
   59   A   0.105   0.102   0.107
   60   T   0.103   0.105   0.105
   61   E   0.108   0.103   0.106
   62   I   0.104   0.099   0.105
   63   L   0.103   0.099   0.104
   64   A   0.105   0.102   0.105
   65   R   0.096   0.103   0.101
   66   F   0.111   0.098   0.109
   67   P   0.104   0.101   0.105
   68   C   0.110   0.098   0.108
   69   K   0.103   0.095   0.104
   70   E   0.100   0.097   0.101
# Measure  Position  Value    Cutoff   signal peptide?
  max. C    19       0.275
  max. Y    19       0.472
  max. S    16       0.914
  mean S     1-18    0.810
       D     1-18    0.654   0.450   YES
Name=CAHM2_HUMAN_TRANSMEM3	SP='YES' Cleavage site between pos. 18 and 19: AAV-AP D=0.654 D-cutoff=0.450 Networks=SignalP-noTM
