# SignalP-4.1 euk predictions
# Name=CC080_HUMAN_TRANSMEM1	Length=70	Networks=SignalP-noTM
# pos  aa    C       S       Y
    1   W   0.100   0.927   0.304
    2   F   0.101   0.936   0.306
    3   V   0.100   0.957   0.305
    4   R   0.102   0.970   0.307
    5   K   0.106   0.979   0.315
    6   L   0.098   0.980   0.302
    7   S   0.105   0.982   0.313
    8   G   0.104   0.973   0.313
    9   L   0.104   0.937   0.313
   10   L   0.103   0.934   0.311
   11   I   0.101   0.938   0.309
   12   L   0.101   0.953   0.309
   13   L   0.101   0.981   0.309
   14   V   0.101   0.986   0.309
   15   L   0.105   0.988   0.315
   16   F   0.100   0.986   0.309
   17   A   0.108   0.975   0.321
   18   I   0.127   0.950   0.348
   19   G   0.102   0.941   0.313
   20   Y   0.211   0.856   0.449
   21   F   0.103   0.895   0.313
   22   L   0.253   0.839   0.491
   23   Q   0.124   0.737   0.344
   24   R   0.225   0.532   0.460
   25   I   0.157   0.352   0.380
   26   I   0.105   0.396   0.306
   27   C   0.105   0.298   0.302
   28   P   0.186   0.147   0.394
   29   S   0.116   0.137   0.304
   30   P   0.095   0.166   0.269
   31   R   0.103   0.127   0.273
   32   R   0.102   0.130   0.265
   33   Y   0.107   0.131   0.264
   34   P   0.097   0.136   0.244
   35   R   0.103   0.133   0.243
   36   G   0.108   0.155   0.241
   37   Q   0.102   0.127   0.226
   38   A   0.103   0.139   0.218
   39   R   0.111   0.127   0.217
   40   P   0.109   0.114   0.204
   41   G   0.104   0.109   0.190
   42   Q   0.103   0.099   0.178
   43   R   0.107   0.096   0.172
   44   P   0.103   0.093   0.156
   45   G   0.106   0.093   0.147
   46   P   0.098   0.090   0.131
   47   P   0.111   0.090   0.131
   48   G   0.107   0.083   0.124
   49   G   0.105   0.092   0.116
   50   A   0.098   0.091   0.108
   51   G   0.102   0.099   0.109
   52   P   0.101   0.101   0.108
   53   L   0.105   0.103   0.108
   54   G   0.111   0.093   0.110
   55   G   0.110   0.100   0.109
   56   A   0.103   0.097   0.105
   57   G   0.106   0.098   0.106
   58   P   0.104   0.097   0.104
   59   P   0.103   0.100   0.102
   60   D   0.105   0.103   0.103
   61   D   0.108   0.104   0.103
   62   D   0.096   0.102   0.097
   63   D   0.102   0.101   0.099
   64   D   0.101   0.105   0.099
   65   S   0.103   0.105   0.100
   66   P   0.106   0.104   0.102
   67   A   0.110   0.106   0.104
   68   L   0.096   0.105   0.097
   69   L   0.106   0.104   0.102
   70   R   0.103   0.102   0.101
# Measure  Position  Value    Cutoff   signal peptide?
  max. C    22       0.253
  max. Y    22       0.491
  max. S    15       0.988
  mean S     1-21    0.954
       D     1-21    0.741   0.450   YES
Name=CC080_HUMAN_TRANSMEM1	SP='YES' Cleavage site between pos. 21 and 22: GYF-LQ D=0.741 D-cutoff=0.450 Networks=SignalP-noTM
