# SignalP-4.1 euk predictions
# Name=CCR2_HUMAN_TRANSMEM1	Length=70	Networks=SignalP-noTM
# pos  aa    C       S       Y
    1   K   0.102   0.699   0.267
    2   Q   0.101   0.700   0.266
    3   I   0.103   0.625   0.269
    4   G   0.105   0.643   0.271
    5   A   0.102   0.640   0.266
    6   Q   0.098   0.707   0.260
    7   L   0.103   0.745   0.266
    8   L   0.098   0.792   0.260
    9   P   0.101   0.797   0.266
   10   P   0.104   0.805   0.270
   11   L   0.104   0.797   0.271
   12   Y   0.106   0.688   0.274
   13   S   0.101   0.748   0.267
   14   L   0.100   0.699   0.267
   15   V   0.096   0.662   0.262
   16   F   0.100   0.583   0.267
   17   I   0.102   0.610   0.269
   18   F   0.098   0.621   0.262
   19   G   0.104   0.650   0.269
   20   F   0.134   0.592   0.305
   21   V   0.102   0.699   0.265
   22   G   0.101   0.758   0.265
   23   N   0.116   0.578   0.284
   24   M   0.126   0.455   0.295
   25   L   0.111   0.543   0.274
   26   V   0.113   0.569   0.276
   27   V   0.122   0.384   0.286
   28   L   0.103   0.468   0.260
   29   I   0.107   0.468   0.264
   30   L   0.125   0.245   0.282
   31   I   0.111   0.236   0.260
   32   N   0.108   0.187   0.252
   33   C   0.103   0.319   0.240
   34   K   0.122   0.167   0.256
   35   K   0.099   0.282   0.225
   36   L   0.107   0.302   0.228
   37   K   0.109   0.189   0.227
   38   C   0.099   0.195   0.211
   39   L   0.160   0.134   0.263
   40   T   0.126   0.125   0.227
   41   D   0.137   0.102   0.231
   42   I   0.104   0.120   0.195
   43   Y   0.098   0.105   0.183
   44   L   0.099   0.140   0.176
   45   L   0.100   0.123   0.169
   46   N   0.098   0.156   0.162
   47   L   0.104   0.215   0.162
   48   A   0.103   0.239   0.157
   49   I   0.098   0.284   0.148
   50   S   0.105   0.297   0.152
   51   D   0.106   0.232   0.149
   52   L   0.096   0.168   0.138
   53   L   0.103   0.158   0.142
   54   F   0.094   0.145   0.134
   55   L   0.099   0.135   0.138
   56   I   0.104   0.123   0.138
   57   T   0.101   0.122   0.135
   58   L   0.104   0.120   0.134
   59   P   0.097   0.120   0.126
   60   L   0.102   0.105   0.128
   61   W   0.101   0.137   0.126
   62   A   0.099   0.176   0.125
   63   H   0.135   0.124   0.147
   64   S   0.105   0.165   0.130
   65   A   0.122   0.123   0.141
   66   A   0.105   0.109   0.131
   67   N   0.141   0.105   0.151
   68   E   0.124   0.104   0.142
   69   W   0.095   0.103   0.123
   70   V   0.104   0.104   0.126
# Measure  Position  Value    Cutoff   signal peptide?
  max. C    39       0.160
  max. Y    20       0.305
  max. S    10       0.805
  mean S     1-19    0.695
       D     1-19    0.516   0.450   YES
Name=CCR2_HUMAN_TRANSMEM1	SP='YES' Cleavage site between pos. 19 and 20: IFG-FV D=0.516 D-cutoff=0.450 Networks=SignalP-noTM
