# SignalP-4.1 euk predictions
# Name=CCR5_HUMAN_TRANSMEM6	Length=70	Networks=SignalP-noTM
# pos  aa    C       S       Y
    1   H   0.101   0.912   0.303
    2   R   0.103   0.895   0.307
    3   A   0.106   0.891   0.310
    4   V   0.096   0.948   0.296
    5   R   0.103   0.950   0.306
    6   L   0.105   0.944   0.309
    7   I   0.100   0.958   0.303
    8   F   0.102   0.946   0.306
    9   T   0.106   0.949   0.312
   10   I   0.100   0.913   0.304
   11   M   0.107   0.921   0.314
   12   I   0.104   0.925   0.310
   13   V   0.097   0.936   0.299
   14   Y   0.098   0.913   0.301
   15   F   0.100   0.916   0.304
   16   L   0.108   0.860   0.316
   17   F   0.100   0.920   0.304
   18   W   0.101   0.946   0.305
   19   A   0.144   0.882   0.364
   20   P   0.122   0.737   0.336
   21   Y   0.117   0.736   0.327
   22   N   0.104   0.764   0.307
   23   I   0.117   0.682   0.324
   24   V   0.113   0.635   0.316
   25   L   0.119   0.515   0.323
   26   L   0.111   0.505   0.308
   27   L   0.213   0.271   0.422
   28   N   0.109   0.258   0.297
   29   T   0.107   0.216   0.288
   30   F   0.109   0.230   0.284
   31   Q   0.105   0.240   0.274
   32   E   0.125   0.142   0.291
   33   F   0.096   0.192   0.249
   34   F   0.102   0.210   0.249
   35   G   0.100   0.262   0.240
   36   L   0.175   0.125   0.309
   37   N   0.100   0.112   0.226
   38   N   0.097   0.117   0.214
   39   C   0.101   0.115   0.211
   40   S   0.108   0.103   0.208
   41   S   0.098   0.110   0.190
   42   S   0.107   0.104   0.189
   43   N   0.104   0.114   0.177
   44   R   0.095   0.104   0.161
   45   L   0.103   0.099   0.158
   46   D   0.102   0.105   0.149
   47   Q   0.100   0.102   0.139
   48   A   0.102   0.095   0.133
   49   M   0.095   0.096   0.122
   50   Q   0.104   0.104   0.124
   51   V   0.101   0.098   0.119
   52   T   0.099   0.095   0.116
   53   E   0.105   0.095   0.117
   54   T   0.100   0.097   0.111
   55   L   0.103   0.094   0.112
   56   G   0.106   0.101   0.111
   57   M   0.100   0.097   0.106
   58   T   0.108   0.094   0.106
   59   H   0.102   0.093   0.102
   60   C   0.105   0.092   0.103
   61   C   0.105   0.095   0.102
   62   I   0.102   0.094   0.101
   63   N   0.096   0.096   0.098
   64   P   0.098   0.094   0.098
   65   I   0.099   0.097   0.098
   66   I   0.102   0.095   0.100
   67   Y   0.105   0.095   0.101
   68   A   0.097   0.097   0.097
   69   F   0.105   0.096   0.100
   70   V   0.105   0.099   0.101
# Measure  Position  Value    Cutoff   signal peptide?
  max. C    27       0.213
  max. Y    27       0.422
  max. S     7       0.958
  mean S     1-26    0.850
       D     1-26    0.653   0.450   YES
Name=CCR5_HUMAN_TRANSMEM6	SP='YES' Cleavage site between pos. 26 and 27: VLL-LN D=0.653 D-cutoff=0.450 Networks=SignalP-noTM
