# SignalP-4.1 euk predictions
# Name=CCR9_HUMAN_TRANSMEM3	Length=70	Networks=SignalP-noTM
# pos  aa    C       S       Y
    1   T   0.102   0.227   0.152
    2   F   0.101   0.243   0.152
    3   M   0.102   0.239   0.152
    4   C   0.101   0.332   0.152
    5   K   0.102   0.325   0.154
    6   V   0.098   0.282   0.152
    7   V   0.101   0.425   0.155
    8   N   0.102   0.329   0.159
    9   S   0.098   0.235   0.158
   10   M   0.100   0.269   0.159
   11   Y   0.100   0.325   0.160
   12   K   0.095   0.422   0.157
   13   M   0.097   0.531   0.162
   14   N   0.102   0.478   0.170
   15   F   0.101   0.424   0.172
   16   Y   0.100   0.394   0.174
   17   S   0.098   0.364   0.174
   18   C   0.102   0.376   0.179
   19   V   0.110   0.414   0.188
   20   L   0.100   0.402   0.183
   21   L   0.101   0.358   0.185
   22   I   0.104   0.406   0.190
   23   M   0.100   0.488   0.188
   24   C   0.105   0.549   0.196
   25   I   0.115   0.516   0.209
   26   S   0.101   0.537   0.200
   27   V   0.104   0.534   0.205
   28   D   0.100   0.710   0.203
   29   R   0.097   0.744   0.205
   30   Y   0.129   0.512   0.240
   31   I   0.118   0.310   0.231
   32   A   0.100   0.428   0.214
   33   I   0.121   0.285   0.237
   34   A   0.113   0.265   0.228
   35   Q   0.180   0.150   0.287
   36   A   0.104   0.169   0.213
   37   M   0.138   0.121   0.242
   38   R   0.105   0.133   0.207
   39   A   0.111   0.137   0.210
   40   H   0.112   0.138   0.209
   41   T   0.107   0.210   0.201
   42   W   0.098   0.211   0.190
   43   R   0.102   0.360   0.192
   44   E   0.105   0.325   0.195
   45   K   0.101   0.432   0.189
   46   R   0.100   0.482   0.188
   47   L   0.108   0.419   0.195
   48   L   0.101   0.393   0.187
   49   Y   0.106   0.400   0.190
   50   S   0.104   0.449   0.186
   51   K   0.102   0.399   0.181
   52   M   0.105   0.380   0.180
   53   V   0.102   0.296   0.175
   54   C   0.104   0.301   0.176
   55   F   0.104   0.227   0.175
   56   T   0.099   0.233   0.170
   57   I   0.099   0.208   0.169
   58   W   0.098   0.164   0.169
   59   V   0.096   0.148   0.167
   60   L   0.102   0.160   0.173
   61   A   0.107   0.198   0.177
   62   A   0.101   0.124   0.173
   63   A   0.115   0.102   0.185
   64   L   0.179   0.104   0.229
   65   C   0.103   0.121   0.172
   66   I   0.118   0.104   0.180
   67   P   0.100   0.103   0.163
   68   E   0.108   0.102   0.164
   69   I   0.102   0.106   0.154
   70   L   0.101   0.111   0.149
# Measure  Position  Value    Cutoff   signal peptide?
  max. C    35       0.180
  max. Y    35       0.287
  max. S    29       0.744
  mean S     1-34    0.402
       D     1-34    0.349   0.450   NO
Name=CCR9_HUMAN_TRANSMEM3	SP='NO' D=0.349 D-cutoff=0.450 Networks=SignalP-noTM
