# SignalP-4.1 euk predictions
# Name=CD53_HUMAN_TRANSMEM1	Length=70	Networks=SignalP-noTM
# pos  aa    C       S       Y
    1   K   0.101   0.956   0.311
    2   L   0.102   0.960   0.312
    3   L   0.101   0.974   0.311
    4   K   0.102   0.981   0.313
    5   Y   0.104   0.982   0.316
    6   V   0.101   0.983   0.311
    7   L   0.103   0.979   0.314
    8   F   0.106   0.980   0.319
    9   F   0.098   0.982   0.307
   10   F   0.100   0.978   0.310
   11   N   0.102   0.972   0.314
   12   L   0.099   0.984   0.309
   13   L   0.099   0.983   0.310
   14   F   0.099   0.974   0.309
   15   W   0.101   0.962   0.313
   16   I   0.104   0.961   0.318
   17   C   0.097   0.956   0.307
   18   G   0.112   0.946   0.329
   19   C   0.297   0.856   0.537
   20   C   0.279   0.736   0.519
   21   I   0.136   0.691   0.360
   22   L   0.182   0.550   0.414
   23   G   0.138   0.522   0.357
   24   F   0.234   0.323   0.460
   25   G   0.109   0.485   0.309
   26   I   0.265   0.264   0.476
   27   Y   0.101   0.327   0.289
   28   L   0.150   0.256   0.344
   29   L   0.112   0.206   0.291
   30   I   0.107   0.206   0.278
   31   H   0.113   0.155   0.279
   32   N   0.127   0.171   0.287
   33   N   0.101   0.212   0.249
   34   F   0.103   0.271   0.244
   35   G   0.102   0.265   0.236
   36   V   0.176   0.137   0.300
   37   L   0.095   0.182   0.213
   38   F   0.100   0.171   0.210
   39   H   0.107   0.126   0.208
   40   N   0.106   0.124   0.197
   41   L   0.104   0.119   0.185
   42   P   0.100   0.140   0.172
   43   S   0.102   0.171   0.165
   44   L   0.098   0.174   0.155
   45   T   0.100   0.202   0.151
   46   L   0.106   0.208   0.150
   47   G   0.104   0.209   0.147
   48   N   0.144   0.177   0.168
   49   V   0.102   0.229   0.139
   50   F   0.103   0.234   0.138
   51   V   0.104   0.187   0.139
   52   I   0.095   0.201   0.132
   53   V   0.101   0.200   0.137
   54   G   0.101   0.156   0.138
   55   S   0.105   0.147   0.140
   56   I   0.101   0.120   0.136
   57   I   0.097   0.114   0.131
   58   M   0.103   0.107   0.132
   59   V   0.097   0.105   0.128
   60   V   0.103   0.109   0.130
   61   A   0.102   0.126   0.128
   62   F   0.128   0.102   0.144
   63   L   0.109   0.099   0.133
   64   G   0.105   0.101   0.129
   65   C   0.101   0.103   0.126
   66   M   0.108   0.105   0.129
   67   G   0.104   0.107   0.125
   68   S   0.116   0.100   0.131
   69   I   0.104   0.099   0.122
   70   K   0.103   0.104   0.119
# Measure  Position  Value    Cutoff   signal peptide?
  max. C    19       0.297
  max. Y    19       0.537
  max. S    12       0.984
  mean S     1-18    0.972
       D     1-18    0.772   0.450   YES
Name=CD53_HUMAN_TRANSMEM1	SP='YES' Cleavage site between pos. 18 and 19: ICG-CC D=0.772 D-cutoff=0.450 Networks=SignalP-noTM
