# SignalP-4.1 euk predictions
# Name=CD8A_HUMAN_TRANSMEM1	Length=70	Networks=SignalP-noTM
# pos  aa    C       S       Y
    1   P   0.105   0.139   0.120
    2   A   0.108   0.160   0.122
    3   A   0.099   0.136   0.118
    4   G   0.100   0.213   0.118
    5   G   0.101   0.254   0.120
    6   A   0.101   0.223   0.122
    7   V   0.101   0.270   0.124
    8   H   0.105   0.330   0.129
    9   T   0.100   0.286   0.129
   10   R   0.101   0.279   0.133
   11   G   0.108   0.293   0.140
   12   L   0.101   0.374   0.137
   13   D   0.104   0.406   0.144
   14   F   0.103   0.409   0.147
   15   A   0.105   0.461   0.153
   16   C   0.097   0.391   0.151
   17   D   0.106   0.425   0.162
   18   I   0.103   0.483   0.164
   19   Y   0.099   0.553   0.165
   20   I   0.101   0.621   0.173
   21   W   0.095   0.628   0.174
   22   A   0.104   0.680   0.188
   23   P   0.098   0.511   0.189
   24   L   0.106   0.486   0.201
   25   A   0.103   0.490   0.202
   26   G   0.107   0.349   0.210
   27   T   0.108   0.410   0.213
   28   C   0.131   0.461   0.236
   29   G   0.105   0.456   0.214
   30   V   0.131   0.478   0.241
   31   L   0.098   0.466   0.210
   32   L   0.105   0.437   0.220
   33   L   0.107   0.608   0.224
   34   S   0.108   0.543   0.228
   35   L   0.104   0.573   0.225
   36   V   0.100   0.588   0.223
   37   I   0.108   0.590   0.233
   38   T   0.102   0.730   0.228
   39   L   0.153   0.575   0.283
   40   Y   0.103   0.601   0.234
   41   C   0.109   0.503   0.242
   42   N   0.139   0.268   0.273
   43   H   0.100   0.257   0.228
   44   R   0.118   0.163   0.244
   45   N   0.109   0.170   0.228
   46   R   0.095   0.206   0.210
   47   R   0.102   0.135   0.215
   48   R   0.112   0.119   0.221
   49   V   0.103   0.118   0.209
   50   C   0.101   0.122   0.204
   51   K   0.104   0.113   0.203
   52   C   0.101   0.110   0.196
   53   P   0.104   0.102   0.194
   54   R   0.102   0.092   0.188
   55   P   0.104   0.089   0.186
   56   V   0.105   0.096   0.179
   57   V   0.104   0.099   0.173
   58   K   0.105   0.096   0.167
   59   S   0.100   0.101   0.156
   60   G   0.102   0.100   0.150
   61   D   0.099   0.103   0.138
   62   K   0.105   0.099   0.134
   63   P   0.098   0.099   0.120
   64   S   0.108   0.097   0.118
   65   L   0.101   0.098   0.111
   66   S   0.110   0.099   0.112
   67   A   0.098   0.098   0.105
   68   R   0.093   0.101   0.101
   69   Y   0.101   0.099   0.102
   70   V   0.101   0.098   0.102
# Measure  Position  Value    Cutoff   signal peptide?
  max. C    39       0.153
  max. Y    39       0.283
  max. S    38       0.730
  mean S     1-38    0.426
       D     1-38    0.360   0.450   NO
Name=CD8A_HUMAN_TRANSMEM1	SP='NO' D=0.360 D-cutoff=0.450 Networks=SignalP-noTM
