# SignalP-4.1 euk predictions
# Name=CD9_HUMAN_TRANSMEM3	Length=70	Networks=SignalP-TM
# pos  aa    C       S       Y
    1   Q   0.101   0.648   0.256
    2   E   0.101   0.524   0.256
    3   S   0.102   0.578   0.255
    4   Q   0.099   0.675   0.251
    5   C   0.102   0.728   0.254
    6   M   0.100   0.713   0.254
    7   L   0.102   0.570   0.256
    8   G   0.101   0.559   0.255
    9   L   0.099   0.373   0.251
   10   F   0.104   0.462   0.253
   11   F   0.101   0.367   0.246
   12   G   0.105   0.354   0.247
   13   F   0.097   0.490   0.234
   14   L   0.105   0.495   0.240
   15   L   0.103   0.538   0.235
   16   V   0.100   0.526   0.230
   17   I   0.100   0.593   0.230
   18   F   0.102   0.656   0.233
   19   A   0.103   0.721   0.234
   20   I   0.211   0.605   0.334
   21   E   0.107   0.607   0.236
   22   I   0.105   0.683   0.235
   23   A   0.108   0.615   0.240
   24   A   0.123   0.587   0.261
   25   A   0.298   0.430   0.408
   26   I   0.492   0.210   0.527
   27   W   0.106   0.238   0.243
   28   G   0.115   0.203   0.248
   29   Y   0.177   0.149   0.302
   30   S   0.101   0.192   0.222
   31   H   0.122   0.153   0.238
   32   K   0.104   0.149   0.212
   33   D   0.132   0.117   0.228
   34   E   0.103   0.122   0.190
   35   V   0.103   0.116   0.181
   36   I   0.102   0.114   0.170
   37   K   0.101   0.111   0.156
   38   E   0.100   0.108   0.144
   39   V   0.102   0.108   0.133
   40   Q   0.105   0.108   0.125
   41   E   0.105   0.105   0.122
   42   F   0.100   0.107   0.115
   43   Y   0.101   0.109   0.113
   44   K   0.104   0.107   0.113
   45   D   0.102   0.106   0.109
   46   T   0.104   0.104   0.108
   47   Y   0.105   0.105   0.107
   48   N   0.101   0.107   0.105
   49   K   0.099   0.109   0.104
   50   L   0.099   0.110   0.103
   51   K   0.102   0.110   0.105
   52   T   0.102   0.111   0.104
   53   K   0.104   0.110   0.106
   54   D   0.102   0.107   0.105
   55   E   0.103   0.106   0.105
   56   P   0.105   0.104   0.106
   57   Q   0.102   0.103   0.105
   58   R   0.104   0.099   0.105
   59   E   0.102   0.099   0.104
   60   T   0.102   0.099   0.104
   61   L   0.102   0.100   0.104
   62   K   0.103   0.098   0.104
   63   A   0.102   0.098   0.103
   64   I   0.102   0.097   0.103
   65   H   0.105   0.099   0.104
   66   Y   0.105   0.100   0.104
   67   A   0.102   0.099   0.102
   68   L   0.098   0.101   0.099
   69   N   0.104   0.101   0.102
   70   C   0.100   0.101   0.100
# Measure  Position  Value    Cutoff   signal peptide?
  max. C    26       0.492
  max. Y    26       0.527
  max. S     5       0.728
  mean S     1-25    0.564
       D     1-25    0.542   0.500   YES
Name=CD9_HUMAN_TRANSMEM3	SP='YES' Cleavage site between pos. 25 and 26: AAA-IW D=0.542 D-cutoff=0.500 Networks=SignalP-TM
