# SignalP-4.1 euk predictions
# Name=CDAN1_HUMAN_TRANSMEM2	Length=70	Networks=SignalP-TM
# pos  aa    C       S       Y
    1   G   0.102   0.645   0.257
    2   E   0.100   0.507   0.254
    3   R   0.102   0.454   0.255
    4   K   0.103   0.458   0.253
    5   Q   0.102   0.373   0.249
    6   F   0.101   0.334   0.244
    7   A   0.105   0.399   0.244
    8   V   0.100   0.311   0.234
    9   V   0.105   0.285   0.234
   10   L   0.100   0.269   0.224
   11   L   0.104   0.282   0.222
   12   S   0.103   0.451   0.214
   13   L   0.102   0.536   0.210
   14   R   0.103   0.561   0.210
   15   L   0.102   0.558   0.207
   16   L   0.106   0.533   0.209
   17   A   0.103   0.584   0.206
   18   K   0.106   0.617   0.212
   19   F   0.105   0.623   0.213
   20   L   0.103   0.587   0.216
   21   G   0.102   0.603   0.219
   22   F   0.162   0.374   0.281
   23   V   0.104   0.361   0.225
   24   A   0.103   0.393   0.226
   25   F   0.116   0.263   0.242
   26   L   0.126   0.149   0.252
   27   P   0.102   0.182   0.221
   28   Y   0.105   0.175   0.219
   29   R   0.100   0.215   0.207
   30   G   0.103   0.212   0.204
   31   P   0.101   0.197   0.196
   32   E   0.147   0.138   0.228
   33   P   0.099   0.134   0.178
   34   P   0.104   0.130   0.172
   35   P   0.100   0.132   0.159
   36   T   0.103   0.128   0.150
   37   G   0.103   0.121   0.143
   38   E   0.103   0.125   0.137
   39   L   0.103   0.119   0.130
   40   Q   0.102   0.109   0.126
   41   D   0.103   0.103   0.125
   42   S   0.103   0.099   0.123
   43   I   0.106   0.096   0.122
   44   L   0.108   0.085   0.119
   45   A   0.106   0.089   0.114
   46   L   0.097   0.088   0.106
   47   R   0.104   0.082   0.108
   48   S   0.103   0.072   0.105
   49   Q   0.102   0.077   0.103
   50   V   0.099   0.082   0.099
   51   P   0.099   0.084   0.098
   52   P   0.103   0.089   0.098
   53   V   0.099   0.091   0.095
   54   L   0.100   0.097   0.094
   55   D   0.104   0.101   0.096
   56   V   0.098   0.101   0.093
   57   R   0.102   0.099   0.095
   58   T   0.106   0.092   0.097
   59   L   0.103   0.095   0.096
   60   L   0.106   0.099   0.097
   61   Q   0.101   0.098   0.095
   62   R   0.103   0.094   0.097
   63   G   0.105   0.096   0.099
   64   L   0.103   0.096   0.099
   65   Q   0.108   0.099   0.101
   66   A   0.103   0.103   0.100
   67   R   0.095   0.095   0.096
   68   R   0.104   0.096   0.101
   69   A   0.101   0.098   0.099
   70   V   0.097   0.092   0.097
# Measure  Position  Value    Cutoff   signal peptide?
  max. C    22       0.162
  max. Y    22       0.281
  max. S     1       0.645
  mean S     1-21    0.475
       D     1-21    0.358   0.500   NO
Name=CDAN1_HUMAN_TRANSMEM2	SP='NO' D=0.358 D-cutoff=0.500 Networks=SignalP-TM
