# SignalP-4.1 euk predictions
# Name=CERS3_HUMAN_TRANSMEM1	Length=70	Networks=SignalP-noTM
# pos  aa    C       S       Y
    1   D   0.103   0.127   0.114
    2   H   0.101   0.142   0.113
    3   D   0.103   0.214   0.114
    4   G   0.102   0.281   0.115
    5   L   0.098   0.263   0.117
    6   V   0.103   0.301   0.122
    7   F   0.101   0.191   0.124
    8   V   0.103   0.145   0.127
    9   K   0.095   0.143   0.122
   10   P   0.107   0.153   0.130
   11   S   0.103   0.149   0.128
   12   H   0.102   0.152   0.127
   13   L   0.100   0.144   0.127
   14   Y   0.096   0.164   0.124
   15   V   0.096   0.185   0.125
   16   T   0.099   0.203   0.128
   17   I   0.107   0.255   0.134
   18   P   0.097   0.206   0.130
   19   Y   0.109   0.198   0.139
   20   A   0.095   0.206   0.131
   21   F   0.100   0.168   0.136
   22   L   0.104   0.180   0.139
   23   L   0.112   0.161   0.145
   24   L   0.105   0.163   0.142
   25   I   0.108   0.169   0.144
   26   I   0.103   0.247   0.140
   27   R   0.107   0.346   0.142
   28   R   0.109   0.285   0.145
   29   V   0.106   0.400   0.142
   30   F   0.095   0.614   0.138
   31   E   0.105   0.490   0.153
   32   K   0.280   0.160   0.258
   33   F   0.106   0.160   0.159
   34   V   0.103   0.257   0.157
   35   A   0.098   0.289   0.155
   36   S   0.126   0.116   0.177
   37   P   0.103   0.109   0.160
   38   L   0.101   0.115   0.157
   39   A   0.101   0.127   0.156
   40   K   0.101   0.110   0.154
   41   S   0.106   0.115   0.156
   42   F   0.115   0.104   0.161
   43   G   0.105   0.108   0.153
   44   I   0.104   0.093   0.151
   45   K   0.099   0.099   0.146
   46   E   0.103   0.098   0.148
   47   T   0.100   0.099   0.145
   48   V   0.100   0.096   0.144
   49   R   0.100   0.103   0.141
   50   K   0.107   0.098   0.142
   51   V   0.097   0.096   0.132
   52   T   0.104   0.098   0.131
   53   P   0.108   0.098   0.124
   54   N   0.104   0.092   0.114
   55   T   0.105   0.099   0.113
   56   V   0.105   0.110   0.112
   57   L   0.099   0.101   0.105
   58   E   0.106   0.099   0.105
   59   N   0.097   0.104   0.100
   60   F   0.106   0.100   0.104
   61   F   0.103   0.100   0.103
   62   K   0.105   0.098   0.103
   63   H   0.102   0.100   0.101
   64   S   0.101   0.098   0.100
   65   T   0.103   0.098   0.101
   66   R   0.100   0.096   0.100
   67   Q   0.104   0.098   0.101
   68   P   0.098   0.099   0.098
   69   L   0.097   0.101   0.098
   70   Q   0.102   0.103   0.100
# Measure  Position  Value    Cutoff   signal peptide?
  max. C    32       0.280
  max. Y    32       0.258
  max. S    30       0.614
  mean S     1-31    0.227
       D     1-31    0.242   0.450   NO
Name=CERS3_HUMAN_TRANSMEM1	SP='NO' D=0.242 D-cutoff=0.450 Networks=SignalP-noTM
