# SignalP-4.1 euk predictions
# Name=CKLF1_HUMAN_TRANSMEM3	Length=70	Networks=SignalP-TM
# pos  aa    C       S       Y
    1   Y   0.102   0.358   0.191
    2   L   0.102   0.358   0.191
    3   H   0.102   0.376   0.191
    4   W   0.101   0.323   0.190
    5   P   0.103   0.298   0.191
    6   L   0.101   0.345   0.189
    7   L   0.104   0.323   0.192
    8   D   0.103   0.331   0.190
    9   L   0.099   0.400   0.186
   10   T   0.101   0.384   0.188
   11   N   0.102   0.396   0.189
   12   S   0.104   0.282   0.192
   13   I   0.100   0.201   0.187
   14   I   0.100   0.202   0.184
   15   T   0.100   0.205   0.181
   16   A   0.104   0.172   0.181
   17   V   0.108   0.159   0.181
   18   F   0.102   0.194   0.171
   19   L   0.103   0.219   0.169
   20   S   0.115   0.225   0.177
   21   V   0.107   0.163   0.168
   22   V   0.102   0.186   0.161
   23   A   0.102   0.259   0.157
   24   I   0.128   0.159   0.172
   25   L   0.109   0.183   0.153
   26   A   0.104   0.217   0.144
   27   M   0.139   0.144   0.165
   28   Q   0.112   0.118   0.147
   29   E   0.124   0.088   0.152
   30   K   0.106   0.104   0.137
   31   K   0.102   0.120   0.132
   32   R   0.101   0.119   0.131
   33   R   0.108   0.126   0.133
   34   H   0.110   0.135   0.132
   35   L   0.103   0.133   0.125
   36   L   0.103   0.133   0.124
   37   Y   0.103   0.110   0.123
   38   V   0.104   0.075   0.118
   39   G   0.106   0.059   0.117
   40   G   0.103   0.057   0.111
   41   S   0.101   0.060   0.105
   42   L   0.101   0.047   0.102
   43   C   0.105   0.041   0.101
   44   L   0.098   0.046   0.096
   45   T   0.102   0.043   0.096
   46   A   0.102   0.044   0.093
   47   V   0.099   0.037   0.089
   48   I   0.102   0.023   0.086
   49   V   0.100   0.022   0.081
   50   C   0.100   0.025   0.075
   51   C   0.104   0.034   0.072
   52   I   0.105   0.038   0.068
   53   D   0.103   0.044   0.065
   54   A   0.102   0.047   0.064
   55   F   0.110   0.051   0.066
   56   V   0.104   0.058   0.063
   57   V   0.100   0.066   0.063
   58   T   0.104   0.091   0.065
   59   T   0.112   0.081   0.070
   60   K   0.104   0.075   0.070
   61   M   0.102   0.082   0.071
   62   R   0.102   0.091   0.073
   63   T   0.102   0.087   0.077
   64   N   0.104   0.085   0.080
   65   L   0.104   0.084   0.083
   66   K   0.104   0.080   0.085
   67   R   0.101   0.088   0.086
   68   F   0.104   0.094   0.089
   69   L   0.102   0.096   0.090
   70   G   0.104   0.092   0.093
# Measure  Position  Value    Cutoff   signal peptide?
  max. C    27       0.139
  max. Y    12       0.192
  max. S     9       0.400
  mean S     1-11    0.354
       D     1-11    0.257   0.500   NO
Name=CKLF1_HUMAN_TRANSMEM3	SP='NO' D=0.257 D-cutoff=0.500 Networks=SignalP-TM
