# SignalP-4.1 euk predictions
# Name=CLCN5_HUMAN_TRANSMEM9	Length=70	Networks=SignalP-TM
# pos  aa    C       S       Y
    1   T   0.102   0.356   0.191
    2   V   0.102   0.306   0.191
    3   S   0.103   0.278   0.190
    4   L   0.102   0.275   0.188
    5   V   0.100   0.273   0.184
    6   V   0.100   0.309   0.183
    7   I   0.105   0.325   0.186
    8   M   0.100   0.340   0.182
    9   F   0.102   0.365   0.183
   10   E   0.104   0.320   0.185
   11   L   0.101   0.398   0.181
   12   T   0.102   0.424   0.183
   13   G   0.101   0.433   0.184
   14   G   0.100   0.405   0.184
   15   L   0.133   0.250   0.214
   16   E   0.104   0.283   0.187
   17   Y   0.122   0.243   0.202
   18   I   0.131   0.221   0.208
   19   V   0.102   0.215   0.182
   20   P   0.103   0.246   0.183
   21   L   0.108   0.248   0.186
   22   M   0.102   0.312   0.179
   23   A   0.107   0.326   0.182
   24   A   0.135   0.228   0.204
   25   A   0.105   0.166   0.178
   26   M   0.106   0.133   0.174
   27   T   0.104   0.141   0.166
   28   S   0.103   0.149   0.158
   29   K   0.102   0.133   0.152
   30   W   0.104   0.150   0.150
   31   V   0.101   0.162   0.145
   32   A   0.103   0.161   0.144
   33   D   0.111   0.135   0.148
   34   A   0.104   0.129   0.142
   35   L   0.130   0.112   0.154
   36   G   0.104   0.111   0.135
   37   R   0.175   0.108   0.167
   38   E   0.106   0.108   0.124
   39   G   0.103   0.105   0.118
   40   I   0.101   0.104   0.115
   41   Y   0.102   0.104   0.115
   42   D   0.104   0.107   0.115
   43   A   0.105   0.101   0.114
   44   H   0.098   0.102   0.109
   45   I   0.103   0.098   0.110
   46   R   0.101   0.098   0.107
   47   L   0.103   0.101   0.106
   48   N   0.103   0.099   0.105
   49   G   0.104   0.090   0.104
   50   Y   0.099   0.097   0.101
   51   P   0.104   0.103   0.103
   52   F   0.104   0.098   0.103
   53   L   0.105   0.100   0.103
   54   E   0.105   0.101   0.103
   55   A   0.103   0.101   0.102
   56   K   0.098   0.100   0.099
   57   E   0.101   0.101   0.100
   58   E   0.103   0.100   0.101
   59   F   0.103   0.101   0.101
   60   A   0.104   0.102   0.102
   61   H   0.098   0.101   0.099
   62   K   0.103   0.101   0.101
   63   T   0.100   0.102   0.100
   64   L   0.105   0.102   0.103
   65   A   0.106   0.102   0.103
   66   M   0.100   0.103   0.100
   67   D   0.104   0.099   0.103
   68   V   0.100   0.101   0.101
   69   M   0.102   0.103   0.102
   70   K   0.105   0.100   0.103
# Measure  Position  Value    Cutoff   signal peptide?
  max. C    37       0.175
  max. Y    15       0.214
  max. S    13       0.433
  mean S     1-14    0.343
       D     1-14    0.266   0.500   NO
Name=CLCN5_HUMAN_TRANSMEM9	SP='NO' D=0.266 D-cutoff=0.500 Networks=SignalP-TM
