# SignalP-4.1 euk predictions
# Name=CLCN4_HUMAN_TRANSMEM6	Length=70	Networks=SignalP-noTM
# pos  aa    C       S       Y
    1   Y   0.101   0.868   0.296
    2   M   0.104   0.842   0.300
    3   A   0.103   0.850   0.299
    4   E   0.099   0.844   0.292
    5   L   0.102   0.878   0.297
    6   F   0.098   0.863   0.291
    7   P   0.104   0.840   0.300
    8   F   0.106   0.849   0.302
    9   I   0.104   0.853   0.300
   10   L   0.104   0.875   0.299
   11   L   0.104   0.888   0.300
   12   G   0.101   0.878   0.295
   13   V   0.099   0.849   0.292
   14   F   0.104   0.882   0.300
   15   G   0.103   0.886   0.299
   16   G   0.119   0.791   0.321
   17   L   0.103   0.808   0.297
   18   W   0.100   0.834   0.294
   19   G   0.115   0.710   0.314
   20   T   0.471   0.378   0.632
   21   L   0.112   0.286   0.304
   22   F   0.102   0.449   0.286
   23   I   0.157   0.229   0.351
   24   R   0.117   0.197   0.296
   25   C   0.105   0.210   0.275
   26   N   0.136   0.179   0.308
   27   I   0.100   0.283   0.257
   28   A   0.111   0.217   0.266
   29   W   0.143   0.147   0.294
   30   C   0.102   0.224   0.242
   31   R   0.179   0.155   0.314
   32   R   0.100   0.212   0.227
   33   R   0.110   0.175   0.231
   34   K   0.106   0.200   0.219
   35   T   0.102   0.170   0.208
   36   T   0.104   0.175   0.202
   37   R   0.104   0.208   0.194
   38   L   0.106   0.172   0.187
   39   G   0.105   0.187   0.178
   40   K   0.097   0.178   0.163
   41   Y   0.104   0.237   0.159
   42   P   0.103   0.280   0.151
   43   V   0.105   0.333   0.151
   44   L   0.100   0.340   0.148
   45   E   0.106   0.319   0.151
   46   V   0.093   0.304   0.143
   47   I   0.103   0.290   0.152
   48   V   0.102   0.299   0.152
   49   V   0.099   0.323   0.152
   50   T   0.105   0.294   0.157
   51   A   0.100   0.201   0.154
   52   I   0.098   0.136   0.153
   53   T   0.103   0.150   0.156
   54   A   0.101   0.114   0.154
   55   I   0.103   0.108   0.154
   56   I   0.108   0.106   0.157
   57   A   0.097   0.100   0.147
   58   Y   0.135   0.100   0.173
   59   P   0.101   0.100   0.148
   60   N   0.107   0.109   0.151
   61   P   0.104   0.109   0.148
   62   Y   0.108   0.107   0.149
   63   T   0.098   0.111   0.141
   64   R   0.105   0.115   0.143
   65   Q   0.104   0.114   0.140
   66   S   0.106   0.109   0.138
   67   T   0.099   0.109   0.129
   68   S   0.105   0.115   0.129
   69   E   0.099   0.108   0.122
   70   L   0.102   0.108   0.121
# Measure  Position  Value    Cutoff   signal peptide?
  max. C    20       0.471
  max. Y    20       0.632
  max. S    11       0.888
  mean S     1-19    0.847
       D     1-19    0.748   0.450   YES
Name=CLCN4_HUMAN_TRANSMEM6	SP='YES' Cleavage site between pos. 19 and 20: LWG-TL D=0.748 D-cutoff=0.450 Networks=SignalP-noTM
