# SignalP-4.1 euk predictions
# Name=CLD8_HUMAN_TRANSMEM2	Length=70	Networks=SignalP-TM
# pos  aa    C       S       Y
    1   L   0.102   0.394   0.201
    2   Q   0.104   0.479   0.202
    3   A   0.105   0.484   0.205
    4   A   0.101   0.604   0.203
    5   R   0.099   0.594   0.204
    6   G   0.103   0.523   0.212
    7   L   0.102   0.442   0.213
    8   M   0.105   0.570   0.217
    9   C   0.103   0.596   0.218
   10   A   0.103   0.568   0.221
   11   A   0.097   0.738   0.218
   12   S   0.101   0.725   0.227
   13   V   0.100   0.703   0.232
   14   M   0.099   0.767   0.236
   15   S   0.103   0.792   0.245
   16   F   0.120   0.846   0.271
   17   L   0.102   0.810   0.255
   18   A   0.106   0.806   0.265
   19   F   0.125   0.778   0.291
   20   M   0.103   0.762   0.267
   21   M   0.105   0.726   0.273
   22   A   0.106   0.839   0.277
   23   I   0.165   0.723   0.351
   24   L   0.103   0.724   0.279
   25   G   0.106   0.640   0.286
   26   M   0.201   0.393   0.391
   27   K   0.108   0.368   0.283
   28   C   0.102   0.517   0.269
   29   T   0.160   0.269   0.334
   30   R   0.126   0.253   0.288
   31   C   0.112   0.190   0.262
   32   T   0.174   0.153   0.315
   33   G   0.104   0.168   0.233
   34   D   0.367   0.106   0.420
   35   N   0.106   0.095   0.214
   36   E   0.103   0.094   0.200
   37   K   0.102   0.089   0.185
   38   V   0.102   0.078   0.172
   39   K   0.102   0.074   0.158
   40   A   0.104   0.092   0.145
   41   H   0.101   0.072   0.136
   42   I   0.106   0.069   0.130
   43   L   0.104   0.038   0.116
   44   L   0.102   0.038   0.107
   45   T   0.104   0.032   0.100
   46   A   0.104   0.032   0.094
   47   G   0.100   0.024   0.088
   48   I   0.100   0.021   0.081
   49   I   0.102   0.020   0.079
   50   F   0.101   0.018   0.075
   51   I   0.102   0.025   0.071
   52   I   0.100   0.024   0.067
   53   T   0.101   0.020   0.065
   54   G   0.100   0.018   0.061
   55   M   0.101   0.019   0.057
   56   V   0.101   0.024   0.054
   57   V   0.102   0.023   0.051
   58   L   0.100   0.039   0.049
   59   I   0.107   0.050   0.051
   60   P   0.101   0.050   0.051
   61   V   0.106   0.059   0.053
   62   S   0.102   0.076   0.055
   63   W   0.102   0.116   0.058
   64   V   0.100   0.107   0.063
   65   A   0.103   0.095   0.069
   66   N   0.099   0.131   0.071
   67   A   0.099   0.139   0.077
   68   I   0.103   0.113   0.084
   69   I   0.105   0.116   0.088
   70   R   0.099   0.097   0.090
# Measure  Position  Value    Cutoff   signal peptide?
  max. C    34       0.367
  max. Y    34       0.420
  max. S    16       0.846
  mean S     1-33    0.574
       D     1-33    0.482   0.500   NO
Name=CLD8_HUMAN_TRANSMEM2	SP='NO' D=0.482 D-cutoff=0.500 Networks=SignalP-TM
