# SignalP-4.1 euk predictions
# Name=CLN3_HUMAN_TRANSMEM5	Length=70	Networks=SignalP-TM
# pos  aa    C       S       Y
    1   E   0.101   0.365   0.192
    2   R   0.101   0.397   0.192
    3   W   0.101   0.409   0.193
    4   T   0.102   0.346   0.195
    5   V   0.102   0.257   0.194
    6   F   0.102   0.225   0.192
    7   K   0.103   0.207   0.190
    8   G   0.102   0.226   0.186
    9   L   0.100   0.203   0.182
   10   L   0.106   0.089   0.184
   11   W   0.100   0.057   0.173
   12   Y   0.102   0.110   0.168
   13   I   0.100   0.106   0.161
   14   V   0.103   0.066   0.157
   15   P   0.105   0.060   0.151
   16   L   0.105   0.049   0.144
   17   V   0.099   0.042   0.130
   18   V   0.100   0.053   0.121
   19   V   0.102   0.053   0.113
   20   Y   0.119   0.053   0.114
   21   F   0.105   0.039   0.102
   22   A   0.135   0.039   0.108
   23   E   0.117   0.058   0.092
   24   Y   0.102   0.079   0.080
   25   F   0.128   0.089   0.089
   26   I   0.103   0.091   0.081
   27   N   0.104   0.112   0.081
   28   Q   0.101   0.105   0.080
   29   G   0.103   0.099   0.082
   30   L   0.108   0.092   0.086
   31   F   0.101   0.060   0.085
   32   E   0.106   0.071   0.088
   33   L   0.103   0.070   0.088
   34   L   0.103   0.063   0.088
   35   F   0.105   0.080   0.089
   36   F   0.104   0.092   0.091
   37   W   0.101   0.111   0.092
   38   N   0.101   0.111   0.094
   39   T   0.101   0.126   0.095
   40   S   0.099   0.161   0.095
   41   L   0.098   0.223   0.097
   42   S   0.105   0.203   0.105
   43   H   0.113   0.159   0.112
   44   A   0.102   0.202   0.109
   45   Q   0.422   0.115   0.228
   46   Q   0.101   0.144   0.114
   47   Y   0.111   0.139   0.122
   48   R   0.100   0.135   0.117
   49   W   0.100   0.145   0.119
   50   Y   0.099   0.121   0.121
   51   Q   0.097   0.101   0.121
   52   M   0.103   0.083   0.124
   53   L   0.101   0.087   0.122
   54   Y   0.104   0.101   0.123
   55   Q   0.100   0.095   0.118
   56   A   0.106   0.093   0.117
   57   G   0.098   0.096   0.110
   58   V   0.103   0.092   0.111
   59   F   0.104   0.098   0.107
   60   A   0.106   0.096   0.107
   61   S   0.099   0.098   0.102
   62   R   0.101   0.098   0.102
   63   S   0.103   0.095   0.102
   64   S   0.102   0.091   0.099
   65   L   0.103   0.089   0.099
   66   R   0.101   0.097   0.097
   67   C   0.102   0.104   0.098
   68   C   0.102   0.101   0.099
   69   R   0.100   0.096   0.098
   70   I   0.106   0.095   0.101
# Measure  Position  Value    Cutoff   signal peptide?
  max. C    45       0.422
  max. Y    45       0.228
  max. S     3       0.409
  mean S     1-44    0.134
       D     1-44    0.191   0.500   NO
Name=CLN3_HUMAN_TRANSMEM5	SP='NO' D=0.191 D-cutoff=0.500 Networks=SignalP-TM
