# SignalP-4.1 euk predictions
# Name=CLRN1_HUMAN_TRANSMEM2	Length=70	Networks=SignalP-noTM
# pos  aa    C       S       Y
    1   S   0.102   0.915   0.306
    2   I   0.102   0.935   0.306
    3   H   0.099   0.958   0.301
    4   V   0.101   0.962   0.304
    5   N   0.098   0.969   0.301
    6   V   0.102   0.973   0.307
    7   I   0.099   0.962   0.302
    8   L   0.105   0.955   0.312
    9   F   0.098   0.937   0.302
   10   S   0.100   0.928   0.305
   11   A   0.105   0.947   0.313
   12   I   0.098   0.954   0.302
   13   L   0.103   0.963   0.309
   14   I   0.099   0.963   0.305
   15   V   0.100   0.964   0.306
   16   L   0.102   0.945   0.309
   17   T   0.101   0.945   0.308
   18   M   0.228   0.928   0.463
   19   V   0.109   0.928   0.320
   20   G   0.111   0.902   0.323
   21   T   0.120   0.892   0.336
   22   A   0.281   0.793   0.515
   23   F   0.633   0.379   0.771
   24   F   0.123   0.348   0.335
   25   M   0.287   0.185   0.505
   26   Y   0.108   0.209   0.303
   27   N   0.107   0.237   0.296
   28   A   0.106   0.297   0.288
   29   F   0.125   0.182   0.307
   30   G   0.109   0.220   0.279
   31   K   0.454   0.110   0.557
   32   P   0.102   0.165   0.257
   33   F   0.132   0.127   0.284
   34   E   0.105   0.144   0.245
   35   T   0.103   0.146   0.235
   36   L   0.111   0.145   0.236
   37   H   0.102   0.197   0.217
   38   G   0.101   0.177   0.208
   39   P   0.099   0.162   0.197
   40   L   0.104   0.165   0.193
   41   G   0.107   0.167   0.186
   42   L   0.097   0.188   0.167
   43   Y   0.100   0.173   0.160
   44   L   0.100   0.193   0.150
   45   L   0.100   0.202   0.140
   46   S   0.102   0.180   0.139
   47   F   0.101   0.213   0.135
   48   I   0.103   0.301   0.136
   49   S   0.101   0.221   0.137
   50   G   0.097   0.194   0.134
   51   S   0.105   0.137   0.137
   52   C   0.097   0.121   0.131
   53   G   0.104   0.130   0.134
   54   C   0.182   0.108   0.178
   55   L   0.133   0.106   0.151
   56   V   0.101   0.096   0.132
   57   M   0.100   0.099   0.130
   58   I   0.104   0.094   0.132
   59   L   0.094   0.095   0.125
   60   F   0.106   0.099   0.130
   61   A   0.105   0.096   0.128
   62   S   0.107   0.098   0.128
   63   E   0.106   0.095   0.127
   64   V   0.104   0.095   0.124
   65   K   0.099   0.098   0.119
   66   I   0.104   0.097   0.120
   67   H   0.114   0.098   0.124
   68   H   0.105   0.096   0.117
   69   L   0.103   0.096   0.114
   70   S   0.097   0.098   0.109
# Measure  Position  Value    Cutoff   signal peptide?
  max. C    23       0.633
  max. Y    23       0.771
  max. S     6       0.973
  mean S     1-22    0.937
       D     1-22    0.861   0.450   YES
Name=CLRN1_HUMAN_TRANSMEM2	SP='YES' Cleavage site between pos. 22 and 23: GTA-FF D=0.861 D-cutoff=0.450 Networks=SignalP-noTM
