# SignalP-4.1 euk predictions
# Name=CMC1_HUMAN_TRANSMEM3	Length=70	Networks=SignalP-TM
# pos  aa    C       S       Y
    1   E   0.102   0.118   0.109
    2   V   0.102   0.128   0.110
    3   L   0.103   0.127   0.111
    4   A   0.105   0.110   0.112
    5   G   0.101   0.097   0.109
    6   G   0.103   0.122   0.110
    7   C   0.102   0.112   0.110
    8   A   0.106   0.121   0.111
    9   G   0.100   0.125   0.108
   10   G   0.098   0.122   0.107
   11   S   0.100   0.109   0.109
   12   Q   0.102   0.108   0.109
   13   V   0.101   0.110   0.108
   14   I   0.099   0.143   0.107
   15   F   0.100   0.132   0.109
   16   T   0.102   0.122   0.110
   17   N   0.108   0.106   0.113
   18   P   0.104   0.116   0.110
   19   L   0.110   0.107   0.114
   20   E   0.102   0.108   0.110
   21   I   0.103   0.113   0.110
   22   V   0.104   0.125   0.110
   23   K   0.103   0.119   0.110
   24   I   0.104   0.119   0.110
   25   R   0.104   0.112   0.110
   26   L   0.103   0.113   0.110
   27   Q   0.104   0.118   0.111
   28   V   0.103   0.143   0.110
   29   A   0.103   0.160   0.110
   30   G   0.102   0.136   0.110
   31   E   0.104   0.124   0.112
   32   I   0.101   0.115   0.111
   33   T   0.101   0.098   0.111
   34   T   0.101   0.093   0.111
   35   G   0.102   0.101   0.111
   36   P   0.098   0.094   0.109
   37   R   0.103   0.099   0.110
   38   V   0.102   0.113   0.109
   39   S   0.103   0.122   0.109
   40   A   0.102   0.123   0.109
   41   L   0.136   0.098   0.126
   42   N   0.103   0.089   0.109
   43   V   0.102   0.098   0.107
   44   L   0.103   0.099   0.105
   45   R   0.106   0.101   0.105
   46   D   0.105   0.072   0.104
   47   L   0.104   0.079   0.102
   48   G   0.104   0.076   0.101
   49   I   0.100   0.104   0.099
   50   F   0.104   0.096   0.101
   51   G   0.101   0.094   0.100
   52   L   0.100   0.113   0.099
   53   Y   0.102   0.108   0.100
   54   K   0.100   0.144   0.098
   55   G   0.104   0.160   0.101
   56   A   0.097   0.175   0.100
   57   K   0.100   0.144   0.104
   58   A   0.103   0.154   0.108
   59   C   0.120   0.113   0.118
   60   F   0.101   0.128   0.109
   61   L   0.102   0.113   0.111
   62   R   0.100   0.100   0.111
   63   D   0.103   0.106   0.114
   64   I   0.102   0.102   0.113
   65   P   0.104   0.094   0.114
   66   F   0.106   0.105   0.115
   67   S   0.104   0.111   0.114
   68   A   0.101   0.108   0.112
   69   I   0.096   0.103   0.108
   70   Y   0.103   0.095   0.110
# Measure  Position  Value    Cutoff   signal peptide?
  max. C    41       0.136
  max. Y    41       0.126
  max. S    56       0.175
  mean S     1-40    0.117
       D     1-40    0.123   0.500   NO
Name=CMC1_HUMAN_TRANSMEM3	SP='NO' D=0.123 D-cutoff=0.500 Networks=SignalP-TM
