# SignalP-4.1 euk predictions
# Name=CNGB1_HUMAN_TRANSMEM6	Length=70	Networks=SignalP-noTM
# pos  aa    C       S       Y
    1   V   0.100   0.111   0.105
    2   S   0.101   0.131   0.106
    3   K   0.102   0.120   0.107
    4   V   0.100   0.103   0.106
    5   A   0.103   0.100   0.107
    6   L   0.099   0.110   0.105
    7   F   0.101   0.107   0.106
    8   Q   0.104   0.143   0.107
    9   G   0.108   0.126   0.110
   10   C   0.096   0.093   0.104
   11   D   0.104   0.074   0.108
   12   R   0.102   0.081   0.106
   13   Q   0.103   0.083   0.106
   14   M   0.097   0.099   0.102
   15   I   0.100   0.097   0.103
   16   F   0.097   0.100   0.102
   17   D   0.097   0.100   0.102
   18   M   0.099   0.106   0.102
   19   L   0.102   0.105   0.104
   20   K   0.103   0.110   0.104
   21   R   0.096   0.109   0.101
   22   L   0.105   0.107   0.105
   23   R   0.100   0.122   0.103
   24   S   0.108   0.116   0.107
   25   V   0.111   0.103   0.108
   26   V   0.097   0.093   0.101
   27   Y   0.103   0.101   0.103
   28   L   0.099   0.084   0.102
   29   P   0.097   0.086   0.100
   30   N   0.103   0.089   0.102
   31   D   0.098   0.083   0.099
   32   Y   0.096   0.087   0.097
   33   V   0.101   0.092   0.099
   34   C   0.097   0.103   0.098
   35   K   0.099   0.099   0.099
   36   K   0.100   0.100   0.100
   37   G   0.098   0.085   0.099
   38   E   0.102   0.090   0.100
   39   I   0.103   0.100   0.101
   40   G   0.104   0.094   0.101
   41   R   0.100   0.089   0.099
   42   E   0.102   0.097   0.100
   43   M   0.102   0.094   0.099
   44   Y   0.104   0.098   0.100
   45   I   0.102   0.098   0.099
   46   I   0.103   0.092   0.099
   47   Q   0.105   0.098   0.099
   48   A   0.106   0.100   0.099
   49   G   0.098   0.092   0.096
   50   Q   0.099   0.087   0.096
   51   V   0.101   0.091   0.097
   52   Q   0.101   0.091   0.097
   53   V   0.102   0.096   0.098
   54   L   0.094   0.103   0.094
   55   G   0.109   0.103   0.102
   56   G   0.099   0.102   0.097
   57   P   0.098   0.101   0.096
   58   D   0.106   0.097   0.101
   59   G   0.103   0.094   0.099
   60   K   0.094   0.095   0.095
   61   S   0.100   0.097   0.098
   62   V   0.099   0.097   0.097
   63   L   0.099   0.099   0.098
   64   V   0.101   0.098   0.098
   65   T   0.101   0.100   0.099
   66   L   0.107   0.100   0.102
   67   K   0.107   0.096   0.102
   68   A   0.108   0.094   0.102
   69   G   0.098   0.094   0.098
   70   S   0.100   0.096   0.098
# Measure  Position  Value    Cutoff   signal peptide?
  max. C    25       0.111
  max. Y    11       0.108
  max. S     8       0.143
  mean S     1-10    0.114
       D     1-10    0.112   0.450   NO
Name=CNGB1_HUMAN_TRANSMEM6	SP='NO' D=0.112 D-cutoff=0.450 Networks=SignalP-noTM
