# SignalP-4.1 euk predictions
# Name=CNIH3_HUMAN_TRANSMEM1	Length=70	Networks=SignalP-noTM
# pos  aa    C       S       Y
    1   A   0.105   0.934   0.313
    2   A   0.101   0.944   0.307
    3   F   0.098   0.967   0.303
    4   C   0.102   0.975   0.308
    5   Y   0.101   0.982   0.308
    6   M   0.103   0.979   0.312
    7   L   0.099   0.973   0.305
    8   S   0.104   0.965   0.314
    9   L   0.100   0.969   0.307
   10   V   0.102   0.971   0.312
   11   L   0.099   0.979   0.306
   12   C   0.107   0.991   0.319
   13   A   0.125   0.986   0.345
   14   A   0.104   0.981   0.315
   15   L   0.126   0.957   0.347
   16   I   0.104   0.959   0.316
   17   F   0.100   0.961   0.310
   18   F   0.107   0.965   0.320
   19   A   0.134   0.958   0.360
   20   I   0.130   0.876   0.354
   21   W   0.108   0.888   0.322
   22   H   0.155   0.813   0.385
   23   I   0.121   0.820   0.340
   24   I   0.121   0.791   0.339
   25   A   0.100   0.887   0.306
   26   F   0.611   0.587   0.757
   27   D   0.324   0.347   0.546
   28   E   0.121   0.214   0.329
   29   L   0.109   0.200   0.305
   30   R   0.108   0.196   0.298
   31   T   0.105   0.207   0.287
   32   D   0.133   0.151   0.316
   33   F   0.103   0.143   0.271
   34   K   0.114   0.127   0.277
   35   S   0.102   0.119   0.255
   36   P   0.096   0.120   0.240
   37   I   0.106   0.111   0.243
   38   D   0.103   0.111   0.232
   39   Q   0.099   0.114   0.218
   40   C   0.096   0.112   0.206
   41   N   0.098   0.105   0.199
   42   P   0.102   0.110   0.193
   43   V   0.099   0.114   0.181
   44   H   0.104   0.120   0.175
   45   A   0.104   0.136   0.166
   46   R   0.098   0.118   0.151
   47   E   0.108   0.110   0.148
   48   R   0.097   0.104   0.127
   49   L   0.103   0.113   0.122
   50   R   0.105   0.108   0.119
   51   N   0.103   0.099   0.115
   52   I   0.106   0.095   0.115
   53   E   0.099   0.094   0.109
   54   R   0.109   0.088   0.112
   55   I   0.104   0.088   0.108
   56   C   0.102   0.105   0.106
   57   F   0.101   0.095   0.105
   58   L   0.102   0.092   0.105
   59   L   0.101   0.091   0.104
   60   R   0.104   0.092   0.105
   61   K   0.105   0.090   0.105
   62   L   0.105   0.089   0.104
   63   V   0.101   0.087   0.102
   64   L   0.104   0.091   0.103
   65   P   0.103   0.094   0.102
   66   E   0.099   0.091   0.100
   67   Y   0.100   0.091   0.099
   68   S   0.100   0.092   0.098
   69   I   0.093   0.094   0.094
   70   H   0.097   0.095   0.096
# Measure  Position  Value    Cutoff   signal peptide?
  max. C    26       0.611
  max. Y    26       0.757
  max. S    12       0.991
  mean S     1-25    0.939
       D     1-25    0.855   0.450   YES
Name=CNIH3_HUMAN_TRANSMEM1	SP='YES' Cleavage site between pos. 25 and 26: IIA-FD D=0.855 D-cutoff=0.450 Networks=SignalP-noTM
