# SignalP-4.1 euk predictions
# Name=CNR2_HUMAN_TRANSMEM7	Length=70	Networks=SignalP-noTM
# pos  aa    C       S       Y
    1   D   0.102   0.574   0.242
    2   Q   0.101   0.508   0.241
    3   V   0.100   0.573   0.239
    4   K   0.101   0.612   0.240
    5   K   0.104   0.608   0.244
    6   A   0.098   0.611   0.237
    7   F   0.098   0.595   0.238
    8   A   0.108   0.420   0.250
    9   F   0.095   0.483   0.233
   10   C   0.105   0.441   0.244
   11   S   0.098   0.487   0.235
   12   M   0.103   0.430   0.240
   13   L   0.099   0.433   0.233
   14   C   0.100   0.370   0.233
   15   L   0.097   0.369   0.228
   16   I   0.102   0.342   0.231
   17   N   0.097   0.367   0.223
   18   S   0.100   0.466   0.224
   19   M   0.180   0.279   0.300
   20   V   0.102   0.274   0.223
   21   N   0.101   0.273   0.219
   22   P   0.101   0.325   0.216
   23   V   0.188   0.172   0.290
   24   I   0.102   0.265   0.209
   25   Y   0.107   0.491   0.211
   26   A   0.131   0.296   0.233
   27   L   0.371   0.123   0.385
   28   R   0.103   0.146   0.197
   29   S   0.110   0.125   0.198
   30   G   0.116   0.112   0.197
   31   E   0.105   0.108   0.184
   32   I   0.103   0.122   0.177
   33   R   0.097   0.140   0.168
   34   S   0.106   0.120   0.171
   35   S   0.103   0.118   0.164
   36   A   0.105   0.120   0.160
   37   H   0.106   0.100   0.158
   38   H   0.100   0.100   0.149
   39   C   0.100   0.099   0.145
   40   L   0.103   0.098   0.143
   41   A   0.107   0.100   0.140
   42   H   0.102   0.096   0.133
   43   W   0.100   0.102   0.129
   44   K   0.097   0.096   0.124
   45   K   0.107   0.095   0.125
   46   C   0.106   0.097   0.124
   47   V   0.100   0.098   0.117
   48   R   0.105   0.113   0.112
   49   G   0.105   0.111   0.108
   50   L   0.101   0.101   0.105
   51   G   0.105   0.102   0.106
   52   S   0.104   0.103   0.105
   53   E   0.104   0.112   0.105
   54   A   0.103   0.115   0.105
   55   K   0.099   0.113   0.102
   56   E   0.103   0.106   0.104
   57   E   0.103   0.106   0.103
   58   A   0.107   0.107   0.105
   59   P   0.096   0.110   0.100
   60   R   0.099   0.107   0.101
   61   S   0.101   0.105   0.102
   62   S   0.102   0.106   0.103
   63   V   0.099   0.107   0.102
   64   T   0.102   0.106   0.103
   65   E   0.101   0.104   0.103
   66   T   0.103   0.108   0.104
   67   E   0.107   0.106   0.107
   68   A   0.112   0.104   0.109
   69   D   0.095   0.106   0.101
   70   G   0.108   0.105   0.108
# Measure  Position  Value    Cutoff   signal peptide?
  max. C    27       0.371
  max. Y    27       0.385
  max. S     4       0.612
  mean S     1-26    0.426
       D     1-26    0.407   0.450   NO
Name=CNR2_HUMAN_TRANSMEM7	SP='NO' D=0.407 D-cutoff=0.450 Networks=SignalP-noTM
