# SignalP-4.1 euk predictions
# Name=COX15_HUMAN_TRANSMEM7	Length=70	Networks=SignalP-TM
# pos  aa    C       S       Y
    1   Y   0.102   0.304   0.176
    2   F   0.101   0.324   0.176
    3   L   0.102   0.359   0.177
    4   S   0.103   0.364   0.179
    5   R   0.100   0.284   0.177
    6   R   0.103   0.316   0.179
    7   I   0.103   0.268   0.180
    8   P   0.103   0.282   0.179
    9   L   0.102   0.331   0.178
   10   P   0.102   0.375   0.178
   11   R   0.101   0.383   0.179
   12   R   0.102   0.282   0.181
   13   T   0.100   0.331   0.179
   14   K   0.102   0.362   0.181
   15   M   0.104   0.278   0.184
   16   A   0.103   0.197   0.183
   17   A   0.099   0.204   0.177
   18   V   0.099   0.173   0.173
   19   T   0.103   0.156   0.173
   20   L   0.105   0.154   0.171
   21   L   0.105   0.163   0.168
   22   A   0.104   0.202   0.165
   23   L   0.100   0.212   0.160
   24   A   0.103   0.198   0.160
   25   Y   0.110   0.169   0.161
   26   T   0.107   0.206   0.154
   27   Q   0.115   0.152   0.157
   28   V   0.103   0.209   0.144
   29   G   0.105   0.160   0.142
   30   L   0.106   0.148   0.139
   31   G   0.107   0.156   0.139
   32   I   0.292   0.104   0.226
   33   S   0.103   0.139   0.132
   34   T   0.112   0.126   0.138
   35   L   0.104   0.124   0.132
   36   L   0.101   0.120   0.129
   37   M   0.102   0.116   0.127
   38   Y   0.103   0.105   0.125
   39   V   0.102   0.095   0.122
   40   P   0.103   0.117   0.120
   41   T   0.106   0.116   0.119
   42   P   0.101   0.146   0.115
   43   L   0.104   0.181   0.114
   44   A   0.104   0.231   0.115
   45   A   0.139   0.123   0.136
   46   T   0.123   0.132   0.127
   47   H   0.111   0.095   0.122
   48   Q   0.103   0.089   0.116
   49   S   0.106   0.095   0.116
   50   G   0.100   0.093   0.112
   51   S   0.097   0.097   0.110
   52   L   0.106   0.070   0.114
   53   A   0.103   0.089   0.111
   54   L   0.101   0.081   0.110
   55   L   0.103   0.075   0.110
   56   T   0.104   0.077   0.109
   57   G   0.108   0.084   0.108
   58   A   0.102   0.078   0.102
   59   L   0.099   0.069   0.095
   60   W   0.102   0.075   0.094
   61   L   0.100   0.068   0.091
   62   M   0.101   0.067   0.091
   63   N   0.103   0.081   0.091
   64   E   0.103   0.098   0.090
   65   L   0.102   0.103   0.090
   66   R   0.102   0.105   0.090
   67   R   0.103   0.110   0.092
   68   V   0.102   0.104   0.092
   69   P   0.099   0.096   0.092
   70   K   0.104   0.091   0.095
# Measure  Position  Value    Cutoff   signal peptide?
  max. C    32       0.292
  max. Y    32       0.226
  max. S    11       0.383
  mean S     1-31    0.248
       D     1-31    0.235   0.500   NO
Name=COX15_HUMAN_TRANSMEM7	SP='NO' D=0.235 D-cutoff=0.500 Networks=SignalP-TM
