# SignalP-4.1 euk predictions
# Name=COX15_HUMAN_TRANSMEM4	Length=70	Networks=SignalP-TM
# pos  aa    C       S       Y
    1   R   0.102   0.631   0.254
    2   L   0.105   0.626   0.257
    3   A   0.105   0.605   0.257
    4   A   0.100   0.588   0.251
    5   H   0.101   0.591   0.251
    6   L   0.101   0.596   0.251
    7   G   0.103   0.593   0.253
    8   S   0.103   0.619   0.252
    9   A   0.103   0.644   0.252
   10   L   0.099   0.621   0.247
   11   V   0.103   0.701   0.251
   12   L   0.098   0.689   0.247
   13   Y   0.104   0.692   0.255
   14   C   0.101   0.676   0.252
   15   A   0.107   0.675   0.260
   16   S   0.103   0.622   0.256
   17   L   0.109   0.572   0.264
   18   W   0.102   0.521   0.255
   19   T   0.103   0.522   0.255
   20   S   0.120   0.538   0.274
   21   L   0.124   0.465   0.277
   22   S   0.104   0.438   0.252
   23   L   0.155   0.321   0.304
   24   L   0.112   0.236   0.254
   25   L   0.124   0.165   0.261
   26   P   0.104   0.169   0.230
   27   P   0.104   0.196   0.222
   28   H   0.104   0.203   0.213
   29   K   0.103   0.270   0.203
   30   L   0.104   0.204   0.198
   31   P   0.101   0.186   0.186
   32   E   0.122   0.113   0.197
   33   T   0.102   0.123   0.171
   34   H   0.106   0.099   0.166
   35   Q   0.100   0.113   0.151
   36   L   0.114   0.119   0.152
   37   L   0.101   0.124   0.135
   38   Q   0.102   0.097   0.130
   39   L   0.103   0.093   0.127
   40   R   0.100   0.102   0.122
   41   R   0.105   0.123   0.124
   42   F   0.107   0.098   0.123
   43   A   0.103   0.060   0.117
   44   H   0.098   0.073   0.108
   45   G   0.102   0.071   0.105
   46   T   0.100   0.107   0.100
   47   A   0.102   0.109   0.101
   48   G   0.099   0.126   0.099
   49   L   0.112   0.074   0.106
   50   V   0.100   0.070   0.099
   51   F   0.101   0.076   0.098
   52   L   0.103   0.086   0.097
   53   T   0.102   0.089   0.096
   54   A   0.108   0.088   0.099
   55   L   0.103   0.089   0.096
   56   S   0.103   0.118   0.095
   57   G   0.102   0.092   0.095
   58   A   0.105   0.101   0.097
   59   F   0.104   0.106   0.098
   60   V   0.102   0.077   0.099
   61   A   0.104   0.108   0.098
   62   G   0.098   0.103   0.095
   63   L   0.103   0.085   0.097
   64   D   0.104   0.070   0.098
   65   A   0.102   0.093   0.097
   66   G   0.108   0.080   0.101
   67   L   0.100   0.091   0.096
   68   V   0.104   0.091   0.098
   69   Y   0.104   0.088   0.098
   70   N   0.103   0.092   0.098
# Measure  Position  Value    Cutoff   signal peptide?
  max. C    23       0.155
  max. Y    23       0.304
  max. S    11       0.701
  mean S     1-22    0.601
       D     1-22    0.423   0.500   NO
Name=COX15_HUMAN_TRANSMEM4	SP='NO' D=0.423 D-cutoff=0.500 Networks=SignalP-TM
