# SignalP-4.1 euk predictions
# Name=CSCL2_HUMAN_TRANSMEM6	Length=70	Networks=SignalP-TM
# pos  aa    C       S       Y
    1   H   0.101   0.845   0.292
    2   K   0.101   0.826   0.292
    3   C   0.100   0.880   0.291
    4   Y   0.102   0.823   0.293
    5   T   0.103   0.743   0.294
    6   F   0.102   0.560   0.293
    7   L   0.103   0.491   0.290
    8   I   0.102   0.443   0.284
    9   F   0.100   0.378   0.276
   10   M   0.104   0.344   0.275
   11   V   0.103   0.351   0.268
   12   L   0.105   0.336   0.264
   13   L   0.103   0.373   0.253
   14   L   0.098   0.315   0.240
   15   P   0.102   0.276   0.237
   16   S   0.106   0.229   0.233
   17   L   0.102   0.313   0.218
   18   G   0.103   0.508   0.210
   19   L   0.579   0.350   0.484
   20   S   0.116   0.317   0.209
   21   S   0.431   0.177   0.393
   22   L   0.226   0.094   0.276
   23   D   0.168   0.076   0.229
   24   L   0.104   0.095   0.174
   25   F   0.113   0.081   0.175
   26   F   0.104   0.074   0.162
   27   R   0.102   0.067   0.154
   28   W   0.102   0.097   0.147
   29   L   0.097   0.121   0.138
   30   F   0.099   0.122   0.136
   31   D   0.102   0.099   0.134
   32   K   0.101   0.084   0.128
   33   K   0.100   0.115   0.115
   34   F   0.100   0.129   0.107
   35   L   0.105   0.159   0.104
   36   A   0.105   0.140   0.103
   37   E   0.102   0.109   0.103
   38   A   0.104   0.122   0.105
   39   A   0.113   0.069   0.111
   40   I   0.101   0.102   0.104
   41   R   0.103   0.114   0.106
   42   F   0.102   0.088   0.108
   43   E   0.101   0.090   0.107
   44   C   0.101   0.067   0.106
   45   V   0.100   0.073   0.103
   46   F   0.101   0.097   0.103
   47   L   0.102   0.091   0.104
   48   P   0.100   0.085   0.102
   49   D   0.103   0.091   0.102
   50   N   0.104   0.082   0.100
   51   G   0.100   0.099   0.096
   52   A   0.098   0.116   0.094
   53   F   0.102   0.128   0.096
   54   F   0.102   0.079   0.098
   55   V   0.099   0.084   0.096
   56   N   0.102   0.098   0.096
   57   Y   0.102   0.105   0.097
   58   V   0.101   0.111   0.097
   59   I   0.105   0.100   0.100
   60   A   0.104   0.111   0.101
   61   S   0.097   0.080   0.098
   62   A   0.102   0.081   0.100
   63   F   0.098   0.072   0.098
   64   I   0.104   0.071   0.100
   65   G   0.101   0.090   0.098
   66   N   0.101   0.091   0.098
   67   A   0.105   0.087   0.099
   68   M   0.097   0.080   0.093
   69   D   0.103   0.080   0.097
   70   L   0.100   0.096   0.095
# Measure  Position  Value    Cutoff   signal peptide?
  max. C    19       0.579
  max. Y    19       0.484
  max. S     3       0.880
  mean S     1-18    0.502
       D     1-18    0.491   0.500   NO
Name=CSCL2_HUMAN_TRANSMEM6	SP='NO' D=0.491 D-cutoff=0.500 Networks=SignalP-TM
