# SignalP-4.1 euk predictions
# Name=CXB7_HUMAN_TRANSMEM1	Length=70	Networks=SignalP-TM
# pos  aa    C       S       Y
    1   K   0.101   0.672   0.260
    2   Y   0.101   0.550   0.261
    3   S   0.102   0.441   0.260
    4   T   0.102   0.321   0.257
    5   G   0.104   0.374   0.254
    6   T   0.100   0.376   0.244
    7   G   0.102   0.478   0.243
    8   W   0.099   0.441   0.237
    9   I   0.102   0.420   0.236
   10   W   0.099   0.292   0.230
   11   L   0.103   0.320   0.228
   12   A   0.102   0.466   0.221
   13   V   0.099   0.669   0.215
   14   V   0.105   0.727   0.221
   15   F   0.102   0.691   0.219
   16   V   0.102   0.741   0.218
   17   F   0.103   0.661   0.223
   18   R   0.101   0.735   0.225
   19   L   0.105   0.788   0.236
   20   L   0.103   0.721   0.239
   21   V   0.104   0.681   0.246
   22   Y   0.105   0.789   0.250
   23   M   0.108   0.837   0.259
   24   V   0.133   0.746   0.294
   25   A   0.108   0.763   0.272
   26   A   0.257   0.617   0.428
   27   E   0.785   0.211   0.755
   28   H   0.108   0.185   0.273
   29   V   0.113   0.184   0.273
   30   W   0.100   0.175   0.249
   31   K   0.102   0.229   0.243
   32   D   0.141   0.129   0.278
   33   E   0.107   0.127   0.232
   34   Q   0.102   0.141   0.216
   35   K   0.113   0.132   0.216
   36   E   0.101   0.122   0.195
   37   F   0.104   0.124   0.185
   38   E   0.102   0.118   0.168
   39   C   0.102   0.121   0.154
   40   N   0.103   0.120   0.138
   41   S   0.102   0.123   0.124
   42   R   0.100   0.113   0.120
   43   Q   0.104   0.108   0.121
   44   P   0.104   0.104   0.118
   45   G   0.103   0.107   0.115
   46   C   0.099   0.106   0.109
   47   K   0.101   0.102   0.110
   48   N   0.102   0.102   0.109
   49   V   0.098   0.104   0.106
   50   C   0.101   0.097   0.106
   51   F   0.104   0.099   0.107
   52   D   0.099   0.101   0.104
   53   D   0.102   0.096   0.105
   54   F   0.103   0.096   0.104
   55   F   0.103   0.098   0.104
   56   P   0.105   0.100   0.104
   57   I   0.103   0.104   0.102
   58   S   0.105   0.111   0.103
   59   Q   0.102   0.115   0.102
   60   V   0.102   0.133   0.102
   61   R   0.099   0.158   0.102
   62   L   0.104   0.155   0.106
   63   W   0.098   0.147   0.105
   64   A   0.103   0.144   0.109
   65   L   0.101   0.140   0.109
   66   Q   0.101   0.128   0.110
   67   L   0.102   0.137   0.112
   68   I   0.103   0.130   0.114
   69   M   0.100   0.130   0.113
   70   V   0.103   0.118   0.116
# Measure  Position  Value    Cutoff   signal peptide?
  max. C    27       0.785
  max. Y    27       0.755
  max. S    23       0.837
  mean S     1-26    0.589
       D     1-26    0.689   0.500   YES
Name=CXB7_HUMAN_TRANSMEM1	SP='YES' Cleavage site between pos. 26 and 27: VAA-EH D=0.689 D-cutoff=0.500 Networks=SignalP-TM
