# SignalP-4.1 euk predictions
# Name=CXCR2_HUMAN_TRANSMEM1	Length=70	Networks=SignalP-TM
# pos  aa    C       S       Y
    1   L   0.101   0.408   0.203
    2   E   0.102   0.395   0.204
    3   I   0.102   0.313   0.204
    4   N   0.102   0.299   0.202
    5   K   0.101   0.235   0.200
    6   Y   0.101   0.201   0.196
    7   F   0.103   0.160   0.194
    8   V   0.102   0.103   0.189
    9   V   0.101   0.107   0.182
   10   I   0.102   0.082   0.176
   11   I   0.099   0.028   0.167
   12   Y   0.103   0.019   0.162
   13   A   0.102   0.021   0.152
   14   L   0.097   0.035   0.139
   15   V   0.104   0.032   0.134
   16   F   0.098   0.034   0.119
   17   L   0.103   0.037   0.111
   18   L   0.103   0.035   0.101
   19   S   0.105   0.021   0.092
   20   L   0.112   0.023   0.085
   21   L   0.103   0.028   0.074
   22   G   0.104   0.025   0.067
   23   N   0.156   0.022   0.077
   24   S   0.111   0.016   0.059
   25   L   0.160   0.011   0.065
   26   V   0.111   0.016   0.053
   27   M   0.139   0.020   0.060
   28   L   0.103   0.036   0.051
   29   V   0.117   0.031   0.055
   30   I   0.104   0.055   0.052
   31   L   0.104   0.089   0.053
   32   Y   0.111   0.060   0.058
   33   S   0.104   0.079   0.058
   34   R   0.110   0.056   0.063
   35   V   0.101   0.058   0.063
   36   G   0.104   0.067   0.065
   37   R   0.107   0.056   0.069
   38   S   0.108   0.049   0.071
   39   V   0.121   0.061   0.077
   40   T   0.103   0.050   0.073
   41   D   0.121   0.047   0.081
   42   V   0.102   0.050   0.076
   43   Y   0.104   0.056   0.077
   44   L   0.104   0.066   0.079
   45   L   0.101   0.057   0.078
   46   N   0.103   0.057   0.077
   47   L   0.104   0.070   0.078
   48   A   0.104   0.063   0.077
   49   L   0.103   0.042   0.077
   50   A   0.108   0.035   0.078
   51   D   0.115   0.046   0.079
   52   L   0.105   0.044   0.075
   53   L   0.102   0.054   0.074
   54   F   0.103   0.065   0.073
   55   A   0.104   0.058   0.075
   56   L   0.113   0.050   0.078
   57   T   0.102   0.047   0.075
   58   L   0.108   0.059   0.076
   59   P   0.102   0.065   0.074
   60   I   0.103   0.072   0.075
   61   W   0.102   0.139   0.075
   62   A   0.101   0.177   0.078
   63   A   0.131   0.163   0.094
   64   S   0.111   0.135   0.092
   65   K   0.106   0.104   0.094
   66   V   0.100   0.120   0.094
   67   N   0.102   0.116   0.098
   68   G   0.100   0.116   0.099
   69   W   0.113   0.101   0.107
   70   I   0.106   0.097   0.106
# Measure  Position  Value    Cutoff   signal peptide?
  max. C    25       0.160
  max. Y    11       0.167
  max. S     1       0.408
  mean S     1-10    0.230
       D     1-10    0.193   0.500   NO
Name=CXCR2_HUMAN_TRANSMEM1	SP='NO' D=0.193 D-cutoff=0.500 Networks=SignalP-TM
