# SignalP-4.1 euk predictions
# Name=CXG2_HUMAN_TRANSMEM2	Length=70	Networks=SignalP-noTM
# pos  aa    C       S       Y
    1   L   0.100   0.496   0.223
    2   S   0.103   0.543   0.226
    3   H   0.100   0.628   0.223
    4   V   0.102   0.655   0.226
    5   R   0.099   0.762   0.225
    6   F   0.104   0.750   0.233
    7   W   0.098   0.673   0.229
    8   V   0.102   0.593   0.235
    9   F   0.101   0.400   0.235
   10   Q   0.097   0.401   0.229
   11   I   0.098   0.396   0.230
   12   V   0.100   0.443   0.231
   13   V   0.102   0.586   0.232
   14   I   0.100   0.554   0.231
   15   S   0.098   0.517   0.230
   16   T   0.100   0.429   0.232
   17   P   0.103   0.447   0.235
   18   S   0.119   0.440   0.253
   19   V   0.104   0.490   0.236
   20   M   0.101   0.519   0.231
   21   Y   0.114   0.508   0.246
   22   L   0.122   0.333   0.255
   23   G   0.116   0.171   0.246
   24   Y   0.124   0.136   0.252
   25   A   0.104   0.207   0.227
   26   V   0.164   0.129   0.278
   27   H   0.103   0.137   0.215
   28   R   0.104   0.142   0.209
   29   L   0.106   0.144   0.204
   30   A   0.107   0.170   0.199
   31   R   0.105   0.151   0.192
   32   A   0.109   0.153   0.193
   33   S   0.142   0.124   0.215
   34   E   0.107   0.124   0.184
   35   Q   0.110   0.118   0.182
   36   E   0.107   0.115   0.173
   37   R   0.099   0.123   0.160
   38   R   0.102   0.121   0.157
   39   R   0.106   0.128   0.155
   40   A   0.106   0.121   0.150
   41   L   0.099   0.125   0.140
   42   R   0.107   0.126   0.140
   43   R   0.104   0.117   0.131
   44   R   0.109   0.112   0.126
   45   P   0.108   0.108   0.121
   46   G   0.107   0.113   0.120
   47   P   0.106   0.100   0.118
   48   R   0.108   0.107   0.117
   49   R   0.109   0.105   0.117
   50   A   0.107   0.101   0.116
   51   P   0.095   0.109   0.108
   52   R   0.111   0.103   0.116
   53   A   0.109   0.100   0.114
   54   H   0.100   0.097   0.108
   55   L   0.107   0.095   0.110
   56   P   0.100   0.090   0.106
   57   P   0.104   0.094   0.107
   58   P   0.112   0.102   0.111
   59   H   0.112   0.098   0.110
   60   A   0.111   0.096   0.109
   61   G   0.098   0.098   0.102
   62   W   0.097   0.097   0.101
   63   P   0.098   0.102   0.101
   64   E   0.106   0.103   0.105
   65   P   0.109   0.100   0.105
   66   A   0.101   0.105   0.101
   67   D   0.100   0.106   0.100
   68   L   0.105   0.105   0.103
   69   G   0.105   0.106   0.103
   70   E   0.102   0.103   0.101
# Measure  Position  Value    Cutoff   signal peptide?
  max. C    26       0.164
  max. Y    26       0.278
  max. S     5       0.762
  mean S     1-25    0.483
       D     1-25    0.389   0.450   NO
Name=CXG2_HUMAN_TRANSMEM2	SP='NO' D=0.389 D-cutoff=0.450 Networks=SignalP-noTM
