# SignalP-4.1 euk predictions
# Name=DCA17_HUMAN_TRANSMEM1	Length=70	Networks=SignalP-noTM
# pos  aa    C       S       Y
    1   G   0.103   0.764   0.280
    2   I   0.101   0.741   0.278
    3   Q   0.103   0.788   0.280
    4   Q   0.104   0.830   0.281
    5   H   0.101   0.856   0.278
    6   V   0.098   0.834   0.275
    7   L   0.101   0.772   0.280
    8   L   0.102   0.761   0.282
    9   Y   0.098   0.732   0.275
   10   L   0.103   0.746   0.283
   11   A   0.105   0.670   0.285
   12   V   0.095   0.687   0.270
   13   F   0.101   0.776   0.278
   14   R   0.099   0.717   0.275
   15   V   0.102   0.734   0.279
   16   L   0.102   0.738   0.279
   17   P   0.098   0.822   0.273
   18   F   0.127   0.712   0.311
   19   S   0.106   0.718   0.283
   20   L   0.115   0.572   0.295
   21   V   0.103   0.497   0.278
   22   G   0.116   0.330   0.293
   23   I   0.162   0.176   0.341
   24   L   0.148   0.099   0.320
   25   E   0.106   0.113   0.265
   26   I   0.108   0.119   0.261
   27   N   0.106   0.094   0.252
   28   K   0.103   0.105   0.242
   29   K   0.108   0.101   0.239
   30   I   0.106   0.110   0.231
   31   F   0.100   0.126   0.217
   32   G   0.104   0.118   0.215
   33   N   0.221   0.090   0.303
   34   V   0.101   0.097   0.198
   35   T   0.098   0.115   0.188
   36   D   0.106   0.109   0.188
   37   A   0.096   0.102   0.171
   38   T   0.106   0.099   0.171
   39   L   0.104   0.094   0.160
   40   S   0.098   0.098   0.145
   41   H   0.102   0.095   0.138
   42   G   0.105   0.106   0.128
   43   I   0.103   0.097   0.118
   44   L   0.104   0.095   0.111
   45   I   0.102   0.104   0.105
   46   V   0.096   0.098   0.100
   47   M   0.099   0.106   0.101
   48   Y   0.101   0.142   0.102
   49   S   0.096   0.160   0.100
   50   S   0.104   0.149   0.106
   51   G   0.102   0.128   0.106
   52   L   0.110   0.129   0.110
   53   V   0.100   0.130   0.106
   54   R   0.096   0.125   0.103
   55   L   0.107   0.112   0.109
   56   Y   0.117   0.104   0.115
   57   S   0.109   0.103   0.111
   58   F   0.113   0.092   0.113
   59   Q   0.100   0.094   0.106
   60   T   0.104   0.098   0.108
   61   I   0.104   0.091   0.108
   62   A   0.101   0.096   0.106
   63   E   0.110   0.100   0.111
   64   Q   0.098   0.100   0.105
   65   F   0.097   0.100   0.104
   66   M   0.105   0.095   0.108
   67   Q   0.098   0.098   0.105
   68   Q   0.098   0.100   0.105
   69   K   0.103   0.096   0.107
   70   L   0.105   0.102   0.108
# Measure  Position  Value    Cutoff   signal peptide?
  max. C    33       0.221
  max. Y    23       0.341
  max. S     5       0.856
  mean S     1-22    0.718
       D     1-22    0.544   0.450   YES
Name=DCA17_HUMAN_TRANSMEM1	SP='YES' Cleavage site between pos. 22 and 23: LVG-IL D=0.544 D-cutoff=0.450 Networks=SignalP-noTM
