# SignalP-4.1 euk predictions
# Name=DGLB_HUMAN_TRANSMEM3	Length=70	Networks=SignalP-TM
# pos  aa    C       S       Y
    1   L   0.101   0.597   0.246
    2   Y   0.103   0.575   0.248
    3   I   0.102   0.579   0.246
    4   R   0.103   0.587   0.248
    5   L   0.105   0.565   0.249
    6   A   0.103   0.564   0.247
    7   L   0.098   0.635   0.240
    8   F   0.104   0.707   0.248
    9   F   0.100   0.773   0.245
   10   P   0.103   0.718   0.252
   11   E   0.101   0.750   0.251
   12   M   0.104   0.795   0.256
   13   V   0.102   0.807   0.256
   14   W   0.099   0.834   0.256
   15   A   0.102   0.803   0.262
   16   S   0.353   0.583   0.495
   17   L   0.102   0.692   0.266
   18   G   0.104   0.680   0.270
   19   A   0.190   0.592   0.366
   20   A   0.133   0.460   0.307
   21   W   0.135   0.304   0.307
   22   V   0.105   0.288   0.267
   23   A   0.107   0.232   0.263
   24   D   0.108   0.178   0.256
   25   G   0.105   0.135   0.245
   26   V   0.174   0.127   0.303
   27   Q   0.104   0.112   0.223
   28   C   0.113   0.118   0.220
   29   D   0.358   0.111   0.369
   30   R   0.102   0.098   0.183
   31   T   0.107   0.074   0.177
   32   V   0.107   0.069   0.164
   33   V   0.103   0.078   0.146
   34   N   0.104   0.055   0.133
   35   G   0.103   0.043   0.121
   36   I   0.105   0.057   0.113
   37   I   0.109   0.053   0.107
   38   A   0.103   0.034   0.098
   39   T   0.099   0.034   0.091
   40   V   0.105   0.029   0.089
   41   V   0.103   0.020   0.084
   42   V   0.104   0.019   0.081
   43   S   0.101   0.018   0.075
   44   W   0.103   0.023   0.071
   45   I   0.101   0.020   0.066
   46   I   0.101   0.019   0.063
   47   I   0.103   0.017   0.061
   48   A   0.102   0.015   0.057
   49   A   0.100   0.019   0.054
   50   T   0.103   0.014   0.053
   51   V   0.107   0.015   0.051
   52   V   0.099   0.029   0.046
   53   S   0.103   0.044   0.046
   54   I   0.110   0.056   0.049
   55   I   0.104   0.057   0.049
   56   I   0.105   0.067   0.052
   57   V   0.103   0.064   0.055
   58   F   0.103   0.063   0.058
   59   D   0.105   0.069   0.061
   60   P   0.102   0.090   0.063
   61   L   0.102   0.073   0.067
   62   G   0.102   0.117   0.070
   63   G   0.099   0.112   0.074
   64   K   0.101   0.115   0.079
   65   M   0.103   0.125   0.084
   66   A   0.104   0.117   0.089
   67   P   0.097   0.110   0.090
   68   Y   0.104   0.105   0.096
   69   S   0.102   0.103   0.097
   70   S   0.103   0.100   0.099
# Measure  Position  Value    Cutoff   signal peptide?
  max. C    29       0.358
  max. Y    16       0.495
  max. S    14       0.834
  mean S     1-15    0.686
       D     1-15    0.571   0.500   YES
Name=DGLB_HUMAN_TRANSMEM3	SP='YES' Cleavage site between pos. 15 and 16: VWA-SL D=0.571 D-cutoff=0.500 Networks=SignalP-TM
