# SignalP-4.1 euk predictions
# Name=DIC_HUMAN_TRANSMEM3	Length=70	Networks=SignalP-TM
# pos  aa    C       S       Y
    1   P   0.102   0.167   0.130
    2   F   0.103   0.188   0.131
    3   H   0.102   0.209   0.131
    4   E   0.102   0.251   0.132
    5   K   0.101   0.240   0.134
    6   V   0.101   0.238   0.136
    7   L   0.103   0.228   0.139
    8   L   0.105   0.235   0.142
    9   G   0.101   0.246   0.141
   10   S   0.101   0.202   0.143
   11   V   0.102   0.218   0.145
   12   S   0.102   0.240   0.146
   13   G   0.104   0.288   0.149
   14   L   0.097   0.277   0.147
   15   A   0.105   0.327   0.155
   16   G   0.097   0.368   0.153
   17   G   0.105   0.272   0.163
   18   F   0.146   0.164   0.194
   19   V   0.103   0.197   0.162
   20   G   0.103   0.175   0.161
   21   T   0.101   0.129   0.158
   22   P   0.104   0.106   0.157
   23   A   0.106   0.088   0.156
   24   D   0.120   0.073   0.161
   25   L   0.100   0.075   0.145
   26   V   0.105   0.094   0.145
   27   N   0.104   0.097   0.140
   28   V   0.105   0.103   0.135
   29   R   0.102   0.100   0.128
   30   M   0.108   0.102   0.125
   31   Q   0.103   0.099   0.114
   32   N   0.103   0.102   0.109
   33   D   0.103   0.104   0.106
   34   V   0.100   0.103   0.102
   35   K   0.103   0.107   0.101
   36   L   0.102   0.106   0.099
   37   P   0.101   0.107   0.099
   38   Q   0.103   0.107   0.101
   39   G   0.107   0.102   0.103
   40   Q   0.098   0.103   0.100
   41   R   0.101   0.103   0.102
   42   R   0.102   0.103   0.103
   43   N   0.103   0.101   0.103
   44   Y   0.104   0.100   0.104
   45   A   0.104   0.103   0.104
   46   H   0.099   0.105   0.102
   47   A   0.105   0.101   0.104
   48   L   0.095   0.103   0.099
   49   D   0.104   0.100   0.104
   50   G   0.103   0.095   0.103
   51   L   0.102   0.100   0.102
   52   Y   0.104   0.099   0.103
   53   R   0.103   0.098   0.102
   54   V   0.106   0.098   0.104
   55   A   0.103   0.102   0.102
   56   R   0.103   0.102   0.102
   57   E   0.103   0.098   0.102
   58   E   0.101   0.100   0.101
   59   G   0.104   0.101   0.102
   60   L   0.098   0.102   0.099
   61   R   0.102   0.104   0.101
   62   R   0.105   0.098   0.103
   63   L   0.104   0.098   0.102
   64   F   0.102   0.097   0.101
   65   S   0.107   0.100   0.104
   66   G   0.105   0.099   0.102
   67   A   0.100   0.104   0.100
   68   T   0.100   0.102   0.100
   69   M   0.106   0.100   0.103
   70   A   0.102   0.097   0.101
# Measure  Position  Value    Cutoff   signal peptide?
  max. C    18       0.146
  max. Y    18       0.194
  max. S    16       0.368
  mean S     1-17    0.247
       D     1-17    0.215   0.500   NO
Name=DIC_HUMAN_TRANSMEM3	SP='NO' D=0.215 D-cutoff=0.500 Networks=SignalP-TM
