# SignalP-4.1 euk predictions
# Name=DMB_HUMAN_TRANSMEM1	Length=70	Networks=SignalP-noTM
# pos  aa    C       S       Y
    1   V   0.101   0.122   0.111
    2   E   0.102   0.106   0.112
    3   H   0.103   0.109   0.112
    4   I   0.101   0.135   0.111
    5   G   0.104   0.117   0.112
    6   A   0.101   0.124   0.111
    7   P   0.095   0.123   0.107
    8   E   0.107   0.122   0.114
    9   P   0.102   0.127   0.112
   10   I   0.103   0.132   0.112
   11   L   0.101   0.164   0.111
   12   R   0.103   0.176   0.113
   13   D   0.103   0.172   0.114
   14   W   0.101   0.165   0.114
   15   T   0.102   0.195   0.115
   16   P   0.104   0.179   0.118
   17   G   0.103   0.208   0.119
   18   L   0.099   0.176   0.118
   19   S   0.105   0.196   0.122
   20   P   0.096   0.164   0.119
   21   M   0.106   0.120   0.125
   22   Q   0.097   0.151   0.120
   23   T   0.106   0.173   0.126
   24   L   0.102   0.207   0.124
   25   K   0.101   0.224   0.125
   26   V   0.099   0.274   0.126
   27   S   0.099   0.256   0.129
   28   V   0.098   0.253   0.130
   29   S   0.102   0.274   0.136
   30   A   0.124   0.302   0.152
   31   V   0.106   0.422   0.144
   32   T   0.100   0.541   0.144
   33   L   0.104   0.501   0.154
   34   G   0.100   0.624   0.156
   35   L   0.105   0.603   0.166
   36   G   0.107   0.522   0.173
   37   L   0.172   0.441   0.227
   38   I   0.108   0.328   0.183
   39   I   0.107   0.378   0.184
   40   F   0.099   0.508   0.179
   41   S   0.102   0.698   0.186
   42   L   0.106   0.586   0.196
   43   G   0.102   0.608   0.197
   44   V   0.142   0.458   0.239
   45   I   0.102   0.500   0.207
   46   S   0.102   0.592   0.210
   47   W   0.132   0.426   0.244
   48   R   0.103   0.410   0.217
   49   R   0.108   0.305   0.224
   50   A   0.103   0.282   0.219
   51   G   0.111   0.131   0.228
   52   H   0.105   0.117   0.220
   53   S   0.112   0.117   0.225
   54   S   0.130   0.106   0.239
   55   Y   0.102   0.120   0.207
   56   T   0.098   0.111   0.199
   57   P   0.103   0.113   0.198
   58   L   0.103   0.110   0.192
   59   P   0.106   0.106   0.190
   60   G   0.106   0.108   0.185
   61   S   0.104   0.103   0.181
   62   N   0.104   0.100   0.176
   63   Y   0.101   0.101   0.169
   64   S   0.100   0.104   0.160
   65   E   0.099   0.105   0.152
   66   G   0.108   0.099   0.151
   67   W   0.102   0.103   0.141
   68   H   0.101   0.099   0.133
   69   I   0.102   0.100   0.125
   70   S   0.104   0.099   0.120
# Measure  Position  Value    Cutoff   signal peptide?
  max. C    37       0.172
  max. Y    47       0.244
  max. S    41       0.698
  mean S     1-46    0.295
       D     1-46    0.271   0.450   NO
Name=DMB_HUMAN_TRANSMEM1	SP='NO' D=0.271 D-cutoff=0.450 Networks=SignalP-noTM
