# SignalP-4.1 euk predictions
# Name=DRD1_HUMAN_TRANSMEM2	Length=70	Networks=SignalP-noTM
# pos  aa    C       S       Y
    1   S   0.101   0.863   0.295
    2   K   0.100   0.855   0.294
    3   V   0.099   0.876   0.292
    4   T   0.101   0.907   0.295
    5   N   0.103   0.935   0.299
    6   F   0.098   0.940   0.291
    7   F   0.101   0.938   0.296
    8   V   0.105   0.928   0.303
    9   I   0.099   0.912   0.295
   10   S   0.105   0.895   0.303
   11   L   0.100   0.910   0.297
   12   A   0.105   0.949   0.305
   13   V   0.093   0.948   0.288
   14   S   0.099   0.937   0.298
   15   D   0.103   0.869   0.304
   16   L   0.098   0.876   0.296
   17   L   0.105   0.891   0.307
   18   V   0.098   0.921   0.297
   19   A   0.107   0.891   0.310
   20   V   0.183   0.666   0.407
   21   L   0.105   0.532   0.307
   22   V   0.108   0.570   0.308
   23   M   0.130   0.358   0.335
   24   P   0.104   0.495   0.296
   25   W   0.109   0.505   0.300
   26   K   0.101   0.768   0.285
   27   A   0.107   0.822   0.293
   28   V   0.135   0.685   0.328
   29   A   0.110   0.663   0.293
   30   E   0.363   0.211   0.529
   31   I   0.125   0.160   0.304
   32   A   0.130   0.153   0.303
   33   G   0.102   0.145   0.262
   34   F   0.144   0.108   0.303
   35   W   0.110   0.125   0.257
   36   P   0.105   0.137   0.242
   37   F   0.105   0.162   0.235
   38   G   0.104   0.189   0.227
   39   S   0.107   0.206   0.223
   40   F   0.103   0.235   0.211
   41   C   0.127   0.222   0.225
   42   N   0.107   0.241   0.199
   43   I   0.096   0.344   0.183
   44   W   0.098   0.262   0.183
   45   V   0.104   0.318   0.185
   46   A   0.101   0.245   0.181
   47   F   0.117   0.218   0.191
   48   D   0.098   0.232   0.172
   49   I   0.104   0.262   0.170
   50   M   0.103   0.297   0.161
   51   C   0.104   0.257   0.156
   52   S   0.101   0.187   0.147
   53   T   0.101   0.194   0.147
   54   A   0.110   0.135   0.154
   55   S   0.125   0.123   0.164
   56   I   0.104   0.111   0.149
   57   L   0.129   0.112   0.166
   58   N   0.101   0.098   0.147
   59   L   0.102   0.098   0.147
   60   C   0.102   0.104   0.146
   61   V   0.102   0.097   0.144
   62   I   0.103   0.097   0.143
   63   S   0.105   0.096   0.142
   64   V   0.097   0.098   0.135
   65   D   0.100   0.096   0.135
   66   R   0.100   0.100   0.131
   67   Y   0.101   0.097   0.128
   68   W   0.100   0.097   0.123
   69   A   0.100   0.100   0.121
   70   I   0.106   0.103   0.122
# Measure  Position  Value    Cutoff   signal peptide?
  max. C    30       0.363
  max. Y    30       0.529
  max. S    12       0.949
  mean S     1-29    0.804
       D     1-29    0.677   0.450   YES
Name=DRD1_HUMAN_TRANSMEM2	SP='YES' Cleavage site between pos. 29 and 30: AVA-EI D=0.677 D-cutoff=0.450 Networks=SignalP-noTM
