# SignalP-4.1 euk predictions
# Name=ELOV2_HUMAN_TRANSMEM6	Length=70	Networks=SignalP-noTM
# pos  aa    C       S       Y
    1   K   0.101   0.401   0.201
    2   Y   0.101   0.381   0.201
    3   L   0.101   0.385   0.201
    4   T   0.105   0.355   0.205
    5   Q   0.105   0.338   0.204
    6   A   0.106   0.443   0.204
    7   Q   0.099   0.545   0.198
    8   L   0.105   0.443   0.206
    9   V   0.098   0.437   0.199
   10   Q   0.098   0.434   0.200
   11   F   0.103   0.344   0.205
   12   V   0.095   0.419   0.196
   13   L   0.100   0.368   0.202
   14   T   0.105   0.378   0.206
   15   I   0.116   0.269   0.216
   16   T   0.103   0.394   0.203
   17   H   0.102   0.554   0.201
   18   T   0.092   0.671   0.193
   19   M   0.118   0.393   0.221
   20   S   0.099   0.375   0.203
   21   A   0.217   0.342   0.300
   22   V   0.230   0.172   0.308
   23   V   0.102   0.201   0.203
   24   K   0.118   0.167   0.215
   25   P   0.101   0.158   0.197
   26   C   0.135   0.143   0.224
   27   G   0.109   0.160   0.199
   28   F   0.119   0.175   0.205
   29   P   0.100   0.181   0.185
   30   F   0.110   0.167   0.189
   31   G   0.106   0.150   0.183
   32   C   0.103   0.184   0.176
   33   L   0.103   0.224   0.173
   34   I   0.103   0.364   0.171
   35   F   0.105   0.405   0.172
   36   Q   0.102   0.468   0.170
   37   S   0.103   0.474   0.172
   38   S   0.099   0.499   0.171
   39   Y   0.095   0.682   0.169
   40   M   0.102   0.588   0.177
   41   L   0.114   0.628   0.186
   42   T   0.099   0.509   0.176
   43   L   0.102   0.574   0.180
   44   V   0.101   0.596   0.182
   45   I   0.100   0.541   0.187
   46   L   0.102   0.541   0.193
   47   F   0.106   0.422   0.201
   48   L   0.107   0.414   0.205
   49   N   0.104   0.487   0.206
   50   F   0.097   0.515   0.203
   51   Y   0.103   0.434   0.212
   52   V   0.103   0.261   0.215
   53   Q   0.100   0.187   0.213
   54   T   0.102   0.220   0.215
   55   Y   0.143   0.144   0.255
   56   R   0.096   0.116   0.209
   57   K   0.167   0.109   0.272
   58   K   0.117   0.111   0.223
   59   P   0.095   0.116   0.198
   60   M   0.104   0.111   0.203
   61   K   0.101   0.116   0.196
   62   K   0.099   0.112   0.187
   63   D   0.098   0.114   0.180
   64   M   0.103   0.114   0.177
   65   Q   0.102   0.113   0.172
   66   E   0.106   0.113   0.168
   67   P   0.103   0.108   0.159
   68   P   0.107   0.111   0.156
   69   A   0.107   0.106   0.149
   70   G   0.104   0.105   0.141
# Measure  Position  Value    Cutoff   signal peptide?
  max. C    22       0.230
  max. Y    22       0.308
  max. S    39       0.682
  mean S     1-21    0.413
       D     1-21    0.364   0.450   NO
Name=ELOV2_HUMAN_TRANSMEM6	SP='NO' D=0.364 D-cutoff=0.450 Networks=SignalP-noTM
