# SignalP-4.1 euk predictions
# Name=ELOV7_HUMAN_TRANSMEM7	Length=70	Networks=SignalP-noTM
# pos  aa    C       S       Y
    1   L   0.102   0.493   0.224
    2   V   0.102   0.494   0.224
    3   Q   0.100   0.559   0.223
    4   F   0.105   0.466   0.228
    5   V   0.099   0.546   0.221
    6   I   0.106   0.502   0.230
    7   V   0.105   0.429   0.229
    8   A   0.098   0.418   0.221
    9   I   0.099   0.358   0.220
   10   H   0.097   0.419   0.217
   11   I   0.097   0.377   0.216
   12   S   0.100   0.351   0.219
   13   Q   0.095   0.289   0.211
   14   F   0.099   0.362   0.213
   15   F   0.106   0.271   0.219
   16   F   0.097   0.320   0.208
   17   M   0.107   0.156   0.216
   18   E   0.111   0.132   0.216
   19   D   0.103   0.165   0.204
   20   C   0.107   0.201   0.204
   21   K   0.117   0.209   0.210
   22   Y   0.100   0.232   0.191
   23   Q   0.108   0.351   0.195
   24   F   0.116   0.267   0.200
   25   P   0.100   0.302   0.183
   26   V   0.104   0.379   0.184
   27   F   0.101   0.418   0.180
   28   A   0.104   0.364   0.181
   29   C   0.110   0.361   0.184
   30   I   0.102   0.424   0.176
   31   I   0.096   0.438   0.171
   32   M   0.100   0.481   0.176
   33   S   0.098   0.624   0.175
   34   Y   0.098   0.653   0.178
   35   S   0.101   0.735   0.184
   36   F   0.103   0.600   0.192
   37   M   0.098   0.678   0.190
   38   F   0.100   0.684   0.196
   39   L   0.100   0.701   0.201
   40   L   0.108   0.763   0.215
   41   L   0.102   0.767   0.216
   42   F   0.104   0.804   0.225
   43   L   0.110   0.765   0.237
   44   H   0.110   0.734   0.243
   45   F   0.107   0.783   0.245
   46   W   0.097   0.811   0.237
   47   Y   0.099   0.892   0.245
   48   R   0.099   0.862   0.249
   49   A   0.117   0.779   0.276
   50   Y   0.104   0.550   0.263
   51   T   0.095   0.322   0.254
   52   K   0.374   0.185   0.502
   53   G   0.106   0.158   0.265
   54   Q   0.433   0.127   0.531
   55   R   0.098   0.139   0.250
   56   L   0.106   0.131   0.255
   57   P   0.100   0.121   0.243
   58   K   0.101   0.112   0.238
   59   T   0.109   0.112   0.243
   60   V   0.104   0.110   0.232
   61   K   0.106   0.106   0.228
   62   N   0.104   0.104   0.218
   63   G   0.094   0.107   0.201
   64   T   0.101   0.104   0.201
   65   C   0.108   0.106   0.200
   66   K   0.100   0.104   0.184
   67   N   0.098   0.103   0.175
   68   K   0.096   0.102   0.164
   69   D   0.105   0.104   0.161
   70   N   0.106   0.101   0.150
# Measure  Position  Value    Cutoff   signal peptide?
  max. C    54       0.433
  max. Y    54       0.531
  max. S    47       0.892
  mean S     1-53    0.479
       D     1-53    0.503   0.450   YES
Name=ELOV7_HUMAN_TRANSMEM7	SP='YES' Cleavage site between pos. 53 and 54: TKG-QR D=0.503 D-cutoff=0.450 Networks=SignalP-noTM
