# SignalP-4.1 euk predictions
# Name=FLVC1_HUMAN_TRANSMEM10	Length=70	Networks=SignalP-TM
# pos  aa    C       S       Y
    1   L   0.102   0.207   0.145
    2   D   0.103   0.182   0.146
    3   L   0.101   0.141   0.144
    4   R   0.102   0.085   0.143
    5   Y   0.103   0.095   0.141
    6   I   0.103   0.081   0.138
    7   I   0.102   0.082   0.133
    8   I   0.103   0.070   0.131
    9   V   0.101   0.090   0.125
   10   F   0.099   0.078   0.121
   11   V   0.102   0.096   0.119
   12   T   0.100   0.085   0.114
   13   G   0.102   0.084   0.111
   14   G   0.100   0.062   0.106
   15   V   0.100   0.062   0.101
   16   L   0.102   0.060   0.097
   17   G   0.103   0.073   0.093
   18   F   0.526   0.096   0.204
   19   F   0.101   0.130   0.090
   20   M   0.105   0.152   0.093
   21   T   0.103   0.147   0.095
   22   G   0.108   0.136   0.100
   23   Y   0.105   0.164   0.101
   24   L   0.102   0.135   0.102
   25   P   0.100   0.160   0.103
   26   L   0.107   0.145   0.109
   27   G   0.104   0.175   0.109
   28   F   0.103   0.188   0.112
   29   E   0.105   0.182   0.117
   30   F   0.108   0.163   0.122
   31   A   0.103   0.139   0.123
   32   V   0.106   0.119   0.126
   33   E   0.103   0.115   0.125
   34   I   0.101   0.115   0.124
   35   T   0.102   0.114   0.123
   36   Y   0.103   0.107   0.123
   37   P   0.099   0.119   0.120
   38   E   0.106   0.116   0.123
   39   S   0.100   0.118   0.118
   40   E   0.103   0.101   0.119
   41   G   0.102   0.095   0.117
   42   T   0.112   0.090   0.120
   43   S   0.105   0.078   0.113
   44   S   0.103   0.072   0.108
   45   G   0.101   0.069   0.104
   46   L   0.100   0.061   0.101
   47   L   0.102   0.064   0.100
   48   N   0.105   0.073   0.100
   49   A   0.104   0.075   0.098
   50   S   0.101   0.075   0.095
   51   A   0.107   0.089   0.096
   52   Q   0.096   0.071   0.090
   53   I   0.104   0.059   0.091
   54   F   0.100   0.082   0.088
   55   G   0.104   0.076   0.088
   56   I   0.100   0.081   0.086
   57   L   0.103   0.100   0.087
   58   F   0.102   0.079   0.087
   59   T   0.102   0.104   0.088
   60   L   0.106   0.091   0.091
   61   A   0.105   0.128   0.092
   62   Q   0.103   0.111   0.093
   63   G   0.104   0.120   0.095
   64   K   0.118   0.103   0.103
   65   L   0.105   0.111   0.099
   66   T   0.103   0.109   0.098
   67   S   0.102   0.101   0.100
   68   D   0.101   0.096   0.101
   69   Y   0.098   0.098   0.099
   70   G   0.101   0.098   0.101
# Measure  Position  Value    Cutoff   signal peptide?
  max. C    18       0.526
  max. Y    18       0.204
  max. S     1       0.207
  mean S     1-17    0.096
       D     1-17    0.161   0.500   NO
Name=FLVC1_HUMAN_TRANSMEM10	SP='NO' D=0.161 D-cutoff=0.500 Networks=SignalP-TM
