# SignalP-4.1 euk predictions
# Name=FXDC2_HUMAN_TRANSMEM4	Length=70	Networks=SignalP-noTM
# pos  aa    C       S       Y
    1   R   0.102   0.798   0.285
    2   E   0.104   0.765   0.288
    3   L   0.101   0.786   0.284
    4   P   0.103   0.813   0.286
    5   T   0.105   0.820   0.289
    6   F   0.104   0.860   0.288
    7   H   0.102   0.877   0.286
    8   W   0.101   0.854   0.286
    9   F   0.100   0.808   0.284
   10   L   0.098   0.788   0.281
   11   L   0.105   0.672   0.291
   12   E   0.104   0.604   0.288
   13   L   0.102   0.632   0.284
   14   A   0.102   0.667   0.284
   15   I   0.100   0.620   0.279
   16   F   0.102   0.580   0.280
   17   T   0.098   0.622   0.273
   18   L   0.100   0.675   0.274
   19   I   0.104   0.636   0.279
   20   E   0.135   0.510   0.316
   21   E   0.106   0.566   0.278
   22   V   0.229   0.265   0.405
   23   L   0.102   0.299   0.266
   24   F   0.102   0.371   0.261
   25   Y   0.280   0.136   0.427
   26   Y   0.119   0.132   0.271
   27   S   0.103   0.114   0.246
   28   H   0.111   0.118   0.249
   29   R   0.104   0.143   0.234
   30   L   0.106   0.111   0.229
   31   L   0.103   0.108   0.217
   32   H   0.100   0.099   0.206
   33   H   0.111   0.087   0.209
   34   P   0.098   0.096   0.190
   35   T   0.102   0.097   0.187
   36   F   0.101   0.099   0.180
   37   Y   0.104   0.105   0.175
   38   K   0.096   0.097   0.161
   39   K   0.095   0.091   0.154
   40   I   0.100   0.104   0.150
   41   H   0.103   0.104   0.143
   42   K   0.101   0.105   0.133
   43   K   0.107   0.096   0.130
   44   H   0.102   0.104   0.118
   45   H   0.098   0.096   0.112
   46   E   0.098   0.101   0.108
   47   W   0.099   0.096   0.102
   48   T   0.104   0.095   0.105
   49   A   0.104   0.093   0.103
   50   P   0.096   0.103   0.099
   51   I   0.103   0.096   0.102
   52   G   0.099   0.091   0.099
   53   V   0.098   0.096   0.098
   54   I   0.105   0.111   0.101
   55   S   0.104   0.099   0.101
   56   L   0.098   0.102   0.099
   57   Y   0.103   0.102   0.101
   58   A   0.104   0.097   0.102
   59   H   0.097   0.099   0.098
   60   P   0.107   0.097   0.103
   61   I   0.105   0.094   0.102
   62   E   0.102   0.095   0.101
   63   H   0.101   0.100   0.100
   64   A   0.105   0.099   0.102
   65   V   0.098   0.100   0.098
   66   S   0.102   0.103   0.100
   67   N   0.105   0.103   0.102
   68   M   0.099   0.101   0.099
   69   L   0.104   0.105   0.101
   70   P   0.106   0.102   0.102
# Measure  Position  Value    Cutoff   signal peptide?
  max. C    25       0.280
  max. Y    25       0.427
  max. S     7       0.877
  mean S     1-24    0.662
       D     1-24    0.554   0.450   YES
Name=FXDC2_HUMAN_TRANSMEM4	SP='YES' Cleavage site between pos. 24 and 25: VLF-YY D=0.554 D-cutoff=0.450 Networks=SignalP-noTM
