# SignalP-4.1 euk predictions
# Name=FZD3_HUMAN_TRANSMEM2	Length=70	Networks=SignalP-TM
# pos  aa    C       S       Y
    1   Y   0.102   0.333   0.184
    2   P   0.102   0.304   0.185
    3   E   0.102   0.318   0.184
    4   R   0.102   0.277   0.183
    5   P   0.103   0.300   0.183
    6   I   0.102   0.270   0.181
    7   I   0.103   0.255   0.182
    8   F   0.102   0.258   0.179
    9   Y   0.103   0.207   0.178
   10   A   0.104   0.209   0.176
   11   V   0.098   0.248   0.169
   12   C   0.105   0.381   0.173
   13   Y   0.101   0.408   0.171
   14   M   0.099   0.376   0.171
   15   M   0.103   0.368   0.174
   16   V   0.103   0.199   0.176
   17   S   0.099   0.238   0.169
   18   L   0.100   0.299   0.169
   19   I   0.107   0.313   0.175
   20   F   0.105   0.297   0.174
   21   F   0.103   0.279   0.173
   22   I   0.119   0.419   0.186
   23   G   0.101   0.479   0.175
   24   F   0.103   0.459   0.182
   25   L   0.101   0.378   0.186
   26   L   0.104   0.354   0.190
   27   E   0.113   0.311   0.198
   28   D   0.132   0.293   0.212
   29   R   0.102   0.376   0.185
   30   V   0.106   0.383   0.188
   31   A   0.105   0.392   0.191
   32   C   0.131   0.297   0.217
   33   N   0.170   0.208   0.247
   34   A   0.113   0.163   0.200
   35   S   0.164   0.107   0.237
   36   I   0.105   0.104   0.186
   37   P   0.101   0.109   0.176
   38   A   0.103   0.108   0.170
   39   Q   0.096   0.115   0.157
   40   Y   0.102   0.115   0.156
   41   K   0.099   0.126   0.148
   42   A   0.103   0.122   0.146
   43   S   0.101   0.115   0.140
   44   T   0.104   0.109   0.135
   45   V   0.103   0.106   0.127
   46   T   0.105   0.101   0.120
   47   Q   0.105   0.101   0.113
   48   G   0.100   0.108   0.107
   49   S   0.100   0.112   0.105
   50   H   0.104   0.106   0.107
   51   N   0.100   0.126   0.105
   52   K   0.103   0.120   0.107
   53   A   0.102   0.119   0.107
   54   C   0.101   0.114   0.107
   55   T   0.104   0.119   0.108
   56   M   0.101   0.122   0.107
   57   L   0.102   0.093   0.107
   58   F   0.101   0.106   0.106
   59   M   0.103   0.085   0.107
   60   I   0.104   0.107   0.107
   61   L   0.104   0.106   0.107
   62   Y   0.105   0.113   0.107
   63   F   0.104   0.117   0.107
   64   F   0.104   0.105   0.107
   65   T   0.103   0.137   0.107
   66   M   0.105   0.120   0.108
   67   A   0.100   0.168   0.106
   68   G   0.101   0.164   0.108
   69   S   0.101   0.152   0.110
   70   V   0.117   0.123   0.119
# Measure  Position  Value    Cutoff   signal peptide?
  max. C    33       0.170
  max. Y    33       0.247
  max. S    23       0.479
  mean S     1-32    0.321
       D     1-32    0.277   0.500   NO
Name=FZD3_HUMAN_TRANSMEM2	SP='NO' D=0.277 D-cutoff=0.500 Networks=SignalP-TM
