# SignalP-4.1 euk predictions
# Name=GABR1_HUMAN_TRANSMEM6	Length=70	Networks=SignalP-TM
# pos  aa    C       S       Y
    1   N   0.101   0.369   0.194
    2   D   0.103   0.363   0.195
    3   H   0.100   0.394   0.192
    4   R   0.104   0.394   0.196
    5   A   0.104   0.362   0.197
    6   V   0.097   0.314   0.190
    7   G   0.104   0.329   0.195
    8   M   0.102   0.345   0.193
    9   A   0.103   0.360   0.193
   10   I   0.098   0.347   0.189
   11   Y   0.103   0.409   0.193
   12   N   0.100   0.530   0.191
   13   V   0.106   0.494   0.199
   14   A   0.104   0.500   0.200
   15   V   0.101   0.418   0.200
   16   L   0.100   0.498   0.199
   17   C   0.102   0.403   0.204
   18   L   0.118   0.375   0.219
   19   I   0.105   0.390   0.206
   20   T   0.104   0.300   0.206
   21   A   0.108   0.225   0.210
   22   P   0.105   0.271   0.205
   23   V   0.105   0.348   0.203
   24   T   0.101   0.317   0.199
   25   M   0.106   0.338   0.204
   26   I   0.154   0.320   0.244
   27   L   0.110   0.318   0.202
   28   S   0.100   0.302   0.189
   29   S   0.166   0.261   0.239
   30   Q   0.115   0.184   0.195
   31   Q   0.108   0.156   0.184
   32   D   0.115   0.157   0.184
   33   A   0.102   0.095   0.168
   34   A   0.111   0.094   0.169
   35   F   0.103   0.074   0.158
   36   A   0.105   0.065   0.156
   37   F   0.118   0.059   0.160
   38   A   0.104   0.056   0.143
   39   S   0.102   0.057   0.135
   40   L   0.103   0.039   0.127
   41   A   0.103   0.040   0.119
   42   I   0.100   0.035   0.108
   43   V   0.103   0.031   0.101
   44   F   0.100   0.028   0.090
   45   S   0.106   0.031   0.086
   46   S   0.107   0.046   0.081
   47   Y   0.101   0.030   0.074
   48   I   0.103   0.029   0.071
   49   T   0.100   0.040   0.067
   50   L   0.102   0.042   0.065
   51   V   0.104   0.043   0.065
   52   V   0.101   0.054   0.063
   53   L   0.103   0.074   0.063
   54   F   0.108   0.077   0.066
   55   V   0.105   0.065   0.067
   56   P   0.104   0.078   0.068
   57   K   0.104   0.086   0.070
   58   M   0.102   0.093   0.072
   59   R   0.102   0.109   0.076
   60   R   0.103   0.119   0.080
   61   L   0.103   0.116   0.083
   62   I   0.102   0.114   0.087
   63   T   0.099   0.105   0.089
   64   R   0.104   0.109   0.093
   65   G   0.102   0.105   0.095
   66   E   0.102   0.103   0.097
   67   W   0.104   0.106   0.100
   68   Q   0.100   0.099   0.099
   69   S   0.101   0.099   0.101
   70   E   0.100   0.103   0.101
# Measure  Position  Value    Cutoff   signal peptide?
  max. C    29       0.166
  max. Y    26       0.244
  max. S    12       0.530
  mean S     1-25    0.376
       D     1-25    0.296   0.500   NO
Name=GABR1_HUMAN_TRANSMEM6	SP='NO' D=0.296 D-cutoff=0.500 Networks=SignalP-TM
