# SignalP-4.1 euk predictions
# Name=GABR2_HUMAN_TRANSMEM1	Length=70	Networks=SignalP-noTM
# pos  aa    C       S       Y
    1   L   0.102   0.823   0.290
    2   P   0.103   0.824   0.291
    3   L   0.102   0.844   0.290
    4   Y   0.104   0.816   0.293
    5   S   0.103   0.827   0.291
    6   I   0.101   0.854   0.289
    7   L   0.100   0.794   0.287
    8   S   0.105   0.810   0.294
    9   A   0.099   0.721   0.286
   10   L   0.096   0.759   0.280
   11   T   0.102   0.775   0.288
   12   I   0.101   0.791   0.287
   13   L   0.099   0.778   0.283
   14   G   0.100   0.724   0.284
   15   M   0.100   0.754   0.283
   16   I   0.102   0.782   0.287
   17   M   0.099   0.835   0.281
   18   A   0.103   0.835   0.288
   19   S   0.318   0.597   0.504
   20   A   0.109   0.628   0.294
   21   F   0.243   0.275   0.436
   22   L   0.141   0.324   0.326
   23   F   0.204   0.186   0.388
   24   F   0.108   0.187   0.276
   25   N   0.109   0.203   0.272
   26   I   0.106   0.166   0.262
   27   K   0.103   0.176   0.252
   28   N   0.106   0.195   0.249
   29   R   0.104   0.197   0.242
   30   N   0.109   0.138   0.241
   31   Q   0.106   0.122   0.230
   32   K   0.118   0.116   0.237
   33   L   0.103   0.120   0.214
   34   I   0.097   0.097   0.200
   35   K   0.097   0.102   0.193
   36   M   0.101   0.110   0.189
   37   S   0.097   0.105   0.177
   38   S   0.099   0.112   0.171
   39   P   0.098   0.105   0.161
   40   Y   0.103   0.113   0.155
   41   M   0.096   0.107   0.138
   42   N   0.100   0.109   0.133
   43   N   0.098   0.117   0.122
   44   L   0.100   0.116   0.121
   45   I   0.100   0.111   0.117
   46   I   0.102   0.130   0.117
   47   L   0.105   0.138   0.117
   48   G   0.102   0.130   0.114
   49   G   0.098   0.149   0.111
   50   M   0.104   0.169   0.114
   51   L   0.103   0.150   0.113
   52   S   0.103   0.130   0.112
   53   Y   0.102   0.130   0.111
   54   A   0.100   0.128   0.110
   55   S   0.100   0.113   0.110
   56   I   0.099   0.099   0.110
   57   F   0.108   0.093   0.114
   58   L   0.100   0.095   0.110
   59   F   0.099   0.094   0.109
   60   G   0.099   0.093   0.109
   61   L   0.103   0.091   0.111
   62   D   0.106   0.093   0.112
   63   G   0.100   0.093   0.108
   64   S   0.103   0.095   0.110
   65   F   0.102   0.095   0.109
   66   V   0.102   0.096   0.108
   67   S   0.106   0.098   0.110
   68   E   0.096   0.100   0.104
   69   K   0.096   0.100   0.104
   70   T   0.101   0.104   0.106
# Measure  Position  Value    Cutoff   signal peptide?
  max. C    19       0.318
  max. Y    19       0.504
  max. S     6       0.854
  mean S     1-18    0.797
       D     1-18    0.662   0.450   YES
Name=GABR2_HUMAN_TRANSMEM1	SP='YES' Cleavage site between pos. 18 and 19: IMA-SA D=0.662 D-cutoff=0.450 Networks=SignalP-noTM
