# SignalP-4.1 euk predictions
# Name=GBRR3_HUMAN_TRANSMEM2	Length=70	Networks=SignalP-noTM
# pos  aa    C       S       Y
    1   A   0.102   0.529   0.233
    2   V   0.098   0.461   0.228
    3   P   0.107   0.523   0.237
    4   A   0.103   0.586   0.233
    5   R   0.096   0.622   0.225
    6   V   0.107   0.600   0.238
    7   S   0.099   0.654   0.231
    8   L   0.102   0.630   0.235
    9   G   0.103   0.733   0.237
   10   I   0.102   0.709   0.238
   11   T   0.107   0.624   0.246
   12   T   0.105   0.644   0.244
   13   V   0.103   0.567   0.243
   14   L   0.100   0.520   0.240
   15   T   0.102   0.504   0.242
   16   M   0.107   0.565   0.247
   17   S   0.106   0.652   0.247
   18   T   0.120   0.594   0.264
   19   I   0.105   0.578   0.247
   20   I   0.104   0.631   0.247
   21   T   0.102   0.695   0.245
   22   A   0.106   0.777   0.252
   23   V   0.205   0.652   0.353
   24   S   0.105   0.760   0.254
   25   A   0.181   0.554   0.338
   26   S   0.495   0.154   0.558
   27   M   0.130   0.133   0.281
   28   P   0.101   0.164   0.243
   29   Q   0.120   0.166   0.261
   30   V   0.100   0.225   0.233
   31   S   0.102   0.280   0.232
   32   Y   0.102   0.314   0.227
   33   L   0.106   0.191   0.228
   34   K   0.124   0.142   0.242
   35   A   0.098   0.171   0.210
   36   V   0.132   0.193   0.237
   37   D   0.104   0.160   0.208
   38   V   0.103   0.190   0.202
   39   Y   0.105   0.233   0.200
   40   L   0.105   0.195   0.195
   41   W   0.099   0.239   0.185
   42   V   0.104   0.284   0.185
   43   S   0.100   0.297   0.177
   44   S   0.101   0.375   0.172
   45   L   0.101   0.500   0.167
   46   F   0.106   0.463   0.169
   47   V   0.101   0.562   0.161
   48   F   0.099   0.460   0.159
   49   L   0.102   0.366   0.166
   50   S   0.102   0.381   0.169
   51   V   0.104   0.284   0.174
   52   I   0.104   0.203   0.176
   53   E   0.101   0.203   0.173
   54   Y   0.106   0.171   0.175
   55   A   0.113   0.127   0.179
   56   A   0.106   0.110   0.173
   57   V   0.110   0.107   0.176
   58   N   0.123   0.110   0.185
   59   Y   0.103   0.104   0.168
   60   L   0.107   0.103   0.171
   61   T   0.105   0.108   0.167
   62   T   0.103   0.104   0.164
   63   V   0.106   0.105   0.165
   64   E   0.104   0.113   0.162
   65   E   0.104   0.112   0.159
   66   R   0.102   0.108   0.155
   67   K   0.106   0.105   0.154
   68   Q   0.102   0.106   0.144
   69   F   0.097   0.107   0.135
   70   K   0.104   0.105   0.132
# Measure  Position  Value    Cutoff   signal peptide?
  max. C    26       0.495
  max. Y    26       0.558
  max. S    22       0.777
  mean S     1-25    0.615
       D     1-25    0.589   0.450   YES
Name=GBRR3_HUMAN_TRANSMEM2	SP='YES' Cleavage site between pos. 25 and 26: VSA-SM D=0.589 D-cutoff=0.450 Networks=SignalP-noTM
