# SignalP-4.1 euk predictions
# Name=GCNT7_HUMAN_TRANSMEM1	Length=70	Networks=SignalP-TM
# pos  aa    C       S       Y
    1   L   0.102   0.355   0.190
    2   R   0.103   0.460   0.191
    3   A   0.104   0.418   0.194
    4   T   0.100   0.357   0.192
    5   K   0.103   0.390   0.195
    6   S   0.102   0.349   0.194
    7   G   0.102   0.389   0.194
    8   L   0.100   0.496   0.193
    9   V   0.102   0.667   0.197
   10   V   0.101   0.740   0.202
   11   R   0.103   0.798   0.211
   12   A   0.102   0.700   0.217
   13   V   0.099   0.705   0.219
   14   I   0.104   0.688   0.231
   15   C   0.101   0.601   0.232
   16   I   0.106   0.623   0.243
   17   F   0.101   0.547   0.239
   18   I   0.102   0.453   0.242
   19   F   0.101   0.463   0.242
   20   L   0.102   0.500   0.245
   21   Y   0.101   0.443   0.246
   22   L   0.102   0.598   0.247
   23   R   0.105   0.548   0.253
   24   N   0.115   0.339   0.263
   25   P   0.103   0.439   0.243
   26   T   0.115   0.382   0.250
   27   P   0.105   0.541   0.234
   28   A   0.113   0.473   0.240
   29   E   0.454   0.240   0.475
   30   S   0.101   0.263   0.218
   31   E   0.735   0.126   0.572
   32   E   0.104   0.132   0.208
   33   E   0.101   0.139   0.199
   34   P   0.102   0.130   0.194
   35   A   0.102   0.132   0.187
   36   Q   0.099   0.128   0.178
   37   P   0.104   0.124   0.173
   38   E   0.101   0.132   0.161
   39   V   0.106   0.113   0.160
   40   V   0.103   0.108   0.150
   41   E   0.103   0.106   0.143
   42   C   0.103   0.103   0.131
   43   G   0.101   0.102   0.119
   44   F   0.103   0.101   0.116
   45   Y   0.104   0.102   0.112
   46   P   0.103   0.098   0.110
   47   D   0.104   0.096   0.110
   48   E   0.105   0.097   0.109
   49   L   0.104   0.088   0.107
   50   C   0.101   0.090   0.104
   51   S   0.105   0.092   0.105
   52   A   0.102   0.094   0.102
   53   L   0.096   0.094   0.098
   54   F   0.104   0.092   0.101
   55   E   0.102   0.098   0.100
   56   G   0.104   0.095   0.100
   57   K   0.101   0.099   0.098
   58   G   0.107   0.095   0.101
   59   A   0.101   0.099   0.098
   60   A   0.099   0.098   0.097
   61   P   0.097   0.098   0.096
   62   Q   0.103   0.099   0.099
   63   I   0.102   0.101   0.099
   64   A   0.101   0.107   0.099
   65   K   0.098   0.106   0.097
   66   F   0.101   0.104   0.100
   67   C   0.103   0.103   0.101
   68   K   0.102   0.103   0.101
   69   T   0.103   0.102   0.102
   70   P   0.102   0.101   0.101
# Measure  Position  Value    Cutoff   signal peptide?
  max. C    31       0.735
  max. Y    31       0.572
  max. S    11       0.798
  mean S     1-30    0.499
       D     1-30    0.543   0.500   YES
Name=GCNT7_HUMAN_TRANSMEM1	SP='YES' Cleavage site between pos. 30 and 31: AES-EE D=0.543 D-cutoff=0.500 Networks=SignalP-TM
