# SignalP-4.1 euk predictions
# Name=GDPD5_HUMAN_TRANSMEM3	Length=70	Networks=SignalP-noTM
# pos  aa    C       S       Y
    1   H   0.101   0.928   0.306
    2   W   0.101   0.945   0.305
    3   L   0.101   0.968   0.306
    4   H   0.100   0.975   0.304
    5   K   0.103   0.979   0.309
    6   I   0.102   0.983   0.309
    7   G   0.101   0.967   0.308
    8   L   0.100   0.960   0.307
    9   V   0.104   0.940   0.313
   10   V   0.098   0.946   0.303
   11   I   0.104   0.959   0.313
   12   L   0.097   0.974   0.303
   13   A   0.100   0.977   0.308
   14   S   0.100   0.963   0.308
   15   T   0.102   0.959   0.311
   16   V   0.104   0.942   0.315
   17   V   0.100   0.947   0.309
   18   A   0.102   0.952   0.312
   19   M   0.545   0.849   0.721
   20   S   0.133   0.784   0.355
   21   A   0.171   0.709   0.401
   22   V   0.164   0.460   0.391
   23   A   0.116   0.462   0.325
   24   Q   0.314   0.182   0.529
   25   L   0.114   0.182   0.313
   26   W   0.131   0.140   0.327
   27   E   0.105   0.152   0.287
   28   D   0.119   0.159   0.298
   29   E   0.109   0.146   0.278
   30   W   0.105   0.159   0.265
   31   E   0.105   0.148   0.258
   32   V   0.102   0.123   0.248
   33   L   0.102   0.127   0.239
   34   L   0.105   0.125   0.234
   35   I   0.103   0.111   0.223
   36   S   0.104   0.116   0.215
   37   L   0.108   0.124   0.210
   38   Q   0.101   0.128   0.193
   39   G   0.106   0.167   0.187
   40   T   0.104   0.141   0.175
   41   A   0.105   0.135   0.165
   42   P   0.095   0.125   0.147
   43   F   0.115   0.115   0.151
   44   L   0.096   0.121   0.128
   45   H   0.099   0.134   0.123
   46   V   0.099   0.157   0.118
   47   G   0.099   0.185   0.117
   48   A   0.100   0.235   0.118
   49   V   0.100   0.216   0.119
   50   A   0.108   0.205   0.125
   51   A   0.107   0.142   0.126
   52   V   0.155   0.128   0.151
   53   T   0.104   0.144   0.123
   54   M   0.103   0.123   0.123
   55   L   0.103   0.121   0.123
   56   S   0.108   0.104   0.125
   57   W   0.099   0.113   0.120
   58   I   0.105   0.105   0.123
   59   V   0.103   0.116   0.122
   60   A   0.105   0.145   0.123
   61   G   0.119   0.119   0.131
   62   Q   0.115   0.112   0.128
   63   F   0.105   0.110   0.122
   64   A   0.110   0.111   0.124
   65   R   0.109   0.107   0.123
   66   A   0.106   0.112   0.121
   67   E   0.179   0.107   0.157
   68   R   0.107   0.108   0.121
   69   T   0.105   0.108   0.119
   70   S   0.107   0.108   0.118
# Measure  Position  Value    Cutoff   signal peptide?
  max. C    19       0.545
  max. Y    19       0.721
  max. S     6       0.983
  mean S     1-18    0.959
       D     1-18    0.849   0.450   YES
Name=GDPD5_HUMAN_TRANSMEM3	SP='YES' Cleavage site between pos. 18 and 19: VVA-MS D=0.849 D-cutoff=0.450 Networks=SignalP-noTM
