# SignalP-4.1 euk predictions
# Name=GHC2_HUMAN_TRANSMEM2	Length=70	Networks=SignalP-noTM
# pos  aa    C       S       Y
    1   A   0.103   0.553   0.239
    2   R   0.099   0.367   0.234
    3   A   0.107   0.226   0.242
    4   E   0.106   0.184   0.237
    5   G   0.106   0.172   0.233
    6   F   0.100   0.192   0.223
    7   F   0.104   0.159   0.223
    8   G   0.105   0.143   0.220
    9   M   0.099   0.145   0.209
   10   Y   0.104   0.152   0.210
   11   R   0.106   0.124   0.207
   12   G   0.108   0.120   0.205
   13   A   0.100   0.119   0.191
   14   A   0.100   0.135   0.186
   15   V   0.098   0.138   0.179
   16   N   0.100   0.132   0.176
   17   L   0.099   0.138   0.169
   18   T   0.102   0.132   0.166
   19   L   0.107   0.135   0.164
   20   V   0.106   0.130   0.157
   21   T   0.101   0.117   0.147
   22   P   0.107   0.152   0.144
   23   E   0.109   0.106   0.138
   24   K   0.107   0.104   0.129
   25   A   0.102   0.144   0.121
   26   I   0.140   0.112   0.140
   27   K   0.100   0.146   0.117
   28   L   0.102   0.127   0.117
   29   A   0.106   0.114   0.119
   30   A   0.103   0.116   0.116
   31   N   0.108   0.102   0.118
   32   D   0.103   0.087   0.114
   33   F   0.104   0.094   0.113
   34   F   0.105   0.079   0.113
   35   R   0.099   0.102   0.109
   36   R   0.106   0.097   0.113
   37   L   0.105   0.097   0.112
   38   L   0.099   0.100   0.108
   39   M   0.104   0.104   0.109
   40   E   0.103   0.104   0.108
   41   D   0.102   0.091   0.107
   42   G   0.101   0.092   0.105
   43   M   0.097   0.095   0.103
   44   Q   0.100   0.101   0.104
   45   R   0.101   0.116   0.103
   46   N   0.103   0.105   0.104
   47   L   0.096   0.103   0.101
   48   K   0.097   0.106   0.101
   49   M   0.101   0.105   0.102
   50   E   0.104   0.107   0.103
   51   M   0.102   0.095   0.101
   52   L   0.103   0.093   0.102
   53   A   0.105   0.106   0.102
   54   G   0.094   0.096   0.096
   55   C   0.101   0.107   0.100
   56   G   0.106   0.100   0.103
   57   A   0.103   0.093   0.102
   58   G   0.095   0.092   0.098
   59   M   0.094   0.093   0.097
   60   C   0.105   0.093   0.103
   61   Q   0.103   0.092   0.101
   62   V   0.096   0.091   0.098
   63   V   0.096   0.095   0.097
   64   V   0.106   0.093   0.102
   65   T   0.098   0.095   0.099
   66   C   0.112   0.096   0.105
   67   P   0.098   0.098   0.098
   68   M   0.099   0.098   0.098
   69   E   0.100   0.097   0.099
   70   M   0.103   0.097   0.100
# Measure  Position  Value    Cutoff   signal peptide?
  max. C    26       0.140
  max. Y    11       0.207
  max. S     1       0.553
  mean S     1-10    0.229
       D     1-10    0.219   0.450   NO
Name=GHC2_HUMAN_TRANSMEM2	SP='NO' D=0.219 D-cutoff=0.450 Networks=SignalP-noTM
