# SignalP-4.1 euk predictions
# Name=GIPR_HUMAN_TRANSMEM4	Length=70	Networks=SignalP-noTM
# pos  aa    C       S       Y
    1   G   0.102   0.349   0.189
    2   S   0.100   0.336   0.187
    3   E   0.102   0.351   0.189
    4   E   0.102   0.324   0.188
    5   G   0.102   0.416   0.188
    6   H   0.094   0.517   0.182
    7   F   0.104   0.523   0.193
    8   R   0.101   0.605   0.192
    9   Y   0.105   0.475   0.199
   10   Y   0.100   0.488   0.195
   11   L   0.103   0.465   0.200
   12   L   0.106   0.509   0.205
   13   L   0.103   0.455   0.203
   14   G   0.104   0.415   0.206
   15   W   0.098   0.501   0.201
   16   G   0.110   0.567   0.215
   17   A   0.103   0.551   0.209
   18   P   0.097   0.596   0.206
   19   A   0.101   0.586   0.213
   20   L   0.101   0.575   0.215
   21   F   0.100   0.524   0.216
   22   V   0.110   0.414   0.229
   23   I   0.113   0.355   0.232
   24   P   0.101   0.425   0.220
   25   W   0.116   0.337   0.237
   26   V   0.102   0.391   0.222
   27   I   0.100   0.504   0.221
   28   V   0.101   0.526   0.222
   29   R   0.120   0.265   0.243
   30   Y   0.114   0.354   0.233
   31   L   0.120   0.325   0.236
   32   Y   0.105   0.265   0.220
   33   E   0.111   0.242   0.224
   34   N   0.116   0.157   0.226
   35   T   0.106   0.193   0.212
   36   Q   0.107   0.209   0.210
   37   C   0.106   0.221   0.207
   38   W   0.173   0.150   0.260
   39   E   0.098   0.180   0.191
   40   R   0.097   0.142   0.186
   41   N   0.109   0.127   0.190
   42   E   0.097   0.126   0.174
   43   V   0.100   0.161   0.171
   44   K   0.103   0.172   0.168
   45   A   0.106   0.281   0.168
   46   I   0.096   0.180   0.159
   47   W   0.102   0.183   0.160
   48   W   0.099   0.227   0.155
   49   I   0.104   0.304   0.156
   50   I   0.103   0.294   0.153
   51   R   0.101   0.240   0.148
   52   T   0.108   0.251   0.153
   53   P   0.102   0.227   0.146
   54   I   0.106   0.188   0.148
   55   L   0.099   0.191   0.141
   56   M   0.100   0.166   0.141
   57   T   0.097   0.169   0.140
   58   I   0.117   0.150   0.153
   59   L   0.101   0.122   0.141
   60   I   0.107   0.132   0.144
   61   N   0.099   0.145   0.138
   62   F   0.102   0.127   0.139
   63   L   0.099   0.144   0.137
   64   I   0.107   0.131   0.142
   65   F   0.098   0.130   0.136
   66   I   0.102   0.121   0.139
   67   R   0.099   0.131   0.136
   68   I   0.105   0.144   0.137
   69   L   0.101   0.126   0.134
   70   G   0.099   0.182   0.132
# Measure  Position  Value    Cutoff   signal peptide?
  max. C    38       0.173
  max. Y    38       0.260
  max. S     8       0.605
  mean S     1-37    0.414
       D     1-37    0.343   0.450   NO
Name=GIPR_HUMAN_TRANSMEM4	SP='NO' D=0.343 D-cutoff=0.450 Networks=SignalP-noTM
