# SignalP-4.1 euk predictions
# Name=GOT1B_HUMAN_TRANSMEM1	Length=70	Networks=SignalP-noTM
# pos  aa    C       S       Y
    1   T   0.101   0.685   0.263
    2   D   0.103   0.679   0.266
    3   T   0.103   0.730   0.265
    4   Q   0.104   0.808   0.267
    5   K   0.103   0.836   0.267
    6   I   0.099   0.848   0.264
    7   G   0.100   0.850   0.266
    8   M   0.099   0.831   0.265
    9   G   0.105   0.826   0.275
   10   L   0.097   0.853   0.265
   11   T   0.105   0.838   0.277
   12   G   0.101   0.874   0.273
   13   F   0.097   0.881   0.270
   14   G   0.102   0.894   0.279
   15   V   0.099   0.875   0.276
   16   F   0.102   0.889   0.281
   17   F   0.098   0.862   0.278
   18   L   0.100   0.864   0.282
   19   F   0.100   0.869   0.284
   20   F   0.102   0.895   0.287
   21   G   0.102   0.896   0.289
   22   M   0.100   0.835   0.289
   23   I   0.102   0.910   0.293
   24   L   0.105   0.895   0.298
   25   F   0.097   0.916   0.288
   26   F   0.157   0.889   0.369
   27   D   0.103   0.883   0.299
   28   K   0.101   0.942   0.296
   29   A   0.106   0.860   0.305
   30   L   0.127   0.751   0.334
   31   L   0.104   0.862   0.301
   32   A   0.160   0.743   0.375
   33   I   0.301   0.350   0.512
   34   G   0.105   0.284   0.298
   35   N   0.137   0.191   0.335
   36   V   0.104   0.254   0.287
   37   L   0.104   0.247   0.281
   38   F   0.102   0.345   0.273
   39   V   0.101   0.458   0.267
   40   A   0.101   0.539   0.264
   41   G   0.098   0.398   0.257
   42   L   0.121   0.279   0.281
   43   A   0.109   0.216   0.261
   44   F   0.141   0.159   0.289
   45   V   0.101   0.195   0.239
   46   I   0.105   0.131   0.236
   47   G   0.104   0.205   0.227
   48   L   0.148   0.156   0.261
   49   E   0.109   0.157   0.216
   50   R   0.101   0.164   0.201
   51   T   0.107   0.127   0.197
   52   F   0.122   0.103   0.200
   53   R   0.100   0.113   0.173
   54   F   0.132   0.103   0.187
   55   F   0.103   0.120   0.156
   56   F   0.103   0.110   0.152
   57   Q   0.101   0.102   0.148
   58   K   0.102   0.100   0.147
   59   H   0.099   0.097   0.143
   60   K   0.103   0.101   0.143
   61   M   0.098   0.097   0.136
   62   K   0.102   0.095   0.133
   63   A   0.099   0.092   0.123
   64   T   0.099   0.097   0.117
   65   G   0.102   0.096   0.115
   66   F   0.098   0.094   0.110
   67   F   0.101   0.093   0.110
   68   L   0.103   0.096   0.109
   69   G   0.100   0.097   0.107
   70   G   0.099   0.094   0.104
# Measure  Position  Value    Cutoff   signal peptide?
  max. C    33       0.301
  max. Y    33       0.512
  max. S    28       0.942
  mean S     1-32    0.846
       D     1-32    0.692   0.450   YES
Name=GOT1B_HUMAN_TRANSMEM1	SP='YES' Cleavage site between pos. 32 and 33: LLA-IG D=0.692 D-cutoff=0.450 Networks=SignalP-noTM
