# SignalP-4.1 euk predictions
# Name=GP139_HUMAN_TRANSMEM5	Length=70	Networks=SignalP-noTM
# pos  aa    C       S       Y
    1   T   0.101   0.796   0.284
    2   S   0.104   0.809   0.287
    3   V   0.100   0.791   0.282
    4   H   0.101   0.743   0.283
    5   H   0.102   0.777   0.284
    6   V   0.095   0.826   0.275
    7   L   0.102   0.839   0.285
    8   I   0.107   0.832   0.292
    9   W   0.097   0.839   0.278
   10   I   0.106   0.844   0.291
   11   H   0.097   0.849   0.279
   12   C   0.103   0.851   0.287
   13   F   0.098   0.810   0.281
   14   T   0.102   0.818   0.287
   15   V   0.101   0.774   0.285
   16   Y   0.103   0.766   0.289
   17   L   0.096   0.819   0.279
   18   V   0.107   0.696   0.294
   19   P   0.099   0.810   0.282
   20   C   0.179   0.527   0.379
   21   S   0.170   0.321   0.367
   22   I   0.112   0.263   0.294
   23   F   0.167   0.224   0.352
   24   F   0.116   0.238   0.288
   25   I   0.107   0.189   0.272
   26   L   0.102   0.207   0.261
   27   N   0.099   0.299   0.253
   28   S   0.110   0.248   0.262
   29   I   0.168   0.154   0.316
   30   I   0.104   0.186   0.241
   31   V   0.100   0.199   0.231
   32   Y   0.097   0.250   0.221
   33   K   0.101   0.227   0.219
   34   L   0.108   0.162   0.220
   35   R   0.106   0.202   0.210
   36   R   0.128   0.132   0.224
   37   K   0.111   0.107   0.199
   38   S   0.101   0.113   0.182
   39   N   0.098   0.118   0.172
   40   F   0.105   0.107   0.168
   41   R   0.100   0.105   0.155
   42   L   0.102   0.104   0.146
   43   R   0.100   0.112   0.138
   44   G   0.104   0.117   0.137
   45   Y   0.101   0.118   0.132
   46   S   0.100   0.115   0.130
   47   T   0.101   0.119   0.128
   48   G   0.102   0.110   0.127
   49   K   0.095   0.123   0.121
   50   T   0.104   0.121   0.123
   51   T   0.102   0.104   0.120
   52   A   0.106   0.107   0.121
   53   I   0.099   0.113   0.116
   54   L   0.100   0.117   0.114
   55   F   0.095   0.115   0.109
   56   T   0.103   0.114   0.111
   57   I   0.106   0.106   0.112
   58   T   0.102   0.100   0.108
   59   S   0.104   0.106   0.108
   60   I   0.102   0.108   0.107
   61   F   0.099   0.101   0.105
   62   A   0.103   0.106   0.107
   63   T   0.118   0.095   0.114
   64   L   0.100   0.098   0.105
   65   W   0.099   0.107   0.105
   66   A   0.105   0.102   0.107
   67   P   0.109   0.101   0.109
   68   R   0.101   0.100   0.105
   69   I   0.103   0.100   0.106
   70   I   0.099   0.100   0.103
# Measure  Position  Value    Cutoff   signal peptide?
  max. C    20       0.179
  max. Y    20       0.379
  max. S    12       0.851
  mean S     1-19    0.805
       D     1-19    0.609   0.450   YES
Name=GP139_HUMAN_TRANSMEM5	SP='YES' Cleavage site between pos. 19 and 20: LVP-CS D=0.609 D-cutoff=0.450 Networks=SignalP-noTM
