# SignalP-4.1 euk predictions
# Name=GP152_HUMAN_TRANSMEM1	Length=70	Networks=SignalP-TM
# pos  aa    C       S       Y
    1   G   0.102   0.734   0.274
    2   G   0.100   0.704   0.271
    3   W   0.099   0.787   0.269
    4   D   0.103   0.722   0.275
    5   T   0.101   0.585   0.273
    6   V   0.100   0.649   0.270
    7   F   0.102   0.618   0.271
    8   L   0.106   0.610   0.274
    9   V   0.102   0.591   0.267
   10   A   0.104   0.600   0.268
   11   L   0.101   0.554   0.263
   12   L   0.102   0.615   0.261
   13   L   0.103   0.661   0.261
   14   L   0.105   0.703   0.263
   15   G   0.103   0.671   0.259
   16   L   0.104   0.673   0.259
   17   P   0.106   0.769   0.261
   18   A   0.113   0.711   0.270
   19   N   0.124   0.582   0.283
   20   G   0.105   0.543   0.260
   21   L   0.333   0.276   0.460
   22   M   0.109   0.320   0.258
   23   A   0.216   0.129   0.357
   24   W   0.331   0.185   0.430
   25   L   0.103   0.248   0.233
   26   A   0.106   0.226   0.232
   27   G   0.118   0.213   0.237
   28   S   0.109   0.200   0.220
   29   Q   0.116   0.216   0.218
   30   A   0.106   0.186   0.200
   31   R   0.213   0.149   0.270
   32   H   0.102   0.171   0.175
   33   G   0.104   0.167   0.165
   34   A   0.109   0.161   0.159
   35   G   0.102   0.185   0.144
   36   T   0.117   0.233   0.152
   37   R   0.109   0.348   0.144
   38   L   0.106   0.319   0.148
   39   A   0.105   0.322   0.151
   40   L   0.100   0.250   0.149
   41   L   0.105   0.142   0.153
   42   L   0.103   0.206   0.150
   43   L   0.108   0.136   0.153
   44   S   0.107   0.115   0.151
   45   L   0.105   0.121   0.147
   46   A   0.106   0.187   0.148
   47   L   0.101   0.228   0.144
   48   S   0.103   0.183   0.148
   49   D   0.111   0.136   0.153
   50   F   0.099   0.156   0.144
   51   L   0.104   0.110   0.145
   52   F   0.098   0.125   0.135
   53   L   0.099   0.173   0.131
   54   A   0.104   0.199   0.130
   55   A   0.100   0.166   0.126
   56   A   0.107   0.158   0.131
   57   A   0.131   0.144   0.143
   58   F   0.125   0.131   0.140
   59   Q   0.103   0.122   0.128
   60   I   0.103   0.126   0.128
   61   L   0.101   0.113   0.125
   62   E   0.101   0.120   0.121
   63   I   0.101   0.118   0.120
   64   R   0.103   0.107   0.120
   65   H   0.105   0.118   0.120
   66   G   0.102   0.119   0.118
   67   G   0.103   0.108   0.119
   68   H   0.099   0.109   0.114
   69   W   0.100   0.108   0.112
   70   P   0.101   0.104   0.111
# Measure  Position  Value    Cutoff   signal peptide?
  max. C    21       0.333
  max. Y    21       0.460
  max. S     3       0.787
  mean S     1-20    0.654
       D     1-20    0.538   0.500   YES
Name=GP152_HUMAN_TRANSMEM1	SP='YES' Cleavage site between pos. 20 and 21: ANG-LM D=0.538 D-cutoff=0.500 Networks=SignalP-TM
