# SignalP-4.1 euk predictions
# Name=GP158_HUMAN_TRANSMEM3	Length=70	Networks=SignalP-TM
# pos  aa    C       S       Y
    1   F   0.101   0.461   0.216
    2   R   0.102   0.520   0.216
    3   C   0.104   0.426   0.220
    4   I   0.103   0.399   0.219
    5   L   0.103   0.269   0.217
    6   L   0.101   0.235   0.212
    7   R   0.101   0.225   0.208
    8   W   0.105   0.260   0.208
    9   A   0.103   0.206   0.202
   10   R   0.096   0.235   0.191
   11   L   0.104   0.284   0.194
   12   L   0.100   0.112   0.188
   13   G   0.102   0.128   0.182
   14   F   0.102   0.116   0.175
   15   A   0.104   0.096   0.169
   16   T   0.110   0.086   0.166
   17   V   0.103   0.131   0.150
   18   Y   0.108   0.102   0.146
   19   G   0.102   0.116   0.135
   20   T   0.230   0.096   0.196
   21   V   0.109   0.107   0.131
   22   T   0.103   0.087   0.124
   23   L   0.115   0.074   0.125
   24   K   0.121   0.087   0.124
   25   L   0.106   0.107   0.111
   26   H   0.104   0.118   0.104
   27   R   0.100   0.128   0.102
   28   V   0.108   0.117   0.106
   29   L   0.102   0.126   0.103
   30   K   0.104   0.124   0.105
   31   V   0.106   0.098   0.107
   32   F   0.103   0.099   0.105
   33   L   0.102   0.133   0.104
   34   S   0.100   0.091   0.104
   35   R   0.101   0.070   0.104
   36   T   0.106   0.064   0.105
   37   A   0.103   0.061   0.103
   38   Q   0.100   0.060   0.101
   39   R   0.102   0.050   0.101
   40   I   0.106   0.052   0.101
   41   P   0.099   0.057   0.095
   42   Y   0.101   0.074   0.093
   43   M   0.101   0.072   0.091
   44   T   0.103   0.060   0.090
   45   G   0.102   0.038   0.087
   46   G   0.102   0.034   0.084
   47   R   0.100   0.026   0.081
   48   V   0.106   0.027   0.078
   49   M   0.102   0.033   0.074
   50   R   0.101   0.033   0.071
   51   M   0.104   0.038   0.071
   52   L   0.107   0.051   0.071
   53   A   0.108   0.042   0.070
   54   V   0.099   0.043   0.067
   55   I   0.107   0.023   0.069
   56   L   0.102   0.019   0.066
   57   L   0.104   0.019   0.063
   58   V   0.103   0.012   0.060
   59   V   0.103   0.010   0.057
   60   F   0.104   0.011   0.055
   61   W   0.101   0.015   0.053
   62   F   0.101   0.018   0.052
   63   L   0.104   0.034   0.052
   64   I   0.102   0.038   0.052
   65   G   0.099   0.046   0.051
   66   W   0.099   0.056   0.052
   67   T   0.099   0.089   0.052
   68   S   0.109   0.102   0.058
   69   S   0.101   0.139   0.060
   70   V   0.152   0.103   0.081
# Measure  Position  Value    Cutoff   signal peptide?
  max. C    20       0.230
  max. Y    20       0.196
  max. S     2       0.520
  mean S     1-19    0.232
       D     1-19    0.210   0.500   NO
Name=GP158_HUMAN_TRANSMEM3	SP='NO' D=0.210 D-cutoff=0.500 Networks=SignalP-TM
