# SignalP-4.1 euk predictions
# Name=GPR22_HUMAN_TRANSMEM3	Length=70	Networks=SignalP-noTM
# pos  aa    C       S       Y
    1   T   0.104   0.361   0.194
    2   A   0.104   0.279   0.194
    3   L   0.099   0.343   0.188
    4   I   0.105   0.343   0.193
    5   C   0.098   0.417   0.187
    6   C   0.104   0.409   0.193
    7   F   0.102   0.408   0.192
    8   H   0.101   0.389   0.191
    9   E   0.104   0.348   0.194
   10   A   0.098   0.306   0.188
   11   C   0.093   0.289   0.183
   12   V   0.099   0.348   0.188
   13   S   0.094   0.279   0.183
   14   F   0.101   0.265   0.189
   15   A   0.103   0.287   0.190
   16   S   0.111   0.237   0.196
   17   V   0.098   0.249   0.182
   18   S   0.102   0.226   0.185
   19   T   0.110   0.240   0.190
   20   A   0.128   0.209   0.203
   21   I   0.202   0.144   0.253
   22   N   0.101   0.128   0.176
   23   V   0.102   0.130   0.174
   24   F   0.102   0.156   0.170
   25   A   0.108   0.162   0.174
   26   I   0.222   0.114   0.246
   27   T   0.104   0.120   0.165
   28   L   0.107   0.126   0.163
   29   D   0.104   0.131   0.156
   30   R   0.106   0.143   0.153
   31   Y   0.115   0.124   0.156
   32   D   0.103   0.130   0.144
   33   I   0.101   0.146   0.140
   34   S   0.106   0.151   0.141
   35   V   0.101   0.130   0.134
   36   K   0.102   0.125   0.132
   37   P   0.099   0.128   0.128
   38   A   0.100   0.122   0.125
   39   N   0.098   0.132   0.122
   40   R   0.106   0.154   0.124
   41   I   0.109   0.146   0.125
   42   L   0.103   0.134   0.119
   43   T   0.100   0.181   0.117
   44   M   0.103   0.232   0.119
   45   G   0.107   0.243   0.123
   46   R   0.104   0.220   0.124
   47   A   0.107   0.180   0.127
   48   V   0.101   0.216   0.123
   49   M   0.103   0.255   0.126
   50   L   0.096   0.276   0.124
   51   M   0.103   0.215   0.132
   52   I   0.102   0.231   0.132
   53   S   0.105   0.308   0.136
   54   I   0.105   0.258   0.139
   55   W   0.099   0.233   0.137
   56   I   0.103   0.204   0.142
   57   F   0.095   0.158   0.137
   58   S   0.101   0.152   0.141
   59   F   0.102   0.120   0.142
   60   F   0.103   0.124   0.143
   61   S   0.103   0.122   0.143
   62   F   0.111   0.121   0.148
   63   L   0.098   0.125   0.139
   64   I   0.110   0.110   0.147
   65   P   0.094   0.112   0.135
   66   F   0.116   0.111   0.149
   67   I   0.104   0.104   0.139
   68   E   0.101   0.107   0.135
   69   V   0.097   0.117   0.130
   70   N   0.110   0.099   0.137
# Measure  Position  Value    Cutoff   signal peptide?
  max. C    26       0.222
  max. Y    21       0.253
  max. S     5       0.417
  mean S     1-20    0.312
       D     1-20    0.285   0.450   NO
Name=GPR22_HUMAN_TRANSMEM3	SP='NO' D=0.285 D-cutoff=0.450 Networks=SignalP-noTM
