# SignalP-4.1 euk predictions
# Name=GTR1_HUMAN_TRANSMEM6	Length=70	Networks=SignalP-TM
# pos  aa    C       S       Y
    1   G   0.102   0.682   0.264
    2   N   0.100   0.665   0.261
    3   K   0.103   0.624   0.264
    4   D   0.102   0.521   0.263
    5   L   0.103   0.612   0.261
    6   W   0.100   0.467   0.258
    7   P   0.104   0.551   0.259
    8   L   0.104   0.596   0.257
    9   L   0.103   0.678   0.255
   10   L   0.102   0.714   0.254
   11   S   0.102   0.749   0.254
   12   I   0.100   0.669   0.253
   13   I   0.103   0.663   0.256
   14   F   0.101   0.647   0.253
   15   I   0.101   0.598   0.253
   16   P   0.103   0.565   0.253
   17   A   0.101   0.603   0.250
   18   L   0.098   0.666   0.246
   19   L   0.102   0.746   0.253
   20   Q   0.194   0.567   0.352
   21   C   0.165   0.447   0.325
   22   I   0.342   0.308   0.466
   23   V   0.101   0.371   0.249
   24   L   0.110   0.356   0.256
   25   P   0.108   0.402   0.247
   26   F   0.172   0.195   0.306
   27   C   0.104   0.273   0.230
   28   P   0.103   0.186   0.223
   29   E   0.104   0.151   0.216
   30   S   0.107   0.126   0.211
   31   P   0.099   0.110   0.195
   32   R   0.102   0.121   0.189
   33   F   0.101   0.119   0.178
   34   L   0.103   0.106   0.166
   35   L   0.101   0.106   0.153
   36   I   0.105   0.106   0.148
   37   N   0.104   0.102   0.142
   38   R   0.103   0.100   0.134
   39   N   0.104   0.098   0.128
   40   E   0.102   0.098   0.118
   41   E   0.100   0.097   0.113
   42   N   0.103   0.094   0.109
   43   R   0.099   0.098   0.104
   44   A   0.101   0.096   0.104
   45   K   0.101   0.098   0.102
   46   S   0.103   0.102   0.103
   47   V   0.100   0.095   0.101
   48   L   0.102   0.097   0.101
   49   K   0.102   0.096   0.101
   50   K   0.098   0.102   0.098
   51   L   0.104   0.101   0.101
   52   R   0.106   0.098   0.102
   53   G   0.107   0.099   0.102
   54   T   0.103   0.099   0.101
   55   A   0.104   0.098   0.101
   56   D   0.101   0.095   0.099
   57   V   0.101   0.097   0.100
   58   T   0.099   0.097   0.098
   59   H   0.103   0.101   0.101
   60   D   0.101   0.102   0.100
   61   L   0.100   0.104   0.099
   62   Q   0.102   0.105   0.101
   63   E   0.099   0.105   0.099
   64   M   0.101   0.107   0.101
   65   K   0.103   0.106   0.102
   66   E   0.104   0.107   0.103
   67   E   0.101   0.106   0.101
   68   S   0.102   0.108   0.102
   69   R   0.103   0.106   0.103
   70   Q   0.103   0.107   0.103
# Measure  Position  Value    Cutoff   signal peptide?
  max. C    22       0.342
  max. Y    22       0.466
  max. S    11       0.749
  mean S     1-21    0.620
       D     1-21    0.528   0.500   YES
Name=GTR1_HUMAN_TRANSMEM6	SP='YES' Cleavage site between pos. 21 and 22: LQC-IV D=0.528 D-cutoff=0.500 Networks=SignalP-TM
