# SignalP-4.1 euk predictions
# Name=GTR14_HUMAN_TRANSMEM11	Length=70	Networks=SignalP-TM
# pos  aa    C       S       Y
    1   Q   0.102   0.264   0.164
    2   G   0.103   0.275   0.165
    3   P   0.098   0.268   0.161
    4   R   0.103   0.387   0.166
    5   P   0.106   0.463   0.170
    6   A   0.104   0.313   0.173
    7   A   0.096   0.297   0.168
    8   M   0.102   0.314   0.173
    9   A   0.102   0.383   0.175
   10   V   0.100   0.352   0.175
   11   A   0.106   0.296   0.182
   12   G   0.100   0.252   0.178
   13   C   0.100   0.268   0.177
   14   S   0.104   0.312   0.180
   15   N   0.103   0.323   0.181
   16   W   0.100   0.321   0.179
   17   T   0.100   0.313   0.180
   18   S   0.105   0.280   0.185
   19   N   0.104   0.287   0.182
   20   F   0.104   0.310   0.179
   21   L   0.104   0.248   0.179
   22   V   0.105   0.253   0.178
   23   G   0.103   0.196   0.176
   24   L   0.115   0.143   0.182
   25   L   0.103   0.077   0.167
   26   F   0.105   0.062   0.164
   27   P   0.102   0.053   0.157
   28   S   0.106   0.029   0.155
   29   A   0.105   0.028   0.148
   30   A   0.102   0.024   0.137
   31   Y   0.120   0.019   0.140
   32   Y   0.118   0.011   0.130
   33   L   0.116   0.006   0.120
   34   G   0.103   0.009   0.103
   35   A   0.104   0.009   0.093
   36   Y   0.137   0.005   0.095
   37   V   0.101   0.006   0.070
   38   F   0.106   0.007   0.060
   39   I   0.104   0.007   0.051
   40   I   0.101   0.012   0.045
   41   F   0.102   0.011   0.040
   42   T   0.106   0.011   0.037
   43   G   0.103   0.012   0.035
   44   F   0.102   0.007   0.033
   45   L   0.102   0.009   0.031
   46   I   0.103   0.015   0.030
   47   T   0.100   0.018   0.030
   48   F   0.103   0.029   0.032
   49   L   0.105   0.032   0.034
   50   A   0.105   0.034   0.037
   51   F   0.106   0.038   0.040
   52   T   0.103   0.066   0.042
   53   F   0.103   0.075   0.047
   54   F   0.102   0.082   0.052
   55   K   0.104   0.080   0.057
   56   V   0.098   0.093   0.060
   57   P   0.098   0.130   0.064
   58   E   0.102   0.133   0.072
   59   T   0.099   0.122   0.077
   60   R   0.103   0.120   0.083
   61   G   0.102   0.129   0.087
   62   R   0.169   0.106   0.118
   63   T   0.103   0.109   0.095
   64   F   0.103   0.108   0.098
   65   E   0.102   0.105   0.101
   66   D   0.101   0.105   0.102
   67   I   0.104   0.108   0.105
   68   T   0.105   0.103   0.107
   69   R   0.105   0.104   0.108
   70   A   0.104   0.103   0.108
# Measure  Position  Value    Cutoff   signal peptide?
  max. C    62       0.169
  max. Y    18       0.185
  max. S     5       0.463
  mean S     1-17    0.318
       D     1-17    0.238   0.500   NO
Name=GTR14_HUMAN_TRANSMEM11	SP='NO' D=0.238 D-cutoff=0.500 Networks=SignalP-TM
