# SignalP-4.1 euk predictions
# Name=GTR11_HUMAN_TRANSMEM5	Length=70	Networks=SignalP-noTM
# pos  aa    C       S       Y
    1   E   0.102   0.607   0.249
    2   L   0.101   0.513   0.248
    3   R   0.102   0.618   0.248
    4   G   0.107   0.674   0.254
    5   A   0.103   0.709   0.250
    6   V   0.098   0.762   0.245
    7   A   0.106   0.629   0.256
    8   M   0.099   0.577   0.247
    9   S   0.099   0.508   0.247
   10   S   0.101   0.508   0.249
   11   A   0.102   0.505   0.250
   12   I   0.096   0.567   0.241
   13   F   0.098   0.583   0.242
   14   T   0.103   0.527   0.249
   15   A   0.106   0.440   0.252
   16   L   0.100   0.429   0.243
   17   G   0.103   0.408   0.244
   18   I   0.161   0.344   0.304
   19   V   0.102   0.423   0.239
   20   M   0.108   0.579   0.244
   21   G   0.109   0.604   0.245
   22   Q   0.337   0.363   0.431
   23   V   0.104   0.519   0.237
   24   V   0.110   0.433   0.243
   25   G   0.102   0.675   0.233
   26   L   0.253   0.336   0.367
   27   R   0.117   0.219   0.247
   28   E   0.113   0.190   0.237
   29   L   0.102   0.208   0.220
   30   L   0.105   0.169   0.218
   31   G   0.105   0.242   0.213
   32   G   0.118   0.180   0.223
   33   P   0.103   0.170   0.205
   34   Q   0.109   0.213   0.206
   35   A   0.108   0.207   0.201
   36   W   0.155   0.139   0.236
   37   P   0.097   0.173   0.182
   38   L   0.105   0.153   0.186
   39   L   0.102   0.161   0.179
   40   L   0.104   0.303   0.178
   41   A   0.103   0.279   0.176
   42   S   0.121   0.238   0.190
   43   C   0.106   0.243   0.173
   44   L   0.105   0.203   0.167
   45   V   0.099   0.269   0.160
   46   P   0.097   0.294   0.154
   47   G   0.108   0.532   0.160
   48   A   0.101   0.502   0.153
   49   L   0.102   0.461   0.157
   50   Q   0.106   0.438   0.163
   51   L   0.143   0.179   0.194
   52   A   0.116   0.134   0.174
   53   S   0.102   0.132   0.162
   54   L   0.105   0.132   0.164
   55   P   0.102   0.118   0.160
   56   L   0.106   0.109   0.163
   57   L   0.107   0.103   0.162
   58   P   0.104   0.097   0.158
   59   E   0.101   0.094   0.155
   60   S   0.103   0.097   0.156
   61   P   0.096   0.100   0.149
   62   R   0.104   0.095   0.155
   63   Y   0.106   0.096   0.153
   64   L   0.096   0.101   0.143
   65   L   0.100   0.100   0.143
   66   I   0.101   0.099   0.142
   67   D   0.104   0.103   0.142
   68   C   0.104   0.102   0.140
   69   G   0.105   0.100   0.137
   70   D   0.103   0.098   0.128
# Measure  Position  Value    Cutoff   signal peptide?
  max. C    22       0.337
  max. Y    22       0.431
  max. S     6       0.762
  mean S     1-21    0.548
       D     1-21    0.494   0.450   YES
Name=GTR11_HUMAN_TRANSMEM5	SP='YES' Cleavage site between pos. 21 and 22: VMG-QV D=0.494 D-cutoff=0.450 Networks=SignalP-noTM
