# SignalP-4.1 euk predictions
# Name=GTR8_HUMAN_TRANSMEM9	Length=70	Networks=SignalP-noTM
# pos  aa    C       S       Y
    1   R   0.104   0.875   0.302
    2   A   0.107   0.871   0.306
    3   G   0.098   0.890   0.293
    4   R   0.100   0.933   0.296
    5   R   0.105   0.938   0.304
    6   L   0.105   0.933   0.304
    7   L   0.103   0.903   0.302
    8   L   0.101   0.912   0.300
    9   V   0.106   0.890   0.307
   10   L   0.104   0.878   0.304
   11   S   0.108   0.877   0.310
   12   G   0.101   0.899   0.300
   13   V   0.100   0.904   0.298
   14   V   0.098   0.940   0.296
   15   M   0.098   0.953   0.295
   16   V   0.098   0.926   0.297
   17   F   0.096   0.913   0.294
   18   S   0.104   0.922   0.306
   19   T   0.234   0.809   0.459
   20   S   0.108   0.782   0.311
   21   A   0.118   0.835   0.325
   22   F   0.358   0.439   0.566
   23   G   0.113   0.423   0.314
   24   A   0.423   0.154   0.601
   25   Y   0.119   0.125   0.313
   26   F   0.113   0.132   0.298
   27   K   0.113   0.111   0.291
   28   L   0.105   0.110   0.273
   29   T   0.106   0.128   0.267
   30   Q   0.110   0.121   0.265
   31   G   0.109   0.178   0.256
   32   G   0.295   0.098   0.411
   33   P   0.100   0.099   0.232
   34   G   0.105   0.105   0.229
   35   N   0.101   0.108   0.216
   36   S   0.098   0.104   0.204
   37   S   0.106   0.099   0.203
   38   H   0.101   0.100   0.188
   39   V   0.100   0.106   0.177
   40   A   0.102   0.104   0.168
   41   I   0.096   0.103   0.152
   42   S   0.104   0.109   0.147
   43   A   0.105   0.104   0.136
   44   P   0.095   0.104   0.117
   45   V   0.101   0.109   0.114
   46   S   0.103   0.119   0.109
   47   A   0.109   0.124   0.111
   48   Q   0.150   0.112   0.130
   49   P   0.105   0.127   0.108
   50   V   0.103   0.135   0.108
   51   D   0.105   0.116   0.109
   52   A   0.106   0.144   0.109
   53   S   0.133   0.110   0.123
   54   V   0.103   0.107   0.107
   55   G   0.103   0.114   0.107
   56   L   0.107   0.103   0.109
   57   A   0.106   0.104   0.109
   58   W   0.101   0.108   0.106
   59   L   0.109   0.099   0.111
   60   A   0.102   0.105   0.107
   61   V   0.103   0.103   0.108
   62   G   0.108   0.097   0.110
   63   S   0.106   0.101   0.109
   64   M   0.102   0.099   0.107
   65   C   0.107   0.103   0.109
   66   L   0.110   0.097   0.111
   67   F   0.098   0.099   0.104
   68   I   0.106   0.099   0.108
   69   A   0.106   0.103   0.108
   70   G   0.100   0.106   0.104
# Measure  Position  Value    Cutoff   signal peptide?
  max. C    24       0.423
  max. Y    24       0.601
  max. S    15       0.953
  mean S     1-23    0.854
       D     1-23    0.738   0.450   YES
Name=GTR8_HUMAN_TRANSMEM9	SP='YES' Cleavage site between pos. 23 and 24: AFG-AY D=0.738 D-cutoff=0.450 Networks=SignalP-noTM
