# SignalP-4.1 euk predictions
# Name=HS3S4_HUMAN_TRANSMEM1	Length=70	Networks=SignalP-noTM
# pos  aa    C       S       Y
    1   P   0.102   0.849   0.295
    2   P   0.106   0.830   0.301
    3   A   0.105   0.843   0.299
    4   R   0.097   0.883   0.287
    5   K   0.106   0.894   0.299
    6   L   0.098   0.917   0.289
    7   L   0.102   0.919   0.296
    8   F   0.105   0.914   0.300
    9   M   0.105   0.891   0.300
   10   C   0.107   0.846   0.303
   11   T   0.105   0.817   0.301
   12   L   0.104   0.821   0.300
   13   S   0.102   0.844   0.296
   14   L   0.093   0.873   0.283
   15   S   0.100   0.893   0.293
   16   V   0.101   0.840   0.295
   17   T   0.096   0.822   0.288
   18   Y   0.133   0.783   0.338
   19   L   0.110   0.729   0.307
   20   C   0.114   0.647   0.311
   21   Y   0.108   0.601   0.302
   22   S   0.111   0.586   0.303
   23   L   0.261   0.300   0.463
   24   L   0.102   0.452   0.285
   25   G   0.115   0.338   0.299
   26   G   0.118   0.325   0.298
   27   S   0.108   0.226   0.280
   28   G   0.109   0.245   0.276
   29   S   0.122   0.226   0.286
   30   L   0.140   0.146   0.299
   31   Q   0.104   0.125   0.251
   32   F   0.119   0.118   0.260
   33   P   0.101   0.129   0.232
   34   L   0.103   0.154   0.227
   35   A   0.106   0.191   0.223
   36   L   0.116   0.125   0.227
   37   Q   0.100   0.141   0.202
   38   E   0.109   0.122   0.203
   39   S   0.102   0.118   0.187
   40   P   0.097   0.137   0.173
   41   G   0.107   0.207   0.173
   42   A   0.105   0.209   0.165
   43   A   0.101   0.181   0.155
   44   A   0.113   0.150   0.157
   45   E   0.352   0.106   0.264
   46   P   0.095   0.109   0.134
   47   P   0.104   0.112   0.134
   48   P   0.107   0.103   0.132
   49   S   0.106   0.107   0.127
   50   P   0.102   0.108   0.123
   51   P   0.102   0.111   0.121
   52   P   0.105   0.115   0.120
   53   P   0.106   0.110   0.120
   54   S   0.110   0.099   0.122
   55   L   0.107   0.099   0.119
   56   L   0.104   0.092   0.117
   57   P   0.103   0.095   0.116
   58   T   0.106   0.100   0.115
   59   P   0.114   0.099   0.119
   60   V   0.112   0.095   0.117
   61   R   0.108   0.096   0.114
   62   L   0.110   0.093   0.115
   63   G   0.100   0.096   0.109
   64   A   0.103   0.095   0.108
   65   P   0.100   0.096   0.104
   66   S   0.103   0.094   0.104
   67   Q   0.098   0.098   0.099
   68   P   0.103   0.097   0.102
   69   P   0.105   0.098   0.103
   70   A   0.102   0.099   0.101
# Measure  Position  Value    Cutoff   signal peptide?
  max. C    45       0.352
  max. Y    23       0.463
  max. S     7       0.919
  mean S     1-22    0.820
       D     1-22    0.656   0.450   YES
Name=HS3S4_HUMAN_TRANSMEM1	SP='YES' Cleavage site between pos. 22 and 23: CYS-LL D=0.656 D-cutoff=0.450 Networks=SignalP-noTM
