# SignalP-4.1 euk predictions
# Name=KCJ18_HUMAN_TRANSMEM1	Length=70	Networks=SignalP-TM
# pos  aa    C       S       Y
    1   W   0.101   0.695   0.264
    2   R   0.101   0.672   0.265
    3   Y   0.102   0.464   0.266
    4   M   0.102   0.298   0.263
    5   L   0.101   0.223   0.257
    6   L   0.103   0.191   0.252
    7   I   0.102   0.222   0.243
    8   F   0.103   0.195   0.237
    9   S   0.104   0.207   0.230
   10   L   0.102   0.229   0.220
   11   A   0.105   0.240   0.215
   12   F   0.098   0.211   0.200
   13   L   0.103   0.123   0.197
   14   A   0.101   0.137   0.183
   15   S   0.101   0.149   0.172
   16   W   0.108   0.156   0.166
   17   L   0.131   0.286   0.169
   18   L   0.109   0.291   0.149
   19   F   0.110   0.310   0.150
   20   G   0.128   0.317   0.164
   21   V   0.165   0.334   0.190
   22   I   0.103   0.337   0.153
   23   F   0.115   0.305   0.166
   24   W   0.114   0.600   0.167
   25   V   0.116   0.517   0.177
   26   I   0.102   0.604   0.172
   27   A   0.102   0.810   0.180
   28   V   0.190   0.764   0.265
   29   A   0.122   0.748   0.224
   30   H   0.251   0.499   0.338
   31   G   0.111   0.457   0.230
   32   D   0.644   0.179   0.563
   33   L   0.101   0.191   0.221
   34   E   0.120   0.157   0.239
   35   P   0.103   0.213   0.219
   36   A   0.117   0.216   0.231
   37   E   0.104   0.155   0.215
   38   G   0.106   0.184   0.215
   39   H   0.221   0.166   0.300
   40   G   0.103   0.155   0.199
   41   R   0.114   0.142   0.200
   42   T   0.103   0.126   0.176
   43   P   0.101   0.132   0.161
   44   C   0.106   0.115   0.150
   45   V   0.102   0.111   0.137
   46   M   0.106   0.119   0.130
   47   Q   0.103   0.122   0.127
   48   V   0.101   0.134   0.124
   49   H   0.102   0.123   0.124
   50   G   0.107   0.106   0.124
   51   F   0.096   0.093   0.114
   52   M   0.105   0.117   0.117
   53   A   0.107   0.099   0.116
   54   A   0.100   0.097   0.110
   55   F   0.099   0.083   0.108
   56   L   0.105   0.087   0.109
   57   F   0.101   0.073   0.105
   58   S   0.103   0.090   0.104
   59   I   0.104   0.088   0.104
   60   E   0.101   0.084   0.102
   61   T   0.103   0.089   0.102
   62   Q   0.102   0.078   0.100
   63   T   0.102   0.102   0.098
   64   T   0.104   0.089   0.098
   65   I   0.103   0.091   0.096
   66   G   0.098   0.095   0.094
   67   Y   0.109   0.073   0.098
   68   G   0.103   0.093   0.095
   69   L   0.101   0.092   0.093
   70   R   0.103   0.092   0.095
# Measure  Position  Value    Cutoff   signal peptide?
  max. C    32       0.644
  max. Y    32       0.563
  max. S    27       0.810
  mean S     1-31    0.374
       D     1-31    0.487   0.500   NO
Name=KCJ18_HUMAN_TRANSMEM1	SP='NO' D=0.487 D-cutoff=0.500 Networks=SignalP-TM
