# SignalP-4.1 euk predictions
# Name=KCJ15_HUMAN_TRANSMEM1	Length=70	Networks=SignalP-TM
# pos  aa    C       S       Y
    1   I   0.101   0.265   0.164
    2   D   0.101   0.318   0.164
    3   M   0.102   0.273   0.165
    4   K   0.102   0.241   0.166
    5   W   0.101   0.249   0.165
    6   R   0.101   0.205   0.164
    7   Y   0.102   0.095   0.164
    8   K   0.101   0.105   0.159
    9   L   0.101   0.108   0.155
   10   T   0.102   0.091   0.153
   11   L   0.102   0.083   0.148
   12   F   0.105   0.039   0.145
   13   A   0.102   0.027   0.138
   14   A   0.099   0.033   0.129
   15   T   0.099   0.031   0.122
   16   F   0.103   0.033   0.118
   17   V   0.102   0.023   0.108
   18   M   0.101   0.036   0.099
   19   T   0.099   0.034   0.091
   20   W   0.105   0.037   0.084
   21   F   0.104   0.050   0.076
   22   L   0.114   0.041   0.077
   23   F   0.100   0.068   0.069
   24   G   0.100   0.075   0.067
   25   V   0.126   0.085   0.074
   26   I   0.101   0.109   0.067
   27   Y   0.107   0.156   0.072
   28   Y   0.105   0.205   0.078
   29   A   0.117   0.254   0.091
   30   I   0.107   0.240   0.096
   31   A   0.102   0.342   0.102
   32   F   0.178   0.237   0.148
   33   I   0.109   0.244   0.123
   34   H   0.109   0.222   0.129
   35   G   0.100   0.256   0.129
   36   D   0.224   0.149   0.201
   37   L   0.098   0.141   0.136
   38   E   0.105   0.118   0.143
   39   P   0.102   0.122   0.141
   40   G   0.107   0.125   0.146
   41   E   0.102   0.125   0.143
   42   P   0.105   0.129   0.145
   43   I   0.113   0.124   0.148
   44   S   0.100   0.136   0.135
   45   N   0.100   0.138   0.133
   46   H   0.101   0.124   0.128
   47   T   0.099   0.121   0.123
   48   P   0.104   0.113   0.123
   49   C   0.103   0.111   0.119
   50   I   0.102   0.108   0.114
   51   M   0.105   0.103   0.114
   52   K   0.098   0.106   0.109
   53   V   0.102   0.101   0.111
   54   D   0.102   0.102   0.110
   55   S   0.108   0.098   0.112
   56   L   0.101   0.104   0.108
   57   T   0.103   0.104   0.108
   58   G   0.106   0.103   0.109
   59   A   0.101   0.123   0.105
   60   F   0.098   0.108   0.103
   61   L   0.105   0.107   0.106
   62   F   0.101   0.106   0.104
   63   S   0.101   0.113   0.104
   64   L   0.102   0.099   0.104
   65   E   0.104   0.095   0.105
   66   S   0.102   0.105   0.103
   67   Q   0.099   0.106   0.102
   68   T   0.099   0.105   0.102
   69   T   0.100   0.099   0.103
   70   I   0.103   0.101   0.104
# Measure  Position  Value    Cutoff   signal peptide?
  max. C    36       0.224
  max. Y    36       0.201
  max. S    31       0.342
  mean S     1-35    0.140
       D     1-35    0.177   0.500   NO
Name=KCJ15_HUMAN_TRANSMEM1	SP='NO' D=0.177 D-cutoff=0.500 Networks=SignalP-TM
