# SignalP-4.1 euk predictions
# Name=KCNA6_HUMAN_TRANSMEM3	Length=70	Networks=SignalP-noTM
# pos  aa    C       S       Y
    1   F   0.102   0.636   0.254
    2   F   0.100   0.592   0.253
    3   R   0.103   0.672   0.255
    4   N   0.106   0.608   0.260
    5   I   0.102   0.588   0.254
    6   M   0.100   0.634   0.251
    7   N   0.104   0.622   0.257
    8   I   0.100   0.613   0.252
    9   I   0.098   0.614   0.249
   10   D   0.100   0.595   0.251
   11   L   0.099   0.632   0.250
   12   V   0.100   0.694   0.250
   13   A   0.101   0.750   0.252
   14   I   0.100   0.661   0.252
   15   F   0.101   0.618   0.253
   16   P   0.096   0.598   0.247
   17   Y   0.107   0.527   0.261
   18   F   0.098   0.521   0.248
   19   I   0.100   0.548   0.250
   20   T   0.097   0.675   0.246
   21   L   0.132   0.643   0.286
   22   G   0.112   0.578   0.263
   23   T   0.169   0.308   0.324
   24   E   0.111   0.292   0.259
   25   L   0.119   0.212   0.265
   26   V   0.108   0.149   0.248
   27   Q   0.098   0.164   0.232
   28   Q   0.107   0.182   0.238
   29   Q   0.131   0.113   0.258
   30   E   0.104   0.110   0.225
   31   Q   0.100   0.131   0.215
   32   Q   0.099   0.100   0.209
   33   P   0.100   0.096   0.204
   34   A   0.099   0.123   0.198
   35   S   0.094   0.121   0.186
   36   G   0.096   0.137   0.181
   37   G   0.098   0.129   0.176
   38   G   0.099   0.124   0.171
   39   G   0.101   0.134   0.166
   40   Q   0.098   0.153   0.158
   41   N   0.105   0.157   0.158
   42   G   0.104   0.170   0.151
   43   Q   0.102   0.209   0.142
   44   Q   0.110   0.168   0.140
   45   A   0.107   0.214   0.130
   46   M   0.094   0.165   0.120
   47   S   0.106   0.138   0.126
   48   L   0.099   0.126   0.120
   49   A   0.108   0.124   0.124
   50   I   0.099   0.123   0.118
   51   L   0.104   0.117   0.120
   52   R   0.102   0.107   0.119
   53   V   0.108   0.100   0.123
   54   I   0.108   0.110   0.122
   55   R   0.105   0.105   0.120
   56   L   0.106   0.094   0.121
   57   V   0.106   0.091   0.121
   58   R   0.102   0.089   0.118
   59   V   0.106   0.092   0.119
   60   F   0.118   0.090   0.125
   61   R   0.104   0.089   0.116
   62   I   0.108   0.091   0.118
   63   F   0.096   0.094   0.110
   64   K   0.105   0.097   0.114
   65   L   0.098   0.093   0.108
   66   S   0.102   0.096   0.108
   67   R   0.099   0.099   0.105
   68   H   0.105   0.099   0.105
   69   S   0.103   0.098   0.103
   70   K   0.101   0.104   0.101
# Measure  Position  Value    Cutoff   signal peptide?
  max. C    23       0.169
  max. Y    23       0.324
  max. S    13       0.750
  mean S     1-22    0.619
       D     1-22    0.483   0.450   YES
Name=KCNA6_HUMAN_TRANSMEM3	SP='YES' Cleavage site between pos. 22 and 23: TLG-TE D=0.483 D-cutoff=0.450 Networks=SignalP-noTM
