# SignalP-4.1 euk predictions
# Name=KCNC2_HUMAN_TRANSMEM4	Length=70	Networks=SignalP-TM
# pos  aa    C       S       Y
    1   K   0.101   0.173   0.132
    2   D   0.102   0.190   0.133
    3   V   0.102   0.173   0.133
    4   L   0.103   0.150   0.134
    5   G   0.106   0.114   0.135
    6   F   0.099   0.085   0.129
    7   L   0.104   0.076   0.130
    8   R   0.103   0.065   0.127
    9   V   0.104   0.081   0.124
   10   V   0.101   0.065   0.119
   11   R   0.104   0.074   0.118
   12   F   0.103   0.062   0.114
   13   V   0.100   0.077   0.108
   14   R   0.102   0.069   0.106
   15   I   0.103   0.081   0.103
   16   L   0.105   0.093   0.101
   17   R   0.101   0.117   0.096
   18   I   0.105   0.136   0.095
   19   F   0.103   0.123   0.094
   20   K   0.101   0.117   0.093
   21   L   0.102   0.106   0.095
   22   T   0.105   0.090   0.097
   23   R   0.102   0.084   0.097
   24   H   0.104   0.087   0.098
   25   F   0.109   0.097   0.101
   26   V   0.102   0.099   0.099
   27   G   0.101   0.112   0.100
   28   L   0.104   0.079   0.102
   29   R   0.103   0.082   0.102
   30   V   0.104   0.126   0.103
   31   L   0.101   0.111   0.102
   32   G   0.101   0.109   0.102
   33   H   0.100   0.088   0.101
   34   T   0.105   0.068   0.102
   35   L   0.105   0.067   0.100
   36   R   0.100   0.075   0.096
   37   A   0.104   0.073   0.098
   38   S   0.109   0.074   0.099
   39   T   0.101   0.045   0.095
   40   N   0.106   0.038   0.095
   41   E   0.103   0.028   0.092
   42   F   0.100   0.016   0.087
   43   L   0.101   0.018   0.085
   44   L   0.101   0.025   0.082
   45   L   0.103   0.021   0.078
   46   I   0.103   0.019   0.074
   47   I   0.104   0.023   0.070
   48   F   0.106   0.017   0.067
   49   L   0.106   0.014   0.064
   50   A   0.104   0.015   0.060
   51   L   0.096   0.020   0.054
   52   G   0.102   0.017   0.052
   53   V   0.105   0.015   0.049
   54   L   0.103   0.021   0.046
   55   I   0.102   0.025   0.044
   56   F   0.101   0.028   0.044
   57   A   0.102   0.038   0.045
   58   T   0.124   0.037   0.051
   59   M   0.101   0.041   0.047
   60   I   0.101   0.058   0.049
   61   Y   0.101   0.071   0.052
   62   Y   0.102   0.089   0.055
   63   A   0.102   0.100   0.060
   64   E   0.105   0.124   0.066
   65   R   0.101   0.140   0.070
   66   V   0.108   0.120   0.079
   67   G   0.105   0.124   0.082
   68   A   0.104   0.114   0.087
   69   Q   0.128   0.101   0.101
   70   P   0.105   0.102   0.094
# Measure  Position  Value    Cutoff   signal peptide?
  max. C    69       0.128
  max. Y    11       0.118
  max. S     2       0.190
  mean S     1-10    0.117
       D     1-10    0.118   0.500   NO
Name=KCNC2_HUMAN_TRANSMEM4	SP='NO' D=0.118 D-cutoff=0.500 Networks=SignalP-TM
