# SignalP-4.1 euk predictions
# Name=KCND3_HUMAN_TRANSMEM6	Length=70	Networks=SignalP-TM
# pos  aa    C       S       Y
    1   T   0.103   0.435   0.211
    2   I   0.104   0.449   0.213
    3   A   0.103   0.452   0.212
    4   G   0.099   0.492   0.208
    5   K   0.101   0.524   0.211
    6   I   0.101   0.472   0.213
    7   F   0.103   0.416   0.215
    8   G   0.103   0.466   0.215
    9   S   0.100   0.479   0.212
   10   I   0.104   0.414   0.217
   11   C   0.102   0.360   0.215
   12   S   0.102   0.302   0.214
   13   L   0.096   0.302   0.206
   14   S   0.102   0.256   0.209
   15   G   0.101   0.257   0.204
   16   V   0.101   0.346   0.201
   17   L   0.100   0.394   0.199
   18   V   0.103   0.381   0.201
   19   I   0.111   0.266   0.206
   20   A   0.105   0.266   0.196
   21   L   0.119   0.169   0.204
   22   P   0.102   0.217   0.184
   23   V   0.118   0.176   0.193
   24   P   0.100   0.154   0.172
   25   V   0.104   0.206   0.169
   26   I   0.101   0.333   0.163
   27   V   0.106   0.294   0.167
   28   S   0.116   0.215   0.175
   29   N   0.161   0.147   0.205
   30   F   0.104   0.101   0.163
   31   S   0.105   0.082   0.158
   32   R   0.107   0.092   0.151
   33   I   0.101   0.089   0.140
   34   Y   0.107   0.085   0.139
   35   H   0.102   0.107   0.131
   36   Q   0.109   0.100   0.134
   37   N   0.101   0.112   0.126
   38   Q   0.100   0.141   0.123
   39   R   0.101   0.133   0.123
   40   A   0.105   0.123   0.123
   41   D   0.100   0.111   0.114
   42   K   0.101   0.111   0.109
   43   R   0.101   0.114   0.105
   44   R   0.105   0.106   0.106
   45   A   0.107   0.109   0.108
   46   Q   0.099   0.113   0.104
   47   K   0.105   0.108   0.108
   48   K   0.102   0.105   0.107
   49   A   0.105   0.106   0.109
   50   R   0.100   0.121   0.107
   51   L   0.108   0.100   0.111
   52   A   0.104   0.105   0.109
   53   R   0.099   0.103   0.105
   54   I   0.107   0.093   0.108
   55   R   0.103   0.095   0.105
   56   V   0.109   0.088   0.108
   57   A   0.105   0.092   0.105
   58   K   0.096   0.094   0.100
   59   T   0.104   0.092   0.103
   60   G   0.103   0.094   0.102
   61   S   0.101   0.088   0.101
   62   S   0.102   0.094   0.100
   63   N   0.101   0.093   0.099
   64   A   0.102   0.094   0.099
   65   Y   0.097   0.092   0.096
   66   L   0.103   0.086   0.099
   67   H   0.101   0.100   0.097
   68   S   0.104   0.103   0.098
   69   K   0.101   0.105   0.097
   70   R   0.100   0.103   0.097
# Measure  Position  Value    Cutoff   signal peptide?
  max. C    29       0.161
  max. Y    11       0.215
  max. S     5       0.524
  mean S     1-10    0.460
       D     1-10    0.313   0.500   NO
Name=KCND3_HUMAN_TRANSMEM6	SP='NO' D=0.313 D-cutoff=0.500 Networks=SignalP-TM
