# SignalP-4.1 euk predictions
# Name=KCNH3_HUMAN_TRANSMEM1	Length=70	Networks=SignalP-noTM
# pos  aa    C       S       Y
    1   R   0.103   0.857   0.297
    2   A   0.106   0.847   0.302
    3   T   0.098   0.900   0.289
    4   W   0.102   0.932   0.296
    5   D   0.101   0.952   0.294
    6   G   0.100   0.936   0.294
    7   F   0.099   0.934   0.293
    8   I   0.105   0.930   0.302
    9   L   0.105   0.911   0.303
   10   L   0.105   0.896   0.304
   11   A   0.102   0.915   0.299
   12   T   0.100   0.918   0.298
   13   L   0.102   0.940   0.301
   14   Y   0.101   0.912   0.300
   15   V   0.102   0.912   0.302
   16   A   0.102   0.902   0.302
   17   V   0.108   0.845   0.312
   18   T   0.107   0.824   0.310
   19   V   0.268   0.667   0.490
   20   P   0.098   0.635   0.294
   21   Y   0.175   0.496   0.392
   22   S   0.103   0.432   0.297
   23   V   0.120   0.265   0.318
   24   C   0.103   0.423   0.289
   25   V   0.176   0.278   0.374
   26   S   0.102   0.244   0.280
   27   T   0.116   0.232   0.291
   28   A   0.131   0.200   0.304
   29   R   0.184   0.130   0.350
   30   E   0.107   0.135   0.261
   31   P   0.100   0.141   0.244
   32   S   0.111   0.141   0.249
   33   A   0.109   0.197   0.239
   34   A   0.112   0.161   0.235
   35   R   0.118   0.138   0.232
   36   G   0.112   0.132   0.218
   37   P   0.100   0.117   0.197
   38   P   0.109   0.108   0.196
   39   S   0.108   0.114   0.184
   40   V   0.100   0.112   0.168
   41   C   0.102   0.132   0.160
   42   D   0.109   0.126   0.157
   43   L   0.103   0.142   0.144
   44   A   0.106   0.134   0.140
   45   V   0.099   0.164   0.131
   46   E   0.106   0.186   0.134
   47   V   0.102   0.240   0.127
   48   L   0.101   0.260   0.126
   49   F   0.109   0.201   0.131
   50   I   0.099   0.162   0.124
   51   L   0.102   0.133   0.125
   52   D   0.107   0.123   0.128
   53   I   0.105   0.126   0.127
   54   V   0.103   0.124   0.125
   55   L   0.101   0.107   0.124
   56   N   0.103   0.099   0.123
   57   F   0.116   0.093   0.129
   58   R   0.096   0.089   0.117
   59   T   0.105   0.093   0.121
   60   T   0.099   0.094   0.118
   61   F   0.102   0.092   0.119
   62   V   0.099   0.095   0.117
   63   S   0.103   0.097   0.119
   64   K   0.097   0.099   0.115
   65   S   0.099   0.096   0.115
   66   G   0.104   0.096   0.117
   67   Q   0.100   0.101   0.114
   68   V   0.099   0.097   0.112
   69   V   0.098   0.097   0.110
   70   F   0.101   0.097   0.109
# Measure  Position  Value    Cutoff   signal peptide?
  max. C    19       0.268
  max. Y    19       0.490
  max. S     5       0.952
  mean S     1-18    0.904
       D     1-18    0.713   0.450   YES
Name=KCNH3_HUMAN_TRANSMEM1	SP='YES' Cleavage site between pos. 18 and 19: AVT-VP D=0.713 D-cutoff=0.450 Networks=SignalP-noTM
