# SignalP-4.1 euk predictions
# Name=KCNH2_HUMAN_TRANSMEM1	Length=70	Networks=SignalP-TM
# pos  aa    C       S       Y
    1   T   0.102   0.637   0.255
    2   I   0.103   0.572   0.257
    3   L   0.102   0.608   0.254
    4   H   0.101   0.615   0.252
    5   Y   0.100   0.559   0.251
    6   S   0.100   0.379   0.250
    7   P   0.101   0.327   0.248
    8   F   0.103   0.420   0.245
    9   K   0.103   0.339   0.242
   10   A   0.101   0.472   0.235
   11   V   0.097   0.430   0.227
   12   W   0.101   0.370   0.229
   13   D   0.099   0.232   0.222
   14   W   0.099   0.156   0.216
   15   L   0.101   0.088   0.210
   16   I   0.102   0.099   0.202
   17   L   0.100   0.138   0.191
   18   L   0.101   0.155   0.183
   19   L   0.104   0.173   0.176
   20   V   0.103   0.174   0.167
   21   I   0.104   0.185   0.163
   22   Y   0.103   0.284   0.159
   23   T   0.104   0.334   0.156
   24   A   0.145   0.327   0.184
   25   V   0.135   0.274   0.174
   26   F   0.123   0.313   0.162
   27   T   0.137   0.259   0.169
   28   P   0.137   0.199   0.170
   29   Y   0.110   0.195   0.154
   30   S   0.102   0.363   0.150
   31   A   0.110   0.278   0.163
   32   A   0.194   0.151   0.220
   33   F   0.323   0.101   0.285
   34   L   0.103   0.099   0.159
   35   L   0.106   0.114   0.159
   36   K   0.106   0.113   0.158
   37   E   0.103   0.113   0.152
   38   T   0.103   0.119   0.146
   39   E   0.104   0.112   0.142
   40   E   0.104   0.122   0.137
   41   G   0.105   0.116   0.132
   42   P   0.099   0.105   0.125
   43   P   0.103   0.100   0.124
   44   A   0.104   0.103   0.122
   45   T   0.098   0.099   0.110
   46   E   0.103   0.102   0.107
   47   C   0.100   0.092   0.104
   48   G   0.103   0.093   0.105
   49   Y   0.102   0.082   0.105
   50   A   0.102   0.078   0.104
   51   C   0.101   0.074   0.102
   52   Q   0.103   0.073   0.101
   53   P   0.104   0.070   0.100
   54   L   0.105   0.061   0.099
   55   A   0.106   0.064   0.097
   56   V   0.100   0.083   0.093
   57   V   0.104   0.073   0.093
   58   D   0.101   0.072   0.091
   59   L   0.104   0.070   0.091
   60   I   0.104   0.080   0.090
   61   V   0.103   0.092   0.088
   62   D   0.102   0.087   0.088
   63   I   0.102   0.069   0.088
   64   M   0.101   0.071   0.087
   65   F   0.104   0.064   0.088
   66   I   0.102   0.072   0.087
   67   V   0.100   0.087   0.086
   68   D   0.101   0.090   0.087
   69   I   0.101   0.084   0.088
   70   L   0.100   0.089   0.088
# Measure  Position  Value    Cutoff   signal peptide?
  max. C    33       0.323
  max. Y    33       0.285
  max. S     1       0.637
  mean S     1-32    0.316
       D     1-32    0.297   0.500   NO
Name=KCNH2_HUMAN_TRANSMEM1	SP='NO' D=0.297 D-cutoff=0.500 Networks=SignalP-TM
