# SignalP-4.1 euk predictions
# Name=KCNJ4_HUMAN_TRANSMEM1	Length=70	Networks=SignalP-TM
# pos  aa    C       S       Y
    1   V   0.101   0.601   0.247
    2   D   0.102   0.542   0.248
    3   T   0.103   0.475   0.248
    4   R   0.102   0.427   0.244
    5   W   0.103   0.395   0.244
    6   R   0.100   0.285   0.237
    7   Y   0.100   0.146   0.232
    8   M   0.102   0.128   0.227
    9   L   0.101   0.110   0.218
   10   M   0.104   0.122   0.213
   11   I   0.102   0.119   0.202
   12   F   0.104   0.070   0.196
   13   S   0.104   0.050   0.185
   14   A   0.104   0.045   0.174
   15   A   0.098   0.041   0.157
   16   F   0.099   0.072   0.144
   17   L   0.101   0.040   0.134
   18   V   0.105   0.060   0.124
   19   S   0.102   0.080   0.111
   20   W   0.105   0.080   0.101
   21   L   0.122   0.104   0.101
   22   F   0.112   0.100   0.095
   23   F   0.104   0.097   0.090
   24   G   0.104   0.111   0.090
   25   L   0.112   0.173   0.092
   26   L   0.103   0.233   0.091
   27   F   0.114   0.262   0.102
   28   W   0.105   0.413   0.106
   29   C   0.106   0.389   0.119
   30   I   0.104   0.523   0.128
   31   A   0.104   0.640   0.141
   32   F   0.248   0.635   0.240
   33   F   0.122   0.678   0.183
   34   H   0.114   0.586   0.190
   35   G   0.103   0.574   0.190
   36   D   0.237   0.274   0.303
   37   L   0.099   0.298   0.199
   38   E   0.107   0.244   0.210
   39   A   0.119   0.226   0.224
   40   S   0.257   0.149   0.331
   41   P   0.100   0.151   0.206
   42   G   0.106   0.128   0.210
   43   V   0.108   0.106   0.206
   44   P   0.105   0.111   0.198
   45   A   0.106   0.111   0.191
   46   A   0.101   0.104   0.176
   47   G   0.098   0.095   0.162
   48   G   0.103   0.094   0.152
   49   P   0.101   0.098   0.139
   50   A   0.107   0.096   0.130
   51   A   0.103   0.094   0.122
   52   G   0.101   0.097   0.114
   53   G   0.099   0.099   0.109
   54   G   0.105   0.094   0.107
   55   G   0.107   0.096   0.107
   56   A   0.105   0.101   0.104
   57   A   0.100   0.099   0.100
   58   P   0.102   0.095   0.101
   59   V   0.105   0.094   0.101
   60   A   0.106   0.089   0.101
   61   P   0.105   0.093   0.100
   62   K   0.103   0.097   0.099
   63   P   0.103   0.101   0.100
   64   C   0.106   0.098   0.101
   65   I   0.105   0.099   0.100
   66   M   0.107   0.097   0.101
   67   H   0.102   0.099   0.099
   68   V   0.104   0.098   0.100
   69   N   0.103   0.100   0.100
   70   G   0.107   0.098   0.102
# Measure  Position  Value    Cutoff   signal peptide?
  max. C    40       0.257
  max. Y    40       0.331
  max. S    33       0.678
  mean S     1-39    0.268
       D     1-39    0.306   0.500   NO
Name=KCNJ4_HUMAN_TRANSMEM1	SP='NO' D=0.306 D-cutoff=0.500 Networks=SignalP-TM
