# SignalP-4.1 euk predictions
# Name=KCNV2_HUMAN_TRANSMEM1	Length=70	Networks=SignalP-noTM
# pos  aa    C       S       Y
    1   F   0.101   0.371   0.193
    2   D   0.102   0.440   0.194
    3   R   0.099   0.604   0.193
    4   D   0.106   0.501   0.202
    5   P   0.104   0.384   0.202
    6   A   0.104   0.397   0.202
    7   V   0.096   0.456   0.194
    8   F   0.103   0.327   0.202
    9   Q   0.099   0.304   0.197
   10   L   0.098   0.294   0.195
   11   V   0.100   0.314   0.197
   12   Y   0.103   0.272   0.199
   13   N   0.103   0.246   0.198
   14   F   0.098   0.333   0.192
   15   Y   0.104   0.251   0.197
   16   L   0.103   0.301   0.195
   17   S   0.098   0.295   0.189
   18   G   0.098   0.316   0.188
   19   V   0.098   0.379   0.188
   20   L   0.098   0.413   0.187
   21   L   0.105   0.312   0.195
   22   V   0.113   0.155   0.201
   23   L   0.107   0.197   0.193
   24   D   0.109   0.218   0.193
   25   G   0.107   0.171   0.188
   26   L   0.143   0.125   0.211
   27   C   0.106   0.177   0.176
   28   P   0.101   0.225   0.170
   29   R   0.114   0.171   0.177
   30   R   0.110   0.125   0.171
   31   F   0.100   0.168   0.160
   32   L   0.103   0.164   0.160
   33   E   0.114   0.156   0.166
   34   E   0.106   0.106   0.158
   35   L   0.107   0.091   0.156
   36   G   0.101   0.099   0.149
   37   Y   0.102   0.094   0.146
   38   W   0.102   0.097   0.144
   39   G   0.103   0.095   0.141
   40   V   0.097   0.094   0.134
   41   R   0.101   0.095   0.132
   42   L   0.101   0.093   0.128
   43   K   0.103   0.091   0.123
   44   Y   0.102   0.085   0.118
   45   T   0.103   0.088   0.117
   46   P   0.098   0.085   0.112
   47   R   0.104   0.091   0.113
   48   C   0.103   0.090   0.110
   49   C   0.096   0.095   0.106
   50   R   0.099   0.091   0.106
   51   I   0.104   0.091   0.106
   52   C   0.097   0.096   0.100
   53   F   0.102   0.095   0.103
   54   E   0.102   0.093   0.101
   55   E   0.102   0.102   0.099
   56   R   0.099   0.108   0.096
   57   R   0.102   0.101   0.098
   58   D   0.108   0.103   0.101
   59   E   0.099   0.103   0.097
   60   L   0.100   0.109   0.097
   61   S   0.103   0.106   0.099
   62   E   0.097   0.106   0.097
   63   R   0.102   0.103   0.099
   64   L   0.104   0.101   0.100
   65   K   0.105   0.101   0.101
   66   I   0.102   0.098   0.100
   67   Q   0.101   0.096   0.099
   68   H   0.101   0.098   0.100
   69   E   0.100   0.097   0.099
   70   L   0.098   0.096   0.099
# Measure  Position  Value    Cutoff   signal peptide?
  max. C    26       0.143
  max. Y    26       0.211
  max. S     3       0.604
  mean S     1-25    0.330
       D     1-25    0.275   0.450   NO
Name=KCNV2_HUMAN_TRANSMEM1	SP='NO' D=0.275 D-cutoff=0.450 Networks=SignalP-noTM
