# SignalP-4.1 euk predictions
# Name=KIT_HUMAN_TRANSMEM1	Length=70	Networks=SignalP-noTM
# pos  aa    C       S       Y
    1   T   0.102   0.950   0.311
    2   L   0.103   0.962   0.312
    3   F   0.101   0.958   0.310
    4   T   0.103   0.974   0.313
    5   P   0.105   0.979   0.316
    6   L   0.102   0.976   0.312
    7   L   0.105   0.972   0.317
    8   I   0.105   0.962   0.316
    9   G   0.099   0.955   0.307
   10   F   0.100   0.944   0.309
   11   V   0.101   0.945   0.310
   12   I   0.104   0.943   0.315
   13   V   0.100   0.961   0.309
   14   A   0.097   0.947   0.305
   15   G   0.101   0.900   0.311
   16   M   0.125   0.872   0.345
   17   M   0.106   0.901   0.317
   18   C   0.111   0.884   0.325
   19   I   0.241   0.828   0.477
   20   I   0.106   0.732   0.316
   21   V   0.099   0.725   0.304
   22   M   0.109   0.773   0.317
   23   I   0.128   0.738   0.341
   24   L   0.124   0.510   0.334
   25   T   0.104   0.619   0.303
   26   Y   0.163   0.417   0.375
   27   K   0.108   0.468   0.301
   28   Y   0.111   0.496   0.301
   29   L   0.104   0.568   0.288
   30   Q   0.143   0.262   0.334
   31   K   0.119   0.161   0.297
   32   P   0.103   0.139   0.270
   33   M   0.108   0.126   0.269
   34   Y   0.101   0.111   0.254
   35   E   0.100   0.102   0.244
   36   V   0.092   0.095   0.227
   37   Q   0.095   0.106   0.222
   38   W   0.098   0.106   0.218
   39   K   0.100   0.094   0.212
   40   V   0.100   0.099   0.203
   41   V   0.098   0.097   0.192
   42   E   0.098   0.102   0.184
   43   E   0.105   0.099   0.182
   44   I   0.102   0.094   0.171
   45   N   0.103   0.102   0.162
   46   G   0.104   0.099   0.153
   47   N   0.096   0.097   0.141
   48   N   0.105   0.101   0.139
   49   Y   0.103   0.099   0.132
   50   V   0.097   0.103   0.121
   51   Y   0.099   0.112   0.116
   52   I   0.105   0.110   0.109
   53   D   0.098   0.109   0.102
   54   P   0.106   0.099   0.105
   55   T   0.104   0.101   0.104
   56   Q   0.100   0.108   0.101
   57   L   0.105   0.104   0.103
   58   P   0.099   0.105   0.100
   59   Y   0.104   0.111   0.103
   60   D   0.105   0.112   0.104
   61   H   0.103   0.106   0.103
   62   K   0.105   0.103   0.104
   63   W   0.097   0.106   0.100
   64   E   0.098   0.108   0.101
   65   F   0.102   0.103   0.103
   66   P   0.101   0.107   0.102
   67   R   0.102   0.107   0.103
   68   N   0.107   0.104   0.106
   69   R   0.103   0.105   0.104
   70   L   0.105   0.104   0.105
# Measure  Position  Value    Cutoff   signal peptide?
  max. C    19       0.241
  max. Y    19       0.477
  max. S     5       0.979
  mean S     1-18    0.944
       D     1-18    0.729   0.450   YES
Name=KIT_HUMAN_TRANSMEM1	SP='YES' Cleavage site between pos. 18 and 19: MMC-II D=0.729 D-cutoff=0.450 Networks=SignalP-noTM
