# SignalP-4.1 euk predictions
# Name=LAT2_HUMAN_TRANSMEM9	Length=70	Networks=SignalP-TM
# pos  aa    C       S       Y
    1   I   0.102   0.643   0.256
    2   H   0.102   0.629   0.256
    3   V   0.102   0.656   0.255
    4   K   0.101   0.639   0.255
    5   R   0.102   0.653   0.257
    6   C   0.101   0.624   0.254
    7   T   0.105   0.628   0.259
    8   P   0.104   0.622   0.258
    9   I   0.102   0.519   0.255
   10   P   0.103   0.576   0.255
   11   A   0.104   0.495   0.255
   12   L   0.097   0.361   0.245
   13   L   0.103   0.381   0.247
   14   F   0.099   0.349   0.238
   15   T   0.103   0.368   0.239
   16   C   0.104   0.402   0.236
   17   I   0.103   0.347   0.231
   18   S   0.104   0.342   0.227
   19   T   0.104   0.305   0.222
   20   L   0.104   0.288   0.217
   21   L   0.101   0.189   0.208
   22   M   0.106   0.146   0.205
   23   L   0.116   0.099   0.205
   24   V   0.105   0.132   0.187
   25   T   0.105   0.198   0.178
   26   S   0.114   0.136   0.179
   27   D   0.321   0.073   0.290
   28   M   0.105   0.072   0.159
   29   Y   0.127   0.058   0.168
   30   T   0.102   0.047   0.142
   31   L   0.125   0.034   0.147
   32   I   0.104   0.043   0.125
   33   N   0.106   0.052   0.118
   34   Y   0.100   0.050   0.106
   35   V   0.102   0.043   0.099
   36   G   0.103   0.042   0.093
   37   F   0.100   0.037   0.088
   38   I   0.106   0.033   0.088
   39   N   0.101   0.050   0.081
   40   Y   0.105   0.050   0.076
   41   L   0.100   0.047   0.070
   42   F   0.104   0.038   0.070
   43   Y   0.103   0.026   0.068
   44   G   0.101   0.046   0.065
   45   V   0.096   0.038   0.064
   46   T   0.105   0.057   0.067
   47   V   0.105   0.084   0.068
   48   A   0.099   0.079   0.067
   49   G   0.121   0.033   0.076
   50   Q   0.103   0.033   0.069
   51   I   0.101   0.040   0.069
   52   V   0.105   0.051   0.070
   53   L   0.102   0.063   0.070
   54   R   0.102   0.094   0.071
   55   W   0.102   0.100   0.073
   56   K   0.101   0.103   0.075
   57   K   0.099   0.103   0.077
   58   P   0.102   0.102   0.082
   59   D   0.104   0.110   0.085
   60   I   0.104   0.109   0.088
   61   P   0.102   0.113   0.090
   62   R   0.101   0.104   0.090
   63   P   0.104   0.105   0.093
   64   I   0.102   0.100   0.095
   65   K   0.104   0.100   0.098
   66   I   0.103   0.100   0.100
   67   N   0.101   0.097   0.101
   68   L   0.106   0.100   0.104
   69   L   0.104   0.094   0.103
   70   F   0.106   0.090   0.104
# Measure  Position  Value    Cutoff   signal peptide?
  max. C    27       0.321
  max. Y    27       0.290
  max. S     3       0.656
  mean S     1-26    0.413
       D     1-26    0.339   0.500   NO
Name=LAT2_HUMAN_TRANSMEM9	SP='NO' D=0.339 D-cutoff=0.500 Networks=SignalP-TM
