# SignalP-4.1 euk predictions
# Name=LAT4_HUMAN_TRANSMEM5	Length=70	Networks=SignalP-noTM
# pos  aa    C       S       Y
    1   F   0.101   0.440   0.211
    2   G   0.103   0.482   0.213
    3   D   0.100   0.516   0.210
    4   L   0.104   0.476   0.215
    5   R   0.101   0.501   0.213
    6   S   0.105   0.414   0.217
    7   T   0.099   0.443   0.211
    8   F   0.103   0.337   0.215
    9   I   0.107   0.334   0.218
   10   A   0.099   0.304   0.209
   11   L   0.092   0.391   0.199
   12   M   0.102   0.396   0.210
   13   I   0.100   0.395   0.207
   14   G   0.100   0.446   0.207
   15   S   0.097   0.366   0.204
   16   Y   0.100   0.528   0.206
   17   A   0.099   0.696   0.206
   18   S   0.121   0.385   0.231
   19   S   0.114   0.377   0.223
   20   A   0.182   0.286   0.281
   21   V   0.231   0.156   0.314
   22   T   0.108   0.172   0.211
   23   F   0.260   0.116   0.323
   24   P   0.099   0.120   0.196
   25   G   0.112   0.136   0.204
   26   I   0.099   0.176   0.187
   27   K   0.099   0.206   0.184
   28   L   0.103   0.210   0.184
   29   I   0.110   0.209   0.187
   30   Y   0.104   0.204   0.179
   31   D   0.108   0.202   0.180
   32   A   0.102   0.292   0.173
   33   G   0.101   0.225   0.172
   34   V   0.103   0.269   0.172
   35   S   0.101   0.235   0.169
   36   F   0.108   0.227   0.172
   37   I   0.105   0.286   0.166
   38   V   0.096   0.286   0.158
   39   V   0.105   0.367   0.162
   40   L   0.104   0.360   0.156
   41   V   0.104   0.395   0.155
   42   V   0.099   0.504   0.152
   43   W   0.105   0.646   0.160
   44   A   0.102   0.530   0.165
   45   G   0.156   0.334   0.210
   46   C   0.103   0.453   0.174
   47   S   0.106   0.437   0.180
   48   G   0.109   0.436   0.187
   49   L   0.249   0.295   0.288
   50   V   0.111   0.351   0.193
   51   F   0.103   0.242   0.188
   52   L   0.115   0.167   0.199
   53   N   0.168   0.127   0.240
   54   C   0.105   0.135   0.189
   55   F   0.113   0.118   0.193
   56   F   0.103   0.104   0.184
   57   N   0.105   0.101   0.184
   58   W   0.103   0.100   0.180
   59   P   0.100   0.099   0.175
   60   L   0.103   0.096   0.176
   61   E   0.103   0.100   0.173
   62   P   0.094   0.101   0.162
   63   F   0.113   0.099   0.174
   64   P   0.101   0.103   0.160
   65   G   0.101   0.103   0.154
   66   P   0.097   0.107   0.143
   67   E   0.104   0.111   0.141
   68   D   0.100   0.115   0.134
   69   M   0.099   0.111   0.128
   70   D   0.099   0.114   0.122
# Measure  Position  Value    Cutoff   signal peptide?
  max. C    23       0.260
  max. Y    23       0.323
  max. S    17       0.696
  mean S     1-22    0.402
       D     1-22    0.366   0.450   NO
Name=LAT4_HUMAN_TRANSMEM5	SP='NO' D=0.366 D-cutoff=0.450 Networks=SignalP-noTM
