# SignalP-4.1 euk predictions
# Name=LHPL5_HUMAN_TRANSMEM2	Length=70	Networks=SignalP-TM
# pos  aa    C       S       Y
    1   K   0.102   0.522   0.231
    2   T   0.103   0.595   0.232
    3   A   0.103   0.563   0.233
    4   M   0.099   0.441   0.229
    5   F   0.103   0.277   0.232
    6   F   0.100   0.207   0.225
    7   V   0.104   0.202   0.225
    8   A   0.106   0.209   0.221
    9   L   0.099   0.215   0.208
   10   G   0.103   0.217   0.207
   11   M   0.099   0.202   0.198
   12   F   0.104   0.176   0.197
   13   L   0.101   0.145   0.187
   14   I   0.104   0.162   0.182
   15   I   0.101   0.141   0.173
   16   G   0.102   0.175   0.165
   17   S   0.107   0.185   0.160
   18   I   0.116   0.143   0.156
   19   I   0.125   0.101   0.154
   20   C   0.112   0.071   0.141
   21   F   0.264   0.032   0.210
   22   S   0.106   0.071   0.129
   23   L   0.134   0.048   0.139
   24   F   0.103   0.059   0.117
   25   F   0.118   0.063   0.120
   26   I   0.102   0.088   0.107
   27   C   0.102   0.088   0.104
   28   N   0.103   0.121   0.103
   29   T   0.106   0.116   0.102
   30   A   0.177   0.102   0.131
   31   T   0.117   0.141   0.104
   32   V   0.125   0.118   0.105
   33   Y   0.110   0.135   0.098
   34   K   0.104   0.143   0.097
   35   I   0.125   0.169   0.109
   36   C   0.103   0.209   0.104
   37   A   0.106   0.201   0.110
   38   W   0.107   0.155   0.116
   39   M   0.104   0.122   0.117
   40   Q   0.098   0.119   0.116
   41   L   0.104   0.114   0.120
   42   A   0.104   0.153   0.121
   43   A   0.099   0.161   0.119
   44   A   0.102   0.144   0.122
   45   T   0.134   0.095   0.141
   46   G   0.104   0.077   0.123
   47   L   0.107   0.050   0.124
   48   M   0.103   0.053   0.119
   49   I   0.102   0.069   0.115
   50   G   0.103   0.095   0.112
   51   C   0.104   0.054   0.109
   52   L   0.105   0.047   0.105
   53   V   0.103   0.047   0.100
   54   Y   0.104   0.062   0.097
   55   P   0.100   0.086   0.093
   56   D   0.105   0.076   0.095
   57   G   0.104   0.088   0.091
   58   W   0.100   0.086   0.086
   59   D   0.099   0.099   0.083
   60   S   0.102   0.099   0.085
   61   S   0.105   0.104   0.087
   62   E   0.097   0.106   0.086
   63   V   0.102   0.110   0.091
   64   R   0.099   0.107   0.091
   65   R   0.106   0.106   0.094
   66   M   0.102   0.105   0.094
   67   C   0.103   0.106   0.097
   68   G   0.104   0.104   0.100
   69   E   0.100   0.105   0.100
   70   Q   0.104   0.103   0.102
# Measure  Position  Value    Cutoff   signal peptide?
  max. C    21       0.264
  max. Y    21       0.210
  max. S     2       0.595
  mean S     1-20    0.247
       D     1-20    0.225   0.500   NO
Name=LHPL5_HUMAN_TRANSMEM2	SP='NO' D=0.225 D-cutoff=0.500 Networks=SignalP-TM
