# SignalP-4.1 euk predictions
# Name=LIRB5_HUMAN_TRANSMEM1	Length=70	Networks=SignalP-TM
# pos  aa    C       S       Y
    1   G   0.102   0.621   0.252
    2   R   0.101   0.603   0.250
    3   H   0.104   0.499   0.254
    4   L   0.102   0.438   0.250
    5   G   0.102   0.304   0.248
    6   V   0.098   0.214   0.238
    7   V   0.105   0.183   0.239
    8   T   0.105   0.180   0.233
    9   G   0.103   0.200   0.223
   10   V   0.098   0.185   0.211
   11   S   0.104   0.264   0.210
   12   V   0.102   0.264   0.201
   13   A   0.098   0.243   0.191
   14   F   0.099   0.231   0.185
   15   V   0.103   0.283   0.181
   16   L   0.101   0.323   0.172
   17   L   0.105   0.339   0.169
   18   L   0.106   0.503   0.166
   19   F   0.104   0.420   0.166
   20   L   0.103   0.351   0.168
   21   L   0.104   0.373   0.172
   22   L   0.105   0.396   0.177
   23   F   0.107   0.454   0.183
   24   L   0.106   0.537   0.187
   25   L   0.104   0.613   0.193
   26   L   0.107   0.611   0.202
   27   R   0.112   0.701   0.213
   28   H   0.129   0.673   0.238
   29   R   0.157   0.624   0.271
   30   H   0.128   0.547   0.251
   31   Q   0.129   0.458   0.257
   32   S   0.200   0.297   0.322
   33   K   0.361   0.200   0.426
   34   H   0.104   0.198   0.225
   35   R   0.122   0.134   0.241
   36   T   0.105   0.110   0.220
   37   S   0.102   0.118   0.212
   38   A   0.101   0.125   0.205
   39   H   0.104   0.119   0.201
   40   F   0.101   0.113   0.188
   41   Y   0.097   0.111   0.175
   42   R   0.103   0.107   0.168
   43   P   0.108   0.105   0.158
   44   A   0.108   0.097   0.146
   45   G   0.103   0.091   0.130
   46   A   0.103   0.101   0.119
   47   A   0.105   0.090   0.114
   48   G   0.102   0.094   0.108
   49   P   0.101   0.094   0.104
   50   E   0.103   0.101   0.104
   51   P   0.106   0.105   0.105
   52   K   0.103   0.109   0.103
   53   D   0.104   0.108   0.103
   54   Q   0.104   0.105   0.103
   55   G   0.105   0.104   0.103
   56   L   0.103   0.107   0.102
   57   Q   0.105   0.104   0.103
   58   K   0.104   0.104   0.103
   59   R   0.105   0.103   0.103
   60   A   0.105   0.104   0.103
   61   S   0.101   0.105   0.102
   62   P   0.104   0.102   0.104
   63   V   0.103   0.103   0.104
   64   A   0.104   0.101   0.105
   65   D   0.101   0.103   0.103
   66   I   0.101   0.104   0.103
   67   Q   0.101   0.104   0.103
   68   E   0.105   0.102   0.104
   69   E   0.099   0.106   0.101
   70   I   0.104   0.105   0.104
# Measure  Position  Value    Cutoff   signal peptide?
  max. C    33       0.361
  max. Y    33       0.426
  max. S    27       0.701
  mean S     1-32    0.404
       D     1-32    0.418   0.500   NO
Name=LIRB5_HUMAN_TRANSMEM1	SP='NO' D=0.418 D-cutoff=0.500 Networks=SignalP-TM
