# SignalP-4.1 euk predictions
# Name=LMBR1_HUMAN_TRANSMEM9	Length=70	Networks=SignalP-noTM
# pos  aa    C       S       Y
    1   R   0.100   0.815   0.286
    2   F   0.104   0.806   0.291
    3   N   0.102   0.820   0.289
    4   W   0.102   0.843   0.288
    5   L   0.101   0.897   0.287
    6   G   0.101   0.905   0.288
    7   N   0.099   0.933   0.286
    8   F   0.101   0.925   0.289
    9   Y   0.102   0.900   0.291
   10   I   0.103   0.884   0.294
   11   V   0.099   0.900   0.289
   12   L   0.099   0.895   0.289
   13   S   0.100   0.922   0.292
   14   Y   0.105   0.927   0.300
   15   N   0.101   0.920   0.295
   16   L   0.099   0.928   0.293
   17   L   0.096   0.957   0.289
   18   F   0.105   0.917   0.303
   19   A   0.104   0.861   0.303
   20   I   0.245   0.634   0.465
   21   V   0.097   0.729   0.291
   22   T   0.107   0.653   0.305
   23   T   0.114   0.673   0.313
   24   L   0.203   0.375   0.416
   25   C   0.108   0.310   0.301
   26   L   0.145   0.363   0.343
   27   V   0.101   0.463   0.282
   28   R   0.166   0.230   0.358
   29   K   0.111   0.344   0.286
   30   F   0.113   0.229   0.284
   31   T   0.098   0.314   0.259
   32   S   0.113   0.343   0.272
   33   A   0.157   0.306   0.315
   34   V   0.485   0.120   0.542
   35   R   0.101   0.135   0.240
   36   E   0.120   0.102   0.253
   37   E   0.108   0.103   0.231
   38   L   0.101   0.107   0.215
   39   F   0.101   0.114   0.206
   40   K   0.101   0.118   0.197
   41   A   0.103   0.098   0.189
   42   L   0.103   0.105   0.179
   43   G   0.108   0.100   0.177
   44   L   0.104   0.101   0.164
   45   H   0.103   0.102   0.155
   46   K   0.103   0.093   0.146
   47   L   0.101   0.099   0.140
   48   H   0.097   0.099   0.134
   49   L   0.103   0.105   0.134
   50   P   0.105   0.099   0.129
   51   N   0.097   0.107   0.121
   52   T   0.105   0.107   0.122
   53   S   0.100   0.116   0.117
   54   R   0.092   0.106   0.108
   55   D   0.100   0.108   0.108
   56   S   0.098   0.109   0.102
   57   E   0.094   0.111   0.100
   58   T   0.104   0.107   0.105
   59   A   0.101   0.104   0.103
   60   K   0.098   0.113   0.102
   61   P   0.103   0.103   0.104
   62   S   0.103   0.109   0.104
   63   V   0.101   0.104   0.103
   64   N   0.103   0.104   0.104
   65   G   0.105   0.101   0.105
   66   H   0.095   0.103   0.100
   67   Q   0.110   0.103   0.107
   68   K   0.109   0.100   0.107
   69   A   0.100   0.100   0.103
   70   L   0.097   0.103   0.101
# Measure  Position  Value    Cutoff   signal peptide?
  max. C    34       0.485
  max. Y    34       0.542
  max. S    17       0.957
  mean S     1-33    0.694
       D     1-33    0.624   0.450   YES
Name=LMBR1_HUMAN_TRANSMEM9	SP='YES' Cleavage site between pos. 33 and 34: TSA-VR D=0.624 D-cutoff=0.450 Networks=SignalP-noTM
