# SignalP-4.1 euk predictions
# Name=LMTK2_HUMAN_TRANSMEM1	Length=70	Networks=SignalP-TM
# pos  aa    C       S       Y
    1   A   0.103   0.937   0.311
    2   L   0.099   0.942   0.305
    3   R   0.104   0.917   0.312
    4   R   0.102   0.824   0.309
    5   R   0.105   0.835   0.313
    6   L   0.104   0.856   0.309
    7   L   0.104   0.864   0.309
    8   L   0.104   0.903   0.308
    9   L   0.103   0.946   0.306
   10   L   0.102   0.959   0.305
   11   L   0.105   0.963   0.309
   12   V   0.104   0.951   0.308
   13   L   0.102   0.931   0.305
   14   L   0.104   0.941   0.307
   15   I   0.100   0.959   0.302
   16   A   0.102   0.961   0.305
   17   G   0.108   0.970   0.314
   18   S   0.179   0.975   0.405
   19   A   0.141   0.972   0.362
   20   G   0.212   0.947   0.446
   21   A   0.602   0.888   0.754
   22   A   0.871   0.423   0.908
   23   P   0.213   0.248   0.441
   24   L   0.335   0.180   0.537
   25   P   0.103   0.205   0.289
   26   Q   0.107   0.183   0.284
   27   T   0.105   0.214   0.271
   28   G   0.109   0.241   0.266
   29   A   0.105   0.218   0.251
   30   G   0.158   0.171   0.294
   31   E   0.122   0.133   0.244
   32   A   0.103   0.121   0.210
   33   P   0.103   0.119   0.194
   34   P   0.107   0.115   0.181
   35   A   0.105   0.128   0.161
   36   A   0.104   0.129   0.141
   37   E   0.100   0.131   0.131
   38   V   0.102   0.115   0.129
   39   S   0.103   0.100   0.128
   40   S   0.104   0.074   0.125
   41   S   0.103   0.101   0.121
   42   F   0.103   0.089   0.118
   43   V   0.103   0.109   0.113
   44   I   0.103   0.156   0.110
   45   L   0.104   0.130   0.110
   46   C   0.105   0.144   0.110
   47   V   0.104   0.120   0.110
   48   C   0.104   0.120   0.110
   49   S   0.102   0.129   0.109
   50   L   0.101   0.146   0.109
   51   I   0.102   0.162   0.110
   52   I   0.101   0.184   0.110
   53   L   0.100   0.141   0.113
   54   I   0.102   0.114   0.115
   55   V   0.103   0.145   0.117
   56   L   0.104   0.148   0.119
   57   I   0.101   0.119   0.119
   58   A   0.106   0.145   0.122
   59   N   0.106   0.121   0.122
   60   C   0.102   0.135   0.119
   61   V   0.120   0.112   0.129
   62   S   0.102   0.143   0.118
   63   C   0.112   0.123   0.125
   64   C   0.154   0.106   0.146
   65   K   0.107   0.099   0.121
   66   D   0.104   0.089   0.117
   67   P   0.100   0.088   0.111
   68   E   0.100   0.099   0.110
   69   I   0.102   0.104   0.110
   70   D   0.101   0.105   0.109
# Measure  Position  Value    Cutoff   signal peptide?
  max. C    22       0.871
  max. Y    22       0.908
  max. S    18       0.975
  mean S     1-21    0.926
       D     1-21    0.915   0.500   YES
Name=LMTK2_HUMAN_TRANSMEM1	SP='YES' Cleavage site between pos. 21 and 22: AGA-AP D=0.915 D-cutoff=0.500 Networks=SignalP-TM
