# SignalP-4.1 euk predictions
# Name=LRFN4_HUMAN_TRANSMEM1	Length=70	Networks=SignalP-noTM
# pos  aa    C       S       Y
    1   L   0.102   0.875   0.299
    2   G   0.104   0.894   0.301
    3   G   0.100   0.918   0.296
    4   T   0.102   0.941   0.300
    5   L   0.104   0.949   0.302
    6   T   0.104   0.957   0.304
    7   V   0.102   0.967   0.301
    8   A   0.103   0.973   0.304
    9   V   0.098   0.956   0.296
   10   G   0.102   0.942   0.303
   11   G   0.100   0.948   0.301
   12   V   0.098   0.946   0.298
   13   L   0.101   0.959   0.303
   14   V   0.104   0.981   0.308
   15   A   0.100   0.976   0.302
   16   A   0.105   0.968   0.311
   17   L   0.123   0.946   0.337
   18   L   0.108   0.925   0.317
   19   V   0.108   0.941   0.317
   20   F   0.105   0.882   0.314
   21   T   0.106   0.896   0.314
   22   V   0.117   0.870   0.331
   23   A   0.108   0.878   0.318
   24   L   0.320   0.775   0.547
   25   L   0.118   0.709   0.332
   26   V   0.135   0.726   0.352
   27   R   0.110   0.798   0.316
   28   G   0.116   0.841   0.323
   29   R   0.203   0.559   0.427
   30   G   0.113   0.753   0.316
   31   A   0.244   0.460   0.462
   32   G   0.205   0.170   0.417
   33   N   0.151   0.142   0.351
   34   G   0.107   0.122   0.289
   35   R   0.143   0.106   0.326
   36   L   0.112   0.106   0.280
   37   P   0.101   0.109   0.259
   38   L   0.106   0.107   0.256
   39   K   0.104   0.100   0.246
   40   L   0.102   0.096   0.236
   41   S   0.107   0.102   0.233
   42   H   0.104   0.098   0.220
   43   V   0.108   0.103   0.216
   44   Q   0.101   0.084   0.201
   45   S   0.104   0.095   0.194
   46   Q   0.099   0.092   0.180
   47   T   0.103   0.088   0.174
   48   N   0.099   0.087   0.162
   49   G   0.095   0.103   0.150
   50   G   0.099   0.097   0.143
   51   P   0.099   0.102   0.130
   52   S   0.106   0.100   0.126
   53   P   0.095   0.103   0.108
   54   T   0.099   0.106   0.102
   55   P   0.100   0.108   0.101
   56   K   0.107   0.103   0.104
   57   A   0.104   0.107   0.102
   58   H   0.099   0.097   0.100
   59   P   0.107   0.102   0.103
   60   P   0.102   0.102   0.101
   61   R   0.107   0.106   0.103
   62   S   0.111   0.105   0.105
   63   P   0.100   0.107   0.100
   64   P   0.106   0.105   0.103
   65   P   0.107   0.103   0.103
   66   R   0.107   0.104   0.103
   67   P   0.113   0.101   0.107
   68   Q   0.106   0.102   0.104
   69   R   0.104   0.102   0.103
   70   S   0.106   0.104   0.104
# Measure  Position  Value    Cutoff   signal peptide?
  max. C    24       0.320
  max. Y    24       0.547
  max. S    14       0.981
  mean S     1-23    0.934
       D     1-23    0.756   0.450   YES
Name=LRFN4_HUMAN_TRANSMEM1	SP='YES' Cleavage site between pos. 23 and 24: TVA-LL D=0.756 D-cutoff=0.450 Networks=SignalP-noTM
