# SignalP-4.1 euk predictions
# Name=LRFN2_HUMAN_TRANSMEM1	Length=70	Networks=SignalP-TM
# pos  aa    C       S       Y
    1   L   0.102   0.351   0.189
    2   G   0.103   0.294   0.190
    3   G   0.100   0.202   0.186
    4   T   0.102   0.119   0.185
    5   M   0.104   0.087   0.182
    6   I   0.103   0.060   0.176
    7   L   0.100   0.045   0.167
    8   V   0.102   0.057   0.162
    9   I   0.103   0.061   0.156
   10   G   0.105   0.052   0.150
   11   G   0.097   0.077   0.137
   12   I   0.102   0.059   0.134
   13   I   0.103   0.075   0.126
   14   V   0.100   0.097   0.116
   15   A   0.102   0.071   0.109
   16   T   0.112   0.087   0.104
   17   L   0.103   0.135   0.092
   18   L   0.107   0.135   0.091
   19   V   0.112   0.091   0.094
   20   F   0.106   0.151   0.092
   21   I   0.106   0.121   0.095
   22   V   0.106   0.144   0.098
   23   I   0.104   0.157   0.100
   24   L   0.105   0.133   0.104
   25   M   0.100   0.194   0.105
   26   V   0.106   0.163   0.112
   27   R   0.104   0.272   0.114
   28   Y   0.104   0.375   0.120
   29   K   0.120   0.362   0.138
   30   V   0.107   0.382   0.139
   31   C   0.104   0.482   0.145
   32   N   0.155   0.298   0.187
   33   H   0.150   0.185   0.188
   34   E   0.151   0.147   0.192
   35   A   0.107   0.137   0.161
   36   P   0.096   0.119   0.153
   37   S   0.103   0.104   0.158
   38   K   0.101   0.102   0.155
   39   M   0.104   0.107   0.157
   40   A   0.103   0.115   0.154
   41   A   0.106   0.108   0.155
   42   A   0.103   0.093   0.149
   43   V   0.103   0.091   0.142
   44   S   0.103   0.091   0.135
   45   N   0.101   0.086   0.125
   46   V   0.100   0.088   0.113
   47   Y   0.103   0.085   0.107
   48   S   0.105   0.088   0.105
   49   Q   0.101   0.087   0.101
   50   T   0.105   0.093   0.101
   51   N   0.104   0.093   0.100
   52   G   0.103   0.099   0.099
   53   A   0.109   0.099   0.102
   54   Q   0.108   0.101   0.101
   55   P   0.103   0.102   0.098
   56   P   0.100   0.102   0.096
   57   P   0.103   0.103   0.098
   58   P   0.106   0.103   0.100
   59   S   0.105   0.100   0.100
   60   S   0.104   0.102   0.100
   61   A   0.102   0.106   0.100
   62   P   0.100   0.110   0.099
   63   A   0.106   0.108   0.103
   64   G   0.101   0.107   0.101
   65   A   0.106   0.106   0.104
   66   P   0.100   0.109   0.102
   67   P   0.107   0.107   0.105
   68   Q   0.104   0.105   0.104
   69   G   0.106   0.106   0.106
   70   P   0.104   0.104   0.105
# Measure  Position  Value    Cutoff   signal peptide?
  max. C    32       0.155
  max. Y    34       0.192
  max. S    31       0.482
  mean S     1-33    0.169
       D     1-33    0.183   0.500   NO
Name=LRFN2_HUMAN_TRANSMEM1	SP='NO' D=0.183 D-cutoff=0.500 Networks=SignalP-TM
