# SignalP-4.1 euk predictions
# Name=LRIG2_HUMAN_TRANSMEM1	Length=70	Networks=SignalP-TM
# pos  aa    C       S       Y
    1   W   0.100   0.547   0.234
    2   T   0.102   0.417   0.236
    3   T   0.102   0.319   0.235
    4   V   0.103   0.247   0.231
    5   G   0.102   0.230   0.226
    6   I   0.100   0.180   0.219
    7   V   0.099   0.180   0.212
    8   I   0.104   0.206   0.211
    9   I   0.103   0.170   0.203
   10   V   0.097   0.133   0.190
   11   V   0.104   0.145   0.190
   12   V   0.104   0.147   0.181
   13   C   0.100   0.117   0.169
   14   C   0.106   0.072   0.165
   15   V   0.110   0.085   0.156
   16   V   0.101   0.090   0.139
   17   G   0.103   0.085   0.131
   18   T   0.290   0.042   0.208
   19   S   0.134   0.061   0.134
   20   L   0.142   0.056   0.132
   21   I   0.163   0.038   0.136
   22   W   0.154   0.055   0.126
   23   V   0.105   0.051   0.098
   24   I   0.110   0.046   0.096
   25   V   0.102   0.079   0.089
   26   I   0.102   0.063   0.086
   27   Y   0.106   0.078   0.084
   28   H   0.102   0.124   0.081
   29   M   0.109   0.108   0.086
   30   R   0.102   0.097   0.084
   31   R   0.100   0.114   0.084
   32   K   0.106   0.118   0.087
   33   N   0.104   0.113   0.090
   34   E   0.104   0.116   0.092
   35   D   0.107   0.112   0.096
   36   Y   0.111   0.112   0.101
   37   S   0.100   0.110   0.098
   38   I   0.102   0.114   0.101
   39   T   0.102   0.112   0.103
   40   N   0.102   0.113   0.104
   41   T   0.102   0.109   0.106
   42   E   0.103   0.103   0.107
   43   E   0.104   0.104   0.107
   44   L   0.102   0.098   0.106
   45   N   0.102   0.098   0.106
   46   L   0.102   0.096   0.106
   47   P   0.107   0.091   0.107
   48   A   0.104   0.088   0.105
   49   D   0.099   0.085   0.102
   50   I   0.103   0.085   0.103
   51   P   0.099   0.089   0.100
   52   S   0.103   0.096   0.101
   53   Y   0.100   0.097   0.099
   54   L   0.101   0.093   0.099
   55   S   0.099   0.097   0.097
   56   S   0.098   0.100   0.096
   57   Q   0.101   0.097   0.098
   58   G   0.104   0.102   0.098
   59   T   0.100   0.102   0.097
   60   L   0.103   0.100   0.099
   61   S   0.099   0.103   0.097
   62   E   0.103   0.100   0.099
   63   P   0.102   0.102   0.099
   64   Q   0.101   0.105   0.099
   65   E   0.105   0.102   0.102
   66   G   0.102   0.104   0.101
   67   Y   0.096   0.105   0.098
   68   S   0.104   0.104   0.103
   69   N   0.097   0.108   0.099
   70   S   0.102   0.108   0.102
# Measure  Position  Value    Cutoff   signal peptide?
  max. C    18       0.290
  max. Y    18       0.208
  max. S     1       0.547
  mean S     1-17    0.198
       D     1-17    0.204   0.500   NO
Name=LRIG2_HUMAN_TRANSMEM1	SP='NO' D=0.204 D-cutoff=0.500 Networks=SignalP-TM
