# SignalP-4.1 euk predictions
# Name=LRRT1_HUMAN_TRANSMEM1	Length=70	Networks=SignalP-noTM
# pos  aa    C       S       Y
    1   V   0.102   0.739   0.274
    2   Q   0.101   0.848   0.274
    3   I   0.105   0.883   0.280
    4   H   0.096   0.920   0.269
    5   K   0.103   0.905   0.280
    6   V   0.098   0.921   0.274
    7   V   0.099   0.942   0.277
    8   T   0.107   0.952   0.289
    9   G   0.103   0.956   0.286
   10   T   0.095   0.971   0.277
   11   M   0.106   0.961   0.294
   12   A   0.101   0.941   0.288
   13   L   0.100   0.955   0.289
   14   I   0.101   0.951   0.292
   15   F   0.100   0.956   0.291
   16   S   0.106   0.969   0.303
   17   F   0.103   0.971   0.300
   18   L   0.102   0.982   0.300
   19   I   0.109   0.984   0.312
   20   V   0.098   0.969   0.298
   21   V   0.101   0.973   0.304
   22   L   0.104   0.973   0.311
   23   V   0.107   0.956   0.317
   24   L   0.170   0.899   0.402
   25   Y   0.108   0.908   0.321
   26   V   0.148   0.891   0.374
   27   S   0.109   0.908   0.322
   28   W   0.119   0.914   0.336
   29   K   0.336   0.812   0.565
   30   C   0.135   0.815   0.356
   31   F   0.139   0.675   0.361
   32   P   0.101   0.790   0.306
   33   A   0.190   0.506   0.417
   34   S   0.117   0.281   0.324
   35   L   0.103   0.236   0.298
   36   R   0.115   0.160   0.310
   37   Q   0.114   0.142   0.301
   38   L   0.109   0.111   0.288
   39   R   0.111   0.107   0.282
   40   Q   0.106   0.112   0.269
   41   C   0.106   0.116   0.261
   42   F   0.110   0.102   0.258
   43   V   0.103   0.109   0.241
   44   T   0.106   0.106   0.235
   45   Q   0.100   0.104   0.220
   46   R   0.092   0.091   0.202
   47   R   0.101   0.103   0.204
   48   K   0.100   0.098   0.193
   49   Q   0.095   0.097   0.178
   50   K   0.103   0.104   0.175
   51   Q   0.097   0.107   0.160
   52   K   0.102   0.104   0.154
   53   Q   0.101   0.096   0.142
   54   T   0.100   0.089   0.131
   55   M   0.102   0.090   0.120
   56   H   0.103   0.093   0.112
   57   Q   0.097   0.098   0.104
   58   M   0.103   0.100   0.105
   59   A   0.102   0.097   0.103
   60   A   0.099   0.105   0.100
   61   M   0.096   0.105   0.098
   62   S   0.107   0.104   0.104
   63   A   0.099   0.102   0.100
   64   Q   0.096   0.101   0.098
   65   E   0.102   0.103   0.101
   66   Y   0.096   0.101   0.098
   67   Y   0.100   0.100   0.100
   68   V   0.103   0.100   0.101
   69   D   0.100   0.104   0.100
   70   Y   0.105   0.101   0.103
# Measure  Position  Value    Cutoff   signal peptide?
  max. C    29       0.336
  max. Y    29       0.565
  max. S    19       0.984
  mean S     1-28    0.932
       D     1-28    0.763   0.450   YES
Name=LRRT1_HUMAN_TRANSMEM1	SP='YES' Cleavage site between pos. 28 and 29: VSW-KC D=0.763 D-cutoff=0.450 Networks=SignalP-noTM
