# SignalP-4.1 euk predictions
# Name=LYSM4_HUMAN_TRANSMEM1	Length=70	Networks=SignalP-TM
# pos  aa    C       S       Y
    1   D   0.102   0.657   0.259
    2   C   0.102   0.668   0.258
    3   G   0.103   0.625   0.260
    4   I   0.101   0.475   0.257
    5   Q   0.102   0.346   0.256
    6   W   0.100   0.271   0.250
    7   W   0.099   0.225   0.242
    8   N   0.102   0.127   0.239
    9   A   0.102   0.122   0.231
   10   V   0.095   0.089   0.215
   11   F   0.103   0.106   0.215
   12   I   0.102   0.101   0.204
   13   M   0.100   0.126   0.191
   14   L   0.104   0.120   0.185
   15   L   0.101   0.125   0.171
   16   I   0.103   0.171   0.161
   17   G   0.103   0.170   0.149
   18   I   0.122   0.197   0.150
   19   V   0.103   0.150   0.130
   20   L   0.105   0.110   0.125
   21   P   0.103   0.128   0.119
   22   V   0.367   0.116   0.220
   23   F   0.100   0.175   0.114
   24   Y   0.104   0.199   0.118
   25   L   0.160   0.133   0.151
   26   V   0.125   0.137   0.135
   27   Y   0.102   0.172   0.122
   28   F   0.104   0.264   0.125
   29   K   0.115   0.238   0.136
   30   I   0.103   0.233   0.132
   31   Q   0.104   0.249   0.134
   32   A   0.100   0.255   0.134
   33   S   0.130   0.200   0.154
   34   G   0.105   0.161   0.140
   35   E   0.208   0.108   0.199
   36   T   0.104   0.113   0.140
   37   P   0.101   0.109   0.138
   38   N   0.104   0.105   0.138
   39   S   0.102   0.110   0.135
   40   L   0.099   0.113   0.132
   41   N   0.100   0.104   0.132
   42   T   0.103   0.105   0.132
   43   T   0.104   0.100   0.128
   44   V   0.106   0.095   0.125
   45   I   0.105   0.095   0.120
   46   P   0.102   0.095   0.114
   47   N   0.100   0.090   0.107
   48   G   0.102   0.091   0.105
   49   S   0.103   0.092   0.103
   50   M   0.102   0.091   0.101
   51   A   0.103   0.096   0.101
   52   M   0.098   0.097   0.098
   53   G   0.103   0.095   0.101
   54   T   0.101   0.097   0.099
   55   V   0.105   0.101   0.100
   56   P   0.103   0.106   0.099
   57   G   0.103   0.113   0.099
   58   Q   0.099   0.115   0.098
   59   A   0.106   0.120   0.102
   60   P   0.101   0.109   0.100
   61   R   0.105   0.103   0.103
   62   L   0.103   0.111   0.103
   63   A   0.108   0.099   0.106
   64   V   0.101   0.107   0.102
   65   A   0.105   0.108   0.105
   66   V   0.105   0.099   0.105
   67   P   0.107   0.100   0.107
   68   A   0.104   0.104   0.105
   69   V   0.097   0.104   0.102
   70   T   0.106   0.100   0.106
# Measure  Position  Value    Cutoff   signal peptide?
  max. C    22       0.367
  max. Y    22       0.220
  max. S     2       0.668
  mean S     1-21    0.243
       D     1-21    0.229   0.500   NO
Name=LYSM4_HUMAN_TRANSMEM1	SP='NO' D=0.229 D-cutoff=0.500 Networks=SignalP-TM
