# SignalP-4.1 euk predictions
# Name=MARH5_HUMAN_TRANSMEM2	Length=70	Networks=SignalP-TM
# pos  aa    C       S       Y
    1   M   0.102   0.331   0.183
    2   E   0.102   0.397   0.184
    3   R   0.103   0.373   0.186
    4   A   0.103   0.352   0.187
    5   D   0.100   0.268   0.184
    6   P   0.104   0.271   0.186
    7   L   0.103   0.193   0.185
    8   F   0.104   0.188   0.183
    9   L   0.104   0.195   0.180
   10   L   0.102   0.226   0.176
   11   I   0.104   0.169   0.175
   12   G   0.105   0.212   0.172
   13   L   0.101   0.207   0.166
   14   P   0.104   0.201   0.166
   15   T   0.103   0.167   0.162
   16   I   0.103   0.123   0.158
   17   P   0.097   0.180   0.148
   18   V   0.100   0.173   0.145
   19   M   0.100   0.222   0.141
   20   L   0.099   0.220   0.139
   21   I   0.114   0.168   0.148
   22   L   0.106   0.147   0.142
   23   G   0.103   0.135   0.138
   24   K   0.174   0.092   0.178
   25   M   0.104   0.099   0.134
   26   I   0.107   0.066   0.134
   27   R   0.103   0.078   0.127
   28   W   0.103   0.118   0.123
   29   E   0.108   0.091   0.124
   30   D   0.100   0.080   0.117
   31   Y   0.103   0.085   0.117
   32   V   0.098   0.075   0.112
   33   L   0.100   0.092   0.109
   34   R   0.104   0.097   0.107
   35   L   0.105   0.082   0.103
   36   W   0.104   0.107   0.100
   37   R   0.100   0.089   0.096
   38   K   0.102   0.094   0.095
   39   Y   0.100   0.100   0.095
   40   S   0.104   0.089   0.096
   41   N   0.103   0.086   0.097
   42   K   0.101   0.088   0.096
   43   L   0.100   0.098   0.095
   44   Q   0.099   0.104   0.095
   45   I   0.099   0.115   0.095
   46   L   0.100   0.115   0.097
   47   N   0.100   0.112   0.098
   48   S   0.102   0.093   0.100
   49   I   0.103   0.091   0.100
   50   F   0.102   0.090   0.100
   51   P   0.104   0.097   0.101
   52   G   0.102   0.098   0.100
   53   I   0.098   0.101   0.098
   54   G   0.104   0.129   0.101
   55   C   0.099   0.102   0.100
   56   P   0.098   0.089   0.100
   57   V   0.101   0.080   0.102
   58   P   0.101   0.090   0.101
   59   R   0.101   0.095   0.101
   60   I   0.102   0.097   0.100
   61   P   0.105   0.099   0.101
   62   A   0.104   0.104   0.100
   63   E   0.100   0.105   0.099
   64   A   0.106   0.103   0.102
   65   N   0.100   0.103   0.100
   66   P   0.105   0.104   0.102
   67   L   0.103   0.106   0.102
   68   A   0.107   0.103   0.104
   69   D   0.101   0.106   0.100
   70   H   0.104   0.105   0.102
# Measure  Position  Value    Cutoff   signal peptide?
  max. C    24       0.174
  max. Y    24       0.178
  max. S     2       0.397
  mean S     1-23    0.223
       D     1-23    0.196   0.500   NO
Name=MARH5_HUMAN_TRANSMEM2	SP='NO' D=0.196 D-cutoff=0.500 Networks=SignalP-TM
