# SignalP-4.1 euk predictions
# Name=MARH9_HUMAN_TRANSMEM2	Length=70	Networks=SignalP-TM
# pos  aa    C       S       Y
    1   Q   0.101   0.166   0.130
    2   R   0.103   0.178   0.131
    3   Q   0.102   0.206   0.130
    4   D   0.102   0.260   0.132
    5   L   0.100   0.222   0.133
    6   L   0.102   0.193   0.136
    7   F   0.101   0.178   0.136
    8   Q   0.103   0.182   0.138
    9   I   0.102   0.204   0.137
   10   C   0.102   0.217   0.138
   11   Y   0.103   0.237   0.140
   12   G   0.101   0.213   0.140
   13   M   0.096   0.199   0.138
   14   Y   0.101   0.171   0.143
   15   G   0.098   0.179   0.141
   16   F   0.099   0.170   0.142
   17   M   0.100   0.153   0.142
   18   D   0.102   0.134   0.143
   19   V   0.102   0.145   0.139
   20   V   0.102   0.172   0.137
   21   C   0.101   0.188   0.136
   22   I   0.140   0.180   0.160
   23   G   0.106   0.148   0.139
   24   L   0.109   0.130   0.140
   25   I   0.105   0.124   0.135
   26   I   0.102   0.109   0.130
   27   H   0.102   0.149   0.127
   28   E   0.102   0.164   0.125
   29   G   0.103   0.230   0.126
   30   S   0.103   0.149   0.127
   31   S   0.102   0.146   0.126
   32   V   0.176   0.136   0.165
   33   Y   0.105   0.120   0.128
   34   R   0.099   0.114   0.123
   35   I   0.104   0.106   0.124
   36   F   0.103   0.101   0.122
   37   K   0.103   0.092   0.119
   38   R   0.100   0.099   0.116
   39   W   0.102   0.102   0.116
   40   Q   0.102   0.106   0.115
   41   A   0.103   0.104   0.115
   42   V   0.101   0.101   0.113
   43   N   0.104   0.100   0.113
   44   Q   0.102   0.100   0.107
   45   Q   0.101   0.101   0.105
   46   W   0.103   0.096   0.104
   47   K   0.103   0.096   0.103
   48   V   0.099   0.095   0.100
   49   L   0.101   0.097   0.100
   50   N   0.103   0.098   0.101
   51   Y   0.102   0.103   0.101
   52   D   0.101   0.109   0.101
   53   K   0.103   0.102   0.102
   54   T   0.099   0.099   0.100
   55   K   0.102   0.102   0.101
   56   D   0.100   0.101   0.100
   57   I   0.102   0.096   0.101
   58   G   0.102   0.099   0.101
   59   G   0.100   0.099   0.100
   60   D   0.105   0.097   0.102
   61   A   0.104   0.097   0.102
   62   G   0.098   0.101   0.099
   63   G   0.101   0.101   0.100
   64   G   0.100   0.103   0.100
   65   T   0.105   0.101   0.103
   66   A   0.106   0.102   0.103
   67   G   0.099   0.104   0.099
   68   K   0.100   0.106   0.100
   69   S   0.103   0.106   0.102
   70   G   0.103   0.105   0.102
# Measure  Position  Value    Cutoff   signal peptide?
  max. C    32       0.176
  max. Y    32       0.165
  max. S     4       0.260
  mean S     1-31    0.177
       D     1-31    0.170   0.500   NO
Name=MARH9_HUMAN_TRANSMEM2	SP='NO' D=0.170 D-cutoff=0.500 Networks=SignalP-TM
