# SignalP-4.1 euk predictions
# Name=MBTP2_HUMAN_TRANSMEM5	Length=70	Networks=SignalP-TM
# pos  aa    C       S       Y
    1   V   0.102   0.089   0.096
    2   V   0.103   0.093   0.096
    3   H   0.102   0.098   0.096
    4   E   0.101   0.109   0.096
    5   I   0.101   0.133   0.096
    6   G   0.103   0.139   0.099
    7   H   0.099   0.127   0.099
    8   G   0.104   0.128   0.102
    9   I   0.101   0.131   0.102
   10   A   0.105   0.150   0.106
   11   A   0.098   0.176   0.104
   12   I   0.103   0.151   0.110
   13   R   0.100   0.152   0.110
   14   E   0.104   0.149   0.114
   15   Q   0.102   0.160   0.115
   16   V   0.100   0.153   0.116
   17   R   0.102   0.111   0.120
   18   F   0.104   0.103   0.121
   19   N   0.106   0.099   0.122
   20   G   0.103   0.125   0.119
   21   F   0.103   0.115   0.118
   22   G   0.103   0.135   0.118
   23   I   0.100   0.123   0.117
   24   F   0.103   0.094   0.118
   25   L   0.101   0.129   0.116
   26   F   0.102   0.141   0.114
   27   I   0.102   0.113   0.114
   28   I   0.102   0.123   0.113
   29   Y   0.102   0.098   0.112
   30   P   0.102   0.096   0.110
   31   G   0.106   0.099   0.110
   32   A   0.099   0.095   0.106
   33   F   0.100   0.072   0.106
   34   V   0.102   0.083   0.107
   35   D   0.126   0.093   0.117
   36   L   0.101   0.105   0.104
   37   F   0.105   0.104   0.105
   38   T   0.102   0.084   0.103
   39   T   0.107   0.132   0.104
   40   H   0.102   0.133   0.102
   41   L   0.102   0.148   0.102
   42   Q   0.102   0.093   0.103
   43   L   0.100   0.093   0.101
   44   I   0.103   0.107   0.103
   45   S   0.098   0.084   0.100
   46   P   0.101   0.066   0.101
   47   V   0.107   0.069   0.103
   48   Q   0.100   0.056   0.100
   49   Q   0.102   0.047   0.100
   50   L   0.121   0.044   0.107
   51   R   0.098   0.043   0.094
   52   I   0.101   0.075   0.093
   53   F   0.098   0.078   0.091
   54   C   0.103   0.074   0.092
   55   A   0.104   0.094   0.090
   56   G   0.100   0.074   0.085
   57   I   0.100   0.075   0.085
   58   W   0.098   0.097   0.083
   59   H   0.100   0.130   0.083
   60   N   0.101   0.160   0.086
   61   F   0.099   0.155   0.089
   62   V   0.102   0.140   0.094
   63   L   0.105   0.155   0.098
   64   A   0.106   0.152   0.103
   65   L   0.105   0.140   0.106
   66   L   0.105   0.125   0.109
   67   G   0.101   0.119   0.109
   68   I   0.102   0.111   0.111
   69   L   0.106   0.147   0.114
   70   A   0.102   0.149   0.114
# Measure  Position  Value    Cutoff   signal peptide?
  max. C    35       0.126
  max. Y    19       0.122
  max. S    11       0.176
  mean S     1-18    0.131
       D     1-18    0.125   0.500   NO
Name=MBTP2_HUMAN_TRANSMEM5	SP='NO' D=0.125 D-cutoff=0.500 Networks=SignalP-TM
