# SignalP-4.1 euk predictions
# Name=MFS4B_HUMAN_TRANSMEM6	Length=70	Networks=SignalP-TM
# pos  aa    C       S       Y
    1   A   0.102   0.458   0.216
    2   S   0.100   0.557   0.214
    3   A   0.102   0.546   0.218
    4   E   0.106   0.484   0.223
    5   T   0.104   0.472   0.222
    6   F   0.100   0.386   0.218
    7   R   0.103   0.406   0.220
    8   R   0.105   0.420   0.221
    9   A   0.103   0.415   0.219
   10   K   0.096   0.473   0.210
   11   Y   0.105   0.429   0.219
   12   H   0.101   0.510   0.215
   13   N   0.104   0.497   0.220
   14   A   0.103   0.499   0.219
   15   L   0.097   0.529   0.213
   16   L   0.105   0.422   0.223
   17   C   0.102   0.376   0.217
   18   L   0.103   0.292   0.216
   19   L   0.102   0.338   0.212
   20   F   0.101   0.263   0.208
   21   L   0.105   0.249   0.210
   22   F   0.103   0.229   0.205
   23   F   0.103   0.232   0.201
   24   F   0.102   0.221   0.198
   25   F   0.098   0.307   0.189
   26   Y   0.101   0.324   0.189
   27   V   0.098   0.351   0.183
   28   G   0.098   0.290   0.180
   29   A   0.143   0.351   0.213
   30   E   0.813   0.157   0.496
   31   V   0.144   0.180   0.203
   32   T   0.198   0.182   0.231
   33   Y   0.116   0.187   0.174
   34   G   0.108   0.167   0.165
   35   S   0.251   0.099   0.248
   36   Y   0.103   0.099   0.156
   37   V   0.103   0.090   0.152
   38   F   0.102   0.114   0.148
   39   S   0.103   0.150   0.146
   40   F   0.107   0.105   0.145
   41   A   0.103   0.117   0.137
   42   T   0.099   0.112   0.127
   43   T   0.105   0.109   0.126
   44   H   0.104   0.093   0.118
   45   A   0.104   0.092   0.116
   46   G   0.105   0.091   0.113
   47   M   0.099   0.090   0.107
   48   K   0.101   0.086   0.105
   49   E   0.103   0.081   0.103
   50   S   0.103   0.078   0.103
   51   E   0.104   0.088   0.102
   52   A   0.104   0.092   0.102
   53   A   0.113   0.091   0.106
   54   G   0.101   0.084   0.098
   55   L   0.101   0.083   0.097
   56   N   0.104   0.073   0.097
   57   S   0.103   0.071   0.095
   58   I   0.102   0.081   0.093
   59   F   0.102   0.086   0.093
   60   W   0.106   0.087   0.094
   61   G   0.104   0.102   0.093
   62   T   0.101   0.106   0.092
   63   F   0.104   0.119   0.095
   64   A   0.106   0.114   0.097
   65   A   0.100   0.118   0.095
   66   C   0.096   0.118   0.095
   67   R   0.102   0.117   0.099
   68   G   0.104   0.105   0.101
   69   L   0.102   0.097   0.100
   70   A   0.105   0.106   0.102
# Measure  Position  Value    Cutoff   signal peptide?
  max. C    30       0.813
  max. Y    30       0.496
  max. S     2       0.557
  mean S     1-29    0.391
       D     1-29    0.454   0.500   NO
Name=MFS4B_HUMAN_TRANSMEM6	SP='NO' D=0.454 D-cutoff=0.500 Networks=SignalP-TM
