# SignalP-4.1 euk predictions
# Name=MFS4B_HUMAN_TRANSMEM9	Length=70	Networks=SignalP-noTM
# pos  aa    C       S       Y
    1   A   0.103   0.147   0.123
    2   V   0.097   0.121   0.120
    3   I   0.104   0.123   0.123
    4   G   0.102   0.115   0.122
    5   I   0.100   0.108   0.120
    6   L   0.104   0.115   0.122
    7   Q   0.103   0.122   0.120
    8   G   0.101   0.114   0.119
    9   K   0.100   0.114   0.117
   10   Y   0.103   0.109   0.119
   11   P   0.102   0.098   0.117
   12   D   0.104   0.089   0.118
   13   L   0.096   0.114   0.111
   14   P   0.099   0.128   0.113
   15   V   0.099   0.136   0.112
   16   V   0.098   0.133   0.111
   17   L   0.099   0.124   0.111
   18   Y   0.100   0.137   0.111
   19   T   0.101   0.144   0.112
   20   S   0.106   0.127   0.115
   21   L   0.101   0.124   0.112
   22   G   0.103   0.127   0.112
   23   A   0.108   0.125   0.114
   24   S   0.101   0.127   0.110
   25   I   0.109   0.122   0.115
   26   A   0.097   0.129   0.108
   27   T   0.127   0.137   0.124
   28   G   0.106   0.149   0.114
   29   I   0.151   0.140   0.137
   30   L   0.101   0.133   0.112
   31   F   0.112   0.120   0.119
   32   P   0.099   0.149   0.112
   33   V   0.106   0.165   0.116
   34   L   0.107   0.376   0.118
   35   Y   0.109   0.394   0.125
   36   K   0.100   0.350   0.125
   37   L   0.104   0.322   0.132
   38   A   0.106   0.302   0.136
   39   T   0.116   0.180   0.145
   40   S   0.110   0.176   0.143
   41   P   0.104   0.138   0.140
   42   L   0.106   0.130   0.141
   43   D   0.103   0.122   0.139
   44   R   0.098   0.137   0.135
   45   Q   0.103   0.125   0.139
   46   R   0.104   0.121   0.140
   47   K   0.101   0.129   0.137
   48   E   0.102   0.125   0.138
   49   D   0.098   0.122   0.136
   50   R   0.099   0.127   0.136
   51   K   0.101   0.119   0.137
   52   S   0.102   0.117   0.137
   53   E   0.097   0.110   0.134
   54   D   0.103   0.102   0.137
   55   Q   0.103   0.091   0.137
   56   K   0.107   0.098   0.138
   57   A   0.104   0.091   0.131
   58   L   0.101   0.098   0.123
   59   L   0.105   0.097   0.121
   60   S   0.104   0.103   0.116
   61   S   0.103   0.101   0.112
   62   S   0.105   0.099   0.111
   63   G   0.101   0.095   0.107
   64   L   0.100   0.097   0.106
   65   N   0.101   0.096   0.105
   66   E   0.097   0.097   0.103
   67   Y   0.102   0.099   0.105
   68   E   0.098   0.102   0.102
   69   E   0.100   0.101   0.102
   70   E   0.097   0.107   0.100
# Measure  Position  Value    Cutoff   signal peptide?
  max. C    29       0.151
  max. Y    39       0.145
  max. S    35       0.394
  mean S     1-38    0.156
       D     1-38    0.151   0.450   NO
Name=MFS4B_HUMAN_TRANSMEM9	SP='NO' D=0.151 D-cutoff=0.450 Networks=SignalP-noTM
