# SignalP-4.1 euk predictions
# Name=MFS6L_HUMAN_TRANSMEM10	Length=70	Networks=SignalP-TM
# pos  aa    C       S       Y
    1   L   0.102   0.146   0.122
    2   F   0.102   0.172   0.122
    3   R   0.102   0.181   0.123
    4   G   0.105   0.169   0.126
    5   H   0.099   0.168   0.123
    6   F   0.104   0.210   0.126
    7   Y   0.103   0.219   0.128
    8   G   0.100   0.234   0.128
    9   S   0.098   0.224   0.129
   10   G   0.101   0.257   0.133
   11   C   0.098   0.150   0.134
   12   S   0.101   0.144   0.136
   13   L   0.097   0.176   0.134
   14   G   0.100   0.229   0.136
   15   S   0.101   0.271   0.139
   16   F   0.101   0.298   0.142
   17   V   0.102   0.311   0.146
   18   G   0.101   0.228   0.149
   19   G   0.102   0.197   0.151
   20   F   0.112   0.120   0.159
   21   V   0.105   0.083   0.151
   22   V   0.101   0.077   0.145
   23   M   0.099   0.087   0.140
   24   R   0.100   0.083   0.137
   25   F   0.105   0.077   0.135
   26   S   0.107   0.045   0.135
   27   L   0.106   0.040   0.131
   28   A   0.102   0.033   0.125
   29   V   0.121   0.030   0.130
   30   L   0.103   0.027   0.112
   31   Y   0.106   0.021   0.105
   32   Q   0.108   0.017   0.094
   33   A   0.113   0.024   0.087
   34   C   0.101   0.019   0.074
   35   C   0.102   0.033   0.070
   36   V   0.109   0.026   0.069
   37   A   0.104   0.025   0.065
   38   L   0.116   0.022   0.065
   39   L   0.101   0.034   0.056
   40   L   0.102   0.033   0.054
   41   W   0.104   0.042   0.053
   42   L   0.103   0.068   0.053
   43   A   0.103   0.097   0.056
   44   L   0.104   0.088   0.060
   45   L   0.105   0.118   0.064
   46   L   0.113   0.097   0.072
   47   S   0.103   0.118   0.073
   48   I   0.118   0.136   0.083
   49   Q   0.105   0.223   0.084
   50   R   0.109   0.213   0.094
   51   R   0.115   0.197   0.104
   52   L   0.108   0.136   0.107
   53   P   0.098   0.149   0.106
   54   R   0.123   0.112   0.122
   55   E   0.102   0.099   0.114
   56   R   0.099   0.102   0.114
   57   K   0.104   0.096   0.118
   58   I   0.102   0.101   0.117
   59   K   0.099   0.099   0.116
   60   Y   0.104   0.098   0.118
   61   S   0.100   0.102   0.116
   62   K   0.103   0.099   0.117
   63   L   0.105   0.101   0.117
   64   L   0.104   0.102   0.113
   65   S   0.103   0.101   0.108
   66   M   0.103   0.097   0.105
   67   E   0.104   0.097   0.104
   68   V   0.103   0.097   0.102
   69   S   0.101   0.098   0.100
   70   D   0.103   0.094   0.101
# Measure  Position  Value    Cutoff   signal peptide?
  max. C    54       0.123
  max. Y    20       0.159
  max. S    17       0.311
  mean S     1-19    0.210
       D     1-19    0.179   0.500   NO
Name=MFS6L_HUMAN_TRANSMEM10	SP='NO' D=0.179 D-cutoff=0.500 Networks=SignalP-TM
