# SignalP-4.1 euk predictions
# Name=MILR1_HUMAN_TRANSMEM1	Length=70	Networks=SignalP-TM
# pos  aa    C       S       Y
    1   P   0.103   0.595   0.247
    2   F   0.102   0.533   0.247
    3   C   0.104   0.544   0.248
    4   L   0.102   0.405   0.245
    5   K   0.103   0.275   0.243
    6   L   0.100   0.187   0.235
    7   L   0.104   0.087   0.233
    8   L   0.103   0.129   0.224
    9   P   0.106   0.139   0.219
   10   G   0.103   0.119   0.208
   11   L   0.100   0.119   0.196
   12   L   0.106   0.154   0.193
   13   L   0.101   0.147   0.179
   14   L   0.099   0.139   0.168
   15   L   0.101   0.117   0.161
   16   V   0.100   0.085   0.148
   17   V   0.101   0.071   0.138
   18   I   0.103   0.099   0.127
   19   I   0.137   0.092   0.135
   20   L   0.105   0.105   0.113
   21   I   0.102   0.127   0.108
   22   L   0.107   0.152   0.112
   23   A   0.105   0.227   0.112
   24   F   0.644   0.135   0.284
   25   W   0.108   0.215   0.117
   26   V   0.126   0.267   0.130
   27   L   0.111   0.256   0.125
   28   P   0.102   0.379   0.123
   29   K   0.258   0.197   0.207
   30   Y   0.106   0.177   0.135
   31   K   0.107   0.185   0.139
   32   T   0.114   0.122   0.146
   33   R   0.132   0.103   0.158
   34   K   0.112   0.090   0.146
   35   A   0.108   0.101   0.142
   36   M   0.122   0.102   0.150
   37   R   0.101   0.096   0.136
   38   N   0.114   0.093   0.141
   39   N   0.103   0.110   0.132
   40   V   0.102   0.113   0.129
   41   P   0.105   0.117   0.126
   42   R   0.104   0.114   0.121
   43   D   0.101   0.113   0.112
   44   R   0.103   0.109   0.110
   45   G   0.105   0.101   0.109
   46   D   0.099   0.103   0.103
   47   T   0.105   0.101   0.105
   48   A   0.103   0.097   0.104
   49   M   0.099   0.092   0.102
   50   E   0.103   0.095   0.104
   51   V   0.103   0.094   0.103
   52   G   0.104   0.093   0.104
   53   I   0.104   0.096   0.104
   54   Y   0.103   0.092   0.103
   55   A   0.105   0.093   0.103
   56   N   0.099   0.090   0.099
   57   I   0.104   0.089   0.101
   58   L   0.104   0.092   0.100
   59   E   0.105   0.096   0.100
   60   K   0.104   0.101   0.099
   61   Q   0.102   0.103   0.098
   62   A   0.104   0.103   0.099
   63   K   0.099   0.104   0.097
   64   E   0.102   0.104   0.099
   65   E   0.099   0.106   0.098
   66   S   0.103   0.104   0.100
   67   V   0.101   0.106   0.099
   68   P   0.100   0.106   0.100
   69   E   0.103   0.105   0.101
   70   V   0.101   0.106   0.101
# Measure  Position  Value    Cutoff   signal peptide?
  max. C    24       0.644
  max. Y    24       0.284
  max. S     1       0.595
  mean S     1-23    0.202
       D     1-23    0.251   0.500   NO
Name=MILR1_HUMAN_TRANSMEM1	SP='NO' D=0.251 D-cutoff=0.500 Networks=SignalP-TM
