# SignalP-4.1 euk predictions
# Name=MITOS_HUMAN_TRANSMEM2	Length=70	Networks=SignalP-noTM
# pos  aa    C       S       Y
    1   S   0.102   0.692   0.266
    2   Q   0.100   0.672   0.263
    3   N   0.101   0.661   0.264
    4   L   0.099   0.712   0.262
    5   S   0.101   0.745   0.264
    6   T   0.100   0.769   0.264
    7   H   0.103   0.776   0.268
    8   L   0.100   0.656   0.265
    9   L   0.099   0.678   0.263
   10   I   0.100   0.692   0.265
   11   L   0.100   0.669   0.264
   12   Y   0.104   0.552   0.270
   13   G   0.100   0.524   0.263
   14   V   0.098   0.595   0.259
   15   Q   0.103   0.728   0.264
   16   G   0.103   0.818   0.265
   17   L   0.191   0.669   0.362
   18   L   0.097   0.691   0.258
   19   T   0.100   0.699   0.261
   20   F   0.186   0.407   0.357
   21   G   0.104   0.379   0.264
   22   Y   0.140   0.273   0.303
   23   L   0.103   0.365   0.256
   24   V   0.104   0.291   0.254
   25   L   0.099   0.367   0.246
   26   L   0.104   0.412   0.249
   27   S   0.123   0.248   0.267
   28   H   0.104   0.246   0.240
   29   V   0.105   0.344   0.237
   30   G   0.109   0.294   0.237
   31   E   0.102   0.268   0.226
   32   R   0.103   0.241   0.223
   33   M   0.137   0.168   0.250
   34   A   0.100   0.237   0.209
   35   V   0.313   0.113   0.363
   36   D   0.103   0.112   0.203
   37   M   0.105   0.133   0.200
   38   R   0.101   0.120   0.189
   39   R   0.108   0.137   0.186
   40   A   0.107   0.133   0.178
   41   L   0.098   0.111   0.163
   42   F   0.105   0.111   0.160
   43   S   0.106   0.108   0.157
   44   S   0.109   0.105   0.155
   45   L   0.104   0.101   0.149
   46   L   0.103   0.102   0.144
   47   R   0.103   0.096   0.141
   48   Q   0.106   0.090   0.138
   49   D   0.104   0.092   0.131
   50   I   0.102   0.085   0.127
   51   T   0.100   0.093   0.123
   52   F   0.095   0.091   0.115
   53   F   0.098   0.090   0.113
   54   D   0.102   0.108   0.111
   55   A   0.102   0.110   0.108
   56   N   0.103   0.099   0.108
   57   K   0.097   0.100   0.101
   58   T   0.097   0.098   0.101
   59   G   0.108   0.100   0.106
   60   Q   0.099   0.100   0.102
   61   L   0.099   0.100   0.101
   62   V   0.095   0.100   0.098
   63   S   0.102   0.098   0.101
   64   R   0.105   0.099   0.102
   65   L   0.105   0.100   0.102
   66   T   0.102   0.098   0.100
   67   T   0.099   0.095   0.098
   68   D   0.100   0.098   0.099
   69   V   0.101   0.097   0.099
   70   Q   0.103   0.098   0.100
# Measure  Position  Value    Cutoff   signal peptide?
  max. C    35       0.313
  max. Y    35       0.363
  max. S    16       0.818
  mean S     1-34    0.516
       D     1-34    0.446   0.450   NO
Name=MITOS_HUMAN_TRANSMEM2	SP='NO' D=0.446 D-cutoff=0.450 Networks=SignalP-noTM
