# SignalP-4.1 euk predictions
# Name=MLC1_HUMAN_TRANSMEM2	Length=70	Networks=SignalP-noTM
# pos  aa    C       S       Y
    1   P   0.105   0.133   0.118
    2   A   0.105   0.155   0.118
    3   E   0.095   0.167   0.113
    4   M   0.103   0.224   0.118
    5   D   0.100   0.243   0.118
    6   Y   0.103   0.160   0.122
    7   L   0.101   0.133   0.121
    8   R   0.104   0.126   0.123
    9   C   0.109   0.124   0.126
   10   A   0.107   0.112   0.125
   11   A   0.095   0.108   0.117
   12   G   0.100   0.122   0.120
   13   S   0.099   0.122   0.119
   14   C   0.097   0.125   0.118
   15   I   0.102   0.131   0.120
   16   P   0.098   0.119   0.118
   17   S   0.100   0.123   0.119
   18   A   0.101   0.120   0.119
   19   I   0.098   0.119   0.117
   20   V   0.098   0.138   0.117
   21   S   0.100   0.119   0.118
   22   F   0.121   0.115   0.130
   23   T   0.104   0.119   0.120
   24   V   0.104   0.146   0.120
   25   S   0.104   0.160   0.119
   26   R   0.211   0.155   0.170
   27   R   0.106   0.157   0.119
   28   N   0.107   0.175   0.118
   29   A   0.106   0.189   0.117
   30   N   0.169   0.172   0.150
   31   V   0.106   0.201   0.120
   32   I   0.101   0.148   0.118
   33   P   0.106   0.136   0.122
   34   N   0.100   0.139   0.119
   35   F   0.103   0.184   0.121
   36   Q   0.103   0.193   0.122
   37   I   0.105   0.160   0.125
   38   L   0.103   0.181   0.124
   39   F   0.102   0.161   0.124
   40   V   0.102   0.199   0.125
   41   S   0.106   0.243   0.129
   42   T   0.104   0.293   0.130
   43   F   0.101   0.271   0.131
   44   A   0.104   0.298   0.136
   45   V   0.139   0.320   0.160
   46   T   0.096   0.355   0.137
   47   T   0.111   0.372   0.150
   48   T   0.105   0.327   0.150
   49   C   0.114   0.338   0.159
   50   L   0.130   0.156   0.173
   51   I   0.103   0.122   0.154
   52   W   0.101   0.133   0.151
   53   F   0.101   0.134   0.151
   54   G   0.098   0.132   0.147
   55   C   0.101   0.130   0.149
   56   K   0.105   0.108   0.152
   57   L   0.101   0.104   0.149
   58   V   0.101   0.101   0.147
   59   L   0.102   0.097   0.147
   60   N   0.101   0.099   0.145
   61   P   0.100   0.098   0.143
   62   S   0.103   0.100   0.144
   63   A   0.104   0.099   0.143
   64   I   0.106   0.097   0.142
   65   N   0.099   0.095   0.134
   66   I   0.101   0.096   0.132
   67   N   0.095   0.095   0.125
   68   F   0.101   0.099   0.125
   69   N   0.097   0.098   0.118
   70   L   0.102   0.101   0.115
# Measure  Position  Value    Cutoff   signal peptide?
  max. C    26       0.211
  max. Y    50       0.173
  max. S    47       0.372
  mean S     1-49    0.180
       D     1-49    0.177   0.450   NO
Name=MLC1_HUMAN_TRANSMEM2	SP='NO' D=0.177 D-cutoff=0.450 Networks=SignalP-noTM
