# SignalP-4.1 euk predictions
# Name=MLEC_HUMAN_TRANSMEM1	Length=70	Networks=SignalP-TM
# pos  aa    C       S       Y
    1   P   0.102   0.072   0.086
    2   H   0.102   0.074   0.086
    3   P   0.104   0.086   0.086
    4   G   0.104   0.084   0.087
    5   L   0.098   0.083   0.085
    6   E   0.102   0.084   0.087
    7   K   0.100   0.086   0.087
    8   K   0.102   0.089   0.088
    9   E   0.100   0.094   0.088
   10   E   0.104   0.095   0.091
   11   E   0.103   0.079   0.091
   12   E   0.102   0.053   0.091
   13   E   0.100   0.057   0.090
   14   E   0.101   0.079   0.089
   15   E   0.100   0.098   0.089
   16   E   0.102   0.105   0.091
   17   Y   0.103   0.110   0.093
   18   D   0.101   0.117   0.093
   19   E   0.103   0.112   0.095
   20   G   0.103   0.109   0.096
   21   S   0.099   0.113   0.095
   22   N   0.103   0.114   0.098
   23   L   0.104   0.113   0.099
   24   K   0.101   0.114   0.099
   25   K   0.101   0.115   0.100
   26   Q   0.103   0.109   0.102
   27   T   0.105   0.107   0.105
   28   N   0.104   0.106   0.106
   29   K   0.104   0.107   0.107
   30   N   0.099   0.107   0.105
   31   R   0.102   0.103   0.106
   32   V   0.103   0.102   0.107
   33   Q   0.102   0.101   0.105
   34   S   0.103   0.101   0.106
   35   G   0.098   0.111   0.103
   36   P   0.100   0.110   0.104
   37   R   0.105   0.106   0.106
   38   T   0.101   0.106   0.104
   39   P   0.102   0.110   0.104
   40   N   0.100   0.108   0.103
   41   P   0.105   0.108   0.106
   42   Y   0.103   0.106   0.105
   43   A   0.102   0.110   0.104
   44   S   0.098   0.127   0.102
   45   D   0.102   0.124   0.105
   46   N   0.101   0.141   0.105
   47   S   0.102   0.134   0.107
   48   S   0.103   0.144   0.109
   49   L   0.102   0.110   0.110
   50   M   0.104   0.091   0.111
   51   F   0.101   0.071   0.109
   52   P   0.105   0.083   0.109
   53   I   0.106   0.073   0.109
   54   L   0.108   0.075   0.109
   55   V   0.105   0.064   0.106
   56   A   0.100   0.075   0.102
   57   F   0.101   0.073   0.101
   58   G   0.101   0.071   0.100
   59   V   0.101   0.077   0.098
   60   F   0.106   0.060   0.099
   61   I   0.101   0.095   0.093
   62   P   0.100   0.084   0.091
   63   T   0.104   0.100   0.091
   64   L   0.104   0.082   0.090
   65   F   0.101   0.086   0.088
   66   C   0.101   0.082   0.089
   67   L   0.108   0.093   0.092
   68   C   0.102   0.117   0.090
   69   R   0.102   0.106   0.092
   70   L   0.103   0.122   0.094
# Measure  Position  Value    Cutoff   signal peptide?
  max. C    54       0.108
  max. Y    50       0.111
  max. S    48       0.144
  mean S     1-49    0.103
       D     1-49    0.107   0.500   NO
Name=MLEC_HUMAN_TRANSMEM1	SP='NO' D=0.107 D-cutoff=0.500 Networks=SignalP-TM
