# SignalP-4.1 euk predictions
# Name=MOT11_HUMAN_TRANSMEM2	Length=70	Networks=SignalP-TM
# pos  aa    C       S       Y
    1   S   0.103   0.335   0.186
    2   A   0.102   0.347   0.185
    3   Q   0.100   0.409   0.183
    4   D   0.103   0.396   0.188
    5   T   0.100   0.410   0.186
    6   A   0.103   0.325   0.190
    7   W   0.097   0.294   0.184
    8   I   0.103   0.277   0.189
    9   S   0.100   0.250   0.185
   10   A   0.101   0.227   0.185
   11   L   0.100   0.261   0.181
   12   A   0.105   0.313   0.184
   13   L   0.098   0.325   0.178
   14   A   0.106   0.304   0.184
   15   V   0.103   0.297   0.181
   16   Q   0.107   0.480   0.184
   17   Q   0.107   0.438   0.186
   18   A   0.109   0.450   0.190
   19   A   0.143   0.313   0.218
   20   S   0.123   0.261   0.200
   21   P   0.133   0.218   0.207
   22   V   0.119   0.226   0.194
   23   G   0.103   0.277   0.180
   24   S   0.105   0.291   0.182
   25   A   0.125   0.286   0.199
   26   L   0.202   0.201   0.254
   27   S   0.106   0.164   0.182
   28   T   0.134   0.145   0.201
   29   R   0.106   0.144   0.175
   30   W   0.105   0.161   0.171
   31   G   0.107   0.148   0.165
   32   A   0.102   0.116   0.155
   33   R   0.102   0.138   0.146
   34   P   0.105   0.182   0.145
   35   V   0.104   0.173   0.142
   36   V   0.102   0.147   0.139
   37   M   0.107   0.116   0.140
   38   V   0.102   0.101   0.133
   39   G   0.104   0.067   0.128
   40   G   0.104   0.070   0.122
   41   V   0.103   0.058   0.117
   42   L   0.106   0.087   0.116
   43   A   0.105   0.064   0.113
   44   S   0.123   0.070   0.120
   45   L   0.104   0.049   0.107
   46   G   0.105   0.021   0.104
   47   F   0.107   0.018   0.101
   48   V   0.103   0.026   0.095
   49   F   0.100   0.023   0.087
   50   S   0.106   0.028   0.083
   51   A   0.110   0.055   0.079
   52   F   0.100   0.050   0.073
   53   A   0.104   0.060   0.071
   54   S   0.121   0.071   0.077
   55   D   0.102   0.063   0.070
   56   L   0.101   0.059   0.070
   57   L   0.102   0.089   0.069
   58   H   0.101   0.096   0.070
   59   L   0.103   0.124   0.072
   60   Y   0.105   0.113   0.077
   61   L   0.102   0.132   0.080
   62   G   0.105   0.105   0.086
   63   L   0.101   0.131   0.088
   64   G   0.106   0.121   0.094
   65   L   0.101   0.143   0.096
   66   L   0.104   0.161   0.100
   67   A   0.101   0.193   0.103
   68   G   0.099   0.181   0.107
   69   F   0.099   0.148   0.110
   70   G   0.104   0.116   0.116
# Measure  Position  Value    Cutoff   signal peptide?
  max. C    26       0.202
  max. Y    26       0.254
  max. S    16       0.480
  mean S     1-25    0.320
       D     1-25    0.281   0.500   NO
Name=MOT11_HUMAN_TRANSMEM2	SP='NO' D=0.281 D-cutoff=0.500 Networks=SignalP-TM
