# SignalP-4.1 euk predictions
# Name=MOT8_HUMAN_TRANSMEM5	Length=70	Networks=SignalP-TM
# pos  aa    C       S       Y
    1   Q   0.102   0.145   0.121
    2   R   0.102   0.144   0.122
    3   R   0.103   0.156   0.122
    4   L   0.104   0.156   0.123
    5   G   0.104   0.220   0.123
    6   L   0.100   0.217   0.123
    7   A   0.105   0.211   0.129
    8   N   0.099   0.198   0.127
    9   G   0.106   0.255   0.132
   10   V   0.097   0.270   0.129
   11   V   0.107   0.288   0.140
   12   S   0.106   0.287   0.143
   13   A   0.097   0.257   0.140
   14   G   0.095   0.260   0.141
   15   S   0.102   0.250   0.149
   16   S   0.103   0.225   0.153
   17   I   0.105   0.236   0.156
   18   F   0.102   0.195   0.155
   19   S   0.099   0.223   0.154
   20   M   0.104   0.160   0.158
   21   S   0.102   0.121   0.155
   22   F   0.114   0.090   0.162
   23   P   0.102   0.140   0.150
   24   F   0.107   0.169   0.152
   25   L   0.103   0.156   0.146
   26   I   0.105   0.176   0.144
   27   R   0.102   0.170   0.139
   28   M   0.106   0.148   0.140
   29   L   0.105   0.119   0.136
   30   G   0.105   0.107   0.132
   31   D   0.108   0.082   0.130
   32   K   0.104   0.076   0.124
   33   I   0.103   0.108   0.120
   34   K   0.101   0.076   0.114
   35   L   0.103   0.087   0.113
   36   A   0.107   0.088   0.114
   37   Q   0.105   0.052   0.113
   38   T   0.103   0.061   0.109
   39   F   0.145   0.044   0.125
   40   Q   0.102   0.044   0.101
   41   V   0.102   0.052   0.096
   42   L   0.098   0.056   0.089
   43   S   0.103   0.051   0.088
   44   T   0.100   0.058   0.084
   45   F   0.101   0.072   0.082
   46   M   0.102   0.068   0.082
   47   F   0.100   0.057   0.081
   48   V   0.101   0.079   0.079
   49   L   0.101   0.064   0.079
   50   M   0.104   0.052   0.079
   51   L   0.098   0.059   0.075
   52   L   0.102   0.074   0.077
   53   S   0.104   0.099   0.078
   54   L   0.103   0.090   0.081
   55   T   0.103   0.112   0.083
   56   Y   0.105   0.116   0.086
   57   R   0.103   0.114   0.088
   58   P   0.102   0.117   0.090
   59   L   0.102   0.125   0.093
   60   L   0.101   0.131   0.094
   61   P   0.097   0.144   0.095
   62   S   0.114   0.124   0.106
   63   S   0.106   0.114   0.104
   64   Q   0.099   0.106   0.102
   65   D   0.103   0.104   0.106
   66   T   0.099   0.102   0.105
   67   P   0.099   0.100   0.106
   68   S   0.103   0.100   0.108
   69   K   0.098   0.101   0.106
   70   R   0.100   0.100   0.107
# Measure  Position  Value    Cutoff   signal peptide?
  max. C    39       0.145
  max. Y    22       0.162
  max. S    11       0.288
  mean S     1-21    0.213
       D     1-21    0.182   0.500   NO
Name=MOT8_HUMAN_TRANSMEM5	SP='NO' D=0.182 D-cutoff=0.500 Networks=SignalP-TM
