# SignalP-4.1 euk predictions
# Name=MPPE1_HUMAN_TRANSMEM1	Length=70	Networks=SignalP-noTM
# pos  aa    C       S       Y
    1   L   0.102   0.982   0.316
    2   L   0.103   0.982   0.317
    3   L   0.102   0.985   0.316
    4   K   0.103   0.985   0.318
    5   L   0.104   0.983   0.320
    6   I   0.107   0.973   0.324
    7   A   0.104   0.971   0.320
    8   V   0.099   0.973   0.312
    9   V   0.099   0.970   0.311
   10   F   0.098   0.986   0.310
   11   A   0.099   0.988   0.312
   12   V   0.153   0.960   0.388
   13   L   0.097   0.983   0.308
   14   L   0.101   0.989   0.314
   15   F   0.101   0.987   0.315
   16   C   0.110   0.983   0.328
   17   E   0.140   0.943   0.371
   18   F   0.102   0.947   0.316
   19   L   0.148   0.863   0.380
   20   I   0.105   0.852   0.319
   21   Y   0.104   0.816   0.318
   22   Y   0.115   0.818   0.331
   23   L   0.127   0.791   0.348
   24   A   0.109   0.843   0.320
   25   I   0.229   0.540   0.463
   26   F   0.130   0.367   0.345
   27   Q   0.144   0.340   0.358
   28   C   0.115   0.284   0.315
   29   N   0.111   0.162   0.303
   30   W   0.096   0.231   0.275
   31   P   0.108   0.158   0.285
   32   E   0.132   0.114   0.308
   33   V   0.095   0.139   0.255
   34   K   0.094   0.160   0.246
   35   T   0.097   0.254   0.243
   36   T   0.205   0.126   0.342
   37   A   0.109   0.141   0.241
   38   S   0.115   0.131   0.238
   39   D   0.103   0.130   0.216
   40   G   0.100   0.129   0.205
   41   E   0.122   0.115   0.216
   42   Q   0.107   0.120   0.193
   43   T   0.105   0.117   0.182
   44   T   0.103   0.111   0.171
   45   R   0.098   0.109   0.156
   46   E   0.105   0.107   0.152
   47   P   0.097   0.103   0.134
   48   V   0.101   0.097   0.129
   49   L   0.105   0.099   0.127
   50   K   0.106   0.094   0.123
   51   A   0.100   0.092   0.115
   52   M   0.098   0.102   0.113
   53   F   0.107   0.092   0.116
   54   L   0.106   0.095   0.114
   55   A   0.107   0.101   0.114
   56   D   0.097   0.102   0.108
   57   T   0.107   0.097   0.112
   58   H   0.104   0.091   0.107
   59   L   0.104   0.086   0.106
   60   L   0.100   0.090   0.103
   61   G   0.097   0.095   0.100
   62   E   0.100   0.094   0.101
   63   F   0.107   0.093   0.104
   64   L   0.099   0.093   0.099
   65   G   0.104   0.094   0.101
   66   H   0.097   0.092   0.097
   67   W   0.103   0.096   0.099
   68   L   0.099   0.100   0.097
   69   D   0.094   0.098   0.095
   70   K   0.097   0.100   0.096
# Measure  Position  Value    Cutoff   signal peptide?
  max. C    25       0.229
  max. Y    25       0.463
  max. S    14       0.989
  mean S     1-24    0.940
       D     1-24    0.721   0.450   YES
Name=MPPE1_HUMAN_TRANSMEM1	SP='YES' Cleavage site between pos. 24 and 25: YLA-IF D=0.721 D-cutoff=0.450 Networks=SignalP-noTM
