# SignalP-4.1 euk predictions
# Name=MPRI_HUMAN_TRANSMEM1	Length=70	Networks=SignalP-noTM
# pos  aa    C       S       Y
    1   S   0.101   0.910   0.304
    2   E   0.099   0.921   0.300
    3   R   0.099   0.909   0.300
    4   S   0.105   0.905   0.309
    5   Q   0.100   0.925   0.302
    6   A   0.102   0.941   0.305
    7   V   0.096   0.959   0.296
    8   G   0.106   0.980   0.311
    9   A   0.098   0.979   0.300
   10   V   0.094   0.981   0.295
   11   L   0.106   0.962   0.313
   12   S   0.103   0.925   0.309
   13   L   0.093   0.907   0.294
   14   L   0.107   0.932   0.315
   15   L   0.106   0.971   0.313
   16   V   0.107   0.980   0.316
   17   A   0.106   0.989   0.314
   18   L   0.105   0.981   0.314
   19   T   0.107   0.978   0.318
   20   C   0.114   0.957   0.328
   21   C   0.126   0.927   0.345
   22   L   0.242   0.908   0.479
   23   L   0.106   0.929   0.317
   24   A   0.149   0.903   0.376
   25   L   0.269   0.762   0.505
   26   L   0.110   0.791   0.322
   27   L   0.125   0.703   0.342
   28   Y   0.111   0.641   0.320
   29   K   0.142   0.351   0.359
   30   K   0.114   0.267   0.317
   31   E   0.104   0.358   0.297
   32   R   0.110   0.409   0.301
   33   R   0.158   0.196   0.355
   34   E   0.143   0.115   0.330
   35   T   0.107   0.113   0.279
   36   V   0.107   0.104   0.272
   37   I   0.097   0.104   0.252
   38   S   0.097   0.105   0.243
   39   K   0.100   0.095   0.239
   40   L   0.098   0.098   0.228
   41   T   0.105   0.094   0.228
   42   T   0.100   0.098   0.213
   43   C   0.108   0.101   0.211
   44   C   0.104   0.092   0.197
   45   R   0.103   0.092   0.187
   46   R   0.098   0.091   0.171
   47   S   0.097   0.087   0.160
   48   S   0.097   0.087   0.150
   49   N   0.095   0.086   0.138
   50   V   0.095   0.094   0.128
   51   S   0.095   0.100   0.118
   52   Y   0.098   0.104   0.115
   53   K   0.098   0.104   0.112
   54   Y   0.102   0.104   0.109
   55   S   0.099   0.109   0.101
   56   K   0.093   0.108   0.096
   57   V   0.101   0.106   0.100
   58   N   0.105   0.108   0.102
   59   K   0.104   0.106   0.101
   60   E   0.099   0.109   0.099
   61   E   0.104   0.108   0.101
   62   E   0.103   0.107   0.101
   63   T   0.101   0.109   0.100
   64   D   0.101   0.110   0.101
   65   E   0.103   0.106   0.102
   66   N   0.103   0.108   0.102
   67   E   0.104   0.111   0.103
   68   T   0.105   0.107   0.104
   69   E   0.105   0.107   0.104
   70   W   0.102   0.107   0.103
# Measure  Position  Value    Cutoff   signal peptide?
  max. C    25       0.269
  max. Y    25       0.505
  max. S    17       0.989
  mean S     1-24    0.944
       D     1-24    0.742   0.450   YES
Name=MPRI_HUMAN_TRANSMEM1	SP='YES' Cleavage site between pos. 24 and 25: LLA-LL D=0.742 D-cutoff=0.450 Networks=SignalP-noTM
