# SignalP-4.1 euk predictions
# Name=MRGRD_HUMAN_TRANSMEM4	Length=70	Networks=SignalP-TM
# pos  aa    C       S       Y
    1   P   0.102   0.848   0.294
    2   R   0.103   0.846   0.296
    3   H   0.103   0.849   0.296
    4   L   0.103   0.867   0.295
    5   S   0.102   0.889   0.295
    6   A   0.100   0.846   0.293
    7   W   0.100   0.857   0.291
    8   V   0.103   0.863   0.297
    9   C   0.102   0.858   0.295
   10   G   0.104   0.802   0.299
   11   L   0.097   0.699   0.288
   12   L   0.103   0.715   0.295
   13   W   0.101   0.672   0.289
   14   T   0.100   0.712   0.287
   15   L   0.102   0.753   0.288
   16   C   0.104   0.849   0.288
   17   L   0.109   0.835   0.295
   18   L   0.106   0.906   0.291
   19   M   0.168   0.859   0.368
   20   N   0.113   0.830   0.301
   21   G   0.108   0.776   0.293
   22   L   0.163   0.593   0.360
   23   T   0.108   0.634   0.290
   24   S   0.360   0.476   0.523
   25   S   0.213   0.387   0.396
   26   F   0.473   0.204   0.581
   27   C   0.105   0.223   0.266
   28   S   0.249   0.124   0.401
   29   K   0.125   0.090   0.275
   30   F   0.110   0.069   0.247
   31   L   0.102   0.083   0.226
   32   K   0.100   0.079   0.211
   33   F   0.100   0.084   0.197
   34   N   0.104   0.085   0.186
   35   E   0.101   0.097   0.167
   36   D   0.104   0.089   0.155
   37   R   0.102   0.082   0.141
   38   C   0.101   0.115   0.125
   39   F   0.101   0.104   0.114
   40   R   0.101   0.106   0.105
   41   V   0.101   0.103   0.102
   42   D   0.102   0.080   0.098
   43   M   0.101   0.077   0.096
   44   V   0.102   0.072   0.095
   45   Q   0.105   0.050   0.097
   46   A   0.104   0.067   0.095
   47   A   0.105   0.060   0.095
   48   L   0.101   0.062   0.092
   49   I   0.103   0.045   0.092
   50   M   0.100   0.034   0.089
   51   G   0.105   0.038   0.089
   52   V   0.100   0.031   0.085
   53   L   0.104   0.032   0.083
   54   T   0.104   0.037   0.080
   55   P   0.101   0.051   0.075
   56   V   0.101   0.055   0.073
   57   M   0.103   0.056   0.072
   58   T   0.103   0.067   0.071
   59   L   0.128   0.070   0.079
   60   S   0.104   0.048   0.072
   61   S   0.104   0.059   0.072
   62   L   0.101   0.061   0.070
   63   T   0.100   0.086   0.070
   64   L   0.104   0.071   0.073
   65   F   0.103   0.072   0.075
   66   V   0.102   0.072   0.076
   67   W   0.105   0.095   0.079
   68   V   0.100   0.121   0.080
   69   R   0.097   0.090   0.083
   70   R   0.103   0.088   0.087
# Measure  Position  Value    Cutoff   signal peptide?
  max. C    26       0.473
  max. Y    26       0.581
  max. S    18       0.906
  mean S     1-25    0.769
       D     1-25    0.656   0.500   YES
Name=MRGRD_HUMAN_TRANSMEM4	SP='YES' Cleavage site between pos. 25 and 26: TSS-FC D=0.656 D-cutoff=0.500 Networks=SignalP-TM
