# SignalP-4.1 euk predictions
# Name=MRGRE_HUMAN_TRANSMEM5	Length=70	Networks=SignalP-TM
# pos  aa    C       S       Y
    1   H   0.102   0.841   0.293
    2   L   0.102   0.905   0.293
    3   C   0.102   0.931   0.293
    4   R   0.101   0.901   0.294
    5   T   0.105   0.911   0.299
    6   L   0.102   0.802   0.297
    7   W   0.103   0.742   0.298
    8   L   0.102   0.687   0.294
    9   V   0.102   0.574   0.292
   10   A   0.102   0.500   0.290
   11   A   0.101   0.501   0.283
   12   V   0.101   0.384   0.279
   13   L   0.103   0.567   0.276
   14   L   0.103   0.589   0.272
   15   A   0.101   0.539   0.267
   16   L   0.115   0.389   0.280
   17   L   0.103   0.425   0.258
   18   C   0.128   0.402   0.279
   19   C   0.147   0.341   0.290
   20   T   0.154   0.333   0.286
   21   M   0.138   0.335   0.262
   22   C   0.117   0.467   0.234
   23   G   0.458   0.381   0.456
   24   A   0.329   0.244   0.380
   25   S   0.434   0.107   0.428
   26   L   0.251   0.096   0.314
   27   M   0.143   0.080   0.231
   28   L   0.141   0.092   0.218
   29   L   0.103   0.111   0.176
   30   L   0.107   0.129   0.171
   31   R   0.107   0.169   0.165
   32   V   0.111   0.235   0.161
   33   E   0.104   0.238   0.152
   34   R   0.104   0.299   0.150
   35   G   0.122   0.200   0.161
   36   P   0.106   0.200   0.147
   37   Q   0.104   0.229   0.139
   38   R   0.109   0.229   0.138
   39   P   0.101   0.226   0.132
   40   P   0.100   0.206   0.134
   41   P   0.101   0.272   0.138
   42   R   0.103   0.172   0.144
   43   G   0.103   0.134   0.147
   44   F   0.099   0.151   0.144
   45   P   0.102   0.136   0.147
   46   G   0.105   0.110   0.148
   47   L   0.104   0.070   0.144
   48   I   0.109   0.070   0.143
   49   L   0.105   0.054   0.135
   50   L   0.107   0.040   0.132
   51   T   0.103   0.047   0.124
   52   V   0.108   0.039   0.122
   53   L   0.106   0.039   0.114
   54   L   0.103   0.029   0.107
   55   F   0.100   0.029   0.099
   56   L   0.104   0.032   0.091
   57   F   0.102   0.024   0.084
   58   C   0.100   0.023   0.079
   59   G   0.102   0.023   0.074
   60   L   0.099   0.025   0.067
   61   P   0.100   0.033   0.062
   62   F   0.108   0.033   0.062
   63   G   0.098   0.053   0.057
   64   I   0.105   0.062   0.059
   65   Y   0.099   0.069   0.059
   66   W   0.099   0.065   0.060
   67   L   0.102   0.082   0.063
   68   S   0.101   0.095   0.065
   69   R   0.097   0.086   0.067
   70   N   0.102   0.076   0.072
# Measure  Position  Value    Cutoff   signal peptide?
  max. C    23       0.458
  max. Y    23       0.456
  max. S     3       0.931
  mean S     1-22    0.594
       D     1-22    0.511   0.500   YES
Name=MRGRE_HUMAN_TRANSMEM5	SP='YES' Cleavage site between pos. 22 and 23: TMC-GA D=0.511 D-cutoff=0.500 Networks=SignalP-TM
