# SignalP-4.1 euk predictions
# Name=MRGX3_HUMAN_TRANSMEM6	Length=70	Networks=SignalP-noTM
# pos  aa    C       S       Y
    1   M   0.102   0.919   0.306
    2   P   0.103   0.930   0.308
    3   L   0.104   0.929   0.309
    4   T   0.104   0.954   0.309
    5   R   0.103   0.970   0.308
    6   L   0.103   0.978   0.309
    7   Y   0.102   0.978   0.307
    8   V   0.100   0.977   0.305
    9   T   0.105   0.968   0.313
   10   I   0.104   0.967   0.311
   11   L   0.099   0.953   0.305
   12   L   0.102   0.949   0.310
   13   T   0.099   0.975   0.305
   14   V   0.099   0.983   0.305
   15   L   0.101   0.990   0.308
   16   V   0.103   0.981   0.312
   17   F   0.101   0.978   0.309
   18   L   0.104   0.970   0.315
   19   L   0.120   0.944   0.338
   20   C   0.102   0.948   0.312
   21   G   0.167   0.888   0.400
   22   L   0.217   0.742   0.456
   23   P   0.104   0.812   0.313
   24   F   0.186   0.750   0.419
   25   G   0.106   0.856   0.315
   26   I   0.181   0.720   0.411
   27   Q   0.103   0.799   0.309
   28   W   0.170   0.599   0.394
   29   A   0.165   0.449   0.385
   30   L   0.195   0.176   0.412
   31   F   0.099   0.194   0.288
   32   S   0.161   0.124   0.359
   33   R   0.107   0.129   0.286
   34   I   0.109   0.152   0.282
   35   H   0.104   0.190   0.268
   36   L   0.102   0.229   0.258
   37   D   0.105   0.208   0.255
   38   W   0.096   0.230   0.237
   39   K   0.101   0.260   0.235
   40   V   0.105   0.242   0.233
   41   L   0.100   0.336   0.220
   42   F   0.102   0.415   0.216
   43   C   0.100   0.527   0.208
   44   H   0.118   0.455   0.221
   45   V   0.097   0.440   0.198
   46   H   0.096   0.391   0.193
   47   L   0.103   0.425   0.195
   48   V   0.099   0.386   0.186
   49   S   0.104   0.364   0.186
   50   I   0.101   0.343   0.178
   51   F   0.131   0.173   0.199
   52   L   0.104   0.176   0.174
   53   S   0.103   0.179   0.173
   54   A   0.105   0.128   0.175
   55   L   0.102   0.114   0.172
   56   N   0.099   0.109   0.169
   57   S   0.099   0.103   0.168
   58   S   0.113   0.100   0.179
   59   A   0.124   0.102   0.185
   60   N   0.130   0.097   0.188
   61   P   0.100   0.095   0.163
   62   I   0.119   0.095   0.176
   63   I   0.103   0.094   0.162
   64   Y   0.105   0.096   0.159
   65   F   0.098   0.094   0.149
   66   F   0.100   0.093   0.144
   67   V   0.101   0.099   0.139
   68   G   0.104   0.099   0.135
   69   S   0.101   0.096   0.128
   70   F   0.104   0.098   0.123
# Measure  Position  Value    Cutoff   signal peptide?
  max. C    22       0.217
  max. Y    22       0.456
  max. S    15       0.990
  mean S     1-21    0.958
       D     1-21    0.727   0.450   YES
Name=MRGX3_HUMAN_TRANSMEM6	SP='YES' Cleavage site between pos. 21 and 22: LCG-LP D=0.727 D-cutoff=0.450 Networks=SignalP-noTM
