# SignalP-4.1 euk predictions
# Name=MTR1A_HUMAN_TRANSMEM2	Length=70	Networks=SignalP-TM
# pos  aa    C       S       Y
    1   R   0.102   0.445   0.213
    2   N   0.105   0.464   0.216
    3   A   0.103   0.387   0.214
    4   G   0.099   0.492   0.209
    5   N   0.102   0.476   0.213
    6   I   0.101   0.465   0.213
    7   F   0.102   0.410   0.214
    8   V   0.104   0.381   0.216
    9   V   0.101   0.338   0.211
   10   S   0.106   0.333   0.215
   11   L   0.101   0.258   0.207
   12   A   0.103   0.266   0.207
   13   V   0.099   0.347   0.199
   14   A   0.104   0.346   0.202
   15   D   0.106   0.261   0.202
   16   L   0.103   0.356   0.196
   17   V   0.104   0.318   0.195
   18   V   0.102   0.375   0.192
   19   A   0.105   0.328   0.192
   20   I   0.424   0.122   0.380
   21   Y   0.107   0.109   0.184
   22   P   0.103   0.137   0.175
   23   Y   0.148   0.137   0.203
   24   P   0.101   0.159   0.163
   25   L   0.104   0.171   0.162
   26   V   0.102   0.161   0.158
   27   L   0.102   0.176   0.156
   28   M   0.106   0.154   0.154
   29   S   0.118   0.128   0.158
   30   I   0.108   0.155   0.148
   31   F   0.104   0.124   0.140
   32   N   0.100   0.165   0.132
   33   N   0.103   0.176   0.128
   34   G   0.103   0.143   0.124
   35   W   0.101   0.121   0.123
   36   N   0.104   0.156   0.125
   37   L   0.100   0.171   0.123
   38   G   0.101   0.158   0.125
   39   Y   0.105   0.199   0.127
   40   L   0.102   0.173   0.126
   41   H   0.108   0.159   0.130
   42   C   0.102   0.164   0.126
   43   Q   0.121   0.130   0.137
   44   V   0.101   0.138   0.126
   45   S   0.103   0.082   0.127
   46   G   0.102   0.081   0.125
   47   F   0.098   0.078   0.120
   48   L   0.101   0.070   0.118
   49   M   0.103   0.064   0.117
   50   G   0.100   0.048   0.114
   51   L   0.103   0.056   0.112
   52   S   0.104   0.047   0.109
   53   V   0.101   0.040   0.104
   54   I   0.102   0.057   0.099
   55   G   0.099   0.061   0.092
   56   S   0.100   0.059   0.089
   57   I   0.109   0.067   0.089
   58   F   0.100   0.058   0.082
   59   N   0.101   0.054   0.079
   60   I   0.100   0.081   0.077
   61   T   0.101   0.074   0.078
   62   G   0.107   0.062   0.080
   63   I   0.101   0.064   0.077
   64   A   0.101   0.089   0.077
   65   I   0.100   0.070   0.079
   66   N   0.102   0.096   0.080
   67   R   0.098   0.093   0.081
   68   Y   0.104   0.094   0.085
   69   C   0.104   0.095   0.087
   70   Y   0.101   0.089   0.087
# Measure  Position  Value    Cutoff   signal peptide?
  max. C    20       0.424
  max. Y    20       0.380
  max. S     4       0.492
  mean S     1-19    0.371
       D     1-19    0.377   0.500   NO
Name=MTR1A_HUMAN_TRANSMEM2	SP='NO' D=0.377 D-cutoff=0.500 Networks=SignalP-TM
