# SignalP-4.1 euk predictions
# Name=MUC12_HUMAN_TRANSMEM1	Length=70	Networks=SignalP-noTM
# pos  aa    C       S       Y
    1   K   0.100   0.900   0.300
    2   S   0.102   0.904   0.302
    3   L   0.100   0.910   0.300
    4   V   0.102   0.908   0.303
    5   Y   0.101   0.931   0.302
    6   G   0.104   0.939   0.306
    7   I   0.098   0.966   0.298
    8   V   0.107   0.962   0.311
    9   G   0.108   0.970   0.313
   10   A   0.095   0.980   0.294
   11   V   0.092   0.967   0.291
   12   M   0.106   0.961   0.313
   13   A   0.102   0.931   0.307
   14   V   0.103   0.922   0.309
   15   L   0.105   0.948   0.311
   16   L   0.104   0.978   0.311
   17   L   0.105   0.983   0.313
   18   A   0.107   0.992   0.316
   19   L   0.297   0.976   0.528
   20   I   0.109   0.979   0.321
   21   I   0.110   0.957   0.323
   22   L   0.110   0.955   0.323
   23   I   0.121   0.940   0.339
   24   I   0.104   0.939   0.315
   25   L   0.107   0.921   0.319
   26   F   0.129   0.936   0.351
   27   S   0.142   0.934   0.368
   28   L   0.162   0.953   0.393
   29   S   0.116   0.937   0.332
   30   Q   0.538   0.889   0.717
   31   R   0.142   0.825   0.368
   32   K   0.438   0.437   0.644
   33   R   0.107   0.381   0.314
   34   H   0.127   0.264   0.337
   35   R   0.159   0.166   0.370
   36   E   0.120   0.134   0.315
   37   Q   0.103   0.136   0.286
   38   Y   0.105   0.120   0.282
   39   D   0.101   0.125   0.270
   40   V   0.096   0.120   0.255
   41   P   0.102   0.123   0.254
   42   Q   0.104   0.117   0.249
   43   E   0.104   0.122   0.242
   44   W   0.103   0.112   0.232
   45   R   0.102   0.110   0.222
   46   K   0.103   0.108   0.214
   47   E   0.103   0.105   0.205
   48   G   0.105   0.100   0.198
   49   T   0.103   0.105   0.185
   50   P   0.107   0.106   0.178
   51   G   0.104   0.098   0.164
   52   I   0.097   0.101   0.146
   53   F   0.104   0.098   0.138
   54   Q   0.100   0.092   0.122
   55   K   0.103   0.093   0.117
   56   T   0.104   0.101   0.112
   57   A   0.111   0.104   0.112
   58   I   0.104   0.101   0.107
   59   W   0.099   0.101   0.104
   60   E   0.098   0.108   0.102
   61   D   0.099   0.100   0.103
   62   Q   0.101   0.098   0.103
   63   N   0.100   0.101   0.102
   64   L   0.100   0.099   0.102
   65   R   0.097   0.100   0.100
   66   E   0.104   0.103   0.103
   67   S   0.105   0.103   0.103
   68   R   0.094   0.102   0.098
   69   F   0.104   0.099   0.102
   70   G   0.103   0.102   0.102
# Measure  Position  Value    Cutoff   signal peptide?
  max. C    30       0.538
  max. Y    30       0.717
  max. S    18       0.992
  mean S     1-29    0.948
       D     1-29    0.842   0.450   YES
Name=MUC12_HUMAN_TRANSMEM1	SP='YES' Cleavage site between pos. 29 and 30: SLS-QR D=0.842 D-cutoff=0.450 Networks=SignalP-noTM
