# SignalP-4.1 euk predictions
# Name=NAC1_HUMAN_TRANSMEM3	Length=70	Networks=SignalP-noTM
# pos  aa    C       S       Y
    1   L   0.101   0.757   0.276
    2   G   0.103   0.774   0.280
    3   P   0.097   0.701   0.272
    4   S   0.107   0.776   0.284
    5   T   0.102   0.842   0.278
    6   I   0.104   0.810   0.281
    7   V   0.096   0.846   0.271
    8   G   0.100   0.846   0.277
    9   S   0.100   0.843   0.277
   10   A   0.102   0.848   0.282
   11   A   0.098   0.801   0.277
   12   F   0.102   0.777   0.282
   13   N   0.093   0.785   0.269
   14   M   0.103   0.842   0.284
   15   F   0.105   0.825   0.287
   16   I   0.103   0.761   0.285
   17   I   0.098   0.746   0.279
   18   I   0.104   0.794   0.287
   19   A   0.106   0.827   0.289
   20   L   0.112   0.708   0.299
   21   C   0.104   0.673   0.286
   22   V   0.473   0.567   0.610
   23   Y   0.104   0.759   0.284
   24   V   0.116   0.718   0.301
   25   V   0.107   0.356   0.288
   26   P   0.107   0.666   0.286
   27   D   0.172   0.486   0.361
   28   G   0.105   0.374   0.279
   29   E   0.124   0.197   0.299
   30   T   0.108   0.219   0.273
   31   R   0.289   0.166   0.437
   32   K   0.107   0.152   0.260
   33   I   0.107   0.146   0.253
   34   K   0.100   0.179   0.239
   35   H   0.101   0.166   0.234
   36   L   0.109   0.166   0.236
   37   R   0.102   0.169   0.223
   38   V   0.107   0.176   0.220
   39   F   0.103   0.168   0.209
   40   F   0.105   0.152   0.205
   41   V   0.103   0.193   0.196
   42   T   0.107   0.157   0.192
   43   A   0.111   0.212   0.188
   44   A   0.092   0.252   0.166
   45   W   0.095   0.319   0.164
   46   S   0.100   0.434   0.162
   47   I   0.097   0.496   0.156
   48   F   0.101   0.543   0.161
   49   A   0.100   0.593   0.159
   50   Y   0.124   0.571   0.178
   51   T   0.100   0.350   0.163
   52   W   0.114   0.243   0.176
   53   L   0.101   0.239   0.166
   54   Y   0.117   0.194   0.179
   55   I   0.101   0.158   0.168
   56   I   0.104   0.130   0.170
   57   L   0.103   0.145   0.169
   58   S   0.104   0.124   0.169
   59   V   0.116   0.116   0.178
   60   I   0.103   0.124   0.167
   61   S   0.104   0.121   0.168
   62   P   0.096   0.109   0.160
   63   G   0.122   0.112   0.179
   64   V   0.102   0.118   0.163
   65   V   0.100   0.127   0.161
   66   E   0.106   0.119   0.165
   67   V   0.102   0.109   0.159
   68   W   0.139   0.107   0.183
   69   E   0.105   0.107   0.154
   70   G   0.102   0.105   0.146
# Measure  Position  Value    Cutoff   signal peptide?
  max. C    22       0.473
  max. Y    22       0.610
  max. S    10       0.848
  mean S     1-21    0.790
       D     1-21    0.707   0.450   YES
Name=NAC1_HUMAN_TRANSMEM3	SP='YES' Cleavage site between pos. 21 and 22: ALC-VY D=0.707 D-cutoff=0.450 Networks=SignalP-noTM
