# SignalP-4.1 euk predictions
# Name=NCKX2_HUMAN_TRANSMEM11	Length=70	Networks=SignalP-noTM
# pos  aa    C       S       Y
    1   R   0.102   0.786   0.283
    2   F   0.104   0.797   0.286
    3   Q   0.101   0.859   0.282
    4   P   0.105   0.899   0.288
    5   V   0.105   0.910   0.289
    6   A   0.103   0.920   0.288
    7   V   0.097   0.918   0.280
    8   S   0.098   0.930   0.283
    9   S   0.100   0.948   0.287
   10   N   0.098   0.972   0.284
   11   G   0.100   0.982   0.289
   12   L   0.097   0.985   0.287
   13   F   0.103   0.990   0.296
   14   C   0.105   0.987   0.301
   15   A   0.108   0.990   0.307
   16   I   0.098   0.972   0.293
   17   V   0.097   0.966   0.294
   18   L   0.102   0.958   0.302
   19   L   0.104   0.967   0.306
   20   F   0.110   0.971   0.317
   21   I   0.102   0.985   0.307
   22   M   0.103   0.987   0.310
   23   L   0.106   0.992   0.315
   24   L   0.109   0.987   0.321
   25   F   0.104   0.963   0.315
   26   V   0.110   0.944   0.325
   27   I   0.119   0.948   0.339
   28   L   0.104   0.944   0.317
   29   S   0.147   0.937   0.378
   30   I   0.441   0.894   0.654
   31   A   0.130   0.896   0.355
   32   L   0.442   0.760   0.653
   33   C   0.131   0.845   0.353
   34   K   0.592   0.684   0.749
   35   W   0.113   0.713   0.324
   36   R   0.148   0.592   0.370
   37   M   0.119   0.595   0.328
   38   N   0.125   0.675   0.333
   39   K   0.098   0.812   0.293
   40   I   0.105   0.714   0.301
   41   L   0.112   0.537   0.309
   42   G   0.110   0.552   0.303
   43   F   0.194   0.454   0.398
   44   I   0.102   0.480   0.285
   45   M   0.102   0.540   0.281
   46   F   0.104   0.664   0.279
   47   G   0.101   0.791   0.272
   48   L   0.101   0.776   0.271
   49   Y   0.106   0.894   0.276
   50   F   0.103   0.915   0.271
   51   V   0.099   0.825   0.266
   52   F   0.096   0.565   0.261
   53   L   0.102   0.553   0.266
   54   V   0.106   0.375   0.268
   55   V   0.098   0.306   0.255
   56   S   0.100   0.312   0.252
   57   V   0.134   0.175   0.289
   58   L   0.103   0.119   0.248
   59   L   0.106   0.109   0.247
   60   E   0.141   0.097   0.279
   61   D   0.106   0.098   0.236
   62   R   0.104   0.093   0.226
   63   I   0.105   0.092   0.221
   64   L   0.100   0.096   0.211
   65   T   0.096   0.096   0.202
   66   C   0.138   0.100   0.237
   67   P   0.101   0.100   0.199
   68   V   0.101   0.101   0.194
   69   S   0.097   0.100   0.182
   70   I   0.104   0.102   0.180
# Measure  Position  Value    Cutoff   signal peptide?
  max. C    34       0.592
  max. Y    34       0.749
  max. S    23       0.992
  mean S     1-33    0.933
       D     1-33    0.848   0.450   YES
Name=NCKX2_HUMAN_TRANSMEM11	SP='YES' Cleavage site between pos. 33 and 34: ALC-KW D=0.848 D-cutoff=0.450 Networks=SignalP-noTM
