# SignalP-4.1 euk predictions
# Name=NDC1_HUMAN_TRANSMEM1	Length=70	Networks=SignalP-noTM
# pos  aa    C       S       Y
    1   V   0.102   0.938   0.309
    2   L   0.103   0.929   0.311
    3   G   0.106   0.930   0.316
    4   W   0.104   0.944   0.313
    5   R   0.106   0.965   0.315
    6   I   0.106   0.972   0.315
    7   V   0.102   0.971   0.310
    8   A   0.102   0.959   0.309
    9   S   0.100   0.930   0.306
   10   I   0.103   0.920   0.312
   11   V   0.098   0.905   0.304
   12   W   0.097   0.911   0.303
   13   S   0.097   0.918   0.301
   14   V   0.106   0.856   0.316
   15   L   0.102   0.886   0.309
   16   F   0.107   0.882   0.316
   17   L   0.206   0.830   0.437
   18   P   0.107   0.844   0.314
   19   I   0.114   0.819   0.324
   20   C   0.107   0.863   0.313
   21   T   0.104   0.846   0.308
   22   T   0.158   0.856   0.379
   23   V   0.588   0.683   0.729
   24   F   0.131   0.378   0.341
   25   I   0.124   0.321   0.328
   26   I   0.145   0.195   0.349
   27   F   0.100   0.258   0.284
   28   S   0.122   0.237   0.308
   29   R   0.120   0.181   0.298
   30   I   0.105   0.201   0.272
   31   D   0.110   0.157   0.272
   32   L   0.100   0.188   0.252
   33   F   0.147   0.126   0.297
   34   H   0.108   0.113   0.247
   35   P   0.107   0.189   0.237
   36   I   0.154   0.131   0.276
   37   Q   0.095   0.150   0.210
   38   W   0.100   0.264   0.207
   39   L   0.106   0.225   0.206
   40   S   0.100   0.161   0.194
   41   D   0.101   0.110   0.187
   42   S   0.099   0.118   0.175
   43   F   0.099   0.121   0.165
   44   S   0.102   0.137   0.157
   45   D   0.106   0.128   0.150
   46   L   0.098   0.159   0.135
   47   Y   0.093   0.138   0.128
   48   S   0.094   0.132   0.125
   49   S   0.105   0.131   0.132
   50   Y   0.106   0.139   0.130
   51   V   0.100   0.139   0.125
   52   I   0.099   0.161   0.123
   53   F   0.095   0.173   0.120
   54   Y   0.102   0.199   0.124
   55   F   0.097   0.168   0.122
   56   L   0.106   0.155   0.128
   57   L   0.103   0.140   0.127
   58   L   0.101   0.143   0.125
   59   S   0.104   0.112   0.126
   60   V   0.108   0.118   0.128
   61   V   0.101   0.113   0.122
   62   I   0.102   0.108   0.120
   63   I   0.098   0.116   0.117
   64   I   0.105   0.113   0.121
   65   I   0.104   0.105   0.120
   66   S   0.098   0.130   0.116
   67   I   0.110   0.134   0.123
   68   F   0.110   0.120   0.123
   69   N   0.103   0.117   0.118
   70   V   0.102   0.114   0.117
# Measure  Position  Value    Cutoff   signal peptide?
  max. C    23       0.588
  max. Y    23       0.729
  max. S     6       0.972
  mean S     1-22    0.903
       D     1-22    0.823   0.450   YES
Name=NDC1_HUMAN_TRANSMEM1	SP='YES' Cleavage site between pos. 22 and 23: CTT-VF D=0.823 D-cutoff=0.450 Networks=SignalP-noTM
