# SignalP-4.1 euk predictions
# Name=NDUB5_HUMAN_TRANSMEM1	Length=70	Networks=SignalP-noTM
# pos  aa    C       S       Y
    1   L   0.101   0.635   0.253
    2   K   0.103   0.711   0.255
    3   L   0.102   0.694   0.255
    4   L   0.103   0.753   0.257
    5   R   0.103   0.764   0.258
    6   F   0.104   0.759   0.261
    7   Y   0.105   0.782   0.263
    8   I   0.105   0.777   0.264
    9   A   0.104   0.735   0.264
   10   L   0.094   0.746   0.252
   11   T   0.099   0.673   0.260
   12   G   0.098   0.735   0.258
   13   I   0.098   0.700   0.259
   14   P   0.098   0.696   0.260
   15   V   0.100   0.767   0.263
   16   A   0.100   0.728   0.264
   17   I   0.103   0.606   0.270
   18   F   0.100   0.540   0.265
   19   I   0.139   0.400   0.312
   20   T   0.109   0.387   0.274
   21   L   0.106   0.457   0.267
   22   V   0.104   0.536   0.263
   23   N   0.108   0.427   0.267
   24   V   0.101   0.609   0.257
   25   F   0.147   0.492   0.309
   26   I   0.107   0.636   0.261
   27   G   0.106   0.777   0.260
   28   Q   0.123   0.566   0.280
   29   A   0.107   0.703   0.259
   30   E   0.223   0.254   0.373
   31   L   0.104   0.493   0.250
   32   A   0.374   0.147   0.469
   33   E   0.134   0.106   0.274
   34   I   0.105   0.114   0.237
   35   P   0.099   0.122   0.224
   36   E   0.103   0.127   0.222
   37   G   0.101   0.156   0.214
   38   Y   0.100   0.124   0.206
   39   V   0.103   0.119   0.203
   40   P   0.103   0.113   0.197
   41   E   0.109   0.120   0.197
   42   H   0.098   0.123   0.184
   43   W   0.104   0.120   0.186
   44   E   0.102   0.119   0.180
   45   Y   0.096   0.114   0.170
   46   Y   0.101   0.121   0.169
   47   K   0.103   0.112   0.164
   48   H   0.103   0.112   0.159
   49   P   0.107   0.114   0.154
   50   I   0.105   0.107   0.141
   51   S   0.104   0.106   0.133
   52   R   0.102   0.103   0.121
   53   W   0.101   0.093   0.117
   54   I   0.103   0.098   0.110
   55   A   0.101   0.107   0.108
   56   R   0.101   0.102   0.108
   57   N   0.107   0.111   0.111
   58   F   0.102   0.106   0.108
   59   Y   0.102   0.103   0.108
   60   D   0.105   0.105   0.108
   61   S   0.097   0.103   0.104
   62   P   0.099   0.106   0.104
   63   E   0.106   0.104   0.108
   64   K   0.101   0.103   0.105
   65   I   0.101   0.105   0.104
   66   Y   0.101   0.102   0.104
   67   E   0.100   0.102   0.103
   68   R   0.099   0.104   0.102
   69   T   0.104   0.106   0.105
   70   M   0.105   0.107   0.105
# Measure  Position  Value    Cutoff   signal peptide?
  max. C    32       0.374
  max. Y    32       0.469
  max. S     7       0.782
  mean S     1-31    0.630
       D     1-31    0.556   0.450   YES
Name=NDUB5_HUMAN_TRANSMEM1	SP='YES' Cleavage site between pos. 31 and 32: AEL-AE D=0.556 D-cutoff=0.450 Networks=SignalP-noTM
