# SignalP-4.1 euk predictions
# Name=NIPA4_HUMAN_TRANSMEM3	Length=70	Networks=SignalP-noTM
# pos  aa    C       S       Y
    1   F   0.101   0.575   0.242
    2   G   0.105   0.586   0.246
    3   A   0.100   0.547   0.240
    4   Y   0.100   0.621   0.240
    5   A   0.105   0.581   0.246
    6   F   0.097   0.639   0.236
    7   A   0.105   0.593   0.246
    8   P   0.099   0.581   0.240
    9   A   0.106   0.599   0.248
   10   T   0.096   0.574   0.236
   11   V   0.104   0.523   0.246
   12   V   0.098   0.502   0.238
   13   T   0.102   0.452   0.242
   14   P   0.101   0.493   0.240
   15   L   0.104   0.480   0.242
   16   G   0.108   0.497   0.246
   17   A   0.101   0.524   0.238
   18   L   0.160   0.385   0.298
   19   S   0.108   0.397   0.244
   20   V   0.120   0.353   0.254
   21   L   0.103   0.307   0.233
   22   I   0.106   0.390   0.234
   23   S   0.103   0.360   0.229
   24   A   0.122   0.343   0.247
   25   I   0.138   0.257   0.260
   26   L   0.100   0.399   0.218
   27   S   0.099   0.465   0.215
   28   S   0.161   0.306   0.272
   29   Y   0.121   0.268   0.232
   30   F   0.101   0.284   0.208
   31   L   0.110   0.255   0.214
   32   R   0.103   0.275   0.203
   33   E   0.116   0.199   0.212
   34   S   0.103   0.278   0.196
   35   L   0.111   0.150   0.201
   36   N   0.101   0.137   0.188
   37   L   0.117   0.128   0.197
   38   L   0.103   0.131   0.180
   39   G   0.107   0.137   0.179
   40   K   0.104   0.148   0.171
   41   L   0.103   0.166   0.167
   42   G   0.099   0.222   0.161
   43   C   0.107   0.186   0.165
   44   V   0.107   0.170   0.164
   45   I   0.097   0.179   0.152
   46   C   0.099   0.157   0.152
   47   V   0.111   0.125   0.157
   48   A   0.099   0.187   0.146
   49   G   0.100   0.139   0.144
   50   S   0.135   0.121   0.161
   51   T   0.098   0.110   0.134
   52   V   0.100   0.124   0.133
   53   M   0.102   0.125   0.131
   54   V   0.098   0.127   0.126
   55   I   0.108   0.122   0.130
   56   H   0.104   0.108   0.126
   57   A   0.106   0.115   0.124
   58   P   0.121   0.105   0.132
   59   E   0.105   0.103   0.122
   60   E   0.101   0.100   0.119
   61   E   0.103   0.104   0.120
   62   K   0.097   0.104   0.116
   63   V   0.099   0.104   0.116
   64   T   0.103   0.107   0.117
   65   T   0.110   0.106   0.119
   66   I   0.104   0.105   0.114
   67   M   0.103   0.103   0.112
   68   E   0.104   0.105   0.111
   69   M   0.100   0.102   0.108
   70   A   0.107   0.101   0.111
# Measure  Position  Value    Cutoff   signal peptide?
  max. C    28       0.161
  max. Y    18       0.298
  max. S     6       0.639
  mean S     1-17    0.551
       D     1-17    0.435   0.450   NO
Name=NIPA4_HUMAN_TRANSMEM3	SP='NO' D=0.435 D-cutoff=0.450 Networks=SignalP-noTM
