# SignalP-4.1 euk predictions
# Name=NKG7_HUMAN_TRANSMEM3	Length=70	Networks=SignalP-TM
# pos  aa    C       S       Y
    1   P   0.102   0.259   0.163
    2   G   0.104   0.327   0.164
    3   H   0.100   0.340   0.162
    4   G   0.104   0.381   0.167
    5   P   0.099   0.446   0.166
    6   L   0.103   0.429   0.173
    7   V   0.101   0.468   0.175
    8   S   0.104   0.506   0.182
    9   T   0.102   0.551   0.185
   10   T   0.102   0.525   0.191
   11   A   0.105   0.385   0.199
   12   A   0.102   0.447   0.198
   13   F   0.098   0.482   0.198
   14   A   0.104   0.483   0.207
   15   A   0.102   0.506   0.210
   16   A   0.100   0.494   0.212
   17   I   0.109   0.436   0.224
   18   S   0.103   0.397   0.219
   19   M   0.105   0.366   0.221
   20   V   0.105   0.389   0.220
   21   V   0.102   0.373   0.217
   22   A   0.103   0.465   0.216
   23   M   0.224   0.183   0.317
   24   A   0.120   0.194   0.225
   25   V   0.156   0.092   0.250
   26   Y   0.105   0.113   0.199
   27   T   0.107   0.192   0.195
   28   S   0.148   0.193   0.223
   29   E   0.110   0.205   0.186
   30   R   0.111   0.201   0.180
   31   W   0.121   0.161   0.181
   32   D   0.108   0.168   0.165
   33   Q   0.108   0.149   0.159
   34   P   0.104   0.155   0.151
   35   P   0.102   0.142   0.144
   36   H   0.104   0.160   0.139
   37   P   0.103   0.189   0.130
   38   Q   0.104   0.173   0.131
   39   I   0.102   0.192   0.129
   40   Q   0.099   0.140   0.130
   41   T   0.103   0.108   0.134
   42   F   0.101   0.100   0.130
   43   F   0.104   0.083   0.129
   44   S   0.105   0.067   0.126
   45   W   0.101   0.068   0.120
   46   S   0.104   0.092   0.119
   47   F   0.101   0.086   0.114
   48   Y   0.104   0.106   0.114
   49   L   0.099   0.147   0.110
   50   G   0.102   0.147   0.111
   51   W   0.098   0.125   0.109
   52   V   0.103   0.096   0.110
   53   S   0.101   0.086   0.106
   54   A   0.103   0.100   0.103
   55   I   0.127   0.096   0.113
   56   L   0.102   0.084   0.101
   57   L   0.101   0.091   0.100
   58   L   0.103   0.118   0.101
   59   C   0.103   0.118   0.103
   60   T   0.105   0.108   0.106
   61   G   0.106   0.116   0.107
   62   A   0.114   0.128   0.112
   63   L   0.110   0.137   0.110
   64   S   0.102   0.178   0.106
   65   L   0.115   0.149   0.114
   66   G   0.101   0.190   0.108
   67   A   0.123   0.177   0.122
   68   H   0.103   0.130   0.115
   69   C   0.103   0.128   0.116
   70   G   0.112   0.098   0.122
# Measure  Position  Value    Cutoff   signal peptide?
  max. C    23       0.224
  max. Y    23       0.317
  max. S     9       0.551
  mean S     1-22    0.430
       D     1-22    0.362   0.500   NO
Name=NKG7_HUMAN_TRANSMEM3	SP='NO' D=0.362 D-cutoff=0.500 Networks=SignalP-TM
