# SignalP-4.1 euk predictions
# Name=NLS1_HUMAN_TRANSMEM6	Length=70	Networks=SignalP-noTM
# pos  aa    C       S       Y
    1   P   0.100   0.851   0.292
    2   Y   0.104   0.797   0.298
    3   I   0.103   0.818   0.295
    4   K   0.101   0.834   0.292
    5   L   0.102   0.856   0.294
    6   I   0.101   0.856   0.292
    7   T   0.101   0.922   0.292
    8   G   0.108   0.926   0.303
    9   F   0.098   0.899   0.289
   10   L   0.103   0.893   0.296
   11   F   0.101   0.867   0.294
   12   T   0.101   0.865   0.295
   13   S   0.101   0.885   0.294
   14   L   0.101   0.909   0.295
   15   A   0.101   0.903   0.295
   16   F   0.115   0.759   0.316
   17   M   0.101   0.769   0.294
   18   L   0.116   0.728   0.316
   19   V   0.100   0.799   0.291
   20   E   0.102   0.752   0.295
   21   G   0.101   0.791   0.292
   22   N   0.677   0.325   0.755
   23   F   0.105   0.366   0.293
   24   V   0.110   0.313   0.296
   25   L   0.104   0.188   0.284
   26   F   0.102   0.188   0.275
   27   C   0.115   0.134   0.287
   28   T   0.116   0.142   0.282
   29   Y   0.104   0.156   0.261
   30   T   0.103   0.139   0.252
   31   L   0.113   0.134   0.256
   32   G   0.102   0.234   0.235
   33   F   0.398   0.113   0.453
   34   R   0.102   0.131   0.221
   35   N   0.118   0.129   0.230
   36   E   0.105   0.129   0.209
   37   F   0.097   0.140   0.192
   38   Q   0.100   0.131   0.185
   39   N   0.104   0.135   0.181
   40   L   0.097   0.141   0.166
   41   L   0.096   0.184   0.158
   42   L   0.104   0.180   0.155
   43   A   0.108   0.189   0.149
   44   I   0.097   0.172   0.132
   45   M   0.103   0.261   0.133
   46   L   0.099   0.337   0.128
   47   S   0.102   0.417   0.131
   48   A   0.098   0.400   0.132
   49   T   0.100   0.327   0.137
   50   L   0.103   0.353   0.143
   51   T   0.096   0.215   0.141
   52   I   0.276   0.128   0.240
   53   P   0.099   0.155   0.143
   54   I   0.106   0.132   0.149
   55   W   0.096   0.133   0.140
   56   Q   0.100   0.121   0.143
   57   W   0.121   0.116   0.158
   58   F   0.105   0.102   0.146
   59   L   0.100   0.103   0.142
   60   T   0.106   0.101   0.146
   61   R   0.098   0.105   0.140
   62   F   0.107   0.101   0.146
   63   G   0.102   0.101   0.142
   64   K   0.101   0.100   0.140
   65   K   0.098   0.097   0.136
   66   T   0.098   0.101   0.135
   67   A   0.106   0.100   0.139
   68   V   0.142   0.100   0.157
   69   Y   0.103   0.098   0.130
   70   V   0.099   0.097   0.122
# Measure  Position  Value    Cutoff   signal peptide?
  max. C    22       0.677
  max. Y    22       0.755
  max. S     8       0.926
  mean S     1-21    0.842
       D     1-21    0.802   0.450   YES
Name=NLS1_HUMAN_TRANSMEM6	SP='YES' Cleavage site between pos. 21 and 22: VEG-NF D=0.802 D-cutoff=0.450 Networks=SignalP-noTM
