# SignalP-4.1 euk predictions
# Name=NPC1_HUMAN_TRANSMEM5	Length=70	Networks=SignalP-noTM
# pos  aa    C       S       Y
    1   P   0.102   0.803   0.286
    2   L   0.104   0.800   0.288
    3   T   0.103   0.731   0.288
    4   L   0.103   0.742   0.287
    5   I   0.104   0.697   0.288
    6   V   0.098   0.714   0.279
    7   I   0.104   0.717   0.286
    8   E   0.103   0.737   0.284
    9   V   0.099   0.759   0.278
   10   I   0.101   0.750   0.280
   11   P   0.101   0.805   0.280
   12   F   0.096   0.836   0.273
   13   L   0.100   0.891   0.279
   14   V   0.099   0.869   0.278
   15   L   0.101   0.855   0.282
   16   A   0.105   0.848   0.288
   17   V   0.479   0.524   0.615
   18   G   0.107   0.606   0.288
   19   V   0.191   0.295   0.383
   20   D   0.123   0.168   0.302
   21   N   0.110   0.168   0.280
   22   I   0.154   0.138   0.325
   23   F   0.100   0.174   0.256
   24   I   0.105   0.314   0.256
   25   L   0.110   0.214   0.259
   26   V   0.101   0.298   0.242
   27   Q   0.102   0.320   0.240
   28   A   0.108   0.319   0.243
   29   Y   0.286   0.173   0.388
   30   Q   0.100   0.153   0.225
   31   R   0.113   0.123   0.232
   32   D   0.111   0.115   0.223
   33   E   0.100   0.110   0.205
   34   R   0.098   0.115   0.195
   35   L   0.109   0.106   0.197
   36   Q   0.103   0.108   0.181
   37   G   0.099   0.103   0.167
   38   E   0.112   0.104   0.167
   39   T   0.103   0.108   0.149
   40   L   0.100   0.109   0.141
   41   D   0.101   0.106   0.133
   42   Q   0.098   0.103   0.128
   43   Q   0.109   0.102   0.133
   44   L   0.105   0.092   0.129
   45   G   0.105   0.088   0.129
   46   R   0.096   0.094   0.121
   47   V   0.106   0.087   0.124
   48   L   0.101   0.087   0.118
   49   G   0.104   0.084   0.116
   50   E   0.099   0.084   0.108
   51   V   0.103   0.088   0.105
   52   A   0.105   0.086   0.104
   53   P   0.095   0.093   0.098
   54   S   0.098   0.108   0.099
   55   M   0.099   0.100   0.099
   56   F   0.103   0.096   0.100
   57   L   0.097   0.098   0.097
   58   S   0.100   0.095   0.098
   59   S   0.099   0.093   0.098
   60   F   0.105   0.094   0.100
   61   S   0.103   0.097   0.099
   62   E   0.102   0.093   0.098
   63   T   0.102   0.092   0.098
   64   V   0.106   0.096   0.099
   65   A   0.102   0.094   0.097
   66   F   0.113   0.094   0.102
   67   F   0.100   0.095   0.096
   68   L   0.104   0.098   0.098
   69   G   0.109   0.095   0.101
   70   A   0.102   0.096   0.098
# Measure  Position  Value    Cutoff   signal peptide?
  max. C    17       0.479
  max. Y    17       0.615
  max. S    13       0.891
  mean S     1-16    0.785
       D     1-16    0.707   0.450   YES
Name=NPC1_HUMAN_TRANSMEM5	SP='YES' Cleavage site between pos. 16 and 17: VLA-VG D=0.707 D-cutoff=0.450 Networks=SignalP-noTM
