# SignalP-4.1 euk predictions
# Name=NPT2A_HUMAN_TRANSMEM2	Length=70	Networks=SignalP-noTM
# pos  aa    C       S       Y
    1   A   0.103   0.833   0.294
    2   I   0.099   0.832   0.286
    3   L   0.101   0.802   0.291
    4   S   0.101   0.831   0.290
    5   N   0.101   0.856   0.289
    6   P   0.105   0.847   0.295
    7   V   0.103   0.817   0.293
    8   A   0.107   0.800   0.299
    9   G   0.099   0.792   0.287
   10   L   0.107   0.800   0.298
   11   V   0.101   0.778   0.290
   12   V   0.102   0.791   0.289
   13   G   0.101   0.786   0.288
   14   I   0.102   0.813   0.289
   15   L   0.104   0.782   0.292
   16   V   0.108   0.761   0.297
   17   T   0.101   0.759   0.287
   18   V   0.103   0.745   0.289
   19   L   0.099   0.839   0.283
   20   V   0.108   0.811   0.295
   21   Q   0.108   0.668   0.295
   22   S   0.122   0.522   0.313
   23   S   0.232   0.406   0.426
   24   S   0.110   0.373   0.290
   25   T   0.206   0.217   0.392
   26   S   0.185   0.141   0.364
   27   T   0.132   0.144   0.301
   28   S   0.170   0.134   0.334
   29   I   0.138   0.113   0.293
   30   I   0.104   0.112   0.248
   31   V   0.099   0.114   0.235
   32   S   0.096   0.146   0.226
   33   M   0.105   0.148   0.229
   34   V   0.100   0.148   0.216
   35   S   0.103   0.155   0.213
   36   S   0.103   0.173   0.206
   37   G   0.110   0.157   0.205
   38   L   0.107   0.210   0.194
   39   L   0.107   0.246   0.187
   40   E   0.104   0.179   0.178
   41   V   0.101   0.185   0.168
   42   S   0.103   0.176   0.161
   43   S   0.109   0.257   0.156
   44   A   0.139   0.136   0.168
   45   I   0.326   0.103   0.245
   46   P   0.101   0.099   0.131
   47   I   0.101   0.096   0.127
   48   I   0.102   0.102   0.125
   49   M   0.104   0.156   0.125
   50   G   0.101   0.151   0.124
   51   S   0.122   0.097   0.137
   52   N   0.102   0.102   0.125
   53   I   0.105   0.105   0.126
   54   G   0.097   0.112   0.121
   55   T   0.101   0.110   0.123
   56   S   0.108   0.112   0.127
   57   V   0.105   0.104   0.124
   58   T   0.102   0.102   0.121
   59   N   0.104   0.096   0.121
   60   T   0.100   0.101   0.117
   61   I   0.107   0.100   0.119
   62   V   0.106   0.097   0.116
   63   A   0.103   0.097   0.113
   64   L   0.093   0.097   0.105
   65   M   0.102   0.099   0.108
   66   Q   0.106   0.098   0.107
   67   A   0.108   0.101   0.107
   68   G   0.097   0.095   0.101
   69   D   0.100   0.097   0.103
   70   R   0.100   0.099   0.103
# Measure  Position  Value    Cutoff   signal peptide?
  max. C    45       0.326
  max. Y    23       0.426
  max. S     5       0.856
  mean S     1-22    0.785
       D     1-22    0.620   0.450   YES
Name=NPT2A_HUMAN_TRANSMEM2	SP='YES' Cleavage site between pos. 22 and 23: VQS-SS D=0.620 D-cutoff=0.450 Networks=SignalP-noTM
