# SignalP-4.1 euk predictions
# Name=NPT2C_HUMAN_TRANSMEM3	Length=70	Networks=SignalP-TM
# pos  aa    C       S       Y
    1   E   0.102   0.293   0.173
    2   F   0.102   0.304   0.173
    3   Q   0.101   0.496   0.172
    4   R   0.103   0.537   0.178
    5   A   0.104   0.528   0.184
    6   F   0.097   0.585   0.182
    7   S   0.105   0.506   0.195
    8   G   0.101   0.502   0.195
    9   S   0.101   0.524   0.199
   10   A   0.102   0.565   0.204
   11   V   0.097   0.574   0.204
   12   H   0.102   0.577   0.214
   13   G   0.099   0.564   0.216
   14   I   0.099   0.719   0.220
   15   F   0.103   0.690   0.231
   16   N   0.103   0.497   0.237
   17   W   0.100   0.542   0.237
   18   L   0.100   0.614   0.237
   19   T   0.104   0.486   0.244
   20   V   0.103   0.493   0.241
   21   L   0.103   0.391   0.240
   22   V   0.107   0.468   0.243
   23   L   0.102   0.534   0.237
   24   L   0.107   0.547   0.243
   25   P   0.100   0.516   0.234
   26   L   0.106   0.442   0.241
   27   E   0.105   0.557   0.237
   28   S   0.101   0.664   0.233
   29   A   0.115   0.638   0.247
   30   T   0.162   0.401   0.293
   31   A   0.123   0.336   0.253
   32   L   0.210   0.261   0.326
   33   L   0.117   0.198   0.237
   34   E   0.146   0.174   0.259
   35   R   0.104   0.171   0.213
   36   L   0.105   0.173   0.210
   37   S   0.103   0.153   0.203
   38   E   0.105   0.148   0.198
   39   L   0.104   0.154   0.189
   40   A   0.102   0.140   0.181
   41   L   0.100   0.140   0.172
   42   G   0.106   0.136   0.168
   43   A   0.107   0.134   0.157
   44   A   0.103   0.131   0.141
   45   S   0.103   0.122   0.134
   46   L   0.101   0.111   0.127
   47   T   0.100   0.110   0.122
   48   P   0.102   0.114   0.121
   49   R   0.103   0.133   0.119
   50   A   0.104   0.138   0.119
   51   Q   0.101   0.142   0.116
   52   A   0.104   0.137   0.117
   53   P   0.123   0.107   0.127
   54   D   0.103   0.103   0.115
   55   I   0.104   0.106   0.114
   56   L   0.101   0.103   0.111
   57   K   0.104   0.105   0.112
   58   V   0.102   0.111   0.110
   59   L   0.105   0.100   0.111
   60   T   0.107   0.104   0.111
   61   K   0.103   0.107   0.109
   62   P   0.105   0.115   0.110
   63   L   0.103   0.116   0.109
   64   T   0.106   0.120   0.110
   65   H   0.104   0.112   0.108
   66   L   0.101   0.111   0.105
   67   I   0.102   0.102   0.105
   68   V   0.099   0.105   0.104
   69   Q   0.101   0.093   0.105
   70   L   0.104   0.086   0.106
# Measure  Position  Value    Cutoff   signal peptide?
  max. C    32       0.210
  max. Y    32       0.326
  max. S    14       0.719
  mean S     1-31    0.519
       D     1-31    0.403   0.500   NO
Name=NPT2C_HUMAN_TRANSMEM3	SP='NO' D=0.403 D-cutoff=0.500 Networks=SignalP-TM
