# SignalP-4.1 euk predictions
# Name=NPT2B_HUMAN_TRANSMEM5	Length=70	Networks=SignalP-noTM
# pos  aa    C       S       Y
    1   I   0.102   0.761   0.279
    2   N   0.100   0.772   0.276
    3   T   0.102   0.761   0.278
    4   D   0.101   0.785   0.278
    5   F   0.102   0.782   0.279
    6   P   0.101   0.781   0.277
    7   F   0.100   0.752   0.277
    8   P   0.105   0.792   0.283
    9   F   0.106   0.774   0.285
   10   A   0.106   0.754   0.285
   11   W   0.094   0.763   0.268
   12   L   0.101   0.805   0.278
   13   T   0.097   0.824   0.273
   14   G   0.101   0.737   0.279
   15   Y   0.100   0.724   0.278
   16   L   0.103   0.733   0.281
   17   A   0.103   0.807   0.281
   18   I   0.114   0.702   0.296
   19   L   0.100   0.601   0.277
   20   V   0.098   0.716   0.272
   21   G   0.105   0.740   0.282
   22   A   0.135   0.685   0.320
   23   G   0.187   0.407   0.375
   24   M   0.145   0.272   0.326
   25   T   0.137   0.295   0.313
   26   F   0.141   0.263   0.313
   27   I   0.105   0.379   0.265
   28   V   0.118   0.366   0.277
   29   Q   0.100   0.524   0.251
   30   S   0.112   0.560   0.263
   31   S   0.240   0.242   0.383
   32   S   0.108   0.189   0.252
   33   V   0.150   0.178   0.290
   34   F   0.108   0.171   0.240
   35   T   0.100   0.186   0.225
   36   S   0.111   0.163   0.230
   37   A   0.109   0.176   0.222
   38   L   0.115   0.125   0.221
   39   T   0.104   0.120   0.203
   40   P   0.099   0.131   0.191
   41   L   0.106   0.149   0.190
   42   I   0.108   0.155   0.186
   43   G   0.099   0.198   0.171
   44   I   0.106   0.198   0.169
   45   G   0.102   0.194   0.159
   46   V   0.107   0.166   0.160
   47   I   0.107   0.142   0.158
   48   T   0.100   0.158   0.150
   49   I   0.102   0.148   0.151
   50   E   0.106   0.115   0.149
   51   R   0.106   0.130   0.145
   52   A   0.106   0.114   0.139
   53   Y   0.107   0.119   0.131
   54   P   0.101   0.119   0.125
   55   L   0.112   0.113   0.131
   56   T   0.105   0.123   0.125
   57   L   0.106   0.105   0.125
   58   G   0.098   0.098   0.119
   59   S   0.126   0.100   0.133
   60   N   0.102   0.098   0.118
   61   I   0.104   0.100   0.119
   62   G   0.102   0.096   0.117
   63   T   0.099   0.097   0.115
   64   T   0.104   0.095   0.117
   65   T   0.102   0.096   0.114
   66   T   0.101   0.096   0.112
   67   A   0.100   0.098   0.109
   68   I   0.095   0.098   0.104
   69   L   0.104   0.099   0.108
   70   A   0.099   0.101   0.104
# Measure  Position  Value    Cutoff   signal peptide?
  max. C    31       0.240
  max. Y    31       0.383
  max. S    13       0.824
  mean S     1-30    0.654
       D     1-30    0.529   0.450   YES
Name=NPT2B_HUMAN_TRANSMEM5	SP='YES' Cleavage site between pos. 30 and 31: VQS-SS D=0.529 D-cutoff=0.450 Networks=SignalP-noTM
