# SignalP-4.1 euk predictions
# Name=NPY1R_HUMAN_TRANSMEM5	Length=70	Networks=SignalP-noTM
# pos  aa    C       S       Y
    1   H   0.100   0.787   0.281
    2   R   0.101   0.761   0.283
    3   L   0.102   0.777   0.283
    4   S   0.102   0.836   0.283
    5   Y   0.100   0.859   0.280
    6   T   0.103   0.795   0.286
    7   T   0.101   0.769   0.283
    8   L   0.104   0.704   0.287
    9   L   0.101   0.739   0.282
   10   L   0.099   0.731   0.278
   11   V   0.103   0.710   0.284
   12   L   0.101   0.638   0.281
   13   Q   0.102   0.611   0.281
   14   Y   0.101   0.644   0.278
   15   F   0.102   0.674   0.278
   16   G   0.103   0.694   0.279
   17   P   0.094   0.672   0.266
   18   L   0.104   0.633   0.278
   19   C   0.098   0.465   0.268
   20   F   0.128   0.242   0.304
   21   I   0.135   0.207   0.306
   22   F   0.154   0.093   0.322
   23   I   0.100   0.107   0.252
   24   C   0.103   0.118   0.250
   25   Y   0.100   0.148   0.241
   26   F   0.101   0.167   0.235
   27   K   0.130   0.099   0.260
   28   I   0.103   0.118   0.223
   29   Y   0.101   0.140   0.214
   30   I   0.097   0.203   0.203
   31   R   0.102   0.180   0.203
   32   L   0.106   0.194   0.200
   33   K   0.107   0.144   0.195
   34   R   0.103   0.136   0.183
   35   R   0.108   0.139   0.181
   36   N   0.125   0.101   0.188
   37   N   0.098   0.110   0.159
   38   M   0.098   0.117   0.151
   39   M   0.101   0.116   0.144
   40   D   0.101   0.120   0.135
   41   K   0.094   0.109   0.122
   42   M   0.096   0.118   0.117
   43   R   0.102   0.118   0.118
   44   D   0.103   0.110   0.116
   45   N   0.098   0.117   0.114
   46   K   0.101   0.126   0.116
   47   Y   0.100   0.131   0.115
   48   R   0.100   0.163   0.115
   49   S   0.108   0.230   0.119
   50   S   0.101   0.291   0.118
   51   E   0.100   0.262   0.121
   52   T   0.100   0.178   0.123
   53   K   0.099   0.160   0.122
   54   R   0.101   0.128   0.123
   55   I   0.104   0.128   0.123
   56   N   0.104   0.133   0.123
   57   I   0.102   0.163   0.122
   58   M   0.097   0.189   0.119
   59   L   0.106   0.152   0.126
   60   L   0.104   0.155   0.126
   61   S   0.102   0.139   0.126
   62   I   0.102   0.128   0.126
   63   V   0.102   0.115   0.126
   64   V   0.104   0.115   0.127
   65   A   0.108   0.130   0.130
   66   F   0.101   0.114   0.125
   67   A   0.102   0.112   0.126
   68   V   0.112   0.104   0.132
   69   C   0.099   0.115   0.124
   70   W   0.104   0.108   0.127
# Measure  Position  Value    Cutoff   signal peptide?
  max. C    22       0.154
  max. Y    22       0.322
  max. S     5       0.859
  mean S     1-21    0.664
       D     1-21    0.507   0.450   YES
Name=NPY1R_HUMAN_TRANSMEM5	SP='YES' Cleavage site between pos. 21 and 22: CFI-FI D=0.507 D-cutoff=0.450 Networks=SignalP-noTM
