# SignalP-4.1 euk predictions
# Name=NRAM2_HUMAN_TRANSMEM11	Length=70	Networks=SignalP-noTM
# pos  aa    C       S       Y
    1   I   0.105   0.882   0.305
    2   A   0.103   0.903   0.302
    3   G   0.098   0.863   0.295
    4   G   0.101   0.888   0.299
    5   I   0.100   0.866   0.297
    6   L   0.105   0.836   0.304
    7   V   0.102   0.799   0.300
    8   L   0.098   0.806   0.292
    9   I   0.108   0.793   0.307
   10   I   0.100   0.682   0.295
   11   C   0.105   0.711   0.301
   12   S   0.102   0.788   0.294
   13   I   0.098   0.780   0.288
   14   N   0.095   0.750   0.283
   15   M   0.097   0.766   0.285
   16   Y   0.108   0.727   0.300
   17   F   0.103   0.755   0.292
   18   V   0.106   0.707   0.295
   19   V   0.104   0.662   0.291
   20   V   0.101   0.690   0.284
   21   Y   0.133   0.538   0.325
   22   V   0.114   0.392   0.298
   23   R   0.205   0.197   0.393
   24   D   0.109   0.185   0.281
   25   L   0.112   0.161   0.278
   26   G   0.107   0.176   0.265
   27   H   0.107   0.199   0.258
   28   V   0.106   0.222   0.251
   29   A   0.103   0.251   0.242
   30   L   0.102   0.199   0.235
   31   Y   0.113   0.159   0.242
   32   V   0.099   0.200   0.219
   33   V   0.107   0.262   0.223
   34   A   0.103   0.487   0.214
   35   A   0.122   0.357   0.229
   36   V   0.121   0.205   0.223
   37   V   0.105   0.200   0.201
   38   S   0.104   0.223   0.194
   39   V   0.106   0.245   0.189
   40   A   0.102   0.245   0.179
   41   Y   0.124   0.195   0.191
   42   L   0.103   0.211   0.168
   43   G   0.116   0.201   0.171
   44   F   0.110   0.229   0.161
   45   V   0.108   0.271   0.157
   46   F   0.109   0.281   0.159
   47   Y   0.106   0.360   0.158
   48   L   0.118   0.305   0.170
   49   G   0.110   0.450   0.166
   50   W   0.109   0.318   0.169
   51   Q   0.109   0.179   0.170
   52   C   0.111   0.152   0.170
   53   L   0.104   0.169   0.165
   54   I   0.106   0.170   0.166
   55   A   0.106   0.126   0.166
   56   L   0.141   0.103   0.189
   57   G   0.100   0.101   0.154
   58   M   0.153   0.097   0.185
   59   S   0.105   0.102   0.152
   60   F   0.116   0.098   0.158
   61   L   0.104   0.098   0.148
   62   D   0.108   0.098   0.148
   63   C   0.097   0.101   0.138
   64   G   0.118   0.101   0.151
   65   H   0.100   0.097   0.136
   66   T   0.105   0.097   0.138
   67   C   0.141   0.095   0.157
   68   H   0.096   0.096   0.127
   69   L   0.096   0.101   0.124
   70   G   0.101   0.101   0.122
# Measure  Position  Value    Cutoff   signal peptide?
  max. C    23       0.205
  max. Y    23       0.393
  max. S     2       0.903
  mean S     1-22    0.754
       D     1-22    0.588   0.450   YES
Name=NRAM2_HUMAN_TRANSMEM11	SP='YES' Cleavage site between pos. 22 and 23: VYV-RD D=0.588 D-cutoff=0.450 Networks=SignalP-noTM
