# SignalP-4.1 euk predictions
# Name=NTCP2_HUMAN_TRANSMEM3	Length=70	Networks=SignalP-TM
# pos  aa    C       S       Y
    1   D   0.102   0.246   0.158
    2   M   0.102   0.379   0.158
    3   D   0.102   0.422   0.162
    4   L   0.102   0.549   0.165
    5   S   0.103   0.648   0.173
    6   V   0.100   0.577   0.178
    7   S   0.102   0.482   0.187
    8   M   0.101   0.438   0.190
    9   T   0.100   0.420   0.193
   10   T   0.102   0.357   0.199
   11   C   0.101   0.248   0.200
   12   S   0.102   0.199   0.200
   13   T   0.099   0.287   0.196
   14   L   0.099   0.290   0.197
   15   L   0.103   0.286   0.202
   16   A   0.101   0.310   0.201
   17   L   0.115   0.343   0.213
   18   G   0.103   0.330   0.200
   19   M   0.117   0.296   0.209
   20   M   0.103   0.270   0.190
   21   P   0.104   0.264   0.184
   22   L   0.103   0.419   0.179
   23   C   0.103   0.440   0.178
   24   L   0.107   0.439   0.182
   25   L   0.104   0.493   0.182
   26   I   0.139   0.405   0.215
   27   Y   0.114   0.421   0.199
   28   T   0.103   0.438   0.191
   29   K   0.111   0.317   0.203
   30   M   0.101   0.369   0.194
   31   W   0.123   0.282   0.214
   32   V   0.103   0.206   0.196
   33   D   0.104   0.151   0.194
   34   S   0.101   0.176   0.188
   35   G   0.146   0.143   0.224
   36   S   0.111   0.152   0.193
   37   I   0.113   0.140   0.189
   38   V   0.106   0.141   0.177
   39   I   0.099   0.130   0.165
   40   P   0.098   0.131   0.155
   41   Y   0.103   0.136   0.153
   42   D   0.103   0.102   0.147
   43   N   0.103   0.112   0.138
   44   I   0.100   0.116   0.130
   45   G   0.102   0.089   0.124
   46   T   0.100   0.117   0.117
   47   S   0.106   0.073   0.118
   48   L   0.101   0.061   0.113
   49   V   0.100   0.077   0.108
   50   S   0.100   0.077   0.106
   51   L   0.104   0.058   0.105
   52   V   0.101   0.045   0.101
   53   V   0.105   0.042   0.099
   54   P   0.106   0.049   0.097
   55   V   0.098   0.040   0.090
   56   S   0.103   0.056   0.088
   57   I   0.104   0.067   0.087
   58   G   0.095   0.061   0.081
   59   M   0.100   0.049   0.081
   60   F   0.101   0.043   0.079
   61   V   0.102   0.052   0.076
   62   N   0.104   0.081   0.076
   63   H   0.099   0.097   0.075
   64   K   0.101   0.100   0.077
   65   W   0.102   0.102   0.078
   66   P   0.104   0.103   0.081
   67   Q   0.101   0.100   0.083
   68   K   0.105   0.103   0.087
   69   A   0.101   0.104   0.087
   70   K   0.100   0.098   0.089
# Measure  Position  Value    Cutoff   signal peptide?
  max. C    35       0.146
  max. Y    35       0.224
  max. S     5       0.648
  mean S     1-34    0.359
       D     1-34    0.278   0.500   NO
Name=NTCP2_HUMAN_TRANSMEM3	SP='NO' D=0.278 D-cutoff=0.500 Networks=SignalP-TM
