# SignalP-4.1 euk predictions
# Name=NTR1_HUMAN_TRANSMEM7	Length=70	Networks=SignalP-TM
# pos  aa    C       S       Y
    1   Y   0.101   0.123   0.112
    2   D   0.102   0.122   0.112
    3   F   0.101   0.143   0.111
    4   Y   0.102   0.122   0.113
    5   H   0.101   0.144   0.112
    6   Y   0.102   0.146   0.113
    7   F   0.100   0.173   0.113
    8   Y   0.102   0.197   0.116
    9   M   0.101   0.205   0.117
   10   V   0.101   0.165   0.120
   11   T   0.103   0.221   0.122
   12   N   0.105   0.160   0.126
   13   A   0.100   0.138   0.124
   14   L   0.102   0.156   0.126
   15   F   0.104   0.134   0.128
   16   Y   0.099   0.157   0.125
   17   V   0.102   0.118   0.128
   18   S   0.101   0.120   0.127
   19   S   0.105   0.192   0.129
   20   T   0.118   0.121   0.139
   21   I   0.149   0.085   0.155
   22   N   0.104   0.103   0.127
   23   P   0.097   0.152   0.120
   24   I   0.106   0.092   0.124
   25   L   0.101   0.155   0.119
   26   Y   0.104   0.139   0.118
   27   N   0.105   0.165   0.118
   28   L   0.103   0.148   0.118
   29   V   0.101   0.175   0.116
   30   S   0.105   0.168   0.120
   31   A   0.105   0.153   0.121
   32   N   0.131   0.156   0.136
   33   F   0.104   0.134   0.122
   34   R   0.102   0.104   0.119
   35   H   0.102   0.104   0.118
   36   I   0.102   0.113   0.119
   37   F   0.099   0.111   0.118
   38   L   0.102   0.123   0.118
   39   A   0.104   0.101   0.121
   40   T   0.106   0.076   0.120
   41   L   0.104   0.075   0.117
   42   A   0.101   0.074   0.112
   43   C   0.103   0.066   0.111
   44   L   0.106   0.049   0.109
   45   C   0.101   0.050   0.102
   46   P   0.104   0.041   0.100
   47   V   0.104   0.060   0.095
   48   W   0.098   0.081   0.089
   49   R   0.103   0.191   0.091
   50   R   0.117   0.140   0.101
   51   R   0.106   0.132   0.097
   52   R   0.102   0.127   0.096
   53   K   0.101   0.119   0.095
   54   R   0.099   0.108   0.095
   55   P   0.106   0.110   0.100
   56   A   0.104   0.114   0.100
   57   F   0.098   0.109   0.099
   58   S   0.106   0.107   0.104
   59   R   0.100   0.104   0.103
   60   K   0.107   0.105   0.109
   61   A   0.102   0.104   0.108
   62   D   0.101   0.101   0.109
   63   S   0.106   0.097   0.112
   64   V   0.100   0.101   0.106
   65   S   0.105   0.097   0.107
   66   S   0.103   0.100   0.105
   67   N   0.099   0.100   0.102
   68   H   0.103   0.101   0.103
   69   T   0.102   0.101   0.103
   70   L   0.102   0.099   0.102
# Measure  Position  Value    Cutoff   signal peptide?
  max. C    21       0.149
  max. Y    21       0.155
  max. S    11       0.221
  mean S     1-20    0.153
       D     1-20    0.154   0.500   NO
Name=NTR1_HUMAN_TRANSMEM7	SP='NO' D=0.154 D-cutoff=0.500 Networks=SignalP-TM
