# SignalP-4.1 euk predictions
# Name=NU2M_HUMAN_TRANSMEM8	Length=70	Networks=SignalP-TM
# pos  aa    C       S       Y
    1   P   0.102   0.411   0.205
    2   L   0.103   0.388   0.206
    3   I   0.103   0.336   0.206
    4   P   0.103   0.350   0.204
    5   S   0.104   0.289   0.204
    6   T   0.101   0.245   0.198
    7   L   0.104   0.240   0.199
    8   L   0.102   0.236   0.194
    9   S   0.100   0.248   0.189
   10   L   0.100   0.266   0.185
   11   G   0.104   0.308   0.186
   12   G   0.101   0.304   0.181
   13   L   0.101   0.273   0.179
   14   P   0.100   0.277   0.176
   15   P   0.102   0.281   0.175
   16   L   0.101   0.264   0.171
   17   T   0.098   0.275   0.166
   18   G   0.103   0.342   0.168
   19   F   0.216   0.240   0.243
   20   L   0.134   0.168   0.191
   21   P   0.103   0.174   0.165
   22   K   0.103   0.162   0.164
   23   W   0.099   0.173   0.159
   24   A   0.103   0.167   0.160
   25   I   0.111   0.128   0.164
   26   I   0.103   0.117   0.154
   27   E   0.102   0.107   0.149
   28   E   0.102   0.113   0.144
   29   F   0.103   0.115   0.141
   30   T   0.102   0.089   0.136
   31   K   0.102   0.095   0.132
   32   N   0.100   0.083   0.125
   33   N   0.101   0.092   0.118
   34   S   0.103   0.064   0.115
   35   L   0.107   0.054   0.113
   36   I   0.104   0.039   0.108
   37   I   0.100   0.034   0.101
   38   P   0.101   0.025   0.097
   39   T   0.101   0.032   0.091
   40   I   0.104   0.038   0.089
   41   M   0.104   0.030   0.085
   42   A   0.097   0.025   0.079
   43   T   0.097   0.015   0.075
   44   I   0.102   0.015   0.072
   45   T   0.103   0.014   0.069
   46   L   0.104   0.009   0.064
   47   L   0.101   0.013   0.059
   48   N   0.099   0.026   0.054
   49   L   0.102   0.027   0.052
   50   Y   0.103   0.025   0.050
   51   F   0.102   0.033   0.049
   52   Y   0.106   0.048   0.050
   53   L   0.100   0.078   0.050
   54   R   0.102   0.102   0.054
   55   L   0.100   0.114   0.057
   56   I   0.101   0.137   0.063
   57   Y   0.097   0.145   0.067
   58   S   0.101   0.156   0.076
   59   T   0.113   0.119   0.087
   60   S   0.101   0.128   0.086
   61   I   0.101   0.116   0.091
   62   T   0.098   0.109   0.094
   63   L   0.100   0.102   0.098
   64   L   0.100   0.102   0.101
   65   P   0.101   0.094   0.104
   66   M   0.101   0.097   0.106
   67   S   0.102   0.101   0.108
   68   N   0.101   0.100   0.108
   69   N   0.101   0.106   0.108
   70   V   0.103   0.098   0.109
# Measure  Position  Value    Cutoff   signal peptide?
  max. C    19       0.216
  max. Y    19       0.243
  max. S     1       0.411
  mean S     1-18    0.296
       D     1-18    0.265   0.500   NO
Name=NU2M_HUMAN_TRANSMEM8	SP='NO' D=0.265 D-cutoff=0.500 Networks=SignalP-TM
