# SignalP-4.1 euk predictions
# Name=O10H4_HUMAN_TRANSMEM6	Length=70	Networks=SignalP-noTM
# pos  aa    C       S       Y
    1   G   0.102   0.544   0.236
    2   R   0.100   0.488   0.233
    3   H   0.104   0.533   0.238
    4   K   0.101   0.468   0.234
    5   T   0.101   0.383   0.233
    6   F   0.098   0.358   0.228
    7   S   0.105   0.390   0.234
    8   T   0.103   0.404   0.230
    9   C   0.102   0.391   0.228
   10   V   0.097   0.385   0.220
   11   S   0.102   0.370   0.224
   12   H   0.097   0.431   0.217
   13   L   0.096   0.391   0.215
   14   T   0.101   0.327   0.219
   15   V   0.098   0.278   0.213
   16   V   0.099   0.284   0.211
   17   V   0.102   0.367   0.212
   18   T   0.103   0.348   0.211
   19   H   0.117   0.309   0.222
   20   Y   0.104   0.237   0.207
   21   S   0.101   0.200   0.201
   22   F   0.102   0.164   0.198
   23   A   0.103   0.165   0.194
   24   S   0.203   0.107   0.266
   25   F   0.098   0.112   0.180
   26   I   0.114   0.111   0.189
   27   Y   0.106   0.110   0.177
   28   L   0.098   0.115   0.167
   29   K   0.124   0.102   0.184
   30   P   0.099   0.122   0.160
   31   K   0.110   0.136   0.165
   32   G   0.103   0.148   0.155
   33   L   0.107   0.135   0.155
   34   H   0.108   0.119   0.152
   35   S   0.104   0.114   0.144
   36   M   0.111   0.100   0.144
   37   Y   0.094   0.102   0.129
   38   S   0.103   0.125   0.132
   39   D   0.106   0.099   0.131
   40   A   0.100   0.105   0.122
   41   L   0.099   0.103   0.117
   42   M   0.103   0.112   0.115
   43   A   0.096   0.104   0.109
   44   T   0.100   0.099   0.109
   45   T   0.104   0.101   0.110
   46   Y   0.102   0.099   0.107
   47   T   0.104   0.100   0.108
   48   V   0.103   0.091   0.107
   49   F   0.097   0.097   0.104
   50   T   0.105   0.110   0.108
   51   P   0.104   0.100   0.107
   52   F   0.105   0.104   0.108
   53   L   0.101   0.110   0.105
   54   S   0.102   0.115   0.105
   55   P   0.100   0.103   0.103
   56   I   0.101   0.103   0.103
   57   I   0.102   0.101   0.103
   58   F   0.101   0.095   0.102
   59   S   0.104   0.095   0.104
   60   L   0.106   0.100   0.105
   61   R   0.097   0.100   0.100
   62   N   0.100   0.095   0.101
   63   K   0.099   0.099   0.100
   64   E   0.099   0.099   0.100
   65   L   0.104   0.103   0.102
   66   K   0.105   0.101   0.103
   67   N   0.097   0.102   0.099
   68   A   0.098   0.101   0.099
   69   I   0.103   0.102   0.102
   70   N   0.104   0.101   0.103
# Measure  Position  Value    Cutoff   signal peptide?
  max. C    24       0.203
  max. Y    24       0.266
  max. S     1       0.544
  mean S     1-23    0.357
       D     1-23    0.315   0.450   NO
Name=O10H4_HUMAN_TRANSMEM6	SP='NO' D=0.315 D-cutoff=0.450 Networks=SignalP-noTM
