# SignalP-4.1 euk predictions
# Name=O10Q1_HUMAN_TRANSMEM7	Length=70	Networks=SignalP-TM
# pos  aa    C       S       Y
    1   L   0.101   0.324   0.181
    2   T   0.103   0.330   0.183
    3   V   0.103   0.327   0.183
    4   V   0.104   0.326   0.183
    5   L   0.103   0.324   0.183
    6   L   0.102   0.336   0.182
    7   Q   0.100   0.347   0.181
    8   Y   0.105   0.363   0.185
    9   G   0.101   0.352   0.183
   10   C   0.098   0.378   0.180
   11   C   0.102   0.367   0.185
   12   S   0.104   0.324   0.188
   13   L   0.099   0.271   0.184
   14   V   0.101   0.182   0.184
   15   Y   0.099   0.181   0.179
   16   L   0.099   0.198   0.177
   17   R   0.127   0.129   0.197
   18   P   0.101   0.143   0.172
   19   R   0.111   0.118   0.176
   20   S   0.101   0.150   0.163
   21   S   0.105   0.150   0.162
   22   T   0.127   0.150   0.173
   23   S   0.136   0.142   0.173
   24   E   0.136   0.117   0.167
   25   D   0.106   0.111   0.141
   26   E   0.104   0.107   0.133
   27   D   0.102   0.110   0.125
   28   S   0.101   0.097   0.120
   29   Q   0.099   0.085   0.116
   30   I   0.104   0.078   0.116
   31   A   0.102   0.061   0.111
   32   L   0.099   0.072   0.107
   33   V   0.104   0.075   0.107
   34   Y   0.102   0.065   0.105
   35   T   0.108   0.062   0.105
   36   F   0.100   0.068   0.098
   37   V   0.104   0.072   0.096
   38   T   0.103   0.063   0.093
   39   P   0.102   0.076   0.091
   40   L   0.102   0.053   0.089
   41   L   0.103   0.049   0.087
   42   N   0.101   0.054   0.084
   43   P   0.100   0.051   0.082
   44   L   0.104   0.043   0.082
   45   L   0.103   0.057   0.080
   46   Y   0.106   0.081   0.081
   47   S   0.099   0.103   0.079
   48   L   0.107   0.100   0.083
   49   R   0.102   0.096   0.082
   50   N   0.103   0.076   0.084
   51   K   0.099   0.089   0.083
   52   D   0.099   0.093   0.084
   53   V   0.102   0.093   0.086
   54   K   0.101   0.093   0.087
   55   G   0.101   0.100   0.088
   56   A   0.105   0.103   0.092
   57   L   0.099   0.100   0.091
   58   R   0.104   0.100   0.095
   59   S   0.102   0.101   0.097
   60   A   0.101   0.100   0.098
   61   I   0.100   0.101   0.098
   62   I   0.105   0.100   0.101
   63   R   0.102   0.101   0.099
   64   K   0.107   0.100   0.102
   65   A   0.103   0.100   0.101
   66   A   0.100   0.103   0.100
   67   S   0.100   0.103   0.100
   68   D   0.102   0.105   0.101
   69   A   0.100   0.105   0.101
   70   N   0.099   0.105   0.100
# Measure  Position  Value    Cutoff   signal peptide?
  max. C    23       0.136
  max. Y    17       0.197
  max. S    10       0.378
  mean S     1-16    0.308
       D     1-16    0.242   0.500   NO
Name=O10Q1_HUMAN_TRANSMEM7	SP='NO' D=0.242 D-cutoff=0.500 Networks=SignalP-TM
