# SignalP-4.1 euk predictions
# Name=O10W1_HUMAN_TRANSMEM5	Length=70	Networks=SignalP-TM
# pos  aa    C       S       Y
    1   H   0.101   0.458   0.215
    2   I   0.103   0.445   0.217
    3   H   0.101   0.454   0.214
    4   E   0.102   0.451   0.216
    5   Q   0.100   0.465   0.214
    6   S   0.102   0.389   0.216
    7   V   0.100   0.335   0.212
    8   L   0.102   0.218   0.213
    9   V   0.103   0.188   0.209
   10   A   0.101   0.202   0.203
   11   A   0.102   0.176   0.199
   12   I   0.100   0.148   0.192
   13   L   0.103   0.122   0.188
   14   A   0.103   0.092   0.182
   15   I   0.099   0.101   0.171
   16   A   0.103   0.080   0.167
   17   V   0.104   0.058   0.159
   18   P   0.104   0.086   0.150
   19   F   0.128   0.086   0.156
   20   F   0.100   0.081   0.128
   21   L   0.104   0.089   0.121
   22   I   0.105   0.093   0.114
   23   T   0.109   0.069   0.112
   24   T   0.108   0.083   0.107
   25   S   0.120   0.111   0.108
   26   Y   0.136   0.067   0.112
   27   T   0.107   0.094   0.096
   28   F   0.258   0.109   0.148
   29   I   0.100   0.135   0.093
   30   V   0.107   0.188   0.097
   31   A   0.103   0.224   0.100
   32   A   0.122   0.205   0.115
   33   L   0.122   0.165   0.119
   34   L   0.103   0.170   0.112
   35   K   0.107   0.161   0.117
   36   I   0.101   0.196   0.116
   37   H   0.101   0.199   0.119
   38   S   0.105   0.311   0.125
   39   A   0.114   0.343   0.138
   40   A   0.111   0.281   0.143
   41   G   0.108   0.218   0.146
   42   R   0.173   0.148   0.189
   43   H   0.101   0.187   0.146
   44   R   0.102   0.216   0.148
   45   A   0.104   0.210   0.150
   46   F   0.110   0.134   0.154
   47   S   0.105   0.113   0.148
   48   T   0.105   0.110   0.147
   49   C   0.103   0.144   0.144
   50   S   0.102   0.178   0.143
   51   S   0.102   0.194   0.143
   52   H   0.102   0.153   0.142
   53   L   0.101   0.153   0.138
   54   T   0.103   0.159   0.134
   55   V   0.102   0.178   0.130
   56   V   0.104   0.161   0.130
   57   L   0.105   0.166   0.131
   58   L   0.104   0.166   0.130
   59   Q   0.102   0.166   0.127
   60   Y   0.104   0.156   0.127
   61   G   0.101   0.147   0.126
   62   C   0.099   0.167   0.126
   63   C   0.104   0.165   0.130
   64   A   0.105   0.158   0.131
   65   F   0.100   0.124   0.128
   66   M   0.100   0.104   0.126
   67   Y   0.102   0.093   0.126
   68   L   0.098   0.090   0.122
   69   C   0.099   0.091   0.120
   70   P   0.100   0.093   0.118
# Measure  Position  Value    Cutoff   signal peptide?
  max. C    28       0.258
  max. Y    11       0.199
  max. S     5       0.465
  mean S     1-10    0.361
       D     1-10    0.264   0.500   NO
Name=O10W1_HUMAN_TRANSMEM5	SP='NO' D=0.264 D-cutoff=0.500 Networks=SignalP-TM
