# SignalP-4.1 euk predictions
# Name=O11H2_HUMAN_TRANSMEM5	Length=70	Networks=SignalP-TM
# pos  aa    C       S       Y
    1   L   0.102   0.411   0.205
    2   F   0.102   0.348   0.204
    3   C   0.102   0.322   0.204
    4   Y   0.103   0.269   0.203
    5   T   0.103   0.229   0.200
    6   L   0.102   0.146   0.196
    7   S   0.103   0.121   0.192
    8   S   0.100   0.141   0.184
    9   L   0.099   0.126   0.177
   10   V   0.099   0.107   0.171
   11   I   0.099   0.122   0.166
   12   F   0.102   0.066   0.161
   13   G   0.099   0.057   0.151
   14   N   0.100   0.092   0.144
   15   F   0.103   0.085   0.137
   16   L   0.099   0.073   0.125
   17   F   0.101   0.088   0.119
   18   I   0.101   0.106   0.112
   19   I   0.104   0.109   0.108
   20   G   0.101   0.170   0.102
   21   S   0.122   0.195   0.113
   22   Y   0.131   0.187   0.120
   23   T   0.103   0.193   0.108
   24   L   0.154   0.153   0.135
   25   V   0.101   0.197   0.110
   26   L   0.105   0.204   0.115
   27   K   0.106   0.344   0.120
   28   A   0.113   0.247   0.133
   29   V   0.121   0.183   0.143
   30   L   0.102   0.250   0.134
   31   G   0.105   0.240   0.140
   32   M   0.209   0.178   0.204
   33   P   0.103   0.181   0.144
   34   S   0.105   0.177   0.148
   35   S   0.101   0.184   0.145
   36   T   0.101   0.201   0.145
   37   G   0.105   0.244   0.148
   38   R   0.110   0.219   0.153
   39   H   0.105   0.182   0.151
   40   K   0.104   0.160   0.150
   41   A   0.102   0.152   0.148
   42   F   0.106   0.123   0.146
   43   S   0.105   0.130   0.141
   44   T   0.106   0.137   0.141
   45   C   0.105   0.151   0.137
   46   G   0.102   0.161   0.133
   47   S   0.102   0.166   0.132
   48   H   0.102   0.131   0.132
   49   L   0.105   0.128   0.132
   50   A   0.105   0.139   0.131
   51   V   0.094   0.142   0.122
   52   V   0.104   0.143   0.125
   53   S   0.104   0.119   0.123
   54   L   0.103   0.104   0.121
   55   C   0.104   0.109   0.120
   56   Y   0.100   0.133   0.116
   57   S   0.101   0.135   0.117
   58   P   0.098   0.122   0.115
   59   L   0.103   0.112   0.118
   60   M   0.104   0.125   0.117
   61   V   0.099   0.153   0.113
   62   M   0.101   0.157   0.114
   63   Y   0.104   0.139   0.116
   64   V   0.100   0.127   0.114
   65   S   0.103   0.120   0.116
   66   P   0.101   0.143   0.114
   67   G   0.105   0.138   0.116
   68   L   0.101   0.127   0.114
   69   G   0.106   0.110   0.118
   70   H   0.111   0.098   0.121
# Measure  Position  Value    Cutoff   signal peptide?
  max. C    32       0.209
  max. Y    32       0.204
  max. S     1       0.411
  mean S     1-31    0.180
       D     1-31    0.194   0.500   NO
Name=O11H2_HUMAN_TRANSMEM5	SP='NO' D=0.194 D-cutoff=0.500 Networks=SignalP-TM
