# SignalP-4.1 euk predictions
# Name=O11H6_HUMAN_TRANSMEM4	Length=70	Networks=SignalP-TM
# pos  aa    C       S       Y
    1   I   0.102   0.690   0.265
    2   M   0.102   0.611   0.265
    3   T   0.103   0.617   0.265
    4   G   0.103   0.535   0.264
    5   K   0.100   0.686   0.259
    6   F   0.101   0.622   0.260
    7   C   0.102   0.565   0.260
    8   I   0.102   0.440   0.258
    9   I   0.102   0.406   0.254
   10   L   0.101   0.394   0.250
   11   V   0.102   0.410   0.247
   12   C   0.102   0.323   0.242
   13   V   0.101   0.356   0.236
   14   C   0.098   0.214   0.227
   15   W   0.105   0.261   0.227
   16   V   0.100   0.359   0.215
   17   G   0.103   0.292   0.213
   18   G   0.103   0.347   0.208
   19   F   0.193   0.253   0.280
   20   L   0.105   0.181   0.198
   21   C   0.110   0.235   0.195
   22   Y   0.474   0.211   0.389
   23   P   0.101   0.219   0.175
   24   V   0.124   0.207   0.190
   25   P   0.101   0.328   0.167
   26   I   0.106   0.362   0.169
   27   V   0.103   0.338   0.168
   28   L   0.104   0.327   0.168
   29   I   0.112   0.298   0.177
   30   S   0.131   0.218   0.192
   31   Q   0.105   0.174   0.170
   32   L   0.109   0.173   0.170
   33   P   0.102   0.173   0.160
   34   F   0.102   0.212   0.159
   35   C   0.102   0.249   0.159
   36   G   0.105   0.166   0.162
   37   P   0.098   0.173   0.155
   38   N   0.110   0.148   0.163
   39   I   0.101   0.172   0.155
   40   I   0.101   0.188   0.151
   41   D   0.099   0.160   0.146
   42   H   0.100   0.152   0.142
   43   L   0.102   0.133   0.139
   44   V   0.103   0.123   0.135
   45   C   0.102   0.140   0.132
   46   D   0.105   0.126   0.133
   47   P   0.100   0.121   0.129
   48   G   0.103   0.127   0.129
   49   P   0.102   0.131   0.126
   50   L   0.104   0.138   0.124
   51   F   0.102   0.112   0.122
   52   A   0.102   0.118   0.120
   53   L   0.098   0.110   0.117
   54   A   0.106   0.107   0.119
   55   C   0.099   0.098   0.113
   56   I   0.104   0.110   0.114
   57   S   0.102   0.105   0.111
   58   A   0.099   0.121   0.108
   59   P   0.098   0.112   0.108
   60   S   0.102   0.103   0.109
   61   T   0.101   0.077   0.108
   62   E   0.102   0.092   0.107
   63   L   0.100   0.093   0.105
   64   I   0.103   0.078   0.105
   65   C   0.099   0.081   0.101
   66   Y   0.102   0.088   0.101
   67   T   0.103   0.093   0.101
   68   F   0.101   0.095   0.099
   69   N   0.104   0.100   0.100
   70   S   0.101   0.103   0.099
# Measure  Position  Value    Cutoff   signal peptide?
  max. C    22       0.474
  max. Y    22       0.389
  max. S     1       0.690
  mean S     1-21    0.419
       D     1-21    0.401   0.500   NO
Name=O11H6_HUMAN_TRANSMEM4	SP='NO' D=0.401 D-cutoff=0.500 Networks=SignalP-TM
