# SignalP-4.1 euk predictions
# Name=O13C8_HUMAN_TRANSMEM3	Length=70	Networks=SignalP-TM
# pos  aa    C       S       Y
    1   S   0.103   0.447   0.214
    2   G   0.101   0.455   0.212
    3   C   0.099   0.517   0.210
    4   M   0.103   0.502   0.216
    5   V   0.101   0.481   0.215
    6   Q   0.099   0.491   0.213
    7   M   0.102   0.485   0.217
    8   F   0.101   0.495   0.216
    9   I   0.103   0.479   0.219
   10   S   0.102   0.512   0.219
   11   F   0.100   0.531   0.218
   12   A   0.103   0.524   0.223
   13   M   0.098   0.546   0.219
   14   G   0.103   0.616   0.226
   15   A   0.124   0.495   0.250
   16   T   0.103   0.400   0.229
   17   E   0.108   0.385   0.233
   18   C   0.109   0.357   0.233
   19   M   0.223   0.299   0.329
   20   I   0.103   0.316   0.220
   21   L   0.108   0.284   0.223
   22   G   0.104   0.258   0.216
   23   T   0.117   0.239   0.224
   24   M   0.107   0.242   0.210
   25   A   0.103   0.260   0.201
   26   L   0.190   0.206   0.266
   27   D   0.104   0.196   0.191
   28   R   0.101   0.160   0.181
   29   Y   0.106   0.187   0.176
   30   V   0.103   0.201   0.167
   31   A   0.102   0.175   0.162
   32   I   0.105   0.144   0.159
   33   C   0.103   0.130   0.152
   34   Y   0.113   0.097   0.156
   35   P   0.103   0.114   0.143
   36   L   0.104   0.112   0.139
   37   R   0.100   0.164   0.132
   38   Y   0.101   0.158   0.131
   39   P   0.101   0.153   0.129
   40   V   0.104   0.135   0.128
   41   I   0.103   0.134   0.125
   42   M   0.104   0.139   0.124
   43   S   0.097   0.119   0.119
   44   K   0.103   0.147   0.121
   45   G   0.105   0.134   0.120
   46   A   0.100   0.120   0.116
   47   Y   0.100   0.137   0.115
   48   V   0.104   0.103   0.117
   49   A   0.102   0.080   0.117
   50   M   0.101   0.094   0.115
   51   A   0.104   0.093   0.116
   52   A   0.103   0.103   0.114
   53   G   0.102   0.107   0.111
   54   S   0.102   0.120   0.109
   55   W   0.102   0.125   0.109
   56   V   0.104   0.133   0.110
   57   T   0.103   0.116   0.109
   58   G   0.104   0.130   0.109
   59   L   0.099   0.130   0.106
   60   V   0.105   0.150   0.109
   61   D   0.103   0.134   0.109
   62   S   0.102   0.144   0.108
   63   V   0.105   0.107   0.112
   64   V   0.107   0.112   0.113
   65   Q   0.105   0.144   0.113
   66   T   0.103   0.148   0.114
   67   A   0.103   0.144   0.115
   68   F   0.102   0.129   0.116
   69   A   0.102   0.115   0.116
   70   M   0.097   0.100   0.113
# Measure  Position  Value    Cutoff   signal peptide?
  max. C    19       0.223
  max. Y    19       0.329
  max. S    14       0.616
  mean S     1-18    0.484
       D     1-18    0.391   0.500   NO
Name=O13C8_HUMAN_TRANSMEM3	SP='NO' D=0.391 D-cutoff=0.500 Networks=SignalP-TM
