# SignalP-4.1 euk predictions
# Name=O13G1_HUMAN_TRANSMEM4	Length=70	Networks=SignalP-noTM
# pos  aa    C       S       Y
    1   I   0.101   0.872   0.297
    2   M   0.101   0.893   0.297
    3   N   0.104   0.907   0.302
    4   H   0.101   0.942   0.298
    5   H   0.100   0.948   0.296
    6   M   0.101   0.958   0.298
    7   C   0.101   0.954   0.300
    8   V   0.101   0.956   0.300
    9   A   0.102   0.925   0.302
   10   L   0.098   0.900   0.297
   11   L   0.098   0.876   0.296
   12   S   0.097   0.896   0.295
   13   M   0.101   0.885   0.302
   14   V   0.100   0.888   0.299
   15   M   0.104   0.915   0.305
   16   A   0.107   0.961   0.311
   17   I   0.160   0.900   0.381
   18   A   0.099   0.938   0.300
   19   V   0.200   0.866   0.427
   20   T   0.121   0.825   0.332
   21   N   0.193   0.729   0.419
   22   S   0.161   0.626   0.381
   23   W   0.512   0.312   0.675
   24   V   0.112   0.335   0.312
   25   H   0.115   0.290   0.310
   26   T   0.105   0.485   0.292
   27   A   0.215   0.221   0.412
   28   L   0.119   0.170   0.300
   29   I   0.109   0.194   0.280
   30   M   0.202   0.138   0.372
   31   R   0.103   0.169   0.259
   32   L   0.110   0.174   0.260
   33   T   0.105   0.268   0.247
   34   F   0.103   0.275   0.238
   35   C   0.107   0.424   0.237
   36   G   0.156   0.174   0.280
   37   P   0.101   0.153   0.218
   38   N   0.129   0.121   0.238
   39   T   0.102   0.154   0.202
   40   I   0.116   0.134   0.206
   41   D   0.108   0.112   0.189
   42   H   0.105   0.106   0.176
   43   F   0.108   0.100   0.168
   44   F   0.100   0.104   0.152
   45   C   0.103   0.097   0.147
   46   E   0.105   0.101   0.145
   47   I   0.099   0.093   0.137
   48   P   0.096   0.096   0.132
   49   P   0.102   0.115   0.129
   50   L   0.101   0.138   0.126
   51   L   0.104   0.115   0.127
   52   A   0.103   0.104   0.125
   53   L   0.110   0.102   0.129
   54   S   0.103   0.114   0.124
   55   C   0.100   0.102   0.121
   56   S   0.105   0.096   0.120
   57   P   0.100   0.095   0.114
   58   V   0.096   0.089   0.105
   59   R   0.100   0.095   0.105
   60   I   0.104   0.093   0.106
   61   N   0.107   0.096   0.107
   62   E   0.097   0.097   0.101
   63   V   0.098   0.101   0.100
   64   M   0.098   0.103   0.100
   65   V   0.102   0.097   0.102
   66   Y   0.097   0.099   0.099
   67   V   0.104   0.100   0.103
   68   A   0.102   0.103   0.102
   69   D   0.102   0.103   0.102
   70   I   0.105   0.102   0.104
# Measure  Position  Value    Cutoff   signal peptide?
  max. C    23       0.512
  max. Y    23       0.675
  max. S    16       0.961
  mean S     1-22    0.889
       D     1-22    0.791   0.450   YES
Name=O13G1_HUMAN_TRANSMEM4	SP='YES' Cleavage site between pos. 22 and 23: TNS-WV D=0.791 D-cutoff=0.450 Networks=SignalP-noTM
