# SignalP-4.1 euk predictions
# Name=O14L1_HUMAN_TRANSMEM4	Length=70	Networks=SignalP-TM
# pos  aa    C       S       Y
    1   P   0.102   0.127   0.114
    2   L   0.103   0.235   0.114
    3   H   0.102   0.278   0.117
    4   Y   0.102   0.308   0.122
    5   E   0.101   0.276   0.126
    6   V   0.100   0.258   0.130
    7   I   0.102   0.285   0.135
    8   I   0.105   0.277   0.141
    9   N   0.099   0.271   0.141
   10   Q   0.101   0.258   0.146
   11   G   0.102   0.285   0.150
   12   V   0.098   0.249   0.151
   13   C   0.104   0.258   0.158
   14   L   0.100   0.263   0.158
   15   R   0.099   0.265   0.160
   16   M   0.102   0.226   0.166
   17   M   0.104   0.202   0.167
   18   A   0.101   0.184   0.163
   19   M   0.104   0.201   0.163
   20   S   0.102   0.150   0.159
   21   W   0.103   0.183   0.157
   22   L   0.103   0.220   0.155
   23   S   0.104   0.205   0.155
   24   G   0.108   0.170   0.156
   25   V   0.104   0.182   0.151
   26   I   0.102   0.215   0.146
   27   C   0.105   0.261   0.148
   28   G   0.172   0.207   0.190
   29   F   0.181   0.164   0.193
   30   M   0.105   0.161   0.144
   31   H   0.100   0.226   0.139
   32   V   0.102   0.239   0.141
   33   I   0.105   0.242   0.144
   34   A   0.105   0.299   0.145
   35   T   0.156   0.224   0.182
   36   F   0.122   0.183   0.162
   37   S   0.104   0.147   0.149
   38   L   0.156   0.118   0.180
   39   P   0.101   0.115   0.144
   40   F   0.107   0.066   0.146
   41   C   0.107   0.132   0.142
   42   G   0.105   0.154   0.137
   43   R   0.105   0.150   0.136
   44   N   0.102   0.131   0.134
   45   R   0.100   0.122   0.131
   46   I   0.102   0.131   0.130
   47   R   0.103   0.109   0.128
   48   Q   0.102   0.134   0.123
   49   F   0.103   0.147   0.119
   50   F   0.099   0.142   0.114
   51   C   0.104   0.135   0.116
   52   N   0.100   0.135   0.113
   53   I   0.104   0.135   0.115
   54   P   0.102   0.134   0.115
   55   Q   0.104   0.120   0.119
   56   L   0.104   0.131   0.118
   57   L   0.102   0.126   0.116
   58   S   0.102   0.125   0.115
   59   L   0.099   0.116   0.113
   60   L   0.102   0.110   0.115
   61   D   0.104   0.097   0.116
   62   P   0.102   0.126   0.114
   63   K   0.103   0.124   0.114
   64   V   0.100   0.132   0.112
   65   I   0.102   0.145   0.113
   66   T   0.098   0.149   0.111
   67   I   0.100   0.111   0.112
   68   E   0.100   0.103   0.112
   69   I   0.100   0.099   0.110
   70   G   0.099   0.095   0.109
# Measure  Position  Value    Cutoff   signal peptide?
  max. C    29       0.181
  max. Y    29       0.193
  max. S     4       0.308
  mean S     1-28    0.232
       D     1-28    0.208   0.500   NO
Name=O14L1_HUMAN_TRANSMEM4	SP='NO' D=0.208 D-cutoff=0.500 Networks=SignalP-TM
