# SignalP-4.1 euk predictions
# Name=O2AJ1_HUMAN_TRANSMEM2	Length=70	Networks=SignalP-noTM
# pos  aa    C       S       Y
    1   S   0.102   0.708   0.268
    2   R   0.100   0.736   0.266
    3   L   0.105   0.711   0.273
    4   H   0.101   0.631   0.268
    5   T   0.101   0.595   0.267
    6   P   0.101   0.636   0.267
    7   M   0.102   0.602   0.267
    8   Y   0.105   0.624   0.270
    9   F   0.100   0.629   0.262
   10   L   0.097   0.682   0.259
   11   L   0.102   0.649   0.264
   12   S   0.102   0.660   0.264
   13   H   0.098   0.641   0.258
   14   L   0.104   0.591   0.265
   15   S   0.102   0.587   0.261
   16   L   0.098   0.580   0.255
   17   M   0.101   0.576   0.258
   18   D   0.105   0.434   0.262
   19   I   0.100   0.552   0.253
   20   L   0.118   0.365   0.273
   21   H   0.100   0.535   0.248
   22   V   0.119   0.467   0.270
   23   S   0.135   0.180   0.285
   24   N   0.099   0.172   0.238
   25   I   0.118   0.138   0.255
   26   V   0.142   0.123   0.273
   27   P   0.096   0.140   0.220
   28   K   0.113   0.132   0.233
   29   M   0.103   0.109   0.217
   30   V   0.101   0.127   0.210
   31   T   0.101   0.134   0.204
   32   N   0.115   0.113   0.211
   33   F   0.109   0.111   0.199
   34   L   0.104   0.111   0.188
   35   S   0.105   0.144   0.181
   36   G   0.094   0.149   0.166
   37   S   0.107   0.168   0.171
   38   R   0.104   0.128   0.162
   39   T   0.106   0.134   0.157
   40   I   0.108   0.115   0.151
   41   S   0.099   0.143   0.140
   42   F   0.101   0.173   0.135
   43   A   0.102   0.189   0.132
   44   G   0.099   0.203   0.123
   45   C   0.098   0.193   0.118
   46   G   0.103   0.185   0.121
   47   F   0.100   0.213   0.120
   48   Q   0.099   0.373   0.121
   49   V   0.099   0.462   0.125
   50   F   0.099   0.337   0.131
   51   L   0.101   0.326   0.136
   52   S   0.105   0.273   0.142
   53   L   0.106   0.262   0.145
   54   T   0.107   0.202   0.148
   55   L   0.105   0.184   0.148
   56   L   0.100   0.166   0.146
   57   G   0.103   0.141   0.149
   58   G   0.103   0.122   0.148
   59   E   0.105   0.105   0.150
   60   C   0.104   0.114   0.148
   61   L   0.107   0.109   0.150
   62   L   0.098   0.109   0.143
   63   L   0.101   0.106   0.145
   64   A   0.104   0.112   0.147
   65   A   0.104   0.105   0.146
   66   M   0.104   0.099   0.144
   67   S   0.103   0.102   0.142
   68   C   0.101   0.100   0.139
   69   D   0.105   0.099   0.140
   70   R   0.096   0.105   0.132
# Measure  Position  Value    Cutoff   signal peptide?
  max. C    26       0.142
  max. Y    23       0.285
  max. S     2       0.736
  mean S     1-22    0.600
       D     1-22    0.455   0.450   YES
Name=O2AJ1_HUMAN_TRANSMEM2	SP='YES' Cleavage site between pos. 22 and 23: LHV-SN D=0.455 D-cutoff=0.450 Networks=SignalP-noTM
