# SignalP-4.1 euk predictions
# Name=O2AK2_HUMAN_TRANSMEM3	Length=70	Networks=SignalP-TM
# pos  aa    C       S       Y
    1   G   0.102   0.373   0.195
    2   C   0.100   0.340   0.193
    3   E   0.103   0.275   0.195
    4   I   0.103   0.257   0.193
    5   Q   0.100   0.209   0.188
    6   T   0.101   0.236   0.186
    7   Y   0.102   0.238   0.184
    8   V   0.104   0.221   0.183
    9   F   0.101   0.204   0.178
   10   L   0.103   0.221   0.176
   11   A   0.101   0.181   0.171
   12   L   0.100   0.200   0.166
   13   G   0.105   0.242   0.167
   14   G   0.099   0.274   0.159
   15   T   0.102   0.259   0.159
   16   E   0.105   0.233   0.159
   17   A   0.103   0.267   0.155
   18   L   0.262   0.202   0.246
   19   L   0.101   0.186   0.152
   20   L   0.106   0.167   0.155
   21   G   0.106   0.188   0.153
   22   F   0.127   0.134   0.166
   23   M   0.103   0.169   0.147
   24   S   0.105   0.216   0.148
   25   Y   0.106   0.171   0.149
   26   D   0.104   0.162   0.147
   27   R   0.099   0.157   0.143
   28   Y   0.101   0.184   0.142
   29   V   0.101   0.209   0.140
   30   A   0.102   0.181   0.139
   31   I   0.107   0.180   0.141
   32   C   0.110   0.153   0.141
   33   H   0.109   0.143   0.138
   34   P   0.103   0.162   0.133
   35   L   0.106   0.163   0.135
   36   H   0.103   0.203   0.132
   37   Y   0.102   0.211   0.134
   38   P   0.103   0.180   0.135
   39   M   0.103   0.180   0.134
   40   L   0.104   0.235   0.135
   41   M   0.104   0.253   0.137
   42   S   0.098   0.205   0.136
   43   K   0.103   0.189   0.140
   44   K   0.101   0.179   0.138
   45   I   0.103   0.189   0.140
   46   C   0.103   0.228   0.139
   47   C   0.102   0.172   0.141
   48   L   0.107   0.120   0.145
   49   M   0.102   0.088   0.140
   50   V   0.100   0.085   0.137
   51   A   0.103   0.089   0.136
   52   C   0.100   0.114   0.131
   53   A   0.103   0.129   0.131
   54   W   0.101   0.144   0.128
   55   A   0.103   0.129   0.127
   56   S   0.113   0.115   0.129
   57   G   0.100   0.133   0.119
   58   S   0.101   0.126   0.118
   59   I   0.102   0.155   0.116
   60   N   0.100   0.134   0.114
   61   A   0.104   0.147   0.114
   62   F   0.144   0.087   0.132
   63   I   0.104   0.089   0.111
   64   H   0.099   0.089   0.109
   65   T   0.103   0.124   0.111
   66   L   0.104   0.096   0.113
   67   Y   0.104   0.111   0.112
   68   V   0.103   0.108   0.111
   69   F   0.101   0.107   0.109
   70   Q   0.104   0.095   0.110
# Measure  Position  Value    Cutoff   signal peptide?
  max. C    18       0.262
  max. Y    18       0.246
  max. S     1       0.373
  mean S     1-17    0.249
       D     1-17    0.247   0.500   NO
Name=O2AK2_HUMAN_TRANSMEM3	SP='NO' D=0.247 D-cutoff=0.500 Networks=SignalP-TM
