# SignalP-4.1 euk predictions
# Name=O4A15_HUMAN_TRANSMEM6	Length=70	Networks=SignalP-noTM
# pos  aa    C       S       Y
    1   E   0.102   0.391   0.200
    2   G   0.103   0.565   0.200
    3   K   0.097   0.526   0.197
    4   R   0.104   0.709   0.205
    5   K   0.106   0.717   0.211
    6   A   0.103   0.703   0.211
    7   F   0.094   0.754   0.205
    8   Y   0.109   0.742   0.225
    9   T   0.100   0.739   0.219
   10   C   0.107   0.698   0.231
   11   A   0.103   0.730   0.229
   12   S   0.097   0.824   0.226
   13   H   0.096   0.809   0.229
   14   V   0.095   0.809   0.232
   15   T   0.102   0.762   0.244
   16   V   0.101   0.725   0.246
   17   V   0.095   0.778   0.242
   18   I   0.106   0.826   0.259
   19   L   0.099   0.839   0.255
   20   F   0.100   0.784   0.260
   21   F   0.103   0.631   0.267
   22   V   0.107   0.623   0.274
   23   P   0.102   0.723   0.269
   24   C   0.105   0.809   0.276
   25   I   0.108   0.800   0.283
   26   F   0.100   0.832   0.274
   27   L   0.114   0.806   0.293
   28   Y   0.139   0.634   0.325
   29   A   0.103   0.629   0.279
   30   R   0.352   0.221   0.515
   31   P   0.105   0.276   0.277
   32   N   0.208   0.151   0.384
   33   S   0.108   0.175   0.271
   34   T   0.107   0.149   0.265
   35   F   0.278   0.114   0.417
   36   P   0.096   0.125   0.239
   37   I   0.118   0.119   0.258
   38   D   0.104   0.115   0.236
   39   K   0.102   0.111   0.227
   40   S   0.101   0.106   0.220
   41   M   0.099   0.099   0.210
   42   T   0.099   0.100   0.201
   43   V   0.103   0.104   0.197
   44   V   0.097   0.104   0.185
   45   L   0.105   0.106   0.186
   46   T   0.101   0.111   0.175
   47   F   0.103   0.108   0.168
   48   I   0.107   0.118   0.160
   49   T   0.099   0.117   0.144
   50   P   0.102   0.132   0.134
   51   M   0.103   0.115   0.126
   52   L   0.104   0.117   0.116
   53   N   0.102   0.121   0.113
   54   P   0.095   0.113   0.106
   55   L   0.101   0.114   0.109
   56   I   0.100   0.101   0.107
   57   Y   0.102   0.101   0.107
   58   T   0.099   0.103   0.105
   59   L   0.107   0.098   0.109
   60   K   0.102   0.100   0.106
   61   N   0.103   0.097   0.106
   62   A   0.101   0.100   0.104
   63   E   0.098   0.104   0.103
   64   M   0.104   0.103   0.106
   65   K   0.097   0.102   0.102
   66   S   0.102   0.102   0.105
   67   A   0.096   0.106   0.102
   68   M   0.096   0.105   0.102
   69   R   0.098   0.103   0.103
   70   K   0.100   0.104   0.104
# Measure  Position  Value    Cutoff   signal peptide?
  max. C    30       0.352
  max. Y    30       0.515
  max. S    19       0.839
  mean S     1-29    0.721
       D     1-29    0.626   0.450   YES
Name=O4A15_HUMAN_TRANSMEM6	SP='YES' Cleavage site between pos. 29 and 30: LYA-RP D=0.626 D-cutoff=0.450 Networks=SignalP-noTM
