# SignalP-4.1 euk predictions
# Name=O51E2_HUMAN_TRANSMEM6	Length=70	Networks=SignalP-noTM
# pos  aa    C       S       Y
    1   E   0.102   0.636   0.254
    2   R   0.103   0.463   0.256
    3   A   0.105   0.646   0.257
    4   K   0.099   0.673   0.250
    5   A   0.106   0.611   0.258
    6   F   0.099   0.661   0.250
    7   G   0.107   0.652   0.260
    8   T   0.100   0.666   0.251
    9   C   0.106   0.754   0.259
   10   V   0.101   0.663   0.254
   11   S   0.103   0.594   0.256
   12   H   0.098   0.625   0.250
   13   I   0.099   0.629   0.251
   14   G   0.102   0.635   0.255
   15   V   0.097   0.568   0.249
   16   V   0.099   0.571   0.251
   17   L   0.105   0.529   0.257
   18   A   0.102   0.551   0.253
   19   F   0.420   0.417   0.511
   20   Y   0.105   0.363   0.253
   21   V   0.104   0.360   0.250
   22   P   0.104   0.484   0.247
   23   L   0.109   0.546   0.252
   24   I   0.101   0.571   0.241
   25   G   0.101   0.720   0.242
   26   L   0.171   0.520   0.316
   27   S   0.157   0.304   0.301
   28   V   0.121   0.239   0.261
   29   V   0.108   0.245   0.243
   30   H   0.105   0.224   0.235
   31   R   0.105   0.308   0.230
   32   F   0.140   0.140   0.260
   33   G   0.106   0.157   0.221
   34   N   0.110   0.120   0.220
   35   S   0.104   0.108   0.209
   36   L   0.116   0.093   0.214
   37   H   0.105   0.100   0.197
   38   P   0.100   0.104   0.186
   39   I   0.107   0.104   0.187
   40   V   0.101   0.099   0.176
   41   R   0.103   0.133   0.172
   42   V   0.105   0.142   0.170
   43   V   0.093   0.140   0.157
   44   M   0.106   0.149   0.164
   45   G   0.110   0.124   0.162
   46   D   0.112   0.110   0.157
   47   I   0.110   0.126   0.148
   48   Y   0.103   0.137   0.133
   49   L   0.105   0.176   0.127
   50   L   0.099   0.165   0.121
   51   L   0.102   0.124   0.122
   52   P   0.105   0.112   0.121
   53   P   0.104   0.108   0.118
   54   V   0.106   0.118   0.116
   55   I   0.107   0.114   0.116
   56   N   0.098   0.100   0.110
   57   P   0.097   0.098   0.109
   58   I   0.106   0.095   0.114
   59   I   0.104   0.098   0.113
   60   Y   0.100   0.099   0.110
   61   G   0.101   0.102   0.111
   62   A   0.113   0.103   0.117
   63   K   0.096   0.104   0.108
   64   T   0.100   0.104   0.110
   65   K   0.108   0.106   0.113
   66   Q   0.098   0.105   0.107
   67   I   0.107   0.110   0.111
   68   R   0.102   0.103   0.108
   69   T   0.107   0.105   0.111
   70   R   0.103   0.102   0.108
# Measure  Position  Value    Cutoff   signal peptide?
  max. C    19       0.420
  max. Y    19       0.511
  max. S     9       0.754
  mean S     1-18    0.618
       D     1-18    0.569   0.450   YES
Name=O51E2_HUMAN_TRANSMEM6	SP='YES' Cleavage site between pos. 18 and 19: VLA-FY D=0.569 D-cutoff=0.450 Networks=SignalP-noTM
