# SignalP-4.1 euk predictions
# Name=O51G2_HUMAN_TRANSMEM4	Length=70	Networks=SignalP-TM
# pos  aa    C       S       Y
    1   I   0.102   0.364   0.193
    2   L   0.101   0.321   0.192
    3   T   0.102   0.274   0.192
    4   N   0.102   0.259   0.190
    5   T   0.104   0.270   0.190
    6   V   0.101   0.300   0.186
    7   I   0.104   0.247   0.187
    8   G   0.101   0.225   0.182
    9   R   0.098   0.233   0.176
   10   I   0.104   0.298   0.179
   11   G   0.103   0.318   0.177
   12   L   0.097   0.192   0.170
   13   V   0.100   0.209   0.170
   14   S   0.102   0.163   0.168
   15   L   0.103   0.198   0.164
   16   G   0.102   0.214   0.160
   17   R   0.106   0.230   0.161
   18   S   0.106   0.306   0.159
   19   V   0.106   0.291   0.160
   20   A   0.101   0.233   0.158
   21   L   0.137   0.205   0.181
   22   I   0.107   0.178   0.159
   23   F   0.109   0.171   0.159
   24   P   0.104   0.182   0.155
   25   L   0.105   0.202   0.153
   26   P   0.105   0.261   0.149
   27   F   0.101   0.290   0.148
   28   M   0.101   0.332   0.150
   29   L   0.101   0.273   0.154
   30   K   0.105   0.212   0.159
   31   R   0.106   0.185   0.159
   32   F   0.106   0.183   0.158
   33   P   0.102   0.174   0.152
   34   Y   0.106   0.204   0.153
   35   C   0.102   0.228   0.149
   36   G   0.106   0.201   0.153
   37   S   0.102   0.163   0.150
   38   P   0.104   0.114   0.151
   39   V   0.102   0.143   0.149
   40   L   0.102   0.139   0.147
   41   S   0.101   0.143   0.143
   42   H   0.099   0.136   0.138
   43   S   0.106   0.117   0.137
   44   Y   0.105   0.104   0.132
   45   C   0.101   0.103   0.127
   46   L   0.100   0.100   0.124
   47   H   0.102   0.106   0.123
   48   Q   0.100   0.089   0.119
   49   E   0.102   0.085   0.117
   50   V   0.099   0.080   0.111
   51   M   0.101   0.087   0.108
   52   K   0.103   0.088   0.107
   53   L   0.099   0.084   0.104
   54   A   0.105   0.079   0.105
   55   C   0.101   0.082   0.101
   56   A   0.102   0.093   0.099
   57   D   0.103   0.107   0.098
   58   M   0.104   0.102   0.098
   59   K   0.103   0.096   0.097
   60   A   0.101   0.098   0.096
   61   N   0.098   0.094   0.094
   62   S   0.103   0.097   0.096
   63   I   0.099   0.086   0.095
   64   Y   0.105   0.084   0.098
   65   G   0.101   0.093   0.096
   66   M   0.100   0.097   0.096
   67   F   0.104   0.082   0.098
   68   V   0.103   0.084   0.098
   69   I   0.102   0.091   0.097
   70   V   0.102   0.100   0.098
# Measure  Position  Value    Cutoff   signal peptide?
  max. C    21       0.137
  max. Y    21       0.181
  max. S     1       0.364
  mean S     1-20    0.257
       D     1-20    0.212   0.500   NO
Name=O51G2_HUMAN_TRANSMEM4	SP='NO' D=0.212 D-cutoff=0.500 Networks=SignalP-TM
