# SignalP-4.1 euk predictions
# Name=O52K1_HUMAN_TRANSMEM4	Length=70	Networks=SignalP-noTM
# pos  aa    C       S       Y
    1   V   0.101   0.536   0.233
    2   L   0.102   0.496   0.233
    3   T   0.105   0.518   0.237
    4   G   0.102   0.502   0.233
    5   S   0.102   0.549   0.233
    6   L   0.102   0.540   0.233
    7   I   0.101   0.542   0.232
    8   T   0.100   0.528   0.231
    9   K   0.101   0.524   0.232
   10   I   0.101   0.382   0.232
   11   G   0.101   0.333   0.231
   12   M   0.100   0.579   0.228
   13   A   0.099   0.457   0.227
   14   A   0.105   0.378   0.232
   15   V   0.097   0.295   0.221
   16   A   0.100   0.299   0.222
   17   R   0.105   0.274   0.226
   18   A   0.110   0.287   0.228
   19   V   0.300   0.160   0.373
   20   T   0.105   0.186   0.216
   21   L   0.108   0.177   0.215
   22   M   0.112   0.151   0.215
   23   T   0.122   0.148   0.220
   24   P   0.106   0.160   0.200
   25   L   0.111   0.149   0.200
   26   P   0.106   0.223   0.191
   27   F   0.105   0.300   0.187
   28   L   0.102   0.351   0.181
   29   L   0.103   0.291   0.180
   30   R   0.107   0.231   0.179
   31   R   0.116   0.178   0.183
   32   F   0.105   0.149   0.169
   33   H   0.107   0.126   0.168
   34   Y   0.106   0.148   0.163
   35   C   0.105   0.147   0.156
   36   R   0.098   0.160   0.147
   37   G   0.102   0.142   0.146
   38   P   0.172   0.087   0.186
   39   V   0.101   0.084   0.139
   40   I   0.100   0.111   0.136
   41   A   0.098   0.106   0.131
   42   H   0.122   0.090   0.145
   43   C   0.105   0.098   0.133
   44   Y   0.109   0.102   0.134
   45   C   0.102   0.103   0.129
   46   E   0.100   0.105   0.127
   47   H   0.101   0.120   0.127
   48   M   0.103   0.108   0.127
   49   A   0.102   0.126   0.125
   50   V   0.095   0.115   0.117
   51   V   0.096   0.110   0.113
   52   R   0.104   0.103   0.114
   53   L   0.107   0.106   0.113
   54   A   0.106   0.102   0.111
   55   C   0.098   0.110   0.106
   56   G   0.105   0.105   0.109
   57   D   0.116   0.101   0.113
   58   T   0.107   0.098   0.108
   59   S   0.107   0.096   0.106
   60   F   0.097   0.097   0.100
   61   N   0.102   0.093   0.103
   62   N   0.099   0.099   0.102
   63   I   0.097   0.099   0.101
   64   Y   0.102   0.100   0.103
   65   G   0.104   0.097   0.104
   66   I   0.105   0.096   0.105
   67   A   0.104   0.098   0.104
   68   V   0.095   0.099   0.099
   69   A   0.103   0.101   0.103
   70   M   0.104   0.102   0.103
# Measure  Position  Value    Cutoff   signal peptide?
  max. C    19       0.300
  max. Y    19       0.373
  max. S    12       0.579
  mean S     1-18    0.445
       D     1-18    0.412   0.450   NO
Name=O52K1_HUMAN_TRANSMEM4	SP='NO' D=0.412 D-cutoff=0.450 Networks=SignalP-noTM
