# SignalP-4.1 euk predictions
# Name=O5AS1_HUMAN_TRANSMEM6	Length=70	Networks=SignalP-noTM
# pos  aa    C       S       Y
    1   G   0.102   0.742   0.275
    2   R   0.098   0.697   0.269
    3   S   0.106   0.813   0.279
    4   K   0.101   0.870   0.274
    5   T   0.101   0.840   0.275
    6   F   0.098   0.826   0.272
    7   S   0.104   0.842   0.281
    8   T   0.102   0.854   0.278
    9   C   0.105   0.883   0.283
   10   A   0.100   0.890   0.278
   11   S   0.096   0.931   0.273
   12   H   0.096   0.941   0.275
   13   L   0.098   0.909   0.280
   14   I   0.105   0.893   0.290
   15   A   0.099   0.881   0.283
   16   V   0.097   0.873   0.282
   17   T   0.104   0.911   0.293
   18   L   0.103   0.917   0.293
   19   F   0.101   0.923   0.292
   20   Y   0.105   0.918   0.298
   21   G   0.102   0.860   0.296
   22   A   0.126   0.785   0.330
   23   L   0.109   0.694   0.307
   24   L   0.109   0.740   0.306
   25   F   0.134   0.524   0.340
   26   M   0.108   0.521   0.303
   27   Y   0.113   0.609   0.306
   28   L   0.098   0.680   0.284
   29   Q   0.119   0.499   0.312
   30   P   0.102   0.608   0.287
   31   T   0.133   0.440   0.324
   32   T   0.101   0.541   0.279
   33   S   0.099   0.595   0.274
   34   Y   0.665   0.200   0.701
   35   S   0.131   0.142   0.304
   36   L   0.166   0.109   0.334
   37   D   0.103   0.108   0.256
   38   T   0.101   0.119   0.247
   39   D   0.107   0.096   0.246
   40   K   0.100   0.105   0.230
   41   V   0.103   0.098   0.225
   42   V   0.105   0.102   0.218
   43   A   0.097   0.101   0.201
   44   V   0.099   0.089   0.195
   45   F   0.098   0.089   0.186
   46   Y   0.102   0.089   0.182
   47   T   0.101   0.089   0.172
   48   V   0.103   0.091   0.168
   49   V   0.103   0.093   0.162
   50   F   0.101   0.090   0.153
   51   P   0.098   0.098   0.142
   52   M   0.107   0.101   0.141
   53   F   0.106   0.107   0.131
   54   N   0.101   0.116   0.122
   55   P   0.100   0.114   0.113
   56   I   0.103   0.112   0.105
   57   I   0.102   0.107   0.102
   58   Y   0.104   0.108   0.102
   59   S   0.099   0.104   0.100
   60   F   0.132   0.107   0.115
   61   R   0.103   0.114   0.101
   62   N   0.105   0.107   0.103
   63   K   0.099   0.109   0.100
   64   D   0.101   0.105   0.102
   65   V   0.103   0.106   0.102
   66   K   0.105   0.101   0.103
   67   N   0.104   0.102   0.103
   68   A   0.097   0.102   0.100
   69   L   0.095   0.102   0.099
   70   K   0.105   0.105   0.105
# Measure  Position  Value    Cutoff   signal peptide?
  max. C    34       0.665
  max. Y    34       0.701
  max. S    12       0.941
  mean S     1-33    0.771
       D     1-33    0.739   0.450   YES
Name=O5AS1_HUMAN_TRANSMEM6	SP='YES' Cleavage site between pos. 33 and 34: TTS-YS D=0.739 D-cutoff=0.450 Networks=SignalP-noTM
