# SignalP-4.1 euk predictions
# Name=OPRD_HUMAN_TRANSMEM2	Length=70	Networks=SignalP-TM
# pos  aa    C       S       Y
    1   K   0.102   0.429   0.209
    2   T   0.103   0.424   0.211
    3   A   0.103   0.438   0.210
    4   T   0.100   0.406   0.207
    5   N   0.103   0.454   0.210
    6   I   0.099   0.487   0.206
    7   Y   0.101   0.498   0.209
    8   I   0.104   0.483   0.213
    9   F   0.100   0.485   0.210
   10   N   0.105   0.450   0.216
   11   L   0.103   0.451   0.215
   12   A   0.104   0.416   0.216
   13   L   0.100   0.363   0.212
   14   A   0.105   0.462   0.216
   15   D   0.114   0.379   0.226
   16   A   0.105   0.505   0.216
   17   L   0.114   0.419   0.226
   18   A   0.103   0.506   0.214
   19   T   0.270   0.286   0.350
   20   S   0.112   0.287   0.223
   21   T   0.124   0.264   0.231
   22   L   0.130   0.214   0.231
   23   P   0.101   0.243   0.199
   24   F   0.130   0.188   0.221
   25   Q   0.102   0.264   0.190
   26   S   0.103   0.320   0.188
   27   A   0.111   0.230   0.193
   28   K   0.120   0.173   0.198
   29   Y   0.103   0.167   0.177
   30   L   0.104   0.139   0.173
   31   M   0.104   0.154   0.166
   32   E   0.101   0.134   0.157
   33   T   0.102   0.124   0.150
   34   W   0.101   0.121   0.145
   35   P   0.105   0.134   0.143
   36   F   0.104   0.156   0.139
   37   G   0.102   0.129   0.136
   38   E   0.098   0.124   0.131
   39   L   0.102   0.091   0.131
   40   L   0.104   0.092   0.128
   41   C   0.105   0.100   0.121
   42   K   0.106   0.091   0.118
   43   A   0.104   0.098   0.114
   44   V   0.101   0.086   0.110
   45   L   0.102   0.102   0.109
   46   S   0.103   0.081   0.108
   47   I   0.117   0.078   0.113
   48   D   0.102   0.052   0.104
   49   Y   0.099   0.064   0.100
   50   Y   0.098   0.062   0.097
   51   N   0.098   0.087   0.093
   52   M   0.100   0.093   0.093
   53   F   0.099   0.082   0.091
   54   T   0.099   0.093   0.091
   55   S   0.101   0.081   0.092
   56   I   0.103   0.108   0.092
   57   F   0.100   0.115   0.091
   58   T   0.101   0.112   0.093
   59   L   0.102   0.113   0.094
   60   T   0.103   0.093   0.095
   61   M   0.101   0.068   0.094
   62   M   0.104   0.078   0.095
   63   S   0.101   0.083   0.095
   64   V   0.102   0.081   0.096
   65   D   0.102   0.096   0.097
   66   R   0.101   0.108   0.096
   67   Y   0.101   0.113   0.097
   68   I   0.102   0.119   0.099
   69   A   0.101   0.110   0.099
   70   V   0.098   0.102   0.099
# Measure  Position  Value    Cutoff   signal peptide?
  max. C    19       0.270
  max. Y    19       0.350
  max. S    18       0.506
  mean S     1-18    0.448
       D     1-18    0.389   0.500   NO
Name=OPRD_HUMAN_TRANSMEM2	SP='NO' D=0.389 D-cutoff=0.500 Networks=SignalP-TM
