# SignalP-4.1 euk predictions
# Name=OR1E3_HUMAN_TRANSMEM7	Length=70	Networks=SignalP-TM
# pos  aa    C       S       Y
    1   M   0.103   0.219   0.150
    2   A   0.103   0.180   0.150
    3   V   0.098   0.176   0.146
    4   M   0.103   0.171   0.148
    5   Y   0.102   0.136   0.146
    6   T   0.101   0.119   0.143
    7   G   0.104   0.134   0.143
    8   V   0.101   0.136   0.139
    9   T   0.102   0.119   0.137
   10   H   0.101   0.139   0.134
   11   M   0.100   0.122   0.131
   12   L   0.105   0.075   0.132
   13   N   0.102   0.077   0.126
   14   P   0.101   0.090   0.121
   15   F   0.105   0.087   0.119
   16   I   0.103   0.096   0.114
   17   Y   0.104   0.120   0.112
   18   S   0.100   0.166   0.108
   19   L   0.157   0.121   0.135
   20   R   0.102   0.118   0.108
   21   N   0.103   0.107   0.109
   22   R   0.101   0.110   0.106
   23   D   0.101   0.111   0.106
   24   M   0.103   0.110   0.107
   25   R   0.103   0.107   0.105
   26   G   0.105   0.107   0.106
   27   N   0.118   0.106   0.114
   28   P   0.104   0.101   0.108
   29   G   0.102   0.106   0.107
   30   Q   0.100   0.105   0.107
   31   S   0.103   0.106   0.109
   32   L   0.100   0.109   0.106
   33   Q   0.102   0.113   0.105
   34   H   0.100   0.117   0.104
   35   K   0.103   0.117   0.105
   36   E   0.102   0.133   0.106
   37   N   0.105   0.116   0.108
   38   F   0.103   0.136   0.107
   39   F   0.102   0.098   0.107
   40   V   0.102   0.086   0.107
   41   F   0.101   0.082   0.106
   42   K   0.103   0.050   0.106
   43   I   0.101   0.048   0.103
   44   V   0.103   0.043   0.102
   45   I   0.105   0.041   0.101
   46   V   0.102   0.040   0.097
   47   G   0.100   0.038   0.093
   48   I   0.101   0.032   0.091
   49   L   0.102   0.024   0.088
   50   P   0.103   0.020   0.084
   51   L   0.104   0.025   0.079
   52   L   0.101   0.043   0.074
   53   N   0.103   0.040   0.070
   54   L   0.102   0.046   0.067
   55   V   0.104   0.042   0.065
   56   G   0.101   0.060   0.062
   57   V   0.104   0.085   0.063
   58   V   0.099   0.085   0.064
   59   K   0.100   0.104   0.067
   60   L   0.101   0.114   0.070
   61   I   0.102   0.107   0.074
   62   M   0.102   0.118   0.078
   63   K   0.103   0.101   0.082
   64   Y   0.099   0.106   0.084
   65   H   0.101   0.118   0.088
   66   S   0.102   0.113   0.092
   67   K   0.099   0.102   0.093
   68   S   0.099   0.113   0.096
   69   V   0.099   0.112   0.099
   70   A   0.102   0.104   0.102
# Measure  Position  Value    Cutoff   signal peptide?
  max. C    19       0.157
  max. Y    19       0.135
  max. S     1       0.219
  mean S     1-18    0.131
       D     1-18    0.133   0.500   NO
Name=OR1E3_HUMAN_TRANSMEM7	SP='NO' D=0.133 D-cutoff=0.500 Networks=SignalP-TM
