# SignalP-4.1 euk predictions
# Name=OR1J2_HUMAN_TRANSMEM6	Length=70	Networks=SignalP-TM
# pos  aa    C       S       Y
    1   K   0.101   0.175   0.133
    2   G   0.103   0.171   0.134
    3   I   0.101   0.189   0.133
    4   H   0.104   0.196   0.135
    5   K   0.104   0.183   0.135
    6   A   0.101   0.161   0.134
    7   L   0.096   0.150   0.130
    8   S   0.106   0.160   0.136
    9   T   0.101   0.160   0.133
   10   C   0.104   0.176   0.134
   11   G   0.101   0.175   0.132
   12   S   0.099   0.139   0.131
   13   H   0.100   0.156   0.130
   14   L   0.099   0.198   0.130
   15   S   0.101   0.221   0.132
   16   V   0.096   0.224   0.129
   17   V   0.100   0.240   0.134
   18   S   0.103   0.315   0.137
   19   L   0.108   0.307   0.143
   20   Y   0.114   0.290   0.151
   21   Y   0.100   0.266   0.144
   22   G   0.101   0.289   0.147
   23   S   0.110   0.234   0.158
   24   I   0.103   0.215   0.154
   25   F   0.105   0.204   0.156
   26   G   0.102   0.216   0.155
   27   Q   0.174   0.148   0.205
   28   Y   0.106   0.147   0.159
   29   L   0.100   0.159   0.154
   30   F   0.102   0.171   0.154
   31   P   0.098   0.165   0.150
   32   T   0.107   0.159   0.154
   33   V   0.105   0.157   0.149
   34   S   0.104   0.124   0.145
   35   S   0.122   0.123   0.152
   36   S   0.121   0.128   0.148
   37   I   0.104   0.120   0.132
   38   D   0.103   0.085   0.128
   39   K   0.098   0.080   0.122
   40   D   0.102   0.086   0.120
   41   V   0.103   0.064   0.117
   42   I   0.103   0.072   0.114
   43   V   0.104   0.071   0.112
   44   A   0.098   0.054   0.106
   45   L   0.100   0.063   0.103
   46   M   0.103   0.070   0.101
   47   Y   0.100   0.054   0.096
   48   T   0.105   0.043   0.095
   49   V   0.102   0.057   0.090
   50   V   0.105   0.048   0.089
   51   T   0.105   0.059   0.085
   52   P   0.101   0.054   0.081
   53   M   0.102   0.030   0.080
   54   L   0.102   0.032   0.078
   55   N   0.099   0.034   0.074
   56   P   0.100   0.039   0.073
   57   F   0.104   0.034   0.073
   58   I   0.103   0.036   0.070
   59   Y   0.106   0.047   0.070
   60   S   0.101   0.073   0.068
   61   L   0.105   0.100   0.069
   62   R   0.102   0.101   0.071
   63   N   0.102   0.098   0.074
   64   R   0.099   0.101   0.075
   65   D   0.102   0.100   0.078
   66   M   0.104   0.098   0.081
   67   K   0.102   0.097   0.082
   68   E   0.103   0.097   0.085
   69   A   0.101   0.101   0.087
   70   L   0.099   0.099   0.089
# Measure  Position  Value    Cutoff   signal peptide?
  max. C    27       0.174
  max. Y    27       0.205
  max. S    18       0.315
  mean S     1-26    0.208
       D     1-26    0.206   0.500   NO
Name=OR1J2_HUMAN_TRANSMEM6	SP='NO' D=0.206 D-cutoff=0.500 Networks=SignalP-TM
