# SignalP-4.1 euk predictions
# Name=OR1L8_HUMAN_TRANSMEM3	Length=70	Networks=SignalP-noTM
# pos  aa    C       S       Y
    1   G   0.102   0.339   0.186
    2   C   0.099   0.347   0.183
    3   L   0.104   0.296   0.188
    4   T   0.104   0.274   0.187
    5   Q   0.100   0.331   0.183
    6   M   0.100   0.350   0.183
    7   Y   0.101   0.326   0.184
    8   F   0.102   0.297   0.184
    9   L   0.099   0.251   0.181
   10   Y   0.103   0.251   0.184
   11   A   0.103   0.302   0.182
   12   L   0.096   0.313   0.176
   13   G   0.100   0.368   0.179
   14   N   0.102   0.317   0.181
   15   S   0.100   0.312   0.180
   16   D   0.110   0.297   0.188
   17   S   0.101   0.352   0.179
   18   C   0.137   0.284   0.209
   19   L   0.101   0.241   0.179
   20   L   0.102   0.331   0.179
   21   A   0.123   0.228   0.195
   22   V   0.113   0.122   0.187
   23   M   0.102   0.129   0.174
   24   A   0.101   0.144   0.171
   25   F   0.183   0.110   0.226
   26   D   0.101   0.099   0.165
   27   R   0.101   0.112   0.163
   28   Y   0.107   0.161   0.164
   29   V   0.100   0.235   0.156
   30   A   0.105   0.299   0.159
   31   V   0.115   0.177   0.166
   32   C   0.124   0.121   0.171
   33   D   0.212   0.093   0.221
   34   P   0.097   0.086   0.146
   35   F   0.151   0.094   0.178
   36   H   0.101   0.112   0.141
   37   Y   0.102   0.110   0.139
   38   V   0.105   0.109   0.137
   39   T   0.099   0.132   0.130
   40   T   0.105   0.128   0.130
   41   M   0.130   0.124   0.141
   42   S   0.102   0.114   0.123
   43   H   0.099   0.141   0.117
   44   H   0.097   0.116   0.114
   45   H   0.102   0.119   0.117
   46   C   0.102   0.122   0.117
   47   V   0.103   0.112   0.117
   48   L   0.104   0.137   0.117
   49   L   0.102   0.128   0.117
   50   V   0.099   0.132   0.115
   51   A   0.102   0.100   0.117
   52   F   0.103   0.107   0.115
   53   S   0.101   0.111   0.109
   54   C   0.106   0.123   0.111
   55   S   0.105   0.111   0.110
   56   F   0.101   0.100   0.108
   57   P   0.098   0.096   0.107
   58   H   0.104   0.093   0.111
   59   L   0.101   0.097   0.108
   60   H   0.100   0.103   0.108
   61   S   0.098   0.107   0.106
   62   L   0.149   0.093   0.131
   63   L   0.108   0.098   0.110
   64   H   0.100   0.098   0.106
   65   T   0.103   0.098   0.107
   66   L   0.105   0.097   0.107
   67   L   0.105   0.099   0.106
   68   L   0.108   0.097   0.108
   69   N   0.102   0.097   0.104
   70   R   0.098   0.098   0.102
# Measure  Position  Value    Cutoff   signal peptide?
  max. C    33       0.212
  max. Y    25       0.226
  max. S    13       0.368
  mean S     1-24    0.283
       D     1-24    0.257   0.450   NO
Name=OR1L8_HUMAN_TRANSMEM3	SP='NO' D=0.257 D-cutoff=0.450 Networks=SignalP-noTM
