# SignalP-4.1 euk predictions
# Name=OR2B2_HUMAN_TRANSMEM3	Length=70	Networks=SignalP-TM
# pos  aa    C       S       Y
    1   G   0.102   0.717   0.270
    2   C   0.100   0.732   0.268
    3   V   0.104   0.681   0.273
    4   A   0.104   0.743   0.272
    5   Q   0.102   0.631   0.271
    6   L   0.099   0.630   0.266
    7   F   0.101   0.642   0.267
    8   I   0.106   0.537   0.272
    9   F   0.102   0.532   0.264
   10   L   0.103   0.583   0.263
   11   A   0.105   0.558   0.264
   12   L   0.100   0.531   0.255
   13   G   0.101   0.577   0.254
   14   S   0.106   0.479   0.258
   15   T   0.103   0.384   0.251
   16   E   0.121   0.367   0.267
   17   C   0.103   0.378   0.240
   18   L   0.313   0.273   0.412
   19   L   0.103   0.381   0.228
   20   L   0.123   0.256   0.245
   21   A   0.117   0.244   0.233
   22   V   0.201   0.190   0.296
   23   M   0.104   0.216   0.206
   24   C   0.107   0.300   0.203
   25   F   0.132   0.182   0.220
   26   D   0.107   0.175   0.191
   27   R   0.101   0.192   0.178
   28   F   0.100   0.218   0.170
   29   V   0.101   0.250   0.165
   30   A   0.103   0.288   0.163
   31   I   0.118   0.217   0.173
   32   C   0.124   0.157   0.173
   33   R   0.123   0.142   0.169
   34   P   0.103   0.137   0.149
   35   L   0.119   0.144   0.157
   36   H   0.102   0.196   0.143
   37   Y   0.100   0.206   0.142
   38   S   0.107   0.179   0.146
   39   I   0.103   0.196   0.141
   40   I   0.101   0.221   0.139
   41   M   0.105   0.248   0.144
   42   H   0.099   0.198   0.140
   43   Q   0.097   0.190   0.139
   44   R   0.101   0.178   0.140
   45   L   0.101   0.198   0.137
   46   C   0.102   0.202   0.137
   47   F   0.103   0.164   0.139
   48   Q   0.104   0.147   0.140
   49   L   0.102   0.167   0.140
   50   A   0.105   0.148   0.142
   51   A   0.102   0.139   0.138
   52   A   0.100   0.137   0.135
   53   S   0.108   0.110   0.140
   54   W   0.100   0.099   0.132
   55   I   0.100   0.110   0.129
   56   S   0.100   0.101   0.125
   57   G   0.099   0.126   0.122
   58   F   0.100   0.140   0.120
   59   S   0.102   0.136   0.120
   60   N   0.100   0.129   0.117
   61   S   0.102   0.106   0.116
   62   V   0.109   0.088   0.118
   63   L   0.105   0.094   0.114
   64   Q   0.101   0.121   0.110
   65   S   0.104   0.114   0.110
   66   T   0.103   0.108   0.109
   67   W   0.104   0.109   0.108
   68   T   0.103   0.102   0.108
   69   L   0.102   0.097   0.107
   70   K   0.103   0.091   0.108
# Measure  Position  Value    Cutoff   signal peptide?
  max. C    18       0.313
  max. Y    18       0.412
  max. S     4       0.743
  mean S     1-17    0.571
       D     1-17    0.475   0.500   NO
Name=OR2B2_HUMAN_TRANSMEM3	SP='NO' D=0.475 D-cutoff=0.500 Networks=SignalP-TM
