# SignalP-4.1 euk predictions
# Name=OR2B6_HUMAN_TRANSMEM6	Length=70	Networks=SignalP-TM
# pos  aa    C       S       Y
    1   E   0.102   0.219   0.149
    2   G   0.102   0.253   0.150
    3   R   0.100   0.282   0.149
    4   Q   0.104   0.321   0.153
    5   K   0.103   0.309   0.155
    6   A   0.101   0.309   0.156
    7   F   0.097   0.255   0.154
    8   G   0.106   0.242   0.163
    9   T   0.100   0.187   0.158
   10   C   0.105   0.249   0.162
   11   G   0.102   0.283   0.160
   12   S   0.100   0.361   0.160
   13   H   0.098   0.394   0.161
   14   L   0.102   0.417   0.168
   15   I   0.103   0.435   0.173
   16   V   0.099   0.417   0.175
   17   V   0.103   0.424   0.181
   18   S   0.104   0.434   0.185
   19   L   0.102   0.335   0.185
   20   F   0.102   0.380   0.186
   21   Y   0.102   0.314   0.188
   22   S   0.100   0.437   0.186
   23   T   0.103   0.376   0.193
   24   A   0.105   0.421   0.198
   25   V   0.115   0.419   0.211
   26   S   0.102   0.449   0.201
   27   V   0.166   0.232   0.259
   28   Y   0.114   0.182   0.212
   29   L   0.108   0.184   0.201
   30   Q   0.166   0.104   0.244
   31   P   0.101   0.108   0.184
   32   P   0.105   0.113   0.181
   33   S   0.103   0.121   0.173
   34   P   0.103   0.154   0.168
   35   S   0.105   0.149   0.165
   36   S   0.104   0.157   0.160
   37   K   0.100   0.142   0.151
   38   D   0.106   0.122   0.149
   39   Q   0.102   0.129   0.138
   40   G   0.102   0.130   0.131
   41   K   0.101   0.111   0.121
   42   M   0.106   0.092   0.120
   43   V   0.104   0.092   0.116
   44   S   0.102   0.085   0.112
   45   L   0.103   0.071   0.112
   46   F   0.104   0.078   0.111
   47   Y   0.105   0.069   0.111
   48   G   0.105   0.060   0.109
   49   I   0.101   0.065   0.103
   50   I   0.108   0.042   0.104
   51   A   0.104   0.055   0.098
   52   P   0.095   0.064   0.091
   53   M   0.103   0.041   0.092
   54   L   0.102   0.040   0.088
   55   N   0.101   0.046   0.084
   56   P   0.100   0.056   0.080
   57   L   0.102   0.038   0.080
   58   I   0.104   0.053   0.078
   59   Y   0.105   0.076   0.077
   60   T   0.101   0.094   0.075
   61   L   0.104   0.084   0.077
   62   R   0.102   0.102   0.077
   63   N   0.103   0.099   0.079
   64   K   0.100   0.099   0.080
   65   E   0.101   0.100   0.083
   66   V   0.104   0.100   0.086
   67   K   0.099   0.098   0.085
   68   E   0.103   0.100   0.089
   69   G   0.098   0.103   0.090
   70   F   0.100   0.101   0.092
# Measure  Position  Value    Cutoff   signal peptide?
  max. C    30       0.166
  max. Y    27       0.259
  max. S    26       0.449
  mean S     1-26    0.343
       D     1-26    0.292   0.500   NO
Name=OR2B6_HUMAN_TRANSMEM6	SP='NO' D=0.292 D-cutoff=0.500 Networks=SignalP-TM
