# SignalP-4.1 euk predictions
# Name=OR4KH_HUMAN_TRANSMEM6	Length=70	Networks=SignalP-TM
# pos  aa    C       S       Y
    1   T   0.103   0.218   0.149
    2   G   0.104   0.276   0.150
    3   Q   0.099   0.256   0.148
    4   S   0.103   0.275   0.152
    5   K   0.101   0.310   0.152
    6   A   0.101   0.291   0.154
    7   R   0.100   0.231   0.155
    8   S   0.105   0.219   0.160
    9   T   0.101   0.167   0.156
   10   L   0.103   0.117   0.157
   11   T   0.104   0.111   0.155
   12   A   0.102   0.081   0.151
   13   H   0.097   0.117   0.144
   14   I   0.103   0.133   0.145
   15   T   0.102   0.112   0.143
   16   V   0.103   0.123   0.141
   17   V   0.101   0.125   0.136
   18   I   0.103   0.109   0.133
   19   L   0.100   0.111   0.126
   20   F   0.103   0.106   0.123
   21   F   0.104   0.077   0.118
   22   G   0.104   0.088   0.113
   23   P   0.099   0.072   0.106
   24   C   0.106   0.081   0.106
   25   I   0.103   0.076   0.103
   26   F   0.099   0.098   0.100
   27   I   0.134   0.049   0.117
   28   Y   0.115   0.043   0.106
   29   I   0.099   0.044   0.095
   30   W   0.107   0.073   0.096
   31   P   0.099   0.078   0.090
   32   F   0.119   0.097   0.097
   33   G   0.104   0.132   0.090
   34   N   0.101   0.136   0.089
   35   H   0.100   0.141   0.090
   36   S   0.106   0.120   0.096
   37   V   0.111   0.114   0.099
   38   D   0.101   0.104   0.096
   39   K   0.103   0.077   0.098
   40   F   0.102   0.086   0.097
   41   L   0.103   0.085   0.097
   42   A   0.104   0.069   0.099
   43   V   0.101   0.069   0.099
   44   F   0.102   0.050   0.100
   45   Y   0.102   0.040   0.099
   46   T   0.102   0.034   0.098
   47   I   0.103   0.040   0.096
   48   I   0.102   0.029   0.092
   49   T   0.100   0.034   0.087
   50   P   0.101   0.031   0.083
   51   I   0.103   0.030   0.080
   52   L   0.103   0.037   0.076
   53   N   0.099   0.035   0.071
   54   P   0.100   0.026   0.069
   55   I   0.104   0.025   0.067
   56   I   0.102   0.031   0.063
   57   Y   0.104   0.042   0.062
   58   T   0.100   0.050   0.059
   59   L   0.102   0.075   0.060
   60   R   0.102   0.096   0.062
   61   N   0.102   0.098   0.065
   62   K   0.099   0.097   0.067
   63   E   0.099   0.099   0.071
   64   M   0.103   0.102   0.076
   65   K   0.099   0.098   0.077
   66   I   0.101   0.101   0.081
   67   S   0.101   0.102   0.084
   68   M   0.100   0.098   0.086
   69   K   0.100   0.098   0.089
   70   K   0.101   0.095   0.093
# Measure  Position  Value    Cutoff   signal peptide?
  max. C    27       0.134
  max. Y    11       0.155
  max. S     5       0.310
  mean S     1-10    0.236
       D     1-10    0.187   0.500   NO
Name=OR4KH_HUMAN_TRANSMEM6	SP='NO' D=0.187 D-cutoff=0.500 Networks=SignalP-TM
