# SignalP-4.1 euk predictions
# Name=OR5B2_HUMAN_TRANSMEM5	Length=70	Networks=SignalP-noTM
# pos  aa    C       S       Y
    1   D   0.102   0.632   0.253
    2   K   0.101   0.807   0.253
    3   H   0.101   0.836   0.254
    4   T   0.103   0.814   0.259
    5   S   0.102   0.774   0.260
    6   E   0.099   0.761   0.256
    7   V   0.099   0.768   0.257
    8   I   0.101   0.793   0.261
    9   L   0.101   0.821   0.263
   10   V   0.099   0.810   0.262
   11   F   0.099   0.864   0.263
   12   M   0.109   0.861   0.278
   13   S   0.097   0.871   0.265
   14   S   0.101   0.885   0.272
   15   F   0.100   0.875   0.272
   16   N   0.099   0.870   0.273
   17   I   0.099   0.871   0.275
   18   F   0.096   0.865   0.272
   19   F   0.102   0.888   0.283
   20   V   0.103   0.892   0.286
   21   L   0.100   0.872   0.285
   22   L   0.102   0.953   0.289
   23   V   0.140   0.905   0.342
   24   I   0.103   0.938   0.296
   25   F   0.107   0.936   0.302
   26   I   0.104   0.941   0.299
   27   S   0.107   0.930   0.305
   28   Y   0.109   0.902   0.309
   29   L   0.112   0.865   0.313
   30   F   0.111   0.852   0.313
   31   I   0.120   0.822   0.325
   32   F   0.147   0.790   0.361
   33   I   0.107   0.779   0.307
   34   T   0.112   0.743   0.314
   35   I   0.112   0.691   0.312
   36   L   0.120   0.554   0.322
   37   K   0.112   0.457   0.309
   38   M   0.109   0.631   0.301
   39   H   0.121   0.556   0.315
   40   S   0.104   0.648   0.290
   41   A   0.154   0.320   0.350
   42   K   0.210   0.173   0.402
   43   G   0.102   0.251   0.274
   44   H   0.246   0.142   0.418
   45   Q   0.099   0.162   0.259
   46   K   0.115   0.140   0.272
   47   A   0.101   0.148   0.247
   48   L   0.096   0.126   0.234
   49   S   0.106   0.115   0.238
   50   T   0.102   0.115   0.225
   51   C   0.105   0.109   0.219
   52   A   0.099   0.106   0.204
   53   S   0.096   0.095   0.194
   54   H   0.101   0.099   0.190
   55   F   0.098   0.099   0.179
   56   T   0.105   0.096   0.176
   57   A   0.099   0.099   0.162
   58   V   0.093   0.097   0.149
   59   S   0.105   0.098   0.151
   60   V   0.102   0.100   0.143
   61   F   0.099   0.104   0.132
   62   Y   0.104   0.093   0.127
   63   G   0.099   0.096   0.114
   64   T   0.104   0.098   0.112
   65   V   0.107   0.100   0.112
   66   I   0.106   0.094   0.108
   67   F   0.101   0.095   0.105
   68   I   0.100   0.096   0.103
   69   Y   0.106   0.094   0.105
   70   L   0.102   0.100   0.102
# Measure  Position  Value    Cutoff   signal peptide?
  max. C    44       0.246
  max. Y    44       0.418
  max. S    22       0.953
  mean S     1-43    0.769
       D     1-43    0.607   0.450   YES
Name=OR5B2_HUMAN_TRANSMEM5	SP='YES' Cleavage site between pos. 43 and 44: AKG-HQ D=0.607 D-cutoff=0.450 Networks=SignalP-noTM
