# SignalP-4.1 euk predictions
# Name=OR5H2_HUMAN_TRANSMEM2	Length=70	Networks=SignalP-TM
# pos  aa    C       S       Y
    1   D   0.102   0.384   0.198
    2   P   0.103   0.380   0.199
    3   Q   0.103   0.434   0.198
    4   L   0.103   0.476   0.200
    5   H   0.102   0.473   0.200
    6   I   0.099   0.447   0.199
    7   P   0.100   0.496   0.201
    8   M   0.102   0.546   0.205
    9   Y   0.104   0.544   0.210
   10   F   0.103   0.517   0.212
   11   F   0.101   0.410   0.212
   12   L   0.103   0.337   0.214
   13   G   0.101   0.389   0.212
   14   S   0.100   0.369   0.211
   15   L   0.105   0.379   0.215
   16   A   0.103   0.536   0.214
   17   F   0.134   0.487   0.247
   18   V   0.102   0.506   0.216
   19   D   0.102   0.419   0.216
   20   A   0.104   0.361   0.218
   21   W   0.326   0.229   0.383
   22   I   0.101   0.330   0.208
   23   S   0.119   0.210   0.223
   24   S   0.126   0.250   0.222
   25   T   0.107   0.266   0.199
   26   V   0.109   0.262   0.199
   27   T   0.104   0.241   0.192
   28   P   0.109   0.201   0.194
   29   K   0.123   0.165   0.203
   30   M   0.103   0.190   0.181
   31   L   0.104   0.185   0.175
   32   V   0.106   0.182   0.170
   33   N   0.105   0.160   0.162
   34   F   0.106   0.168   0.157
   35   L   0.104   0.151   0.150
   36   A   0.105   0.164   0.149
   37   K   0.103   0.132   0.144
   38   N   0.101   0.135   0.140
   39   R   0.100   0.162   0.136
   40   M   0.105   0.199   0.137
   41   I   0.103   0.229   0.134
   42   S   0.101   0.181   0.132
   43   L   0.100   0.134   0.131
   44   S   0.104   0.091   0.132
   45   E   0.102   0.126   0.129
   46   C   0.098   0.143   0.124
   47   M   0.108   0.138   0.130
   48   I   0.102   0.125   0.125
   49   Q   0.101   0.078   0.123
   50   F   0.101   0.098   0.121
   51   F   0.100   0.102   0.118
   52   S   0.103   0.127   0.119
   53   F   0.101   0.112   0.118
   54   A   0.101   0.143   0.117
   55   F   0.099   0.148   0.114
   56   G   0.104   0.176   0.114
   57   G   0.105   0.149   0.114
   58   T   0.101   0.150   0.112
   59   T   0.102   0.132   0.115
   60   E   0.101   0.106   0.115
   61   C   0.101   0.102   0.113
   62   F   0.106   0.076   0.115
   63   L   0.102   0.072   0.111
   64   L   0.104   0.062   0.112
   65   A   0.101   0.078   0.109
   66   T   0.099   0.083   0.107
   67   M   0.105   0.101   0.109
   68   A   0.102   0.109   0.107
   69   Y   0.100   0.101   0.105
   70   D   0.102   0.099   0.105
# Measure  Position  Value    Cutoff   signal peptide?
  max. C    21       0.326
  max. Y    21       0.383
  max. S     8       0.546
  mean S     1-20    0.444
       D     1-20    0.407   0.500   NO
Name=OR5H2_HUMAN_TRANSMEM2	SP='NO' D=0.407 D-cutoff=0.500 Networks=SignalP-TM
