# SignalP-4.1 euk predictions
# Name=OR5H8_HUMAN_TRANSMEM7	Length=70	Networks=SignalP-TM
# pos  aa    C       S       Y
    1   T   0.102   0.314   0.179
    2   C   0.103   0.301   0.180
    3   G   0.104   0.326   0.180
    4   A   0.103   0.370   0.180
    5   H   0.099   0.402   0.178
    6   L   0.102   0.428   0.182
    7   L   0.100   0.424   0.182
    8   S   0.103   0.432   0.187
    9   V   0.102   0.528   0.188
   10   S   0.103   0.604   0.193
   11   L   0.102   0.569   0.198
   12   Y   0.101   0.494   0.202
   13   Y   0.099   0.492   0.203
   14   G   0.102   0.410   0.209
   15   P   0.097   0.405   0.205
   16   L   0.104   0.455   0.214
   17   L   0.100   0.491   0.213
   18   F   0.099   0.487   0.215
   19   M   0.106   0.458   0.223
   20   Y   0.110   0.342   0.229
   21   V   0.101   0.328   0.218
   22   H   0.104   0.270   0.219
   23   P   0.102   0.439   0.215
   24   A   0.128   0.233   0.239
   25   S   0.102   0.182   0.207
   26   P   0.103   0.224   0.200
   27   Q   0.328   0.155   0.350
   28   A   0.102   0.169   0.189
   29   D   0.110   0.111   0.191
   30   D   0.105   0.118   0.180
   31   Q   0.111   0.108   0.178
   32   D   0.106   0.103   0.166
   33   M   0.101   0.101   0.153
   34   V   0.102   0.084   0.145
   35   E   0.102   0.091   0.138
   36   S   0.104   0.066   0.133
   37   L   0.101   0.065   0.126
   38   F   0.103   0.069   0.115
   39   Y   0.102   0.079   0.110
   40   T   0.102   0.073   0.106
   41   V   0.103   0.060   0.101
   42   I   0.106   0.054   0.099
   43   I   0.105   0.054   0.094
   44   P   0.098   0.069   0.089
   45   F   0.103   0.039   0.089
   46   L   0.103   0.039   0.086
   47   N   0.099   0.044   0.082
   48   P   0.101   0.040   0.080
   49   I   0.103   0.034   0.079
   50   I   0.103   0.047   0.076
   51   Y   0.105   0.089   0.076
   52   S   0.100   0.144   0.075
   53   L   0.107   0.121   0.081
   54   R   0.099   0.105   0.080
   55   N   0.101   0.096   0.082
   56   K   0.100   0.095   0.084
   57   Q   0.101   0.094   0.085
   58   V   0.105   0.098   0.089
   59   I   0.101   0.098   0.089
   60   D   0.100   0.094   0.090
   61   S   0.097   0.101   0.091
   62   L   0.100   0.099   0.095
   63   T   0.103   0.096   0.098
   64   K   0.100   0.096   0.099
   65   T   0.103   0.095   0.102
   66   L   0.101   0.095   0.101
   67   K   0.104   0.097   0.101
   68   G   0.102   0.098   0.099
   69   N   0.100   0.098   0.098
   70   V   0.102   0.097   0.099
# Measure  Position  Value    Cutoff   signal peptide?
  max. C    27       0.328
  max. Y    27       0.350
  max. S    10       0.604
  mean S     1-26    0.400
       D     1-26    0.370   0.500   NO
Name=OR5H8_HUMAN_TRANSMEM7	SP='NO' D=0.370 D-cutoff=0.500 Networks=SignalP-TM
