# SignalP-4.1 euk predictions
# Name=OR5J2_HUMAN_TRANSMEM6	Length=70	Networks=SignalP-noTM
# pos  aa    C       S       Y
    1   G   0.102   0.410   0.204
    2   R   0.099   0.387   0.202
    3   Q   0.107   0.577   0.209
    4   Q   0.104   0.619   0.208
    5   A   0.103   0.530   0.209
    6   F   0.092   0.486   0.200
    7   S   0.104   0.456   0.213
    8   T   0.099   0.460   0.208
    9   C   0.106   0.471   0.215
   10   A   0.100   0.441   0.210
   11   S   0.094   0.484   0.205
   12   H   0.096   0.548   0.207
   13   L   0.096   0.487   0.209
   14   T   0.104   0.455   0.217
   15   A   0.101   0.359   0.215
   16   V   0.101   0.469   0.214
   17   T   0.105   0.525   0.219
   18   I   0.104   0.536   0.219
   19   F   0.101   0.534   0.218
   20   Y   0.105   0.478   0.224
   21   G   0.101   0.386   0.220
   22   T   0.120   0.273   0.240
   23   L   0.106   0.410   0.223
   24   I   0.106   0.336   0.224
   25   F   0.118   0.203   0.235
   26   S   0.104   0.242   0.217
   27   Y   0.117   0.231   0.226
   28   I   0.100   0.275   0.205
   29   Q   0.122   0.170   0.224
   30   P   0.098   0.283   0.198
   31   S   0.128   0.206   0.224
   32   S   0.102   0.195   0.196
   33   Q   0.100   0.208   0.191
   34   Y   0.236   0.121   0.290
   35   F   0.113   0.104   0.195
   36   V   0.097   0.102   0.176
   37   E   0.103   0.113   0.177
   38   Q   0.103   0.151   0.173
   39   E   0.103   0.100   0.169
   40   K   0.101   0.103   0.161
   41   V   0.101   0.095   0.155
   42   V   0.099   0.094   0.147
   43   S   0.101   0.093   0.142
   44   M   0.100   0.092   0.137
   45   F   0.100   0.091   0.133
   46   Y   0.106   0.087   0.132
   47   T   0.102   0.093   0.125
   48   L   0.104   0.100   0.124
   49   G   0.106   0.097   0.122
   50   I   0.100   0.095   0.116
   51   P   0.103   0.098   0.114
   52   M   0.106   0.104   0.115
   53   L   0.106   0.126   0.110
   54   N   0.102   0.126   0.107
   55   L   0.100   0.109   0.104
   56   L   0.103   0.110   0.104
   57   I   0.104   0.103   0.104
   58   H   0.103   0.098   0.103
   59   S   0.105   0.101   0.104
   60   L   0.106   0.099   0.104
   61   R   0.101   0.100   0.101
   62   N   0.100   0.098   0.100
   63   K   0.106   0.097   0.103
   64   D   0.095   0.102   0.098
   65   V   0.100   0.102   0.100
   66   K   0.100   0.101   0.101
   67   E   0.101   0.103   0.101
   68   A   0.098   0.103   0.100
   69   V   0.095   0.102   0.099
   70   K   0.102   0.104   0.103
# Measure  Position  Value    Cutoff   signal peptide?
  max. C    34       0.236
  max. Y    34       0.290
  max. S     4       0.619
  mean S     1-33    0.398
       D     1-33    0.348   0.450   NO
Name=OR5J2_HUMAN_TRANSMEM6	SP='NO' D=0.348 D-cutoff=0.450 Networks=SignalP-noTM
