# SignalP-4.1 euk predictions
# Name=OR5K4_HUMAN_TRANSMEM5	Length=70	Networks=SignalP-noTM
# pos  aa    C       S       Y
    1   I   0.102   0.810   0.287
    2   F   0.099   0.824   0.283
    3   S   0.103   0.874   0.289
    4   I   0.102   0.886   0.288
    5   P   0.103   0.910   0.290
    6   I   0.103   0.909   0.291
    7   Q   0.099   0.895   0.286
    8   I   0.102   0.901   0.291
    9   F   0.096   0.853   0.283
   10   T   0.102   0.843   0.292
   11   I   0.099   0.793   0.288
   12   A   0.100   0.822   0.289
   13   T   0.095   0.859   0.282
   14   V   0.100   0.859   0.290
   15   L   0.097   0.858   0.285
   16   I   0.103   0.892   0.295
   17   S   0.110   0.860   0.306
   18   Y   0.111   0.784   0.307
   19   L   0.106   0.731   0.300
   20   C   0.103   0.689   0.295
   21   I   0.121   0.566   0.318
   22   L   0.105   0.679   0.294
   23   L   0.104   0.706   0.292
   24   T   0.110   0.690   0.300
   25   V   0.122   0.609   0.315
   26   F   0.102   0.559   0.285
   27   K   0.110   0.503   0.294
   28   M   0.111   0.402   0.292
   29   K   0.113   0.285   0.290
   30   S   0.099   0.386   0.266
   31   K   0.167   0.187   0.340
   32   E   0.117   0.171   0.278
   33   G   0.106   0.154   0.258
   34   R   0.112   0.137   0.260
   35   G   0.104   0.190   0.244
   36   K   0.189   0.188   0.320
   37   A   0.104   0.203   0.231
   38   F   0.127   0.161   0.247
   39   S   0.105   0.194   0.216
   40   T   0.099   0.163   0.203
   41   C   0.110   0.160   0.207
   42   A   0.105   0.181   0.195
   43   S   0.097   0.223   0.182
   44   H   0.098   0.326   0.178
   45   F   0.097   0.355   0.173
   46   L   0.101   0.548   0.172
   47   S   0.098   0.544   0.168
   48   V   0.094   0.702   0.163
   49   S   0.106   0.657   0.175
   50   I   0.103   0.605   0.175
   51   F   0.098   0.450   0.173
   52   Y   0.103   0.296   0.179
   53   I   0.100   0.259   0.176
   54   C   0.101   0.160   0.177
   55   L   0.100   0.168   0.177
   56   L   0.100   0.153   0.177
   57   M   0.104   0.122   0.180
   58   Y   0.104   0.115   0.179
   59   I   0.106   0.132   0.180
   60   G   0.098   0.124   0.173
   61   P   0.097   0.129   0.171
   62   S   0.111   0.122   0.182
   63   E   0.109   0.115   0.179
   64   E   0.102   0.124   0.173
   65   G   0.146   0.117   0.206
   66   D   0.112   0.113   0.180
   67   K   0.102   0.116   0.168
   68   D   0.103   0.116   0.166
   69   T   0.104   0.116   0.160
   70   P   0.101   0.115   0.152
# Measure  Position  Value    Cutoff   signal peptide?
  max. C    36       0.189
  max. Y    31       0.340
  max. S     5       0.910
  mean S     1-30    0.741
       D     1-30    0.556   0.450   YES
Name=OR5K4_HUMAN_TRANSMEM5	SP='YES' Cleavage site between pos. 30 and 31: MKS-KE D=0.556 D-cutoff=0.450 Networks=SignalP-noTM
