# SignalP-4.1 euk predictions
# Name=OR5M1_HUMAN_TRANSMEM3	Length=70	Networks=SignalP-TM
# pos  aa    C       S       Y
    1   A   0.103   0.473   0.221
    2   G   0.099   0.549   0.217
    3   C   0.101   0.618   0.219
    4   F   0.102   0.565   0.223
    5   T   0.105   0.603   0.228
    6   Q   0.102   0.482   0.227
    7   C   0.102   0.518   0.227
    8   L   0.101   0.513   0.227
    9   L   0.103   0.412   0.229
   10   F   0.099   0.438   0.224
   11   I   0.103   0.405   0.228
   12   A   0.104   0.369   0.228
   13   L   0.098   0.452   0.220
   14   V   0.102   0.584   0.223
   15   I   0.100   0.524   0.224
   16   T   0.102   0.369   0.226
   17   E   0.124   0.433   0.246
   18   F   0.103   0.440   0.222
   19   Y   0.111   0.383   0.228
   20   I   0.100   0.412   0.212
   21   L   0.105   0.376   0.216
   22   A   0.103   0.524   0.212
   23   S   0.180   0.359   0.280
   24   M   0.122   0.324   0.230
   25   A   0.134   0.258   0.239
   26   L   0.180   0.160   0.273
   27   D   0.106   0.180   0.206
   28   R   0.108   0.147   0.202
   29   Y   0.105   0.170   0.192
   30   V   0.103   0.201   0.182
   31   A   0.104   0.210   0.180
   32   I   0.110   0.168   0.181
   33   C   0.108   0.129   0.173
   34   S   0.108   0.130   0.167
   35   P   0.102   0.126   0.156
   36   L   0.105   0.122   0.152
   37   H   0.101   0.135   0.139
   38   Y   0.100   0.145   0.132
   39   S   0.103   0.130   0.130
   40   S   0.103   0.125   0.126
   41   R   0.100   0.136   0.123
   42   M   0.109   0.159   0.127
   43   S   0.097   0.113   0.120
   44   K   0.099   0.125   0.120
   45   N   0.101   0.123   0.119
   46   I   0.103   0.114   0.117
   47   C   0.103   0.133   0.116
   48   V   0.103   0.123   0.115
   49   C   0.103   0.095   0.115
   50   L   0.103   0.072   0.114
   51   V   0.100   0.075   0.111
   52   T   0.101   0.071   0.110
   53   I   0.105   0.068   0.109
   54   P   0.100   0.103   0.105
   55   Y   0.105   0.113   0.106
   56   M   0.104   0.138   0.105
   57   Y   0.101   0.117   0.103
   58   G   0.101   0.107   0.103
   59   F   0.110   0.127   0.107
   60   L   0.100   0.130   0.102
   61   S   0.103   0.138   0.104
   62   G   0.099   0.154   0.102
   63   F   0.105   0.126   0.106
   64   S   0.104   0.120   0.107
   65   Q   0.101   0.103   0.107
   66   S   0.102   0.130   0.109
   67   L   0.099   0.113   0.109
   68   L   0.104   0.126   0.113
   69   T   0.100   0.096   0.112
   70   F   0.101   0.091   0.112
# Measure  Position  Value    Cutoff   signal peptide?
  max. C    26       0.180
  max. Y    23       0.280
  max. S     3       0.618
  mean S     1-22    0.475
       D     1-22    0.358   0.500   NO
Name=OR5M1_HUMAN_TRANSMEM3	SP='NO' D=0.358 D-cutoff=0.500 Networks=SignalP-TM
