# SignalP-4.1 euk predictions
# Name=OR5M8_HUMAN_TRANSMEM1	Length=70	Networks=SignalP-noTM
# pos  aa    C       S       Y
    1   R   0.101   0.922   0.305
    2   E   0.105   0.935   0.311
    3   L   0.102   0.942   0.307
    4   Q   0.102   0.954   0.307
    5   I   0.104   0.953   0.310
    6   L   0.100   0.943   0.305
    7   L   0.103   0.938   0.309
    8   F   0.101   0.936   0.307
    9   T   0.105   0.928   0.313
   10   L   0.102   0.937   0.308
   11   F   0.103   0.959   0.309
   12   L   0.103   0.965   0.309
   13   A   0.102   0.969   0.309
   14   I   0.092   0.938   0.293
   15   Y   0.102   0.916   0.308
   16   M   0.098   0.886   0.303
   17   V   0.100   0.896   0.306
   18   T   0.099   0.894   0.304
   19   V   0.116   0.919   0.328
   20   A   0.137   0.882   0.357
   21   G   0.685   0.632   0.798
   22   N   0.472   0.205   0.658
   23   L   0.148   0.206   0.362
   24   G   0.116   0.267   0.314
   25   M   0.294   0.140   0.491
   26   I   0.108   0.165   0.291
   27   V   0.103   0.226   0.277
   28   L   0.107   0.344   0.277
   29   I   0.112   0.332   0.277
   30   Q   0.104   0.238   0.262
   31   A   0.105   0.392   0.257
   32   N   0.178   0.208   0.328
   33   A   0.102   0.305   0.241
   34   W   0.149   0.166   0.285
   35   L   0.110   0.179   0.235
   36   H   0.107   0.193   0.224
   37   M   0.102   0.126   0.210
   38   P   0.097   0.231   0.197
   39   M   0.103   0.301   0.195
   40   Y   0.104   0.336   0.189
   41   F   0.105   0.320   0.182
   42   F   0.101   0.241   0.171
   43   L   0.099   0.263   0.161
   44   S   0.101   0.288   0.157
   45   H   0.101   0.296   0.159
   46   L   0.106   0.264   0.164
   47   S   0.106   0.254   0.163
   48   F   0.101   0.262   0.161
   49   V   0.105   0.277   0.166
   50   D   0.113   0.199   0.173
   51   L   0.099   0.164   0.159
   52   C   0.112   0.115   0.167
   53   F   0.103   0.109   0.159
   54   S   0.102   0.114   0.154
   55   S   0.290   0.102   0.257
   56   N   0.092   0.093   0.142
   57   V   0.095   0.092   0.143
   58   T   0.096   0.098   0.142
   59   P   0.098   0.096   0.142
   60   K   0.111   0.100   0.151
   61   M   0.103   0.102   0.143
   62   L   0.099   0.101   0.137
   63   E   0.096   0.103   0.131
   64   I   0.107   0.098   0.134
   65   F   0.103   0.101   0.130
   66   L   0.107   0.099   0.129
   67   S   0.103   0.098   0.123
   68   E   0.100   0.100   0.117
   69   K   0.101   0.101   0.115
   70   K   0.103   0.098   0.113
# Measure  Position  Value    Cutoff   signal peptide?
  max. C    21       0.685
  max. Y    21       0.798
  max. S    13       0.969
  mean S     1-20    0.930
       D     1-20    0.870   0.450   YES
Name=OR5M8_HUMAN_TRANSMEM1	SP='YES' Cleavage site between pos. 20 and 21: TVA-GN D=0.870 D-cutoff=0.450 Networks=SignalP-noTM
