# SignalP-4.1 euk predictions
# Name=OR5T3_HUMAN_TRANSMEM6	Length=70	Networks=SignalP-noTM
# pos  aa    C       S       Y
    1   G   0.102   0.183   0.137
    2   R   0.099   0.179   0.135
    3   Q   0.105   0.195   0.139
    4   K   0.104   0.283   0.138
    5   A   0.102   0.253   0.139
    6   F   0.093   0.217   0.133
    7   S   0.106   0.222   0.143
    8   T   0.101   0.222   0.140
    9   C   0.105   0.160   0.143
   10   G   0.100   0.161   0.140
   11   S   0.097   0.156   0.137
   12   H   0.098   0.162   0.138
   13   L   0.099   0.152   0.138
   14   T   0.101   0.160   0.139
   15   G   0.097   0.159   0.136
   16   V   0.101   0.170   0.138
   17   T   0.105   0.181   0.140
   18   I   0.105   0.175   0.140
   19   Y   0.104   0.196   0.140
   20   H   0.099   0.148   0.136
   21   G   0.101   0.135   0.137
   22   T   0.106   0.119   0.140
   23   I   0.106   0.135   0.138
   24   L   0.101   0.163   0.134
   25   V   0.106   0.125   0.137
   26   S   0.097   0.128   0.130
   27   Y   0.104   0.147   0.132
   28   M   0.103   0.126   0.130
   29   R   0.113   0.116   0.134
   30   P   0.102   0.175   0.125
   31   S   0.105   0.132   0.126
   32   S   0.101   0.225   0.123
   33   S   0.101   0.295   0.125
   34   Y   0.182   0.158   0.171
   35   A   0.099   0.143   0.126
   36   S   0.215   0.110   0.185
   37   D   0.105   0.110   0.129
   38   H   0.102   0.110   0.126
   39   D   0.101   0.098   0.124
   40   I   0.102   0.097   0.123
   41   I   0.102   0.093   0.121
   42   V   0.104   0.092   0.121
   43   S   0.106   0.090   0.121
   44   I   0.102   0.092   0.118
   45   F   0.095   0.088   0.113
   46   Y   0.105   0.087   0.118
   47   T   0.102   0.093   0.115
   48   I   0.102   0.093   0.114
   49   V   0.102   0.100   0.114
   50   I   0.104   0.101   0.113
   51   P   0.097   0.105   0.109
   52   K   0.105   0.106   0.113
   53   L   0.103   0.105   0.111
   54   N   0.102   0.103   0.110
   55   P   0.098   0.110   0.105
   56   I   0.108   0.108   0.106
   57   I   0.100   0.110   0.101
   58   Y   0.106   0.102   0.103
   59   S   0.099   0.102   0.099
   60   L   0.105   0.106   0.102
   61   R   0.099   0.110   0.099
   62   N   0.103   0.105   0.101
   63   K   0.096   0.107   0.098
   64   E   0.101   0.107   0.101
   65   V   0.104   0.106   0.103
   66   K   0.101   0.102   0.102
   67   K   0.102   0.101   0.102
   68   A   0.097   0.101   0.100
   69   V   0.094   0.102   0.099
   70   K   0.104   0.102   0.104
# Measure  Position  Value    Cutoff   signal peptide?
  max. C    36       0.215
  max. Y    36       0.185
  max. S    33       0.295
  mean S     1-35    0.173
       D     1-35    0.179   0.450   NO
Name=OR5T3_HUMAN_TRANSMEM6	SP='NO' D=0.179 D-cutoff=0.450 Networks=SignalP-noTM
