# SignalP-4.1 euk predictions
# Name=OR5T3_HUMAN_TRANSMEM6	Length=70	Networks=SignalP-TM
# pos  aa    C       S       Y
    1   G   0.102   0.120   0.111
    2   R   0.100   0.125   0.110
    3   Q   0.104   0.129   0.112
    4   K   0.103   0.158   0.112
    5   A   0.102   0.136   0.112
    6   F   0.096   0.118   0.109
    7   S   0.105   0.103   0.115
    8   T   0.101   0.099   0.112
    9   C   0.104   0.095   0.113
   10   G   0.101   0.101   0.110
   11   S   0.099   0.088   0.109
   12   H   0.100   0.090   0.108
   13   L   0.100   0.123   0.107
   14   T   0.103   0.134   0.108
   15   G   0.099   0.144   0.107
   16   V   0.102   0.151   0.109
   17   T   0.104   0.168   0.111
   18   I   0.104   0.166   0.113
   19   Y   0.107   0.145   0.115
   20   H   0.099   0.123   0.111
   21   G   0.102   0.106   0.112
   22   T   0.104   0.088   0.114
   23   I   0.104   0.088   0.113
   24   L   0.101   0.103   0.111
   25   V   0.105   0.124   0.113
   26   S   0.100   0.129   0.112
   27   Y   0.104   0.122   0.115
   28   M   0.102   0.119   0.114
   29   R   0.108   0.106   0.117
   30   P   0.103   0.127   0.113
   31   S   0.103   0.131   0.112
   32   S   0.101   0.167   0.110
   33   S   0.103   0.174   0.111
   34   Y   0.165   0.153   0.142
   35   A   0.100   0.159   0.112
   36   S   0.200   0.106   0.160
   37   D   0.103   0.089   0.115
   38   H   0.102   0.099   0.115
   39   D   0.100   0.096   0.114
   40   I   0.102   0.080   0.114
   41   I   0.102   0.069   0.112
   42   V   0.104   0.067   0.112
   43   S   0.105   0.058   0.110
   44   I   0.103   0.059   0.107
   45   F   0.100   0.069   0.104
   46   Y   0.103   0.063   0.103
   47   T   0.102   0.050   0.099
   48   I   0.102   0.052   0.094
   49   V   0.104   0.049   0.091
   50   I   0.103   0.049   0.086
   51   P   0.100   0.060   0.082
   52   K   0.102   0.066   0.082
   53   L   0.103   0.056   0.081
   54   N   0.101   0.059   0.078
   55   P   0.099   0.059   0.076
   56   I   0.105   0.040   0.078
   57   I   0.101   0.050   0.075
   58   Y   0.105   0.071   0.076
   59   S   0.101   0.095   0.076
   60   L   0.100   0.100   0.077
   61   R   0.100   0.100   0.078
   62   N   0.100   0.101   0.081
   63   K   0.098   0.099   0.082
   64   E   0.102   0.102   0.086
   65   V   0.105   0.099   0.089
   66   K   0.102   0.099   0.089
   67   K   0.103   0.098   0.091
   68   A   0.099   0.100   0.091
   69   V   0.097   0.102   0.092
   70   K   0.104   0.099   0.097
# Measure  Position  Value    Cutoff   signal peptide?
  max. C    36       0.200
  max. Y    36       0.160
  max. S    33       0.174
  mean S     1-35    0.126
       D     1-35    0.146   0.500   NO
Name=OR5T3_HUMAN_TRANSMEM6	SP='NO' D=0.146 D-cutoff=0.500 Networks=SignalP-TM
