# SignalP-4.1 euk predictions
# Name=OR6B1_HUMAN_TRANSMEM7	Length=70	Networks=SignalP-TM
# pos  aa    C       S       Y
    1   H   0.101   0.350   0.188
    2   L   0.102   0.343   0.189
    3   V   0.102   0.308   0.189
    4   V   0.102   0.315   0.188
    5   V   0.103   0.257   0.189
    6   T   0.101   0.260   0.185
    7   I   0.104   0.228   0.185
    8   F   0.101   0.256   0.180
    9   Y   0.101   0.265   0.178
   10   S   0.101   0.305   0.177
   11   A   0.099   0.352   0.174
   12   I   0.098   0.317   0.174
   13   I   0.101   0.355   0.176
   14   F   0.096   0.303   0.171
   15   M   0.102   0.312   0.176
   16   Y   0.106   0.302   0.178
   17   A   0.099   0.238   0.171
   18   R   0.221   0.144   0.253
   19   P   0.103   0.188   0.169
   20   R   0.193   0.185   0.230
   21   V   0.104   0.231   0.167
   22   I   0.106   0.199   0.169
   23   H   0.104   0.193   0.165
   24   A   0.114   0.225   0.172
   25   F   0.396   0.188   0.317
   26   N   0.105   0.191   0.159
   27   M   0.102   0.200   0.154
   28   N   0.102   0.181   0.151
   29   K   0.102   0.186   0.148
   30   I   0.101   0.207   0.144
   31   I   0.102   0.198   0.142
   32   S   0.103   0.141   0.141
   33   I   0.103   0.147   0.141
   34   F   0.101   0.147   0.139
   35   Y   0.100   0.134   0.137
   36   A   0.102   0.095   0.136
   37   I   0.101   0.101   0.133
   38   V   0.103   0.084   0.131
   39   T   0.101   0.087   0.126
   40   P   0.101   0.112   0.123
   41   S   0.102   0.079   0.121
   42   L   0.101   0.071   0.117
   43   N   0.100   0.075   0.113
   44   P   0.097   0.072   0.108
   45   F   0.106   0.043   0.108
   46   I   0.102   0.040   0.101
   47   Y   0.105   0.067   0.098
   48   C   0.101   0.071   0.093
   49   L   0.109   0.098   0.094
   50   R   0.102   0.107   0.089
   51   N   0.102   0.104   0.090
   52   R   0.100   0.102   0.089
   53   E   0.103   0.101   0.091
   54   V   0.103   0.100   0.091
   55   K   0.101   0.097   0.090
   56   E   0.104   0.098   0.092
   57   A   0.101   0.099   0.092
   58   L   0.100   0.098   0.093
   59   K   0.102   0.098   0.095
   60   K   0.100   0.098   0.095
   61   L   0.105   0.100   0.100
   62   A   0.104   0.101   0.101
   63   Y   0.101   0.100   0.101
   64   C   0.105   0.102   0.103
   65   Q   0.100   0.101   0.100
   66   A   0.106   0.100   0.103
   67   S   0.098   0.102   0.099
   68   R   0.099   0.100   0.099
   69   S   0.100   0.101   0.100
   70   D   0.102   0.102   0.101
# Measure  Position  Value    Cutoff   signal peptide?
  max. C    25       0.396
  max. Y    25       0.317
  max. S    13       0.355
  mean S     1-24    0.268
       D     1-24    0.297   0.500   NO
Name=OR6B1_HUMAN_TRANSMEM7	SP='NO' D=0.297 D-cutoff=0.500 Networks=SignalP-TM
