# SignalP-4.1 euk predictions
# Name=OR6C4_HUMAN_TRANSMEM2	Length=70	Networks=SignalP-noTM
# pos  aa    C       S       Y
    1   L   0.102   0.212   0.147
    2   L   0.102   0.244   0.147
    3   D   0.103   0.195   0.148
    4   P   0.104   0.266   0.149
    5   H   0.105   0.230   0.150
    6   L   0.106   0.176   0.151
    7   Q   0.102   0.159   0.148
    8   T   0.100   0.139   0.146
    9   P   0.097   0.147   0.142
   10   M   0.099   0.132   0.142
   11   Y   0.099   0.119   0.141
   12   F   0.098   0.128   0.139
   13   F   0.094   0.133   0.135
   14   L   0.099   0.142   0.137
   15   R   0.102   0.142   0.138
   16   N   0.100   0.157   0.136
   17   F   0.095   0.154   0.132
   18   S   0.099   0.168   0.133
   19   F   0.103   0.171   0.135
   20   L   0.104   0.164   0.135
   21   E   0.102   0.143   0.133
   22   I   0.097   0.154   0.128
   23   S   0.103   0.183   0.131
   24   F   0.099   0.233   0.128
   25   T   0.103   0.180   0.130
   26   S   0.128   0.138   0.145
   27   I   0.094   0.154   0.122
   28   F   0.101   0.128   0.126
   29   I   0.102   0.136   0.125
   30   P   0.095   0.154   0.120
   31   R   0.102   0.148   0.125
   32   F   0.102   0.268   0.125
   33   L   0.102   0.244   0.128
   34   T   0.097   0.213   0.126
   35   S   0.120   0.156   0.142
   36   M   0.141   0.124   0.155
   37   T   0.104   0.136   0.132
   38   T   0.104   0.162   0.132
   39   G   0.102   0.147   0.131
   40   N   0.147   0.115   0.157
   41   K   0.099   0.141   0.128
   42   V   0.097   0.134   0.126
   43   I   0.098   0.132   0.127
   44   S   0.101   0.141   0.128
   45   F   0.107   0.108   0.132
   46   A   0.104   0.112   0.128
   47   G   0.100   0.120   0.124
   48   C   0.095   0.124   0.119
   49   L   0.107   0.126   0.127
   50   T   0.103   0.134   0.124
   51   Q   0.106   0.121   0.126
   52   Y   0.098   0.105   0.121
   53   F   0.099   0.106   0.120
   54   F   0.102   0.119   0.121
   55   A   0.102   0.124   0.118
   56   I   0.103   0.125   0.116
   57   F   0.101   0.099   0.114
   58   L   0.103   0.099   0.114
   59   G   0.101   0.103   0.112
   60   A   0.100   0.094   0.111
   61   T   0.103   0.097   0.111
   62   E   0.104   0.095   0.110
   63   F   0.101   0.093   0.109
   64   Y   0.105   0.095   0.109
   65   L   0.101   0.101   0.106
   66   L   0.104   0.100   0.107
   67   A   0.101   0.102   0.105
   68   S   0.097   0.101   0.103
   69   M   0.102   0.101   0.105
   70   S   0.105   0.102   0.106
# Measure  Position  Value    Cutoff   signal peptide?
  max. C    40       0.147
  max. Y    40       0.157
  max. S    32       0.268
  mean S     1-39    0.169
       D     1-39    0.163   0.450   NO
Name=OR6C4_HUMAN_TRANSMEM2	SP='NO' D=0.163 D-cutoff=0.450 Networks=SignalP-noTM
