# SignalP-4.1 euk predictions
# Name=OR6F1_HUMAN_TRANSMEM5	Length=70	Networks=SignalP-TM
# pos  aa    C       S       Y
    1   Q   0.103   0.440   0.212
    2   A   0.104   0.457   0.214
    3   V   0.099   0.396   0.209
    4   E   0.103   0.343   0.213
    5   L   0.101   0.351   0.209
    6   V   0.101   0.236   0.207
    7   A   0.104   0.194   0.207
    8   F   0.100   0.164   0.198
    9   V   0.101   0.168   0.194
   10   I   0.104   0.120   0.192
   11   A   0.106   0.104   0.187
   12   V   0.098   0.087   0.173
   13   V   0.102   0.080   0.170
   14   V   0.102   0.065   0.162
   15   I   0.100   0.060   0.151
   16   L   0.102   0.036   0.143
   17   S   0.103   0.041   0.133
   18   S   0.150   0.045   0.148
   19   C   0.116   0.036   0.120
   20   L   0.179   0.033   0.136
   21   I   0.110   0.032   0.098
   22   T   0.127   0.023   0.099
   23   F   0.117   0.025   0.088
   24   V   0.105   0.055   0.077
   25   S   0.111   0.070   0.076
   26   Y   0.110   0.048   0.074
   27   V   0.192   0.067   0.094
   28   Y   0.109   0.058   0.070
   29   I   0.102   0.101   0.067
   30   I   0.131   0.114   0.079
   31   S   0.103   0.152   0.074
   32   T   0.105   0.139   0.080
   33   I   0.107   0.132   0.085
   34   L   0.102   0.167   0.087
   35   R   0.103   0.174   0.093
   36   I   0.108   0.161   0.101
   37   P   0.102   0.162   0.103
   38   S   0.105   0.208   0.109
   39   A   0.105   0.197   0.114
   40   S   0.106   0.162   0.119
   41   G   0.104   0.171   0.122
   42   R   0.136   0.154   0.143
   43   S   0.105   0.133   0.128
   44   K   0.104   0.118   0.128
   45   A   0.103   0.140   0.128
   46   F   0.121   0.098   0.138
   47   S   0.103   0.093   0.127
   48   T   0.102   0.100   0.125
   49   C   0.103   0.102   0.123
   50   S   0.103   0.096   0.121
   51   S   0.102   0.098   0.118
   52   H   0.100   0.075   0.115
   53   L   0.101   0.103   0.112
   54   T   0.104   0.103   0.110
   55   V   0.101   0.096   0.107
   56   V   0.105   0.082   0.106
   57   L   0.104   0.078   0.103
   58   I   0.104   0.088   0.101
   59   W   0.100   0.101   0.098
   60   Y   0.104   0.083   0.099
   61   G   0.099   0.085   0.096
   62   S   0.099   0.119   0.095
   63   T   0.101   0.135   0.097
   64   V   0.103   0.123   0.100
   65   F   0.099   0.142   0.098
   66   L   0.103   0.145   0.102
   67   H   0.101   0.133   0.104
   68   V   0.100   0.121   0.104
   69   R   0.100   0.100   0.105
   70   T   0.102   0.089   0.106
# Measure  Position  Value    Cutoff   signal peptide?
  max. C    27       0.192
  max. Y    11       0.187
  max. S     2       0.457
  mean S     1-10    0.287
       D     1-10    0.227   0.500   NO
Name=OR6F1_HUMAN_TRANSMEM5	SP='NO' D=0.227 D-cutoff=0.500 Networks=SignalP-TM
