# SignalP-4.1 euk predictions
# Name=OR6N1_HUMAN_TRANSMEM5	Length=70	Networks=SignalP-TM
# pos  aa    C       S       Y
    1   S   0.102   0.252   0.160
    2   I   0.102   0.254   0.160
    3   N   0.101   0.252   0.160
    4   V   0.102   0.268   0.160
    5   L   0.101   0.336   0.160
    6   V   0.103   0.277   0.163
    7   D   0.100   0.240   0.162
    8   F   0.104   0.268   0.164
    9   V   0.099   0.268   0.161
   10   I   0.102   0.237   0.164
   11   N   0.105   0.275   0.166
   12   S   0.098   0.172   0.160
   13   C   0.099   0.122   0.159
   14   K   0.101   0.071   0.158
   15   I   0.098   0.069   0.152
   16   L   0.103   0.066   0.151
   17   A   0.101   0.084   0.145
   18   T   0.141   0.117   0.167
   19   F   0.107   0.095   0.141
   20   L   0.103   0.094   0.132
   21   L   0.105   0.112   0.128
   22   I   0.105   0.109   0.124
   23   L   0.100   0.096   0.117
   24   C   0.103   0.110   0.112
   25   S   0.114   0.109   0.114
   26   Y   0.104   0.104   0.103
   27   V   0.101   0.158   0.099
   28   Q   0.124   0.125   0.111
   29   I   0.103   0.204   0.103
   30   I   0.183   0.181   0.144
   31   C   0.098   0.307   0.109
   32   T   0.143   0.283   0.140
   33   V   0.186   0.153   0.166
   34   L   0.101   0.161   0.124
   35   R   0.104   0.184   0.128
   36   I   0.119   0.163   0.139
   37   P   0.102   0.165   0.130
   38   S   0.106   0.183   0.135
   39   A   0.104   0.199   0.136
   40   A   0.111   0.130   0.143
   41   G   0.101   0.121   0.137
   42   K   0.156   0.118   0.169
   43   R   0.101   0.088   0.135
   44   K   0.106   0.090   0.136
   45   A   0.103   0.132   0.132
   46   I   0.104   0.101   0.127
   47   S   0.103   0.079   0.121
   48   T   0.102   0.092   0.118
   49   C   0.105   0.088   0.118
   50   A   0.103   0.063   0.113
   51   S   0.100   0.063   0.108
   52   H   0.102   0.069   0.106
   53   F   0.098   0.079   0.100
   54   T   0.105   0.077   0.099
   55   V   0.103   0.065   0.096
   56   V   0.103   0.078   0.094
   57   L   0.104   0.057   0.093
   58   I   0.103   0.069   0.091
   59   F   0.100   0.067   0.089
   60   Y   0.105   0.063   0.088
   61   G   0.102   0.059   0.086
   62   S   0.100   0.062   0.084
   63   I   0.102   0.076   0.084
   64   L   0.101   0.085   0.083
   65   S   0.099   0.118   0.083
   66   M   0.106   0.117   0.088
   67   Y   0.104   0.119   0.089
   68   V   0.100   0.109   0.089
   69   Q   0.100   0.111   0.090
   70   L   0.102   0.120   0.093
# Measure  Position  Value    Cutoff   signal peptide?
  max. C    33       0.186
  max. Y    42       0.169
  max. S     5       0.336
  mean S     1-41    0.175
       D     1-41    0.171   0.500   NO
Name=OR6N1_HUMAN_TRANSMEM5	SP='NO' D=0.171 D-cutoff=0.500 Networks=SignalP-TM
