# SignalP-4.1 euk predictions
# Name=OR7C2_HUMAN_TRANSMEM2	Length=70	Networks=SignalP-noTM
# pos  aa    C       S       Y
    1   S   0.100   0.236   0.154
    2   S   0.100   0.273   0.154
    3   D   0.099   0.327   0.154
    4   S   0.102   0.406   0.157
    5   H   0.099   0.382   0.157
    6   L   0.101   0.363   0.161
    7   H   0.100   0.344   0.162
    8   T   0.102   0.308   0.165
    9   P   0.100   0.346   0.165
   10   M   0.101   0.399   0.166
   11   Y   0.103   0.393   0.171
   12   F   0.101   0.347   0.171
   13   F   0.095   0.303   0.168
   14   L   0.101   0.288   0.174
   15   S   0.104   0.290   0.177
   16   N   0.100   0.336   0.174
   17   L   0.102   0.448   0.177
   18   S   0.102   0.493   0.179
   19   F   0.101   0.423   0.182
   20   A   0.106   0.365   0.189
   21   D   0.148   0.155   0.225
   22   I   0.102   0.159   0.186
   23   C   0.114   0.146   0.195
   24   F   0.101   0.212   0.183
   25   T   0.107   0.190   0.188
   26   S   0.194   0.125   0.250
   27   T   0.095   0.122   0.171
   28   T   0.114   0.111   0.185
   29   V   0.111   0.137   0.178
   30   P   0.095   0.144   0.162
   31   K   0.107   0.132   0.170
   32   M   0.101   0.140   0.162
   33   L   0.102   0.119   0.159
   34   V   0.099   0.114   0.153
   35   N   0.104   0.109   0.153
   36   I   0.107   0.107   0.152
   37   Q   0.099   0.117   0.143
   38   T   0.107   0.120   0.146
   39   Q   0.104   0.119   0.141
   40   S   0.098   0.141   0.131
   41   K   0.097   0.140   0.124
   42   M   0.097   0.143   0.119
   43   I   0.097   0.136   0.115
   44   T   0.101   0.150   0.117
   45   F   0.102   0.156   0.118
   46   A   0.105   0.193   0.119
   47   G   0.098   0.159   0.115
   48   C   0.093   0.182   0.111
   49   L   0.100   0.170   0.117
   50   T   0.103   0.245   0.119
   51   Q   0.105   0.187   0.123
   52   I   0.103   0.179   0.123
   53   F   0.100   0.162   0.122
   54   F   0.102   0.168   0.123
   55   F   0.099   0.157   0.122
   56   I   0.104   0.144   0.126
   57   A   0.105   0.121   0.127
   58   F   0.099   0.100   0.124
   59   G   0.097   0.100   0.122
   60   C   0.104   0.103   0.126
   61   L   0.098   0.104   0.122
   62   D   0.105   0.105   0.126
   63   N   0.100   0.100   0.122
   64   L   0.098   0.111   0.121
   65   L   0.101   0.111   0.122
   66   L   0.105   0.112   0.124
   67   T   0.100   0.105   0.120
   68   M   0.103   0.102   0.121
   69   T   0.104   0.104   0.119
   70   A   0.108   0.103   0.121
# Measure  Position  Value    Cutoff   signal peptide?
  max. C    26       0.194
  max. Y    26       0.250
  max. S    18       0.493
  mean S     1-25    0.317
       D     1-25    0.286   0.450   NO
Name=OR7C2_HUMAN_TRANSMEM2	SP='NO' D=0.286 D-cutoff=0.450 Networks=SignalP-noTM
