# SignalP-4.1 euk predictions
# Name=OR8B2_HUMAN_TRANSMEM6	Length=70	Networks=SignalP-TM
# pos  aa    C       S       Y
    1   G   0.102   0.387   0.199
    2   R   0.099   0.396   0.196
    3   S   0.104   0.436   0.201
    4   K   0.103   0.433   0.200
    5   A   0.102   0.384   0.201
    6   F   0.100   0.332   0.198
    7   S   0.105   0.311   0.202
    8   T   0.101   0.321   0.197
    9   C   0.104   0.373   0.198
   10   S   0.101   0.361   0.196
   11   S   0.099   0.305   0.194
   12   H   0.098   0.293   0.191
   13   V   0.101   0.330   0.192
   14   I   0.103   0.338   0.193
   15   A   0.102   0.312   0.191
   16   L   0.105   0.357   0.192
   17   S   0.106   0.335   0.192
   18   L   0.103   0.330   0.188
   19   F   0.102   0.304   0.185
   20   F   0.102   0.377   0.183
   21   G   0.103   0.497   0.185
   22   S   0.104   0.446   0.190
   23   A   0.105   0.441   0.193
   24   A   0.123   0.280   0.210
   25   F   0.186   0.197   0.256
   26   M   0.121   0.142   0.204
   27   Y   0.113   0.118   0.195
   28   I   0.101   0.119   0.180
   29   K   0.103   0.164   0.177
   30   Y   0.101   0.226   0.172
   31   S   0.104   0.195   0.172
   32   S   0.108   0.210   0.172
   33   G   0.102   0.223   0.164
   34   S   0.190   0.184   0.222
   35   M   0.108   0.142   0.163
   36   E   0.106   0.129   0.153
   37   Q   0.104   0.126   0.144
   38   G   0.103   0.130   0.134
   39   K   0.101   0.112   0.129
   40   V   0.102   0.102   0.127
   41   S   0.102   0.089   0.126
   42   S   0.103   0.082   0.126
   43   V   0.101   0.082   0.123
   44   F   0.102   0.076   0.122
   45   Y   0.103   0.075   0.118
   46   T   0.098   0.079   0.111
   47   N   0.104   0.077   0.110
   48   V   0.106   0.072   0.106
   49   V   0.101   0.054   0.100
   50   P   0.103   0.060   0.097
   51   M   0.103   0.052   0.095
   52   L   0.104   0.062   0.092
   53   N   0.103   0.075   0.089
   54   P   0.101   0.072   0.087
   55   L   0.103   0.067   0.086
   56   I   0.105   0.068   0.086
   57   Y   0.106   0.084   0.086
   58   S   0.102   0.105   0.084
   59   L   0.101   0.091   0.085
   60   R   0.103   0.091   0.086
   61   N   0.102   0.091   0.087
   62   K   0.099   0.092   0.086
   63   D   0.100   0.096   0.087
   64   V   0.104   0.096   0.091
   65   K   0.103   0.093   0.091
   66   V   0.104   0.096   0.094
   67   A   0.100   0.098   0.093
   68   L   0.099   0.092   0.093
   69   R   0.101   0.092   0.095
   70   K   0.100   0.090   0.096
# Measure  Position  Value    Cutoff   signal peptide?
  max. C    34       0.190
  max. Y    25       0.256
  max. S    21       0.497
  mean S     1-24    0.362
       D     1-24    0.298   0.500   NO
Name=OR8B2_HUMAN_TRANSMEM6	SP='NO' D=0.298 D-cutoff=0.500 Networks=SignalP-TM
