# SignalP-4.1 euk predictions
# Name=OR8I2_HUMAN_TRANSMEM4	Length=70	Networks=SignalP-TM
# pos  aa    C       S       Y
    1   V   0.101   0.159   0.126
    2   M   0.102   0.176   0.127
    3   S   0.104   0.233   0.129
    4   Q   0.104   0.234   0.131
    5   K   0.103   0.246   0.132
    6   V   0.100   0.251   0.133
    7   S   0.101   0.252   0.136
    8   N   0.102   0.246   0.140
    9   W   0.099   0.237   0.139
   10   L   0.101   0.217   0.143
   11   G   0.101   0.224   0.145
   12   V   0.097   0.226   0.143
   13   M   0.103   0.287   0.149
   14   P   0.102   0.215   0.152
   15   Y   0.104   0.222   0.154
   16   V   0.101   0.223   0.153
   17   I   0.104   0.227   0.157
   18   G   0.101   0.223   0.154
   19   F   0.131   0.198   0.176
   20   T   0.102   0.217   0.154
   21   S   0.107   0.210   0.157
   22   S   0.102   0.245   0.152
   23   L   0.125   0.214   0.169
   24   I   0.103   0.286   0.152
   25   S   0.106   0.292   0.156
   26   V   0.108   0.268   0.159
   27   W   0.102   0.280   0.156
   28   V   0.105   0.287   0.158
   29   I   0.104   0.234   0.158
   30   S   0.101   0.215   0.156
   31   S   0.103   0.279   0.158
   32   L   0.109   0.270   0.164
   33   A   0.104   0.349   0.161
   34   F   0.158   0.255   0.203
   35   C   0.104   0.215   0.165
   36   D   0.124   0.205   0.181
   37   S   0.105   0.269   0.166
   38   S   0.156   0.200   0.203
   39   I   0.111   0.182   0.169
   40   N   0.104   0.177   0.162
   41   H   0.104   0.198   0.159
   42   F   0.101   0.197   0.155
   43   F   0.103   0.193   0.154
   44   C   0.102   0.224   0.153
   45   D   0.104   0.171   0.155
   46   T   0.101   0.172   0.149
   47   T   0.105   0.128   0.150
   48   A   0.104   0.148   0.144
   49   L   0.100   0.165   0.138
   50   L   0.105   0.111   0.140
   51   A   0.100   0.118   0.135
   52   L   0.100   0.109   0.130
   53   S   0.106   0.118   0.131
   54   C   0.101   0.137   0.127
   55   V   0.103   0.158   0.127
   56   D   0.101   0.162   0.125
   57   T   0.100   0.164   0.123
   58   F   0.104   0.167   0.124
   59   G   0.101   0.182   0.121
   60   T   0.107   0.134   0.125
   61   E   0.098   0.153   0.118
   62   M   0.097   0.153   0.119
   63   V   0.102   0.120   0.122
   64   S   0.101   0.116   0.119
   65   F   0.100   0.137   0.119
   66   V   0.103   0.126   0.121
   67   L   0.103   0.134   0.122
   68   A   0.107   0.146   0.125
   69   G   0.099   0.112   0.121
   70   F   0.105   0.098   0.123
# Measure  Position  Value    Cutoff   signal peptide?
  max. C    34       0.158
  max. Y    38       0.203
  max. S    33       0.349
  mean S     1-37    0.240
       D     1-37    0.218   0.500   NO
Name=OR8I2_HUMAN_TRANSMEM4	SP='NO' D=0.218 D-cutoff=0.500 Networks=SignalP-TM
