# SignalP-4.1 euk predictions
# Name=OR9Q2_HUMAN_TRANSMEM7	Length=70	Networks=SignalP-noTM
# pos  aa    C       S       Y
    1   L   0.102   0.692   0.265
    2   T   0.104   0.628   0.268
    3   A   0.105   0.672   0.268
    4   V   0.100   0.748   0.262
    5   A   0.104   0.751   0.268
    6   L   0.097   0.813   0.259
    7   F   0.101   0.845   0.266
    8   F   0.101   0.849   0.267
    9   G   0.106   0.816   0.275
   10   T   0.098   0.780   0.266
   11   L   0.105   0.768   0.275
   12   I   0.104   0.710   0.275
   13   F   0.096   0.667   0.264
   14   M   0.099   0.660   0.268
   15   Y   0.103   0.672   0.273
   16   L   0.098   0.742   0.266
   17   R   0.107   0.702   0.278
   18   D   0.117   0.533   0.291
   19   N   0.111   0.453   0.282
   20   T   0.105   0.494   0.273
   21   G   0.108   0.449   0.275
   22   Q   0.325   0.190   0.473
   23   S   0.121   0.151   0.283
   24   S   0.132   0.123   0.291
   25   E   0.105   0.120   0.255
   26   G   0.099   0.131   0.242
   27   D   0.121   0.102   0.261
   28   R   0.099   0.105   0.230
   29   V   0.104   0.097   0.229
   30   V   0.100   0.095   0.216
   31   S   0.099   0.099   0.207
   32   V   0.097   0.097   0.197
   33   L   0.097   0.095   0.190
   34   Y   0.107   0.090   0.191
   35   T   0.099   0.090   0.176
   36   V   0.104   0.091   0.172
   37   V   0.105   0.087   0.165
   38   T   0.106   0.085   0.157
   39   P   0.102   0.100   0.144
   40   M   0.103   0.101   0.135
   41   L   0.104   0.095   0.128
   42   N   0.101   0.098   0.119
   43   P   0.097   0.100   0.109
   44   L   0.105   0.098   0.106
   45   I   0.106   0.116   0.104
   46   Y   0.104   0.118   0.102
   47   S   0.104   0.131   0.102
   48   L   0.136   0.124   0.117
   49   R   0.102   0.121   0.101
   50   N   0.104   0.108   0.103
   51   K   0.101   0.106   0.101
   52   E   0.100   0.107   0.101
   53   V   0.104   0.108   0.103
   54   K   0.100   0.111   0.102
   55   E   0.104   0.114   0.104
   56   A   0.096   0.110   0.100
   57   T   0.097   0.110   0.101
   58   R   0.103   0.107   0.105
   59   K   0.100   0.107   0.104
   60   A   0.102   0.104   0.105
   61   L   0.095   0.109   0.102
   62   S   0.107   0.105   0.108
   63   K   0.098   0.104   0.104
   64   S   0.106   0.108   0.108
   65   K   0.100   0.106   0.105
   66   P   0.110   0.105   0.110
   67   A   0.108   0.101   0.110
   68   R   0.091   0.104   0.100
   69   R   0.106   0.102   0.108
   70   P   0.099   0.103   0.104
# Measure  Position  Value    Cutoff   signal peptide?
  max. C    22       0.325
  max. Y    22       0.473
  max. S     8       0.849
  mean S     1-21    0.688
       D     1-21    0.589   0.450   YES
Name=OR9Q2_HUMAN_TRANSMEM7	SP='YES' Cleavage site between pos. 21 and 22: NTG-QS D=0.589 D-cutoff=0.450 Networks=SignalP-noTM
