# SignalP-4.1 euk predictions
# Name=OSTA_HUMAN_TRANSMEM6	Length=70	Networks=SignalP-noTM
# pos  aa    C       S       Y
    1   N   0.100   0.860   0.294
    2   M   0.103   0.871   0.297
    3   G   0.104   0.902   0.300
    4   A   0.100   0.937   0.294
    5   K   0.098   0.952   0.292
    6   F   0.104   0.946   0.300
    7   A   0.100   0.944   0.296
    8   L   0.098   0.932   0.293
    9   F   0.107   0.927   0.307
   10   Q   0.098   0.919   0.295
   11   V   0.106   0.924   0.307
   12   L   0.102   0.937   0.301
   13   L   0.105   0.969   0.306
   14   I   0.099   0.970   0.298
   15   L   0.101   0.970   0.303
   16   T   0.104   0.970   0.307
   17   A   0.104   0.969   0.308
   18   L   0.123   0.944   0.336
   19   Q   0.120   0.915   0.332
   20   P   0.109   0.877   0.318
   21   S   0.125   0.794   0.340
   22   I   0.100   0.866   0.304
   23   F   0.098   0.848   0.300
   24   S   0.239   0.637   0.469
   25   V   0.163   0.507   0.385
   26   L   0.105   0.469   0.306
   27   A   0.111   0.473   0.311
   28   N   0.201   0.154   0.413
   29   G   0.105   0.194   0.293
   30   G   0.241   0.130   0.434
   31   Q   0.105   0.134   0.279
   32   I   0.110   0.137   0.279
   33   A   0.107   0.150   0.268
   34   C   0.101   0.138   0.254
   35   S   0.116   0.110   0.264
   36   P   0.106   0.113   0.244
   37   P   0.101   0.107   0.230
   38   Y   0.101   0.124   0.221
   39   S   0.096   0.150   0.207
   40   S   0.099   0.178   0.201
   41   K   0.097   0.255   0.190
   42   T   0.102   0.368   0.187
   43   R   0.101   0.292   0.180
   44   S   0.111   0.230   0.182
   45   Q   0.109   0.211   0.171
   46   V   0.103   0.199   0.157
   47   M   0.103   0.279   0.150
   48   N   0.104   0.245   0.147
   49   C   0.102   0.271   0.142
   50   H   0.104   0.333   0.140
   51   L   0.108   0.184   0.146
   52   L   0.098   0.170   0.139
   53   I   0.101   0.138   0.142
   54   L   0.102   0.127   0.142
   55   E   0.107   0.107   0.146
   56   T   0.104   0.099   0.143
   57   F   0.103   0.092   0.142
   58   L   0.102   0.093   0.141
   59   M   0.102   0.092   0.140
   60   T   0.100   0.094   0.139
   61   V   0.101   0.099   0.139
   62   L   0.099   0.121   0.136
   63   T   0.101   0.110   0.137
   64   R   0.127   0.094   0.151
   65   M   0.108   0.097   0.135
   66   Y   0.101   0.097   0.126
   67   Y   0.092   0.102   0.119
   68   R   0.098   0.102   0.120
   69   R   0.101   0.104   0.120
   70   K   0.106   0.108   0.120
# Measure  Position  Value    Cutoff   signal peptide?
  max. C    30       0.241
  max. Y    24       0.469
  max. S    15       0.970
  mean S     1-23    0.919
       D     1-23    0.712   0.450   YES
Name=OSTA_HUMAN_TRANSMEM6	SP='YES' Cleavage site between pos. 23 and 24: SIF-SV D=0.712 D-cutoff=0.450 Networks=SignalP-noTM
