# SignalP-4.1 euk predictions
# Name=OX1R_HUMAN_TRANSMEM5	Length=70	Networks=SignalP-TM
# pos  aa    C       S       Y
    1   D   0.102   0.299   0.175
    2   L   0.101   0.398   0.174
    3   Y   0.102   0.342   0.176
    4   P   0.102   0.318   0.177
    5   K   0.104   0.281   0.180
    6   I   0.102   0.341   0.178
    7   Y   0.103   0.284   0.180
    8   H   0.101   0.238   0.177
    9   S   0.100   0.281   0.175
   10   C   0.099   0.198   0.174
   11   F   0.099   0.143   0.172
   12   F   0.099   0.129   0.169
   13   I   0.101   0.125   0.167
   14   V   0.102   0.125   0.163
   15   T   0.103   0.109   0.161
   16   Y   0.104   0.117   0.157
   17   L   0.099   0.096   0.146
   18   A   0.105   0.095   0.145
   19   P   0.097   0.111   0.133
   20   L   0.105   0.118   0.134
   21   G   0.101   0.104   0.125
   22   L   0.104   0.186   0.121
   23   M   0.107   0.242   0.122
   24   A   0.113   0.213   0.124
   25   M   0.117   0.156   0.126
   26   A   0.113   0.131   0.124
   27   Y   0.129   0.052   0.133
   28   F   0.103   0.088   0.117
   29   Q   0.130   0.095   0.130
   30   I   0.101   0.097   0.114
   31   F   0.102   0.148   0.114
   32   R   0.097   0.170   0.113
   33   K   0.105   0.172   0.120
   34   L   0.104   0.163   0.121
   35   W   0.102   0.175   0.121
   36   G   0.104   0.152   0.125
   37   R   0.174   0.111   0.160
   38   Q   0.106   0.118   0.120
   39   I   0.103   0.118   0.116
   40   P   0.102   0.116   0.114
   41   G   0.101   0.107   0.113
   42   T   0.098   0.105   0.113
   43   T   0.102   0.116   0.116
   44   S   0.100   0.133   0.116
   45   A   0.108   0.107   0.121
   46   L   0.114   0.089   0.123
   47   V   0.103   0.094   0.114
   48   R   0.101   0.099   0.111
   49   N   0.107   0.096   0.112
   50   W   0.099   0.097   0.105
   51   K   0.103   0.096   0.105
   52   R   0.101   0.096   0.104
   53   P   0.101   0.098   0.103
   54   S   0.105   0.097   0.104
   55   D   0.102   0.097   0.102
   56   Q   0.101   0.097   0.101
   57   L   0.102   0.100   0.101
   58   G   0.100   0.104   0.100
   59   D   0.099   0.103   0.099
   60   L   0.106   0.102   0.102
   61   E   0.103   0.103   0.101
   62   Q   0.103   0.104   0.101
   63   G   0.104   0.103   0.102
   64   L   0.103   0.104   0.101
   65   S   0.107   0.100   0.104
   66   G   0.102   0.102   0.102
   67   E   0.096   0.102   0.099
   68   P   0.102   0.101   0.102
   69   Q   0.101   0.104   0.101
   70   P   0.104   0.103   0.103
# Measure  Position  Value    Cutoff   signal peptide?
  max. C    37       0.174
  max. Y    11       0.172
  max. S     2       0.398
  mean S     1-10    0.298
       D     1-10    0.222   0.500   NO
Name=OX1R_HUMAN_TRANSMEM5	SP='NO' D=0.222 D-cutoff=0.500 Networks=SignalP-TM
