# SignalP-4.1 euk predictions
# Name=PANX3_HUMAN_TRANSMEM1	Length=70	Networks=SignalP-TM
# pos  aa    C       S       Y
    1   D   0.101   0.526   0.231
    2   R   0.101   0.580   0.231
    3   I   0.104   0.538   0.234
    4   V   0.101   0.495   0.232
    5   K   0.103   0.502   0.233
    6   F   0.102   0.623   0.232
    7   V   0.102   0.644   0.233
    8   A   0.106   0.708   0.240
    9   V   0.100   0.772   0.235
   10   G   0.100   0.751   0.239
   11   S   0.101   0.627   0.243
   12   P   0.103   0.676   0.247
   13   L   0.103   0.640   0.250
   14   L   0.102   0.657   0.250
   15   L   0.099   0.690   0.249
   16   M   0.102   0.636   0.255
   17   S   0.104   0.740   0.258
   18   L   0.105   0.724   0.262
   19   A   0.105   0.658   0.266
   20   F   0.137   0.502   0.305
   21   A   0.104   0.549   0.264
   22   Q   0.479   0.326   0.565
   23   E   0.104   0.329   0.258
   24   F   0.126   0.286   0.277
   25   S   0.100   0.415   0.239
   26   S   0.108   0.390   0.246
   27   G   0.128   0.225   0.262
   28   S   0.245   0.148   0.353
   29   P   0.101   0.131   0.218
   30   I   0.130   0.116   0.238
   31   S   0.103   0.121   0.202
   32   C   0.101   0.127   0.188
   33   F   0.107   0.125   0.181
   34   S   0.102   0.118   0.166
   35   P   0.098   0.117   0.154
   36   S   0.104   0.106   0.148
   37   N   0.101   0.106   0.141
   38   F   0.103   0.106   0.136
   39   S   0.099   0.102   0.129
   40   I   0.103   0.102   0.122
   41   R   0.103   0.093   0.114
   42   Q   0.106   0.096   0.110
   43   A   0.103   0.103   0.107
   44   A   0.104   0.099   0.107
   45   Y   0.100   0.092   0.104
   46   V   0.103   0.093   0.105
   47   D   0.100   0.088   0.102
   48   S   0.104   0.087   0.103
   49   S   0.102   0.087   0.101
   50   C   0.102   0.092   0.099
   51   W   0.102   0.095   0.099
   52   D   0.099   0.101   0.097
   53   S   0.100   0.097   0.097
   54   L   0.102   0.098   0.098
   55   L   0.104   0.099   0.099
   56   H   0.102   0.101   0.098
   57   H   0.099   0.105   0.097
   58   K   0.103   0.106   0.099
   59   Q   0.103   0.103   0.099
   60   D   0.104   0.102   0.100
   61   G   0.099   0.103   0.098
   62   P   0.100   0.105   0.099
   63   G   0.105   0.104   0.102
   64   Q   0.098   0.107   0.100
   65   D   0.103   0.102   0.102
   66   K   0.097   0.104   0.100
   67   M   0.102   0.104   0.102
   68   K   0.100   0.106   0.102
   69   S   0.103   0.107   0.104
   70   L   0.102   0.106   0.103
# Measure  Position  Value    Cutoff   signal peptide?
  max. C    22       0.479
  max. Y    22       0.565
  max. S     9       0.772
  mean S     1-21    0.630
       D     1-21    0.591   0.500   YES
Name=PANX3_HUMAN_TRANSMEM1	SP='YES' Cleavage site between pos. 21 and 22: AFA-QE D=0.591 D-cutoff=0.500 Networks=SignalP-TM
