# SignalP-4.1 euk predictions
# Name=PAQRA_HUMAN_TRANSMEM3	Length=70	Networks=SignalP-TM
# pos  aa    C       S       Y
    1   M   0.102   0.240   0.157
    2   V   0.102   0.235   0.156
    3   E   0.103   0.261   0.157
    4   H   0.102   0.273   0.157
    5   C   0.101   0.269   0.157
    6   L   0.101   0.298   0.158
    7   H   0.101   0.328   0.159
    8   M   0.100   0.319   0.160
    9   F   0.102   0.255   0.163
   10   D   0.101   0.306   0.163
   11   R   0.102   0.284   0.165
   12   M   0.103   0.204   0.167
   13   V   0.100   0.297   0.163
   14   I   0.103   0.237   0.167
   15   Y   0.100   0.244   0.165
   16   F   0.098   0.281   0.164
   17   F   0.102   0.265   0.168
   18   I   0.103   0.258   0.169
   19   A   0.103   0.262   0.168
   20   A   0.099   0.236   0.165
   21   S   0.105   0.216   0.168
   22   Y   0.106   0.215   0.167
   23   A   0.104   0.133   0.163
   24   P   0.114   0.130   0.167
   25   W   0.102   0.152   0.154
   26   L   0.102   0.170   0.151
   27   N   0.101   0.210   0.150
   28   L   0.105   0.253   0.150
   29   R   0.121   0.194   0.162
   30   E   0.106   0.175   0.150
   31   L   0.103   0.175   0.145
   32   G   0.103   0.164   0.143
   33   P   0.101   0.146   0.139
   34   W   0.105   0.152   0.139
   35   A   0.102   0.118   0.135
   36   S   0.103   0.058   0.132
   37   H   0.101   0.076   0.127
   38   M   0.100   0.112   0.124
   39   R   0.101   0.104   0.125
   40   W   0.103   0.068   0.125
   41   L   0.100   0.066   0.120
   42   V   0.101   0.061   0.116
   43   W   0.100   0.082   0.109
   44   I   0.103   0.137   0.107
   45   M   0.101   0.139   0.105
   46   A   0.105   0.074   0.105
   47   S   0.105   0.076   0.102
   48   V   0.101   0.065   0.098
   49   G   0.100   0.076   0.094
   50   T   0.105   0.086   0.094
   51   I   0.108   0.092   0.097
   52   Y   0.103   0.111   0.095
   53   V   0.104   0.115   0.096
   54   F   0.109   0.107   0.098
   55   F   0.103   0.098   0.097
   56   F   0.105   0.081   0.100
   57   H   0.102   0.091   0.099
   58   E   0.102   0.145   0.099
   59   R   0.102   0.113   0.100
   60   T   0.103   0.112   0.099
   61   G   0.103   0.118   0.100
   62   S   0.101   0.110   0.101
   63   C   0.102   0.099   0.103
   64   V   0.103   0.104   0.105
   65   Q   0.100   0.099   0.104
   66   F   0.103   0.100   0.105
   67   L   0.101   0.099   0.104
   68   R   0.105   0.102   0.105
   69   G   0.104   0.102   0.105
   70   E   0.097   0.101   0.101
# Measure  Position  Value    Cutoff   signal peptide?
  max. C    29       0.121
  max. Y    18       0.169
  max. S     7       0.328
  mean S     1-17    0.270
       D     1-17    0.209   0.500   NO
Name=PAQRA_HUMAN_TRANSMEM3	SP='NO' D=0.209 D-cutoff=0.500 Networks=SignalP-TM
