# SignalP-4.1 euk predictions
# Name=PAR3_HUMAN_TRANSMEM1	Length=70	Networks=SignalP-TM
# pos  aa    C       S       Y
    1   S   0.102   0.492   0.224
    2   S   0.101   0.506   0.223
    3   L   0.100   0.533   0.222
    4   S   0.102   0.550   0.225
    5   T   0.100   0.567   0.223
    6   K   0.102   0.627   0.227
    7   L   0.101   0.544   0.228
    8   I   0.103   0.424   0.232
    9   P   0.103   0.321   0.230
   10   A   0.102   0.216   0.227
   11   I   0.099   0.148   0.218
   12   Y   0.104   0.112   0.218
   13   L   0.097   0.153   0.205
   14   L   0.101   0.205   0.203
   15   V   0.101   0.187   0.197
   16   F   0.103   0.157   0.193
   17   V   0.102   0.125   0.186
   18   V   0.102   0.168   0.178
   19   G   0.104   0.216   0.171
   20   V   0.140   0.177   0.190
   21   P   0.102   0.178   0.151
   22   A   0.112   0.178   0.149
   23   N   0.201   0.082   0.191
   24   A   0.105   0.087   0.131
   25   V   0.302   0.057   0.216
   26   T   0.107   0.041   0.126
   27   L   0.126   0.056   0.135
   28   W   0.105   0.074   0.120
   29   M   0.105   0.073   0.116
   30   L   0.104   0.105   0.111
   31   F   0.103   0.091   0.109
   32   F   0.106   0.079   0.109
   33   R   0.106   0.062   0.106
   34   T   0.104   0.055   0.100
   35   R   0.104   0.070   0.095
   36   S   0.105   0.061   0.091
   37   I   0.138   0.040   0.099
   38   C   0.100   0.053   0.083
   39   T   0.124   0.044   0.090
   40   T   0.131   0.056   0.092
   41   V   0.111   0.058   0.085
   42   F   0.103   0.053   0.082
   43   Y   0.100   0.059   0.080
   44   T   0.102   0.055   0.080
   45   N   0.102   0.039   0.078
   46   L   0.102   0.046   0.076
   47   A   0.103   0.064   0.074
   48   I   0.099   0.048   0.073
   49   A   0.102   0.075   0.074
   50   D   0.107   0.043   0.076
   51   F   0.102   0.054   0.073
   52   L   0.104   0.058   0.075
   53   F   0.103   0.068   0.074
   54   C   0.100   0.054   0.074
   55   V   0.101   0.057   0.075
   56   T   0.101   0.055   0.075
   57   L   0.104   0.055   0.076
   58   P   0.101   0.061   0.075
   59   F   0.102   0.074   0.075
   60   K   0.103   0.093   0.077
   61   I   0.099   0.118   0.078
   62   A   0.101   0.089   0.081
   63   Y   0.107   0.062   0.085
   64   H   0.103   0.072   0.083
   65   L   0.099   0.072   0.083
   66   N   0.102   0.097   0.085
   67   G   0.098   0.103   0.085
   68   N   0.097   0.098   0.086
   69   N   0.104   0.100   0.090
   70   W   0.102   0.100   0.091
# Measure  Position  Value    Cutoff   signal peptide?
  max. C    25       0.302
  max. Y    12       0.218
  max. S     6       0.627
  mean S     1-11    0.448
       D     1-11    0.310   0.500   NO
Name=PAR3_HUMAN_TRANSMEM1	SP='NO' D=0.310 D-cutoff=0.500 Networks=SignalP-TM
