# SignalP-4.1 euk predictions
# Name=PCAT1_HUMAN_TRANSMEM1	Length=70	Networks=SignalP-noTM
# pos  aa    C       S       Y
    1   L   0.100   0.954   0.310
    2   F   0.101   0.967   0.311
    3   P   0.104   0.976   0.315
    4   V   0.105   0.982   0.317
    5   R   0.104   0.985   0.315
    6   L   0.106   0.989   0.319
    7   L   0.100   0.990   0.310
    8   V   0.102   0.989   0.313
    9   A   0.107   0.981   0.321
   10   A   0.103   0.968   0.315
   11   A   0.096   0.952   0.305
   12   M   0.100   0.955   0.310
   13   M   0.102   0.969   0.313
   14   L   0.099   0.979   0.309
   15   L   0.105   0.988   0.318
   16   A   0.099   0.989   0.310
   17   W   0.144   0.981   0.374
   18   P   0.104   0.982   0.317
   19   L   0.177   0.957   0.415
   20   A   0.108   0.957   0.325
   21   L   0.126   0.932   0.350
   22   V   0.113   0.968   0.332
   23   A   0.367   0.914   0.598
   24   S   0.157   0.812   0.390
   25   L   0.273   0.747   0.513
   26   G   0.105   0.650   0.316
   27   S   0.131   0.745   0.351
   28   A   0.187   0.666   0.416
   29   E   0.451   0.273   0.641
   30   K   0.115   0.300   0.318
   31   E   0.277   0.189   0.485
   32   P   0.100   0.192   0.286
   33   E   0.122   0.141   0.308
   34   Q   0.099   0.137   0.271
   35   P   0.102   0.143   0.268
   36   P   0.102   0.152   0.260
   37   A   0.105   0.151   0.257
   38   L   0.099   0.127   0.242
   39   W   0.109   0.134   0.245
   40   R   0.099   0.128   0.225
   41   K   0.105   0.113   0.223
   42   V   0.104   0.123   0.213
   43   V   0.110   0.112   0.209
   44   D   0.110   0.105   0.199
   45   F   0.099   0.110   0.179
   46   L   0.104   0.120   0.172
   47   L   0.107   0.121   0.164
   48   K   0.103   0.148   0.152
   49   A   0.102   0.134   0.143
   50   I   0.099   0.142   0.131
   51   M   0.104   0.113   0.125
   52   R   0.104   0.118   0.122
   53   T   0.103   0.115   0.117
   54   M   0.100   0.114   0.114
   55   W   0.097   0.116   0.111
   56   F   0.103   0.105   0.114
   57   A   0.100   0.103   0.112
   58   G   0.107   0.105   0.114
   59   G   0.098   0.104   0.109
   60   F   0.107   0.098   0.113
   61   H   0.104   0.101   0.110
   62   R   0.102   0.104   0.108
   63   V   0.100   0.100   0.107
   64   A   0.104   0.103   0.109
   65   V   0.100   0.106   0.107
   66   K   0.107   0.101   0.110
   67   G   0.100   0.104   0.106
   68   R   0.101   0.101   0.106
   69   Q   0.108   0.097   0.110
   70   A   0.104   0.099   0.107
# Measure  Position  Value    Cutoff   signal peptide?
  max. C    29       0.451
  max. Y    29       0.641
  max. S     7       0.990
  mean S     1-28    0.926
       D     1-28    0.795   0.450   YES
Name=PCAT1_HUMAN_TRANSMEM1	SP='YES' Cleavage site between pos. 28 and 29: GSA-EK D=0.795 D-cutoff=0.450 Networks=SignalP-noTM
