# SignalP-4.1 euk predictions
# Name=PCDGJ_HUMAN_TRANSMEM1	Length=70	Networks=SignalP-noTM
# pos  aa    C       S       Y
    1   E   0.100   0.921   0.304
    2   M   0.102   0.937   0.307
    3   Q   0.101   0.947   0.305
    4   F   0.101   0.964   0.306
    5   Y   0.101   0.976   0.305
    6   L   0.101   0.981   0.306
    7   V   0.102   0.986   0.309
    8   V   0.103   0.985   0.310
    9   A   0.107   0.986   0.316
   10   L   0.096   0.970   0.301
   11   A   0.103   0.964   0.312
   12   L   0.098   0.961   0.304
   13   I   0.101   0.974   0.309
   14   S   0.097   0.980   0.303
   15   V   0.103   0.994   0.313
   16   L   0.101   0.995   0.310
   17   F   0.101   0.997   0.310
   18   L   0.107   0.996   0.321
   19   L   0.120   0.995   0.340
   20   A   0.116   0.992   0.335
   21   V   0.276   0.977   0.518
   22   I   0.104   0.988   0.318
   23   L   0.128   0.977   0.354
   24   A   0.138   0.971   0.368
   25   I   0.558   0.907   0.739
   26   A   0.111   0.947   0.329
   27   L   0.668   0.833   0.808
   28   R   0.115   0.894   0.334
   29   L   0.203   0.850   0.443
   30   R   0.110   0.833   0.324
   31   Q   0.129   0.784   0.351
   32   S   0.134   0.647   0.355
   33   F   0.345   0.292   0.566
   34   S   0.107   0.276   0.310
   35   P   0.120   0.133   0.322
   36   T   0.108   0.152   0.299
   37   A   0.106   0.156   0.290
   38   G   0.096   0.137   0.269
   39   D   0.189   0.099   0.368
   40   C   0.099   0.113   0.258
   41   F   0.106   0.103   0.259
   42   E   0.101   0.101   0.244
   43   S   0.098   0.094   0.233
   44   V   0.103   0.094   0.229
   45   L   0.103   0.102   0.221
   46   C   0.108   0.096   0.216
   47   S   0.101   0.096   0.199
   48   K   0.101   0.098   0.190
   49   S   0.103   0.094   0.181
   50   G   0.100   0.093   0.168
   51   P   0.096   0.094   0.154
   52   V   0.105   0.095   0.149
   53   G   0.099   0.097   0.133
   54   P   0.100   0.095   0.122
   55   P   0.099   0.095   0.110
   56   N   0.103   0.094   0.109
   57   Y   0.103   0.097   0.105
   58   S   0.096   0.104   0.100
   59   E   0.102   0.101   0.102
   60   G   0.103   0.104   0.101
   61   T   0.107   0.104   0.102
   62   L   0.106   0.100   0.102
   63   P   0.111   0.101   0.104
   64   Y   0.106   0.097   0.102
   65   A   0.104   0.098   0.101
   66   Y   0.099   0.098   0.098
   67   N   0.106   0.096   0.102
   68   F   0.102   0.093   0.100
   69   C   0.105   0.096   0.101
   70   V   0.106   0.095   0.102
# Measure  Position  Value    Cutoff   signal peptide?
  max. C    27       0.668
  max. Y    27       0.808
  max. S    17       0.997
  mean S     1-26    0.972
       D     1-26    0.896   0.450   YES
Name=PCDGJ_HUMAN_TRANSMEM1	SP='YES' Cleavage site between pos. 26 and 27: AIA-LR D=0.896 D-cutoff=0.450 Networks=SignalP-noTM
