# SignalP-4.1 euk predictions
# Name=PCDGE_HUMAN_TRANSMEM1	Length=70	Networks=SignalP-noTM
# pos  aa    C       S       Y
    1   K   0.101   0.933   0.307
    2   L   0.102   0.953   0.309
    3   Q   0.102   0.965   0.308
    4   F   0.102   0.977   0.309
    5   Y   0.103   0.985   0.311
    6   L   0.100   0.983   0.307
    7   V   0.104   0.988   0.312
    8   V   0.103   0.983   0.312
    9   A   0.107   0.985   0.318
   10   L   0.095   0.963   0.300
   11   A   0.102   0.967   0.311
   12   L   0.096   0.970   0.302
   13   I   0.100   0.981   0.309
   14   S   0.097   0.986   0.304
   15   V   0.102   0.993   0.313
   16   L   0.104   0.994   0.316
   17   F   0.099   0.995   0.309
   18   F   0.111   0.992   0.327
   19   L   0.134   0.989   0.361
   20   A   0.118   0.983   0.339
   21   V   0.159   0.938   0.394
   22   I   0.105   0.953   0.319
   23   L   0.128   0.951   0.353
   24   A   0.144   0.955   0.376
   25   I   0.734   0.834   0.847
   26   S   0.109   0.905   0.325
   27   L   0.339   0.870   0.572
   28   R   0.117   0.889   0.336
   29   L   0.184   0.833   0.420
   30   R   0.106   0.851   0.317
   31   L   0.113   0.851   0.327
   32   S   0.112   0.728   0.324
   33   S   0.190   0.476   0.420
   34   R   0.123   0.438   0.333
   35   S   0.141   0.206   0.353
   36   D   0.133   0.170   0.335
   37   A   0.102   0.155   0.288
   38   W   0.233   0.098   0.424
   39   D   0.101   0.106   0.271
   40   C   0.100   0.098   0.263
   41   F   0.104   0.094   0.260
   42   Q   0.100   0.099   0.247
   43   P   0.101   0.100   0.240
   44   G   0.101   0.100   0.231
   45   L   0.101   0.101   0.223
   46   S   0.106   0.100   0.219
   47   S   0.101   0.104   0.205
   48   K   0.108   0.099   0.203
   49   P   0.100   0.099   0.186
   50   G   0.106   0.094   0.181
   51   P   0.101   0.097   0.166
   52   G   0.110   0.090   0.162
   53   V   0.095   0.092   0.140
   54   L   0.103   0.091   0.132
   55   P   0.097   0.085   0.117
   56   N   0.099   0.089   0.111
   57   Y   0.107   0.096   0.107
   58   S   0.107   0.100   0.105
   59   E   0.100   0.093   0.100
   60   G   0.105   0.096   0.101
   61   T   0.100   0.099   0.098
   62   L   0.106   0.094   0.101
   63   P   0.107   0.095   0.102
   64   Y   0.101   0.096   0.098
   65   S   0.100   0.096   0.098
   66   Y   0.104   0.095   0.100
   67   N   0.102   0.094   0.099
   68   L   0.103   0.094   0.099
   69   C   0.099   0.096   0.097
   70   V   0.104   0.097   0.099
# Measure  Position  Value    Cutoff   signal peptide?
  max. C    25       0.734
  max. Y    25       0.847
  max. S    17       0.995
  mean S     1-24    0.973
       D     1-24    0.915   0.450   YES
Name=PCDGE_HUMAN_TRANSMEM1	SP='YES' Cleavage site between pos. 24 and 25: ILA-IS D=0.915 D-cutoff=0.450 Networks=SignalP-noTM
