# SignalP-4.1 euk predictions
# Name=PCDGF_HUMAN_TRANSMEM1	Length=70	Networks=SignalP-noTM
# pos  aa    C       S       Y
    1   E   0.101   0.929   0.307
    2   L   0.102   0.947   0.308
    3   Q   0.101   0.956   0.307
    4   F   0.103   0.969   0.309
    5   H   0.102   0.982   0.308
    6   L   0.101   0.984   0.308
    7   V   0.103   0.988   0.310
    8   V   0.103   0.985   0.311
    9   A   0.105   0.988   0.315
   10   L   0.098   0.967   0.305
   11   A   0.102   0.970   0.310
   12   L   0.096   0.970   0.303
   13   I   0.099   0.976   0.307
   14   S   0.096   0.982   0.303
   15   V   0.103   0.992   0.314
   16   L   0.102   0.995   0.313
   17   F   0.099   0.997   0.308
   18   L   0.102   0.996   0.314
   19   L   0.116   0.995   0.336
   20   A   0.117   0.990   0.338
   21   V   0.311   0.958   0.550
   22   I   0.106   0.973   0.322
   23   L   0.129   0.968   0.356
   24   A   0.155   0.962   0.389
   25   I   0.651   0.868   0.798
   26   S   0.109   0.904   0.325
   27   L   0.397   0.855   0.621
   28   R   0.119   0.873   0.339
   29   L   0.197   0.845   0.435
   30   R   0.106   0.868   0.319
   31   C   0.113   0.847   0.327
   32   S   0.172   0.658   0.403
   33   S   0.178   0.523   0.406
   34   R   0.212   0.247   0.439
   35   P   0.107   0.164   0.306
   36   A   0.117   0.152   0.314
   37   T   0.102   0.127   0.286
   38   E   0.101   0.124   0.278
   39   G   0.105   0.118   0.276
   40   Y   0.114   0.099   0.278
   41   F   0.103   0.101   0.257
   42   Q   0.100   0.098   0.245
   43   P   0.107   0.097   0.245
   44   G   0.103   0.092   0.232
   45   V   0.102   0.090   0.222
   46   C   0.111   0.085   0.221
   47   F   0.104   0.087   0.205
   48   K   0.100   0.084   0.191
   49   T   0.098   0.089   0.180
   50   V   0.103   0.086   0.174
   51   P   0.101   0.085   0.162
   52   G   0.109   0.096   0.156
   53   V   0.095   0.102   0.134
   54   L   0.103   0.113   0.126
   55   P   0.107   0.102   0.118
   56   T   0.099   0.098   0.105
   57   Y   0.104   0.103   0.104
   58   S   0.109   0.097   0.105
   59   E   0.100   0.097   0.099
   60   R   0.103   0.101   0.100
   61   T   0.105   0.101   0.101
   62   L   0.103   0.096   0.099
   63   P   0.103   0.098   0.099
   64   Y   0.102   0.103   0.098
   65   S   0.100   0.102   0.098
   66   Y   0.099   0.101   0.097
   67   N   0.100   0.102   0.098
   68   P   0.104   0.098   0.101
   69   C   0.103   0.100   0.100
   70   A   0.106   0.100   0.102
# Measure  Position  Value    Cutoff   signal peptide?
  max. C    25       0.651
  max. Y    25       0.798
  max. S    17       0.997
  mean S     1-24    0.976
       D     1-24    0.894   0.450   YES
Name=PCDGF_HUMAN_TRANSMEM1	SP='YES' Cleavage site between pos. 24 and 25: ILA-IS D=0.894 D-cutoff=0.450 Networks=SignalP-noTM
