# SignalP-4.1 euk predictions
# Name=PCDG8_HUMAN_TRANSMEM1	Length=70	Networks=SignalP-noTM
# pos  aa    C       S       Y
    1   S   0.102   0.940   0.309
    2   L   0.100   0.963   0.307
    3   T   0.102   0.969   0.310
    4   L   0.102   0.976   0.309
    5   Y   0.103   0.980   0.312
    6   L   0.099   0.981   0.306
    7   V   0.105   0.983   0.315
    8   V   0.103   0.983   0.313
    9   A   0.106   0.985   0.318
   10   V   0.095   0.961   0.302
   11   A   0.103   0.945   0.313
   12   A   0.102   0.942   0.312
   13   I   0.109   0.914   0.322
   14   S   0.097   0.943   0.304
   15   C   0.103   0.946   0.313
   16   V   0.112   0.960   0.327
   17   F   0.100   0.956   0.309
   18   L   0.107   0.942   0.320
   19   A   0.218   0.801   0.457
   20   F   0.140   0.661   0.365
   21   V   0.109   0.813   0.320
   22   A   0.118   0.710   0.331
   23   V   0.121   0.628   0.333
   24   L   0.130   0.582   0.343
   25   L   0.111   0.654   0.315
   26   G   0.111   0.745   0.312
   27   L   0.406   0.488   0.593
   28   R   0.110   0.609   0.304
   29   L   0.116   0.624   0.309
   30   R   0.116   0.483   0.306
   31   R   0.117   0.381   0.303
   32   W   0.110   0.327   0.288
   33   H   0.112   0.244   0.285
   34   K   0.103   0.232   0.268
   35   S   0.125   0.154   0.288
   36   R   0.103   0.156   0.255
   37   L   0.105   0.132   0.250
   38   L   0.109   0.103   0.247
   39   Q   0.102   0.107   0.230
   40   D   0.101   0.104   0.220
   41   S   0.102   0.097   0.213
   42   G   0.108   0.099   0.210
   43   G   0.100   0.091   0.196
   44   R   0.100   0.087   0.188
   45   L   0.105   0.096   0.185
   46   V   0.099   0.093   0.172
   47   G   0.098   0.097   0.165
   48   V   0.101   0.091   0.160
   49   P   0.101   0.095   0.150
   50   A   0.107   0.096   0.148
   51   S   0.101   0.092   0.135
   52   H   0.098   0.090   0.124
   53   F   0.097   0.091   0.116
   54   V   0.098   0.092   0.111
   55   G   0.106   0.109   0.110
   56   V   0.102   0.104   0.106
   57   E   0.103   0.095   0.103
   58   E   0.108   0.094   0.104
   59   V   0.102   0.093   0.100
   60   Q   0.098   0.096   0.097
   61   A   0.111   0.094   0.103
   62   F   0.116   0.097   0.105
   63   L   0.109   0.100   0.102
   64   Q   0.101   0.099   0.098
   65   T   0.104   0.097   0.100
   66   Y   0.106   0.098   0.101
   67   S   0.104   0.096   0.100
   68   Q   0.100   0.099   0.098
   69   E   0.101   0.101   0.099
   70   V   0.097   0.102   0.097
# Measure  Position  Value    Cutoff   signal peptide?
  max. C    27       0.406
  max. Y    27       0.593
  max. S     9       0.985
  mean S     1-26    0.879
       D     1-26    0.747   0.450   YES
Name=PCDG8_HUMAN_TRANSMEM1	SP='YES' Cleavage site between pos. 26 and 27: LLG-LR D=0.747 D-cutoff=0.450 Networks=SignalP-noTM
