# SignalP-4.1 euk predictions
# Name=PCX2_HUMAN_TRANSMEM8	Length=70	Networks=SignalP-noTM
# pos  aa    C       S       Y
    1   P   0.102   0.943   0.310
    2   W   0.100   0.928   0.308
    3   S   0.103   0.927   0.311
    4   M   0.100   0.888   0.308
    5   Q   0.101   0.912   0.308
    6   H   0.098   0.916   0.304
    7   I   0.101   0.911   0.307
    8   P   0.104   0.926   0.312
    9   A   0.105   0.910   0.314
   10   L   0.095   0.888   0.298
   11   F   0.101   0.869   0.306
   12   S   0.101   0.875   0.305
   13   A   0.104   0.827   0.310
   14   F   0.094   0.895   0.294
   15   C   0.107   0.890   0.313
   16   G   0.104   0.876   0.308
   17   L   0.099   0.868   0.301
   18   L   0.103   0.866   0.306
   19   V   0.100   0.829   0.301
   20   A   0.101   0.843   0.302
   21   L   0.273   0.605   0.494
   22   S   0.110   0.604   0.311
   23   Y   0.179   0.468   0.394
   24   H   0.105   0.670   0.297
   25   L   0.122   0.422   0.318
   26   S   0.098   0.570   0.282
   27   R   0.129   0.467   0.320
   28   Q   0.112   0.419   0.294
   29   S   0.144   0.193   0.329
   30   S   0.125   0.155   0.300
   31   D   0.141   0.118   0.310
   32   P   0.098   0.112   0.251
   33   S   0.110   0.114   0.260
   34   V   0.095   0.115   0.234
   35   L   0.101   0.108   0.234
   36   M   0.103   0.119   0.229
   37   S   0.099   0.114   0.216
   38   F   0.102   0.101   0.212
   39   I   0.110   0.090   0.210
   40   Q   0.104   0.092   0.196
   41   C   0.106   0.093   0.188
   42   R   0.105   0.088   0.177
   43   L   0.109   0.098   0.170
   44   F   0.100   0.092   0.156
   45   P   0.099   0.097   0.147
   46   K   0.104   0.095   0.145
   47   F   0.100   0.107   0.133
   48   L   0.103   0.129   0.129
   49   H   0.106   0.152   0.122
   50   Q   0.100   0.107   0.113
   51   N   0.103   0.094   0.108
   52   L   0.100   0.116   0.104
   53   A   0.104   0.129   0.105
   54   E   0.105   0.116   0.106
   55   S   0.102   0.115   0.105
   56   A   0.099   0.107   0.103
   57   A   0.096   0.105   0.101
   58   D   0.106   0.108   0.106
   59   P   0.097   0.107   0.101
   60   L   0.102   0.106   0.104
   61   P   0.105   0.109   0.106
   62   K   0.101   0.104   0.104
   63   K   0.098   0.107   0.103
   64   M   0.099   0.108   0.104
   65   K   0.104   0.107   0.107
   66   D   0.107   0.106   0.108
   67   S   0.100   0.107   0.105
   68   V   0.101   0.105   0.106
   69   T   0.103   0.105   0.107
   70   D   0.106   0.105   0.109
# Measure  Position  Value    Cutoff   signal peptide?
  max. C    21       0.273
  max. Y    21       0.494
  max. S     1       0.943
  mean S     1-20    0.889
       D     1-20    0.707   0.450   YES
Name=PCX2_HUMAN_TRANSMEM8	SP='YES' Cleavage site between pos. 20 and 21: LVA-LS D=0.707 D-cutoff=0.450 Networks=SignalP-noTM
