# SignalP-4.1 euk predictions
# Name=PIEZ2_HUMAN_TRANSMEM35	Length=70	Networks=SignalP-noTM
# pos  aa    C       S       Y
    1   W   0.101   0.533   0.232
    2   V   0.100   0.429   0.231
    3   W   0.098   0.433   0.227
    4   T   0.103   0.402   0.232
    5   D   0.101   0.329   0.229
    6   T   0.103   0.327   0.228
    7   T   0.102   0.241   0.226
    8   L   0.102   0.306   0.223
    9   S   0.100   0.333   0.218
   10   L   0.099   0.314   0.215
   11   S   0.100   0.292   0.214
   12   S   0.102   0.238   0.214
   13   W   0.099   0.249   0.207
   14   I   0.101   0.214   0.206
   15   C   0.099   0.240   0.201
   16   V   0.099   0.244   0.197
   17   E   0.103   0.203   0.197
   18   D   0.098   0.178   0.189
   19   I   0.109   0.159   0.195
   20   Y   0.103   0.149   0.184
   21   A   0.103   0.154   0.179
   22   H   0.237   0.119   0.264
   23   I   0.101   0.135   0.167
   24   F   0.109   0.121   0.168
   25   I   0.103   0.142   0.159
   26   L   0.103   0.135   0.155
   27   K   0.106   0.125   0.152
   28   C   0.101   0.147   0.146
   29   W   0.109   0.144   0.148
   30   R   0.099   0.145   0.140
   31   E   0.116   0.121   0.149
   32   S   0.102   0.124   0.136
   33   E   0.095   0.131   0.128
   34   K   0.099   0.131   0.128
   35   R   0.110   0.123   0.132
   36   Y   0.100   0.117   0.124
   37   P   0.102   0.121   0.123
   38   Q   0.104   0.120   0.123
   39   P   0.102   0.134   0.119
   40   R   0.103   0.139   0.118
   41   G   0.103   0.142   0.117
   42   Q   0.096   0.153   0.113
   43   K   0.105   0.182   0.118
   44   K   0.101   0.169   0.117
   45   K   0.099   0.199   0.116
   46   K   0.101   0.237   0.119
   47   V   0.107   0.306   0.124
   48   V   0.107   0.430   0.128
   49   K   0.105   0.474   0.132
   50   Y   0.101   0.511   0.135
   51   G   0.102   0.442   0.142
   52   M   0.103   0.381   0.147
   53   G   0.108   0.306   0.155
   54   G   0.098   0.329   0.150
   55   M   0.098   0.317   0.153
   56   I   0.107   0.333   0.163
   57   I   0.106   0.314   0.165
   58   V   0.101   0.303   0.164
   59   L   0.102   0.266   0.167
   60   L   0.104   0.236   0.171
   61   I   0.099   0.235   0.169
   62   C   0.103   0.206   0.173
   63   I   0.105   0.185   0.176
   64   V   0.100   0.205   0.172
   65   W   0.102   0.199   0.174
   66   F   0.100   0.194   0.173
   67   P   0.097   0.159   0.171
   68   L   0.101   0.173   0.174
   69   L   0.098   0.261   0.170
   70   F   0.103   0.194   0.174
# Measure  Position  Value    Cutoff   signal peptide?
  max. C    22       0.237
  max. Y    22       0.264
  max. S     1       0.533
  mean S     1-21    0.284
       D     1-21    0.275   0.450   NO
Name=PIEZ2_HUMAN_TRANSMEM35	SP='NO' D=0.275 D-cutoff=0.450 Networks=SignalP-noTM
