# SignalP-4.1 euk predictions
# Name=PIEZ2_HUMAN_TRANSMEM32	Length=70	Networks=SignalP-noTM
# pos  aa    C       S       Y
    1   T   0.103   0.714   0.271
    2   V   0.102   0.674   0.270
    3   L   0.102   0.715   0.270
    4   G   0.103   0.804   0.271
    5   K   0.104   0.862   0.273
    6   V   0.104   0.878   0.274
    7   I   0.104   0.865   0.276
    8   F   0.104   0.912   0.276
    9   Q   0.100   0.883   0.273
   10   V   0.101   0.835   0.277
   11   I   0.103   0.811   0.280
   12   L   0.099   0.827   0.276
   13   V   0.096   0.885   0.271
   14   F   0.097   0.916   0.274
   15   G   0.106   0.898   0.289
   16   I   0.129   0.779   0.320
   17   H   0.103   0.816   0.287
   18   F   0.100   0.840   0.284
   19   W   0.112   0.703   0.300
   20   M   0.100   0.691   0.285
   21   F   0.106   0.656   0.292
   22   F   0.111   0.612   0.299
   23   I   0.102   0.591   0.285
   24   L   0.113   0.462   0.299
   25   P   0.103   0.714   0.284
   26   G   0.120   0.690   0.306
   27   V   0.115   0.645   0.300
   28   T   0.101   0.593   0.278
   29   E   0.162   0.472   0.350
   30   R   0.202   0.283   0.386
   31   K   0.219   0.142   0.394
   32   F   0.103   0.167   0.264
   33   S   0.101   0.186   0.256
   34   Q   0.127   0.154   0.280
   35   N   0.105   0.139   0.248
   36   L   0.101   0.124   0.236
   37   V   0.100   0.122   0.228
   38   A   0.103   0.129   0.223
   39   Q   0.108   0.150   0.221
   40   L   0.095   0.151   0.200
   41   W   0.096   0.150   0.193
   42   Y   0.103   0.143   0.194
   43   F   0.099   0.167   0.184
   44   V   0.101   0.150   0.179
   45   K   0.102   0.182   0.174
   46   C   0.103   0.248   0.169
   47   V   0.102   0.198   0.165
   48   Y   0.104   0.203   0.160
   49   F   0.100   0.238   0.150
   50   G   0.098   0.190   0.141
   51   L   0.095   0.154   0.133
   52   S   0.105   0.156   0.134
   53   A   0.119   0.146   0.141
   54   Y   0.116   0.118   0.139
   55   Q   0.108   0.111   0.133
   56   I   0.104   0.105   0.129
   57   R   0.101   0.103   0.126
   58   C   0.105   0.105   0.128
   59   G   0.113   0.094   0.133
   60   Y   0.108   0.106   0.129
   61   P   0.100   0.100   0.123
   62   T   0.110   0.097   0.129
   63   R   0.102   0.098   0.123
   64   V   0.101   0.096   0.122
   65   L   0.100   0.097   0.120
   66   G   0.105   0.100   0.122
   67   N   0.104   0.100   0.120
   68   F   0.110   0.096   0.121
   69   L   0.106   0.098   0.116
   70   T   0.108   0.096   0.115
# Measure  Position  Value    Cutoff   signal peptide?
  max. C    31       0.219
  max. Y    31       0.394
  max. S    14       0.916
  mean S     1-30    0.734
       D     1-30    0.578   0.450   YES
Name=PIEZ2_HUMAN_TRANSMEM32	SP='YES' Cleavage site between pos. 30 and 31: TER-KF D=0.578 D-cutoff=0.450 Networks=SignalP-noTM
