# SignalP-4.1 euk predictions
# Name=PIGF_HUMAN_TRANSMEM1	Length=70	Networks=SignalP-TM
# pos  aa    C       S       Y
    1   I   0.102   0.385   0.198
    2   K   0.101   0.405   0.198
    3   R   0.102   0.488   0.199
    4   L   0.103   0.409   0.202
    5   L   0.103   0.283   0.202
    6   Y   0.103   0.147   0.200
    7   T   0.103   0.173   0.195
    8   H   0.102   0.234   0.191
    9   L   0.104   0.236   0.190
   10   L   0.101   0.213   0.184
   11   C   0.101   0.186   0.180
   12   I   0.100   0.125   0.176
   13   F   0.098   0.160   0.169
   14   S   0.099   0.172   0.165
   15   I   0.101   0.218   0.162
   16   I   0.099   0.162   0.156
   17   L   0.098   0.203   0.150
   18   S   0.099   0.155   0.144
   19   V   0.195   0.115   0.193
   20   F   0.100   0.163   0.134
   21   I   0.111   0.103   0.141
   22   P   0.100   0.136   0.132
   23   S   0.111   0.245   0.136
   24   L   0.111   0.240   0.137
   25   F   0.100   0.341   0.131
   26   L   0.174   0.193   0.178
   27   E   0.216   0.158   0.201
   28   N   0.103   0.201   0.138
   29   F   0.103   0.161   0.139
   30   S   0.103   0.167   0.138
   31   I   0.108   0.142   0.141
   32   L   0.102   0.124   0.136
   33   E   0.101   0.108   0.134
   34   T   0.100   0.067   0.133
   35   H   0.112   0.051   0.138
   36   L   0.101   0.045   0.130
   37   T   0.104   0.038   0.129
   38   W   0.102   0.041   0.122
   39   L   0.098   0.046   0.113
   40   C   0.103   0.041   0.107
   41   I   0.100   0.050   0.100
   42   C   0.099   0.061   0.095
   43   S   0.102   0.052   0.091
   44   G   0.101   0.040   0.086
   45   F   0.115   0.038   0.086
   46   V   0.100   0.044   0.076
   47   T   0.100   0.059   0.072
   48   A   0.100   0.064   0.069
   49   V   0.232   0.053   0.105
   50   N   0.107   0.053   0.072
   51   L   0.104   0.056   0.071
   52   V   0.105   0.045   0.072
   53   L   0.102   0.036   0.072
   54   Y   0.105   0.043   0.072
   55   L   0.104   0.036   0.072
   56   V   0.105   0.045   0.071
   57   V   0.104   0.058   0.070
   58   K   0.103   0.076   0.070
   59   P   0.099   0.096   0.071
   60   N   0.102   0.088   0.074
   61   T   0.102   0.106   0.077
   62   S   0.100   0.107   0.078
   63   S   0.102   0.104   0.081
   64   K   0.104   0.101   0.084
   65   R   0.099   0.097   0.084
   66   S   0.101   0.098   0.086
   67   S   0.102   0.097   0.089
   68   L   0.100   0.095   0.091
   69   S   0.103   0.096   0.094
   70   H   0.099   0.098   0.094
# Measure  Position  Value    Cutoff   signal peptide?
  max. C    49       0.232
  max. Y    27       0.201
  max. S     3       0.488
  mean S     1-26    0.227
       D     1-26    0.211   0.500   NO
Name=PIGF_HUMAN_TRANSMEM1	SP='NO' D=0.211 D-cutoff=0.500 Networks=SignalP-TM
