# SignalP-4.1 euk predictions
# Name=PIGG_HUMAN_TRANSMEM3	Length=70	Networks=SignalP-noTM
# pos  aa    C       S       Y
    1   C   0.102   0.951   0.311
    2   G   0.102   0.952   0.312
    3   L   0.098   0.958   0.305
    4   S   0.103   0.968   0.313
    5   W   0.098   0.982   0.306
    6   L   0.103   0.984   0.314
    7   A   0.102   0.986   0.313
    8   A   0.099   0.987   0.308
    9   G   0.101   0.990   0.311
   10   G   0.100   0.992   0.311
   11   V   0.098   0.994   0.307
   12   M   0.104   0.995   0.316
   13   V   0.096   0.996   0.305
   14   L   0.094   0.994   0.302
   15   A   0.106   0.996   0.320
   16   S   0.148   0.986   0.379
   17   A   0.113   0.992   0.331
   18   L   0.223   0.983   0.466
   19   L   0.109   0.990   0.326
   20   C   0.113   0.983   0.333
   21   V   0.141   0.942   0.371
   22   I   0.105   0.926   0.321
   23   V   0.110   0.918   0.327
   24   S   0.117   0.919   0.338
   25   V   0.135   0.901   0.363
   26   L   0.109   0.864   0.325
   27   T   0.115   0.873   0.333
   28   N   0.344   0.688   0.576
   29   V   0.123   0.715   0.342
   30   L   0.112   0.741   0.324
   31   V   0.102   0.810   0.308
   32   G   0.122   0.591   0.334
   33   G   0.191   0.326   0.415
   34   N   0.222   0.183   0.440
   35   T   0.109   0.165   0.301
   36   P   0.112   0.203   0.299
   37   R   0.116   0.141   0.297
   38   K   0.107   0.134   0.277
   39   N   0.099   0.132   0.260
   40   P   0.101   0.158   0.254
   41   M   0.108   0.156   0.255
   42   H   0.104   0.187   0.243
   43   P   0.102   0.188   0.233
   44   S   0.103   0.167   0.226
   45   S   0.099   0.222   0.214
   46   R   0.100   0.211   0.207
   47   W   0.103   0.208   0.203
   48   S   0.104   0.213   0.195
   49   E   0.098   0.233   0.181
   50   L   0.105   0.271   0.180
   51   D   0.107   0.210   0.175
   52   L   0.103   0.196   0.165
   53   L   0.104   0.181   0.158
   54   I   0.109   0.177   0.152
   55   L   0.104   0.158   0.142
   56   L   0.102   0.124   0.138
   57   G   0.103   0.110   0.137
   58   T   0.105   0.098   0.138
   59   A   0.107   0.100   0.137
   60   G   0.104   0.094   0.135
   61   H   0.104   0.093   0.134
   62   V   0.095   0.094   0.127
   63   L   0.098   0.099   0.128
   64   S   0.103   0.098   0.130
   65   L   0.130   0.096   0.145
   66   G   0.105   0.097   0.129
   67   A   0.100   0.101   0.124
   68   S   0.100   0.098   0.122
   69   S   0.102   0.098   0.121
   70   F   0.108   0.099   0.122
# Measure  Position  Value    Cutoff   signal peptide?
  max. C    28       0.344
  max. Y    28       0.576
  max. S    13       0.996
  mean S     1-27    0.963
       D     1-27    0.785   0.450   YES
Name=PIGG_HUMAN_TRANSMEM3	SP='YES' Cleavage site between pos. 27 and 28: VLT-NV D=0.785 D-cutoff=0.450 Networks=SignalP-noTM
