# SignalP-4.1 euk predictions
# Name=PIGN_HUMAN_TRANSMEM8	Length=70	Networks=SignalP-noTM
# pos  aa    C       S       Y
    1   K   0.101   0.909   0.303
    2   P   0.100   0.902   0.302
    3   D   0.104   0.909   0.307
    4   I   0.104   0.917   0.307
    5   S   0.103   0.938   0.306
    6   L   0.099   0.960   0.300
    7   V   0.098   0.973   0.299
    8   M   0.101   0.969   0.305
    9   G   0.110   0.940   0.317
   10   A   0.098   0.908   0.300
   11   G   0.101   0.896   0.304
   12   L   0.103   0.902   0.307
   13   L   0.098   0.937   0.300
   14   V   0.101   0.958   0.304
   15   L   0.102   0.974   0.307
   16   L   0.102   0.978   0.308
   17   L   0.101   0.967   0.306
   18   S   0.107   0.946   0.316
   19   L   0.138   0.905   0.358
   20   C   0.102   0.892   0.309
   21   V   0.126   0.865   0.343
   22   V   0.098   0.894   0.303
   23   T   0.129   0.834   0.346
   24   S   0.153   0.737   0.376
   25   L   0.279   0.618   0.506
   26   M   0.147   0.419   0.365
   27   K   0.158   0.286   0.374
   28   R   0.133   0.222   0.337
   29   K   0.131   0.151   0.328
   30   D   0.110   0.174   0.294
   31   S   0.108   0.160   0.284
   32   F   0.147   0.128   0.324
   33   I   0.105   0.114   0.266
   34   K   0.105   0.097   0.260
   35   E   0.101   0.126   0.246
   36   E   0.100   0.143   0.238
   37   L   0.105   0.155   0.235
   38   L   0.103   0.186   0.225
   39   V   0.103   0.162   0.217
   40   H   0.099   0.201   0.204
   41   L   0.105   0.147   0.201
   42   L   0.103   0.146   0.190
   43   Q   0.105   0.155   0.183
   44   V   0.101   0.178   0.170
   45   L   0.096   0.210   0.155
   46   S   0.102   0.333   0.151
   47   T   0.096   0.267   0.141
   48   V   0.103   0.171   0.139
   49   L   0.097   0.159   0.131
   50   S   0.096   0.198   0.128
   51   M   0.128   0.107   0.148
   52   Y   0.099   0.114   0.129
   53   V   0.096   0.115   0.126
   54   V   0.094   0.120   0.124
   55   Y   0.104   0.130   0.131
   56   S   0.103   0.114   0.130
   57   T   0.148   0.103   0.156
   58   Q   0.106   0.108   0.132
   59   S   0.106   0.098   0.131
   60   S   0.114   0.102   0.135
   61   L   0.101   0.102   0.126
   62   L   0.104   0.098   0.127
   63   R   0.107   0.096   0.126
   64   K   0.103   0.099   0.123
   65   Q   0.103   0.099   0.122
   66   G   0.109   0.092   0.124
   67   L   0.104   0.097   0.120
   68   P   0.099   0.095   0.114
   69   L   0.099   0.097   0.110
   70   M   0.106   0.095   0.110
# Measure  Position  Value    Cutoff   signal peptide?
  max. C    25       0.279
  max. Y    25       0.506
  max. S    16       0.978
  mean S     1-24    0.917
       D     1-24    0.728   0.450   YES
Name=PIGN_HUMAN_TRANSMEM8	SP='YES' Cleavage site between pos. 24 and 25: VTS-LM D=0.728 D-cutoff=0.450 Networks=SignalP-noTM
