# SignalP-4.1 euk predictions
# Name=PIGV_HUMAN_TRANSMEM1	Length=70	Networks=SignalP-TM
# pos  aa    C       S       Y
    1   K   0.101   0.481   0.221
    2   E   0.102   0.420   0.221
    3   V   0.102   0.443   0.221
    4   L   0.102   0.421   0.220
    5   R   0.104   0.340   0.221
    6   F   0.101   0.399   0.216
    7   A   0.104   0.457   0.217
    8   V   0.100   0.504   0.212
    9   S   0.105   0.513   0.219
   10   C   0.100   0.532   0.213
   11   R   0.100   0.523   0.214
   12   I   0.102   0.525   0.218
   13   L   0.099   0.466   0.215
   14   T   0.101   0.477   0.216
   15   L   0.100   0.525   0.216
   16   M   0.103   0.544   0.220
   17   L   0.100   0.588   0.219
   18   Q   0.103   0.556   0.224
   19   A   0.119   0.484   0.243
   20   L   0.117   0.342   0.243
   21   F   0.102   0.375   0.226
   22   N   0.104   0.399   0.228
   23   A   0.108   0.371   0.230
   24   I   0.125   0.245   0.245
   25   I   0.104   0.248   0.219
   26   P   0.100   0.266   0.210
   27   D   0.117   0.208   0.222
   28   H   0.099   0.281   0.199
   29   H   0.100   0.371   0.197
   30   A   0.099   0.306   0.193
   31   E   0.217   0.201   0.279
   32   A   0.105   0.179   0.187
   33   F   0.196   0.126   0.245
   34   S   0.105   0.123   0.172
   35   P   0.099   0.124   0.162
   36   P   0.101   0.122   0.158
   37   R   0.103   0.116   0.153
   38   L   0.107   0.110   0.149
   39   A   0.104   0.113   0.144
   40   P   0.097   0.121   0.136
   41   S   0.105   0.108   0.137
   42   G   0.100   0.103   0.131
   43   F   0.103   0.100   0.128
   44   V   0.104   0.092   0.121
   45   D   0.102   0.089   0.112
   46   Q   0.103   0.091   0.109
   47   L   0.101   0.091   0.105
   48   V   0.105   0.090   0.106
   49   E   0.105   0.090   0.105
   50   G   0.104   0.094   0.103
   51   L   0.102   0.089   0.102
   52   L   0.107   0.095   0.103
   53   G   0.104   0.098   0.101
   54   G   0.101   0.100   0.099
   55   L   0.100   0.108   0.097
   56   S   0.106   0.104   0.100
   57   H   0.102   0.110   0.098
   58   W   0.098   0.111   0.097
   59   D   0.100   0.113   0.099
   60   A   0.101   0.103   0.100
   61   E   0.099   0.101   0.099
   62   H   0.098   0.109   0.099
   63   F   0.099   0.107   0.100
   64   L   0.100   0.101   0.101
   65   F   0.103   0.100   0.103
   66   I   0.106   0.102   0.105
   67   A   0.103   0.104   0.104
   68   E   0.099   0.102   0.102
   69   H   0.105   0.099   0.105
   70   G   0.102   0.098   0.103
# Measure  Position  Value    Cutoff   signal peptide?
  max. C    31       0.217
  max. Y    31       0.279
  max. S    17       0.588
  mean S     1-30    0.420
       D     1-30    0.336   0.500   NO
Name=PIGV_HUMAN_TRANSMEM1	SP='NO' D=0.336 D-cutoff=0.500 Networks=SignalP-TM
