# SignalP-4.1 euk predictions
# Name=PKR1_HUMAN_TRANSMEM1	Length=70	Networks=SignalP-TM
# pos  aa    C       S       Y
    1   F   0.102   0.428   0.209
    2   F   0.104   0.410   0.211
    3   A   0.105   0.401   0.212
    4   A   0.099   0.368   0.205
    5   K   0.099   0.307   0.204
    6   I   0.102   0.208   0.205
    7   V   0.102   0.128   0.201
    8   I   0.104   0.146   0.198
    9   G   0.103   0.138   0.191
   10   M   0.098   0.114   0.181
   11   A   0.104   0.112   0.180
   12   L   0.102   0.051   0.172
   13   V   0.101   0.042   0.163
   14   G   0.101   0.036   0.154
   15   I   0.103   0.048   0.146
   16   M   0.102   0.035   0.135
   17   L   0.103   0.036   0.125
   18   V   0.108   0.040   0.117
   19   C   0.106   0.027   0.104
   20   G   0.105   0.048   0.093
   21   I   0.201   0.025   0.120
   22   G   0.110   0.025   0.084
   23   N   0.152   0.024   0.092
   24   F   0.104   0.029   0.070
   25   I   0.106   0.030   0.066
   26   F   0.102   0.048   0.060
   27   I   0.102   0.053   0.060
   28   A   0.106   0.091   0.062
   29   A   0.102   0.058   0.064
   30   L   0.108   0.055   0.066
   31   V   0.107   0.077   0.067
   32   R   0.100   0.068   0.067
   33   Y   0.106   0.088   0.071
   34   K   0.109   0.059   0.075
   35   K   0.105   0.062   0.074
   36   L   0.103   0.069   0.075
   37   R   0.105   0.067   0.078
   38   N   0.102   0.086   0.079
   39   L   0.104   0.131   0.082
   40   T   0.101   0.112   0.086
   41   N   0.104   0.095   0.089
   42   L   0.101   0.146   0.090
   43   L   0.100   0.143   0.092
   44   I   0.104   0.117   0.097
   45   A   0.102   0.086   0.098
   46   N   0.099   0.068   0.097
   47   L   0.105   0.075   0.100
   48   A   0.104   0.090   0.099
   49   I   0.096   0.076   0.096
   50   S   0.101   0.051   0.099
   51   D   0.100   0.057   0.098
   52   F   0.098   0.064   0.097
   53   L   0.101   0.086   0.097
   54   V   0.100   0.123   0.095
   55   A   0.101   0.115   0.096
   56   I   0.104   0.107   0.098
   57   V   0.100   0.080   0.095
   58   C   0.101   0.079   0.093
   59   C   0.106   0.076   0.094
   60   P   0.100   0.062   0.090
   61   F   0.101   0.059   0.091
   62   E   0.100   0.085   0.090
   63   M   0.099   0.082   0.089
   64   D   0.100   0.068   0.090
   65   Y   0.102   0.081   0.091
   66   Y   0.101   0.084   0.092
   67   V   0.102   0.088   0.093
   68   V   0.100   0.100   0.092
   69   R   0.102   0.101   0.092
   70   Q   0.103   0.099   0.092
# Measure  Position  Value    Cutoff   signal peptide?
  max. C    21       0.201
  max. Y    11       0.180
  max. S     1       0.428
  mean S     1-10    0.265
       D     1-10    0.214   0.500   NO
Name=PKR1_HUMAN_TRANSMEM1	SP='NO' D=0.214 D-cutoff=0.500 Networks=SignalP-TM
