# SignalP-4.1 euk predictions
# Name=PLPP1_HUMAN_TRANSMEM5	Length=70	Networks=SignalP-TM
# pos  aa    C       S       Y
    1   A   0.102   0.358   0.192
    2   R   0.099   0.400   0.189
    3   L   0.105   0.372   0.194
    4   L   0.101   0.352   0.191
    5   R   0.102   0.378   0.192
    6   P   0.104   0.386   0.194
    7   T   0.103   0.351   0.194
    8   L   0.106   0.315   0.196
    9   Q   0.105   0.327   0.195
   10   F   0.100   0.329   0.190
   11   G   0.101   0.275   0.190
   12   L   0.098   0.209   0.185
   13   V   0.105   0.266   0.189
   14   A   0.101   0.349   0.184
   15   V   0.098   0.286   0.181
   16   S   0.100   0.254   0.181
   17   I   0.102   0.296   0.180
   18   Y   0.101   0.253   0.178
   19   V   0.098   0.244   0.173
   20   G   0.102   0.220   0.173
   21   L   0.100   0.240   0.168
   22   S   0.104   0.300   0.169
   23   R   0.159   0.165   0.209
   24   V   0.107   0.170   0.168
   25   S   0.119   0.149   0.173
   26   D   0.105   0.146   0.159
   27   Y   0.116   0.086   0.166
   28   K   0.111   0.078   0.158
   29   H   0.101   0.107   0.145
   30   H   0.101   0.101   0.140
   31   W   0.101   0.088   0.136
   32   S   0.102   0.082   0.131
   33   D   0.101   0.083   0.125
   34   V   0.100   0.106   0.120
   35   L   0.101   0.090   0.117
   36   T   0.105   0.052   0.115
   37   G   0.103   0.042   0.105
   38   L   0.105   0.042   0.102
   39   I   0.108   0.039   0.098
   40   Q   0.103   0.040   0.091
   41   G   0.106   0.043   0.089
   42   A   0.102   0.039   0.085
   43   L   0.101   0.037   0.083
   44   V   0.105   0.034   0.082
   45   A   0.108   0.033   0.080
   46   I   0.099   0.024   0.074
   47   L   0.102   0.026   0.072
   48   V   0.102   0.031   0.069
   49   A   0.104   0.036   0.065
   50   V   0.108   0.029   0.063
   51   Y   0.099   0.031   0.059
   52   V   0.102   0.033   0.059
   53   S   0.102   0.036   0.059
   54   D   0.104   0.059   0.059
   55   F   0.101   0.053   0.060
   56   F   0.102   0.058   0.061
   57   K   0.102   0.083   0.062
   58   E   0.098   0.091   0.063
   59   R   0.101   0.094   0.067
   60   T   0.103   0.099   0.071
   61   S   0.105   0.102   0.076
   62   F   0.101   0.108   0.078
   63   K   0.101   0.109   0.081
   64   E   0.100   0.110   0.084
   65   R   0.103   0.109   0.088
   66   K   0.105   0.108   0.093
   67   E   0.104   0.107   0.095
   68   E   0.104   0.108   0.098
   69   D   0.103   0.108   0.099
   70   S   0.103   0.107   0.101
# Measure  Position  Value    Cutoff   signal peptide?
  max. C    23       0.159
  max. Y    23       0.209
  max. S     2       0.400
  mean S     1-22    0.307
       D     1-22    0.248   0.500   NO
Name=PLPP1_HUMAN_TRANSMEM5	SP='NO' D=0.248 D-cutoff=0.500 Networks=SignalP-TM
