# SignalP-4.1 euk predictions
# Name=POPD2_HUMAN_TRANSMEM2	Length=70	Networks=SignalP-noTM
# pos  aa    C       S       Y
    1   A   0.103   0.941   0.311
    2   C   0.098   0.957   0.304
    3   G   0.103   0.964   0.312
    4   L   0.100   0.976   0.307
    5   D   0.104   0.985   0.314
    6   I   0.102   0.991   0.311
    7   V   0.100   0.987   0.308
    8   L   0.102   0.985   0.311
    9   W   0.102   0.975   0.312
   10   S   0.100   0.964   0.309
   11   F   0.099   0.957   0.308
   12   L   0.102   0.973   0.313
   13   L   0.097   0.983   0.304
   14   A   0.102   0.988   0.313
   15   V   0.112   0.985   0.328
   16   V   0.106   0.990   0.320
   17   C   0.103   0.982   0.315
   18   L   0.138   0.974   0.366
   19   L   0.157   0.945   0.390
   20   Q   0.138   0.893   0.365
   21   L   0.111   0.911   0.328
   22   A   0.133   0.848   0.359
   23   H   0.205   0.652   0.444
   24   L   0.109   0.807   0.321
   25   V   0.274   0.477   0.508
   26   Y   0.106   0.615   0.312
   27   R   0.106   0.651   0.310
   28   L   0.721   0.208   0.800
   29   R   0.101   0.267   0.293
   30   E   0.118   0.215   0.312
   31   D   0.130   0.113   0.319
   32   T   0.106   0.107   0.280
   33   L   0.111   0.102   0.280
   34   P   0.100   0.101   0.259
   35   E   0.112   0.087   0.266
   36   E   0.098   0.100   0.240
   37   F   0.099   0.094   0.232
   38   D   0.104   0.093   0.230
   39   L   0.101   0.090   0.217
   40   L   0.102   0.090   0.208
   41   Y   0.103   0.093   0.199
   42   K   0.105   0.088   0.191
   43   T   0.104   0.082   0.179
   44   L   0.102   0.094   0.167
   45   C   0.105   0.094   0.158
   46   L   0.103   0.085   0.148
   47   P   0.101   0.094   0.135
   48   L   0.096   0.087   0.124
   49   Q   0.098   0.079   0.117
   50   V   0.099   0.078   0.106
   51   P   0.100   0.086   0.103
   52   L   0.100   0.096   0.099
   53   Q   0.094   0.095   0.093
   54   T   0.101   0.099   0.096
   55   Y   0.096   0.102   0.094
   56   K   0.092   0.098   0.092
   57   E   0.103   0.108   0.097
   58   I   0.103   0.096   0.097
   59   V   0.098   0.098   0.095
   60   H   0.099   0.098   0.095
   61   C   0.100   0.100   0.096
   62   C   0.102   0.094   0.097
   63   E   0.097   0.097   0.095
   64   E   0.101   0.099   0.097
   65   Q   0.096   0.097   0.095
   66   V   0.104   0.097   0.099
   67   L   0.099   0.097   0.097
   68   T   0.106   0.097   0.100
   69   L   0.099   0.100   0.097
   70   A   0.109   0.102   0.102
# Measure  Position  Value    Cutoff   signal peptide?
  max. C    28       0.721
  max. Y    28       0.800
  max. S     6       0.991
  mean S     1-27    0.902
       D     1-27    0.855   0.450   YES
Name=POPD2_HUMAN_TRANSMEM2	SP='YES' Cleavage site between pos. 27 and 28: VYR-LR D=0.855 D-cutoff=0.450 Networks=SignalP-noTM
