# SignalP-4.1 euk predictions
# Name=PSYR_HUMAN_TRANSMEM2	Length=70	Networks=SignalP-TM
# pos  aa    C       S       Y
    1   E   0.101   0.390   0.199
    2   S   0.102   0.449   0.200
    3   E   0.101   0.427   0.199
    4   L   0.102   0.424   0.201
    5   G   0.102   0.370   0.202
    6   I   0.099   0.290   0.198
    7   Y   0.104   0.323   0.202
    8   L   0.103   0.273   0.200
    9   F   0.103   0.268   0.197
   10   S   0.102   0.216   0.194
   11   L   0.101   0.199   0.190
   12   S   0.103   0.203   0.188
   13   L   0.099   0.283   0.180
   14   S   0.102   0.273   0.181
   15   D   0.101   0.237   0.178
   16   L   0.102   0.300   0.176
   17   L   0.101   0.273   0.171
   18   Y   0.101   0.290   0.168
   19   A   0.103   0.333   0.167
   20   L   0.376   0.192   0.318
   21   T   0.101   0.185   0.163
   22   L   0.150   0.170   0.194
   23   P   0.098   0.203   0.155
   24   L   0.123   0.153   0.172
   25   W   0.100   0.310   0.153
   26   I   0.102   0.239   0.158
   27   D   0.106   0.175   0.161
   28   Y   0.101   0.143   0.155
   29   T   0.102   0.110   0.153
   30   W   0.104   0.106   0.151
   31   N   0.099   0.114   0.143
   32   K   0.276   0.094   0.232
   33   D   0.098   0.108   0.133
   34   N   0.101   0.112   0.129
   35   W   0.101   0.146   0.127
   36   T   0.103   0.146   0.127
   37   F   0.105   0.153   0.128
   38   S   0.103   0.111   0.125
   39   P   0.100   0.106   0.121
   40   A   0.104   0.088   0.118
   41   L   0.099   0.077   0.110
   42   C   0.106   0.064   0.111
   43   K   0.099   0.081   0.104
   44   G   0.104   0.083   0.106
   45   S   0.101   0.082   0.104
   46   A   0.104   0.093   0.104
   47   F   0.099   0.063   0.101
   48   L   0.103   0.062   0.102
   49   M   0.098   0.068   0.097
   50   Y   0.101   0.079   0.096
   51   M   0.103   0.089   0.094
   52   N   0.101   0.099   0.091
   53   F   0.101   0.112   0.090
   54   Y   0.101   0.134   0.091
   55   S   0.102   0.135   0.093
   56   S   0.100   0.146   0.094
   57   T   0.104   0.164   0.099
   58   A   0.104   0.139   0.102
   59   F   0.100   0.106   0.103
   60   L   0.104   0.116   0.105
   61   T   0.101   0.106   0.104
   62   C   0.104   0.083   0.107
   63   I   0.105   0.084   0.109
   64   A   0.100   0.076   0.107
   65   V   0.101   0.068   0.107
   66   D   0.104   0.103   0.108
   67   R   0.100   0.113   0.106
   68   Y   0.101   0.101   0.107
   69   L   0.101   0.106   0.106
   70   A   0.101   0.099   0.105
# Measure  Position  Value    Cutoff   signal peptide?
  max. C    20       0.376
  max. Y    20       0.318
  max. S     2       0.449
  mean S     1-19    0.306
       D     1-19    0.313   0.500   NO
Name=PSYR_HUMAN_TRANSMEM2	SP='NO' D=0.313 D-cutoff=0.500 Networks=SignalP-TM
