# SignalP-4.1 euk predictions
# Name=PTHD4_HUMAN_TRANSMEM2	Length=70	Networks=SignalP-TM
# pos  aa    C       S       Y
    1   D   0.102   0.492   0.224
    2   F   0.102   0.551   0.224
    3   H   0.101   0.499   0.224
    4   K   0.102   0.493   0.225
    5   T   0.101   0.418   0.225
    6   S   0.102   0.433   0.224
    7   I   0.103   0.438   0.224
    8   L   0.103   0.503   0.223
    9   A   0.101   0.656   0.221
   10   R   0.094   0.565   0.216
   11   S   0.104   0.588   0.229
   12   K   0.100   0.665   0.225
   13   V   0.104   0.658   0.233
   14   L   0.101   0.563   0.232
   15   V   0.101   0.476   0.233
   16   S   0.101   0.548   0.233
   17   L   0.103   0.503   0.235
   18   V   0.101   0.542   0.232
   19   L   0.100   0.544   0.233
   20   I   0.103   0.557   0.238
   21   L   0.101   0.489   0.237
   22   T   0.105   0.572   0.243
   23   T   0.107   0.575   0.246
   24   A   0.108   0.611   0.246
   25   T   0.119   0.503   0.259
   26   L   0.125   0.411   0.264
   27   S   0.112   0.423   0.245
   28   S   0.198   0.288   0.322
   29   S   0.157   0.270   0.281
   30   M   0.294   0.138   0.379
   31   K   0.119   0.115   0.234
   32   D   0.109   0.079   0.217
   33   C   0.103   0.085   0.202
   34   L   0.108   0.089   0.198
   35   R   0.102   0.098   0.184
   36   S   0.112   0.099   0.184
   37   K   0.133   0.093   0.189
   38   P   0.101   0.115   0.155
   39   F   0.104   0.103   0.145
   40   L   0.104   0.052   0.134
   41   G   0.105   0.048   0.124
   42   L   0.099   0.050   0.109
   43   L   0.107   0.037   0.105
   44   G   0.104   0.041   0.095
   45   V   0.102   0.038   0.090
   46   L   0.102   0.033   0.086
   47   T   0.105   0.034   0.086
   48   V   0.102   0.036   0.082
   49   C   0.100   0.038   0.079
   50   I   0.100   0.025   0.076
   51   S   0.098   0.022   0.072
   52   I   0.103   0.024   0.070
   53   I   0.100   0.023   0.064
   54   T   0.100   0.039   0.060
   55   A   0.101   0.047   0.059
   56   A   0.126   0.049   0.066
   57   G   0.105   0.039   0.060
   58   I   0.109   0.045   0.062
   59   F   0.101   0.049   0.060
   60   F   0.104   0.048   0.061
   61   I   0.104   0.060   0.062
   62   T   0.101   0.077   0.063
   63   D   0.106   0.073   0.066
   64   G   0.102   0.076   0.067
   65   K   0.104   0.077   0.071
   66   Y   0.102   0.089   0.073
   67   N   0.100   0.094   0.075
   68   S   0.100   0.091   0.079
   69   T   0.097   0.094   0.080
   70   L   0.105   0.096   0.085
# Measure  Position  Value    Cutoff   signal peptide?
  max. C    30       0.294
  max. Y    30       0.379
  max. S    12       0.665
  mean S     1-29    0.512
       D     1-29    0.432   0.500   NO
Name=PTHD4_HUMAN_TRANSMEM2	SP='NO' D=0.432 D-cutoff=0.500 Networks=SignalP-TM
