# SignalP-4.1 euk predictions
# Name=PTTG_HUMAN_TRANSMEM1	Length=70	Networks=SignalP-TM
# pos  aa    C       S       Y
    1   W   0.100   0.489   0.221
    2   V   0.101   0.457   0.222
    3   N   0.101   0.485   0.222
    4   F   0.103   0.439   0.224
    5   E   0.101   0.458   0.220
    6   A   0.104   0.466   0.223
    7   L   0.098   0.462   0.217
    8   I   0.104   0.571   0.223
    9   I   0.100   0.627   0.219
   10   T   0.102   0.652   0.225
   11   M   0.102   0.620   0.227
   12   S   0.103   0.555   0.230
   13   V   0.101   0.479   0.229
   14   V   0.099   0.449   0.227
   15   G   0.102   0.459   0.229
   16   G   0.113   0.357   0.240
   17   T   0.127   0.325   0.253
   18   L   0.110   0.333   0.234
   19   L   0.104   0.387   0.225
   20   L   0.155   0.231   0.273
   21   G   0.104   0.175   0.220
   22   I   0.114   0.140   0.225
   23   A   0.106   0.150   0.210
   24   I   0.138   0.132   0.229
   25   C   0.106   0.140   0.191
   26   C   0.122   0.126   0.194
   27   C   0.102   0.123   0.169
   28   C   0.130   0.098   0.181
   29   C   0.128   0.094   0.170
   30   C   0.126   0.090   0.159
   31   R   0.123   0.136   0.150
   32   R   0.107   0.142   0.134
   33   K   0.113   0.117   0.132
   34   R   0.101   0.148   0.117
   35   S   0.105   0.145   0.116
   36   R   0.157   0.117   0.141
   37   K   0.107   0.121   0.116
   38   P   0.102   0.124   0.112
   39   D   0.103   0.122   0.112
   40   R   0.104   0.115   0.112
   41   S   0.103   0.113   0.111
   42   E   0.100   0.119   0.109
   43   E   0.100   0.121   0.110
   44   K   0.101   0.112   0.112
   45   A   0.103   0.111   0.114
   46   M   0.100   0.107   0.111
   47   R   0.104   0.108   0.112
   48   E   0.103   0.111   0.112
   49   R   0.105   0.111   0.111
   50   E   0.105   0.111   0.110
   51   E   0.102   0.112   0.108
   52   R   0.103   0.112   0.108
   53   R   0.105   0.112   0.109
   54   I   0.104   0.112   0.108
   55   R   0.105   0.109   0.108
   56   Q   0.105   0.107   0.108
   57   E   0.105   0.106   0.108
   58   E   0.103   0.109   0.107
   59   R   0.104   0.109   0.107
   60   R   0.105   0.109   0.107
   61   A   0.106   0.108   0.108
   62   E   0.098   0.109   0.104
   63   M   0.105   0.108   0.107
   64   K   0.103   0.107   0.106
   65   T   0.105   0.105   0.107
   66   R   0.103   0.106   0.106
   67   H   0.106   0.105   0.107
   68   D   0.104   0.105   0.106
   69   E   0.103   0.106   0.105
   70   I   0.103   0.106   0.105
# Measure  Position  Value    Cutoff   signal peptide?
  max. C    36       0.157
  max. Y    20       0.273
  max. S    10       0.652
  mean S     1-19    0.477
       D     1-19    0.355   0.500   NO
Name=PTTG_HUMAN_TRANSMEM1	SP='NO' D=0.355 D-cutoff=0.500 Networks=SignalP-TM
