# SignalP-4.1 euk predictions
# Name=PXMP2_HUMAN_TRANSMEM1	Length=70	Networks=SignalP-TM
# pos  aa    C       S       Y
    1   L   0.102   0.504   0.226
    2   L   0.103   0.438   0.228
    3   F   0.102   0.406   0.226
    4   L   0.103   0.390   0.226
    5   R   0.104   0.340   0.224
    6   L   0.103   0.430   0.221
    7   Y   0.104   0.422   0.220
    8   P   0.102   0.442   0.217
    9   V   0.102   0.393   0.216
   10   L   0.100   0.320   0.211
   11   T   0.101   0.440   0.210
   12   K   0.104   0.477   0.211
   13   A   0.102   0.393   0.209
   14   A   0.143   0.239   0.245
   15   T   0.098   0.246   0.199
   16   S   0.110   0.210   0.206
   17   G   0.115   0.175   0.205
   18   I   0.123   0.171   0.208
   19   L   0.101   0.200   0.184
   20   S   0.102   0.183   0.182
   21   A   0.113   0.145   0.187
   22   L   0.116   0.097   0.183
   23   G   0.103   0.101   0.165
   24   N   0.105   0.091   0.159
   25   F   0.104   0.090   0.153
   26   L   0.105   0.093   0.145
   27   A   0.105   0.111   0.135
   28   Q   0.107   0.079   0.128
   29   M   0.102   0.087   0.120
   30   I   0.106   0.087   0.118
   31   E   0.101   0.114   0.111
   32   K   0.101   0.123   0.109
   33   K   0.106   0.109   0.110
   34   R   0.100   0.113   0.104
   35   K   0.101   0.100   0.102
   36   K   0.106   0.100   0.103
   37   E   0.101   0.102   0.100
   38   N   0.103   0.098   0.102
   39   S   0.102   0.085   0.101
   40   R   0.102   0.100   0.101
   41   S   0.104   0.081   0.102
   42   L   0.101   0.083   0.100
   43   D   0.102   0.079   0.101
   44   V   0.104   0.053   0.101
   45   G   0.105   0.049   0.100
   46   G   0.103   0.041   0.097
   47   P   0.101   0.041   0.093
   48   L   0.106   0.032   0.092
   49   R   0.102   0.043   0.087
   50   Y   0.102   0.035   0.085
   51   A   0.102   0.038   0.082
   52   V   0.097   0.063   0.077
   53   Y   0.105   0.064   0.079
   54   G   0.102   0.083   0.076
   55   F   0.099   0.084   0.074
   56   F   0.106   0.110   0.077
   57   F   0.103   0.122   0.077
   58   T   0.102   0.109   0.079
   59   G   0.104   0.093   0.082
   60   P   0.103   0.074   0.084
   61   L   0.106   0.070   0.086
   62   S   0.105   0.093   0.087
   63   H   0.100   0.109   0.088
   64   F   0.100   0.101   0.091
   65   F   0.100   0.093   0.093
   66   Y   0.102   0.087   0.096
   67   F   0.102   0.089   0.097
   68   F   0.102   0.111   0.098
   69   M   0.102   0.092   0.099
   70   E   0.102   0.090   0.099
# Measure  Position  Value    Cutoff   signal peptide?
  max. C    14       0.143
  max. Y    14       0.245
  max. S     1       0.504
  mean S     1-13    0.415
       D     1-13    0.313   0.500   NO
Name=PXMP2_HUMAN_TRANSMEM1	SP='NO' D=0.313 D-cutoff=0.500 Networks=SignalP-TM
