# SignalP-4.1 euk predictions
# Name=RHBD3_HUMAN_TRANSMEM4	Length=70	Networks=SignalP-noTM
# pos  aa    C       S       Y
    1   P   0.102   0.946   0.310
    2   R   0.102   0.926   0.311
    3   R   0.105   0.938   0.316
    4   P   0.105   0.946   0.316
    5   R   0.103   0.924   0.312
    6   G   0.108   0.906   0.320
    7   A   0.100   0.891   0.308
    8   L   0.099   0.911   0.304
    9   P   0.105   0.925   0.314
   10   P   0.101   0.939   0.307
   11   W   0.107   0.932   0.317
   12   L   0.107   0.924   0.316
   13   S   0.104   0.923   0.312
   14   P   0.100   0.886   0.306
   15   W   0.102   0.918   0.308
   16   L   0.104   0.910   0.310
   17   L   0.103   0.848   0.309
   18   L   0.104   0.878   0.309
   19   A   0.102   0.826   0.307
   20   L   0.137   0.699   0.354
   21   T   0.107   0.701   0.311
   22   P   0.101   0.736   0.300
   23   L   0.105   0.791   0.305
   24   L   0.101   0.786   0.298
   25   S   0.100   0.871   0.295
   26   S   0.296   0.760   0.506
   27   E   0.698   0.346   0.774
   28   P   0.118   0.189   0.313
   29   P   0.108   0.193   0.294
   30   F   0.102   0.242   0.280
   31   L   0.101   0.259   0.273
   32   Q   0.102   0.207   0.269
   33   L   0.106   0.197   0.267
   34   L   0.107   0.236   0.261
   35   C   0.102   0.293   0.249
   36   G   0.109   0.233   0.251
   37   L   0.104   0.225   0.240
   38   L   0.104   0.335   0.233
   39   A   0.103   0.545   0.226
   40   G   0.100   0.322   0.219
   41   L   0.099   0.501   0.212
   42   A   0.103   0.686   0.213
   43   Y   0.107   0.415   0.217
   44   A   0.103   0.606   0.209
   45   A   0.176   0.211   0.271
   46   G   0.102   0.291   0.200
   47   A   0.162   0.195   0.245
   48   F   0.220   0.124   0.273
   49   R   0.105   0.154   0.181
   50   W   0.131   0.118   0.199
   51   L   0.102   0.106   0.175
   52   E   0.104   0.105   0.176
   53   P   0.101   0.106   0.171
   54   S   0.107   0.113   0.174
   55   E   0.105   0.111   0.171
   56   R   0.102   0.120   0.168
   57   R   0.108   0.108   0.170
   58   L   0.103   0.102   0.164
   59   Q   0.103   0.102   0.162
   60   V   0.104   0.103   0.161
   61   L   0.107   0.103   0.160
   62   Q   0.105   0.103   0.152
   63   E   0.101   0.096   0.145
   64   G   0.110   0.096   0.144
   65   V   0.102   0.095   0.129
   66   L   0.103   0.092   0.124
   67   C   0.101   0.094   0.112
   68   R   0.094   0.095   0.106
   69   T   0.106   0.094   0.109
   70   L   0.104   0.094   0.105
# Measure  Position  Value    Cutoff   signal peptide?
  max. C    27       0.698
  max. Y    27       0.774
  max. S     1       0.946
  mean S     1-26    0.871
       D     1-26    0.826   0.450   YES
Name=RHBD3_HUMAN_TRANSMEM4	SP='YES' Cleavage site between pos. 26 and 27: LSS-EP D=0.826 D-cutoff=0.450 Networks=SignalP-noTM
