# SignalP-4.1 euk predictions
# Name=RHCE_HUMAN_TRANSMEM2	Length=70	Networks=SignalP-TM
# pos  aa    C       S       Y
    1   E   0.101   0.102   0.101
    2   D   0.103   0.116   0.102
    3   Q   0.101   0.118   0.102
    4   K   0.102   0.153   0.103
    5   G   0.102   0.123   0.105
    6   L   0.100   0.112   0.104
    7   V   0.105   0.135   0.107
    8   A   0.103   0.136   0.107
    9   S   0.099   0.142   0.106
   10   Y   0.098   0.094   0.107
   11   Q   0.102   0.101   0.109
   12   V   0.105   0.085   0.111
   13   G   0.100   0.083   0.107
   14   Q   0.099   0.103   0.106
   15   D   0.100   0.086   0.107
   16   L   0.102   0.065   0.107
   17   T   0.101   0.063   0.105
   18   V   0.099   0.078   0.102
   19   M   0.104   0.111   0.102
   20   A   0.105   0.126   0.102
   21   A   0.104   0.112   0.102
   22   L   0.104   0.118   0.101
   23   G   0.104   0.076   0.101
   24   L   0.106   0.083   0.099
   25   G   0.106   0.118   0.099
   26   F   0.105   0.081   0.099
   27   L   0.105   0.124   0.099
   28   T   0.106   0.116   0.101
   29   S   0.106   0.092   0.101
   30   N   0.106   0.113   0.102
   31   F   0.102   0.155   0.101
   32   R   0.104   0.130   0.106
   33   R   0.105   0.169   0.108
   34   H   0.104   0.153   0.110
   35   S   0.101   0.131   0.109
   36   W   0.102   0.084   0.110
   37   S   0.100   0.129   0.108
   38   S   0.113   0.189   0.116
   39   V   0.101   0.124   0.113
   40   A   0.101   0.079   0.113
   41   F   0.101   0.125   0.113
   42   N   0.101   0.133   0.114
   43   L   0.102   0.094   0.115
   44   F   0.105   0.097   0.116
   45   M   0.104   0.097   0.115
   46   L   0.105   0.096   0.114
   47   A   0.105   0.104   0.113
   48   L   0.101   0.102   0.108
   49   G   0.109   0.129   0.111
   50   V   0.123   0.090   0.118
   51   Q   0.104   0.155   0.109
   52   W   0.106   0.147   0.110
   53   A   0.112   0.120   0.112
   54   I   0.105   0.156   0.108
   55   L   0.103   0.217   0.110
   56   L   0.101   0.201   0.112
   57   D   0.104   0.243   0.116
   58   G   0.102   0.217   0.119
   59   F   0.103   0.195   0.123
   60   L   0.103   0.205   0.126
   61   S   0.104   0.198   0.130
   62   Q   0.107   0.156   0.134
   63   F   0.101   0.168   0.132
   64   P   0.100   0.154   0.133
   65   P   0.102   0.147   0.136
   66   G   0.103   0.146   0.136
   67   K   0.098   0.125   0.133
   68   V   0.103   0.115   0.136
   69   V   0.099   0.106   0.132
   70   I   0.101   0.101   0.131
# Measure  Position  Value    Cutoff   signal peptide?
  max. C    50       0.123
  max. Y    66       0.136
  max. S    57       0.243
  mean S     1-65    0.127
       D     1-65    0.133   0.500   NO
Name=RHCE_HUMAN_TRANSMEM2	SP='NO' D=0.133 D-cutoff=0.500 Networks=SignalP-TM
