# SignalP-4.1 euk predictions
# Name=RN121_HUMAN_TRANSMEM4	Length=70	Networks=SignalP-TM
# pos  aa    C       S       Y
    1   Y   0.101   0.220   0.149
    2   K   0.101   0.285   0.149
    3   I   0.101   0.289   0.151
    4   S   0.102   0.340   0.153
    5   Y   0.103   0.315   0.156
    6   A   0.101   0.251   0.157
    7   T   0.099   0.179   0.157
    8   G   0.104   0.158   0.160
    9   I   0.099   0.125   0.154
   10   V   0.102   0.160   0.154
   11   G   0.103   0.208   0.154
   12   Y   0.099   0.227   0.150
   13   M   0.101   0.255   0.152
   14   A   0.104   0.217   0.155
   15   V   0.100   0.252   0.152
   16   M   0.101   0.220   0.153
   17   F   0.101   0.186   0.152
   18   T   0.104   0.156   0.152
   19   L   0.108   0.153   0.150
   20   F   0.102   0.122   0.141
   21   G   0.103   0.093   0.139
   22   L   0.107   0.107   0.139
   23   N   0.104   0.117   0.136
   24   L   0.107   0.244   0.137
   25   L   0.105   0.260   0.139
   26   F   0.115   0.245   0.147
   27   K   0.104   0.243   0.140
   28   I   0.103   0.199   0.139
   29   K   0.101   0.132   0.137
   30   P   0.102   0.137   0.134
   31   E   0.131   0.125   0.150
   32   D   0.099   0.132   0.128
   33   A   0.099   0.098   0.128
   34   M   0.289   0.069   0.216
   35   D   0.097   0.060   0.123
   36   F   0.102   0.054   0.125
   37   G   0.104   0.040   0.125
   38   I   0.099   0.063   0.120
   39   S   0.103   0.076   0.117
   40   L   0.101   0.092   0.110
   41   L   0.102   0.091   0.105
   42   F   0.101   0.078   0.099
   43   Y   0.104   0.076   0.096
   44   G   0.105   0.099   0.095
   45   L   0.099   0.086   0.090
   46   Y   0.104   0.078   0.091
   47   Y   0.102   0.068   0.088
   48   G   0.100   0.079   0.086
   49   V   0.099   0.064   0.086
   50   L   0.103   0.081   0.087
   51   E   0.100   0.125   0.087
   52   R   0.101   0.125   0.091
   53   D   0.105   0.120   0.095
   54   F   0.103   0.117   0.096
   55   A   0.101   0.097   0.097
   56   E   0.100   0.095   0.096
   57   M   0.101   0.092   0.097
   58   C   0.103   0.085   0.099
   59   A   0.104   0.090   0.099
   60   D   0.097   0.086   0.096
   61   Y   0.103   0.091   0.099
   62   M   0.101   0.084   0.099
   63   A   0.103   0.081   0.100
   64   S   0.100   0.086   0.099
   65   T   0.103   0.093   0.100
   66   I   0.103   0.081   0.099
   67   G   0.106   0.090   0.099
   68   F   0.099   0.095   0.095
   69   Y   0.102   0.096   0.095
   70   S   0.103   0.099   0.096
# Measure  Position  Value    Cutoff   signal peptide?
  max. C    34       0.289
  max. Y    34       0.216
  max. S     4       0.340
  mean S     1-33    0.195
       D     1-33    0.208   0.500   NO
Name=RN121_HUMAN_TRANSMEM4	SP='NO' D=0.208 D-cutoff=0.500 Networks=SignalP-TM
