# SignalP-4.1 euk predictions
# Name=S12A1_HUMAN_TRANSMEM2	Length=70	Networks=SignalP-TM
# pos  aa    C       S       Y
    1   F   0.102   0.342   0.187
    2   I   0.103   0.381   0.187
    3   R   0.102   0.348   0.188
    4   L   0.104   0.348   0.189
    5   S   0.102   0.246   0.188
    6   W   0.100   0.176   0.184
    7   I   0.103   0.159   0.184
    8   V   0.100   0.136   0.177
    9   G   0.103   0.114   0.176
   10   E   0.100   0.132   0.168
   11   A   0.101   0.201   0.165
   12   G   0.101   0.091   0.161
   13   I   0.100   0.088   0.155
   14   G   0.096   0.141   0.146
   15   L   0.101   0.122   0.145
   16   G   0.104   0.172   0.141
   17   V   0.132   0.120   0.153
   18   L   0.103   0.132   0.129
   19   I   0.106   0.106   0.124
   20   I   0.103   0.122   0.118
   21   L   0.103   0.118   0.116
   22   L   0.104   0.144   0.115
   23   S   0.103   0.164   0.115
   24   T   0.103   0.160   0.117
   25   M   0.106   0.144   0.119
   26   V   0.101   0.211   0.115
   27   T   0.104   0.295   0.120
   28   S   0.111   0.339   0.130
   29   I   0.186   0.297   0.176
   30   T   0.114   0.253   0.143
   31   G   0.115   0.240   0.146
   32   L   0.317   0.157   0.248
   33   S   0.108   0.162   0.145
   34   T   0.109   0.149   0.148
   35   S   0.115   0.110   0.153
   36   A   0.126   0.108   0.159
   37   I   0.105   0.133   0.145
   38   A   0.105   0.132   0.144
   39   T   0.110   0.116   0.146
   40   N   0.106   0.111   0.143
   41   G   0.102   0.101   0.138
   42   F   0.104   0.084   0.134
   43   V   0.104   0.089   0.127
   44   R   0.099   0.103   0.118
   45   G   0.106   0.108   0.117
   46   G   0.102   0.096   0.110
   47   G   0.106   0.090   0.110
   48   A   0.104   0.098   0.106
   49   Y   0.112   0.092   0.109
   50   Y   0.103   0.082   0.104
   51   L   0.100   0.078   0.101
   52   I   0.106   0.079   0.102
   53   S   0.105   0.095   0.100
   54   R   0.100   0.106   0.097
   55   S   0.105   0.115   0.099
   56   L   0.102   0.094   0.098
   57   G   0.103   0.107   0.099
   58   P   0.100   0.129   0.098
   59   E   0.105   0.115   0.101
   60   F   0.105   0.099   0.102
   61   G   0.104   0.099   0.101
   62   G   0.100   0.117   0.100
   63   S   0.101   0.112   0.101
   64   I   0.102   0.083   0.102
   65   G   0.104   0.095   0.103
   66   L   0.095   0.093   0.099
   67   I   0.104   0.103   0.104
   68   F   0.105   0.112   0.105
   69   A   0.107   0.098   0.106
   70   F   0.099   0.095   0.102
# Measure  Position  Value    Cutoff   signal peptide?
  max. C    32       0.317
  max. Y    32       0.248
  max. S     2       0.381
  mean S     1-31    0.195
       D     1-31    0.227   0.500   NO
Name=S12A1_HUMAN_TRANSMEM2	SP='NO' D=0.227 D-cutoff=0.500 Networks=SignalP-TM
