# SignalP-4.1 euk predictions
# Name=S12A2_HUMAN_TRANSMEM9	Length=70	Networks=SignalP-TM
# pos  aa    C       S       Y
    1   N   0.101   0.397   0.200
    2   E   0.102   0.407   0.201
    3   P   0.103   0.466   0.202
    4   L   0.103   0.413   0.204
    5   R   0.104   0.413   0.205
    6   G   0.103   0.331   0.204
    7   Y   0.100   0.325   0.200
    8   I   0.103   0.387   0.202
    9   L   0.103   0.294   0.202
   10   T   0.103   0.204   0.200
   11   F   0.100   0.208   0.193
   12   L   0.106   0.226   0.195
   13   I   0.105   0.166   0.191
   14   A   0.103   0.156   0.184
   15   L   0.098   0.157   0.175
   16   G   0.103   0.163   0.175
   17   F   0.099   0.192   0.166
   18   I   0.104   0.146   0.164
   19   L   0.102   0.129   0.156
   20   I   0.101   0.103   0.149
   21   A   0.125   0.042   0.159
   22   E   0.110   0.054   0.142
   23   L   0.107   0.061   0.131
   24   N   0.147   0.052   0.145
   25   V   0.102   0.060   0.116
   26   I   0.107   0.059   0.114
   27   A   0.115   0.068   0.112
   28   P   0.109   0.098   0.106
   29   I   0.126   0.101   0.111
   30   I   0.100   0.097   0.097
   31   S   0.099   0.110   0.095
   32   N   0.116   0.123   0.099
   33   F   0.102   0.128   0.092
   34   F   0.101   0.130   0.091
   35   L   0.103   0.151   0.093
   36   A   0.101   0.150   0.097
   37   S   0.100   0.162   0.100
   38   Y   0.105   0.164   0.106
   39   A   0.100   0.151   0.107
   40   L   0.115   0.093   0.118
   41   I   0.104   0.095   0.113
   42   N   0.099   0.104   0.111
   43   F   0.101   0.094   0.113
   44   S   0.104   0.115   0.114
   45   V   0.102   0.126   0.113
   46   F   0.102   0.137   0.114
   47   H   0.101   0.186   0.114
   48   A   0.098   0.192   0.114
   49   S   0.108   0.157   0.122
   50   L   0.102   0.182   0.119
   51   A   0.103   0.159   0.120
   52   K   0.159   0.129   0.149
   53   S   0.103   0.126   0.119
   54   P   0.100   0.124   0.117
   55   G   0.105   0.123   0.120
   56   W   0.104   0.124   0.121
   57   R   0.100   0.121   0.119
   58   P   0.102   0.122   0.121
   59   A   0.104   0.138   0.122
   60   F   0.095   0.135   0.117
   61   K   0.106   0.149   0.124
   62   Y   0.100   0.129   0.119
   63   Y   0.105   0.125   0.120
   64   N   0.103   0.117   0.118
   65   M   0.105   0.120   0.117
   66   W   0.102   0.122   0.114
   67   I   0.104   0.114   0.115
   68   S   0.105   0.112   0.115
   69   L   0.104   0.102   0.114
   70   L   0.103   0.098   0.113
# Measure  Position  Value    Cutoff   signal peptide?
  max. C    52       0.159
  max. Y    12       0.195
  max. S     3       0.466
  mean S     1-11    0.349
       D     1-11    0.257   0.500   NO
Name=S12A2_HUMAN_TRANSMEM9	SP='NO' D=0.257 D-cutoff=0.500 Networks=SignalP-TM
