# SignalP-4.1 euk predictions
# Name=S13A4_HUMAN_TRANSMEM4	Length=70	Networks=SignalP-noTM
# pos  aa    C       S       Y
    1   I   0.104   0.826   0.294
    2   A   0.104   0.852   0.292
    3   L   0.097   0.911   0.283
    4   R   0.102   0.919   0.290
    5   M   0.104   0.912   0.294
    6   V   0.104   0.931   0.295
    7   L   0.102   0.949   0.293
    8   M   0.107   0.959   0.301
    9   A   0.104   0.943   0.298
   10   G   0.101   0.955   0.295
   11   A   0.101   0.959   0.296
   12   K   0.105   0.966   0.303
   13   P   0.102   0.966   0.300
   14   G   0.100   0.973   0.297
   15   M   0.099   0.947   0.297
   16   L   0.107   0.936   0.309
   17   L   0.112   0.944   0.319
   18   L   0.113   0.927   0.321
   19   C   0.110   0.896   0.317
   20   F   0.108   0.885   0.315
   21   M   0.109   0.801   0.316
   22   C   0.108   0.882   0.315
   23   C   0.104   0.876   0.309
   24   T   0.102   0.947   0.306
   25   T   0.103   0.950   0.309
   26   L   0.118   0.905   0.331
   27   L   0.110   0.894   0.319
   28   S   0.111   0.927   0.321
   29   M   0.138   0.886   0.358
   30   W   0.131   0.787   0.347
   31   L   0.130   0.682   0.345
   32   S   0.111   0.596   0.317
   33   N   0.120   0.484   0.326
   34   T   0.101   0.628   0.295
   35   S   0.133   0.542   0.336
   36   T   0.120   0.271   0.316
   37   T   0.171   0.213   0.370
   38   A   0.150   0.251   0.339
   39   M   0.187   0.204   0.371
   40   V   0.110   0.183   0.277
   41   M   0.106   0.176   0.266
   42   P   0.100   0.151   0.252
   43   I   0.107   0.156   0.254
   44   V   0.103   0.183   0.243
   45   E   0.108   0.281   0.242
   46   A   0.102   0.311   0.228
   47   V   0.152   0.162   0.271
   48   L   0.103   0.238   0.215
   49   Q   0.107   0.168   0.212
   50   E   0.113   0.143   0.209
   51   L   0.105   0.135   0.192
   52   V   0.104   0.122   0.181
   53   S   0.105   0.139   0.173
   54   A   0.106   0.132   0.167
   55   E   0.185   0.115   0.211
   56   D   0.105   0.107   0.153
   57   E   0.102   0.107   0.143
   58   Q   0.097   0.101   0.132
   59   L   0.102   0.102   0.132
   60   V   0.099   0.103   0.128
   61   A   0.098   0.106   0.125
   62   G   0.101   0.110   0.125
   63   N   0.108   0.113   0.128
   64   S   0.104   0.113   0.125
   65   N   0.105   0.107   0.124
   66   T   0.099   0.110   0.120
   67   E   0.100   0.113   0.119
   68   E   0.106   0.112   0.119
   69   A   0.105   0.110   0.114
   70   E   0.098   0.110   0.110
# Measure  Position  Value    Cutoff   signal peptide?
  max. C    39       0.187
  max. Y    39       0.371
  max. S    14       0.973
  mean S     1-38    0.818
       D     1-38    0.612   0.450   YES
Name=S13A4_HUMAN_TRANSMEM4	SP='YES' Cleavage site between pos. 38 and 39: TTA-MV D=0.612 D-cutoff=0.450 Networks=SignalP-noTM
