# SignalP-4.1 euk predictions
# Name=S15A3_HUMAN_TRANSMEM10	Length=70	Networks=SignalP-noTM
# pos  aa    C       S       Y
    1   A   0.105   0.444   0.216
    2   A   0.101   0.364   0.212
    3   P   0.098   0.406   0.208
    4   L   0.102   0.409   0.212
    5   S   0.104   0.449   0.213
    6   I   0.102   0.354   0.212
    7   W   0.099   0.341   0.207
    8   W   0.100   0.377   0.207
    9   Q   0.099   0.372   0.205
   10   I   0.105   0.322   0.210
   11   P   0.102   0.305   0.206
   12   Q   0.103   0.308   0.206
   13   Y   0.098   0.339   0.199
   14   L   0.099   0.354   0.199
   15   L   0.101   0.384   0.200
   16   I   0.099   0.348   0.198
   17   G   0.103   0.370   0.200
   18   I   0.106   0.365   0.202
   19   S   0.103   0.345   0.198
   20   E   0.117   0.245   0.210
   21   I   0.104   0.209   0.195
   22   F   0.103   0.202   0.191
   23   A   0.100   0.289   0.186
   24   S   0.285   0.121   0.311
   25   I   0.105   0.147   0.186
   26   P   0.099   0.154   0.177
   27   G   0.106   0.166   0.179
   28   L   0.118   0.137   0.185
   29   E   0.099   0.152   0.167
   30   F   0.101   0.218   0.166
   31   A   0.115   0.165   0.175
   32   Y   0.121   0.124   0.176
   33   S   0.110   0.155   0.165
   34   E   0.119   0.136   0.170
   35   A   0.104   0.154   0.155
   36   P   0.105   0.147   0.154
   37   R   0.096   0.178   0.144
   38   S   0.102   0.212   0.145
   39   M   0.103   0.176   0.144
   40   Q   0.103   0.172   0.140
   41   G   0.104   0.202   0.138
   42   A   0.109   0.152   0.138
   43   I   0.102   0.180   0.132
   44   M   0.102   0.161   0.132
   45   G   0.102   0.201   0.131
   46   I   0.102   0.200   0.129
   47   F   0.105   0.190   0.133
   48   F   0.105   0.176   0.133
   49   C   0.104   0.222   0.133
   50   L   0.103   0.251   0.133
   51   S   0.108   0.218   0.139
   52   G   0.102   0.158   0.136
   53   V   0.101   0.230   0.135
   54   G   0.101   0.197   0.136
   55   S   0.111   0.195   0.143
   56   L   0.112   0.139   0.145
   57   L   0.102   0.136   0.138
   58   G   0.102   0.138   0.138
   59   S   0.132   0.146   0.156
   60   S   0.104   0.117   0.138
   61   L   0.104   0.106   0.137
   62   V   0.103   0.105   0.135
   63   A   0.097   0.100   0.130
   64   L   0.098   0.097   0.129
   65   L   0.101   0.096   0.130
   66   S   0.102   0.095   0.129
   67   L   0.103   0.099   0.128
   68   P   0.100   0.104   0.125
   69   G   0.104   0.101   0.125
   70   G   0.105   0.103   0.124
# Measure  Position  Value    Cutoff   signal peptide?
  max. C    24       0.285
  max. Y    24       0.311
  max. S     5       0.449
  mean S     1-23    0.344
       D     1-23    0.329   0.450   NO
Name=S15A3_HUMAN_TRANSMEM10	SP='NO' D=0.329 D-cutoff=0.450 Networks=SignalP-noTM
