# SignalP-4.1 euk predictions
# Name=S19A1_HUMAN_TRANSMEM2	Length=70	Networks=SignalP-TM
# pos  aa    C       S       Y
    1   N   0.101   0.418   0.206
    2   E   0.102   0.395   0.206
    3   I   0.101   0.359   0.205
    4   T   0.102   0.311   0.205
    5   P   0.104   0.271   0.205
    6   V   0.102   0.251   0.201
    7   L   0.102   0.179   0.197
    8   S   0.105   0.141   0.196
    9   Y   0.100   0.183   0.186
   10   S   0.101   0.155   0.183
   11   Y   0.101   0.105   0.177
   12   L   0.104   0.076   0.173
   13   A   0.103   0.070   0.164
   14   V   0.096   0.084   0.151
   15   L   0.104   0.071   0.150
   16   V   0.099   0.069   0.137
   17   P   0.100   0.101   0.129
   18   V   0.106   0.095   0.125
   19   F   0.099   0.106   0.114
   20   L   0.103   0.175   0.111
   21   L   0.104   0.129   0.109
   22   T   0.106   0.074   0.109
   23   D   0.112   0.041   0.110
   24   Y   0.103   0.038   0.100
   25   L   0.105   0.032   0.096
   26   R   0.103   0.041   0.092
   27   Y   0.107   0.055   0.093
   28   T   0.111   0.056   0.094
   29   P   0.101   0.032   0.088
   30   V   0.105   0.039   0.089
   31   L   0.103   0.039   0.086
   32   L   0.102   0.040   0.083
   33   L   0.110   0.033   0.084
   34   Q   0.107   0.023   0.079
   35   G   0.103   0.026   0.070
   36   L   0.099   0.021   0.064
   37   S   0.105   0.018   0.062
   38   F   0.101   0.022   0.060
   39   V   0.104   0.013   0.060
   40   S   0.097   0.014   0.056
   41   V   0.100   0.012   0.056
   42   W   0.100   0.013   0.053
   43   L   0.101   0.015   0.050
   44   L   0.102   0.025   0.049
   45   L   0.100   0.051   0.048
   46   L   0.101   0.049   0.049
   47   L   0.102   0.060   0.050
   48   G   0.104   0.082   0.052
   49   H   0.107   0.071   0.057
   50   S   0.105   0.111   0.059
   51   V   0.107   0.146   0.065
   52   A   0.101   0.188   0.070
   53   H   0.220   0.184   0.115
   54   M   0.112   0.182   0.091
   55   Q   0.140   0.125   0.109
   56   L   0.102   0.171   0.097
   57   M   0.102   0.196   0.103
   58   E   0.103   0.178   0.110
   59   L   0.101   0.186   0.114
   60   F   0.101   0.175   0.118
   61   Y   0.103   0.181   0.123
   62   S   0.103   0.167   0.126
   63   V   0.101   0.152   0.128
   64   T   0.105   0.158   0.133
   65   M   0.106   0.155   0.135
   66   A   0.101   0.157   0.131
   67   A   0.107   0.143   0.134
   68   R   0.099   0.115   0.128
   69   I   0.102   0.107   0.129
   70   A   0.103   0.099   0.129
# Measure  Position  Value    Cutoff   signal peptide?
  max. C    53       0.220
  max. Y    11       0.177
  max. S     1       0.418
  mean S     1-10    0.266
       D     1-10    0.213   0.500   NO
Name=S19A1_HUMAN_TRANSMEM2	SP='NO' D=0.213 D-cutoff=0.500 Networks=SignalP-TM
