# SignalP-4.1 euk predictions
# Name=S1PR1_HUMAN_TRANSMEM2	Length=70	Networks=SignalP-TM
# pos  aa    C       S       Y
    1   R   0.101   0.310   0.177
    2   P   0.103   0.329   0.179
    3   M   0.102   0.360   0.178
    4   Y   0.102   0.388   0.180
    5   Y   0.103   0.389   0.181
    6   F   0.100   0.353   0.180
    7   I   0.103   0.295   0.185
    8   G   0.103   0.336   0.184
    9   N   0.102   0.359   0.183
   10   L   0.104   0.354   0.186
   11   A   0.104   0.309   0.187
   12   L   0.098   0.296   0.181
   13   S   0.103   0.325   0.186
   14   D   0.099   0.291   0.183
   15   L   0.106   0.221   0.188
   16   L   0.105   0.251   0.186
   17   A   0.102   0.322   0.182
   18   G   0.137   0.216   0.210
   19   V   0.134   0.194   0.203
   20   A   0.098   0.216   0.170
   21   Y   0.107   0.188   0.174
   22   T   0.108   0.160   0.173
   23   A   0.199   0.130   0.230
   24   N   0.099   0.138   0.157
   25   L   0.104   0.152   0.156
   26   L   0.103   0.174   0.151
   27   L   0.104   0.188   0.149
   28   S   0.106   0.210   0.147
   29   G   0.108   0.196   0.146
   30   A   0.107   0.170   0.145
   31   T   0.116   0.150   0.148
   32   T   0.107   0.142   0.138
   33   Y   0.121   0.099   0.144
   34   K   0.102   0.115   0.130
   35   L   0.101   0.123   0.126
   36   T   0.100   0.115   0.124
   37   P   0.104   0.151   0.125
   38   A   0.107   0.144   0.127
   39   Q   0.108   0.102   0.128
   40   W   0.104   0.147   0.124
   41   F   0.102   0.147   0.122
   42   L   0.100   0.138   0.120
   43   R   0.101   0.106   0.118
   44   E   0.104   0.128   0.118
   45   G   0.105   0.102   0.116
   46   S   0.099   0.073   0.112
   47   M   0.105   0.066   0.113
   48   F   0.102   0.073   0.110
   49   V   0.102   0.046   0.108
   50   A   0.100   0.045   0.105
   51   L   0.100   0.060   0.102
   52   S   0.103   0.083   0.101
   53   A   0.104   0.079   0.099
   54   S   0.102   0.072   0.097
   55   V   0.100   0.070   0.093
   56   F   0.100   0.066   0.090
   57   S   0.103   0.064   0.089
   58   L   0.103   0.078   0.087
   59   L   0.104   0.065   0.085
   60   A   0.104   0.076   0.084
   61   I   0.101   0.100   0.083
   62   A   0.104   0.081   0.085
   63   I   0.103   0.074   0.085
   64   E   0.105   0.118   0.087
   65   R   0.098   0.143   0.087
   66   Y   0.101   0.128   0.092
   67   I   0.101   0.159   0.093
   68   T   0.099   0.137   0.096
   69   M   0.103   0.123   0.100
   70   L   0.103   0.111   0.102
# Measure  Position  Value    Cutoff   signal peptide?
  max. C    23       0.199
  max. Y    23       0.230
  max. S     5       0.389
  mean S     1-22    0.294
       D     1-22    0.255   0.500   NO
Name=S1PR1_HUMAN_TRANSMEM2	SP='NO' D=0.255 D-cutoff=0.500 Networks=SignalP-TM
