# SignalP-4.1 euk predictions
# Name=S20A2_HUMAN_TRANSMEM9	Length=70	Networks=SignalP-TM
# pos  aa    C       S       Y
    1   V   0.102   0.267   0.165
    2   T   0.103   0.236   0.166
    3   Q   0.103   0.327   0.165
    4   E   0.102   0.235   0.166
    5   A   0.103   0.220   0.166
    6   A   0.098   0.214   0.160
    7   T   0.097   0.204   0.159
    8   P   0.103   0.185   0.162
    9   V   0.103   0.125   0.160
   10   W   0.103   0.109   0.157
   11   L   0.103   0.092   0.153
   12   L   0.098   0.076   0.146
   13   F   0.102   0.078   0.144
   14   Y   0.103   0.096   0.139
   15   G   0.104   0.112   0.135
   16   G   0.102   0.104   0.129
   17   V   0.104   0.106   0.127
   18   G   0.104   0.105   0.120
   19   I   0.110   0.123   0.120
   20   C   0.105   0.116   0.114
   21   T   0.116   0.107   0.116
   22   G   0.108   0.106   0.109
   23   L   0.283   0.061   0.172
   24   W   0.103   0.108   0.101
   25   V   0.105   0.148   0.102
   26   W   0.104   0.140   0.104
   27   G   0.101   0.135   0.104
   28   R   0.127   0.141   0.119
   29   R   0.108   0.140   0.112
   30   V   0.103   0.151   0.110
   31   I   0.102   0.144   0.111
   32   Q   0.101   0.139   0.112
   33   T   0.104   0.145   0.114
   34   M   0.109   0.135   0.118
   35   G   0.103   0.138   0.115
   36   K   0.154   0.115   0.142
   37   D   0.104   0.115   0.117
   38   L   0.100   0.120   0.116
   39   T   0.103   0.112   0.118
   40   P   0.103   0.118   0.117
   41   I   0.105   0.128   0.118
   42   T   0.101   0.132   0.115
   43   P   0.104   0.152   0.117
   44   S   0.101   0.156   0.115
   45   S   0.101   0.131   0.116
   46   G   0.102   0.138   0.115
   47   F   0.108   0.142   0.119
   48   T   0.102   0.141   0.116
   49   I   0.102   0.105   0.116
   50   E   0.103   0.114   0.115
   51   L   0.104   0.101   0.116
   52   A   0.104   0.091   0.115
   53   S   0.097   0.097   0.110
   54   A   0.102   0.110   0.113
   55   F   0.105   0.086   0.114
   56   T   0.105   0.112   0.113
   57   V   0.104   0.112   0.111
   58   V   0.102   0.127   0.109
   59   I   0.104   0.134   0.109
   60   A   0.100   0.139   0.107
   61   S   0.105   0.130   0.110
   62   N   0.102   0.106   0.108
   63   I   0.102   0.092   0.107
   64   G   0.101   0.089   0.106
   65   L   0.102   0.093   0.105
   66   P   0.101   0.115   0.105
   67   V   0.103   0.115   0.106
   68   S   0.103   0.123   0.107
   69   T   0.102   0.112   0.107
   70   T   0.101   0.104   0.108
# Measure  Position  Value    Cutoff   signal peptide?
  max. C    23       0.283
  max. Y    23       0.172
  max. S     3       0.327
  mean S     1-22    0.152
       D     1-22    0.164   0.500   NO
Name=S20A2_HUMAN_TRANSMEM9	SP='NO' D=0.164 D-cutoff=0.500 Networks=SignalP-TM
