# SignalP-4.1 euk predictions
# Name=S20A2_HUMAN_TRANSMEM3	Length=70	Networks=SignalP-TM
# pos  aa    C       S       Y
    1   E   0.101   0.110   0.105
    2   T   0.103   0.149   0.106
    3   V   0.102   0.164   0.107
    4   E   0.103   0.149   0.109
    5   T   0.102   0.140   0.110
    6   L   0.100   0.118   0.110
    7   M   0.105   0.159   0.113
    8   A   0.105   0.151   0.115
    9   G   0.099   0.222   0.113
   10   E   0.100   0.253   0.117
   11   V   0.105   0.262   0.124
   12   S   0.104   0.173   0.128
   13   A   0.101   0.219   0.128
   14   M   0.104   0.222   0.133
   15   V   0.103   0.215   0.136
   16   G   0.100   0.222   0.136
   17   S   0.103   0.276   0.140
   18   A   0.109   0.309   0.147
   19   V   0.109   0.301   0.151
   20   W   0.104   0.260   0.152
   21   Q   0.103   0.272   0.154
   22   L   0.106   0.289   0.160
   23   I   0.106   0.265   0.162
   24   A   0.105   0.272   0.163
   25   S   0.111   0.313   0.168
   26   F   0.113   0.292   0.170
   27   L   0.106   0.342   0.168
   28   R   0.104   0.279   0.169
   29   L   0.105   0.210   0.171
   30   P   0.101   0.221   0.168
   31   I   0.104   0.212   0.170
   32   S   0.106   0.242   0.170
   33   G   0.107   0.249   0.170
   34   T   0.126   0.210   0.183
   35   H   0.125   0.189   0.181
   36   C   0.102   0.129   0.162
   37   I   0.224   0.134   0.234
   38   V   0.098   0.170   0.152
   39   G   0.100   0.158   0.151
   40   S   0.109   0.131   0.154
   41   T   0.101   0.143   0.144
   42   I   0.104   0.141   0.141
   43   G   0.101   0.135   0.135
   44   F   0.105   0.130   0.136
   45   S   0.106   0.114   0.134
   46   L   0.104   0.095   0.130
   47   V   0.105   0.087   0.127
   48   A   0.099   0.108   0.118
   49   I   0.101   0.128   0.116
   50   G   0.102   0.138   0.115
   51   T   0.102   0.140   0.115
   52   K   0.108   0.132   0.118
   53   G   0.098   0.121   0.112
   54   V   0.103   0.121   0.113
   55   Q   0.101   0.129   0.112
   56   W   0.102   0.145   0.112
   57   M   0.106   0.134   0.114
   58   E   0.100   0.138   0.111
   59   L   0.103   0.149   0.113
   60   V   0.100   0.124   0.112
   61   K   0.102   0.157   0.114
   62   I   0.105   0.157   0.118
   63   V   0.103   0.146   0.118
   64   A   0.106   0.150   0.121
   65   S   0.102   0.133   0.119
   66   W   0.100   0.125   0.117
   67   F   0.100   0.118   0.117
   68   I   0.102   0.118   0.118
   69   S   0.100   0.107   0.117
   70   P   0.100   0.104   0.117
# Measure  Position  Value    Cutoff   signal peptide?
  max. C    37       0.224
  max. Y    37       0.234
  max. S    27       0.342
  mean S     1-36    0.224
       D     1-36    0.230   0.500   NO
Name=S20A2_HUMAN_TRANSMEM3	SP='NO' D=0.230 D-cutoff=0.500 Networks=SignalP-TM
