# SignalP-4.1 euk predictions
# Name=S22AG_HUMAN_TRANSMEM5	Length=70	Networks=SignalP-TM
# pos  aa    C       S       Y
    1   R   0.101   0.649   0.256
    2   T   0.104   0.684   0.260
    3   W   0.103   0.688   0.259
    4   A   0.103   0.560   0.259
    5   S   0.103   0.551   0.258
    6   V   0.101   0.483   0.255
    7   H   0.099   0.457   0.250
    8   L   0.104   0.527   0.253
    9   H   0.098   0.447   0.244
   10   S   0.103   0.313   0.247
   11   F   0.101   0.219   0.240
   12   F   0.102   0.126   0.234
   13   A   0.103   0.119   0.227
   14   V   0.098   0.096   0.213
   15   G   0.105   0.074   0.210
   16   T   0.103   0.056   0.198
   17   L   0.105   0.101   0.188
   18   L   0.105   0.103   0.176
   19   V   0.112   0.058   0.171
   20   A   0.102   0.082   0.152
   21   L   0.110   0.056   0.148
   22   T   0.110   0.046   0.136
   23   G   0.126   0.028   0.130
   24   Y   0.125   0.033   0.115
   25   L   0.105   0.024   0.095
   26   V   0.103   0.055   0.086
   27   R   0.102   0.105   0.082
   28   T   0.114   0.079   0.086
   29   W   0.123   0.052   0.089
   30   W   0.105   0.053   0.081
   31   L   0.108   0.048   0.082
   32   Y   0.105   0.055   0.079
   33   Q   0.097   0.070   0.073
   34   M   0.103   0.064   0.076
   35   I   0.103   0.052   0.075
   36   L   0.103   0.046   0.075
   37   S   0.103   0.035   0.075
   38   T   0.110   0.026   0.078
   39   V   0.103   0.021   0.075
   40   T   0.099   0.030   0.073
   41   V   0.116   0.035   0.078
   42   P   0.102   0.045   0.070
   43   F   0.111   0.029   0.071
   44   I   0.104   0.047   0.067
   45   L   0.102   0.093   0.066
   46   C   0.100   0.074   0.068
   47   C   0.144   0.056   0.083
   48   W   0.101   0.061   0.069
   49   V   0.102   0.056   0.069
   50   L   0.104   0.053   0.070
   51   P   0.101   0.120   0.069
   52   E   0.109   0.113   0.076
   53   T   0.103   0.148   0.078
   54   P   0.101   0.139   0.083
   55   F   0.103   0.124   0.089
   56   W   0.103   0.122   0.092
   57   L   0.100   0.110   0.094
   58   L   0.100   0.122   0.097
   59   S   0.103   0.127   0.101
   60   E   0.100   0.114   0.101
   61   G   0.103   0.115   0.104
   62   R   0.101   0.111   0.105
   63   Y   0.105   0.108   0.109
   64   E   0.101   0.103   0.108
   65   E   0.100   0.101   0.110
   66   A   0.100   0.102   0.109
   67   Q   0.100   0.101   0.109
   68   K   0.104   0.102   0.109
   69   I   0.100   0.104   0.106
   70   V   0.103   0.099   0.106
# Measure  Position  Value    Cutoff   signal peptide?
  max. C    47       0.144
  max. Y    11       0.240
  max. S     3       0.688
  mean S     1-10    0.536
       D     1-10    0.358   0.500   NO
Name=S22AG_HUMAN_TRANSMEM5	SP='NO' D=0.358 D-cutoff=0.500 Networks=SignalP-TM
