# SignalP-4.1 euk predictions
# Name=S22AE_HUMAN_TRANSMEM10	Length=70	Networks=SignalP-noTM
# pos  aa    C       S       Y
    1   L   0.101   0.696   0.265
    2   M   0.103   0.694   0.268
    3   L   0.102   0.782   0.266
    4   R   0.103   0.751   0.269
    5   E   0.104   0.766   0.270
    6   F   0.103   0.797   0.269
    7   S   0.102   0.800   0.270
    8   L   0.104   0.683   0.272
    9   A   0.103   0.639   0.271
   10   A   0.108   0.680   0.277
   11   T   0.096   0.662   0.261
   12   V   0.101   0.625   0.268
   13   T   0.098   0.645   0.263
   14   V   0.102   0.630   0.268
   15   F   0.096   0.519   0.259
   16   F   0.097   0.543   0.260
   17   L   0.102   0.421   0.265
   18   Y   0.102   0.403   0.263
   19   T   0.107   0.473   0.266
   20   A   0.108   0.525   0.265
   21   E   0.111   0.309   0.267
   22   L   0.111   0.436   0.263
   23   L   0.166   0.214   0.319
   24   P   0.098   0.292   0.240
   25   T   0.133   0.252   0.276
   26   V   0.104   0.359   0.239
   27   L   0.103   0.567   0.234
   28   R   0.108   0.576   0.237
   29   A   0.166   0.323   0.292
   30   T   0.165   0.156   0.284
   31   G   0.109   0.160   0.225
   32   L   0.117   0.138   0.228
   33   G   0.106   0.164   0.211
   34   L   0.102   0.211   0.201
   35   V   0.103   0.247   0.198
   36   S   0.102   0.227   0.192
   37   L   0.103   0.322   0.188
   38   A   0.107   0.275   0.188
   39   S   0.102   0.240   0.180
   40   V   0.105   0.315   0.181
   41   A   0.103   0.322   0.178
   42   G   0.104   0.247   0.177
   43   A   0.122   0.239   0.188
   44   I   0.145   0.172   0.204
   45   L   0.104   0.260   0.169
   46   S   0.112   0.215   0.175
   47   L   0.137   0.181   0.193
   48   T   0.106   0.279   0.169
   49   I   0.111   0.281   0.172
   50   I   0.106   0.347   0.164
   51   S   0.109   0.211   0.163
   52   Q   0.106   0.169   0.158
   53   T   0.108   0.161   0.160
   54   P   0.101   0.133   0.155
   55   S   0.100   0.124   0.154
   56   L   0.113   0.124   0.163
   57   L   0.101   0.126   0.153
   58   P   0.102   0.127   0.152
   59   I   0.109   0.116   0.155
   60   F   0.099   0.123   0.145
   61   L   0.105   0.128   0.147
   62   C   0.101   0.114   0.142
   63   C   0.103   0.109   0.140
   64   V   0.099   0.110   0.134
   65   L   0.103   0.115   0.134
   66   A   0.102   0.121   0.131
   67   I   0.104   0.116   0.132
   68   V   0.101   0.120   0.127
   69   A   0.099   0.134   0.124
   70   F   0.118   0.105   0.135
# Measure  Position  Value    Cutoff   signal peptide?
  max. C    29       0.166
  max. Y    23       0.319
  max. S     7       0.800
  mean S     1-22    0.613
       D     1-22    0.477   0.450   YES
Name=S22AE_HUMAN_TRANSMEM10	SP='YES' Cleavage site between pos. 22 and 23: AEL-LP D=0.477 D-cutoff=0.450 Networks=SignalP-noTM
