# SignalP-4.1 euk predictions
# Name=S22AC_HUMAN_TRANSMEM5	Length=70	Networks=SignalP-noTM
# pos  aa    C       S       Y
    1   A   0.103   0.580   0.244
    2   R   0.099   0.565   0.240
    3   A   0.106   0.570   0.248
    4   R   0.108   0.553   0.250
    5   P   0.108   0.551   0.250
    6   L   0.102   0.604   0.243
    7   V   0.102   0.555   0.243
    8   M   0.106   0.565   0.247
    9   T   0.103   0.598   0.243
   10   L   0.101   0.569   0.241
   11   N   0.105   0.672   0.245
   12   S   0.106   0.617   0.248
   13   L   0.096   0.626   0.237
   14   G   0.103   0.534   0.245
   15   F   0.100   0.464   0.241
   16   S   0.106   0.548   0.247
   17   F   0.102   0.538   0.242
   18   G   0.103   0.722   0.243
   19   H   0.168   0.511   0.312
   20   G   0.101   0.625   0.241
   21   L   0.201   0.349   0.341
   22   T   0.106   0.526   0.245
   23   A   0.123   0.401   0.264
   24   A   0.143   0.208   0.282
   25   V   0.131   0.124   0.267
   26   A   0.101   0.204   0.229
   27   Y   0.133   0.184   0.259
   28   G   0.105   0.276   0.227
   29   V   0.139   0.186   0.256
   30   R   0.103   0.251   0.217
   31   D   0.108   0.250   0.219
   32   W   0.101   0.230   0.208
   33   T   0.105   0.283   0.207
   34   L   0.107   0.328   0.205
   35   L   0.104   0.333   0.199
   36   Q   0.104   0.401   0.196
   37   L   0.105   0.479   0.194
   38   V   0.104   0.476   0.194
   39   V   0.105   0.488   0.194
   40   S   0.104   0.460   0.193
   41   V   0.145   0.321   0.223
   42   P   0.099   0.414   0.182
   43   F   0.107   0.469   0.187
   44   F   0.098   0.461   0.180
   45   L   0.101   0.550   0.182
   46   C   0.104   0.576   0.187
   47   F   0.110   0.449   0.197
   48   L   0.103   0.550   0.195
   49   Y   0.101   0.440   0.197
   50   S   0.100   0.514   0.198
   51   W   0.107   0.285   0.208
   52   W   0.098   0.302   0.200
   53   L   0.104   0.265   0.207
   54   A   0.106   0.218   0.209
   55   E   0.116   0.150   0.219
   56   S   0.109   0.190   0.210
   57   A   0.295   0.118   0.343
   58   R   0.112   0.109   0.209
   59   W   0.108   0.097   0.202
   60   L   0.119   0.106   0.207
   61   L   0.099   0.106   0.184
   62   T   0.104   0.103   0.184
   63   T   0.106   0.104   0.181
   64   G   0.108   0.108   0.179
   65   R   0.107   0.100   0.175
   66   L   0.111   0.098   0.173
   67   D   0.104   0.097   0.162
   68   W   0.094   0.098   0.147
   69   G   0.100   0.097   0.145
   70   L   0.102   0.100   0.140
# Measure  Position  Value    Cutoff   signal peptide?
  max. C    57       0.295
  max. Y    57       0.343
  max. S    18       0.722
  mean S     1-56    0.431
       D     1-56    0.391   0.450   NO
Name=S22AC_HUMAN_TRANSMEM5	SP='NO' D=0.391 D-cutoff=0.450 Networks=SignalP-noTM
