# SignalP-4.1 euk predictions
# Name=S22AP_HUMAN_TRANSMEM7	Length=70	Networks=SignalP-TM
# pos  aa    C       S       Y
    1   N   0.102   0.334   0.184
    2   I   0.102   0.333   0.185
    3   C   0.101   0.348   0.184
    4   K   0.101   0.323   0.184
    5   R   0.101   0.314   0.184
    6   I   0.102   0.321   0.184
    7   C   0.103   0.274   0.185
    8   F   0.101   0.367   0.182
    9   L   0.100   0.378   0.182
   10   S   0.101   0.284   0.183
   11   F   0.100   0.305   0.182
   12   V   0.102   0.321   0.183
   13   R   0.101   0.308   0.181
   14   F   0.104   0.339   0.184
   15   A   0.100   0.268   0.180
   16   S   0.099   0.229   0.178
   17   T   0.101   0.207   0.178
   18   I   0.512   0.188   0.394
   19   P   0.100   0.245   0.171
   20   F   0.110   0.192   0.178
   21   W   0.100   0.234   0.167
   22   G   0.103   0.261   0.168
   23   L   0.118   0.208   0.178
   24   T   0.103   0.182   0.162
   25   L   0.106   0.178   0.163
   26   H   0.105   0.151   0.159
   27   L   0.107   0.116   0.157
   28   Q   0.108   0.146   0.152
   29   H   0.101   0.163   0.142
   30   L   0.103   0.187   0.141
   31   G   0.105   0.168   0.141
   32   N   0.102   0.179   0.138
   33   N   0.103   0.253   0.138
   34   V   0.105   0.153   0.140
   35   F   0.100   0.153   0.136
   36   L   0.102   0.125   0.135
   37   L   0.100   0.110   0.130
   38   Q   0.100   0.113   0.127
   39   T   0.102   0.113   0.127
   40   L   0.101   0.109   0.124
   41   F   0.105   0.095   0.125
   42   G   0.103   0.083   0.123
   43   A   0.105   0.073   0.122
   44   V   0.097   0.084   0.115
   45   T   0.103   0.089   0.115
   46   L   0.104   0.079   0.113
   47   L   0.100   0.059   0.108
   48   A   0.104   0.055   0.103
   49   N   0.104   0.066   0.100
   50   C   0.102   0.050   0.096
   51   V   0.109   0.063   0.096
   52   A   0.105   0.064   0.092
   53   P   0.101   0.079   0.088
   54   W   0.103   0.120   0.088
   55   A   0.101   0.157   0.087
   56   L   0.104   0.142   0.091
   57   N   0.101   0.163   0.092
   58   H   0.099   0.172   0.095
   59   M   0.103   0.185   0.100
   60   S   0.106   0.161   0.105
   61   R   0.101   0.168   0.105
   62   R   0.102   0.164   0.110
   63   L   0.103   0.164   0.113
   64   S   0.104   0.158   0.117
   65   Q   0.101   0.137   0.119
   66   M   0.104   0.139   0.123
   67   L   0.103   0.122   0.125
   68   L   0.103   0.116   0.126
   69   M   0.102   0.115   0.125
   70   F   0.105   0.096   0.126
# Measure  Position  Value    Cutoff   signal peptide?
  max. C    18       0.512
  max. Y    18       0.394
  max. S     9       0.378
  mean S     1-17    0.309
       D     1-17    0.360   0.500   NO
Name=S22AP_HUMAN_TRANSMEM7	SP='NO' D=0.360 D-cutoff=0.500 Networks=SignalP-TM
