# SignalP-4.1 euk predictions
# Name=S2538_HUMAN_TRANSMEM1	Length=70	Networks=SignalP-noTM
# pos  aa    C       S       Y
    1   P   0.101   0.483   0.221
    2   V   0.103   0.423   0.223
    3   I   0.104   0.458   0.223
    4   K   0.105   0.376   0.224
    5   A   0.100   0.465   0.218
    6   F   0.100   0.528   0.218
    7   L   0.105   0.354   0.224
    8   C   0.102   0.325   0.219
    9   G   0.103   0.232   0.218
   10   S   0.100   0.237   0.212
   11   I   0.100   0.218   0.210
   12   S   0.103   0.223   0.210
   13   G   0.100   0.258   0.204
   14   T   0.098   0.248   0.199
   15   C   0.099   0.256   0.198
   16   S   0.105   0.223   0.201
   17   T   0.140   0.180   0.229
   18   L   0.169   0.155   0.246
   19   L   0.100   0.176   0.185
   20   F   0.105   0.144   0.186
   21   Q   0.109   0.121   0.185
   22   P   0.100   0.130   0.173
   23   L   0.106   0.139   0.173
   24   D   0.106   0.139   0.168
   25   L   0.102   0.163   0.161
   26   L   0.107   0.153   0.160
   27   K   0.100   0.197   0.152
   28   T   0.100   0.143   0.147
   29   R   0.105   0.155   0.145
   30   L   0.105   0.207   0.142
   31   Q   0.109   0.122   0.142
   32   T   0.102   0.127   0.136
   33   L   0.103   0.119   0.135
   34   Q   0.095   0.105   0.127
   35   P   0.094   0.113   0.125
   36   S   0.109   0.099   0.132
   37   D   0.099   0.102   0.123
   38   H   0.096   0.112   0.118
   39   G   0.098   0.123   0.118
   40   S   0.091   0.124   0.112
   41   R   0.094   0.128   0.114
   42   R   0.102   0.135   0.117
   43   V   0.104   0.108   0.118
   44   G   0.098   0.114   0.114
   45   M   0.097   0.116   0.114
   46   L   0.105   0.127   0.118
   47   A   0.110   0.145   0.120
   48   V   0.095   0.165   0.112
   49   L   0.103   0.169   0.116
   50   L   0.107   0.179   0.118
   51   K   0.105   0.148   0.117
   52   V   0.109   0.118   0.120
   53   V   0.103   0.120   0.114
   54   R   0.103   0.128   0.115
   55   T   0.107   0.115   0.117
   56   E   0.165   0.097   0.145
   57   S   0.103   0.092   0.114
   58   L   0.117   0.091   0.121
   59   L   0.099   0.091   0.111
   60   G   0.104   0.093   0.114
   61   L   0.109   0.092   0.116
   62   W   0.103   0.095   0.112
   63   K   0.104   0.093   0.113
   64   G   0.102   0.094   0.111
   65   M   0.094   0.094   0.105
   66   S   0.104   0.101   0.111
   67   P   0.102   0.099   0.109
   68   S   0.102   0.098   0.109
   69   I   0.099   0.098   0.106
   70   V   0.098   0.099   0.105
# Measure  Position  Value    Cutoff   signal peptide?
  max. C    18       0.169
  max. Y    18       0.246
  max. S     6       0.528
  mean S     1-17    0.323
       D     1-17    0.288   0.450   NO
Name=S2538_HUMAN_TRANSMEM1	SP='NO' D=0.288 D-cutoff=0.450 Networks=SignalP-noTM
