# SignalP-4.1 euk predictions
# Name=S2546_HUMAN_TRANSMEM1	Length=70	Networks=SignalP-TM
# pos  aa    C       S       Y
    1   N   0.101   0.484   0.221
    2   R   0.102   0.534   0.223
    3   F   0.104   0.574   0.225
    4   A   0.104   0.467   0.227
    5   G   0.099   0.472   0.221
    6   F   0.100   0.448   0.222
    7   G   0.103   0.420   0.224
    8   I   0.103   0.364   0.223
    9   G   0.105   0.368   0.223
   10   L   0.099   0.453   0.215
   11   A   0.105   0.500   0.221
   12   S   0.098   0.449   0.214
   13   L   0.102   0.450   0.218
   14   F   0.100   0.471   0.215
   15   T   0.103   0.475   0.218
   16   E   0.107   0.386   0.222
   17   N   0.100   0.428   0.212
   18   V   0.103   0.462   0.213
   19   L   0.101   0.554   0.211
   20   A   0.113   0.300   0.225
   21   H   0.614   0.145   0.517
   22   P   0.102   0.165   0.206
   23   C   0.114   0.127   0.214
   24   I   0.104   0.119   0.199
   25   V   0.102   0.144   0.191
   26   L   0.105   0.128   0.187
   27   R   0.102   0.124   0.178
   28   R   0.105   0.099   0.174
   29   Q   0.103   0.093   0.164
   30   C   0.104   0.110   0.156
   31   Q   0.105   0.104   0.150
   32   V   0.104   0.115   0.141
   33   N   0.100   0.114   0.129
   34   Y   0.102   0.122   0.117
   35   H   0.098   0.112   0.109
   36   A   0.106   0.109   0.112
   37   Q   0.100   0.107   0.108
   38   H   0.099   0.107   0.106
   39   Y   0.099   0.098   0.106
   40   H   0.102   0.092   0.106
   41   L   0.099   0.091   0.103
   42   T   0.100   0.090   0.102
   43   P   0.102   0.084   0.103
   44   F   0.105   0.076   0.104
   45   T   0.105   0.077   0.103
   46   V   0.103   0.068   0.101
   47   I   0.101   0.056   0.098
   48   N   0.100   0.054   0.096
   49   I   0.100   0.045   0.094
   50   M   0.103   0.054   0.092
   51   Y   0.104   0.056   0.090
   52   S   0.101   0.096   0.087
   53   F   0.103   0.088   0.088
   54   N   0.101   0.099   0.086
   55   K   0.103   0.102   0.087
   56   T   0.099   0.115   0.086
   57   Q   0.107   0.113   0.090
   58   G   0.102   0.118   0.089
   59   P   0.101   0.104   0.091
   60   R   0.103   0.107   0.093
   61   A   0.103   0.112   0.094
   62   L   0.100   0.105   0.095
   63   W   0.101   0.102   0.097
   64   K   0.103   0.101   0.100
   65   G   0.103   0.097   0.102
   66   M   0.101   0.104   0.103
   67   G   0.105   0.105   0.105
   68   S   0.102   0.102   0.104
   69   T   0.102   0.102   0.104
   70   F   0.101   0.099   0.104
# Measure  Position  Value    Cutoff   signal peptide?
  max. C    21       0.614
  max. Y    21       0.517
  max. S     3       0.574
  mean S     1-20    0.453
       D     1-20    0.491   0.500   NO
Name=S2546_HUMAN_TRANSMEM1	SP='NO' D=0.491 D-cutoff=0.500 Networks=SignalP-TM
