# SignalP-4.1 euk predictions
# Name=S26A9_HUMAN_TRANSMEM10	Length=70	Networks=SignalP-TM
# pos  aa    C       S       Y
    1   V   0.102   0.509   0.228
    2   I   0.102   0.486   0.228
    3   C   0.103   0.436   0.229
    4   C   0.102   0.363   0.227
    5   A   0.103   0.394   0.225
    6   L   0.098   0.480   0.218
    7   S   0.102   0.518   0.221
    8   V   0.099   0.598   0.219
    9   T   0.103   0.609   0.224
   10   L   0.103   0.625   0.226
   11   A   0.100   0.549   0.225
   12   V   0.126   0.383   0.253
   13   D   0.104   0.415   0.227
   14   G   0.100   0.407   0.222
   15   A   0.117   0.307   0.238
   16   G   0.105   0.328   0.222
   17   G   0.122   0.258   0.236
   18   K   0.224   0.178   0.316
   19   S   0.106   0.164   0.214
   20   Q   0.139   0.133   0.241
   21   V   0.103   0.122   0.201
   22   A   0.104   0.108   0.194
   23   S   0.102   0.115   0.183
   24   L   0.111   0.077   0.180
   25   C   0.105   0.086   0.163
   26   V   0.103   0.087   0.150
   27   S   0.103   0.075   0.143
   28   L   0.104   0.061   0.134
   29   V   0.103   0.043   0.124
   30   V   0.103   0.048   0.116
   31   M   0.104   0.043   0.107
   32   I   0.101   0.023   0.098
   33   T   0.103   0.032   0.093
   34   M   0.106   0.034   0.089
   35   L   0.103   0.039   0.084
   36   V   0.102   0.050   0.079
   37   L   0.102   0.036   0.077
   38   G   0.104   0.037   0.074
   39   I   0.203   0.043   0.100
   40   Y   0.105   0.050   0.070
   41   L   0.105   0.062   0.068
   42   Y   0.117   0.098   0.071
   43   P   0.099   0.100   0.067
   44   L   0.106   0.079   0.073
   45   P   0.100   0.124   0.072
   46   K   0.105   0.177   0.078
   47   S   0.102   0.173   0.084
   48   V   0.101   0.126   0.089
   49   L   0.102   0.117   0.093
   50   G   0.103   0.111   0.097
   51   A   0.129   0.112   0.111
   52   L   0.101   0.098   0.101
   53   I   0.106   0.086   0.105
   54   A   0.101   0.088   0.105
   55   V   0.100   0.087   0.105
   56   N   0.103   0.086   0.107
   57   L   0.102   0.094   0.107
   58   K   0.100   0.100   0.105
   59   N   0.101   0.103   0.107
   60   S   0.102   0.103   0.107
   61   L   0.099   0.109   0.103
   62   K   0.104   0.108   0.103
   63   Q   0.103   0.103   0.102
   64   L   0.101   0.104   0.100
   65   T   0.099   0.099   0.099
   66   D   0.104   0.091   0.101
   67   P   0.102   0.091   0.099
   68   Y   0.100   0.088   0.099
   69   Y   0.102   0.096   0.100
   70   L   0.101   0.097   0.100
# Measure  Position  Value    Cutoff   signal peptide?
  max. C    18       0.224
  max. Y    18       0.316
  max. S    10       0.625
  mean S     1-17    0.451
       D     1-17    0.370   0.500   NO
Name=S26A9_HUMAN_TRANSMEM10	SP='NO' D=0.370 D-cutoff=0.500 Networks=SignalP-TM
