# SignalP-4.1 euk predictions
# Name=S26A1_HUMAN_TRANSMEM1	Length=70	Networks=SignalP-TM
# pos  aa    C       S       Y
    1   Y   0.101   0.166   0.130
    2   R   0.101   0.188   0.129
    3   P   0.103   0.170   0.132
    4   R   0.103   0.180   0.131
    5   E   0.104   0.176   0.132
    6   Y   0.103   0.145   0.132
    7   L   0.102   0.153   0.131
    8   A   0.104   0.130   0.132
    9   G   0.097   0.114   0.127
   10   D   0.103   0.104   0.129
   11   V   0.102   0.091   0.126
   12   M   0.107   0.105   0.127
   13   S   0.105   0.160   0.124
   14   G   0.098   0.125   0.120
   15   L   0.101   0.121   0.121
   16   V   0.105   0.127   0.121
   17   I   0.099   0.120   0.116
   18   G   0.104   0.119   0.117
   19   I   0.117   0.141   0.123
   20   I   0.105   0.124   0.115
   21   L   0.102   0.082   0.112
   22   V   0.100   0.107   0.109
   23   P   0.100   0.149   0.108
   24   Q   0.105   0.139   0.112
   25   A   0.104   0.111   0.113
   26   I   0.104   0.142   0.113
   27   A   0.105   0.160   0.115
   28   Y   0.500   0.114   0.251
   29   S   0.105   0.072   0.115
   30   L   0.115   0.070   0.119
   31   L   0.101   0.055   0.109
   32   A   0.108   0.070   0.110
   33   G   0.113   0.080   0.111
   34   L   0.108   0.065   0.107
   35   Q   0.105   0.067   0.103
   36   P   0.103   0.096   0.102
   37   I   0.106   0.098   0.103
   38   Y   0.098   0.084   0.097
   39   S   0.105   0.081   0.098
   40   L   0.129   0.100   0.107
   41   Y   0.100   0.076   0.093
   42   T   0.100   0.079   0.090
   43   S   0.104   0.084   0.090
   44   F   0.100   0.072   0.089
   45   F   0.103   0.107   0.090
   46   A   0.103   0.082   0.092
   47   N   0.098   0.069   0.090
   48   L   0.103   0.056   0.093
   49   I   0.102   0.045   0.092
   50   Y   0.104   0.050   0.092
   51   F   0.102   0.064   0.089
   52   L   0.101   0.078   0.087
   53   M   0.105   0.085   0.088
   54   G   0.101   0.098   0.087
   55   T   0.102   0.086   0.087
   56   S   0.102   0.106   0.088
   57   R   0.104   0.108   0.090
   58   H   0.103   0.118   0.090
   59   V   0.100   0.160   0.091
   60   S   0.099   0.138   0.092
   61   V   0.103   0.134   0.096
   62   G   0.099   0.128   0.097
   63   I   0.105   0.137   0.102
   64   F   0.100   0.133   0.103
   65   S   0.102   0.149   0.107
   66   L   0.103   0.119   0.110
   67   L   0.101   0.107   0.111
   68   C   0.104   0.134   0.113
   69   L   0.101   0.127   0.112
   70   M   0.105   0.119   0.116
# Measure  Position  Value    Cutoff   signal peptide?
  max. C    28       0.500
  max. Y    28       0.251
  max. S     2       0.188
  mean S     1-27    0.135
       D     1-27    0.205   0.500   NO
Name=S26A1_HUMAN_TRANSMEM1	SP='NO' D=0.205 D-cutoff=0.500 Networks=SignalP-TM
