# SignalP-4.1 euk predictions
# Name=S29A3_HUMAN_TRANSMEM6	Length=70	Networks=SignalP-noTM
# pos  aa    C       S       Y
    1   V   0.099   0.923   0.302
    2   R   0.101   0.928   0.305
    3   N   0.105   0.929   0.312
    4   S   0.102   0.953   0.306
    5   A   0.102   0.968   0.307
    6   L   0.100   0.980   0.304
    7   A   0.102   0.987   0.309
    8   F   0.097   0.988   0.301
    9   F   0.105   0.986   0.314
   10   L   0.103   0.972   0.311
   11   T   0.109   0.961   0.320
   12   A   0.103   0.956   0.312
   13   T   0.096   0.925   0.300
   14   V   0.102   0.966   0.311
   15   F   0.097   0.980   0.303
   16   L   0.108   0.974   0.320
   17   V   0.107   0.972   0.319
   18   L   0.099   0.980   0.307
   19   C   0.106   0.987   0.318
   20   M   0.345   0.934   0.575
   21   G   0.105   0.918   0.317
   22   L   0.488   0.829   0.684
   23   Y   0.101   0.857   0.311
   24   L   0.110   0.892   0.324
   25   L   0.132   0.818   0.354
   26   L   0.105   0.823   0.315
   27   S   0.113   0.796   0.326
   28   R   0.260   0.594   0.492
   29   L   0.118   0.567   0.328
   30   E   0.117   0.331   0.324
   31   Y   0.102   0.442   0.298
   32   A   0.128   0.239   0.327
   33   R   0.204   0.099   0.405
   34   Y   0.106   0.111   0.285
   35   Y   0.151   0.093   0.332
   36   M   0.097   0.087   0.260
   37   R   0.104   0.086   0.260
   38   P   0.100   0.094   0.247
   39   V   0.097   0.096   0.235
   40   L   0.105   0.132   0.236
   41   A   0.108   0.185   0.230
   42   A   0.231   0.110   0.324
   43   H   0.106   0.098   0.210
   44   V   0.103   0.102   0.199
   45   F   0.100   0.101   0.186
   46   S   0.110   0.107   0.185
   47   G   0.102   0.101   0.168
   48   E   0.102   0.093   0.158
   49   E   0.107   0.100   0.150
   50   E   0.096   0.100   0.132
   51   L   0.103   0.095   0.127
   52   P   0.102   0.102   0.118
   53   Q   0.103   0.099   0.114
   54   D   0.103   0.097   0.107
   55   S   0.099   0.101   0.102
   56   L   0.096   0.102   0.100
   57   S   0.104   0.104   0.104
   58   A   0.108   0.106   0.106
   59   P   0.095   0.106   0.100
   60   S   0.107   0.106   0.106
   61   V   0.102   0.101   0.104
   62   A   0.107   0.097   0.107
   63   S   0.096   0.104   0.101
   64   R   0.093   0.104   0.097
   65   F   0.100   0.101   0.101
   66   I   0.106   0.098   0.104
   67   D   0.100   0.100   0.101
   68   S   0.105   0.100   0.103
   69   H   0.103   0.099   0.102
   70   T   0.109   0.097   0.105
# Measure  Position  Value    Cutoff   signal peptide?
  max. C    22       0.488
  max. Y    22       0.684
  max. S     8       0.988
  mean S     1-21    0.960
       D     1-21    0.833   0.450   YES
Name=S29A3_HUMAN_TRANSMEM6	SP='YES' Cleavage site between pos. 21 and 22: CMG-LY D=0.833 D-cutoff=0.450 Networks=SignalP-noTM
