# SignalP-4.1 euk predictions
# Name=S29A1_HUMAN_TRANSMEM9	Length=70	Networks=SignalP-noTM
# pos  aa    C       S       Y
    1   G   0.101   0.916   0.304
    2   K   0.098   0.929   0.300
    3   D   0.104   0.934   0.308
    4   S   0.102   0.930   0.306
    5   R   0.101   0.916   0.305
    6   W   0.100   0.914   0.303
    7   L   0.101   0.926   0.305
    8   P   0.101   0.944   0.304
    9   S   0.103   0.915   0.308
   10   L   0.102   0.881   0.306
   11   V   0.104   0.852   0.309
   12   L   0.103   0.844   0.307
   13   A   0.104   0.845   0.308
   14   R   0.104   0.883   0.307
   15   L   0.110   0.899   0.317
   16   V   0.101   0.859   0.303
   17   F   0.097   0.892   0.295
   18   V   0.104   0.891   0.307
   19   P   0.100   0.886   0.300
   20   L   0.107   0.850   0.310
   21   L   0.100   0.809   0.300
   22   L   0.106   0.700   0.308
   23   L   0.111   0.679   0.313
   24   C   0.145   0.553   0.356
   25   N   0.129   0.301   0.332
   26   I   0.106   0.291   0.296
   27   K   0.124   0.189   0.315
   28   P   0.102   0.344   0.280
   29   R   0.142   0.269   0.323
   30   R   0.102   0.331   0.268
   31   Y   0.100   0.301   0.261
   32   L   0.159   0.174   0.322
   33   T   0.113   0.166   0.265
   34   V   0.127   0.112   0.273
   35   V   0.103   0.120   0.239
   36   F   0.100   0.110   0.228
   37   E   0.099   0.124   0.219
   38   H   0.099   0.122   0.211
   39   D   0.107   0.121   0.212
   40   A   0.104   0.112   0.199
   41   W   0.094   0.109   0.181
   42   F   0.102   0.152   0.179
   43   I   0.100   0.149   0.168
   44   F   0.098   0.162   0.157
   45   F   0.097   0.241   0.148
   46   M   0.102   0.267   0.145
   47   A   0.104   0.451   0.142
   48   A   0.101   0.335   0.142
   49   F   0.104   0.260   0.145
   50   A   0.102   0.326   0.145
   51   F   0.145   0.153   0.173
   52   S   0.106   0.166   0.145
   53   N   0.123   0.148   0.154
   54   G   0.102   0.134   0.137
   55   Y   0.113   0.127   0.144
   56   L   0.102   0.122   0.136
   57   A   0.115   0.106   0.145
   58   S   0.146   0.098   0.163
   59   L   0.114   0.095   0.143
   60   C   0.099   0.101   0.133
   61   M   0.111   0.099   0.141
   62   C   0.104   0.101   0.136
   63   F   0.106   0.095   0.137
   64   G   0.103   0.098   0.135
   65   P   0.095   0.096   0.129
   66   K   0.099   0.097   0.130
   67   K   0.102   0.100   0.131
   68   V   0.099   0.101   0.127
   69   K   0.099   0.104   0.124
   70   P   0.105   0.103   0.121
# Measure  Position  Value    Cutoff   signal peptide?
  max. C    32       0.159
  max. Y    24       0.356
  max. S     8       0.944
  mean S     1-23    0.873
       D     1-23    0.635   0.450   YES
Name=S29A1_HUMAN_TRANSMEM9	SP='YES' Cleavage site between pos. 23 and 24: LLL-CN D=0.635 D-cutoff=0.450 Networks=SignalP-noTM
