# SignalP-4.1 euk predictions
# Name=S35A1_HUMAN_TRANSMEM6	Length=70	Networks=SignalP-TM
# pos  aa    C       S       Y
    1   E   0.102   0.319   0.180
    2   Q   0.101   0.365   0.180
    3   N   0.101   0.407   0.181
    4   P   0.103   0.369   0.184
    5   L   0.102   0.347   0.185
    6   L   0.103   0.320   0.186
    7   G   0.104   0.278   0.186
    8   F   0.100   0.272   0.182
    9   G   0.105   0.216   0.185
   10   A   0.101   0.190   0.180
   11   I   0.103   0.152   0.179
   12   A   0.103   0.170   0.175
   13   I   0.097   0.193   0.168
   14   A   0.102   0.239   0.169
   15   V   0.097   0.259   0.163
   16   L   0.101   0.284   0.165
   17   C   0.101   0.325   0.163
   18   S   0.110   0.324   0.168
   19   G   0.108   0.354   0.166
   20   F   0.165   0.238   0.205
   21   A   0.106   0.196   0.163
   22   G   0.159   0.117   0.197
   23   V   0.129   0.107   0.174
   24   Y   0.105   0.136   0.154
   25   F   0.103   0.190   0.151
   26   E   0.229   0.147   0.227
   27   K   0.103   0.146   0.151
   28   V   0.102   0.144   0.150
   29   L   0.100   0.120   0.146
   30   K   0.104   0.125   0.145
   31   S   0.111   0.107   0.146
   32   S   0.113   0.102   0.141
   33   D   0.104   0.078   0.129
   34   T   0.102   0.081   0.119
   35   S   0.105   0.076   0.116
   36   L   0.099   0.079   0.109
   37   W   0.101   0.073   0.109
   38   V   0.100   0.080   0.107
   39   R   0.097   0.092   0.104
   40   N   0.104   0.079   0.104
   41   I   0.101   0.090   0.100
   42   Q   0.102   0.103   0.098
   43   M   0.104   0.092   0.098
   44   Y   0.100   0.082   0.095
   45   L   0.101   0.069   0.094
   46   S   0.101   0.067   0.092
   47   G   0.103   0.075   0.092
   48   I   0.101   0.073   0.091
   49   I   0.102   0.062   0.091
   50   V   0.103   0.050   0.090
   51   T   0.103   0.074   0.089
   52   L   0.101   0.068   0.089
   53   A   0.104   0.068   0.089
   54   G   0.108   0.075   0.090
   55   V   0.101   0.070   0.087
   56   Y   0.102   0.069   0.086
   57   L   0.105   0.095   0.086
   58   S   0.102   0.122   0.085
   59   D   0.102   0.097   0.087
   60   G   0.104   0.098   0.089
   61   A   0.116   0.101   0.095
   62   E   0.100   0.097   0.089
   63   I   0.103   0.107   0.092
   64   K   0.102   0.096   0.093
   65   E   0.100   0.098   0.094
   66   K   0.102   0.101   0.096
   67   G   0.101   0.102   0.096
   68   F   0.102   0.105   0.098
   69   F   0.103   0.101   0.100
   70   Y   0.105   0.099   0.102
# Measure  Position  Value    Cutoff   signal peptide?
  max. C    26       0.229
  max. Y    26       0.227
  max. S     3       0.407
  mean S     1-25    0.255
       D     1-25    0.238   0.500   NO
Name=S35A1_HUMAN_TRANSMEM6	SP='NO' D=0.238 D-cutoff=0.500 Networks=SignalP-TM
