# SignalP-4.1 euk predictions
# Name=S35B3_HUMAN_TRANSMEM7	Length=70	Networks=SignalP-noTM
# pos  aa    C       S       Y
    1   L   0.101   0.782   0.280
    2   Y   0.101   0.691   0.281
    3   S   0.100   0.654   0.279
    4   Y   0.101   0.744   0.280
    5   S   0.102   0.806   0.281
    6   I   0.100   0.820   0.278
    7   G   0.099   0.755   0.277
    8   F   0.098   0.798   0.276
    9   V   0.098   0.756   0.275
   10   Y   0.101   0.744   0.279
   11   I   0.102   0.770   0.280
   12   L   0.096   0.815   0.271
   13   L   0.104   0.861   0.283
   14   G   0.102   0.866   0.281
   15   L   0.107   0.843   0.288
   16   T   0.104   0.881   0.284
   17   C   0.111   0.872   0.295
   18   T   0.108   0.888   0.292
   19   S   0.123   0.807   0.313
   20   G   0.109   0.791   0.295
   21   L   0.339   0.592   0.520
   22   G   0.106   0.550   0.289
   23   P   0.148   0.345   0.339
   24   A   0.131   0.279   0.315
   25   V   0.181   0.134   0.366
   26   T   0.107   0.198   0.276
   27   F   0.128   0.157   0.297
   28   C   0.103   0.162   0.261
   29   A   0.129   0.114   0.285
   30   K   0.102   0.109   0.248
   31   N   0.103   0.100   0.242
   32   P   0.102   0.101   0.235
   33   V   0.105   0.104   0.232
   34   R   0.104   0.115   0.223
   35   T   0.105   0.137   0.217
   36   Y   0.110   0.148   0.214
   37   G   0.100   0.168   0.196
   38   Y   0.113   0.137   0.200
   39   A   0.105   0.139   0.183
   40   F   0.109   0.138   0.176
   41   L   0.102   0.141   0.160
   42   F   0.099   0.201   0.148
   43   S   0.109   0.141   0.145
   44   L   0.105   0.168   0.135
   45   T   0.104   0.167   0.127
   46   G   0.103   0.269   0.124
   47   Y   0.097   0.277   0.120
   48   F   0.103   0.258   0.126
   49   G   0.103   0.341   0.127
   50   I   0.106   0.309   0.132
   51   S   0.098   0.235   0.130
   52   F   0.102   0.190   0.135
   53   V   0.101   0.185   0.135
   54   L   0.099   0.220   0.135
   55   A   0.103   0.181   0.140
   56   L   0.258   0.216   0.223
   57   I   0.102   0.161   0.142
   58   K   0.105   0.156   0.144
   59   I   0.104   0.169   0.144
   60   F   0.101   0.158   0.142
   61   G   0.104   0.175   0.144
   62   A   0.114   0.155   0.152
   63   L   0.099   0.121   0.142
   64   I   0.104   0.123   0.145
   65   A   0.109   0.112   0.147
   66   V   0.118   0.104   0.153
   67   T   0.102   0.107   0.141
   68   V   0.104   0.109   0.141
   69   T   0.097   0.111   0.134
   70   T   0.118   0.103   0.144
# Measure  Position  Value    Cutoff   signal peptide?
  max. C    21       0.339
  max. Y    21       0.520
  max. S    18       0.888
  mean S     1-20    0.797
       D     1-20    0.670   0.450   YES
Name=S35B3_HUMAN_TRANSMEM7	SP='YES' Cleavage site between pos. 20 and 21: TSG-LG D=0.670 D-cutoff=0.450 Networks=SignalP-noTM
