# SignalP-4.1 euk predictions
# Name=S35D3_HUMAN_TRANSMEM8	Length=70	Networks=SignalP-noTM
# pos  aa    C       S       Y
    1   G   0.102   0.914   0.306
    2   W   0.097   0.886   0.297
    3   K   0.101   0.900   0.304
    4   D   0.103   0.909   0.306
    5   P   0.104   0.917   0.307
    6   A   0.101   0.931   0.304
    7   M   0.101   0.936   0.303
    8   V   0.103   0.964   0.308
    9   C   0.099   0.971   0.301
   10   I   0.100   0.952   0.303
   11   F   0.098   0.942   0.300
   12   V   0.104   0.920   0.310
   13   A   0.102   0.909   0.307
   14   C   0.097   0.931   0.298
   15   I   0.105   0.918   0.311
   16   L   0.102   0.912   0.308
   17   I   0.103   0.911   0.309
   18   G   0.103   0.918   0.308
   19   C   0.104   0.918   0.309
   20   A   0.110   0.848   0.318
   21   M   0.420   0.556   0.622
   22   N   0.168   0.393   0.390
   23   F   0.325   0.214   0.535
   24   T   0.105   0.332   0.298
   25   T   0.125   0.436   0.321
   26   L   0.121   0.335   0.311
   27   H   0.136   0.235   0.325
   28   C   0.109   0.189   0.285
   29   T   0.288   0.132   0.453
   30   Y   0.107   0.138   0.268
   31   I   0.107   0.145   0.261
   32   N   0.104   0.124   0.250
   33   S   0.100   0.172   0.237
   34   A   0.113   0.137   0.243
   35   V   0.107   0.117   0.230
   36   T   0.100   0.136   0.213
   37   T   0.114   0.119   0.219
   38   S   0.099   0.133   0.195
   39   F   0.109   0.128   0.195
   40   V   0.100   0.135   0.177
   41   G   0.095   0.153   0.162
   42   V   0.099   0.143   0.154
   43   V   0.104   0.178   0.147
   44   K   0.106   0.159   0.143
   45   S   0.103   0.124   0.136
   46   I   0.120   0.126   0.146
   47   A   0.104   0.143   0.132
   48   T   0.111   0.127   0.131
   49   I   0.106   0.122   0.124
   50   T   0.102   0.139   0.120
   51   V   0.106   0.118   0.121
   52   G   0.101   0.140   0.118
   53   M   0.102   0.131   0.118
   54   V   0.103   0.132   0.119
   55   A   0.105   0.121   0.120
   56   F   0.104   0.108   0.118
   57   S   0.101   0.103   0.116
   58   D   0.109   0.103   0.120
   59   V   0.105   0.098   0.117
   60   E   0.103   0.098   0.116
   61   P   0.103   0.097   0.115
   62   T   0.114   0.096   0.121
   63   S   0.104   0.098   0.114
   64   L   0.102   0.096   0.112
   65   F   0.098   0.100   0.109
   66   I   0.102   0.097   0.109
   67   A   0.105   0.096   0.110
   68   G   0.101   0.097   0.107
   69   V   0.103   0.094   0.107
   70   V   0.106   0.096   0.108
# Measure  Position  Value    Cutoff   signal peptide?
  max. C    21       0.420
  max. Y    21       0.622
  max. S     9       0.971
  mean S     1-20    0.920
       D     1-20    0.783   0.450   YES
Name=S35D3_HUMAN_TRANSMEM8	SP='YES' Cleavage site between pos. 20 and 21: GCA-MN D=0.783 D-cutoff=0.450 Networks=SignalP-noTM
