# SignalP-4.1 euk predictions
# Name=S35E1_HUMAN_TRANSMEM1	Length=70	Networks=SignalP-noTM
# pos  aa    C       S       Y
    1   N   0.102   0.406   0.203
    2   V   0.101   0.382   0.202
    3   V   0.100   0.456   0.201
    4   N   0.104   0.453   0.205
    5   K   0.101   0.514   0.203
    6   V   0.097   0.563   0.201
    7   I   0.105   0.553   0.211
    8   L   0.104   0.532   0.211
    9   S   0.102   0.560   0.211
   10   A   0.100   0.539   0.210
   11   F   0.099   0.555   0.211
   12   P   0.102   0.497   0.215
   13   F   0.100   0.465   0.214
   14   P   0.104   0.408   0.219
   15   V   0.103   0.443   0.218
   16   T   0.101   0.658   0.216
   17   V   0.100   0.713   0.217
   18   S   0.110   0.566   0.232
   19   L   0.168   0.472   0.288
   20   C   0.113   0.405   0.237
   21   H   0.172   0.368   0.292
   22   I   0.105   0.439   0.228
   23   L   0.109   0.462   0.233
   24   A   0.106   0.663   0.230
   25   L   0.102   0.629   0.229
   26   C   0.107   0.721   0.236
   27   A   0.128   0.579   0.261
   28   G   0.124   0.436   0.258
   29   L   0.275   0.344   0.382
   30   P   0.101   0.324   0.229
   31   P   0.103   0.507   0.230
   32   L   0.104   0.643   0.230
   33   L   0.097   0.684   0.223
   34   R   0.104   0.705   0.233
   35   A   0.133   0.479   0.265
   36   W   0.738   0.135   0.625
   37   R   0.103   0.149   0.231
   38   V   0.115   0.114   0.240
   39   P   0.097   0.131   0.216
   40   P   0.102   0.161   0.215
   41   A   0.112   0.111   0.221
   42   P   0.098   0.102   0.203
   43   P   0.109   0.121   0.210
   44   V   0.099   0.105   0.197
   45   S   0.102   0.106   0.197
   46   G   0.105   0.109   0.195
   47   P   0.101   0.111   0.185
   48   G   0.106   0.108   0.182
   49   P   0.099   0.116   0.168
   50   S   0.110   0.105   0.170
   51   P   0.105   0.108   0.162
   52   H   0.107   0.108   0.160
   53   P   0.098   0.101   0.150
   54   S   0.106   0.095   0.149
   55   S   0.103   0.090   0.138
   56   G   0.104   0.090   0.128
   57   P   0.099   0.096   0.114
   58   L   0.103   0.100   0.108
   59   L   0.103   0.102   0.107
   60   P   0.108   0.097   0.108
   61   P   0.108   0.100   0.108
   62   R   0.111   0.094   0.109
   63   F   0.107   0.093   0.105
   64   Y   0.109   0.093   0.106
   65   P   0.102   0.094   0.102
   66   R   0.102   0.092   0.101
   67   Y   0.106   0.091   0.103
   68   V   0.103   0.095   0.101
   69   L   0.096   0.094   0.098
   70   P   0.107   0.096   0.102
# Measure  Position  Value    Cutoff   signal peptide?
  max. C    36       0.738
  max. Y    36       0.625
  max. S    26       0.721
  mean S     1-35    0.518
       D     1-35    0.567   0.450   YES
Name=S35E1_HUMAN_TRANSMEM1	SP='YES' Cleavage site between pos. 35 and 36: LRA-WR D=0.567 D-cutoff=0.450 Networks=SignalP-noTM
