# SignalP-4.1 euk predictions
# Name=S35F3_HUMAN_TRANSMEM5	Length=70	Networks=SignalP-TM
# pos  aa    C       S       Y
    1   F   0.101   0.402   0.201
    2   M   0.103   0.415   0.203
    3   G   0.103   0.459   0.204
    4   V   0.099   0.443   0.201
    5   R   0.103   0.341   0.206
    6   I   0.106   0.230   0.207
    7   V   0.101   0.302   0.199
    8   A   0.104   0.307   0.200
    9   A   0.101   0.345   0.196
   10   I   0.101   0.397   0.194
   11   L   0.103   0.376   0.196
   12   A   0.105   0.340   0.198
   13   I   0.100   0.396   0.192
   14   A   0.105   0.399   0.197
   15   G   0.099   0.323   0.191
   16   I   0.106   0.324   0.196
   17   V   0.101   0.279   0.190
   18   M   0.100   0.271   0.185
   19   M   0.109   0.310   0.190
   20   T   0.136   0.298   0.211
   21   Y   0.107   0.299   0.189
   22   A   0.107   0.349   0.189
   23   D   0.645   0.205   0.466
   24   G   0.102   0.274   0.183
   25   F   0.380   0.186   0.347
   26   H   0.104   0.179   0.177
   27   S   0.106   0.205   0.176
   28   H   0.142   0.207   0.199
   29   S   0.102   0.207   0.164
   30   V   0.102   0.140   0.162
   31   I   0.103   0.128   0.159
   32   G   0.103   0.107   0.155
   33   I   0.104   0.112   0.152
   34   A   0.104   0.079   0.147
   35   L   0.101   0.066   0.139
   36   V   0.103   0.067   0.134
   37   V   0.099   0.047   0.124
   38   A   0.106   0.083   0.123
   39   S   0.105   0.067   0.117
   40   A   0.101   0.090   0.111
   41   S   0.111   0.086   0.113
   42   M   0.104   0.105   0.105
   43   S   0.104   0.093   0.102
   44   A   0.105   0.075   0.098
   45   L   0.107   0.064   0.096
   46   Y   0.104   0.040   0.092
   47   K   0.104   0.057   0.089
   48   V   0.103   0.072   0.087
   49   L   0.104   0.063   0.087
   50   F   0.103   0.076   0.086
   51   K   0.105   0.151   0.087
   52   L   0.104   0.148   0.091
   53   L   0.107   0.147   0.095
   54   L   0.104   0.157   0.097
   55   G   0.107   0.150   0.101
   56   S   0.102   0.154   0.101
   57   A   0.104   0.128   0.104
   58   K   0.100   0.172   0.103
   59   F   0.102   0.134   0.107
   60   G   0.099   0.124   0.108
   61   E   0.100   0.142   0.112
   62   A   0.100   0.157   0.114
   63   A   0.106   0.136   0.120
   64   L   0.098   0.113   0.118
   65   F   0.099   0.111   0.120
   66   L   0.102   0.100   0.120
   67   S   0.105   0.127   0.120
   68   I   0.102   0.131   0.118
   69   L   0.101   0.122   0.117
   70   G   0.104   0.106   0.118
# Measure  Position  Value    Cutoff   signal peptide?
  max. C    23       0.645
  max. Y    23       0.466
  max. S     3       0.459
  mean S     1-22    0.346
       D     1-22    0.418   0.500   NO
Name=S35F3_HUMAN_TRANSMEM5	SP='NO' D=0.418 D-cutoff=0.500 Networks=SignalP-TM
