# SignalP-4.1 euk predictions
# Name=S35F2_HUMAN_TRANSMEM7	Length=70	Networks=SignalP-TM
# pos  aa    C       S       Y
    1   K   0.102   0.161   0.128
    2   L   0.101   0.174   0.128
    3   S   0.103   0.206   0.129
    4   R   0.102   0.257   0.130
    5   Q   0.104   0.228   0.134
    6   E   0.101   0.188   0.134
    7   F   0.102   0.205   0.135
    8   L   0.102   0.173   0.136
    9   G   0.102   0.154   0.137
   10   M   0.099   0.138   0.134
   11   V   0.103   0.169   0.136
   12   G   0.102   0.165   0.136
   13   L   0.102   0.207   0.136
   14   F   0.100   0.201   0.136
   15   G   0.102   0.207   0.138
   16   T   0.101   0.195   0.139
   17   I   0.100   0.237   0.139
   18   I   0.101   0.254   0.140
   19   S   0.103   0.260   0.141
   20   G   0.106   0.234   0.144
   21   I   0.118   0.158   0.154
   22   Q   0.103   0.161   0.142
   23   L   0.103   0.099   0.142
   24   L   0.120   0.069   0.152
   25   I   0.102   0.071   0.138
   26   V   0.102   0.116   0.136
   27   E   0.105   0.091   0.136
   28   Y   0.101   0.088   0.131
   29   K   0.106   0.056   0.130
   30   D   0.101   0.070   0.123
   31   I   0.103   0.067   0.120
   32   A   0.101   0.053   0.114
   33   S   0.098   0.052   0.106
   34   I   0.116   0.049   0.107
   35   H   0.101   0.035   0.093
   36   W   0.097   0.052   0.087
   37   D   0.101   0.044   0.084
   38   W   0.097   0.035   0.079
   39   K   0.101   0.044   0.080
   40   I   0.100   0.035   0.078
   41   A   0.104   0.033   0.076
   42   L   0.099   0.028   0.071
   43   L   0.105   0.027   0.070
   44   F   0.101   0.024   0.067
   45   V   0.106   0.026   0.066
   46   A   0.104   0.024   0.063
   47   F   0.098   0.027   0.060
   48   A   0.105   0.030   0.060
   49   L   0.109   0.028   0.060
   50   C   0.104   0.022   0.058
   51   M   0.115   0.021   0.059
   52   F   0.102   0.020   0.054
   53   C   0.101   0.019   0.053
   54   L   0.107   0.024   0.053
   55   Y   0.101   0.032   0.050
   56   S   0.103   0.041   0.051
   57   F   0.110   0.054   0.054
   58   M   0.101   0.073   0.053
   59   P   0.100   0.121   0.056
   60   L   0.104   0.143   0.063
   61   V   0.101   0.162   0.069
   62   I   0.104   0.189   0.076
   63   K   0.103   0.225   0.083
   64   V   0.099   0.207   0.090
   65   T   0.104   0.199   0.099
   66   S   0.106   0.198   0.107
   67   A   0.101   0.154   0.110
   68   T   0.117   0.124   0.124
   69   S   0.101   0.101   0.118
   70   V   0.099   0.094   0.119
# Measure  Position  Value    Cutoff   signal peptide?
  max. C    24       0.120
  max. Y    21       0.154
  max. S    19       0.260
  mean S     1-20    0.201
       D     1-20    0.173   0.500   NO
Name=S35F2_HUMAN_TRANSMEM7	SP='NO' D=0.173 D-cutoff=0.500 Networks=SignalP-TM
