# SignalP-4.1 euk predictions
# Name=S35G2_HUMAN_TRANSMEM6	Length=70	Networks=SignalP-TM
# pos  aa    C       S       Y
    1   N   0.103   0.299   0.175
    2   A   0.103   0.298   0.175
    3   W   0.097   0.270   0.170
    4   K   0.103   0.265   0.175
    5   E   0.100   0.274   0.172
    6   A   0.103   0.265   0.174
    7   F   0.097   0.203   0.168
    8   G   0.104   0.241   0.172
    9   Y   0.100   0.193   0.167
   10   T   0.103   0.174   0.168
   11   M   0.102   0.173   0.164
   12   T   0.103   0.149   0.162
   13   V   0.101   0.151   0.156
   14   M   0.104   0.184   0.155
   15   A   0.105   0.180   0.153
   16   G   0.102   0.165   0.148
   17   L   0.102   0.179   0.145
   18   T   0.105   0.201   0.145
   19   T   0.110   0.199   0.146
   20   A   0.106   0.158   0.142
   21   L   0.147   0.080   0.164
   22   S   0.105   0.125   0.135
   23   M   0.143   0.076   0.154
   24   I   0.108   0.075   0.130
   25   V   0.102   0.116   0.123
   26   Y   0.101   0.182   0.121
   27   R   0.106   0.176   0.125
   28   S   0.105   0.163   0.125
   29   I   0.106   0.125   0.126
   30   K   0.103   0.109   0.122
   31   E   0.102   0.093   0.120
   32   K   0.105   0.108   0.119
   33   I   0.100   0.092   0.113
   34   S   0.102   0.092   0.111
   35   M   0.102   0.081   0.109
   36   W   0.102   0.058   0.108
   37   T   0.103   0.038   0.106
   38   A   0.103   0.045   0.105
   39   L   0.099   0.071   0.102
   40   F   0.102   0.072   0.102
   41   T   0.101   0.087   0.098
   42   F   0.102   0.082   0.095
   43   G   0.104   0.085   0.093
   44   W   0.102   0.072   0.090
   45   T   0.105   0.087   0.090
   46   G   0.102   0.096   0.088
   47   T   0.100   0.114   0.087
   48   I   0.103   0.096   0.089
   49   W   0.100   0.111   0.088
   50   G   0.102   0.109   0.090
   51   I   0.153   0.136   0.113
   52   S   0.102   0.152   0.096
   53   T   0.101   0.141   0.099
   54   M   0.102   0.135   0.103
   55   F   0.101   0.167   0.104
   56   I   0.105   0.118   0.109
   57   L   0.103   0.136   0.109
   58   Q   0.103   0.130   0.111
   59   E   0.102   0.116   0.112
   60   P   0.103   0.103   0.114
   61   I   0.101   0.090   0.113
   62   I   0.103   0.115   0.113
   63   P   0.102   0.107   0.113
   64   L   0.101   0.100   0.112
   65   D   0.103   0.103   0.113
   66   G   0.102   0.102   0.112
   67   E   0.100   0.105   0.109
   68   T   0.103   0.105   0.109
   69   W   0.100   0.104   0.107
   70   S   0.101   0.102   0.105
# Measure  Position  Value    Cutoff   signal peptide?
  max. C    51       0.153
  max. Y    11       0.164
  max. S     1       0.299
  mean S     1-10    0.248
       D     1-10    0.198   0.500   NO
Name=S35G2_HUMAN_TRANSMEM6	SP='NO' D=0.198 D-cutoff=0.500 Networks=SignalP-TM
