# SignalP-4.1 euk predictions
# Name=S39A9_HUMAN_TRANSMEM2	Length=70	Networks=SignalP-TM
# pos  aa    C       S       Y
    1   F   0.101   0.257   0.161
    2   S   0.103   0.345   0.163
    3   E   0.101   0.352   0.163
    4   E   0.101   0.366   0.165
    5   R   0.101   0.341   0.167
    6   L   0.102   0.315   0.170
    7   K   0.102   0.309   0.171
    8   L   0.102   0.340   0.172
    9   V   0.104   0.377   0.176
   10   T   0.102   0.376   0.177
   11   V   0.105   0.332   0.182
   12   L   0.101   0.295   0.180
   13   G   0.105   0.254   0.185
   14   A   0.100   0.273   0.180
   15   G   0.097   0.289   0.177
   16   L   0.101   0.351   0.181
   17   L   0.100   0.415   0.181
   18   C   0.101   0.384   0.183
   19   G   0.103   0.488   0.185
   20   T   0.103   0.439   0.188
   21   A   0.105   0.463   0.193
   22   L   0.129   0.335   0.216
   23   A   0.110   0.272   0.199
   24   V   0.457   0.164   0.403
   25   I   0.103   0.172   0.187
   26   V   0.114   0.154   0.193
   27   P   0.100   0.160   0.179
   28   E   0.116   0.150   0.190
   29   G   0.100   0.136   0.174
   30   V   0.103   0.126   0.173
   31   H   0.103   0.177   0.169
   32   A   0.109   0.147   0.168
   33   L   0.473   0.081   0.338
   34   Y   0.104   0.098   0.149
   35   E   0.103   0.096   0.140
   36   D   0.104   0.102   0.130
   37   I   0.101   0.103   0.121
   38   L   0.103   0.106   0.117
   39   E   0.103   0.106   0.115
   40   G   0.102   0.112   0.113
   41   K   0.104   0.107   0.113
   42   H   0.104   0.104   0.111
   43   H   0.102   0.103   0.108
   44   Q   0.102   0.107   0.107
   45   A   0.102   0.107   0.106
   46   S   0.098   0.109   0.102
   47   E   0.102   0.104   0.103
   48   T   0.098   0.103   0.101
   49   H   0.101   0.104   0.103
   50   N   0.100   0.107   0.103
   51   V   0.101   0.105   0.103
   52   I   0.106   0.105   0.106
   53   A   0.104   0.103   0.105
   54   S   0.096   0.106   0.101
   55   D   0.101   0.106   0.103
   56   K   0.105   0.110   0.105
   57   A   0.105   0.103   0.105
   58   A   0.100   0.107   0.103
   59   E   0.099   0.103   0.102
   60   K   0.103   0.105   0.104
   61   S   0.101   0.106   0.103
   62   V   0.102   0.106   0.103
   63   V   0.103   0.105   0.104
   64   H   0.104   0.108   0.105
   65   E   0.100   0.106   0.103
   66   H   0.102   0.106   0.104
   67   E   0.103   0.105   0.105
   68   H   0.103   0.107   0.105
   69   S   0.101   0.108   0.104
   70   H   0.101   0.108   0.104
# Measure  Position  Value    Cutoff   signal peptide?
  max. C    33       0.473
  max. Y    24       0.403
  max. S    19       0.488
  mean S     1-23    0.346
       D     1-23    0.380   0.500   NO
Name=S39A9_HUMAN_TRANSMEM2	SP='NO' D=0.380 D-cutoff=0.500 Networks=SignalP-TM
