# SignalP-4.1 euk predictions
# Name=S41A3_HUMAN_TRANSMEM8	Length=70	Networks=SignalP-TM
# pos  aa    C       S       Y
    1   S   0.101   0.322   0.180
    2   M   0.101   0.271   0.180
    3   S   0.104   0.195   0.181
    4   A   0.102   0.132   0.178
    5   R   0.098   0.117   0.170
    6   V   0.104   0.163   0.171
    7   L   0.101   0.148   0.165
    8   L   0.105   0.156   0.165
    9   L   0.100   0.180   0.157
   10   L   0.103   0.176   0.155
   11   V   0.104   0.173   0.153
   12   V   0.103   0.127   0.148
   13   P   0.107   0.164   0.146
   14   G   0.103   0.148   0.140
   15   H   0.100   0.155   0.133
   16   L   0.101   0.149   0.129
   17   I   0.111   0.164   0.131
   18   F   0.107   0.205   0.128
   19   F   0.114   0.138   0.135
   20   Y   0.111   0.135   0.134
   21   I   0.103   0.074   0.128
   22   I   0.100   0.060   0.124
   23   Y   0.102   0.067   0.122
   24   L   0.101   0.112   0.118
   25   V   0.107   0.061   0.120
   26   E   0.100   0.073   0.112
   27   G   0.106   0.106   0.114
   28   Q   0.575   0.058   0.260
   29   S   0.107   0.067   0.109
   30   V   0.129   0.069   0.116
   31   I   0.102   0.052   0.101
   32   N   0.099   0.053   0.095
   33   S   0.106   0.053   0.092
   34   Q   0.139   0.035   0.102
   35   T   0.104   0.043   0.083
   36   F   0.104   0.033   0.082
   37   V   0.101   0.040   0.080
   38   V   0.100   0.032   0.078
   39   L   0.101   0.030   0.075
   40   Y   0.102   0.024   0.074
   41   L   0.102   0.018   0.071
   42   L   0.106   0.015   0.068
   43   A   0.106   0.012   0.065
   44   G   0.099   0.011   0.060
   45   L   0.102   0.013   0.058
   46   I   0.105   0.014   0.056
   47   Q   0.103   0.009   0.052
   48   V   0.102   0.013   0.049
   49   T   0.100   0.011   0.047
   50   I   0.104   0.013   0.045
   51   L   0.101   0.017   0.043
   52   L   0.106   0.026   0.042
   53   Y   0.103   0.033   0.041
   54   L   0.101   0.045   0.041
   55   A   0.104   0.056   0.043
   56   E   0.100   0.067   0.045
   57   V   0.103   0.082   0.050
   58   M   0.099   0.082   0.054
   59   V   0.104   0.124   0.060
   60   R   0.103   0.124   0.066
   61   L   0.102   0.135   0.071
   62   T   0.101   0.106   0.077
   63   W   0.102   0.113   0.082
   64   H   0.103   0.113   0.087
   65   Q   0.102   0.104   0.090
   66   A   0.104   0.105   0.095
   67   L   0.098   0.103   0.095
   68   D   0.102   0.097   0.100
   69   P   0.097   0.099   0.099
   70   D   0.106   0.101   0.105
# Measure  Position  Value    Cutoff   signal peptide?
  max. C    28       0.575
  max. Y    28       0.260
  max. S     1       0.322
  mean S     1-27    0.147
       D     1-27    0.215   0.500   NO
Name=S41A3_HUMAN_TRANSMEM8	SP='NO' D=0.215 D-cutoff=0.500 Networks=SignalP-TM
