# SignalP-4.1 euk predictions
# Name=S4A5_HUMAN_TRANSMEM6	Length=70	Networks=SignalP-TM
# pos  aa    C       S       Y
    1   F   0.102   0.496   0.225
    2   G   0.102   0.571   0.225
    3   K   0.100   0.506   0.224
    4   N   0.103   0.425   0.228
    5   P   0.102   0.353   0.226
    6   W   0.102   0.387   0.223
    7   W   0.101   0.440   0.220
    8   V   0.101   0.500   0.220
    9   Y   0.100   0.507   0.218
   10   P   0.103   0.557   0.221
   11   A   0.100   0.590   0.220
   12   S   0.101   0.617   0.222
   13   I   0.103   0.473   0.226
   14   L   0.097   0.493   0.219
   15   P   0.105   0.436   0.227
   16   A   0.103   0.369   0.224
   17   L   0.100   0.294   0.218
   18   L   0.105   0.400   0.220
   19   V   0.106   0.480   0.220
   20   T   0.106   0.427   0.222
   21   I   0.109   0.307   0.227
   22   L   0.106   0.378   0.221
   23   I   0.106   0.324   0.219
   24   F   0.107   0.238   0.217
   25   M   0.100   0.280   0.204
   26   D   0.105   0.189   0.203
   27   Q   0.104   0.224   0.195
   28   Q   0.108   0.272   0.193
   29   I   0.102   0.328   0.184
   30   T   0.101   0.485   0.180
   31   A   0.116   0.403   0.196
   32   V   0.368   0.125   0.353
   33   I   0.110   0.089   0.187
   34   V   0.099   0.088   0.170
   35   N   0.104   0.096   0.166
   36   R   0.105   0.090   0.162
   37   K   0.103   0.081   0.154
   38   E   0.102   0.087   0.148
   39   N   0.102   0.095   0.144
   40   K   0.099   0.102   0.137
   41   L   0.102   0.087   0.137
   42   K   0.103   0.092   0.134
   43   K   0.104   0.086   0.129
   44   A   0.103   0.076   0.121
   45   A   0.100   0.083   0.107
   46   G   0.100   0.081   0.095
   47   Y   0.102   0.093   0.095
   48   H   0.101   0.061   0.095
   49   L   0.104   0.034   0.095
   50   D   0.103   0.041   0.092
   51   L   0.100   0.053   0.089
   52   F   0.106   0.044   0.090
   53   W   0.104   0.044   0.087
   54   V   0.104   0.041   0.085
   55   G   0.103   0.033   0.082
   56   I   0.100   0.035   0.078
   57   L   0.100   0.032   0.076
   58   M   0.103   0.042   0.074
   59   A   0.102   0.051   0.072
   60   L   0.099   0.059   0.070
   61   C   0.102   0.068   0.069
   62   S   0.105   0.068   0.069
   63   F   0.102   0.083   0.069
   64   M   0.102   0.065   0.071
   65   G   0.104   0.076   0.073
   66   L   0.104   0.060   0.074
   67   P   0.100   0.063   0.074
   68   W   0.102   0.087   0.075
   69   Y   0.101   0.120   0.077
   70   V   0.099   0.111   0.080
# Measure  Position  Value    Cutoff   signal peptide?
  max. C    32       0.368
  max. Y    32       0.353
  max. S    12       0.617
  mean S     1-31    0.411
       D     1-31    0.376   0.500   NO
Name=S4A5_HUMAN_TRANSMEM6	SP='NO' D=0.376 D-cutoff=0.500 Networks=SignalP-TM
