# SignalP-4.1 euk predictions
# Name=S61A1_HUMAN_TRANSMEM6	Length=70	Networks=SignalP-TM
# pos  aa    C       S       Y
    1   R   0.102   0.371   0.194
    2   Q   0.103   0.367   0.195
    3   N   0.102   0.314   0.195
    4   L   0.100   0.341   0.192
    5   P   0.103   0.429   0.194
    6   N   0.102   0.335   0.194
    7   L   0.103   0.326   0.194
    8   M   0.102   0.297   0.193
    9   N   0.103   0.345   0.191
   10   L   0.103   0.212   0.192
   11   I   0.102   0.183   0.187
   12   A   0.104   0.126   0.185
   13   T   0.099   0.133   0.176
   14   I   0.101   0.169   0.173
   15   F   0.100   0.209   0.168
   16   V   0.102   0.197   0.166
   17   F   0.100   0.212   0.161
   18   A   0.101   0.316   0.159
   19   V   0.184   0.204   0.214
   20   V   0.100   0.171   0.153
   21   I   0.105   0.141   0.152
   22   Y   0.103   0.149   0.146
   23   F   0.117   0.128   0.152
   24   Q   0.118   0.159   0.147
   25   G   0.103   0.249   0.135
   26   F   0.137   0.099   0.159
   27   R   0.101   0.174   0.135
   28   V   0.109   0.173   0.142
   29   D   0.111   0.111   0.143
   30   L   0.100   0.121   0.133
   31   P   0.102   0.111   0.132
   32   I   0.108   0.107   0.133
   33   K   0.103   0.125   0.124
   34   S   0.102   0.111   0.121
   35   A   0.105   0.113   0.121
   36   R   0.103   0.081   0.119
   37   Y   0.104   0.076   0.118
   38   R   0.099   0.084   0.113
   39   G   0.104   0.102   0.113
   40   Q   0.099   0.101   0.106
   41   Y   0.104   0.101   0.109
   42   N   0.100   0.098   0.104
   43   T   0.100   0.099   0.102
   44   Y   0.102   0.102   0.102
   45   P   0.104   0.098   0.102
   46   I   0.102   0.089   0.101
   47   K   0.103   0.094   0.101
   48   L   0.104   0.092   0.100
   49   F   0.102   0.105   0.098
   50   Y   0.105   0.111   0.099
   51   T   0.103   0.104   0.100
   52   S   0.105   0.095   0.102
   53   N   0.102   0.084   0.101
   54   I   0.103   0.093   0.101
   55   P   0.101   0.077   0.099
   56   I   0.105   0.079   0.100
   57   I   0.102   0.079   0.098
   58   L   0.101   0.084   0.097
   59   Q   0.102   0.087   0.097
   60   S   0.102   0.083   0.096
   61   A   0.101   0.074   0.096
   62   L   0.100   0.080   0.095
   63   V   0.100   0.105   0.094
   64   S   0.100   0.094   0.094
   65   N   0.101   0.130   0.094
   66   L   0.100   0.127   0.095
   67   Y   0.102   0.121   0.096
   68   V   0.100   0.137   0.097
   69   I   0.099   0.109   0.098
   70   S   0.103   0.097   0.101
# Measure  Position  Value    Cutoff   signal peptide?
  max. C    19       0.184
  max. Y    19       0.214
  max. S     5       0.429
  mean S     1-18    0.271
       D     1-18    0.237   0.500   NO
Name=S61A1_HUMAN_TRANSMEM6	SP='NO' D=0.237 D-cutoff=0.500 Networks=SignalP-TM
