# SignalP-4.1 euk predictions
# Name=S6A14_HUMAN_TRANSMEM1	Length=70	Networks=SignalP-TM
# pos  aa    C       S       Y
    1   S   0.101   0.116   0.108
    2   K   0.100   0.116   0.108
    3   K   0.101   0.108   0.108
    4   S   0.101   0.132   0.108
    5   D   0.101   0.123   0.109
    6   Y   0.102   0.122   0.109
    7   L   0.101   0.106   0.109
    8   L   0.102   0.089   0.109
    9   S   0.101   0.082   0.108
   10   M   0.101   0.077   0.106
   11   I   0.104   0.076   0.107
   12   G   0.103   0.099   0.105
   13   Y   0.101   0.134   0.103
   14   A   0.103   0.165   0.105
   15   V   0.099   0.171   0.104
   16   G   0.104   0.222   0.109
   17   L   0.145   0.173   0.133
   18   G   0.100   0.197   0.113
   19   N   0.119   0.121   0.125
   20   V   0.103   0.176   0.116
   21   W   0.112   0.129   0.123
   22   R   0.102   0.140   0.118
   23   F   0.122   0.101   0.131
   24   P   0.103   0.144   0.121
   25   Y   0.105   0.134   0.124
   26   L   0.102   0.137   0.124
   27   T   0.103   0.124   0.125
   28   Y   0.103   0.093   0.125
   29   S   0.102   0.124   0.123
   30   N   0.104   0.099   0.122
   31   G   0.106   0.088   0.120
   32   G   0.104   0.054   0.116
   33   G   0.103   0.046   0.111
   34   A   0.104   0.060   0.108
   35   F   0.107   0.066   0.106
   36   L   0.103   0.066   0.102
   37   I   0.102   0.069   0.099
   38   P   0.103   0.054   0.098
   39   Y   0.106   0.059   0.096
   40   A   0.104   0.053   0.092
   41   I   0.098   0.055   0.086
   42   M   0.102   0.061   0.085
   43   L   0.102   0.046   0.083
   44   A   0.104   0.066   0.081
   45   L   0.103   0.073   0.079
   46   A   0.107   0.079   0.080
   47   G   0.123   0.096   0.087
   48   L   0.104   0.091   0.082
   49   P   0.104   0.113   0.083
   50   L   0.105   0.133   0.086
   51   F   0.103   0.180   0.088
   52   F   0.099   0.153   0.091
   53   L   0.103   0.158   0.096
   54   E   0.103   0.229   0.100
   55   C   0.101   0.220   0.105
   56   S   0.103   0.223   0.112
   57   L   0.101   0.253   0.116
   58   G   0.102   0.227   0.123
   59   Q   0.128   0.169   0.143
   60   F   0.101   0.203   0.129
   61   A   0.102   0.188   0.133
   62   S   0.099   0.179   0.134
   63   L   0.101   0.157   0.138
   64   G   0.103   0.127   0.140
   65   P   0.098   0.107   0.137
   66   V   0.102   0.123   0.138
   67   S   0.100   0.140   0.136
   68   V   0.102   0.133   0.137
   69   W   0.095   0.119   0.129
   70   R   0.102   0.101   0.131
# Measure  Position  Value    Cutoff   signal peptide?
  max. C    17       0.145
  max. Y    59       0.143
  max. S    57       0.253
  mean S     1-58    0.119
       D     1-58    0.133   0.500   NO
Name=S6A14_HUMAN_TRANSMEM1	SP='NO' D=0.133 D-cutoff=0.500 Networks=SignalP-TM
