# SignalP-4.1 euk predictions
# Name=S6A18_HUMAN_TRANSMEM10	Length=70	Networks=SignalP-noTM
# pos  aa    C       S       Y
    1   I   0.102   0.704   0.268
    2   F   0.098   0.724   0.263
    3   D   0.102   0.790   0.269
    4   N   0.101   0.812   0.268
    5   F   0.105   0.820   0.273
    6   A   0.106   0.847   0.276
    7   A   0.099   0.822   0.268
    8   S   0.098   0.828   0.267
    9   P   0.097   0.763   0.268
   10   N   0.102   0.718   0.274
   11   L   0.100   0.645   0.272
   12   L   0.098   0.731   0.268
   13   M   0.099   0.787   0.270
   14   L   0.104   0.784   0.278
   15   A   0.106   0.728   0.281
   16   F   0.098   0.723   0.270
   17   L   0.105   0.702   0.280
   18   E   0.108   0.617   0.284
   19   V   0.099   0.685   0.271
   20   V   0.098   0.617   0.270
   21   G   0.100   0.730   0.272
   22   V   0.154   0.630   0.338
   23   V   0.131   0.411   0.311
   24   Y   0.106   0.560   0.277
   25   V   0.108   0.485   0.278
   26   Y   0.196   0.182   0.371
   27   G   0.102   0.286   0.262
   28   M   0.379   0.121   0.496
   29   K   0.105   0.139   0.255
   30   R   0.110   0.127   0.253
   31   F   0.109   0.108   0.245
   32   C   0.103   0.121   0.232
   33   D   0.107   0.124   0.230
   34   D   0.104   0.126   0.222
   35   I   0.109   0.121   0.220
   36   A   0.104   0.110   0.208
   37   W   0.096   0.109   0.192
   38   M   0.104   0.135   0.193
   39   T   0.101   0.190   0.183
   40   G   0.104   0.183   0.179
   41   R   0.100   0.177   0.169
   42   R   0.106   0.252   0.167
   43   P   0.101   0.259   0.158
   44   S   0.110   0.460   0.158
   45   P   0.098   0.485   0.146
   46   Y   0.104   0.579   0.151
   47   W   0.097   0.633   0.147
   48   R   0.099   0.703   0.150
   49   L   0.102   0.675   0.161
   50   T   0.104   0.605   0.168
   51   W   0.097   0.524   0.169
   52   R   0.104   0.466   0.179
   53   V   0.105   0.379   0.185
   54   V   0.104   0.372   0.187
   55   S   0.105   0.445   0.191
   56   P   0.102   0.449   0.193
   57   L   0.102   0.517   0.196
   58   L   0.106   0.430   0.205
   59   L   0.101   0.384   0.204
   60   T   0.102   0.396   0.208
   61   I   0.105   0.329   0.213
   62   F   0.103   0.235   0.213
   63   V   0.106   0.179   0.217
   64   A   0.099   0.143   0.210
   65   Y   0.106   0.146   0.216
   66   I   0.104   0.130   0.213
   67   I   0.103   0.150   0.208
   68   L   0.097   0.153   0.198
   69   L   0.099   0.148   0.195
   70   F   0.104   0.146   0.194
# Measure  Position  Value    Cutoff   signal peptide?
  max. C    28       0.379
  max. Y    28       0.496
  max. S     6       0.847
  mean S     1-27    0.672
       D     1-27    0.591   0.450   YES
Name=S6A18_HUMAN_TRANSMEM10	SP='YES' Cleavage site between pos. 27 and 28: VYG-MK D=0.591 D-cutoff=0.450 Networks=SignalP-noTM
