# SignalP-4.1 euk predictions
# Name=S6A11_HUMAN_TRANSMEM4	Length=70	Networks=SignalP-noTM
# pos  aa    C       S       Y
    1   I   0.102   0.887   0.300
    2   G   0.102   0.933   0.301
    3   N   0.099   0.952   0.297
    4   L   0.103   0.966   0.303
    5   R   0.102   0.970   0.302
    6   W   0.102   0.972   0.304
    7   E   0.101   0.970   0.302
    8   L   0.103   0.956   0.305
    9   A   0.107   0.944   0.312
   10   L   0.096   0.952   0.296
   11   C   0.104   0.958   0.309
   12   L   0.098   0.966   0.300
   13   L   0.108   0.974   0.316
   14   A   0.102   0.952   0.307
   15   A   0.096   0.923   0.298
   16   W   0.101   0.888   0.307
   17   T   0.103   0.886   0.309
   18   I   0.105   0.881   0.313
   19   C   0.099   0.860   0.303
   20   Y   0.219   0.590   0.452
   21   F   0.112   0.684   0.320
   22   C   0.198   0.599   0.424
   23   I   0.169   0.423   0.389
   24   W   0.099   0.397   0.293
   25   K   0.123   0.409   0.323
   26   G   0.111   0.412   0.302
   27   T   0.156   0.291   0.353
   28   K   0.108   0.372   0.288
   29   S   0.121   0.463   0.299
   30   T   0.227   0.418   0.403
   31   G   0.126   0.266   0.295
   32   K   0.163   0.205   0.328
   33   V   0.102   0.302   0.253
   34   V   0.102   0.440   0.247
   35   Y   0.101   0.499   0.241
   36   V   0.097   0.390   0.231
   37   T   0.103   0.383   0.233
   38   A   0.109   0.466   0.234
   39   T   0.109   0.538   0.229
   40   F   0.104   0.641   0.220
   41   P   0.100   0.651   0.214
   42   Y   0.102   0.653   0.213
   43   I   0.104   0.607   0.217
   44   M   0.100   0.593   0.212
   45   L   0.106   0.647   0.218
   46   L   0.104   0.459   0.218
   47   I   0.101   0.410   0.216
   48   L   0.104   0.530   0.218
   49   L   0.106   0.662   0.222
   50   I   0.103   0.592   0.223
   51   R   0.102   0.480   0.224
   52   G   0.110   0.536   0.233
   53   V   0.150   0.225   0.273
   54   T   0.100   0.323   0.222
   55   L   0.127   0.192   0.252
   56   P   0.099   0.133   0.222
   57   G   0.129   0.118   0.249
   58   A   0.100   0.110   0.215
   59   S   0.102   0.102   0.215
   60   E   0.150   0.106   0.256
   61   G   0.105   0.099   0.211
   62   I   0.163   0.101   0.257
   63   K   0.103   0.100   0.197
   64   F   0.096   0.099   0.184
   65   Y   0.103   0.101   0.184
   66   L   0.101   0.105   0.176
   67   Y   0.107   0.102   0.174
   68   P   0.102   0.098   0.162
   69   D   0.106   0.100   0.160
   70   L   0.103   0.098   0.153
# Measure  Position  Value    Cutoff   signal peptide?
  max. C    30       0.227
  max. Y    20       0.452
  max. S    13       0.974
  mean S     1-19    0.936
       D     1-19    0.713   0.450   YES
Name=S6A11_HUMAN_TRANSMEM4	SP='YES' Cleavage site between pos. 19 and 20: TIC-YF D=0.713 D-cutoff=0.450 Networks=SignalP-noTM
