# SignalP-4.1 euk predictions
# Name=S6A18_HUMAN_TRANSMEM3	Length=70	Networks=SignalP-TM
# pos  aa    C       S       Y
    1   K   0.101   0.277   0.168
    2   G   0.102   0.257   0.168
    3   S   0.101   0.238   0.166
    4   V   0.103   0.306   0.167
    5   G   0.103   0.343   0.168
    6   V   0.099   0.308   0.167
    7   W   0.099   0.298   0.167
    8   T   0.105   0.269   0.173
    9   A   0.102   0.272   0.170
   10   I   0.096   0.231   0.165
   11   S   0.103   0.197   0.170
   12   P   0.098   0.190   0.163
   13   Y   0.103   0.194   0.166
   14   L   0.103   0.190   0.164
   15   S   0.103   0.146   0.162
   16   G   0.101   0.144   0.157
   17   V   0.107   0.125   0.159
   18   G   0.103   0.111   0.154
   19   L   0.110   0.105   0.154
   20   G   0.110   0.074   0.148
   21   C   0.148   0.047   0.164
   22   V   0.104   0.043   0.131
   23   T   0.103   0.022   0.123
   24   L   0.105   0.019   0.117
   25   S   0.103   0.020   0.109
   26   F   0.107   0.022   0.105
   27   L   0.103   0.013   0.096
   28   I   0.103   0.022   0.089
   29   S   0.102   0.020   0.081
   30   L   0.104   0.025   0.076
   31   Y   0.104   0.017   0.070
   32   Y   0.101   0.018   0.063
   33   N   0.104   0.018   0.059
   34   T   0.100   0.022   0.052
   35   I   0.104   0.036   0.049
   36   V   0.103   0.061   0.048
   37   A   0.102   0.088   0.049
   38   W   0.155   0.105   0.067
   39   V   0.103   0.127   0.060
   40   L   0.100   0.099   0.065
   41   W   0.104   0.158   0.071
   42   Y   0.103   0.143   0.078
   43   L   0.102   0.132   0.083
   44   L   0.103   0.183   0.088
   45   N   0.102   0.223   0.094
   46   S   0.104   0.225   0.102
   47   F   0.103   0.204   0.109
   48   Q   0.104   0.223   0.116
   49   H   0.111   0.186   0.126
   50   P   0.098   0.188   0.123
   51   L   0.104   0.155   0.130
   52   P   0.102   0.183   0.131
   53   W   0.102   0.141   0.133
   54   S   0.102   0.120   0.133
   55   S   0.105   0.114   0.136
   56   C   0.101   0.106   0.132
   57   P   0.102   0.099   0.132
   58   P   0.100   0.105   0.129
   59   D   0.101   0.103   0.128
   60   L   0.105   0.105   0.127
   61   N   0.102   0.106   0.122
   62   R   0.101   0.104   0.118
   63   T   0.103   0.104   0.116
   64   G   0.105   0.104   0.114
   65   F   0.104   0.104   0.111
   66   V   0.105   0.103   0.109
   67   E   0.100   0.103   0.104
   68   E   0.104   0.100   0.105
   69   C   0.101   0.105   0.102
   70   Q   0.103   0.102   0.103
# Measure  Position  Value    Cutoff   signal peptide?
  max. C    38       0.155
  max. Y    11       0.170
  max. S     5       0.343
  mean S     1-10    0.280
       D     1-10    0.214   0.500   NO
Name=S6A18_HUMAN_TRANSMEM3	SP='NO' D=0.214 D-cutoff=0.500 Networks=SignalP-TM
