# SignalP-4.1 euk predictions
# Name=S6A20_HUMAN_TRANSMEM11	Length=70	Networks=SignalP-noTM
# pos  aa    C       S       Y
    1   A   0.103   0.885   0.302
    2   V   0.097   0.843   0.293
    3   S   0.104   0.911   0.302
    4   W   0.099   0.939   0.295
    5   Y   0.099   0.932   0.297
    6   W   0.098   0.932   0.295
    7   K   0.100   0.944   0.298
    8   V   0.098   0.945   0.296
    9   M   0.105   0.958   0.307
   10   W   0.104   0.969   0.307
   11   A   0.103   0.953   0.305
   12   G   0.106   0.965   0.310
   13   V   0.099   0.972   0.300
   14   S   0.097   0.964   0.298
   15   P   0.104   0.934   0.309
   16   L   0.128   0.942   0.343
   17   L   0.106   0.954   0.313
   18   I   0.105   0.984   0.312
   19   V   0.107   0.982   0.316
   20   S   0.114   0.977   0.327
   21   L   0.142   0.931   0.365
   22   F   0.117   0.885   0.332
   23   V   0.105   0.899   0.315
   24   F   0.107   0.883   0.318
   25   Y   0.104   0.843   0.313
   26   L   0.113   0.823   0.325
   27   S   0.104   0.753   0.312
   28   D   0.129   0.632   0.346
   29   Y   0.108   0.670   0.314
   30   I   0.120   0.537   0.329
   31   L   0.102   0.477   0.300
   32   T   0.107   0.455   0.304
   33   G   0.185   0.203   0.394
   34   T   0.113   0.179   0.302
   35   L   0.112   0.169   0.293
   36   K   0.100   0.188   0.270
   37   Y   0.108   0.145   0.274
   38   Q   0.104   0.131   0.262
   39   A   0.105   0.144   0.256
   40   W   0.106   0.127   0.249
   41   D   0.100   0.141   0.234
   42   A   0.096   0.116   0.221
   43   S   0.103   0.105   0.220
   44   Q   0.100   0.111   0.208
   45   G   0.097   0.112   0.196
   46   Q   0.115   0.099   0.204
   47   L   0.104   0.113   0.184
   48   V   0.098   0.112   0.169
   49   T   0.102   0.115   0.163
   50   K   0.103   0.138   0.154
   51   D   0.100   0.125   0.144
   52   Y   0.104   0.118   0.138
   53   P   0.107   0.111   0.133
   54   A   0.102   0.106   0.123
   55   Y   0.099   0.105   0.115
   56   A   0.105   0.110   0.116
   57   L   0.099   0.109   0.111
   58   A   0.106   0.104   0.113
   59   V   0.101   0.117   0.109
   60   I   0.107   0.107   0.112
   61   G   0.105   0.095   0.110
   62   L   0.099   0.097   0.106
   63   L   0.110   0.097   0.111
   64   V   0.106   0.096   0.108
   65   A   0.104   0.099   0.107
   66   S   0.103   0.096   0.106
   67   S   0.104   0.095   0.106
   68   T   0.102   0.096   0.104
   69   M   0.102   0.104   0.105
   70   C   0.105   0.104   0.106
# Measure  Position  Value    Cutoff   signal peptide?
  max. C    33       0.185
  max. Y    33       0.394
  max. S    18       0.984
  mean S     1-32    0.865
       D     1-32    0.648   0.450   YES
Name=S6A20_HUMAN_TRANSMEM11	SP='YES' Cleavage site between pos. 32 and 33: ILT-GT D=0.648 D-cutoff=0.450 Networks=SignalP-noTM
