# SignalP-4.1 euk predictions
# Name=SAMD8_HUMAN_TRANSMEM3	Length=70	Networks=SignalP-noTM
# pos  aa    C       S       Y
    1   I   0.103   0.892   0.303
    2   L   0.102   0.872   0.301
    3   L   0.103   0.921   0.303
    4   R   0.101   0.953   0.301
    5   R   0.106   0.956   0.309
    6   L   0.105   0.969   0.307
    7   C   0.103   0.967   0.305
    8   S   0.103   0.965   0.306
    9   L   0.099   0.942   0.300
   10   M   0.096   0.924   0.296
   11   G   0.099   0.931   0.301
   12   T   0.097   0.917   0.298
   13   V   0.097   0.918   0.298
   14   F   0.098   0.944   0.299
   15   L   0.103   0.941   0.307
   16   L   0.108   0.905   0.315
   17   R   0.098   0.921   0.301
   18   C   0.109   0.943   0.317
   19   F   0.154   0.810   0.378
   20   T   0.101   0.866   0.305
   21   M   0.127   0.789   0.342
   22   F   0.112   0.788   0.320
   23   V   0.107   0.780   0.312
   24   T   0.096   0.832   0.294
   25   S   0.104   0.832   0.306
   26   L   0.592   0.601   0.730
   27   S   0.112   0.513   0.314
   28   V   0.174   0.354   0.388
   29   P   0.095   0.474   0.281
   30   G   0.112   0.470   0.301
   31   Q   0.192   0.152   0.389
   32   H   0.108   0.177   0.285
   33   L   0.105   0.169   0.275
   34   Q   0.115   0.115   0.281
   35   C   0.103   0.103   0.258
   36   T   0.106   0.106   0.254
   37   G   0.099   0.107   0.238
   38   K   0.099   0.098   0.231
   39   I   0.105   0.096   0.229
   40   Y   0.096   0.099   0.210
   41   G   0.098   0.119   0.204
   42   S   0.110   0.113   0.208
   43   V   0.101   0.129   0.190
   44   W   0.102   0.122   0.183
   45   E   0.101   0.129   0.173
   46   K   0.096   0.122   0.161
   47   L   0.108   0.155   0.159
   48   H   0.101   0.158   0.144
   49   R   0.103   0.173   0.139
   50   A   0.107   0.178   0.135
   51   F   0.104   0.135   0.130
   52   A   0.108   0.104   0.126
   53   I   0.104   0.123   0.116
   54   W   0.100   0.121   0.114
   55   S   0.100   0.112   0.112
   56   G   0.098   0.102   0.110
   57   F   0.096   0.100   0.109
   58   G   0.105   0.097   0.114
   59   M   0.103   0.099   0.112
   60   T   0.105   0.099   0.113
   61   L   0.103   0.099   0.112
   62   T   0.106   0.101   0.114
   63   G   0.108   0.101   0.115
   64   V   0.105   0.100   0.113
   65   H   0.104   0.097   0.112
   66   T   0.103   0.100   0.111
   67   C   0.166   0.102   0.140
   68   G   0.101   0.101   0.109
   69   D   0.101   0.101   0.108
   70   Y   0.102   0.101   0.108
# Measure  Position  Value    Cutoff   signal peptide?
  max. C    26       0.592
  max. Y    26       0.730
  max. S     6       0.969
  mean S     1-25    0.899
       D     1-25    0.821   0.450   YES
Name=SAMD8_HUMAN_TRANSMEM3	SP='YES' Cleavage site between pos. 25 and 26: VTS-LS D=0.821 D-cutoff=0.450 Networks=SignalP-noTM
