# SignalP-4.1 euk predictions
# Name=SC5A9_HUMAN_TRANSMEM3	Length=70	Networks=SignalP-noTM
# pos  aa    C       S       Y
    1   F   0.101   0.938   0.309
    2   E   0.101   0.950   0.308
    3   W   0.101   0.969   0.308
    4   N   0.103   0.978   0.312
    5   A   0.103   0.983   0.311
    6   T   0.096   0.988   0.301
    7   W   0.102   0.989   0.311
    8   L   0.100   0.989   0.308
    9   L   0.101   0.983   0.310
   10   L   0.104   0.978   0.315
   11   A   0.102   0.984   0.312
   12   L   0.102   0.984   0.312
   13   G   0.106   0.986   0.318
   14   W   0.107   0.983   0.321
   15   V   0.104   0.983   0.317
   16   F   0.100   0.976   0.311
   17   V   0.101   0.963   0.312
   18   P   0.098   0.938   0.308
   19   V   0.106   0.939   0.321
   20   Y   0.102   0.942   0.315
   21   I   0.109   0.933   0.325
   22   A   0.206   0.914   0.447
   23   A   0.424   0.802   0.640
   24   G   0.479   0.339   0.678
   25   V   0.534   0.166   0.706
   26   V   0.109   0.172   0.312
   27   T   0.113   0.203   0.312
   28   M   0.225   0.129   0.431
   29   P   0.102   0.127   0.283
   30   Q   0.119   0.132   0.298
   31   Y   0.104   0.134   0.271
   32   L   0.103   0.164   0.262
   33   K   0.103   0.155   0.256
   34   K   0.107   0.137   0.252
   35   R   0.108   0.119   0.245
   36   F   0.103   0.119   0.231
   37   G   0.107   0.127   0.226
   38   G   0.109   0.121   0.219
   39   Q   0.100   0.118   0.200
   40   R   0.103   0.147   0.193
   41   I   0.108   0.149   0.187
   42   Q   0.098   0.191   0.168
   43   V   0.104   0.179   0.163
   44   Y   0.098   0.181   0.147
   45   M   0.100   0.182   0.137
   46   S   0.101   0.215   0.127
   47   V   0.094   0.207   0.120
   48   L   0.097   0.180   0.123
   49   S   0.103   0.154   0.126
   50   L   0.097   0.179   0.122
   51   I   0.104   0.128   0.127
   52   L   0.100   0.121   0.124
   53   Y   0.104   0.145   0.127
   54   I   0.102   0.123   0.126
   55   F   0.103   0.114   0.126
   56   T   0.105   0.108   0.126
   57   K   0.106   0.100   0.126
   58   I   0.098   0.097   0.121
   59   S   0.099   0.096   0.121
   60   T   0.102   0.096   0.123
   61   D   0.163   0.095   0.154
   62   I   0.106   0.091   0.124
   63   F   0.095   0.095   0.116
   64   S   0.101   0.097   0.119
   65   G   0.099   0.094   0.116
   66   A   0.106   0.098   0.118
   67   L   0.098   0.099   0.112
   68   F   0.101   0.102   0.112
   69   I   0.099   0.094   0.109
   70   Q   0.103   0.100   0.108
# Measure  Position  Value    Cutoff   signal peptide?
  max. C    25       0.534
  max. Y    25       0.706
  max. S     7       0.989
  mean S     1-24    0.934
       D     1-24    0.829   0.450   YES
Name=SC5A9_HUMAN_TRANSMEM3	SP='YES' Cleavage site between pos. 24 and 25: AAG-VV D=0.829 D-cutoff=0.450 Networks=SignalP-noTM
