# SignalP-4.1 euk predictions
# Name=SC5AA_HUMAN_TRANSMEM1	Length=70	Networks=SignalP-TM
# pos  aa    C       S       Y
    1   T   0.102   0.294   0.173
    2   P   0.102   0.302   0.173
    3   G   0.104   0.275   0.175
    4   T   0.101   0.255   0.172
    5   Q   0.103   0.255   0.173
    6   L   0.100   0.230   0.169
    7   S   0.102   0.189   0.170
    8   V   0.100   0.211   0.166
    9   A   0.103   0.240   0.167
   10   D   0.099   0.269   0.162
   11   I   0.102   0.125   0.164
   12   I   0.102   0.186   0.160
   13   V   0.103   0.202   0.158
   14   I   0.102   0.124   0.156
   15   T   0.100   0.113   0.150
   16   V   0.099   0.165   0.145
   17   Y   0.103   0.266   0.144
   18   F   0.101   0.283   0.143
   19   A   0.107   0.273   0.148
   20   L   0.113   0.255   0.152
   21   N   0.105   0.282   0.147
   22   V   0.106   0.280   0.151
   23   A   0.104   0.322   0.151
   24   V   0.115   0.270   0.161
   25   G   0.104   0.208   0.153
   26   I   0.146   0.156   0.184
   27   W   0.100   0.148   0.151
   28   S   0.106   0.151   0.154
   29   S   0.113   0.132   0.160
   30   C   0.105   0.115   0.154
   31   R   0.104   0.166   0.153
   32   A   0.106   0.152   0.152
   33   S   0.189   0.135   0.198
   34   R   0.108   0.117   0.146
   35   N   0.106   0.132   0.141
   36   T   0.103   0.141   0.135
   37   V   0.101   0.149   0.130
   38   N   0.104   0.150   0.127
   39   G   0.105   0.140   0.124
   40   Y   0.108   0.127   0.124
   41   F   0.104   0.108   0.120
   42   L   0.106   0.113   0.121
   43   A   0.104   0.113   0.118
   44   G   0.098   0.114   0.114
   45   R   0.103   0.106   0.117
   46   D   0.105   0.090   0.116
   47   M   0.104   0.099   0.113
   48   T   0.103   0.101   0.112
   49   W   0.101   0.104   0.110
   50   W   0.100   0.117   0.109
   51   P   0.100   0.133   0.108
   52   I   0.103   0.146   0.109
   53   G   0.103   0.171   0.109
   54   A   0.101   0.155   0.109
   55   S   0.101   0.147   0.110
   56   L   0.102   0.124   0.112
   57   F   0.102   0.109   0.112
   58   A   0.102   0.131   0.112
   59   S   0.100   0.150   0.111
   60   S   0.104   0.151   0.115
   61   E   0.103   0.154   0.116
   62   G   0.106   0.148   0.119
   63   S   0.121   0.133   0.129
   64   G   0.099   0.115   0.118
   65   L   0.104   0.105   0.121
   66   F   0.101   0.081   0.118
   67   I   0.099   0.101   0.115
   68   G   0.105   0.093   0.116
   69   L   0.101   0.087   0.112
   70   A   0.107   0.104   0.113
# Measure  Position  Value    Cutoff   signal peptide?
  max. C    33       0.189
  max. Y    33       0.198
  max. S    23       0.322
  mean S     1-32    0.215
       D     1-32    0.205   0.500   NO
Name=SC5AA_HUMAN_TRANSMEM1	SP='NO' D=0.205 D-cutoff=0.500 Networks=SignalP-TM
