# SignalP-4.1 euk predictions
# Name=SC5A7_HUMAN_TRANSMEM1	Length=70	Networks=SignalP-TM
# pos  aa    C       S       Y
    1   A   0.102   0.543   0.236
    2   F   0.100   0.453   0.233
    3   H   0.104   0.306   0.236
    4   V   0.101   0.292   0.229
    5   E   0.103   0.343   0.227
    6   G   0.103   0.226   0.225
    7   L   0.098   0.146   0.213
    8   I   0.106   0.172   0.216
    9   A   0.102   0.228   0.205
   10   I   0.098   0.228   0.195
   11   I   0.101   0.214   0.192
   12   V   0.104   0.181   0.188
   13   F   0.104   0.155   0.181
   14   Y   0.101   0.152   0.171
   15   L   0.099   0.283   0.160
   16   L   0.102   0.318   0.157
   17   I   0.100   0.311   0.152
   18   L   0.104   0.353   0.155
   19   L   0.103   0.436   0.156
   20   V   0.106   0.523   0.161
   21   G   0.105   0.515   0.166
   22   I   0.125   0.414   0.190
   23   W   0.108   0.343   0.183
   24   A   0.109   0.469   0.186
   25   A   0.617   0.309   0.454
   26   W   0.233   0.253   0.282
   27   R   0.105   0.296   0.190
   28   T   0.223   0.192   0.281
   29   K   0.132   0.208   0.217
   30   N   0.100   0.263   0.188
   31   S   0.117   0.259   0.202
   32   G   0.123   0.231   0.206
   33   S   0.140   0.183   0.217
   34   A   0.150   0.146   0.219
   35   E   0.147   0.117   0.207
   36   E   0.105   0.124   0.166
   37   R   0.102   0.109   0.157
   38   S   0.107   0.097   0.155
   39   E   0.104   0.102   0.144
   40   A   0.102   0.092   0.137
   41   I   0.101   0.077   0.132
   42   I   0.105   0.074   0.129
   43   V   0.102   0.069   0.123
   44   G   0.106   0.053   0.121
   45   G   0.104   0.054   0.113
   46   R   0.098   0.056   0.103
   47   D   0.106   0.046   0.101
   48   I   0.104   0.044   0.095
   49   G   0.103   0.045   0.090
   50   L   0.103   0.042   0.088
   51   L   0.106   0.043   0.085
   52   V   0.104   0.041   0.081
   53   G   0.104   0.047   0.079
   54   G   0.101   0.045   0.075
   55   F   0.100   0.043   0.072
   56   T   0.105   0.064   0.072
   57   M   0.103   0.069   0.071
   58   T   0.101   0.071   0.070
   59   A   0.102   0.070   0.072
   60   T   0.100   0.078   0.072
   61   W   0.103   0.082   0.074
   62   V   0.101   0.076   0.075
   63   G   0.101   0.061   0.077
   64   G   0.101   0.065   0.077
   65   G   0.097   0.070   0.077
   66   Y   0.103   0.052   0.080
   67   I   0.103   0.068   0.081
   68   N   0.103   0.095   0.082
   69   G   0.105   0.095   0.085
   70   T   0.101   0.094   0.086
# Measure  Position  Value    Cutoff   signal peptide?
  max. C    25       0.617
  max. Y    25       0.454
  max. S     1       0.543
  mean S     1-24    0.317
       D     1-24    0.399   0.500   NO
Name=SC5A7_HUMAN_TRANSMEM1	SP='NO' D=0.399 D-cutoff=0.500 Networks=SignalP-TM
