# SignalP-4.1 euk predictions
# Name=SC6A5_HUMAN_TRANSMEM7	Length=70	Networks=SignalP-TM
# pos  aa    C       S       Y
    1   C   0.102   0.110   0.106
    2   Y   0.102   0.123   0.106
    3   R   0.100   0.123   0.106
    4   D   0.103   0.104   0.107
    5   T   0.102   0.117   0.106
    6   L   0.102   0.140   0.107
    7   I   0.103   0.173   0.108
    8   V   0.101   0.185   0.110
    9   T   0.102   0.182   0.112
   10   C   0.101   0.177   0.114
   11   T   0.102   0.165   0.117
   12   N   0.102   0.153   0.119
   13   S   0.102   0.139   0.120
   14   A   0.097   0.137   0.118
   15   T   0.098   0.134   0.119
   16   S   0.103   0.140   0.123
   17   I   0.118   0.122   0.132
   18   F   0.099   0.151   0.121
   19   A   0.103   0.216   0.125
   20   G   0.116   0.206   0.135
   21   F   0.109   0.118   0.133
   22   V   0.101   0.114   0.127
   23   I   0.103   0.141   0.126
   24   F   0.102   0.116   0.124
   25   S   0.103   0.164   0.123
   26   V   0.104   0.179   0.123
   27   I   0.104   0.218   0.124
   28   G   0.101   0.284   0.125
   29   F   0.112   0.198   0.136
   30   M   0.105   0.152   0.133
   31   A   0.110   0.150   0.136
   32   N   0.105   0.123   0.135
   33   E   0.108   0.104   0.135
   34   R   0.106   0.111   0.131
   35   K   0.105   0.114   0.128
   36   V   0.101   0.125   0.125
   37   N   0.102   0.138   0.126
   38   I   0.103   0.126   0.127
   39   E   0.130   0.108   0.142
   40   N   0.104   0.111   0.126
   41   V   0.103   0.108   0.123
   42   A   0.103   0.108   0.120
   43   D   0.102   0.088   0.114
   44   Q   0.100   0.089   0.109
   45   G   0.103   0.087   0.109
   46   P   0.101   0.073   0.106
   47   G   0.106   0.070   0.106
   48   I   0.101   0.065   0.103
   49   A   0.102   0.074   0.101
   50   F   0.096   0.068   0.097
   51   V   0.103   0.058   0.098
   52   V   0.100   0.068   0.094
   53   Y   0.105   0.087   0.094
   54   P   0.103   0.105   0.092
   55   E   0.102   0.123   0.092
   56   A   0.106   0.125   0.094
   57   L   0.100   0.121   0.092
   58   T   0.105   0.122   0.095
   59   R   0.102   0.127   0.095
   60   L   0.106   0.124   0.099
   61   P   0.104   0.131   0.099
   62   L   0.103   0.126   0.101
   63   S   0.106   0.145   0.105
   64   P   0.101   0.151   0.105
   65   F   0.104   0.160   0.109
   66   W   0.102   0.179   0.112
   67   A   0.101   0.167   0.115
   68   I   0.100   0.144   0.116
   69   I   0.101   0.127   0.119
   70   F   0.099   0.110   0.117
# Measure  Position  Value    Cutoff   signal peptide?
  max. C    39       0.130
  max. Y    39       0.142
  max. S    28       0.284
  mean S     1-38    0.149
       D     1-38    0.145   0.500   NO
Name=SC6A5_HUMAN_TRANSMEM7	SP='NO' D=0.145 D-cutoff=0.500 Networks=SignalP-TM
