# SignalP-4.1 euk predictions
# Name=SCN4A_HUMAN_TRANSMEM23	Length=70	Networks=SignalP-noTM
# pos  aa    C       S       Y
    1   M   0.101   0.909   0.303
    2   S   0.102   0.924   0.305
    3   L   0.101   0.941   0.303
    4   P   0.105   0.960   0.309
    5   A   0.105   0.968   0.310
    6   L   0.096   0.971   0.297
    7   F   0.103   0.962   0.308
    8   N   0.102   0.964   0.306
    9   I   0.106   0.951   0.314
   10   G   0.099   0.949   0.303
   11   L   0.100   0.946   0.305
   12   L   0.106   0.969   0.313
   13   L   0.098   0.971   0.303
   14   F   0.101   0.973   0.307
   15   L   0.101   0.984   0.307
   16   V   0.103   0.984   0.311
   17   M   0.101   0.975   0.309
   18   F   0.103   0.973   0.312
   19   I   0.121   0.933   0.339
   20   Y   0.112   0.900   0.327
   21   S   0.102   0.846   0.312
   22   I   0.462   0.726   0.662
   23   F   0.098   0.829   0.304
   24   G   0.118   0.849   0.332
   25   M   0.739   0.682   0.830
   26   S   0.107   0.679   0.313
   27   N   0.192   0.597   0.418
   28   F   0.112   0.548   0.316
   29   A   0.168   0.317   0.383
   30   Y   0.158   0.159   0.365
   31   V   0.103   0.209   0.289
   32   K   0.114   0.126   0.297
   33   K   0.103   0.148   0.275
   34   E   0.132   0.117   0.303
   35   S   0.105   0.111   0.264
   36   G   0.102   0.113   0.251
   37   I   0.102   0.097   0.244
   38   D   0.102   0.100   0.235
   39   D   0.099   0.099   0.223
   40   M   0.103   0.096   0.218
   41   F   0.102   0.096   0.208
   42   N   0.105   0.097   0.201
   43   F   0.097   0.092   0.184
   44   E   0.099   0.098   0.176
   45   T   0.104   0.097   0.172
   46   F   0.103   0.093   0.161
   47   G   0.102   0.096   0.149
   48   N   0.099   0.097   0.137
   49   S   0.104   0.096   0.130
   50   I   0.101   0.094   0.120
   51   I   0.103   0.092   0.111
   52   C   0.098   0.092   0.104
   53   L   0.100   0.095   0.103
   54   F   0.100   0.095   0.101
   55   E   0.100   0.107   0.100
   56   I   0.099   0.099   0.099
   57   T   0.096   0.094   0.097
   58   T   0.103   0.091   0.100
   59   S   0.103   0.096   0.099
   60   A   0.102   0.099   0.099
   61   G   0.106   0.100   0.101
   62   W   0.103   0.094   0.100
   63   D   0.098   0.094   0.097
   64   G   0.102   0.096   0.099
   65   L   0.102   0.099   0.099
   66   L   0.102   0.100   0.099
   67   N   0.100   0.098   0.098
   68   P   0.098   0.100   0.097
   69   I   0.102   0.099   0.099
   70   L   0.107   0.098   0.102
# Measure  Position  Value    Cutoff   signal peptide?
  max. C    25       0.739
  max. Y    25       0.830
  max. S    16       0.984
  mean S     1-24    0.932
       D     1-24    0.885   0.450   YES
Name=SCN4A_HUMAN_TRANSMEM23	SP='YES' Cleavage site between pos. 24 and 25: IFG-MS D=0.885 D-cutoff=0.450 Networks=SignalP-noTM
