# SignalP-4.1 euk predictions
# Name=SCN5A_HUMAN_TRANSMEM24	Length=70	Networks=SignalP-noTM
# pos  aa    C       S       Y
    1   S   0.102   0.814   0.288
    2   P   0.102   0.742   0.288
    3   A   0.105   0.752   0.292
    4   V   0.096   0.782   0.279
    5   G   0.105   0.815   0.291
    6   I   0.099   0.895   0.282
    7   L   0.101   0.921   0.285
    8   F   0.105   0.913   0.292
    9   F   0.100   0.885   0.287
   10   T   0.102   0.819   0.289
   11   T   0.107   0.775   0.296
   12   Y   0.106   0.769   0.295
   13   I   0.102   0.777   0.289
   14   I   0.098   0.796   0.283
   15   I   0.098   0.811   0.283
   16   S   0.102   0.848   0.288
   17   F   0.118   0.829   0.311
   18   L   0.104   0.833   0.292
   19   I   0.127   0.853   0.323
   20   V   0.098   0.887   0.284
   21   V   0.108   0.846   0.298
   22   N   0.099   0.888   0.286
   23   M   0.112   0.799   0.305
   24   Y   0.120   0.594   0.315
   25   I   0.113   0.517   0.305
   26   A   0.118   0.447   0.310
   27   I   0.142   0.319   0.336
   28   I   0.103   0.631   0.282
   29   L   0.123   0.553   0.306
   30   E   0.120   0.332   0.300
   31   N   0.118   0.280   0.291
   32   F   0.102   0.240   0.266
   33   S   0.103   0.333   0.262
   34   V   0.110   0.264   0.267
   35   A   0.105   0.357   0.256
   36   T   0.142   0.233   0.292
   37   E   0.109   0.197   0.251
   38   E   0.134   0.143   0.271
   39   S   0.118   0.113   0.247
   40   T   0.102   0.107   0.222
   41   E   0.101   0.116   0.213
   42   P   0.098   0.113   0.202
   43   L   0.104   0.107   0.199
   44   S   0.102   0.127   0.189
   45   E   0.099   0.127   0.176
   46   D   0.102   0.113   0.170
   47   D   0.101   0.112   0.163
   48   F   0.101   0.115   0.157
   49   D   0.106   0.113   0.156
   50   M   0.104   0.106   0.151
   51   F   0.103   0.108   0.142
   52   Y   0.100   0.106   0.133
   53   E   0.103   0.099   0.130
   54   I   0.105   0.095   0.128
   55   W   0.100   0.100   0.123
   56   E   0.103   0.102   0.120
   57   K   0.094   0.099   0.112
   58   F   0.099   0.103   0.109
   59   D   0.103   0.102   0.109
   60   P   0.102   0.104   0.106
   61   E   0.106   0.105   0.107
   62   A   0.107   0.101   0.108
   63   T   0.096   0.104   0.102
   64   Q   0.101   0.105   0.104
   65   F   0.096   0.101   0.101
   66   I   0.100   0.105   0.103
   67   E   0.102   0.105   0.104
   68   Y   0.099   0.108   0.102
   69   S   0.099   0.099   0.102
   70   V   0.102   0.102   0.103
# Measure  Position  Value    Cutoff   signal peptide?
  max. C    27       0.142
  max. Y    27       0.336
  max. S     7       0.921
  mean S     1-26    0.793
       D     1-26    0.583   0.450   YES
Name=SCN5A_HUMAN_TRANSMEM24	SP='YES' Cleavage site between pos. 26 and 27: YIA-II D=0.583 D-cutoff=0.450 Networks=SignalP-noTM
