# SignalP-4.1 euk predictions
# Name=SCNAA_HUMAN_TRANSMEM15	Length=70	Networks=SignalP-noTM
# pos  aa    C       S       Y
    1   K   0.100   0.766   0.277
    2   Y   0.102   0.841   0.279
    3   F   0.099   0.800   0.276
    4   T   0.105   0.843   0.284
    5   N   0.106   0.801   0.287
    6   A   0.104   0.844   0.284
    7   W   0.094   0.862   0.270
    8   C   0.105   0.849   0.287
    9   W   0.096   0.859   0.275
   10   L   0.099   0.824   0.281
   11   D   0.099   0.847   0.280
   12   F   0.097   0.850   0.279
   13   L   0.102   0.892   0.286
   14   I   0.105   0.888   0.291
   15   V   0.098   0.871   0.283
   16   N   0.102   0.884   0.289
   17   I   0.100   0.902   0.286
   18   S   0.098   0.811   0.285
   19   L   0.106   0.807   0.297
   20   I   0.141   0.676   0.343
   21   S   0.109   0.639   0.300
   22   L   0.109   0.783   0.299
   23   T   0.139   0.681   0.339
   24   A   0.165   0.572   0.368
   25   K   0.263   0.276   0.461
   26   I   0.160   0.151   0.354
   27   L   0.106   0.141   0.282
   28   E   0.104   0.157   0.275
   29   Y   0.118   0.152   0.285
   30   S   0.110   0.136   0.269
   31   E   0.102   0.137   0.253
   32   V   0.101   0.192   0.245
   33   A   0.123   0.120   0.263
   34   P   0.092   0.131   0.221
   35   I   0.105   0.119   0.229
   36   K   0.100   0.105   0.216
   37   A   0.104   0.120   0.212
   38   L   0.119   0.108   0.217
   39   R   0.101   0.112   0.191
   40   T   0.107   0.102   0.186
   41   L   0.113   0.093   0.181
   42   R   0.104   0.102   0.164
   43   A   0.105   0.102   0.157
   44   L   0.107   0.092   0.149
   45   R   0.106   0.097   0.137
   46   P   0.104   0.098   0.125
   47   L   0.105   0.104   0.117
   48   R   0.106   0.108   0.113
   49   A   0.107   0.119   0.113
   50   L   0.108   0.100   0.113
   51   S   0.101   0.097   0.108
   52   R   0.098   0.097   0.105
   53   F   0.107   0.098   0.109
   54   E   0.100   0.097   0.105
   55   G   0.101   0.113   0.103
   56   M   0.102   0.105   0.104
   57   R   0.102   0.104   0.103
   58   V   0.105   0.095   0.104
   59   V   0.096   0.094   0.100
   60   V   0.101   0.099   0.101
   61   D   0.104   0.096   0.103
   62   A   0.103   0.094   0.102
   63   L   0.109   0.100   0.105
   64   V   0.105   0.096   0.103
   65   G   0.104   0.093   0.102
   66   A   0.105   0.094   0.102
   67   I   0.098   0.098   0.099
   68   P   0.107   0.095   0.103
   69   S   0.106   0.096   0.103
   70   I   0.098   0.096   0.099
# Measure  Position  Value    Cutoff   signal peptide?
  max. C    25       0.263
  max. Y    25       0.461
  max. S    17       0.902
  mean S     1-24    0.808
       D     1-24    0.648   0.450   YES
Name=SCNAA_HUMAN_TRANSMEM15	SP='YES' Cleavage site between pos. 24 and 25: LTA-KI D=0.648 D-cutoff=0.450 Networks=SignalP-noTM
