# SignalP-4.1 euk predictions
# Name=SCNND_HUMAN_TRANSMEM2	Length=70	Networks=SignalP-noTM
# pos  aa    C       S       Y
    1   S   0.104   0.913   0.308
    2   A   0.100   0.924   0.303
    3   M   0.096   0.904   0.297
    4   G   0.104   0.929   0.308
    5   S   0.098   0.938   0.299
    6   L   0.101   0.950   0.304
    7   C   0.103   0.946   0.307
    8   S   0.102   0.963   0.306
    9   L   0.097   0.959   0.299
   10   W   0.098   0.965   0.301
   11   F   0.102   0.968   0.307
   12   G   0.106   0.970   0.313
   13   A   0.098   0.955   0.302
   14   S   0.097   0.969   0.300
   15   V   0.103   0.975   0.311
   16   L   0.101   0.959   0.307
   17   S   0.103   0.964   0.311
   18   L   0.200   0.948   0.434
   19   L   0.112   0.938   0.325
   20   E   0.108   0.894   0.319
   21   L   0.107   0.893   0.318
   22   L   0.123   0.898   0.341
   23   E   0.104   0.863   0.314
   24   L   0.108   0.855   0.319
   25   L   0.110   0.724   0.321
   26   L   0.099   0.767   0.303
   27   D   0.106   0.742   0.312
   28   A   0.112   0.704   0.319
   29   S   0.127   0.493   0.338
   30   A   0.109   0.625   0.309
   31   L   0.347   0.283   0.548
   32   T   0.107   0.249   0.299
   33   L   0.132   0.151   0.326
   34   V   0.103   0.158   0.280
   35   L   0.100   0.172   0.270
   36   G   0.105   0.329   0.269
   37   G   0.209   0.127   0.372
   38   R   0.106   0.132   0.258
   39   R   0.110   0.137   0.254
   40   L   0.106   0.123   0.241
   41   R   0.097   0.126   0.223
   42   R   0.104   0.137   0.222
   43   A   0.112   0.132   0.222
   44   W   0.105   0.117   0.206
   45   F   0.104   0.113   0.196
   46   S   0.109   0.097   0.191
   47   W   0.100   0.100   0.174
   48   P   0.098   0.100   0.164
   49   R   0.104   0.109   0.159
   50   A   0.105   0.115   0.150
   51   S   0.100   0.103   0.137
   52   P   0.105   0.106   0.134
   53   A   0.106   0.117   0.125
   54   S   0.099   0.129   0.117
   55   G   0.104   0.125   0.118
   56   A   0.110   0.113   0.120
   57   S   0.103   0.110   0.116
   58   S   0.107   0.109   0.116
   59   I   0.103   0.105   0.110
   60   K   0.102   0.107   0.109
   61   P   0.104   0.107   0.109
   62   E   0.104   0.102   0.109
   63   A   0.111   0.105   0.112
   64   S   0.099   0.106   0.105
   65   Q   0.100   0.104   0.105
   66   M   0.100   0.101   0.105
   67   P   0.101   0.107   0.105
   68   P   0.107   0.107   0.108
   69   P   0.109   0.103   0.109
   70   A   0.109   0.100   0.109
# Measure  Position  Value    Cutoff   signal peptide?
  max. C    31       0.347
  max. Y    31       0.548
  max. S    15       0.975
  mean S     1-30    0.883
       D     1-30    0.729   0.450   YES
Name=SCNND_HUMAN_TRANSMEM2	SP='YES' Cleavage site between pos. 30 and 31: ASA-LT D=0.729 D-cutoff=0.450 Networks=SignalP-noTM
