# SignalP-4.1 euk predictions
# Name=SGPP2_HUMAN_TRANSMEM7	Length=70	Networks=SignalP-TM
# pos  aa    C       S       Y
    1   A   0.102   0.178   0.135
    2   D   0.100   0.182   0.134
    3   T   0.103   0.153   0.135
    4   T   0.102   0.141   0.134
    5   T   0.104   0.162   0.135
    6   I   0.103   0.148   0.133
    7   L   0.102   0.138   0.132
    8   A   0.104   0.124   0.132
    9   A   0.100   0.173   0.128
   10   G   0.102   0.216   0.129
   11   A   0.102   0.246   0.130
   12   G   0.101   0.188   0.131
   13   V   0.102   0.173   0.132
   14   T   0.101   0.192   0.132
   15   I   0.104   0.190   0.134
   16   G   0.102   0.196   0.133
   17   F   0.132   0.159   0.152
   18   W   0.103   0.179   0.134
   19   I   0.105   0.147   0.137
   20   N   0.102   0.137   0.134
   21   H   0.101   0.160   0.133
   22   F   0.102   0.160   0.134
   23   F   0.105   0.181   0.137
   24   Q   0.101   0.191   0.135
   25   L   0.106   0.201   0.137
   26   V   0.101   0.191   0.133
   27   S   0.101   0.217   0.133
   28   K   0.108   0.211   0.139
   29   P   0.106   0.190   0.138
   30   A   0.110   0.179   0.140
   31   E   0.103   0.151   0.135
   32   S   0.100   0.156   0.133
   33   L   0.165   0.138   0.171
   34   P   0.101   0.138   0.133
   35   V   0.105   0.156   0.136
   36   I   0.101   0.160   0.133
   37   Q   0.102   0.162   0.134
   38   N   0.101   0.131   0.133
   39   I   0.106   0.150   0.134
   40   P   0.100   0.133   0.129
   41   P   0.103   0.107   0.129
   42   L   0.102   0.099   0.125
   43   T   0.105   0.047   0.124
   44   T   0.104   0.055   0.119
   45   Y   0.103   0.040   0.114
   46   M   0.101   0.046   0.110
   47   L   0.102   0.035   0.107
   48   V   0.104   0.033   0.104
   49   L   0.100   0.030   0.099
   50   G   0.104   0.022   0.096
   51   L   0.104   0.034   0.090
   52   T   0.107   0.036   0.086
   53   K   0.103   0.039   0.080
   54   F   0.102   0.033   0.074
   55   A   0.102   0.028   0.069
   56   V   0.099   0.038   0.064
   57   G   0.103   0.028   0.062
   58   I   0.122   0.032   0.066
   59   V   0.100   0.040   0.058
   60   L   0.102   0.045   0.059
   61   I   0.102   0.064   0.059
   62   L   0.097   0.061   0.059
   63   L   0.105   0.052   0.063
   64   V   0.102   0.065   0.063
   65   R   0.105   0.097   0.067
   66   Q   0.104   0.124   0.070
   67   L   0.104   0.122   0.074
   68   V   0.103   0.141   0.078
   69   Q   0.099   0.119   0.082
   70   N   0.101   0.096   0.086
# Measure  Position  Value    Cutoff   signal peptide?
  max. C    33       0.165
  max. Y    33       0.171
  max. S    11       0.246
  mean S     1-32    0.175
       D     1-32    0.173   0.500   NO
Name=SGPP2_HUMAN_TRANSMEM7	SP='NO' D=0.173 D-cutoff=0.500 Networks=SignalP-TM
