# SignalP-4.1 euk predictions
# Name=SIDT2_HUMAN_TRANSMEM5	Length=70	Networks=SignalP-noTM
# pos  aa    C       S       Y
    1   D   0.101   0.449   0.213
    2   I   0.102   0.680   0.214
    3   N   0.102   0.680   0.217
    4   A   0.105   0.747   0.222
    5   S   0.098   0.802   0.217
    6   A   0.101   0.822   0.225
    7   Y   0.093   0.801   0.220
    8   S   0.105   0.744   0.236
    9   A   0.097   0.786   0.230
   10   Y   0.099   0.763   0.236
   11   A   0.104   0.708   0.245
   12   C   0.094   0.759   0.236
   13   L   0.104   0.732   0.250
   14   A   0.101   0.741   0.249
   15   I   0.103   0.767   0.255
   16   V   0.105   0.761   0.259
   17   I   0.100   0.692   0.256
   18   F   0.101   0.730   0.259
   19   F   0.100   0.714   0.261
   20   S   0.106   0.568   0.271
   21   V   0.106   0.638   0.272
   22   L   0.102   0.839   0.268
   23   G   0.108   0.885   0.280
   24   V   0.266   0.754   0.444
   25   V   0.114   0.813   0.291
   26   F   0.108   0.869   0.285
   27   G   0.127   0.750   0.311
   28   K   0.835   0.299   0.795
   29   G   0.104   0.521   0.276
   30   N   0.183   0.437   0.363
   31   T   0.108   0.381   0.277
   32   A   0.197   0.383   0.368
   33   F   0.152   0.258   0.319
   34   W   0.104   0.388   0.260
   35   I   0.108   0.349   0.261
   36   V   0.099   0.396   0.247
   37   F   0.100   0.603   0.245
   38   S   0.101   0.639   0.244
   39   I   0.106   0.647   0.249
   40   I   0.107   0.498   0.250
   41   H   0.103   0.638   0.244
   42   I   0.101   0.693   0.240
   43   I   0.103   0.696   0.244
   44   A   0.105   0.843   0.246
   45   T   0.106   0.778   0.248
   46   L   0.133   0.745   0.276
   47   L   0.101   0.705   0.241
   48   L   0.111   0.638   0.251
   49   S   0.108   0.658   0.246
   50   T   0.205   0.402   0.337
   51   Q   0.110   0.247   0.248
   52   L   0.107   0.210   0.242
   53   Y   0.119   0.139   0.253
   54   Y   0.096   0.141   0.225
   55   M   0.101   0.135   0.228
   56   G   0.105   0.125   0.231
   57   R   0.097   0.114   0.220
   58   W   0.101   0.104   0.222
   59   K   0.099   0.110   0.216
   60   L   0.098   0.102   0.210
   61   D   0.098   0.103   0.204
   62   S   0.096   0.103   0.196
   63   G   0.106   0.108   0.201
   64   I   0.104   0.103   0.193
   65   F   0.107   0.099   0.189
   66   R   0.105   0.098   0.179
   67   R   0.100   0.098   0.165
   68   I   0.104   0.097   0.158
   69   L   0.103   0.095   0.147
   70   H   0.103   0.098   0.137
# Measure  Position  Value    Cutoff   signal peptide?
  max. C    28       0.835
  max. Y    28       0.795
  max. S    23       0.885
  mean S     1-27    0.741
       D     1-27    0.766   0.450   YES
Name=SIDT2_HUMAN_TRANSMEM5	SP='YES' Cleavage site between pos. 27 and 28: VFG-KG D=0.766 D-cutoff=0.450 Networks=SignalP-noTM
