# SignalP-4.1 euk predictions
# Name=SL9A3_HUMAN_TRANSMEM4	Length=70	Networks=SignalP-noTM
# pos  aa    C       S       Y
    1   I   0.103   0.896   0.304
    2   G   0.102   0.882   0.303
    3   L   0.099   0.905   0.297
    4   L   0.103   0.929   0.303
    5   D   0.103   0.902   0.305
    6   F   0.101   0.900   0.301
    7   L   0.102   0.904   0.302
    8   L   0.106   0.904   0.309
    9   F   0.105   0.907   0.307
   10   G   0.102   0.913   0.303
   11   S   0.097   0.918   0.295
   12   L   0.098   0.931   0.297
   13   M   0.099   0.926   0.299
   14   A   0.100   0.910   0.301
   15   A   0.153   0.639   0.372
   16   V   0.158   0.371   0.376
   17   D   0.107   0.450   0.305
   18   P   0.096   0.547   0.285
   19   V   0.201   0.258   0.409
   20   A   0.099   0.384   0.281
   21   V   0.105   0.386   0.286
   22   L   0.126   0.242   0.309
   23   A   0.119   0.171   0.294
   24   V   0.281   0.108   0.442
   25   F   0.110   0.112   0.269
   26   E   0.111   0.114   0.263
   27   E   0.102   0.099   0.245
   28   V   0.108   0.101   0.243
   29   H   0.101   0.123   0.228
   30   V   0.103   0.129   0.222
   31   N   0.124   0.096   0.235
   32   E   0.104   0.104   0.206
   33   V   0.100   0.111   0.192
   34   L   0.108   0.111   0.189
   35   F   0.106   0.103   0.177
   36   I   0.106   0.096   0.165
   37   I   0.107   0.106   0.154
   38   V   0.104   0.127   0.143
   39   F   0.104   0.127   0.139
   40   G   0.108   0.176   0.136
   41   E   0.107   0.119   0.128
   42   S   0.105   0.132   0.125
   43   L   0.106   0.124   0.120
   44   L   0.096   0.159   0.109
   45   N   0.101   0.138   0.110
   46   D   0.107   0.124   0.113
   47   A   0.104   0.131   0.111
   48   V   0.111   0.106   0.115
   49   T   0.103   0.114   0.111
   50   V   0.109   0.095   0.114
   51   V   0.099   0.087   0.109
   52   L   0.103   0.100   0.111
   53   Y   0.097   0.106   0.107
   54   N   0.096   0.118   0.107
   55   V   0.106   0.108   0.112
   56   F   0.101   0.105   0.109
   57   E   0.107   0.099   0.112
   58   S   0.100   0.092   0.109
   59   F   0.100   0.093   0.109
   60   V   0.102   0.093   0.109
   61   A   0.101   0.096   0.108
   62   L   0.103   0.096   0.108
   63   G   0.101   0.097   0.106
   64   G   0.107   0.102   0.108
   65   D   0.104   0.097   0.106
   66   N   0.103   0.098   0.105
   67   V   0.104   0.097   0.104
   68   T   0.101   0.098   0.102
   69   G   0.104   0.100   0.103
   70   V   0.101   0.101   0.100
# Measure  Position  Value    Cutoff   signal peptide?
  max. C    24       0.281
  max. Y    24       0.442
  max. S    12       0.931
  mean S     1-23    0.703
       D     1-23    0.583   0.450   YES
Name=SL9A3_HUMAN_TRANSMEM4	SP='YES' Cleavage site between pos. 23 and 24: VLA-VF D=0.583 D-cutoff=0.450 Networks=SignalP-noTM
