# SignalP-4.1 euk predictions
# Name=SL9A2_HUMAN_TRANSMEM5	Length=70	Networks=SignalP-noTM
# pos  aa    C       S       Y
    1   N   0.101   0.244   0.157
    2   E   0.103   0.263   0.158
    3   Q   0.100   0.225   0.156
    4   L   0.102   0.198   0.158
    5   Y   0.103   0.183   0.158
    6   I   0.099   0.151   0.154
    7   L   0.101   0.154   0.154
    8   V   0.104   0.150   0.155
    9   F   0.102   0.123   0.152
   10   G   0.104   0.123   0.151
   11   E   0.095   0.132   0.143
   12   S   0.107   0.134   0.150
   13   L   0.096   0.148   0.140
   14   L   0.096   0.156   0.139
   15   N   0.098   0.156   0.139
   16   D   0.104   0.178   0.142
   17   A   0.099   0.192   0.137
   18   V   0.110   0.132   0.144
   19   T   0.102   0.152   0.136
   20   V   0.152   0.117   0.165
   21   V   0.099   0.098   0.131
   22   L   0.101   0.112   0.129
   23   Y   0.105   0.099   0.130
   24   N   0.105   0.094   0.127
   25   L   0.109   0.102   0.126
   26   F   0.103   0.107   0.120
   27   K   0.105   0.113   0.119
   28   S   0.105   0.151   0.118
   29   F   0.104   0.118   0.117
   30   C   0.101   0.179   0.115
   31   Q   0.116   0.127   0.124
   32   M   0.103   0.129   0.117
   33   K   0.139   0.088   0.136
   34   T   0.100   0.109   0.114
   35   I   0.102   0.091   0.115
   36   E   0.103   0.097   0.114
   37   T   0.101   0.103   0.112
   38   I   0.130   0.099   0.126
   39   D   0.101   0.098   0.109
   40   V   0.100   0.102   0.107
   41   F   0.098   0.104   0.105
   42   A   0.105   0.127   0.108
   43   G   0.102   0.114   0.107
   44   I   0.102   0.108   0.107
   45   A   0.103   0.124   0.107
   46   N   0.096   0.144   0.104
   47   F   0.100   0.145   0.107
   48   F   0.099   0.136   0.108
   49   V   0.103   0.149   0.111
   50   V   0.102   0.171   0.111
   51   G   0.100   0.175   0.110
   52   I   0.098   0.162   0.110
   53   G   0.104   0.145   0.113
   54   G   0.106   0.144   0.115
   55   V   0.106   0.156   0.115
   56   L   0.098   0.168   0.112
   57   I   0.105   0.127   0.117
   58   G   0.112   0.131   0.121
   59   I   0.107   0.115   0.119
   60   F   0.104   0.114   0.118
   61   L   0.104   0.123   0.118
   62   G   0.103   0.110   0.118
   63   F   0.098   0.104   0.115
   64   I   0.109   0.106   0.122
   65   A   0.106   0.115   0.120
   66   A   0.102   0.104   0.117
   67   F   0.183   0.095   0.157
   68   T   0.102   0.100   0.117
   69   T   0.102   0.099   0.116
   70   R   0.103   0.099   0.116
# Measure  Position  Value    Cutoff   signal peptide?
  max. C    67       0.183
  max. Y    20       0.165
  max. S     2       0.263
  mean S     1-19    0.168
       D     1-19    0.167   0.450   NO
Name=SL9A2_HUMAN_TRANSMEM5	SP='NO' D=0.167 D-cutoff=0.450 Networks=SignalP-noTM
