# SignalP-4.1 euk predictions
# Name=SL9A4_HUMAN_TRANSMEM6	Length=70	Networks=SignalP-TM
# pos  aa    C       S       Y
    1   G   0.103   0.208   0.146
    2   C   0.101   0.171   0.145
    3   A   0.103   0.198   0.146
    4   R   0.099   0.215   0.142
    5   F   0.103   0.141   0.145
    6   I   0.100   0.080   0.141
    7   V   0.104   0.101   0.141
    8   V   0.105   0.071   0.139
    9   G   0.103   0.056   0.134
   10   L   0.099   0.045   0.127
   11   G   0.104   0.047   0.125
   12   G   0.103   0.038   0.120
   13   V   0.100   0.043   0.113
   14   L   0.102   0.041   0.108
   15   F   0.104   0.042   0.104
   16   G   0.104   0.042   0.098
   17   I   0.108   0.058   0.095
   18   V   0.104   0.085   0.087
   19   F   0.101   0.067   0.080
   20   G   0.103   0.089   0.078
   21   F   0.229   0.057   0.116
   22   I   0.104   0.057   0.076
   23   S   0.104   0.078   0.075
   24   A   0.102   0.057   0.076
   25   F   0.292   0.064   0.129
   26   I   0.104   0.080   0.078
   27   T   0.103   0.060   0.079
   28   R   0.104   0.095   0.081
   29   F   0.110   0.122   0.086
   30   T   0.105   0.088   0.087
   31   Q   0.108   0.096   0.090
   32   N   0.104   0.107   0.090
   33   I   0.117   0.159   0.097
   34   S   0.102   0.176   0.094
   35   A   0.107   0.116   0.100
   36   I   0.168   0.103   0.128
   37   E   0.102   0.095   0.101
   38   P   0.099   0.092   0.100
   39   L   0.104   0.108   0.104
   40   I   0.104   0.102   0.105
   41   V   0.101   0.088   0.105
   42   F   0.101   0.089   0.106
   43   M   0.102   0.084   0.106
   44   F   0.100   0.082   0.104
   45   S   0.104   0.085   0.106
   46   Y   0.103   0.104   0.104
   47   L   0.098   0.085   0.102
   48   S   0.101   0.115   0.101
   49   Y   0.099   0.091   0.098
   50   L   0.103   0.080   0.099
   51   A   0.102   0.080   0.097
   52   A   0.106   0.093   0.099
   53   E   0.118   0.097   0.104
   54   T   0.101   0.083   0.096
   55   L   0.105   0.085   0.097
   56   Y   0.103   0.090   0.096
   57   L   0.098   0.090   0.094
   58   S   0.103   0.090   0.096
   59   G   0.100   0.077   0.095
   60   I   0.105   0.066   0.097
   61   L   0.104   0.083   0.095
   62   A   0.102   0.069   0.094
   63   I   0.104   0.099   0.093
   64   T   0.104   0.104   0.093
   65   A   0.102   0.102   0.094
   66   C   0.101   0.093   0.094
   67   A   0.105   0.131   0.096
   68   V   0.097   0.106   0.094
   69   T   0.102   0.099   0.097
   70   M   0.104   0.089   0.098
# Measure  Position  Value    Cutoff   signal peptide?
  max. C    25       0.292
  max. Y    25       0.129
  max. S     4       0.215
  mean S     1-24    0.087
       D     1-24    0.112   0.500   NO
Name=SL9A4_HUMAN_TRANSMEM6	SP='NO' D=0.112 D-cutoff=0.500 Networks=SignalP-TM
