# SignalP-4.1 euk predictions
# Name=SL9A1_HUMAN_TRANSMEM7	Length=70	Networks=SignalP-noTM
# pos  aa    C       S       Y
    1   N   0.101   0.405   0.203
    2   E   0.102   0.420   0.203
    3   L   0.101   0.355   0.202
    4   L   0.104   0.328   0.205
    5   H   0.103   0.304   0.203
    6   I   0.102   0.254   0.201
    7   L   0.101   0.279   0.198
    8   V   0.106   0.276   0.201
    9   F   0.103   0.186   0.197
   10   G   0.104   0.183   0.195
   11   E   0.094   0.181   0.183
   12   S   0.105   0.229   0.191
   13   L   0.096   0.236   0.180
   14   L   0.095   0.258   0.177
   15   N   0.098   0.210   0.178
   16   D   0.103   0.215   0.181
   17   A   0.099   0.235   0.175
   18   V   0.113   0.142   0.184
   19   T   0.101   0.157   0.170
   20   V   0.166   0.120   0.214
   21   V   0.103   0.100   0.164
   22   L   0.103   0.095   0.160
   23   Y   0.102   0.104   0.155
   24   H   0.112   0.091   0.157
   25   L   0.110   0.098   0.151
   26   F   0.104   0.101   0.142
   27   E   0.104   0.111   0.138
   28   E   0.105   0.145   0.136
   29   F   0.102   0.124   0.132
   30   A   0.101   0.135   0.128
   31   N   0.100   0.122   0.125
   32   Y   0.103   0.124   0.126
   33   E   0.127   0.110   0.138
   34   H   0.103   0.118   0.124
   35   V   0.099   0.113   0.119
   36   G   0.101   0.113   0.118
   37   I   0.099   0.124   0.114
   38   V   0.103   0.132   0.115
   39   D   0.107   0.149   0.115
   40   I   0.103   0.174   0.111
   41   F   0.097   0.221   0.108
   42   L   0.106   0.280   0.115
   43   G   0.106   0.340   0.118
   44   F   0.098   0.449   0.118
   45   L   0.106   0.483   0.129
   46   S   0.104   0.506   0.135
   47   F   0.098   0.417   0.138
   48   F   0.098   0.529   0.143
   49   V   0.102   0.605   0.153
   50   V   0.105   0.771   0.162
   51   A   0.103   0.532   0.169
   52   L   0.126   0.304   0.194
   53   G   0.103   0.265   0.178
   54   G   0.224   0.186   0.264
   55   V   0.105   0.138   0.182
   56   L   0.100   0.150   0.178
   57   V   0.102   0.115   0.180
   58   G   0.114   0.101   0.190
   59   V   0.104   0.101   0.182
   60   V   0.104   0.106   0.182
   61   Y   0.105   0.109   0.181
   62   G   0.105   0.102   0.181
   63   V   0.166   0.097   0.227
   64   I   0.109   0.101   0.182
   65   A   0.105   0.108   0.177
   66   A   0.138   0.101   0.199
   67   F   0.122   0.098   0.181
   68   T   0.107   0.101   0.164
   69   S   0.102   0.099   0.154
   70   R   0.106   0.100   0.152
# Measure  Position  Value    Cutoff   signal peptide?
  max. C    54       0.224
  max. Y    54       0.264
  max. S    50       0.771
  mean S     1-53    0.246
       D     1-53    0.255   0.450   NO
Name=SL9A1_HUMAN_TRANSMEM7	SP='NO' D=0.255 D-cutoff=0.450 Networks=SignalP-noTM
