# SignalP-4.1 euk predictions
# Name=SL9A7_HUMAN_TRANSMEM5	Length=70	Networks=SignalP-TM
# pos  aa    C       S       Y
    1   R   0.102   0.396   0.201
    2   N   0.104   0.407   0.202
    3   L   0.102   0.386   0.201
    4   G   0.102   0.360   0.201
    5   S   0.101   0.338   0.199
    6   I   0.103   0.292   0.200
    7   L   0.102   0.257   0.198
    8   A   0.104   0.274   0.196
    9   Y   0.099   0.279   0.190
   10   A   0.105   0.231   0.193
   11   F   0.096   0.162   0.182
   12   L   0.106   0.142   0.186
   13   G   0.099   0.115   0.175
   14   T   0.099   0.115   0.169
   15   A   0.106   0.122   0.168
   16   V   0.106   0.127   0.162
   17   S   0.102   0.103   0.153
   18   C   0.140   0.107   0.171
   19   F   0.245   0.094   0.216
   20   I   0.105   0.101   0.135
   21   I   0.106   0.093   0.130
   22   G   0.103   0.096   0.123
   23   N   0.108   0.097   0.121
   24   L   0.102   0.086   0.112
   25   M   0.102   0.084   0.107
   26   Y   0.106   0.114   0.106
   27   G   0.106   0.165   0.105
   28   V   0.110   0.144   0.108
   29   V   0.105   0.110   0.107
   30   K   0.105   0.151   0.107
   31   L   0.104   0.140   0.107
   32   M   0.120   0.149   0.116
   33   K   0.104   0.128   0.110
   34   I   0.102   0.109   0.110
   35   M   0.102   0.127   0.110
   36   G   0.105   0.119   0.113
   37   Q   0.110   0.116   0.116
   38   L   0.102   0.128   0.112
   39   S   0.098   0.133   0.112
   40   D   0.119   0.091   0.125
   41   K   0.100   0.095   0.113
   42   F   0.100   0.088   0.111
   43   Y   0.103   0.092   0.111
   44   Y   0.101   0.095   0.109
   45   T   0.102   0.076   0.108
   46   D   0.103   0.054   0.106
   47   C   0.100   0.069   0.102
   48   L   0.103   0.087   0.101
   49   F   0.103   0.100   0.100
   50   F   0.100   0.081   0.098
   51   G   0.103   0.077   0.098
   52   A   0.099   0.092   0.095
   53   I   0.102   0.070   0.095
   54   I   0.104   0.071   0.093
   55   S   0.101   0.079   0.091
   56   A   0.101   0.076   0.090
   57   T   0.100   0.069   0.089
   58   D   0.101   0.061   0.089
   59   P   0.098   0.054   0.086
   60   V   0.102   0.057   0.087
   61   T   0.104   0.073   0.088
   62   V   0.105   0.091   0.089
   63   L   0.101   0.067   0.087
   64   A   0.103   0.072   0.087
   65   I   0.112   0.062   0.090
   66   F   0.104   0.074   0.086
   67   N   0.104   0.095   0.085
   68   E   0.103   0.096   0.086
   69   L   0.105   0.097   0.088
   70   H   0.103   0.094   0.088
# Measure  Position  Value    Cutoff   signal peptide?
  max. C    19       0.245
  max. Y    19       0.216
  max. S     2       0.407
  mean S     1-18    0.234
       D     1-18    0.223   0.500   NO
Name=SL9A7_HUMAN_TRANSMEM5	SP='NO' D=0.223 D-cutoff=0.500 Networks=SignalP-TM
