# SignalP-4.1 euk predictions
# Name=SL9A7_HUMAN_TRANSMEM12	Length=70	Networks=SignalP-noTM
# pos  aa    C       S       Y
    1   H   0.101   0.868   0.296
    2   V   0.101   0.810   0.297
    3   F   0.098   0.828   0.291
    4   S   0.104   0.852   0.299
    5   P   0.098   0.848   0.291
    6   I   0.104   0.861   0.300
    7   F   0.101   0.854   0.295
    8   I   0.103   0.800   0.298
    9   I   0.100   0.712   0.293
   10   G   0.105   0.605   0.298
   11   A   0.100   0.600   0.290
   12   F   0.097   0.554   0.283
   13   V   0.100   0.620   0.285
   14   A   0.100   0.577   0.284
   15   I   0.101   0.461   0.282
   16   F   0.102   0.588   0.280
   17   L   0.100   0.760   0.275
   18   G   0.104   0.795   0.280
   19   R   0.128   0.578   0.309
   20   A   0.110   0.637   0.285
   21   A   0.368   0.344   0.517
   22   H   0.153   0.176   0.327
   23   I   0.199   0.130   0.365
   24   Y   0.167   0.115   0.326
   25   P   0.100   0.170   0.246
   26   L   0.134   0.124   0.277
   27   S   0.099   0.124   0.232
   28   F   0.103   0.152   0.229
   29   F   0.107   0.138   0.226
   30   L   0.110   0.108   0.221
   31   N   0.106   0.128   0.210
   32   L   0.104   0.150   0.200
   33   G   0.105   0.160   0.195
   34   R   0.102   0.126   0.187
   35   R   0.108   0.153   0.188
   36   H   0.116   0.123   0.187
   37   K   0.103   0.140   0.171
   38   I   0.100   0.117   0.164
   39   G   0.100   0.162   0.157
   40   W   0.103   0.172   0.150
   41   N   0.102   0.231   0.140
   42   F   0.102   0.193   0.134
   43   Q   0.098   0.146   0.123
   44   H   0.100   0.153   0.121
   45   M   0.099   0.165   0.120
   46   M   0.099   0.165   0.121
   47   M   0.103   0.198   0.124
   48   F   0.100   0.201   0.123
   49   S   0.103   0.204   0.126
   50   G   0.103   0.231   0.128
   51   L   0.098   0.185   0.126
   52   R   0.105   0.185   0.131
   53   G   0.105   0.172   0.133
   54   A   0.109   0.139   0.136
   55   M   0.099   0.131   0.129
   56   A   0.110   0.123   0.136
   57   F   0.143   0.112   0.155
   58   A   0.106   0.099   0.133
   59   L   0.110   0.103   0.135
   60   A   0.109   0.096   0.133
   61   I   0.116   0.099   0.137
   62   R   0.100   0.098   0.126
   63   D   0.106   0.097   0.128
   64   T   0.103   0.095   0.124
   65   A   0.104   0.099   0.123
   66   S   0.094   0.104   0.116
   67   Y   0.106   0.103   0.122
   68   A   0.100   0.105   0.117
   69   R   0.108   0.103   0.121
   70   Q   0.107   0.105   0.118
# Measure  Position  Value    Cutoff   signal peptide?
  max. C    21       0.368
  max. Y    21       0.517
  max. S     1       0.868
  mean S     1-20    0.710
       D     1-20    0.621   0.450   YES
Name=SL9A7_HUMAN_TRANSMEM12	SP='YES' Cleavage site between pos. 20 and 21: GRA-AH D=0.621 D-cutoff=0.450 Networks=SignalP-noTM
