# SignalP-4.1 euk predictions
# Name=SO1B3_HUMAN_TRANSMEM12	Length=70	Networks=SignalP-noTM
# pos  aa    C       S       Y
    1   Y   0.102   0.810   0.288
    2   L   0.101   0.824   0.287
    3   G   0.103   0.812   0.289
    4   L   0.098   0.761   0.282
    5   S   0.108   0.771   0.295
    6   I   0.102   0.722   0.286
    7   A   0.105   0.650   0.291
    8   L   0.101   0.712   0.284
    9   R   0.101   0.737   0.282
   10   F   0.101   0.732   0.283
   11   P   0.106   0.770   0.288
   12   A   0.102   0.805   0.283
   13   L   0.094   0.851   0.271
   14   V   0.099   0.846   0.278
   15   L   0.098   0.741   0.278
   16   Y   0.107   0.681   0.289
   17   I   0.126   0.631   0.313
   18   V   0.101   0.532   0.279
   19   F   0.100   0.630   0.275
   20   I   0.106   0.622   0.281
   21   F   0.108   0.506   0.282
   22   A   0.107   0.747   0.278
   23   M   0.307   0.472   0.471
   24   K   0.096   0.465   0.261
   25   K   0.113   0.329   0.280
   26   K   0.107   0.415   0.267
   27   F   0.119   0.335   0.279
   28   Q   0.110   0.290   0.264
   29   G   0.118   0.239   0.269
   30   K   0.398   0.128   0.487
   31   D   0.103   0.132   0.242
   32   T   0.101   0.144   0.233
   33   K   0.109   0.124   0.237
   34   A   0.099   0.127   0.219
   35   S   0.100   0.127   0.213
   36   D   0.099   0.125   0.205
   37   N   0.097   0.121   0.194
   38   E   0.101   0.107   0.191
   39   R   0.099   0.121   0.182
   40   K   0.104   0.109   0.180
   41   V   0.100   0.104   0.171
   42   M   0.099   0.102   0.163
   43   D   0.105   0.095   0.160
   44   E   0.097   0.098   0.148
   45   A   0.108   0.097   0.145
   46   N   0.099   0.101   0.133
   47   L   0.104   0.099   0.130
   48   E   0.101   0.097   0.124
   49   F   0.103   0.099   0.119
   50   L   0.105   0.094   0.115
   51   N   0.106   0.098   0.112
   52   N   0.106   0.090   0.109
   53   G   0.104   0.097   0.107
   54   E   0.101   0.095   0.104
   55   H   0.107   0.101   0.106
   56   F   0.098   0.095   0.101
   57   V   0.095   0.097   0.099
   58   P   0.097   0.100   0.099
   59   S   0.106   0.102   0.104
   60   A   0.099   0.104   0.099
   61   G   0.096   0.105   0.098
   62   T   0.095   0.102   0.097
   63   D   0.095   0.105   0.097
   64   S   0.102   0.107   0.101
   65   K   0.104   0.104   0.101
   66   T   0.099   0.103   0.099
   67   C   0.104   0.106   0.102
   68   N   0.102   0.103   0.101
   69   L   0.102   0.103   0.101
   70   D   0.101   0.102   0.101
# Measure  Position  Value    Cutoff   signal peptide?
  max. C    30       0.398
  max. Y    30       0.487
  max. S    13       0.851
  mean S     1-29    0.636
       D     1-29    0.567   0.450   YES
Name=SO1B3_HUMAN_TRANSMEM12	SP='YES' Cleavage site between pos. 29 and 30: FQG-KD D=0.567 D-cutoff=0.450 Networks=SignalP-noTM
