# SignalP-4.1 euk predictions
# Name=SO4C1_HUMAN_TRANSMEM9	Length=70	Networks=SignalP-TM
# pos  aa    C       S       Y
    1   V   0.101   0.222   0.150
    2   S   0.102   0.261   0.150
    3   K   0.102   0.341   0.151
    4   F   0.099   0.342   0.152
    5   R   0.101   0.403   0.156
    6   M   0.104   0.392   0.163
    7   T   0.101   0.336   0.164
    8   C   0.103   0.336   0.168
    9   K   0.102   0.310   0.170
   10   N   0.099   0.263   0.169
   11   T   0.099   0.268   0.170
   12   M   0.101   0.313   0.173
   13   K   0.102   0.326   0.176
   14   F   0.101   0.316   0.176
   15   A   0.102   0.330   0.180
   16   L   0.098   0.359   0.179
   17   F   0.105   0.374   0.186
   18   T   0.102   0.421   0.184
   19   S   0.104   0.406   0.188
   20   G   0.101   0.422   0.185
   21   V   0.102   0.357   0.186
   22   A   0.104   0.414   0.189
   23   L   0.141   0.349   0.222
   24   T   0.105   0.402   0.192
   25   L   0.109   0.435   0.198
   26   S   0.104   0.531   0.197
   27   F   0.236   0.301   0.303
   28   V   0.101   0.310   0.198
   29   F   0.100   0.279   0.197
   30   M   0.104   0.455   0.199
   31   Y   0.108   0.350   0.205
   32   A   0.100   0.359   0.197
   33   K   0.116   0.218   0.211
   34   C   0.100   0.234   0.193
   35   E   0.288   0.142   0.321
   36   N   0.101   0.162   0.186
   37   E   0.150   0.115   0.220
   38   P   0.099   0.123   0.175
   39   F   0.106   0.116   0.174
   40   A   0.104   0.126   0.166
   41   G   0.101   0.119   0.154
   42   V   0.101   0.114   0.150
   43   S   0.105   0.107   0.148
   44   E   0.103   0.109   0.142
   45   S   0.101   0.107   0.131
   46   Y   0.102   0.108   0.125
   47   N   0.103   0.104   0.118
   48   G   0.101   0.100   0.113
   49   T   0.101   0.095   0.109
   50   G   0.106   0.088   0.110
   51   E   0.100   0.092   0.105
   52   L   0.103   0.089   0.106
   53   G   0.100   0.093   0.103
   54   N   0.100   0.094   0.102
   55   L   0.106   0.089   0.104
   56   I   0.104   0.090   0.102
   57   A   0.107   0.092   0.102
   58   P   0.100   0.099   0.098
   59   C   0.106   0.099   0.101
   60   N   0.105   0.098   0.100
   61   A   0.105   0.100   0.100
   62   N   0.094   0.099   0.094
   63   C   0.102   0.098   0.098
   64   N   0.100   0.096   0.097
   65   C   0.103   0.098   0.099
   66   S   0.102   0.097   0.098
   67   R   0.098   0.102   0.097
   68   S   0.103   0.101   0.099
   69   Y   0.100   0.102   0.098
   70   Y   0.100   0.104   0.099
# Measure  Position  Value    Cutoff   signal peptide?
  max. C    35       0.288
  max. Y    35       0.321
  max. S    26       0.531
  mean S     1-34    0.345
       D     1-34    0.331   0.500   NO
Name=SO4C1_HUMAN_TRANSMEM9	SP='NO' D=0.331 D-cutoff=0.500 Networks=SignalP-TM
