# SignalP-4.1 euk predictions
# Name=SO6A1_HUMAN_TRANSMEM9	Length=70	Networks=SignalP-noTM
# pos  aa    C       S       Y
    1   V   0.100   0.482   0.219
    2   S   0.102   0.433   0.222
    3   T   0.103   0.614   0.222
    4   L   0.102   0.569   0.222
    5   E   0.101   0.608   0.223
    6   M   0.100   0.734   0.222
    7   S   0.100   0.778   0.225
    8   C   0.101   0.809   0.230
    9   K   0.105   0.817   0.237
   10   A   0.102   0.809   0.237
   11   L   0.092   0.823   0.228
   12   M   0.103   0.869   0.245
   13   R   0.097   0.812   0.241
   14   F   0.103   0.885   0.251
   15   I   0.098   0.924   0.249
   16   M   0.101   0.933   0.257
   17   V   0.105   0.968   0.265
   18   T   0.100   0.957   0.264
   19   S   0.104   0.955   0.273
   20   V   0.110   0.920   0.284
   21   I   0.105   0.921   0.283
   22   S   0.106   0.958   0.287
   23   L   0.162   0.954   0.360
   24   I   0.108   0.960   0.298
   25   L   0.102   0.985   0.293
   26   L   0.098   0.993   0.290
   27   V   0.141   0.974   0.352
   28   F   0.104   0.954   0.305
   29   I   0.110   0.939   0.316
   30   I   0.115   0.913   0.324
   31   F   0.102   0.904   0.307
   32   V   0.114   0.896   0.324
   33   R   0.100   0.867   0.304
   34   C   0.106   0.885   0.313
   35   N   0.808   0.589   0.867
   36   P   0.101   0.783   0.304
   37   V   0.265   0.551   0.493
   38   Q   0.102   0.392   0.302
   39   F   0.108   0.637   0.307
   40   A   0.330   0.278   0.532
   41   G   0.131   0.140   0.329
   42   I   0.115   0.104   0.301
   43   N   0.108   0.109   0.285
   44   E   0.107   0.115   0.277
   45   D   0.101   0.116   0.262
   46   Y   0.098   0.114   0.251
   47   D   0.104   0.112   0.250
   48   G   0.101   0.111   0.238
   49   T   0.100   0.107   0.229
   50   G   0.108   0.102   0.228
   51   K   0.100   0.097   0.210
   52   L   0.099   0.093   0.201
   53   G   0.098   0.099   0.190
   54   N   0.098   0.095   0.180
   55   L   0.106   0.091   0.177
   56   T   0.108   0.097   0.167
   57   A   0.110   0.098   0.157
   58   P   0.097   0.105   0.140
   59   C   0.104   0.099   0.134
   60   N   0.102   0.100   0.124
   61   E   0.101   0.098   0.118
   62   K   0.093   0.097   0.103
   63   C   0.099   0.095   0.101
   64   R   0.100   0.097   0.101
   65   C   0.101   0.098   0.102
   66   S   0.101   0.100   0.101
   67   S   0.097   0.101   0.099
   68   S   0.098   0.103   0.099
   69   I   0.098   0.098   0.099
   70   Y   0.096   0.101   0.097
# Measure  Position  Value    Cutoff   signal peptide?
  max. C    35       0.808
  max. Y    35       0.867
  max. S    26       0.993
  mean S     1-34    0.847
       D     1-34    0.856   0.450   YES
Name=SO6A1_HUMAN_TRANSMEM9	SP='YES' Cleavage site between pos. 34 and 35: VRC-NP D=0.856 D-cutoff=0.450 Networks=SignalP-noTM
