# SignalP-4.1 euk predictions
# Name=SOAT2_HUMAN_TRANSMEM8	Length=70	Networks=SignalP-noTM
# pos  aa    C       S       Y
    1   F   0.101   0.945   0.308
    2   F   0.100   0.942   0.307
    3   Y   0.103   0.953   0.312
    4   P   0.104   0.941   0.313
    5   V   0.103   0.911   0.311
    6   M   0.103   0.914   0.312
    7   L   0.105   0.919   0.314
    8   I   0.099   0.909   0.305
    9   L   0.099   0.919   0.305
   10   F   0.102   0.950   0.309
   11   L   0.098   0.966   0.304
   12   V   0.107   0.957   0.316
   13   I   0.104   0.939   0.312
   14   G   0.104   0.948   0.312
   15   G   0.102   0.922   0.310
   16   M   0.122   0.907   0.339
   17   L   0.117   0.890   0.332
   18   N   0.154   0.823   0.380
   19   F   0.193   0.641   0.424
   20   M   0.104   0.660   0.308
   21   M   0.118   0.745   0.326
   22   H   0.106   0.743   0.308
   23   D   0.155   0.578   0.370
   24   Q   0.119   0.425   0.322
   25   R   0.102   0.476   0.294
   26   T   0.103   0.625   0.290
   27   G   0.117   0.365   0.307
   28   P   0.100   0.387   0.280
   29   A   0.115   0.305   0.295
   30   W   0.099   0.388   0.269
   31   N   0.104   0.390   0.271
   32   V   0.100   0.448   0.262
   33   L   0.102   0.555   0.259
   34   M   0.104   0.561   0.258
   35   W   0.097   0.564   0.246
   36   T   0.102   0.619   0.249
   37   M   0.106   0.545   0.251
   38   L   0.103   0.673   0.243
   39   F   0.102   0.752   0.240
   40   L   0.097   0.844   0.233
   41   G   0.104   0.812   0.241
   42   Q   0.118   0.625   0.258
   43   G   0.106   0.744   0.245
   44   I   0.169   0.596   0.309
   45   Q   0.101   0.649   0.237
   46   V   0.129   0.500   0.269
   47   S   0.108   0.334   0.247
   48   L   0.100   0.312   0.236
   49   Y   0.107   0.214   0.241
   50   C   0.135   0.141   0.269
   51   Q   0.113   0.107   0.244
   52   E   0.097   0.105   0.224
   53   W   0.093   0.121   0.217
   54   Y   0.100   0.119   0.222
   55   A   0.095   0.115   0.212
   56   R   0.109   0.114   0.223
   57   R   0.104   0.107   0.213
   58   H   0.103   0.109   0.207
   59   C   0.104   0.113   0.202
   60   P   0.103   0.107   0.196
   61   L   0.100   0.106   0.186
   62   P   0.107   0.099   0.184
   63   Q   0.104   0.101   0.172
   64   A   0.109   0.102   0.165
   65   T   0.099   0.099   0.150
   66   F   0.106   0.100   0.145
   67   W   0.102   0.096   0.134
   68   G   0.102   0.098   0.124
   69   L   0.101   0.097   0.116
   70   V   0.101   0.096   0.111
# Measure  Position  Value    Cutoff   signal peptide?
  max. C    19       0.193
  max. Y    19       0.424
  max. S    11       0.966
  mean S     1-18    0.925
       D     1-18    0.695   0.450   YES
Name=SOAT2_HUMAN_TRANSMEM8	SP='YES' Cleavage site between pos. 18 and 19: MLN-FM D=0.695 D-cutoff=0.450 Networks=SignalP-noTM
