# SignalP-4.1 euk predictions
# Name=SOAT1_HUMAN_TRANSMEM4	Length=70	Networks=SignalP-noTM
# pos  aa    C       S       Y
    1   L   0.101   0.236   0.154
    2   P   0.103   0.217   0.156
    3   P   0.106   0.215   0.158
    4   A   0.107   0.200   0.159
    5   S   0.097   0.148   0.151
    6   R   0.100   0.126   0.151
    7   F   0.102   0.143   0.151
    8   I   0.101   0.168   0.149
    9   I   0.102   0.175   0.149
   10   I   0.103   0.147   0.149
   11   F   0.099   0.141   0.144
   12   E   0.105   0.105   0.147
   13   Q   0.099   0.124   0.141
   14   I   0.102   0.117   0.141
   15   R   0.099   0.147   0.137
   16   F   0.100   0.208   0.136
   17   V   0.097   0.225   0.133
   18   M   0.100   0.244   0.135
   19   K   0.106   0.444   0.139
   20   A   0.169   0.186   0.180
   21   H   0.128   0.125   0.156
   22   S   0.102   0.153   0.138
   23   F   0.168   0.106   0.175
   24   V   0.103   0.111   0.134
   25   R   0.096   0.105   0.128
   26   E   0.103   0.099   0.131
   27   N   0.098   0.098   0.126
   28   V   0.102   0.102   0.128
   29   P   0.105   0.103   0.129
   30   R   0.102   0.108   0.126
   31   V   0.100   0.100   0.124
   32   L   0.103   0.104   0.124
   33   N   0.106   0.128   0.125
   34   S   0.101   0.107   0.122
   35   A   0.103   0.110   0.123
   36   K   0.104   0.107   0.124
   37   E   0.101   0.099   0.122
   38   K   0.095   0.100   0.117
   39   S   0.103   0.097   0.120
   40   S   0.104   0.097   0.118
   41   T   0.100   0.092   0.112
   42   V   0.100   0.094   0.105
   43   P   0.100   0.088   0.104
   44   I   0.105   0.093   0.105
   45   P   0.098   0.091   0.100
   46   T   0.109   0.088   0.105
   47   V   0.102   0.089   0.101
   48   N   0.100   0.094   0.100
   49   Q   0.100   0.099   0.100
   50   Y   0.104   0.085   0.102
   51   L   0.103   0.092   0.101
   52   Y   0.106   0.091   0.102
   53   F   0.096   0.095   0.097
   54   L   0.110   0.111   0.104
   55   F   0.103   0.109   0.100
   56   A   0.107   0.099   0.102
   57   P   0.096   0.100   0.096
   58   T   0.103   0.092   0.099
   59   L   0.103   0.091   0.099
   60   I   0.106   0.091   0.100
   61   Y   0.096   0.095   0.095
   62   R   0.097   0.099   0.096
   63   D   0.108   0.098   0.101
   64   S   0.102   0.101   0.098
   65   Y   0.105   0.100   0.100
   66   P   0.095   0.105   0.095
   67   R   0.109   0.105   0.102
   68   N   0.103   0.108   0.100
   69   P   0.097   0.108   0.097
   70   T   0.100   0.110   0.100
# Measure  Position  Value    Cutoff   signal peptide?
  max. C    20       0.169
  max. Y    20       0.180
  max. S    19       0.444
  mean S     1-19    0.186
       D     1-19    0.183   0.450   NO
Name=SOAT1_HUMAN_TRANSMEM4	SP='NO' D=0.183 D-cutoff=0.450 Networks=SignalP-noTM
