# SignalP-4.1 euk predictions
# Name=SPNS1_HUMAN_TRANSMEM11	Length=70	Networks=SignalP-noTM
# pos  aa    C       S       Y
    1   S   0.102   0.210   0.147
    2   T   0.102   0.213   0.146
    3   A   0.103   0.197   0.147
    4   E   0.100   0.205   0.145
    5   A   0.103   0.177   0.147
    6   F   0.106   0.193   0.148
    7   Q   0.105   0.192   0.147
    8   I   0.104   0.194   0.146
    9   V   0.100   0.177   0.144
   10   L   0.102   0.127   0.144
   11   S   0.106   0.130   0.145
   12   H   0.100   0.139   0.140
   13   L   0.103   0.185   0.141
   14   L   0.100   0.162   0.138
   15   G   0.101   0.192   0.138
   16   D   0.104   0.202   0.140
   17   A   0.105   0.234   0.141
   18   G   0.111   0.166   0.145
   19   S   0.112   0.127   0.145
   20   P   0.105   0.104   0.139
   21   Y   0.120   0.099   0.147
   22   L   0.102   0.118   0.133
   23   I   0.100   0.114   0.131
   24   G   0.099   0.122   0.128
   25   L   0.108   0.127   0.132
   26   I   0.104   0.118   0.128
   27   S   0.106   0.116   0.128
   28   D   0.108   0.111   0.128
   29   R   0.097   0.108   0.120
   30   L   0.104   0.116   0.122
   31   R   0.105   0.123   0.121
   32   R   0.106   0.140   0.121
   33   N   0.105   0.138   0.121
   34   W   0.099   0.139   0.117
   35   P   0.098   0.178   0.117
   36   P   0.103   0.163   0.120
   37   S   0.101   0.221   0.118
   38   F   0.095   0.215   0.115
   39   L   0.101   0.264   0.119
   40   S   0.101   0.222   0.120
   41   E   0.099   0.295   0.120
   42   F   0.102   0.329   0.124
   43   R   0.109   0.336   0.133
   44   A   0.110   0.249   0.138
   45   L   0.096   0.243   0.131
   46   Q   0.102   0.325   0.138
   47   F   0.104   0.311   0.142
   48   S   0.103   0.404   0.144
   49   L   0.097   0.382   0.145
   50   M   0.102   0.334   0.153
   51   L   0.100   0.262   0.154
   52   C   0.102   0.237   0.158
   53   A   0.102   0.171   0.160
   54   F   0.097   0.151   0.156
   55   V   0.100   0.143   0.159
   56   G   0.097   0.131   0.157
   57   A   0.102   0.131   0.161
   58   L   0.131   0.112   0.181
   59   G   0.103   0.137   0.160
   60   G   0.121   0.109   0.172
   61   A   0.128   0.103   0.175
   62   A   0.108   0.103   0.159
   63   F   0.114   0.098   0.161
   64   L   0.107   0.099   0.153
   65   G   0.102   0.097   0.145
   66   T   0.104   0.097   0.143
   67   A   0.110   0.098   0.144
   68   I   0.111   0.094   0.142
   69   F   0.100   0.094   0.132
   70   I   0.103   0.096   0.130
# Measure  Position  Value    Cutoff   signal peptide?
  max. C    58       0.131
  max. Y    58       0.181
  max. S    48       0.404
  mean S     1-57    0.191
       D     1-57    0.187   0.450   NO
Name=SPNS1_HUMAN_TRANSMEM11	SP='NO' D=0.187 D-cutoff=0.450 Networks=SignalP-noTM
