# SignalP-4.1 euk predictions
# Name=SPTC1_HUMAN_TRANSMEM1	Length=70	Networks=SignalP-noTM
# pos  aa    C       S       Y
    1   V   0.100   0.121   0.110
    2   E   0.100   0.114   0.110
    3   M   0.104   0.143   0.112
    4   V   0.101   0.169   0.111
    5   Q   0.105   0.163   0.114
    6   A   0.105   0.165   0.115
    7   L   0.104   0.118   0.115
    8   Y   0.107   0.159   0.117
    9   E   0.100   0.220   0.114
   10   A   0.104   0.235   0.118
   11   P   0.099   0.292   0.117
   12   A   0.107   0.258   0.125
   13   Y   0.096   0.326   0.121
   14   H   0.102   0.340   0.128
   15   L   0.100   0.281   0.131
   16   I   0.101   0.235   0.135
   17   L   0.098   0.273   0.135
   18   E   0.103   0.342   0.140
   19   G   0.107   0.302   0.147
   20   I   0.103   0.290   0.147
   21   L   0.106   0.264   0.152
   22   I   0.103   0.226   0.152
   23   L   0.111   0.218   0.159
   24   W   0.096   0.264   0.150
   25   I   0.105   0.376   0.159
   26   I   0.106   0.470   0.163
   27   R   0.096   0.519   0.160
   28   L   0.106   0.563   0.173
   29   L   0.105   0.695   0.177
   30   F   0.097   0.727   0.178
   31   S   0.117   0.581   0.203
   32   K   0.494   0.270   0.426
   33   T   0.099   0.293   0.191
   34   Y   0.125   0.185   0.214
   35   K   0.103   0.263   0.194
   36   L   0.163   0.169   0.243
   37   Q   0.102   0.119   0.191
   38   E   0.112   0.110   0.197
   39   R   0.099   0.108   0.184
   40   S   0.108   0.100   0.190
   41   D   0.102   0.099   0.182
   42   L   0.098   0.093   0.176
   43   T   0.099   0.096   0.174
   44   V   0.094   0.097   0.168
   45   K   0.102   0.097   0.172
   46   E   0.101   0.098   0.170
   47   K   0.100   0.094   0.167
   48   E   0.103   0.101   0.165
   49   E   0.099   0.097   0.157
   50   L   0.099   0.096   0.151
   51   I   0.102   0.098   0.146
   52   E   0.100   0.101   0.135
   53   E   0.105   0.097   0.127
   54   W   0.099   0.098   0.114
   55   Q   0.104   0.102   0.113
   56   P   0.104   0.099   0.109
   57   E   0.100   0.098   0.105
   58   P   0.099   0.102   0.101
   59   L   0.102   0.106   0.101
   60   V   0.104   0.109   0.102
   61   P   0.103   0.107   0.101
   62   P   0.103   0.110   0.101
   63   V   0.102   0.108   0.101
   64   P   0.105   0.110   0.103
   65   K   0.105   0.104   0.103
   66   D   0.096   0.106   0.098
   67   H   0.105   0.105   0.103
   68   P   0.109   0.105   0.105
   69   A   0.103   0.103   0.103
   70   L   0.100   0.103   0.102
# Measure  Position  Value    Cutoff   signal peptide?
  max. C    32       0.494
  max. Y    32       0.426
  max. S    30       0.727
  mean S     1-31    0.305
       D     1-31    0.361   0.450   NO
Name=SPTC1_HUMAN_TRANSMEM1	SP='NO' D=0.361 D-cutoff=0.450 Networks=SignalP-noTM
