# SignalP-4.1 euk predictions
# Name=SPX3_HUMAN_TRANSMEM4	Length=70	Networks=SignalP-TM
# pos  aa    C       S       Y
    1   W   0.100   0.792   0.282
    2   L   0.101   0.750   0.283
    3   Y   0.102   0.763   0.283
    4   C   0.102   0.723   0.283
    5   C   0.102   0.668   0.283
    6   L   0.100   0.699   0.278
    7   W   0.101   0.703   0.278
    8   I   0.101   0.749   0.278
    9   V   0.100   0.681   0.275
   10   N   0.101   0.713   0.274
   11   G   0.102   0.812   0.275
   12   L   0.110   0.796   0.286
   13   L   0.103   0.752   0.277
   14   Q   0.107   0.588   0.282
   15   S   0.106   0.582   0.278
   16   T   0.118   0.466   0.289
   17   G   0.105   0.469   0.269
   18   W   0.398   0.262   0.517
   19   P   0.105   0.263   0.259
   20   C   0.152   0.180   0.304
   21   V   0.104   0.148   0.244
   22   V   0.099   0.266   0.230
   23   A   0.104   0.273   0.227
   24   V   0.306   0.167   0.379
   25   M   0.103   0.186   0.210
   26   G   0.104   0.191   0.200
   27   N   0.105   0.157   0.190
   28   W   0.101   0.241   0.174
   29   F   0.104   0.194   0.169
   30   G   0.105   0.180   0.161
   31   K   0.103   0.155   0.153
   32   A   0.105   0.195   0.147
   33   G   0.115   0.221   0.152
   34   R   0.108   0.208   0.145
   35   G   0.129   0.171   0.160
   36   V   0.124   0.192   0.158
   37   V   0.103   0.167   0.142
   38   F   0.102   0.167   0.139
   39   G   0.103   0.151   0.139
   40   L   0.105   0.111   0.140
   41   W   0.106   0.133   0.138
   42   S   0.105   0.099   0.137
   43   A   0.103   0.134   0.131
   44   C   0.098   0.121   0.127
   45   A   0.103   0.169   0.128
   46   S   0.101   0.118   0.127
   47   V   0.101   0.128   0.125
   48   G   0.105   0.112   0.124
   49   N   0.102   0.121   0.120
   50   I   0.099   0.098   0.116
   51   L   0.102   0.098   0.115
   52   G   0.108   0.126   0.116
   53   A   0.108   0.136   0.115
   54   C   0.105   0.120   0.113
   55   L   0.104   0.110   0.113
   56   A   0.104   0.154   0.112
   57   S   0.123   0.153   0.124
   58   S   0.105   0.123   0.115
   59   V   0.100   0.132   0.113
   60   L   0.104   0.125   0.114
   61   Q   0.099   0.139   0.111
   62   Y   0.102   0.140   0.113
   63   G   0.103   0.141   0.114
   64   Y   0.100   0.099   0.113
   65   E   0.101   0.116   0.114
   66   Y   0.104   0.102   0.116
   67   A   0.099   0.114   0.112
   68   F   0.099   0.101   0.112
   69   L   0.104   0.108   0.114
   70   V   0.102   0.102   0.113
# Measure  Position  Value    Cutoff   signal peptide?
  max. C    18       0.398
  max. Y    18       0.517
  max. S    11       0.812
  mean S     1-17    0.689
       D     1-17    0.586   0.500   YES
Name=SPX3_HUMAN_TRANSMEM4	SP='YES' Cleavage site between pos. 17 and 18: STG-WP D=0.586 D-cutoff=0.500 Networks=SignalP-TM
