# SignalP-4.1 euk predictions
# Name=STAB1_HUMAN_TRANSMEM1	Length=70	Networks=SignalP-noTM
# pos  aa    C       S       Y
    1   P   0.101   0.850   0.292
    2   P   0.104   0.821   0.298
    3   V   0.107   0.803   0.301
    4   A   0.108   0.835   0.302
    5   A   0.099   0.866   0.289
    6   G   0.100   0.910   0.290
    7   V   0.099   0.905   0.290
    8   G   0.108   0.910   0.303
    9   A   0.104   0.872   0.298
   10   V   0.097   0.876   0.287
   11   L   0.106   0.835   0.302
   12   A   0.111   0.792   0.308
   13   A   0.100   0.819   0.292
   14   G   0.107   0.818   0.302
   15   A   0.103   0.816   0.296
   16   L   0.103   0.824   0.296
   17   L   0.106   0.828   0.299
   18   G   0.106   0.794   0.299
   19   L   0.113   0.739   0.309
   20   V   0.108   0.804   0.302
   21   A   0.110   0.823   0.303
   22   G   0.116   0.795   0.312
   23   A   0.248   0.505   0.455
   24   L   0.137   0.287   0.335
   25   Y   0.110   0.390   0.295
   26   L   0.141   0.195   0.330
   27   R   0.104   0.218   0.278
   28   A   0.110   0.321   0.281
   29   R   0.149   0.151   0.320
   30   G   0.109   0.161   0.267
   31   K   0.379   0.097   0.485
   32   P   0.102   0.109   0.245
   33   M   0.112   0.110   0.248
   34   G   0.100   0.114   0.227
   35   F   0.108   0.113   0.230
   36   G   0.105   0.120   0.218
   37   F   0.104   0.119   0.210
   38   S   0.109   0.119   0.206
   39   A   0.101   0.117   0.191
   40   F   0.101   0.126   0.182
   41   Q   0.102   0.123   0.174
   42   A   0.102   0.124   0.165
   43   E   0.102   0.109   0.156
   44   D   0.106   0.112   0.148
   45   D   0.100   0.106   0.132
   46   A   0.100   0.101   0.125
   47   D   0.098   0.104   0.121
   48   D   0.100   0.101   0.116
   49   D   0.099   0.101   0.114
   50   F   0.097   0.102   0.110
   51   S   0.102   0.102   0.108
   52   P   0.099   0.105   0.106
   53   W   0.105   0.101   0.108
   54   Q   0.100   0.097   0.106
   55   E   0.101   0.094   0.106
   56   G   0.101   0.088   0.105
   57   T   0.097   0.093   0.103
   58   N   0.106   0.101   0.107
   59   P   0.102   0.100   0.104
   60   T   0.104   0.103   0.105
   61   L   0.104   0.102   0.105
   62   V   0.105   0.100   0.104
   63   S   0.103   0.099   0.103
   64   V   0.099   0.098   0.100
   65   P   0.097   0.102   0.099
   66   N   0.110   0.097   0.105
   67   P   0.104   0.097   0.102
   68   V   0.102   0.096   0.101
   69   F   0.106   0.095   0.102
   70   G   0.103   0.092   0.101
# Measure  Position  Value    Cutoff   signal peptide?
  max. C    31       0.379
  max. Y    31       0.485
  max. S     6       0.910
  mean S     1-30    0.685
       D     1-30    0.593   0.450   YES
Name=STAB1_HUMAN_TRANSMEM1	SP='YES' Cleavage site between pos. 30 and 31: ARG-KP D=0.593 D-cutoff=0.450 Networks=SignalP-noTM
