# SignalP-4.1 euk predictions
# Name=STEAL_HUMAN_TRANSMEM2	Length=70	Networks=SignalP-TM
# pos  aa    C       S       Y
    1   I   0.102   0.594   0.246
    2   N   0.101   0.589   0.245
    3   K   0.102   0.581   0.246
    4   V   0.101   0.673   0.245
    5   L   0.102   0.627   0.248
    6   P   0.104   0.541   0.250
    7   M   0.101   0.541   0.246
    8   V   0.103   0.474   0.247
    9   S   0.104   0.443   0.247
   10   I   0.101   0.465   0.241
   11   T   0.100   0.468   0.238
   12   L   0.102   0.434   0.238
   13   L   0.103   0.410   0.236
   14   A   0.099   0.399   0.230
   15   L   0.099   0.408   0.227
   16   V   0.104   0.471   0.229
   17   Y   0.102   0.374   0.225
   18   L   0.102   0.463   0.221
   19   P   0.103   0.420   0.219
   20   G   0.104   0.437   0.216
   21   V   0.104   0.338   0.215
   22   I   0.100   0.447   0.207
   23   A   0.109   0.567   0.215
   24   A   0.596   0.278   0.510
   25   I   0.472   0.123   0.447
   26   V   0.104   0.189   0.204
   27   Q   0.101   0.140   0.197
   28   V   0.108   0.121   0.197
   29   H   0.109   0.116   0.193
   30   N   0.103   0.169   0.182
   31   G   0.111   0.139   0.182
   32   T   0.123   0.099   0.187
   33   K   0.106   0.089   0.164
   34   Y   0.102   0.095   0.154
   35   K   0.107   0.097   0.149
   36   K   0.100   0.086   0.138
   37   F   0.103   0.095   0.130
   38   P   0.105   0.082   0.117
   39   H   0.103   0.093   0.110
   40   W   0.103   0.100   0.109
   41   L   0.101   0.093   0.105
   42   D   0.100   0.094   0.103
   43   K   0.102   0.079   0.103
   44   W   0.102   0.085   0.101
   45   M   0.105   0.063   0.100
   46   L   0.104   0.077   0.096
   47   T   0.103   0.046   0.095
   48   R   0.100   0.050   0.092
   49   K   0.105   0.040   0.093
   50   Q   0.099   0.038   0.088
   51   F   0.102   0.046   0.087
   52   G   0.101   0.063   0.084
   53   L   0.099   0.054   0.083
   54   L   0.102   0.055   0.082
   55   S   0.103   0.046   0.081
   56   L   0.101   0.045   0.078
   57   F   0.100   0.050   0.075
   58   F   0.103   0.049   0.075
   59   A   0.105   0.056   0.074
   60   V   0.097   0.045   0.070
   61   L   0.102   0.053   0.071
   62   H   0.102   0.059   0.071
   63   A   0.097   0.062   0.070
   64   I   0.114   0.054   0.077
   65   Y   0.101   0.079   0.073
   66   T   0.097   0.102   0.073
   67   L   0.105   0.099   0.078
   68   S   0.100   0.124   0.078
   69   Y   0.101   0.124   0.082
   70   A   0.100   0.143   0.085
# Measure  Position  Value    Cutoff   signal peptide?
  max. C    24       0.596
  max. Y    24       0.510
  max. S     4       0.673
  mean S     1-23    0.485
       D     1-23    0.500   0.500   NO
Name=STEAL_HUMAN_TRANSMEM2	SP='NO' D=0.500 D-cutoff=0.500 Networks=SignalP-TM
