# SignalP-4.1 euk predictions
# Name=STT3B_HUMAN_TRANSMEM3	Length=70	Networks=SignalP-TM
# pos  aa    C       S       Y
    1   R   0.102   0.438   0.211
    2   E   0.103   0.382   0.213
    3   L   0.101   0.344   0.209
    4   W   0.102   0.333   0.208
    5   N   0.103   0.316   0.208
    6   Q   0.102   0.354   0.204
    7   G   0.104   0.344   0.206
    8   A   0.102   0.398   0.202
    9   G   0.101   0.436   0.200
   10   L   0.099   0.435   0.198
   11   L   0.102   0.279   0.201
   12   A   0.103   0.240   0.199
   13   A   0.098   0.340   0.190
   14   C   0.098   0.368   0.189
   15   F   0.104   0.373   0.193
   16   I   0.104   0.450   0.192
   17   A   0.103   0.470   0.192
   18   I   0.099   0.482   0.191
   19   V   0.100   0.430   0.195
   20   P   0.099   0.413   0.196
   21   G   0.107   0.301   0.204
   22   Y   0.147   0.201   0.238
   23   I   0.103   0.265   0.196
   24   S   0.112   0.309   0.201
   25   R   0.134   0.286   0.217
   26   S   0.129   0.225   0.213
   27   V   0.107   0.226   0.194
   28   A   0.106   0.235   0.190
   29   G   0.227   0.167   0.275
   30   S   0.279   0.143   0.298
   31   F   0.106   0.148   0.177
   32   D   0.105   0.114   0.169
   33   N   0.100   0.116   0.157
   34   E   0.100   0.105   0.150
   35   G   0.103   0.083   0.144
   36   I   0.104   0.065   0.140
   37   A   0.105   0.092   0.136
   38   I   0.099   0.110   0.128
   39   F   0.103   0.069   0.125
   40   A   0.103   0.070   0.118
   41   L   0.101   0.072   0.112
   42   Q   0.106   0.070   0.109
   43   F   0.101   0.102   0.101
   44   T   0.105   0.103   0.101
   45   Y   0.104   0.082   0.099
   46   Y   0.103   0.117   0.096
   47   L   0.102   0.092   0.096
   48   W   0.101   0.087   0.094
   49   V   0.096   0.068   0.091
   50   K   0.101   0.067   0.093
   51   S   0.102   0.086   0.093
   52   V   0.103   0.106   0.094
   53   K   0.101   0.113   0.093
   54   T   0.101   0.093   0.094
   55   G   0.106   0.077   0.098
   56   S   0.102   0.077   0.096
   57   V   0.102   0.097   0.096
   58   F   0.100   0.085   0.095
   59   W   0.100   0.075   0.094
   60   T   0.100   0.075   0.094
   61   M   0.104   0.063   0.095
   62   C   0.104   0.055   0.093
   63   C   0.101   0.065   0.090
   64   C   0.101   0.066   0.090
   65   L   0.103   0.057   0.091
   66   S   0.104   0.071   0.090
   67   Y   0.099   0.100   0.087
   68   F   0.100   0.082   0.087
   69   Y   0.099   0.103   0.086
   70   M   0.101   0.102   0.088
# Measure  Position  Value    Cutoff   signal peptide?
  max. C    30       0.279
  max. Y    30       0.298
  max. S    18       0.482
  mean S     1-29    0.339
       D     1-29    0.315   0.500   NO
Name=STT3B_HUMAN_TRANSMEM3	SP='NO' D=0.315 D-cutoff=0.500 Networks=SignalP-TM
