# SignalP-4.1 euk predictions
# Name=T200C_HUMAN_TRANSMEM2	Length=70	Networks=SignalP-TM
# pos  aa    C       S       Y
    1   S   0.102   0.210   0.146
    2   D   0.101   0.260   0.146
    3   K   0.101   0.211   0.147
    4   L   0.100   0.261   0.146
    5   K   0.102   0.266   0.149
    6   V   0.102   0.226   0.150
    7   F   0.103   0.201   0.152
    8   G   0.104   0.231   0.152
    9   P   0.098   0.253   0.148
   10   L   0.104   0.176   0.153
   11   I   0.104   0.228   0.152
   12   M   0.102   0.162   0.151
   13   G   0.101   0.170   0.149
   14   I   0.097   0.229   0.146
   15   G   0.106   0.226   0.153
   16   I   0.100   0.252   0.149
   17   F   0.100   0.269   0.149
   18   L   0.100   0.285   0.150
   19   F   0.100   0.185   0.151
   20   I   0.099   0.205   0.148
   21   C   0.104   0.198   0.151
   22   A   0.104   0.204   0.151
   23   N   0.114   0.236   0.157
   24   A   0.108   0.269   0.153
   25   V   0.237   0.094   0.230
   26   L   0.103   0.167   0.148
   27   H   0.132   0.179   0.168
   28   E   0.178   0.093   0.195
   29   N   0.106   0.088   0.147
   30   R   0.104   0.088   0.142
   31   D   0.103   0.081   0.137
   32   K   0.104   0.085   0.133
   33   K   0.099   0.095   0.124
   34   T   0.100   0.105   0.122
   35   K   0.102   0.099   0.120
   36   I   0.103   0.112   0.118
   37   I   0.103   0.107   0.115
   38   N   0.102   0.106   0.110
   39   L   0.101   0.098   0.104
   40   R   0.102   0.097   0.104
   41   D   0.105   0.090   0.104
   42   L   0.103   0.091   0.099
   43   Y   0.103   0.086   0.099
   44   S   0.104   0.079   0.100
   45   T   0.103   0.076   0.099
   46   V   0.101   0.078   0.098
   47   I   0.102   0.072   0.098
   48   D   0.099   0.073   0.096
   49   V   0.095   0.072   0.093
   50   H   0.098   0.083   0.093
   51   S   0.102   0.091   0.094
   52   L   0.096   0.095   0.090
   53   R   0.103   0.097   0.093
   54   A   0.101   0.092   0.092
   55   K   0.098   0.103   0.091
   56   D   0.105   0.083   0.094
   57   L   0.104   0.074   0.094
   58   A   0.106   0.077   0.094
   59   A   0.099   0.089   0.091
   60   A   0.102   0.098   0.093
   61   A   0.102   0.092   0.093
   62   A   0.101   0.091   0.094
   63   A   0.102   0.081   0.095
   64   A   0.101   0.091   0.095
   65   A   0.101   0.099   0.095
   66   A   0.101   0.101   0.096
   67   A   0.103   0.103   0.096
   68   A   0.102   0.095   0.097
   69   A   0.101   0.095   0.096
   70   S   0.103   0.097   0.097
# Measure  Position  Value    Cutoff   signal peptide?
  max. C    25       0.237
  max. Y    25       0.230
  max. S    18       0.285
  mean S     1-24    0.225
       D     1-24    0.228   0.500   NO
Name=T200C_HUMAN_TRANSMEM2	SP='NO' D=0.228 D-cutoff=0.500 Networks=SignalP-TM
