# SignalP-4.1 euk predictions
# Name=T2R38_HUMAN_TRANSMEM2	Length=70	Networks=SignalP-TM
# pos  aa    C       S       Y
    1   S   0.102   0.562   0.239
    2   N   0.100   0.435   0.237
    3   S   0.101   0.464   0.237
    4   D   0.101   0.442   0.235
    5   C   0.102   0.472   0.235
    6   V   0.100   0.371   0.231
    7   L   0.103   0.445   0.230
    8   L   0.103   0.361   0.229
    9   C   0.100   0.339   0.222
   10   L   0.101   0.370   0.220
   11   S   0.104   0.232   0.220
   12   I   0.099   0.273   0.209
   13   S   0.103   0.288   0.208
   14   R   0.099   0.261   0.199
   15   L   0.103   0.264   0.198
   16   F   0.101   0.295   0.190
   17   L   0.098   0.365   0.185
   18   H   0.104   0.348   0.188
   19   G   0.104   0.403   0.186
   20   L   0.127   0.356   0.204
   21   L   0.103   0.349   0.184
   22   F   0.103   0.361   0.182
   23   L   0.112   0.337   0.190
   24   S   0.101   0.372   0.180
   25   A   0.102   0.392   0.181
   26   I   0.126   0.243   0.205
   27   Q   0.105   0.276   0.186
   28   L   0.107   0.304   0.188
   29   T   0.115   0.240   0.196
   30   H   0.100   0.270   0.182
   31   F   0.099   0.422   0.181
   32   Q   0.419   0.153   0.374
   33   K   0.101   0.181   0.180
   34   L   0.102   0.188   0.176
   35   S   0.104   0.174   0.174
   36   E   0.107   0.160   0.173
   37   P   0.101   0.147   0.164
   38   L   0.115   0.132   0.170
   39   N   0.102   0.145   0.155
   40   H   0.101   0.154   0.148
   41   S   0.101   0.161   0.146
   42   Y   0.103   0.121   0.144
   43   Q   0.098   0.105   0.136
   44   A   0.102   0.106   0.135
   45   I   0.096   0.109   0.127
   46   I   0.104   0.107   0.123
   47   M   0.100   0.084   0.119
   48   L   0.101   0.072   0.117
   49   W   0.100   0.081   0.113
   50   M   0.100   0.092   0.110
   51   I   0.104   0.084   0.110
   52   A   0.104   0.124   0.107
   53   N   0.099   0.153   0.105
   54   Q   0.104   0.181   0.107
   55   A   0.105   0.132   0.109
   56   N   0.103   0.120   0.107
   57   L   0.101   0.176   0.106
   58   W   0.098   0.168   0.106
   59   L   0.103   0.154   0.111
   60   A   0.106   0.178   0.114
   61   A   0.107   0.154   0.117
   62   C   0.102   0.133   0.117
   63   L   0.108   0.141   0.122
   64   S   0.101   0.124   0.120
   65   L   0.105   0.122   0.123
   66   L   0.101   0.121   0.122
   67   Y   0.098   0.125   0.120
   68   C   0.100   0.128   0.120
   69   S   0.105   0.102   0.122
   70   K   0.100   0.094   0.118
# Measure  Position  Value    Cutoff   signal peptide?
  max. C    32       0.419
  max. Y    32       0.374
  max. S     1       0.562
  mean S     1-31    0.352
       D     1-31    0.365   0.500   NO
Name=T2R38_HUMAN_TRANSMEM2	SP='NO' D=0.365 D-cutoff=0.500 Networks=SignalP-TM
