# SignalP-4.1 euk predictions
# Name=T2R30_HUMAN_TRANSMEM5	Length=70	Networks=SignalP-TM
# pos  aa    C       S       Y
    1   H   0.101   0.659   0.257
    2   S   0.102   0.627   0.259
    3   N   0.100   0.636   0.256
    4   M   0.102   0.654   0.258
    5   T   0.101   0.592   0.257
    6   L   0.102   0.453   0.258
    7   T   0.103   0.513   0.255
    8   M   0.103   0.532   0.254
    9   L   0.103   0.500   0.252
   10   A   0.101   0.574   0.247
   11   N   0.099   0.546   0.244
   12   F   0.104   0.522   0.247
   13   V   0.100   0.336   0.240
   14   P   0.105   0.373   0.242
   15   L   0.103   0.371   0.235
   16   T   0.100   0.349   0.228
   17   L   0.103   0.354   0.226
   18   T   0.103   0.321   0.222
   19   L   0.380   0.292   0.415
   20   I   0.105   0.309   0.213
   21   S   0.113   0.235   0.218
   22   F   0.104   0.245   0.205
   23   L   0.104   0.269   0.199
   24   L   0.108   0.320   0.198
   25   L   0.101   0.291   0.187
   26   I   0.104   0.307   0.185
   27   C   0.099   0.380   0.176
   28   S   0.111   0.473   0.187
   29   L   0.123   0.365   0.199
   30   C   0.123   0.308   0.199
   31   K   0.189   0.215   0.245
   32   H   0.103   0.247   0.179
   33   L   0.144   0.176   0.209
   34   K   0.108   0.146   0.178
   35   K   0.103   0.121   0.171
   36   M   0.118   0.132   0.181
   37   Q   0.108   0.100   0.170
   38   L   0.102   0.106   0.162
   39   H   0.105   0.105   0.159
   40   G   0.098   0.110   0.149
   41   K   0.103   0.105   0.148
   42   G   0.103   0.104   0.141
   43   S   0.101   0.105   0.130
   44   Q   0.102   0.102   0.123
   45   D   0.100   0.095   0.116
   46   P   0.099   0.100   0.111
   47   S   0.101   0.102   0.108
   48   T   0.101   0.096   0.105
   49   K   0.102   0.095   0.104
   50   V   0.099   0.102   0.102
   51   H   0.099   0.115   0.101
   52   I   0.102   0.108   0.103
   53   K   0.102   0.097   0.102
   54   A   0.105   0.088   0.104
   55   L   0.099   0.079   0.100
   56   Q   0.104   0.070   0.102
   57   T   0.105   0.065   0.101
   58   V   0.104   0.069   0.099
   59   T   0.105   0.075   0.098
   60   S   0.104   0.061   0.097
   61   F   0.101   0.057   0.094
   62   L   0.100   0.070   0.092
   63   L   0.103   0.061   0.092
   64   L   0.098   0.059   0.089
   65   C   0.104   0.075   0.089
   66   A   0.104   0.070   0.087
   67   I   0.101   0.063   0.085
   68   Y   0.101   0.061   0.083
   69   F   0.099   0.069   0.081
   70   L   0.100   0.088   0.081
# Measure  Position  Value    Cutoff   signal peptide?
  max. C    19       0.380
  max. Y    19       0.415
  max. S     1       0.659
  mean S     1-18    0.495
       D     1-18    0.447   0.500   NO
Name=T2R30_HUMAN_TRANSMEM5	SP='NO' D=0.447 D-cutoff=0.500 Networks=SignalP-TM
