# SignalP-4.1 euk predictions
# Name=T2R60_HUMAN_TRANSMEM1	Length=70	Networks=SignalP-TM
# pos  aa    C       S       Y
    1   G   0.102   0.103   0.103
    2   D   0.101   0.132   0.102
    3   H   0.102   0.189   0.103
    4   M   0.102   0.268   0.107
    5   V   0.102   0.365   0.112
    6   L   0.102   0.285   0.120
    7   G   0.104   0.368   0.127
    8   S   0.101   0.334   0.132
    9   S   0.103   0.414   0.140
   10   V   0.099   0.256   0.145
   11   T   0.100   0.211   0.149
   12   D   0.101   0.177   0.153
   13   K   0.099   0.180   0.153
   14   K   0.104   0.230   0.158
   15   A   0.103   0.160   0.161
   16   I   0.099   0.161   0.159
   17   I   0.104   0.134   0.163
   18   L   0.100   0.163   0.159
   19   V   0.102   0.163   0.159
   20   T   0.103   0.115   0.154
   21   I   0.104   0.079   0.151
   22   L   0.100   0.097   0.141
   23   L   0.104   0.104   0.137
   24   L   0.104   0.116   0.128
   25   L   0.102   0.111   0.123
   26   R   0.104   0.148   0.122
   27   L   0.104   0.156   0.121
   28   V   0.105   0.119   0.120
   29   A   0.101   0.117   0.115
   30   I   0.111   0.078   0.119
   31   A   0.188   0.069   0.151
   32   G   0.278   0.045   0.180
   33   N   0.158   0.068   0.131
   34   G   0.113   0.078   0.107
   35   F   0.135   0.071   0.115
   36   I   0.104   0.080   0.101
   37   T   0.102   0.079   0.100
   38   A   0.104   0.080   0.100
   39   A   0.122   0.078   0.106
   40   L   0.113   0.067   0.101
   41   G   0.105   0.084   0.094
   42   V   0.146   0.076   0.108
   43   E   0.105   0.110   0.090
   44   W   0.103   0.121   0.088
   45   V   0.103   0.088   0.090
   46   L   0.104   0.099   0.092
   47   R   0.103   0.103   0.093
   48   R   0.101   0.107   0.094
   49   M   0.104   0.146   0.096
   50   L   0.103   0.101   0.099
   51   L   0.104   0.152   0.100
   52   P   0.101   0.168   0.101
   53   C   0.103   0.181   0.105
   54   D   0.103   0.159   0.109
   55   K   0.101   0.154   0.111
   56   L   0.102   0.168   0.114
   57   L   0.102   0.155   0.117
   58   V   0.101   0.189   0.117
   59   S   0.103   0.204   0.120
   60   L   0.103   0.197   0.124
   61   G   0.100   0.205   0.125
   62   A   0.104   0.186   0.131
   63   S   0.100   0.162   0.130
   64   R   0.099   0.131   0.130
   65   F   0.101   0.145   0.132
   66   C   0.099   0.131   0.130
   67   L   0.098   0.124   0.129
   68   Q   0.100   0.111   0.128
   69   S   0.103   0.092   0.129
   70   V   0.100   0.093   0.126
# Measure  Position  Value    Cutoff   signal peptide?
  max. C    32       0.278
  max. Y    32       0.180
  max. S     9       0.414
  mean S     1-31    0.181
       D     1-31    0.180   0.500   NO
Name=T2R60_HUMAN_TRANSMEM1	SP='NO' D=0.180 D-cutoff=0.500 Networks=SignalP-TM
