# SignalP-4.1 euk predictions
# Name=T4S1_HUMAN_TRANSMEM1	Length=70	Networks=SignalP-noTM
# pos  aa    C       S       Y
    1   K   0.101   0.848   0.293
    2   C   0.105   0.840   0.298
    3   A   0.104   0.865   0.296
    4   R   0.097   0.892   0.287
    5   C   0.106   0.926   0.300
    6   I   0.100   0.940   0.292
    7   G   0.103   0.942   0.297
    8   H   0.098   0.960   0.290
    9   S   0.101   0.962   0.296
   10   L   0.098   0.944   0.292
   11   V   0.102   0.921   0.299
   12   G   0.099   0.893   0.296
   13   L   0.101   0.906   0.298
   14   A   0.105   0.945   0.305
   15   L   0.101   0.929   0.300
   16   L   0.105   0.948   0.306
   17   C   0.096   0.954   0.293
   18   I   0.107   0.953   0.311
   19   A   0.105   0.930   0.309
   20   A   0.185   0.851   0.411
   21   N   0.114   0.762   0.322
   22   I   0.119   0.663   0.329
   23   L   0.110   0.678   0.314
   24   L   0.105   0.595   0.306
   25   Y   0.157   0.398   0.372
   26   F   0.151   0.265   0.360
   27   P   0.104   0.314   0.294
   28   N   0.113   0.315   0.302
   29   G   0.106   0.405   0.287
   30   E   0.145   0.243   0.330
   31   T   0.104   0.321   0.273
   32   K   0.232   0.262   0.400
   33   Y   0.101   0.212   0.258
   34   A   0.106   0.178   0.257
   35   S   0.105   0.141   0.250
   36   E   0.104   0.130   0.241
   37   N   0.102   0.137   0.230
   38   H   0.099   0.172   0.219
   39   L   0.099   0.149   0.211
   40   S   0.100   0.150   0.203
   41   R   0.098   0.120   0.192
   42   F   0.108   0.145   0.192
   43   V   0.102   0.149   0.177
   44   W   0.102   0.166   0.169
   45   F   0.105   0.193   0.164
   46   F   0.096   0.173   0.150
   47   S   0.107   0.213   0.152
   48   G   0.100   0.233   0.144
   49   I   0.095   0.385   0.140
   50   V   0.103   0.467   0.147
   51   G   0.103   0.423   0.149
   52   G   0.102   0.286   0.148
   53   G   0.106   0.263   0.152
   54   L   0.103   0.238   0.149
   55   L   0.106   0.190   0.151
   56   M   0.109   0.189   0.153
   57   L   0.106   0.172   0.150
   58   L   0.108   0.154   0.153
   59   P   0.109   0.132   0.154
   60   A   0.108   0.133   0.153
   61   F   0.103   0.110   0.149
   62   V   0.102   0.105   0.147
   63   F   0.100   0.106   0.145
   64   I   0.102   0.102   0.146
   65   G   0.101   0.100   0.145
   66   L   0.100   0.104   0.144
   67   E   0.106   0.100   0.146
   68   Q   0.101   0.100   0.142
   69   D   0.109   0.097   0.146
   70   D   0.097   0.097   0.136
# Measure  Position  Value    Cutoff   signal peptide?
  max. C    32       0.232
  max. Y    20       0.411
  max. S     9       0.962
  mean S     1-19    0.921
       D     1-19    0.686   0.450   YES
Name=T4S1_HUMAN_TRANSMEM1	SP='YES' Cleavage site between pos. 19 and 20: CIA-AN D=0.686 D-cutoff=0.450 Networks=SignalP-noTM
