# SignalP-4.1 euk predictions
# Name=T4S19_HUMAN_TRANSMEM1	Length=70	Networks=SignalP-noTM
# pos  aa    C       S       Y
    1   R   0.101   0.843   0.292
    2   T   0.104   0.799   0.296
    3   C   0.102   0.802   0.293
    4   S   0.101   0.867   0.291
    5   R   0.100   0.893   0.291
    6   I   0.101   0.922   0.291
    7   L   0.099   0.946   0.289
    8   G   0.104   0.930   0.297
    9   L   0.098   0.929   0.290
   10   S   0.106   0.905   0.302
   11   L   0.099   0.889   0.292
   12   G   0.106   0.898   0.302
   13   T   0.097   0.923   0.290
   14   A   0.108   0.946   0.306
   15   A   0.101   0.916   0.297
   16   L   0.102   0.839   0.299
   17   F   0.097   0.859   0.292
   18   A   0.102   0.905   0.299
   19   A   0.148   0.736   0.361
   20   G   0.104   0.654   0.302
   21   A   0.159   0.465   0.372
   22   N   0.113   0.339   0.310
   23   V   0.106   0.311   0.296
   24   A   0.113   0.249   0.301
   25   L   0.120   0.186   0.306
   26   L   0.109   0.189   0.286
   27   L   0.147   0.142   0.325
   28   P   0.107   0.166   0.270
   29   N   0.112   0.157   0.270
   30   W   0.107   0.208   0.256
   31   D   0.104   0.211   0.246
   32   V   0.102   0.224   0.236
   33   T   0.102   0.189   0.230
   34   Y   0.106   0.179   0.227
   35   L   0.103   0.170   0.216
   36   L   0.114   0.127   0.219
   37   R   0.101   0.146   0.197
   38   G   0.108   0.129   0.194
   39   L   0.107   0.130   0.184
   40   L   0.107   0.185   0.174
   41   G   0.106   0.200   0.163
   42   R   0.122   0.144   0.166
   43   H   0.108   0.199   0.148
   44   A   0.106   0.205   0.142
   45   M   0.101   0.135   0.136
   46   L   0.101   0.246   0.133
   47   G   0.097   0.225   0.131
   48   T   0.107   0.194   0.138
   49   G   0.106   0.224   0.137
   50   L   0.099   0.202   0.134
   51   W   0.102   0.190   0.137
   52   G   0.101   0.189   0.136
   53   G   0.104   0.180   0.138
   54   G   0.103   0.198   0.137
   55   L   0.100   0.158   0.135
   56   M   0.104   0.159   0.137
   57   V   0.103   0.180   0.136
   58   L   0.105   0.146   0.137
   59   T   0.107   0.132   0.139
   60   A   0.109   0.135   0.140
   61   A   0.106   0.129   0.138
   62   I   0.147   0.121   0.162
   63   L   0.100   0.142   0.133
   64   I   0.104   0.136   0.135
   65   S   0.099   0.134   0.131
   66   L   0.100   0.118   0.131
   67   M   0.103   0.133   0.131
   68   G   0.105   0.131   0.132
   69   W   0.103   0.116   0.129
   70   R   0.101   0.109   0.126
# Measure  Position  Value    Cutoff   signal peptide?
  max. C    21       0.159
  max. Y    21       0.372
  max. S    14       0.946
  mean S     1-20    0.870
       D     1-20    0.641   0.450   YES
Name=T4S19_HUMAN_TRANSMEM1	SP='YES' Cleavage site between pos. 20 and 21: AAG-AN D=0.641 D-cutoff=0.450 Networks=SignalP-noTM
