# SignalP-4.1 euk predictions
# Name=TAAR9_HUMAN_TRANSMEM4	Length=70	Networks=SignalP-noTM
# pos  aa    C       S       Y
    1   K   0.101   0.836   0.290
    2   F   0.100   0.815   0.289
    3   T   0.103   0.821   0.293
    4   V   0.102   0.840   0.292
    5   S   0.104   0.833   0.295
    6   V   0.099   0.772   0.287
    7   S   0.098   0.771   0.285
    8   G   0.102   0.815   0.291
    9   I   0.099   0.826   0.286
   10   C   0.100   0.854   0.288
   11   I   0.103   0.838   0.292
   12   V   0.096   0.879   0.281
   13   L   0.097   0.887   0.283
   14   S   0.103   0.870   0.293
   15   W   0.108   0.781   0.300
   16   F   0.099   0.851   0.286
   17   F   0.109   0.847   0.302
   18   S   0.098   0.804   0.285
   19   V   0.108   0.750   0.299
   20   T   0.098   0.766   0.284
   21   Y   0.113   0.763   0.305
   22   S   0.134   0.663   0.331
   23   F   0.760   0.231   0.786
   24   S   0.104   0.247   0.286
   25   I   0.284   0.185   0.464
   26   F   0.102   0.215   0.274
   27   Y   0.107   0.293   0.274
   28   T   0.102   0.458   0.263
   29   G   0.106   0.445   0.265
   30   A   0.107   0.335   0.264
   31   N   0.190   0.139   0.345
   32   E   0.114   0.145   0.260
   33   E   0.125   0.136   0.265
   34   G   0.107   0.118   0.238
   35   I   0.103   0.112   0.227
   36   E   0.101   0.118   0.216
   37   E   0.101   0.108   0.207
   38   L   0.104   0.103   0.203
   39   V   0.104   0.106   0.195
   40   V   0.104   0.111   0.185
   41   A   0.106   0.111   0.178
   42   L   0.104   0.102   0.167
   43   T   0.104   0.106   0.157
   44   C   0.105   0.108   0.148
   45   V   0.105   0.115   0.139
   46   G   0.101   0.131   0.134
   47   G   0.101   0.124   0.132
   48   C   0.099   0.120   0.130
   49   Q   0.104   0.149   0.132
   50   A   0.106   0.197   0.130
   51   P   0.118   0.117   0.132
   52   L   0.102   0.116   0.116
   53   N   0.100   0.128   0.111
   54   Q   0.100   0.117   0.111
   55   N   0.100   0.137   0.110
   56   W   0.103   0.133   0.111
   57   V   0.100   0.173   0.110
   58   L   0.105   0.166   0.114
   59   L   0.101   0.185   0.113
   60   C   0.100   0.180   0.114
   61   F   0.105   0.218   0.118
   62   L   0.105   0.198   0.121
   63   L   0.103   0.238   0.121
   64   F   0.102   0.217   0.123
   65   F   0.102   0.187   0.125
   66   I   0.102   0.169   0.127
   67   P   0.097   0.204   0.124
   68   N   0.101   0.205   0.129
   69   V   0.100   0.260   0.129
   70   A   0.101   0.339   0.132
# Measure  Position  Value    Cutoff   signal peptide?
  max. C    23       0.760
  max. Y    23       0.786
  max. S    13       0.887
  mean S     1-22    0.813
       D     1-22    0.800   0.450   YES
Name=TAAR9_HUMAN_TRANSMEM4	SP='YES' Cleavage site between pos. 22 and 23: TYS-FS D=0.800 D-cutoff=0.450 Networks=SignalP-noTM
