# SignalP-4.1 euk predictions
# Name=TAP1_HUMAN_TRANSMEM9	Length=70	Networks=SignalP-TM
# pos  aa    C       S       Y
    1   T   0.102   0.351   0.189
    2   T   0.102   0.327   0.189
    3   S   0.103   0.310   0.190
    4   I   0.102   0.304   0.188
    5   S   0.101   0.339   0.186
    6   G   0.099   0.372   0.184
    7   M   0.099   0.429   0.185
    8   L   0.104   0.493   0.190
    9   L   0.102   0.494   0.192
   10   K   0.102   0.517   0.194
   11   V   0.101   0.391   0.196
   12   G   0.106   0.358   0.202
   13   I   0.102   0.401   0.198
   14   L   0.101   0.426   0.198
   15   Y   0.102   0.509   0.201
   16   I   0.099   0.472   0.200
   17   G   0.101   0.436   0.205
   18   G   0.099   0.402   0.205
   19   Q   0.118   0.301   0.226
   20   L   0.106   0.247   0.213
   21   V   0.102   0.190   0.207
   22   T   0.100   0.228   0.201
   23   S   0.106   0.354   0.202
   24   G   0.134   0.214   0.224
   25   A   0.121   0.209   0.206
   26   V   0.118   0.191   0.200
   27   S   0.101   0.199   0.181
   28   S   0.109   0.146   0.185
   29   G   0.134   0.112   0.198
   30   N   0.106   0.137   0.168
   31   L   0.101   0.154   0.156
   32   V   0.099   0.169   0.148
   33   T   0.105   0.190   0.146
   34   F   0.105   0.189   0.143
   35   V   0.102   0.186   0.140
   36   L   0.103   0.210   0.140
   37   Y   0.105   0.181   0.141
   38   Q   0.101   0.161   0.134
   39   M   0.106   0.158   0.136
   40   Q   0.102   0.146   0.132
   41   F   0.102   0.158   0.130
   42   T   0.103   0.190   0.130
   43   Q   0.105   0.160   0.132
   44   A   0.104   0.225   0.133
   45   V   0.215   0.123   0.195
   46   E   0.099   0.111   0.132
   47   V   0.102   0.107   0.132
   48   L   0.106   0.070   0.132
   49   L   0.104   0.085   0.127
   50   S   0.102   0.089   0.123
   51   I   0.104   0.098   0.121
   52   Y   0.103   0.092   0.118
   53   P   0.102   0.091   0.115
   54   R   0.105   0.101   0.114
   55   V   0.105   0.110   0.113
   56   Q   0.100   0.110   0.109
   57   K   0.101   0.125   0.107
   58   A   0.102   0.114   0.106
   59   V   0.099   0.106   0.100
   60   G   0.105   0.107   0.103
   61   S   0.105   0.105   0.102
   62   S   0.101   0.101   0.101
   63   E   0.102   0.103   0.102
   64   K   0.101   0.103   0.102
   65   I   0.098   0.104   0.101
   66   F   0.104   0.101   0.105
   67   E   0.106   0.098   0.106
   68   Y   0.103   0.103   0.105
   69   L   0.101   0.103   0.104
   70   D   0.105   0.099   0.106
# Measure  Position  Value    Cutoff   signal peptide?
  max. C    45       0.215
  max. Y    19       0.226
  max. S    10       0.517
  mean S     1-18    0.407
       D     1-18    0.299   0.500   NO
Name=TAP1_HUMAN_TRANSMEM9	SP='NO' D=0.299 D-cutoff=0.500 Networks=SignalP-TM
