# SignalP-4.1 euk predictions
# Name=TM116_HUMAN_TRANSMEM1	Length=70	Networks=SignalP-TM
# pos  aa    C       S       Y
    1   C   0.101   0.773   0.280
    2   R   0.102   0.790   0.281
    3   V   0.103   0.729   0.282
    4   C   0.102   0.775   0.280
    5   Q   0.102   0.755   0.280
    6   M   0.101   0.781   0.278
    7   A   0.102   0.780   0.281
    8   F   0.099   0.828   0.276
    9   V   0.101   0.858   0.280
   10   F   0.101   0.895   0.281
   11   S   0.105   0.927   0.288
   12   S   0.099   0.900   0.282
   13   L   0.101   0.915   0.286
   14   I   0.102   0.897   0.289
   15   P   0.099   0.870   0.286
   16   L   0.105   0.865   0.297
   17   L   0.100   0.892   0.290
   18   L   0.103   0.892   0.297
   19   M   0.110   0.893   0.308
   20   T   0.224   0.762   0.442
   21   P   0.105   0.772   0.303
   22   V   0.109   0.819   0.308
   23   F   0.101   0.796   0.296
   24   C   0.102   0.881   0.297
   25   L   0.563   0.520   0.697
   26   G   0.105   0.504   0.296
   27   N   0.304   0.197   0.495
   28   T   0.102   0.233   0.278
   29   S   0.118   0.179   0.289
   30   E   0.126   0.151   0.287
   31   C   0.111   0.132   0.259
   32   F   0.157   0.108   0.295
   33   Q   0.099   0.119   0.222
   34   N   0.112   0.112   0.222
   35   F   0.101   0.106   0.200
   36   S   0.104   0.112   0.190
   37   Q   0.100   0.104   0.172
   38   S   0.101   0.102   0.158
   39   H   0.105   0.099   0.142
   40   K   0.099   0.101   0.127
   41   C   0.100   0.096   0.115
   42   I   0.099   0.101   0.111
   43   L   0.103   0.099   0.109
   44   M   0.102   0.095   0.106
   45   H   0.100   0.099   0.103
   46   S   0.101   0.094   0.103
   47   P   0.098   0.098   0.100
   48   P   0.105   0.103   0.103
   49   S   0.103   0.104   0.102
   50   A   0.102   0.115   0.101
   51   M   0.098   0.118   0.099
   52   A   0.102   0.118   0.102
   53   E   0.164   0.100   0.130
   54   L   0.103   0.099   0.103
   55   P   0.102   0.099   0.102
   56   P   0.106   0.103   0.104
   57   S   0.105   0.104   0.104
   58   A   0.101   0.104   0.102
   59   N   0.098   0.105   0.101
   60   T   0.103   0.102   0.104
   61   S   0.105   0.092   0.105
   62   V   0.104   0.097   0.104
   63   C   0.102   0.100   0.103
   64   S   0.101   0.096   0.103
   65   T   0.098   0.094   0.100
   66   L   0.104   0.094   0.102
   67   Y   0.105   0.095   0.102
   68   F   0.099   0.095   0.099
   69   Y   0.104   0.096   0.101
   70   G   0.101   0.096   0.100
# Measure  Position  Value    Cutoff   signal peptide?
  max. C    25       0.563
  max. Y    25       0.697
  max. S    11       0.927
  mean S     1-24    0.835
       D     1-24    0.752   0.500   YES
Name=TM116_HUMAN_TRANSMEM1	SP='YES' Cleavage site between pos. 24 and 25: VFC-LG D=0.752 D-cutoff=0.500 Networks=SignalP-TM
