# SignalP-4.1 euk predictions
# Name=TM135_HUMAN_TRANSMEM5	Length=70	Networks=SignalP-noTM
# pos  aa    C       S       Y
    1   D   0.102   0.439   0.212
    2   E   0.101   0.411   0.211
    3   L   0.103   0.355   0.213
    4   H   0.104   0.307   0.212
    5   A   0.104   0.296   0.211
    6   I   0.098   0.329   0.203
    7   I   0.105   0.305   0.209
    8   A   0.103   0.289   0.206
    9   G   0.099   0.304   0.200
   10   F   0.097   0.312   0.197
   11   L   0.103   0.233   0.200
   12   A   0.105   0.212   0.200
   13   G   0.097   0.215   0.190
   14   I   0.099   0.180   0.189
   15   S   0.102   0.177   0.189
   16   M   0.103   0.190   0.187
   17   M   0.104   0.181   0.184
   18   F   0.102   0.167   0.180
   19   Y   0.099   0.203   0.173
   20   K   0.111   0.159   0.180
   21   S   0.105   0.175   0.171
   22   T   0.121   0.196   0.180
   23   T   0.111   0.248   0.169
   24   I   0.180   0.188   0.211
   25   S   0.109   0.189   0.161
   26   M   0.119   0.156   0.166
   27   Y   0.105   0.137   0.153
   28   L   0.106   0.143   0.151
   29   A   0.104   0.140   0.147
   30   S   0.112   0.121   0.150
   31   K   0.104   0.135   0.141
   32   L   0.101   0.145   0.136
   33   V   0.102   0.119   0.134
   34   E   0.104   0.113   0.133
   35   T   0.098   0.122   0.128
   36   M   0.105   0.113   0.131
   37   Y   0.104   0.125   0.129
   38   F   0.103   0.101   0.127
   39   K   0.100   0.101   0.124
   40   G   0.103   0.121   0.124
   41   I   0.106   0.106   0.125
   42   E   0.103   0.114   0.121
   43   A   0.099   0.144   0.118
   44   G   0.185   0.102   0.161
   45   K   0.099   0.099   0.116
   46   V   0.102   0.099   0.115
   47   P   0.102   0.103   0.113
   48   Y   0.105   0.106   0.113
   49   F   0.097   0.101   0.107
   50   P   0.109   0.100   0.113
   51   H   0.109   0.098   0.112
   52   A   0.101   0.104   0.107
   53   D   0.093   0.095   0.102
   54   T   0.105   0.087   0.108
   55   I   0.102   0.095   0.105
   56   I   0.100   0.098   0.103
   57   Y   0.100   0.100   0.103
   58   S   0.100   0.100   0.103
   59   I   0.100   0.100   0.102
   60   S   0.103   0.097   0.103
   61   T   0.105   0.097   0.104
   62   A   0.103   0.092   0.103
   63   I   0.099   0.095   0.100
   64   C   0.100   0.094   0.101
   65   F   0.101   0.097   0.101
   66   Q   0.100   0.097   0.099
   67   A   0.107   0.097   0.102
   68   A   0.097   0.100   0.097
   69   V   0.094   0.099   0.096
   70   M   0.098   0.099   0.098
# Measure  Position  Value    Cutoff   signal peptide?
  max. C    44       0.185
  max. Y    24       0.211
  max. S     1       0.439
  mean S     1-23    0.256
       D     1-23    0.235   0.450   NO
Name=TM135_HUMAN_TRANSMEM5	SP='NO' D=0.235 D-cutoff=0.450 Networks=SignalP-noTM
