# SignalP-4.1 euk predictions
# Name=TM144_HUMAN_TRANSMEM2	Length=70	Networks=SignalP-noTM
# pos  aa    C       S       Y
    1   T   0.102   0.933   0.309
    2   G   0.104   0.927   0.311
    3   D   0.099   0.919   0.305
    4   G   0.103   0.935   0.309
    5   M   0.099   0.963   0.304
    6   F   0.103   0.970   0.310
    7   L   0.102   0.975   0.309
    8   Q   0.103   0.987   0.311
    9   W   0.101   0.987   0.308
   10   V   0.103   0.985   0.312
   11   L   0.100   0.986   0.308
   12   C   0.108   0.990   0.319
   13   A   0.105   0.981   0.316
   14   A   0.097   0.980   0.304
   15   I   0.105   0.976   0.317
   16   W   0.097   0.979   0.304
   17   L   0.098   0.986   0.306
   18   V   0.100   0.990   0.309
   19   A   0.100   0.993   0.311
   20   L   0.156   0.980   0.388
   21   V   0.146   0.958   0.376
   22   V   0.237   0.904   0.479
   23   N   0.114   0.898   0.332
   24   L   0.160   0.876   0.393
   25   I   0.128   0.884   0.351
   26   L   0.142   0.843   0.369
   27   H   0.121   0.770   0.340
   28   C   0.192   0.517   0.427
   29   P   0.122   0.501   0.336
   30   K   0.113   0.617   0.320
   31   F   0.104   0.609   0.304
   32   W   0.124   0.345   0.329
   33   P   0.098   0.343   0.288
   34   F   0.118   0.311   0.310
   35   A   0.102   0.270   0.283
   36   M   0.102   0.163   0.277
   37   L   0.105   0.194   0.274
   38   G   0.110   0.183   0.274
   39   G   0.106   0.167   0.261
   40   C   0.109   0.184   0.257
   41   I   0.100   0.196   0.239
   42   W   0.103   0.354   0.234
   43   A   0.114   0.375   0.240
   44   T   0.122   0.199   0.242
   45   G   0.105   0.235   0.216
   46   N   0.100   0.269   0.204
   47   I   0.104   0.303   0.201
   48   A   0.117   0.279   0.205
   49   V   0.162   0.167   0.233
   50   V   0.101   0.226   0.176
   51   P   0.100   0.177   0.172
   52   I   0.106   0.155   0.172
   53   I   0.099   0.152   0.160
   54   K   0.105   0.157   0.158
   55   T   0.104   0.148   0.155
   56   I   0.108   0.128   0.154
   57   G   0.106   0.105   0.150
   58   L   0.108   0.105   0.149
   59   G   0.101   0.100   0.143
   60   L   0.108   0.101   0.146
   61   G   0.107   0.105   0.144
   62   I   0.112   0.101   0.146
   63   L   0.108   0.096   0.142
   64   I   0.100   0.097   0.136
   65   W   0.099   0.098   0.130
   66   G   0.101   0.103   0.127
   67   S   0.100   0.101   0.125
   68   F   0.103   0.099   0.124
   69   N   0.097   0.105   0.117
   70   A   0.100   0.102   0.115
# Measure  Position  Value    Cutoff   signal peptide?
  max. C    22       0.237
  max. Y    22       0.479
  max. S    19       0.993
  mean S     1-21    0.970
       D     1-21    0.745   0.450   YES
Name=TM144_HUMAN_TRANSMEM2	SP='YES' Cleavage site between pos. 21 and 22: ALV-VN D=0.745 D-cutoff=0.450 Networks=SignalP-noTM
