# SignalP-4.1 euk predictions
# Name=TM156_HUMAN_TRANSMEM2	Length=70	Networks=SignalP-TM
# pos  aa    C       S       Y
    1   N   0.101   0.605   0.248
    2   I   0.102   0.534   0.249
    3   T   0.101   0.389   0.246
    4   C   0.103   0.240   0.245
    5   S   0.101   0.229   0.238
    6   M   0.099   0.172   0.230
    7   K   0.099   0.092   0.223
    8   I   0.101   0.070   0.216
    9   T   0.101   0.073   0.208
   10   W   0.101   0.042   0.198
   11   Y   0.102   0.060   0.188
   12   I   0.101   0.082   0.176
   13   L   0.100   0.078   0.164
   14   V   0.100   0.083   0.153
   15   L   0.101   0.101   0.141
   16   L   0.104   0.081   0.129
   17   V   0.102   0.098   0.114
   18   F   0.103   0.092   0.105
   19   I   0.104   0.070   0.100
   20   F   0.101   0.101   0.093
   21   L   0.104   0.109   0.091
   22   I   0.109   0.186   0.094
   23   I   0.098   0.286   0.094
   24   L   0.102   0.344   0.104
   25   T   0.113   0.297   0.120
   26   I   0.225   0.296   0.180
   27   R   0.106   0.355   0.130
   28   K   0.173   0.241   0.176
   29   I   0.129   0.210   0.156
   30   L   0.118   0.185   0.153
   31   E   0.104   0.139   0.146
   32   G   0.176   0.142   0.191
   33   Q   0.386   0.083   0.286
   34   R   0.101   0.100   0.146
   35   R   0.106   0.129   0.150
   36   V   0.104   0.143   0.149
   37   Q   0.095   0.145   0.142
   38   K   0.104   0.151   0.144
   39   W   0.098   0.122   0.135
   40   Q   0.099   0.114   0.131
   41   S   0.104   0.112   0.129
   42   H   0.097   0.111   0.118
   43   R   0.101   0.108   0.117
   44   D   0.102   0.102   0.114
   45   K   0.098   0.108   0.109
   46   P   0.101   0.111   0.110
   47   T   0.103   0.098   0.110
   48   S   0.107   0.108   0.112
   49   V   0.103   0.104   0.110
   50   L   0.101   0.102   0.109
   51   L   0.105   0.096   0.109
   52   R   0.102   0.101   0.106
   53   G   0.106   0.100   0.107
   54   S   0.101   0.097   0.103
   55   D   0.104   0.096   0.104
   56   S   0.104   0.094   0.103
   57   E   0.101   0.098   0.101
   58   K   0.102   0.094   0.102
   59   L   0.100   0.095   0.100
   60   R   0.104   0.095   0.102
   61   A   0.102   0.099   0.100
   62   L   0.099   0.098   0.099
   63   N   0.103   0.098   0.100
   64   V   0.103   0.097   0.100
   65   Q   0.103   0.098   0.100
   66   V   0.105   0.098   0.101
   67   L   0.100   0.100   0.099
   68   S   0.109   0.097   0.103
   69   A   0.098   0.099   0.098
   70   E   0.100   0.097   0.099
# Measure  Position  Value    Cutoff   signal peptide?
  max. C    33       0.386
  max. Y    33       0.286
  max. S     1       0.605
  mean S     1-32    0.190
       D     1-32    0.247   0.500   NO
Name=TM156_HUMAN_TRANSMEM2	SP='NO' D=0.247 D-cutoff=0.500 Networks=SignalP-TM
