# SignalP-4.1 euk predictions
# Name=TM245_HUMAN_TRANSMEM3	Length=70	Networks=SignalP-TM
# pos  aa    C       S       Y
    1   L   0.102   0.417   0.206
    2   R   0.103   0.487   0.207
    3   R   0.103   0.390   0.208
    4   R   0.104   0.358   0.209
    5   R   0.104   0.338   0.207
    6   L   0.105   0.259   0.207
    7   L   0.103   0.158   0.203
    8   L   0.103   0.212   0.198
    9   L   0.103   0.213   0.194
   10   L   0.103   0.226   0.190
   11   G   0.106   0.243   0.189
   12   A   0.103   0.121   0.183
   13   G   0.100   0.087   0.175
   14   G   0.100   0.075   0.167
   15   P   0.098   0.061   0.158
   16   L   0.100   0.064   0.152
   17   L   0.098   0.111   0.140
   18   Y   0.099   0.104   0.134
   19   G   0.102   0.081   0.129
   20   L   0.167   0.061   0.155
   21   Y   0.103   0.073   0.116
   22   C   0.105   0.077   0.114
   23   L   0.118   0.086   0.116
   24   G   0.100   0.067   0.102
   25   S   0.122   0.100   0.107
   26   Y   0.104   0.084   0.093
   27   L   0.101   0.069   0.091
   28   G   0.104   0.079   0.091
   29   V   0.109   0.076   0.093
   30   Q   0.102   0.087   0.091
   31   V   0.104   0.065   0.093
   32   L   0.107   0.067   0.092
   33   L   0.099   0.052   0.087
   34   V   0.101   0.050   0.087
   35   H   0.103   0.057   0.087
   36   A   0.106   0.087   0.088
   37   A   0.161   0.047   0.109
   38   T   0.104   0.047   0.086
   39   L   0.106   0.032   0.086
   40   I   0.102   0.026   0.081
   41   C   0.102   0.029   0.078
   42   R   0.102   0.037   0.076
   43   G   0.101   0.039   0.074
   44   L   0.136   0.019   0.084
   45   D   0.104   0.020   0.070
   46   Y   0.104   0.017   0.067
   47   F   0.102   0.014   0.064
   48   S   0.098   0.017   0.061
   49   S   0.102   0.023   0.060
   50   L   0.107   0.024   0.059
   51   W   0.101   0.027   0.053
   52   I   0.100   0.030   0.052
   53   W   0.099   0.031   0.050
   54   T   0.099   0.050   0.050
   55   L   0.102   0.046   0.052
   56   V   0.104   0.043   0.054
   57   V   0.099   0.053   0.053
   58   G   0.104   0.053   0.056
   59   Y   0.106   0.071   0.058
   60   V   0.103   0.060   0.061
   61   L   0.102   0.063   0.063
   62   T   0.101   0.069   0.065
   63   V   0.106   0.087   0.070
   64   S   0.106   0.109   0.073
   65   F   0.106   0.102   0.077
   66   K   0.101   0.106   0.079
   67   W   0.102   0.124   0.083
   68   N   0.102   0.102   0.087
   69   A   0.101   0.103   0.089
   70   S   0.098   0.087   0.090
# Measure  Position  Value    Cutoff   signal peptide?
  max. C    20       0.167
  max. Y    11       0.189
  max. S     2       0.487
  mean S     1-10    0.306
       D     1-10    0.236   0.500   NO
Name=TM245_HUMAN_TRANSMEM3	SP='NO' D=0.236 D-cutoff=0.500 Networks=SignalP-TM
