# SignalP-4.1 euk predictions
# Name=TM260_HUMAN_TRANSMEM4	Length=70	Networks=SignalP-noTM
# pos  aa    C       S       Y
    1   T   0.102   0.915   0.306
    2   W   0.102   0.895   0.305
    3   Q   0.100   0.884   0.303
    4   W   0.098   0.884   0.299
    5   S   0.101   0.890   0.303
    6   I   0.099   0.889   0.301
    7   A   0.104   0.868   0.307
    8   A   0.103   0.891   0.306
    9   E   0.099   0.899   0.299
   10   V   0.097   0.866   0.297
   11   F   0.098   0.878   0.298
   12   S   0.105   0.882   0.308
   13   L   0.099   0.894   0.299
   14   N   0.102   0.925   0.303
   15   N   0.103   0.903   0.304
   16   L   0.105   0.907   0.307
   17   F   0.103   0.920   0.304
   18   V   0.106   0.922   0.308
   19   G   0.107   0.930   0.309
   20   L   0.109   0.899   0.313
   21   L   0.100   0.823   0.300
   22   M   0.109   0.846   0.313
   23   A   0.118   0.623   0.324
   24   L   0.262   0.419   0.479
   25   T   0.105   0.612   0.299
   26   V   0.114   0.593   0.310
   27   H   0.105   0.760   0.296
   28   F   0.111   0.731   0.303
   29   E   0.129   0.420   0.325
   30   E   0.102   0.593   0.285
   31   A   0.103   0.716   0.284
   32   A   0.285   0.271   0.470
   33   T   0.104   0.281   0.279
   34   A   0.148   0.172   0.327
   35   K   0.222   0.100   0.391
   36   E   0.101   0.122   0.257
   37   R   0.102   0.135   0.251
   38   S   0.106   0.114   0.248
   39   K   0.104   0.110   0.239
   40   V   0.102   0.123   0.228
   41   A   0.102   0.101   0.219
   42   K   0.099   0.096   0.207
   43   I   0.107   0.105   0.207
   44   G   0.105   0.107   0.196
   45   A   0.104   0.105   0.186
   46   F   0.097   0.108   0.173
   47   C   0.106   0.109   0.177
   48   C   0.103   0.108   0.168
   49   G   0.103   0.108   0.160
   50   L   0.098   0.128   0.147
   51   S   0.107   0.118   0.144
   52   L   0.099   0.109   0.133
   53   C   0.103   0.112   0.127
   54   N   0.104   0.111   0.116
   55   Q   0.103   0.126   0.112
   56   H   0.116   0.116   0.115
   57   T   0.103   0.108   0.108
   58   I   0.102   0.101   0.107
   59   I   0.094   0.106   0.103
   60   L   0.094   0.102   0.102
   61   Y   0.099   0.116   0.104
   62   V   0.101   0.119   0.105
   63   L   0.102   0.106   0.106
   64   C   0.101   0.103   0.105
   65   I   0.106   0.117   0.108
   66   I   0.100   0.118   0.105
   67   P   0.098   0.107   0.105
   68   W   0.103   0.108   0.107
   69   I   0.095   0.111   0.103
   70   L   0.097   0.123   0.104
# Measure  Position  Value    Cutoff   signal peptide?
  max. C    32       0.285
  max. Y    24       0.479
  max. S    19       0.930
  mean S     1-23    0.880
       D     1-23    0.695   0.450   YES
Name=TM260_HUMAN_TRANSMEM4	SP='YES' Cleavage site between pos. 23 and 24: LMA-LT D=0.695 D-cutoff=0.450 Networks=SignalP-noTM
