# SignalP-4.1 euk predictions
# Name=TM39A_HUMAN_TRANSMEM7	Length=70	Networks=SignalP-TM
# pos  aa    C       S       Y
    1   H   0.101   0.514   0.227
    2   R   0.102   0.494   0.228
    3   P   0.104   0.414   0.230
    4   L   0.103   0.510   0.228
    5   R   0.104   0.406   0.229
    6   L   0.104   0.269   0.227
    7   L   0.102   0.247   0.222
    8   N   0.103   0.303   0.218
    9   L   0.103   0.313   0.215
   10   L   0.104   0.269   0.212
   11   I   0.105   0.263   0.209
   12   L   0.104   0.359   0.203
   13   I   0.102   0.338   0.198
   14   E   0.099   0.394   0.192
   15   G   0.103   0.429   0.193
   16   S   0.126   0.242   0.213
   17   V   0.099   0.231   0.183
   18   V   0.099   0.353   0.180
   19   F   0.134   0.298   0.205
   20   Y   0.139   0.165   0.207
   21   Q   0.117   0.089   0.187
   22   L   0.105   0.067   0.174
   23   Y   0.101   0.096   0.166
   24   S   0.099   0.105   0.159
   25   L   0.109   0.095   0.163
   26   L   0.103   0.097   0.155
   27   R   0.102   0.091   0.148
   28   S   0.106   0.082   0.144
   29   E   0.134   0.063   0.153
   30   K   0.102   0.074   0.123
   31   W   0.101   0.065   0.118
   32   N   0.100   0.056   0.111
   33   H   0.100   0.052   0.102
   34   T   0.102   0.048   0.093
   35   L   0.101   0.038   0.088
   36   S   0.102   0.048   0.087
   37   M   0.103   0.048   0.086
   38   A   0.103   0.039   0.084
   39   L   0.097   0.035   0.079
   40   I   0.106   0.028   0.080
   41   L   0.100   0.042   0.074
   42   F   0.104   0.031   0.073
   43   C   0.105   0.036   0.071
   44   N   0.104   0.036   0.069
   45   Y   0.102   0.026   0.066
   46   Y   0.098   0.018   0.063
   47   V   0.101   0.027   0.062
   48   L   0.099   0.044   0.060
   49   F   0.101   0.038   0.060
   50   K   0.105   0.037   0.061
   51   L   0.100   0.078   0.059
   52   L   0.104   0.126   0.062
   53   R   0.103   0.120   0.067
   54   D   0.103   0.097   0.071
   55   R   0.102   0.080   0.074
   56   I   0.102   0.098   0.076
   57   V   0.102   0.111   0.079
   58   L   0.101   0.120   0.082
   59   G   0.103   0.102   0.086
   60   R   0.103   0.090   0.090
   61   A   0.103   0.100   0.093
   62   Y   0.099   0.096   0.094
   63   S   0.101   0.093   0.097
   64   Y   0.105   0.087   0.100
   65   P   0.103   0.094   0.101
   66   L   0.104   0.092   0.102
   67   N   0.099   0.105   0.099
   68   S   0.101   0.103   0.099
   69   Y   0.100   0.103   0.099
   70   E   0.103   0.102   0.101
# Measure  Position  Value    Cutoff   signal peptide?
  max. C    20       0.139
  max. Y    16       0.213
  max. S     1       0.514
  mean S     1-15    0.368
       D     1-15    0.275   0.500   NO
Name=TM39A_HUMAN_TRANSMEM7	SP='NO' D=0.275 D-cutoff=0.500 Networks=SignalP-TM
