# SignalP-4.1 euk predictions
# Name=TM87B_HUMAN_TRANSMEM3	Length=70	Networks=SignalP-TM
# pos  aa    C       S       Y
    1   R   0.101   0.420   0.206
    2   T   0.104   0.372   0.210
    3   L   0.104   0.371   0.209
    4   A   0.104   0.352   0.207
    5   R   0.101   0.325   0.203
    6   L   0.104   0.269   0.205
    7   L   0.101   0.198   0.198
    8   V   0.105   0.193   0.198
    9   I   0.105   0.225   0.194
   10   I   0.103   0.255   0.189
   11   V   0.101   0.411   0.183
   12   S   0.104   0.439   0.186
   13   L   0.101   0.354   0.183
   14   G   0.098   0.278   0.179
   15   Y   0.103   0.179   0.181
   16   G   0.100   0.257   0.174
   17   I   0.141   0.131   0.203
   18   V   0.101   0.136   0.167
   19   K   0.129   0.102   0.184
   20   P   0.100   0.115   0.156
   21   R   0.158   0.099   0.193
   22   L   0.102   0.115   0.152
   23   G   0.107   0.099   0.154
   24   T   0.127   0.087   0.164
   25   V   0.107   0.066   0.146
   26   M   0.105   0.060   0.135
   27   H   0.105   0.065   0.125
   28   R   0.098   0.065   0.112
   29   V   0.104   0.086   0.108
   30   I   0.105   0.069   0.106
   31   G   0.103   0.067   0.098
   32   L   0.103   0.078   0.095
   33   G   0.105   0.077   0.094
   34   L   0.103   0.070   0.092
   35   L   0.102   0.054   0.090
   36   Y   0.102   0.076   0.088
   37   L   0.104   0.124   0.087
   38   I   0.103   0.088   0.087
   39   F   0.103   0.087   0.088
   40   A   0.106   0.171   0.090
   41   A   0.119   0.122   0.100
   42   V   0.104   0.093   0.096
   43   E   0.102   0.071   0.096
   44   G   0.100   0.058   0.094
   45   V   0.144   0.064   0.113
   46   M   0.102   0.122   0.095
   47   R   0.101   0.116   0.096
   48   V   0.107   0.110   0.100
   49   I   0.103   0.132   0.100
   50   G   0.106   0.119   0.104
   51   G   0.113   0.135   0.109
   52   S   0.107   0.126   0.106
   53   N   0.104   0.116   0.106
   54   H   0.101   0.138   0.106
   55   L   0.101   0.129   0.105
   56   A   0.103   0.128   0.106
   57   V   0.101   0.135   0.106
   58   V   0.106   0.128   0.111
   59   L   0.102   0.116   0.111
   60   D   0.104   0.102   0.114
   61   D   0.103   0.103   0.113
   62   I   0.104   0.089   0.113
   63   I   0.105   0.079   0.113
   64   L   0.104   0.090   0.111
   65   A   0.102   0.096   0.109
   66   V   0.097   0.096   0.105
   67   I   0.104   0.098   0.107
   68   D   0.099   0.097   0.104
   69   S   0.101   0.097   0.104
   70   I   0.106   0.090   0.105
# Measure  Position  Value    Cutoff   signal peptide?
  max. C    21       0.158
  max. Y    17       0.203
  max. S    12       0.439
  mean S     1-16    0.306
       D     1-16    0.244   0.500   NO
Name=TM87B_HUMAN_TRANSMEM3	SP='NO' D=0.244 D-cutoff=0.500 Networks=SignalP-TM
