# SignalP-4.1 euk predictions
# Name=TMC3_HUMAN_TRANSMEM3	Length=70	Networks=SignalP-noTM
# pos  aa    C       S       Y
    1   R   0.103   0.722   0.273
    2   A   0.106   0.689   0.277
    3   G   0.097   0.678   0.265
    4   Y   0.100   0.699   0.268
    5   R   0.101   0.737   0.269
    6   L   0.104   0.779   0.274
    7   P   0.105   0.720   0.275
    8   L   0.103   0.739   0.272
    9   A   0.108   0.704   0.279
   10   Y   0.098   0.739   0.265
   11   F   0.105   0.639   0.275
   12   L   0.101   0.673   0.269
   13   V   0.104   0.714   0.273
   14   G   0.104   0.698   0.272
   15   M   0.099   0.742   0.266
   16   A   0.102   0.768   0.270
   17   V   0.102   0.731   0.270
   18   F   0.103   0.772   0.271
   19   A   0.114   0.555   0.286
   20   Y   0.126   0.377   0.299
   21   S   0.104   0.394   0.269
   22   F   0.301   0.208   0.453
   23   I   0.102   0.259   0.259
   24   I   0.126   0.267   0.283
   25   L   0.098   0.352   0.246
   26   L   0.106   0.386   0.253
   27   K   0.105   0.390   0.248
   28   K   0.106   0.345   0.246
   29   M   0.105   0.386   0.241
   30   A   0.110   0.366   0.243
   31   K   0.200   0.206   0.323
   32   N   0.104   0.204   0.227
   33   S   0.112   0.186   0.230
   34   R   0.107   0.184   0.220
   35   T   0.108   0.158   0.216
   36   S   0.107   0.118   0.208
   37   L   0.095   0.172   0.190
   38   A   0.105   0.170   0.193
   39   S   0.107   0.127   0.187
   40   A   0.102   0.143   0.174
   41   S   0.118   0.098   0.178
   42   N   0.100   0.105   0.158
   43   E   0.102   0.103   0.155
   44   N   0.099   0.096   0.149
   45   Y   0.100   0.102   0.148
   46   T   0.101   0.100   0.146
   47   F   0.101   0.099   0.144
   48   C   0.103   0.112   0.141
   49   W   0.111   0.103   0.142
   50   R   0.101   0.109   0.130
   51   V   0.104   0.096   0.127
   52   F   0.102   0.095   0.121
   53   C   0.105   0.099   0.117
   54   A   0.103   0.111   0.114
   55   W   0.097   0.119   0.109
   56   D   0.105   0.110   0.112
   57   Y   0.098   0.106   0.107
   58   L   0.103   0.099   0.108
   59   I   0.104   0.099   0.108
   60   G   0.101   0.105   0.105
   61   N   0.103   0.107   0.105
   62   P   0.103   0.107   0.104
   63   E   0.110   0.105   0.107
   64   A   0.104   0.114   0.104
   65   A   0.118   0.110   0.111
   66   E   0.094   0.108   0.099
   67   S   0.099   0.116   0.102
   68   K   0.123   0.114   0.114
   69   T   0.106   0.109   0.106
   70   A   0.101   0.108   0.104
# Measure  Position  Value    Cutoff   signal peptide?
  max. C    22       0.301
  max. Y    22       0.453
  max. S     6       0.779
  mean S     1-21    0.679
       D     1-21    0.575   0.450   YES
Name=TMC3_HUMAN_TRANSMEM3	SP='YES' Cleavage site between pos. 21 and 22: AYS-FI D=0.575 D-cutoff=0.450 Networks=SignalP-noTM
