# SignalP-4.1 euk predictions
# Name=TMC8_HUMAN_TRANSMEM5	Length=70	Networks=SignalP-noTM
# pos  aa    C       S       Y
    1   S   0.103   0.347   0.189
    2   V   0.100   0.405   0.186
    3   G   0.102   0.540   0.189
    4   E   0.102   0.664   0.191
    5   E   0.099   0.720   0.193
    6   L   0.101   0.776   0.198
    7   Y   0.103   0.717   0.205
    8   K   0.098   0.599   0.205
    9   L   0.102   0.557   0.212
   10   S   0.104   0.545   0.215
   11   I   0.103   0.530   0.217
   12   F   0.100   0.676   0.216
   13   N   0.099   0.708   0.217
   14   F   0.098   0.643   0.221
   15   L   0.101   0.560   0.227
   16   L   0.100   0.657   0.228
   17   T   0.103   0.763   0.235
   18   V   0.103   0.822   0.238
   19   A   0.101   0.824   0.240
   20   F   0.111   0.702   0.257
   21   A   0.108   0.640   0.256
   22   F   0.527   0.281   0.574
   23   L   0.101   0.515   0.250
   24   V   0.110   0.381   0.264
   25   T   0.100   0.574   0.251
   26   L   0.116   0.547   0.271
   27   P   0.104   0.631   0.254
   28   R   0.145   0.508   0.299
   29   R   0.105   0.592   0.253
   30   L   0.117   0.399   0.266
   31   L   0.103   0.493   0.247
   32   V   0.122   0.300   0.269
   33   D   0.139   0.150   0.284
   34   R   0.106   0.136   0.245
   35   F   0.109   0.099   0.242
   36   S   0.106   0.103   0.233
   37   G   0.102   0.108   0.222
   38   R   0.097   0.098   0.213
   39   F   0.102   0.096   0.212
   40   W   0.101   0.117   0.204
   41   A   0.102   0.125   0.196
   42   W   0.101   0.103   0.187
   43   L   0.104   0.097   0.182
   44   E   0.099   0.093   0.170
   45   R   0.098   0.105   0.167
   46   E   0.105   0.100   0.167
   47   E   0.101   0.099   0.160
   48   F   0.101   0.095   0.153
   49   L   0.105   0.093   0.149
   50   V   0.101   0.098   0.137
   51   P   0.102   0.097   0.131
   52   K   0.109   0.100   0.126
   53   N   0.100   0.112   0.115
   54   V   0.102   0.119   0.108
   55   L   0.100   0.111   0.103
   56   D   0.106   0.102   0.105
   57   I   0.098   0.100   0.100
   58   V   0.102   0.092   0.103
   59   A   0.104   0.094   0.103
   60   G   0.098   0.094   0.100
   61   Q   0.107   0.098   0.104
   62   T   0.100   0.092   0.101
   63   V   0.103   0.092   0.102
   64   T   0.095   0.093   0.097
   65   W   0.096   0.094   0.097
   66   M   0.099   0.095   0.099
   67   G   0.106   0.099   0.102
   68   L   0.100   0.099   0.099
   69   F   0.097   0.096   0.097
   70   Y   0.103   0.096   0.101
# Measure  Position  Value    Cutoff   signal peptide?
  max. C    22       0.527
  max. Y    22       0.574
  max. S    19       0.824
  mean S     1-21    0.638
       D     1-21    0.609   0.450   YES
Name=TMC8_HUMAN_TRANSMEM5	SP='YES' Cleavage site between pos. 21 and 22: AFA-FL D=0.609 D-cutoff=0.450 Networks=SignalP-noTM
