# SignalP-4.1 euk predictions
# Name=TMCO4_HUMAN_TRANSMEM2	Length=70	Networks=SignalP-TM
# pos  aa    C       S       Y
    1   A   0.103   0.298   0.175
    2   G   0.101   0.330   0.173
    3   A   0.103   0.377   0.176
    4   A   0.102   0.417   0.177
    5   A   0.102   0.391   0.179
    6   L   0.099   0.455   0.178
    7   G   0.102   0.469   0.184
    8   S   0.103   0.419   0.189
    9   A   0.106   0.326   0.193
   10   A   0.100   0.382   0.189
   11   G   0.100   0.347   0.190
   12   I   0.104   0.258   0.194
   13   A   0.103   0.243   0.193
   14   I   0.101   0.260   0.190
   15   M   0.103   0.336   0.192
   16   T   0.101   0.322   0.190
   17   S   0.105   0.344   0.193
   18   L   0.108   0.389   0.196
   19   F   0.103   0.464   0.190
   20   G   0.107   0.549   0.196
   21   A   0.118   0.471   0.208
   22   A   0.112   0.325   0.202
   23   G   0.110   0.333   0.198
   24   A   0.131   0.210   0.216
   25   G   0.214   0.116   0.272
   26   L   0.115   0.104   0.195
   27   T   0.105   0.110   0.183
   28   G   0.111   0.104   0.185
   29   Y   0.108   0.113   0.179
   30   K   0.103   0.110   0.171
   31   M   0.102   0.123   0.165
   32   K   0.104   0.119   0.162
   33   K   0.102   0.123   0.154
   34   R   0.101   0.112   0.145
   35   V   0.105   0.118   0.136
   36   G   0.105   0.110   0.126
   37   A   0.102   0.120   0.118
   38   I   0.106   0.113   0.113
   39   E   0.104   0.097   0.109
   40   E   0.102   0.087   0.107
   41   F   0.100   0.092   0.105
   42   T   0.106   0.085   0.108
   43   F   0.104   0.085   0.106
   44   L   0.104   0.091   0.105
   45   P   0.103   0.085   0.104
   46   L   0.105   0.082   0.104
   47   T   0.105   0.105   0.102
   48   E   0.103   0.080   0.101
   49   G   0.103   0.094   0.099
   50   R   0.112   0.101   0.103
   51   Q   0.102   0.085   0.098
   52   L   0.102   0.067   0.097
   53   H   0.100   0.061   0.094
   54   I   0.100   0.060   0.092
   55   T   0.102   0.048   0.092
   56   I   0.102   0.059   0.091
   57   A   0.103   0.076   0.090
   58   V   0.099   0.071   0.088
   59   T   0.101   0.087   0.088
   60   G   0.101   0.076   0.088
   61   W   0.096   0.093   0.086
   62   L   0.104   0.085   0.089
   63   A   0.102   0.112   0.088
   64   S   0.097   0.102   0.087
   65   G   0.102   0.104   0.089
   66   K   0.100   0.090   0.088
   67   Y   0.103   0.099   0.091
   68   R   0.102   0.105   0.092
   69   T   0.100   0.105   0.093
   70   F   0.102   0.098   0.096
# Measure  Position  Value    Cutoff   signal peptide?
  max. C    25       0.214
  max. Y    25       0.272
  max. S    20       0.549
  mean S     1-24    0.363
       D     1-24    0.309   0.500   NO
Name=TMCO4_HUMAN_TRANSMEM2	SP='NO' D=0.309 D-cutoff=0.500 Networks=SignalP-TM
