# SignalP-4.1 euk predictions
# Name=TMM11_HUMAN_TRANSMEM2	Length=70	Networks=SignalP-TM
# pos  aa    C       S       Y
    1   D   0.101   0.390   0.199
    2   Y   0.101   0.370   0.199
    3   S   0.102   0.367   0.199
    4   H   0.100   0.345   0.196
    5   Y   0.102   0.286   0.198
    6   I   0.100   0.261   0.193
    7   S   0.100   0.221   0.192
    8   L   0.102   0.217   0.190
    9   P   0.104   0.242   0.188
   10   A   0.103   0.315   0.185
   11   G   0.100   0.381   0.180
   12   V   0.100   0.301   0.181
   13   L   0.101   0.261   0.180
   14   S   0.106   0.320   0.181
   15   L   0.105   0.325   0.179
   16   A   0.103   0.346   0.176
   17   C   0.100   0.375   0.173
   18   C   0.102   0.426   0.175
   19   T   0.125   0.339   0.195
   20   L   0.107   0.335   0.182
   21   Y   0.104   0.305   0.181
   22   G   0.100   0.358   0.179
   23   I   0.131   0.253   0.208
   24   S   0.101   0.237   0.183
   25   W   0.135   0.178   0.209
   26   Q   0.118   0.149   0.192
   27   F   0.156   0.102   0.217
   28   D   0.101   0.095   0.171
   29   P   0.099   0.119   0.165
   30   C   0.103   0.117   0.163
   31   C   0.103   0.120   0.158
   32   K   0.103   0.131   0.152
   33   Y   0.119   0.114   0.155
   34   Q   0.110   0.103   0.143
   35   V   0.101   0.099   0.131
   36   E   0.098   0.097   0.124
   37   Y   0.102   0.099   0.118
   38   D   0.101   0.098   0.112
   39   A   0.105   0.096   0.110
   40   Y   0.100   0.098   0.105
   41   K   0.103   0.091   0.105
   42   L   0.098   0.093   0.102
   43   S   0.105   0.093   0.105
   44   R   0.102   0.089   0.103
   45   L   0.103   0.088   0.102
   46   P   0.104   0.085   0.101
   47   L   0.103   0.069   0.100
   48   H   0.103   0.069   0.098
   49   T   0.102   0.073   0.096
   50   L   0.103   0.063   0.096
   51   T   0.101   0.078   0.093
   52   S   0.100   0.077   0.092
   53   S   0.103   0.075   0.093
   54   T   0.097   0.075   0.089
   55   P   0.101   0.078   0.090
   56   V   0.100   0.073   0.089
   57   V   0.101   0.067   0.088
   58   L   0.103   0.082   0.088
   59   V   0.100   0.091   0.087
   60   R   0.100   0.091   0.087
   61   K   0.104   0.093   0.089
   62   D   0.102   0.092   0.089
   63   D   0.104   0.093   0.091
   64   L   0.105   0.095   0.092
   65   H   0.101   0.092   0.092
   66   R   0.101   0.094   0.092
   67   K   0.103   0.087   0.094
   68   R   0.101   0.090   0.093
   69   L   0.106   0.097   0.096
   70   H   0.102   0.094   0.095
# Measure  Position  Value    Cutoff   signal peptide?
  max. C    27       0.156
  max. Y    27       0.217
  max. S    18       0.426
  mean S     1-26    0.304
       D     1-26    0.252   0.500   NO
Name=TMM11_HUMAN_TRANSMEM2	SP='NO' D=0.252 D-cutoff=0.500 Networks=SignalP-TM
