# SignalP-4.1 euk predictions
# Name=TMM88_HUMAN_TRANSMEM2	Length=70	Networks=SignalP-noTM
# pos  aa    C       S       Y
    1   L   0.101   0.913   0.303
    2   R   0.101   0.899   0.304
    3   D   0.105   0.909   0.309
    4   P   0.104   0.912   0.308
    5   G   0.104   0.921   0.308
    6   F   0.101   0.933   0.303
    7   T   0.107   0.955   0.313
    8   A   0.103   0.973   0.306
    9   L   0.094   0.971   0.294
   10   L   0.100   0.949   0.303
   11   V   0.099   0.936   0.302
   12   T   0.105   0.943   0.311
   13   G   0.106   0.957   0.314
   14   F   0.095   0.935   0.297
   15   L   0.106   0.965   0.314
   16   L   0.101   0.971   0.306
   17   L   0.095   0.964   0.297
   18   V   0.102   0.957   0.309
   19   P   0.103   0.967   0.311
   20   L   0.108   0.959   0.319
   21   L   0.101   0.939   0.309
   22   V   0.102   0.947   0.310
   23   L   0.106   0.941   0.316
   24   A   0.113   0.946   0.326
   25   L   0.437   0.804   0.644
   26   A   0.116   0.870   0.330
   27   S   0.324   0.468   0.552
   28   Y   0.118   0.529   0.330
   29   R   0.164   0.359   0.384
   30   R   0.117   0.305   0.320
   31   L   0.111   0.337   0.306
   32   C   0.102   0.362   0.289
   33   L   0.145   0.281   0.338
   34   R   0.111   0.310   0.290
   35   L   0.163   0.113   0.346
   36   R   0.103   0.136   0.267
   37   L   0.107   0.139   0.265
   38   A   0.106   0.152   0.256
   39   D   0.115   0.104   0.258
   40   C   0.103   0.120   0.237
   41   L   0.137   0.096   0.263
   42   V   0.103   0.116   0.218
   43   P   0.101   0.109   0.207
   44   Y   0.101   0.146   0.198
   45   S   0.095   0.162   0.183
   46   R   0.101   0.175   0.179
   47   A   0.107   0.188   0.173
   48   L   0.301   0.108   0.276
   49   Y   0.100   0.110   0.148
   50   R   0.101   0.110   0.143
   51   R   0.105   0.123   0.139
   52   R   0.104   0.119   0.134
   53   R   0.103   0.117   0.130
   54   A   0.109   0.102   0.130
   55   P   0.102   0.096   0.120
   56   Q   0.100   0.096   0.116
   57   P   0.101   0.100   0.112
   58   R   0.105   0.101   0.114
   59   Q   0.109   0.103   0.116
   60   I   0.103   0.103   0.112
   61   R   0.103   0.103   0.110
   62   A   0.110   0.101   0.114
   63   S   0.093   0.104   0.105
   64   P   0.107   0.102   0.112
   65   G   0.104   0.104   0.110
   66   S   0.106   0.100   0.111
   67   Q   0.107   0.099   0.111
   68   A   0.102   0.100   0.107
   69   V   0.097   0.099   0.103
   70   P   0.101   0.101   0.103
# Measure  Position  Value    Cutoff   signal peptide?
  max. C    25       0.437
  max. Y    25       0.644
  max. S     8       0.973
  mean S     1-24    0.944
       D     1-24    0.806   0.450   YES
Name=TMM88_HUMAN_TRANSMEM2	SP='YES' Cleavage site between pos. 24 and 25: VLA-LA D=0.806 D-cutoff=0.450 Networks=SignalP-noTM
