# SignalP-4.1 euk predictions
# Name=TMTC4_HUMAN_TRANSMEM7	Length=70	Networks=SignalP-TM
# pos  aa    C       S       Y
    1   L   0.101   0.486   0.222
    2   R   0.102   0.414   0.223
    3   N   0.104   0.439   0.223
    4   G   0.104   0.402   0.223
    5   G   0.100   0.356   0.217
    6   L   0.103   0.333   0.218
    7   L   0.104   0.287   0.217
    8   F   0.100   0.303   0.210
    9   R   0.100   0.289   0.206
   10   M   0.103   0.257   0.206
   11   T   0.105   0.300   0.203
   12   L   0.104   0.271   0.199
   13   L   0.101   0.333   0.192
   14   T   0.099   0.372   0.188
   15   S   0.102   0.427   0.188
   16   G   0.102   0.409   0.187
   17   G   0.111   0.353   0.195
   18   A   0.109   0.348   0.191
   19   G   0.120   0.268   0.199
   20   M   0.129   0.188   0.204
   21   L   0.108   0.174   0.185
   22   Y   0.103   0.143   0.178
   23   V   0.103   0.183   0.174
   24   R   0.102   0.215   0.171
   25   W   0.104   0.232   0.172
   26   R   0.106   0.172   0.172
   27   I   0.104   0.182   0.169
   28   M   0.100   0.188   0.162
   29   G   0.099   0.165   0.157
   30   T   0.108   0.153   0.158
   31   G   0.105   0.123   0.149
   32   P   0.104   0.112   0.143
   33   P   0.105   0.119   0.137
   34   A   0.102   0.133   0.131
   35   F   0.101   0.125   0.128
   36   T   0.103   0.123   0.128
   37   E   0.111   0.115   0.133
   38   V   0.103   0.115   0.126
   39   D   0.104   0.105   0.124
   40   N   0.104   0.096   0.120
   41   P   0.103   0.096   0.117
   42   A   0.105   0.095   0.115
   43   S   0.102   0.091   0.110
   44   F   0.102   0.082   0.108
   45   A   0.100   0.081   0.104
   46   D   0.099   0.074   0.102
   47   S   0.103   0.065   0.103
   48   M   0.100   0.059   0.100
   49   L   0.105   0.052   0.099
   50   V   0.103   0.059   0.096
   51   R   0.101   0.065   0.092
   52   A   0.105   0.070   0.092
   53   V   0.100   0.074   0.088
   54   N   0.106   0.071   0.090
   55   Y   0.104   0.064   0.088
   56   N   0.096   0.081   0.083
   57   Y   0.105   0.087   0.086
   58   Y   0.101   0.117   0.084
   59   Y   0.101   0.121   0.086
   60   S   0.102   0.119   0.088
   61   L   0.102   0.121   0.090
   62   N   0.104   0.136   0.093
   63   A   0.103   0.133   0.095
   64   W   0.098   0.117   0.096
   65   L   0.104   0.097   0.101
   66   L   0.103   0.088   0.102
   67   L   0.105   0.111   0.103
   68   C   0.103   0.120   0.103
   69   P   0.104   0.101   0.106
   70   W   0.105   0.102   0.108
# Measure  Position  Value    Cutoff   signal peptide?
  max. C    20       0.129
  max. Y    20       0.204
  max. S     1       0.486
  mean S     1-19    0.350
       D     1-19    0.263   0.500   NO
Name=TMTC4_HUMAN_TRANSMEM7	SP='NO' D=0.263 D-cutoff=0.500 Networks=SignalP-TM
