# SignalP-4.1 euk predictions
# Name=TPC2_HUMAN_TRANSMEM2	Length=70	Networks=SignalP-TM
# pos  aa    C       S       Y
    1   G   0.102   0.422   0.208
    2   L   0.100   0.357   0.206
    3   T   0.103   0.325   0.208
    4   E   0.103   0.341   0.205
    5   S   0.103   0.260   0.205
    6   V   0.102   0.275   0.201
    7   E   0.103   0.211   0.199
    8   V   0.103   0.240   0.195
    9   L   0.099   0.277   0.187
   10   C   0.103   0.224   0.189
   11   L   0.101   0.181   0.182
   12   L   0.102   0.194   0.179
   13   V   0.101   0.262   0.173
   14   F   0.104   0.265   0.172
   15   A   0.106   0.307   0.170
   16   A   0.102   0.213   0.165
   17   D   0.103   0.117   0.162
   18   L   0.102   0.176   0.157
   19   S   0.104   0.127   0.154
   20   V   0.106   0.111   0.152
   21   K   0.104   0.133   0.147
   22   G   0.106   0.103   0.146
   23   Y   0.170   0.074   0.180
   24   L   0.106   0.073   0.137
   25   F   0.114   0.068   0.138
   26   G   0.103   0.059   0.128
   27   W   0.115   0.061   0.131
   28   A   0.102   0.063   0.117
   29   H   0.108   0.097   0.114
   30   F   0.104   0.074   0.105
   31   Q   0.110   0.067   0.102
   32   K   0.103   0.066   0.097
   33   N   0.101   0.057   0.092
   34   L   0.101   0.035   0.089
   35   W   0.102   0.034   0.087
   36   L   0.104   0.025   0.083
   37   L   0.102   0.019   0.079
   38   G   0.103   0.020   0.076
   39   Y   0.101   0.025   0.073
   40   L   0.103   0.042   0.072
   41   V   0.103   0.051   0.071
   42   V   0.102   0.040   0.070
   43   L   0.102   0.033   0.069
   44   V   0.098   0.033   0.064
   45   V   0.101   0.032   0.063
   46   S   0.104   0.039   0.061
   47   L   0.120   0.026   0.064
   48   V   0.102   0.027   0.057
   49   D   0.103   0.026   0.057
   50   W   0.100   0.033   0.056
   51   T   0.111   0.038   0.059
   52   V   0.103   0.047   0.058
   53   S   0.102   0.110   0.060
   54   L   0.123   0.102   0.071
   55   S   0.100   0.107   0.067
   56   L   0.121   0.115   0.077
   57   V   0.105   0.109   0.076
   58   C   0.101   0.098   0.078
   59   H   0.103   0.096   0.082
   60   E   0.103   0.076   0.085
   61   P   0.104   0.085   0.086
   62   L   0.103   0.089   0.089
   63   R   0.101   0.101   0.090
   64   I   0.103   0.100   0.094
   65   R   0.101   0.097   0.096
   66   R   0.102   0.097   0.099
   67   L   0.105   0.099   0.102
   68   L   0.103   0.097   0.100
   69   R   0.102   0.093   0.100
   70   P   0.105   0.083   0.101
# Measure  Position  Value    Cutoff   signal peptide?
  max. C    23       0.170
  max. Y    11       0.182
  max. S     1       0.422
  mean S     1-10    0.293
       D     1-10    0.227   0.500   NO
Name=TPC2_HUMAN_TRANSMEM2	SP='NO' D=0.227 D-cutoff=0.500 Networks=SignalP-TM
