# SignalP-4.1 euk predictions
# Name=TR1L1_HUMAN_TRANSMEM8	Length=70	Networks=SignalP-TM
# pos  aa    C       S       Y
    1   V   0.102   0.337   0.186
    2   L   0.104   0.295   0.187
    3   A   0.105   0.296   0.188
    4   A   0.108   0.336   0.189
    5   K   0.101   0.343   0.183
    6   I   0.104   0.411   0.185
    7   A   0.103   0.374   0.186
    8   V   0.101   0.423   0.185
    9   L   0.102   0.427   0.187
   10   S   0.100   0.362   0.188
   11   S   0.099   0.395   0.187
   12   S   0.105   0.322   0.194
   13   C   0.100   0.319   0.189
   14   T   0.101   0.298   0.190
   15   I   0.106   0.311   0.193
   16   Q   0.103   0.334   0.190
   17   A   0.105   0.341   0.193
   18   Y   0.199   0.289   0.266
   19   V   0.100   0.283   0.188
   20   T   0.111   0.240   0.197
   21   W   0.107   0.225   0.190
   22   N   0.105   0.209   0.186
   23   L   0.103   0.180   0.179
   24   I   0.103   0.174   0.174
   25   T   0.101   0.179   0.168
   26   L   0.105   0.178   0.167
   27   W   0.105   0.241   0.163
   28   L   0.106   0.215   0.163
   29   Q   0.103   0.223   0.158
   30   R   0.103   0.177   0.156
   31   W   0.103   0.238   0.152
   32   V   0.102   0.258   0.149
   33   E   0.100   0.220   0.147
   34   D   0.103   0.197   0.148
   35   S   0.135   0.132   0.168
   36   N   0.102   0.157   0.143
   37   I   0.103   0.149   0.143
   38   Q   0.108   0.122   0.145
   39   A   0.102   0.122   0.140
   40   S   0.104   0.107   0.140
   41   C   0.100   0.112   0.135
   42   M   0.099   0.113   0.131
   43   K   0.105   0.113   0.132
   44   K   0.100   0.111   0.126
   45   K   0.101   0.110   0.125
   46   R   0.104   0.107   0.123
   47   S   0.106   0.105   0.119
   48   R   0.099   0.109   0.112
   49   S   0.102   0.108   0.110
   50   S   0.103   0.111   0.110
   51   K   0.099   0.110   0.106
   52   K   0.101   0.105   0.106
   53   R   0.101   0.108   0.106
   54   T   0.105   0.102   0.107
   55   E   0.104   0.101   0.106
   56   N   0.106   0.101   0.107
   57   G   0.104   0.101   0.105
   58   V   0.099   0.103   0.102
   59   G   0.106   0.101   0.106
   60   V   0.101   0.103   0.103
   61   E   0.101   0.101   0.103
   62   T   0.103   0.102   0.104
   63   S   0.103   0.102   0.104
   64   N   0.103   0.104   0.103
   65   R   0.104   0.105   0.104
   66   V   0.102   0.104   0.102
   67   D   0.104   0.104   0.103
   68   C   0.103   0.104   0.102
   69   P   0.100   0.103   0.101
   70   P   0.105   0.105   0.104
# Measure  Position  Value    Cutoff   signal peptide?
  max. C    18       0.199
  max. Y    18       0.266
  max. S     9       0.427
  mean S     1-17    0.349
       D     1-17    0.299   0.500   NO
Name=TR1L1_HUMAN_TRANSMEM8	SP='NO' D=0.299 D-cutoff=0.500 Networks=SignalP-TM
