# SignalP-4.1 euk predictions
# Name=TRAM1_HUMAN_TRANSMEM7	Length=70	Networks=SignalP-noTM
# pos  aa    C       S       Y
    1   Q   0.101   0.943   0.308
    2   K   0.101   0.922   0.309
    3   G   0.101   0.938   0.309
    4   F   0.097   0.956   0.302
    5   S   0.105   0.968   0.315
    6   L   0.100   0.980   0.308
    7   W   0.101   0.984   0.310
    8   A   0.099   0.985   0.307
    9   V   0.095   0.988   0.301
   10   L   0.103   0.991   0.313
   11   F   0.102   0.993   0.312
   12   V   0.101   0.988   0.310
   13   L   0.100   0.992   0.309
   14   G   0.104   0.994   0.317
   15   R   0.111   0.989   0.327
   16   L   0.108   0.994   0.323
   17   L   0.106   0.996   0.320
   18   T   0.102   0.994   0.315
   19   L   0.147   0.994   0.378
   20   I   0.111   0.984   0.329
   21   L   0.140   0.969   0.370
   22   S   0.107   0.958   0.323
   23   V   0.568   0.903   0.745
   24   L   0.108   0.909   0.324
   25   T   0.108   0.891   0.325
   26   V   0.290   0.780   0.531
   27   G   0.106   0.894   0.320
   28   F   0.208   0.800   0.447
   29   G   0.104   0.794   0.314
   30   L   0.143   0.625   0.368
   31   A   0.104   0.737   0.311
   32   R   0.332   0.327   0.552
   33   A   0.114   0.332   0.317
   34   E   0.716   0.102   0.783
   35   N   0.107   0.157   0.295
   36   Q   0.168   0.116   0.362
   37   K   0.100   0.108   0.272
   38   L   0.101   0.115   0.266
   39   D   0.101   0.116   0.258
   40   F   0.099   0.122   0.247
   41   S   0.106   0.112   0.248
   42   T   0.104   0.109   0.236
   43   G   0.105   0.113   0.229
   44   N   0.101   0.121   0.215
   45   F   0.099   0.138   0.205
   46   N   0.098   0.157   0.195
   47   V   0.100   0.174   0.188
   48   L   0.104   0.154   0.182
   49   A   0.106   0.145   0.176
   50   V   0.100   0.161   0.161
   51   R   0.106   0.142   0.155
   52   I   0.107   0.121   0.146
   53   A   0.099   0.126   0.132
   54   V   0.096   0.119   0.119
   55   L   0.102   0.113   0.119
   56   A   0.103   0.107   0.115
   57   S   0.102   0.097   0.115
   58   I   0.107   0.093   0.116
   59   C   0.097   0.096   0.110
   60   V   0.101   0.099   0.113
   61   T   0.103   0.107   0.113
   62   Q   0.108   0.102   0.116
   63   A   0.102   0.102   0.112
   64   F   0.179   0.093   0.148
   65   M   0.101   0.098   0.111
   66   M   0.108   0.099   0.114
   67   W   0.103   0.102   0.111
   68   K   0.104   0.102   0.111
   69   F   0.102   0.102   0.109
   70   I   0.099   0.100   0.106
# Measure  Position  Value    Cutoff   signal peptide?
  max. C    34       0.716
  max. Y    34       0.783
  max. S    17       0.996
  mean S     1-33    0.894
       D     1-33    0.843   0.450   YES
Name=TRAM1_HUMAN_TRANSMEM7	SP='YES' Cleavage site between pos. 33 and 34: ARA-EN D=0.843 D-cutoff=0.450 Networks=SignalP-noTM
