# SignalP-4.1 euk predictions
# Name=TRFR_HUMAN_TRANSMEM7	Length=70	Networks=SignalP-noTM
# pos  aa    C       S       Y
    1   L   0.101   0.462   0.216
    2   S   0.101   0.502   0.216
    3   S   0.101   0.529   0.216
    4   P   0.102   0.523   0.218
    5   F   0.103   0.476   0.220
    6   Q   0.100   0.410   0.217
    7   E   0.102   0.458   0.219
    8   N   0.099   0.475   0.215
    9   W   0.098   0.446   0.214
   10   F   0.097   0.473   0.213
   11   L   0.098   0.492   0.214
   12   L   0.103   0.437   0.220
   13   F   0.099   0.468   0.215
   14   C   0.101   0.455   0.217
   15   R   0.104   0.443   0.221
   16   I   0.105   0.453   0.222
   17   C   0.098   0.392   0.214
   18   I   0.101   0.412   0.216
   19   Y   0.095   0.573   0.210
   20   L   0.114   0.381   0.230
   21   N   0.099   0.306   0.214
   22   S   0.102   0.442   0.216
   23   A   0.147   0.252   0.259
   24   I   0.208   0.130   0.304
   25   N   0.107   0.140   0.214
   26   P   0.107   0.119   0.210
   27   V   0.110   0.129   0.208
   28   I   0.099   0.144   0.193
   29   Y   0.104   0.174   0.195
   30   N   0.147   0.121   0.228
   31   L   0.100   0.108   0.183
   32   M   0.103   0.114   0.182
   33   S   0.103   0.123   0.177
   34   Q   0.107   0.110   0.176
   35   K   0.096   0.112   0.162
   36   F   0.100   0.127   0.160
   37   R   0.102   0.183   0.157
   38   A   0.111   0.169   0.159
   39   A   0.111   0.113   0.155
   40   F   0.101   0.112   0.143
   41   R   0.095   0.113   0.134
   42   K   0.107   0.097   0.135
   43   L   0.105   0.098   0.128
   44   C   0.103   0.099   0.123
   45   N   0.101   0.093   0.115
   46   C   0.098   0.105   0.110
   47   K   0.107   0.099   0.114
   48   Q   0.101   0.098   0.111
   49   K   0.104   0.094   0.111
   50   P   0.099   0.091   0.108
   51   T   0.098   0.092   0.107
   52   E   0.097   0.095   0.104
   53   K   0.101   0.099   0.106
   54   P   0.098   0.096   0.104
   55   A   0.104   0.096   0.107
   56   N   0.093   0.097   0.101
   57   Y   0.103   0.105   0.105
   58   S   0.099   0.103   0.103
   59   V   0.104   0.100   0.105
   60   A   0.101   0.104   0.102
   61   L   0.099   0.102   0.100
   62   N   0.102   0.102   0.101
   63   Y   0.100   0.102   0.099
   64   S   0.106   0.099   0.102
   65   V   0.100   0.095   0.100
   66   I   0.103   0.097   0.101
   67   K   0.101   0.096   0.100
   68   E   0.095   0.099   0.097
   69   S   0.103   0.100   0.101
   70   D   0.102   0.099   0.100
# Measure  Position  Value    Cutoff   signal peptide?
  max. C    24       0.208
  max. Y    24       0.304
  max. S    19       0.573
  mean S     1-23    0.446
       D     1-23    0.381   0.450   NO
Name=TRFR_HUMAN_TRANSMEM7	SP='NO' D=0.381 D-cutoff=0.450 Networks=SignalP-noTM
