# SignalP-4.1 euk predictions
# Name=TRI13_HUMAN_TRANSMEM1	Length=70	Networks=SignalP-TM
# pos  aa    C       S       Y
    1   W   0.100   0.743   0.273
    2   S   0.102   0.793   0.275
    3   F   0.099   0.723   0.272
    4   Y   0.102   0.560   0.275
    5   K   0.101   0.406   0.271
    6   L   0.102   0.390   0.268
    7   F   0.102   0.299   0.264
    8   L   0.105   0.325   0.261
    9   L   0.103   0.308   0.253
   10   I   0.102   0.204   0.245
   11   L   0.103   0.218   0.238
   12   L   0.104   0.254   0.232
   13   L   0.101   0.192   0.220
   14   G   0.105   0.192   0.215
   15   L   0.106   0.163   0.206
   16   V   0.101   0.196   0.190
   17   I   0.109   0.209   0.186
   18   V   0.105   0.258   0.172
   19   F   0.212   0.222   0.234
   20   G   0.114   0.195   0.167
   21   P   0.194   0.086   0.212
   22   T   0.110   0.190   0.154
   23   M   0.142   0.165   0.171
   24   F   0.109   0.205   0.146
   25   L   0.202   0.129   0.199
   26   E   0.107   0.125   0.142
   27   W   0.109   0.115   0.140
   28   S   0.110   0.147   0.139
   29   L   0.103   0.178   0.133
   30   F   0.103   0.146   0.134
   31   D   0.112   0.131   0.138
   32   D   0.103   0.132   0.130
   33   L   0.105   0.115   0.127
   34   A   0.104   0.111   0.124
   35   T   0.100   0.101   0.119
   36   W   0.104   0.109   0.122
   37   K   0.100   0.111   0.117
   38   G   0.101   0.131   0.115
   39   C   0.101   0.139   0.113
   40   L   0.100   0.128   0.113
   41   S   0.104   0.104   0.115
   42   N   0.116   0.092   0.122
   43   F   0.102   0.095   0.112
   44   S   0.100   0.103   0.108
   45   S   0.100   0.105   0.107
   46   Y   0.100   0.101   0.106
   47   L   0.100   0.097   0.105
   48   T   0.101   0.092   0.105
   49   K   0.100   0.096   0.104
   50   T   0.102   0.086   0.105
   51   A   0.106   0.092   0.106
   52   D   0.099   0.094   0.102
   53   F   0.100   0.091   0.101
   54   I   0.101   0.087   0.100
   55   E   0.101   0.089   0.098
   56   Q   0.102   0.091   0.098
   57   S   0.101   0.084   0.098
   58   V   0.102   0.085   0.097
   59   F   0.101   0.093   0.097
   60   Y   0.101   0.095   0.096
   61   W   0.100   0.095   0.095
   62   E   0.101   0.093   0.096
   63   Q   0.101   0.093   0.096
   64   V   0.101   0.095   0.096
   65   T   0.100   0.097   0.096
   66   D   0.104   0.097   0.098
   67   G   0.099   0.097   0.095
   68   F   0.100   0.094   0.096
   69   F   0.104   0.094   0.098
   70   I   0.101   0.096   0.097
# Measure  Position  Value    Cutoff   signal peptide?
  max. C    19       0.212
  max. Y    11       0.238
  max. S     2       0.793
  mean S     1-10    0.475
       D     1-10    0.333   0.500   NO
Name=TRI13_HUMAN_TRANSMEM1	SP='NO' D=0.333 D-cutoff=0.500 Networks=SignalP-TM
