# SignalP-4.1 euk predictions
# Name=TRIL_HUMAN_TRANSMEM1	Length=70	Networks=SignalP-TM
# pos  aa    C       S       Y
    1   G   0.102   0.588   0.245
    2   V   0.099   0.620   0.242
    3   D   0.103   0.581   0.247
    4   Y   0.104   0.567   0.247
    5   Q   0.099   0.500   0.242
    6   L   0.101   0.352   0.243
    7   L   0.104   0.361   0.242
    8   T   0.103   0.392   0.238
    9   L   0.104   0.335   0.236
   10   A   0.104   0.214   0.232
   11   L   0.098   0.100   0.219
   12   L   0.105   0.091   0.219
   13   T   0.098   0.097   0.203
   14   V   0.104   0.093   0.200
   15   N   0.103   0.069   0.190
   16   A   0.101   0.091   0.178
   17   L   0.122   0.080   0.183
   18   L   0.104   0.095   0.157
   19   V   0.118   0.077   0.155
   20   L   0.101   0.100   0.133
   21   L   0.103   0.144   0.127
   22   A   0.122   0.121   0.131
   23   L   0.132   0.129   0.127
   24   A   0.109   0.246   0.108
   25   A   0.372   0.101   0.202
   26   W   0.108   0.193   0.109
   27   A   0.128   0.172   0.122
   28   S   0.441   0.070   0.232
   29   R   0.112   0.107   0.116
   30   W   0.123   0.109   0.123
   31   L   0.110   0.143   0.117
   32   R   0.110   0.136   0.119
   33   R   0.131   0.118   0.131
   34   K   0.108   0.127   0.121
   35   L   0.104   0.143   0.119
   36   R   0.106   0.148   0.120
   37   A   0.112   0.130   0.125
   38   R   0.144   0.116   0.141
   39   R   0.104   0.107   0.116
   40   K   0.104   0.098   0.116
   41   G   0.105   0.100   0.114
   42   G   0.104   0.105   0.111
   43   A   0.102   0.102   0.111
   44   P   0.100   0.094   0.110
   45   V   0.104   0.091   0.111
   46   H   0.101   0.096   0.108
   47   V   0.104   0.100   0.108
   48   R   0.100   0.095   0.106
   49   H   0.105   0.100   0.107
   50   M   0.100   0.098   0.103
   51   Y   0.101   0.098   0.101
   52   S   0.106   0.100   0.103
   53   T   0.102   0.099   0.100
   54   R   0.105   0.100   0.102
   55   R   0.104   0.099   0.101
   56   P   0.104   0.098   0.101
   57   L   0.102   0.097   0.100
   58   R   0.103   0.097   0.100
   59   S   0.103   0.100   0.101
   60   M   0.102   0.096   0.100
   61   G   0.104   0.096   0.101
   62   T   0.103   0.097   0.100
   63   G   0.106   0.099   0.102
   64   V   0.102   0.096   0.100
   65   S   0.104   0.098   0.101
   66   A   0.102   0.099   0.100
   67   D   0.094   0.100   0.096
   68   F   0.102   0.099   0.100
   69   S   0.103   0.100   0.100
   70   G   0.102   0.097   0.100
# Measure  Position  Value    Cutoff   signal peptide?
  max. C    28       0.441
  max. Y    28       0.232
  max. S     2       0.620
  mean S     1-27    0.241
       D     1-27    0.236   0.500   NO
Name=TRIL_HUMAN_TRANSMEM1	SP='NO' D=0.236 D-cutoff=0.500 Networks=SignalP-TM
