# SignalP-4.1 euk predictions
# Name=TRPA1_HUMAN_TRANSMEM1	Length=70	Networks=SignalP-TM
# pos  aa    C       S       Y
    1   G   0.103   0.305   0.177
    2   F   0.100   0.463   0.175
    3   R   0.105   0.531   0.182
    4   A   0.105   0.570   0.187
    5   H   0.097   0.497   0.185
    6   M   0.101   0.493   0.192
    7   M   0.102   0.487   0.197
    8   N   0.104   0.519   0.202
    9   L   0.103   0.564   0.204
   10   G   0.101   0.553   0.207
   11   S   0.101   0.595   0.211
   12   Y   0.103   0.468   0.219
   13   C   0.100   0.478   0.218
   14   L   0.102   0.505   0.223
   15   G   0.102   0.510   0.227
   16   L   0.111   0.624   0.240
   17   I   0.103   0.616   0.234
   18   P   0.099   0.624   0.230
   19   M   0.104   0.595   0.237
   20   T   0.101   0.615   0.235
   21   I   0.104   0.544   0.240
   22   L   0.102   0.543   0.238
   23   V   0.111   0.523   0.250
   24   V   0.104   0.436   0.240
   25   N   0.103   0.381   0.238
   26   I   0.104   0.288   0.235
   27   K   0.115   0.185   0.245
   28   P   0.104   0.224   0.228
   29   G   0.104   0.217   0.223
   30   M   0.100   0.165   0.214
   31   A   0.103   0.207   0.209
   32   F   0.466   0.114   0.430
   33   N   0.103   0.112   0.192
   34   S   0.111   0.110   0.190
   35   T   0.103   0.101   0.172
   36   G   0.104   0.108   0.164
   37   I   0.101   0.103   0.151
   38   I   0.100   0.098   0.140
   39   N   0.101   0.101   0.132
   40   E   0.103   0.102   0.125
   41   T   0.102   0.105   0.119
   42   S   0.105   0.098   0.118
   43   D   0.102   0.091   0.113
   44   H   0.098   0.102   0.106
   45   S   0.101   0.100   0.106
   46   E   0.101   0.104   0.102
   47   I   0.103   0.097   0.103
   48   L   0.100   0.089   0.101
   49   D   0.101   0.089   0.100
   50   T   0.100   0.086   0.100
   51   T   0.104   0.085   0.100
   52   N   0.104   0.089   0.100
   53   S   0.103   0.076   0.099
   54   Y   0.101   0.081   0.097
   55   L   0.101   0.064   0.096
   56   I   0.101   0.085   0.095
   57   K   0.101   0.102   0.095
   58   T   0.103   0.110   0.096
   59   C   0.104   0.096   0.097
   60   M   0.104   0.090   0.097
   61   I   0.102   0.094   0.095
   62   L   0.100   0.086   0.094
   63   V   0.102   0.094   0.095
   64   F   0.102   0.093   0.095
   65   L   0.104   0.107   0.096
   66   S   0.100   0.133   0.095
   67   S   0.101   0.150   0.097
   68   I   0.102   0.146   0.100
   69   F   0.101   0.109   0.102
   70   G   0.101   0.125   0.104
# Measure  Position  Value    Cutoff   signal peptide?
  max. C    32       0.466
  max. Y    32       0.430
  max. S    16       0.624
  mean S     1-31    0.462
       D     1-31    0.443   0.500   NO
Name=TRPA1_HUMAN_TRANSMEM1	SP='NO' D=0.443 D-cutoff=0.500 Networks=SignalP-TM
