# SignalP-4.1 euk predictions
# Name=TRPV4_HUMAN_TRANSMEM6	Length=70	Networks=SignalP-noTM
# pos  aa    C       S       Y
    1   T   0.101   0.879   0.298
    2   K   0.101   0.886   0.297
    3   Y   0.101   0.901   0.298
    4   P   0.101   0.917   0.298
    5   V   0.103   0.943   0.301
    6   V   0.101   0.948   0.299
    7   F   0.103   0.962   0.303
    8   I   0.101   0.966   0.300
    9   I   0.100   0.965   0.299
   10   L   0.104   0.969   0.306
   11   L   0.102   0.954   0.304
   12   V   0.102   0.950   0.304
   13   T   0.101   0.967   0.303
   14   Y   0.105   0.985   0.310
   15   I   0.102   0.991   0.306
   16   I   0.104   0.991   0.310
   17   L   0.097   0.994   0.301
   18   T   0.110   0.994   0.321
   19   F   0.185   0.993   0.417
   20   V   0.107   0.993   0.318
   21   L   0.176   0.982   0.409
   22   L   0.102   0.988   0.312
   23   L   0.423   0.957   0.637
   24   N   0.113   0.937   0.330
   25   M   0.115   0.892   0.333
   26   L   0.103   0.924   0.316
   27   I   0.107   0.938   0.322
   28   A   0.109   0.909   0.325
   29   L   0.255   0.816   0.496
   30   M   0.106   0.889   0.318
   31   G   0.146   0.873   0.373
   32   E   0.476   0.717   0.672
   33   T   0.114   0.627   0.327
   34   V   0.124   0.605   0.338
   35   G   0.108   0.697   0.312
   36   Q   0.387   0.286   0.588
   37   V   0.115   0.163   0.315
   38   S   0.109   0.164   0.300
   39   K   0.105   0.172   0.287
   40   E   0.115   0.123   0.293
   41   S   0.109   0.108   0.278
   42   K   0.103   0.105   0.262
   43   H   0.101   0.105   0.253
   44   I   0.098   0.098   0.241
   45   W   0.096   0.104   0.229
   46   K   0.101   0.102   0.228
   47   L   0.103   0.100   0.220
   48   Q   0.105   0.097   0.214
   49   W   0.101   0.097   0.201
   50   A   0.102   0.101   0.192
   51   T   0.095   0.097   0.175
   52   T   0.111   0.095   0.180
   53   I   0.102   0.095   0.162
   54   L   0.101   0.108   0.149
   55   D   0.102   0.111   0.140
   56   I   0.098   0.108   0.129
   57   E   0.099   0.101   0.121
   58   R   0.103   0.098   0.111
   59   S   0.105   0.094   0.108
   60   F   0.102   0.098   0.105
   61   P   0.101   0.099   0.103
   62   V   0.104   0.098   0.103
   63   F   0.097   0.095   0.099
   64   L   0.101   0.101   0.101
   65   R   0.101   0.100   0.101
   66   K   0.106   0.098   0.103
   67   A   0.103   0.102   0.101
   68   F   0.094   0.101   0.097
   69   R   0.103   0.098   0.101
   70   S   0.106   0.099   0.103
# Measure  Position  Value    Cutoff   signal peptide?
  max. C    32       0.476
  max. Y    32       0.672
  max. S    18       0.994
  mean S     1-31    0.944
       D     1-31    0.819   0.450   YES
Name=TRPV4_HUMAN_TRANSMEM6	SP='YES' Cleavage site between pos. 31 and 32: LMG-ET D=0.819 D-cutoff=0.450 Networks=SignalP-noTM
