# SignalP-4.1 euk predictions
# Name=TSCOT_HUMAN_TRANSMEM11	Length=70	Networks=SignalP-TM
# pos  aa    C       S       Y
    1   S   0.102   0.473   0.219
    2   S   0.101   0.558   0.219
    3   Y   0.101   0.621   0.219
    4   G   0.101   0.637   0.222
    5   K   0.100   0.529   0.223
    6   V   0.102   0.627   0.227
    7   F   0.102   0.598   0.229
    8   V   0.105   0.562   0.234
    9   I   0.101   0.517   0.232
   10   L   0.104   0.499   0.236
   11   Q   0.102   0.466   0.234
   12   L   0.102   0.491   0.234
   13   S   0.105   0.453   0.237
   14   L   0.101   0.470   0.232
   15   A   0.105   0.387   0.238
   16   L   0.119   0.302   0.252
   17   T   0.105   0.344   0.232
   18   G   0.122   0.369   0.245
   19   V   0.116   0.265   0.235
   20   V   0.102   0.326   0.215
   21   T   0.101   0.411   0.209
   22   S   0.217   0.215   0.301
   23   T   0.376   0.143   0.385
   24   L   0.116   0.132   0.206
   25   Y   0.112   0.145   0.195
   26   N   0.109   0.114   0.186
   27   K   0.104   0.106   0.174
   28   I   0.101   0.152   0.164
   29   Y   0.106   0.145   0.161
   30   Q   0.101   0.125   0.151
   31   L   0.127   0.139   0.165
   32   T   0.101   0.101   0.142
   33   M   0.100   0.096   0.134
   34   D   0.102   0.089   0.131
   35   M   0.103   0.103   0.125
   36   F   0.104   0.067   0.116
   37   V   0.102   0.069   0.110
   38   G   0.102   0.068   0.108
   39   S   0.100   0.066   0.104
   40   C   0.101   0.073   0.102
   41   F   0.101   0.067   0.101
   42   A   0.103   0.058   0.100
   43   L   0.132   0.052   0.109
   44   S   0.103   0.063   0.093
   45   S   0.101   0.043   0.090
   46   F   0.102   0.062   0.086
   47   L   0.100   0.063   0.084
   48   S   0.102   0.072   0.083
   49   F   0.103   0.071   0.083
   50   L   0.103   0.097   0.081
   51   A   0.102   0.091   0.082
   52   I   0.098   0.077   0.081
   53   I   0.102   0.078   0.083
   54   P   0.100   0.078   0.083
   55   I   0.103   0.122   0.085
   56   S   0.101   0.190   0.086
   57   I   0.099   0.192   0.091
   58   V   0.099   0.194   0.096
   59   A   0.102   0.219   0.102
   60   Y   0.108   0.154   0.111
   61   K   0.105   0.155   0.113
   62   Q   0.103   0.128   0.115
   63   V   0.103   0.114   0.116
   64   P   0.100   0.100   0.116
   65   L   0.103   0.109   0.118
   66   S   0.101   0.109   0.117
   67   P   0.101   0.103   0.118
   68   Y   0.104   0.101   0.121
   69   G   0.098   0.105   0.118
   70   D   0.101   0.103   0.119
# Measure  Position  Value    Cutoff   signal peptide?
  max. C    23       0.376
  max. Y    23       0.385
  max. S     4       0.637
  mean S     1-22    0.460
       D     1-22    0.415   0.500   NO
Name=TSCOT_HUMAN_TRANSMEM11	SP='NO' D=0.415 D-cutoff=0.500 Networks=SignalP-TM
