# SignalP-4.1 euk predictions
# Name=TSN12_HUMAN_TRANSMEM3	Length=70	Networks=SignalP-TM
# pos  aa    C       S       Y
    1   T   0.103   0.550   0.237
    2   V   0.102   0.539   0.237
    3   K   0.102   0.616   0.236
    4   R   0.102   0.511   0.238
    5   N   0.102   0.571   0.236
    6   L   0.103   0.646   0.238
    7   L   0.104   0.595   0.241
    8   L   0.103   0.548   0.241
    9   L   0.105   0.341   0.243
   10   A   0.103   0.354   0.238
   11   W   0.098   0.248   0.229
   12   Y   0.106   0.348   0.233
   13   F   0.099   0.403   0.222
   14   G   0.102   0.462   0.223
   15   S   0.097   0.343   0.216
   16   L   0.097   0.341   0.213
   17   L   0.100   0.456   0.213
   18   V   0.120   0.417   0.230
   19   I   0.110   0.373   0.218
   20   F   0.102   0.415   0.207
   21   C   0.103   0.325   0.204
   22   V   0.192   0.244   0.272
   23   E   0.103   0.460   0.193
   24   L   0.107   0.514   0.199
   25   A   0.140   0.316   0.232
   26   C   0.114   0.321   0.210
   27   G   0.129   0.285   0.223
   28   V   0.373   0.243   0.375
   29   W   0.102   0.249   0.192
   30   T   0.113   0.255   0.200
   31   Y   0.197   0.151   0.262
   32   E   0.100   0.199   0.181
   33   Q   0.117   0.183   0.191
   34   E   0.103   0.126   0.175
   35   L   0.102   0.131   0.168
   36   M   0.103   0.120   0.165
   37   V   0.102   0.100   0.161
   38   P   0.104   0.105   0.154
   39   V   0.103   0.097   0.143
   40   Q   0.102   0.095   0.137
   41   W   0.104   0.082   0.132
   42   S   0.102   0.083   0.125
   43   D   0.099   0.081   0.118
   44   M   0.101   0.070   0.114
   45   V   0.100   0.069   0.108
   46   T   0.103   0.069   0.107
   47   L   0.101   0.072   0.101
   48   K   0.104   0.075   0.098
   49   A   0.103   0.073   0.096
   50   R   0.096   0.078   0.091
   51   M   0.101   0.094   0.091
   52   T   0.105   0.099   0.093
   53   N   0.105   0.093   0.092
   54   Y   0.105   0.098   0.092
   55   G   0.102   0.094   0.091
   56   L   0.099   0.101   0.090
   57   P   0.104   0.108   0.093
   58   R   0.102   0.103   0.093
   59   Y   0.104   0.113   0.095
   60   R   0.101   0.104   0.096
   61   W   0.105   0.107   0.099
   62   L   0.101   0.104   0.098
   63   T   0.102   0.109   0.100
   64   H   0.104   0.114   0.102
   65   A   0.105   0.117   0.104
   66   W   0.098   0.111   0.101
   67   N   0.103   0.111   0.104
   68   F   0.101   0.103   0.104
   69   F   0.101   0.099   0.104
   70   Q   0.102   0.092   0.105
# Measure  Position  Value    Cutoff   signal peptide?
  max. C    28       0.373
  max. Y    28       0.375
  max. S     6       0.646
  mean S     1-27    0.427
       D     1-27    0.396   0.500   NO
Name=TSN12_HUMAN_TRANSMEM3	SP='NO' D=0.396 D-cutoff=0.500 Networks=SignalP-TM
