# SignalP-4.1 euk predictions
# Name=TSN13_HUMAN_TRANSMEM4	Length=70	Networks=SignalP-noTM
# pos  aa    C       S       Y
    1   N   0.100   0.112   0.106
    2   P   0.102   0.107   0.106
    3   N   0.101   0.104   0.106
    4   D   0.105   0.108   0.108
    5   T   0.102   0.100   0.106
    6   C   0.101   0.100   0.106
    7   L   0.103   0.102   0.106
    8   A   0.102   0.093   0.105
    9   S   0.096   0.110   0.102
   10   C   0.101   0.115   0.105
   11   V   0.098   0.117   0.103
   12   K   0.101   0.125   0.105
   13   S   0.100   0.093   0.104
   14   D   0.095   0.104   0.102
   15   H   0.102   0.098   0.105
   16   S   0.103   0.106   0.105
   17   C   0.093   0.102   0.100
   18   S   0.099   0.099   0.103
   19   P   0.099   0.099   0.102
   20   C   0.105   0.101   0.105
   21   A   0.101   0.091   0.103
   22   P   0.089   0.102   0.097
   23   I   0.104   0.104   0.104
   24   I   0.100   0.108   0.102
   25   G   0.105   0.112   0.104
   26   E   0.106   0.112   0.105
   27   Y   0.104   0.119   0.104
   28   A   0.102   0.133   0.104
   29   G   0.103   0.109   0.105
   30   E   0.104   0.112   0.106
   31   V   0.101   0.117   0.104
   32   L   0.104   0.134   0.106
   33   R   0.108   0.142   0.108
   34   F   0.106   0.125   0.108
   35   V   0.105   0.123   0.108
   36   G   0.107   0.123   0.109
   37   G   0.102   0.126   0.107
   38   I   0.110   0.161   0.112
   39   G   0.105   0.186   0.110
   40   L   0.102   0.200   0.111
   41   F   0.096   0.187   0.109
   42   F   0.098   0.186   0.112
   43   S   0.106   0.216   0.118
   44   F   0.102   0.203   0.118
   45   T   0.104   0.203   0.122
   46   E   0.105   0.267   0.124
   47   I   0.102   0.336   0.126
   48   L   0.105   0.254   0.132
   49   G   0.100   0.301   0.130
   50   V   0.135   0.168   0.155
   51   W   0.101   0.151   0.135
   52   L   0.100   0.155   0.135
   53   T   0.106   0.142   0.140
   54   Y   0.106   0.133   0.140
   55   R   0.100   0.126   0.136
   56   Y   0.105   0.119   0.139
   57   R   0.099   0.119   0.135
   58   N   0.107   0.114   0.140
   59   Q   0.098   0.112   0.134
   60   K   0.099   0.112   0.135
   61   D   0.100   0.119   0.134
   62   P   0.097   0.117   0.131
   63   R   0.104   0.110   0.135
   64   A   0.104   0.109   0.133
   65   N   0.095   0.104   0.127
   66   P   0.106   0.108   0.132
   67   S   0.103   0.106   0.128
   68   A   0.104   0.104   0.126
   69   F   0.097   0.102   0.119
   70   L   0.104   0.104   0.119
# Measure  Position  Value    Cutoff   signal peptide?
  max. C    50       0.135
  max. Y    50       0.155
  max. S    47       0.336
  mean S     1-49    0.138
       D     1-49    0.146   0.450   NO
Name=TSN13_HUMAN_TRANSMEM4	SP='NO' D=0.146 D-cutoff=0.450 Networks=SignalP-noTM
