# SignalP-4.1 euk predictions
# Name=TTYH2_HUMAN_TRANSMEM4	Length=70	Networks=SignalP-TM
# pos  aa    C       S       Y
    1   K   0.101   0.836   0.290
    2   R   0.101   0.776   0.290
    3   S   0.103   0.817   0.293
    4   K   0.101   0.830   0.290
    5   C   0.103   0.771   0.292
    6   L   0.101   0.799   0.289
    7   L   0.103   0.813   0.292
    8   A   0.102   0.859   0.289
    9   S   0.098   0.832   0.284
   10   M   0.102   0.865   0.290
   11   L   0.101   0.880   0.288
   12   C   0.103   0.906   0.292
   13   C   0.101   0.905   0.289
   14   G   0.104   0.896   0.295
   15   A   0.099   0.906   0.288
   16   L   0.103   0.916   0.295
   17   S   0.102   0.932   0.296
   18   L   0.169   0.882   0.383
   19   L   0.104   0.911   0.301
   20   L   0.109   0.899   0.309
   21   S   0.105   0.894   0.306
   22   W   0.130   0.900   0.341
   23   A   0.107   0.910   0.309
   24   S   0.131   0.891   0.343
   25   L   0.107   0.896   0.310
   26   A   0.122   0.822   0.332
   27   A   0.384   0.676   0.587
   28   D   0.262   0.640   0.480
   29   G   0.120   0.598   0.321
   30   S   0.132   0.490   0.333
   31   A   0.107   0.530   0.294
   32   A   0.246   0.412   0.438
   33   V   0.198   0.246   0.385
   34   A   0.106   0.246   0.273
   35   T   0.137   0.187   0.299
   36   S   0.116   0.148   0.265
   37   D   0.113   0.133   0.249
   38   F   0.104   0.126   0.227
   39   C   0.103   0.106   0.212
   40   V   0.103   0.092   0.199
   41   A   0.104   0.082   0.186
   42   P   0.102   0.078   0.172
   43   D   0.105   0.085   0.161
   44   T   0.103   0.084   0.148
   45   F   0.104   0.090   0.138
   46   I   0.103   0.084   0.125
   47   L   0.101   0.089   0.113
   48   N   0.104   0.084   0.110
   49   V   0.103   0.086   0.104
   50   T   0.104   0.088   0.101
   51   E   0.106   0.098   0.100
   52   G   0.102   0.092   0.096
   53   Q   0.104   0.091   0.096
   54   I   0.102   0.091   0.094
   55   S   0.099   0.089   0.093
   56   T   0.102   0.086   0.095
   57   E   0.099   0.090   0.094
   58   V   0.103   0.093   0.096
   59   T   0.099   0.089   0.094
   60   R   0.100   0.100   0.094
   61   Y   0.101   0.100   0.096
   62   Y   0.102   0.095   0.096
   63   L   0.101   0.097   0.097
   64   Y   0.101   0.099   0.097
   65   C   0.104   0.101   0.099
   66   S   0.105   0.099   0.099
   67   Q   0.102   0.100   0.098
   68   S   0.105   0.096   0.100
   69   G   0.099   0.100   0.097
   70   S   0.098   0.099   0.097
# Measure  Position  Value    Cutoff   signal peptide?
  max. C    27       0.384
  max. Y    27       0.587
  max. S    17       0.932
  mean S     1-26    0.867
       D     1-26    0.699   0.500   YES
Name=TTYH2_HUMAN_TRANSMEM4	SP='YES' Cleavage site between pos. 26 and 27: SLA-AD D=0.699 D-cutoff=0.500 Networks=SignalP-TM
