# SignalP-4.1 euk predictions
# Name=TTYH2_HUMAN_TRANSMEM4	Length=70	Networks=SignalP-noTM
# pos  aa    C       S       Y
    1   K   0.100   0.926   0.305
    2   R   0.100   0.919   0.304
    3   S   0.105   0.925   0.311
    4   K   0.100   0.935   0.305
    5   C   0.102   0.942   0.307
    6   L   0.100   0.965   0.305
    7   L   0.103   0.980   0.309
    8   A   0.101   0.981   0.307
    9   S   0.097   0.980   0.301
   10   M   0.103   0.975   0.311
   11   L   0.099   0.973   0.305
   12   C   0.102   0.971   0.310
   13   C   0.099   0.981   0.306
   14   G   0.104   0.988   0.313
   15   A   0.095   0.991   0.300
   16   L   0.100   0.986   0.309
   17   S   0.101   0.992   0.311
   18   L   0.150   0.985   0.379
   19   L   0.104   0.987   0.315
   20   L   0.113   0.978   0.330
   21   S   0.103   0.960   0.315
   22   W   0.127   0.947   0.351
   23   A   0.109   0.948   0.325
   24   S   0.123   0.933   0.345
   25   L   0.107   0.934   0.322
   26   A   0.118   0.928   0.338
   27   A   0.498   0.760   0.694
   28   D   0.256   0.740   0.496
   29   G   0.116   0.621   0.331
   30   S   0.120   0.529   0.335
   31   A   0.107   0.599   0.312
   32   A   0.206   0.417   0.430
   33   V   0.190   0.227   0.406
   34   A   0.108   0.199   0.301
   35   T   0.155   0.168   0.352
   36   S   0.123   0.134   0.307
   37   D   0.117   0.110   0.291
   38   F   0.106   0.099   0.269
   39   C   0.103   0.092   0.258
   40   V   0.104   0.093   0.250
   41   A   0.105   0.096   0.243
   42   P   0.105   0.098   0.234
   43   D   0.109   0.097   0.229
   44   T   0.102   0.095   0.213
   45   F   0.104   0.100   0.205
   46   I   0.103   0.097   0.194
   47   L   0.104   0.100   0.184
   48   N   0.105   0.097   0.175
   49   V   0.102   0.102   0.161
   50   T   0.105   0.104   0.153
   51   E   0.109   0.096   0.146
   52   G   0.102   0.094   0.132
   53   Q   0.108   0.095   0.127
   54   I   0.102   0.096   0.114
   55   S   0.095   0.098   0.104
   56   T   0.102   0.098   0.105
   57   E   0.097   0.098   0.100
   58   V   0.103   0.103   0.101
   59   T   0.096   0.099   0.097
   60   R   0.097   0.101   0.097
   61   Y   0.100   0.103   0.099
   62   Y   0.101   0.102   0.100
   63   L   0.099   0.103   0.099
   64   Y   0.100   0.102   0.099
   65   C   0.103   0.102   0.101
   66   S   0.106   0.098   0.103
   67   Q   0.099   0.100   0.099
   68   S   0.105   0.098   0.102
   69   G   0.097   0.097   0.098
   70   S   0.094   0.099   0.097
# Measure  Position  Value    Cutoff   signal peptide?
  max. C    27       0.498
  max. Y    27       0.694
  max. S    17       0.992
  mean S     1-26    0.962
       D     1-26    0.839   0.450   YES
Name=TTYH2_HUMAN_TRANSMEM4	SP='YES' Cleavage site between pos. 26 and 27: SLA-AD D=0.839 D-cutoff=0.450 Networks=SignalP-noTM
