# SignalP-4.1 euk predictions
# Name=TV23A_HUMAN_TRANSMEM2	Length=70	Networks=SignalP-noTM
# pos  aa    C       S       Y
    1   Y   0.102   0.812   0.287
    2   V   0.101   0.898   0.286
    3   S   0.101   0.901   0.287
    4   C   0.102   0.945   0.289
    5   D   0.104   0.895   0.293
    6   W   0.097   0.889   0.284
    7   F   0.097   0.902   0.285
    8   S   0.099   0.913   0.288
    9   K   0.098   0.927   0.287
   10   S   0.101   0.941   0.293
   11   F   0.097   0.927   0.287
   12   V   0.101   0.950   0.295
   13   G   0.102   0.932   0.297
   14   C   0.099   0.899   0.293
   15   F   0.099   0.892   0.295
   16   V   0.099   0.909   0.295
   17   M   0.099   0.898   0.296
   18   V   0.099   0.948   0.296
   19   L   0.104   0.952   0.304
   20   L   0.106   0.937   0.308
   21   L   0.104   0.884   0.307
   22   L   0.105   0.888   0.309
   23   S   0.107   0.871   0.312
   24   L   0.148   0.854   0.367
   25   D   0.108   0.872   0.314
   26   F   0.107   0.895   0.312
   27   W   0.114   0.857   0.321
   28   S   0.114   0.824   0.322
   29   V   0.126   0.711   0.338
   30   K   0.138   0.591   0.351
   31   N   0.103   0.495   0.301
   32   V   0.182   0.225   0.396
   33   T   0.108   0.247   0.299
   34   G   0.115   0.236   0.302
   35   R   0.444   0.102   0.583
   36   L   0.105   0.118   0.276
   37   L   0.102   0.116   0.266
   38   V   0.104   0.126   0.262
   39   G   0.107   0.121   0.258
   40   L   0.108   0.110   0.251
   41   R   0.104   0.115   0.239
   42   W   0.105   0.122   0.231
   43   W   0.103   0.113   0.221
   44   N   0.097   0.102   0.206
   45   Q   0.101   0.110   0.201
   46   I   0.100   0.148   0.192
   47   D   0.098   0.114   0.181
   48   E   0.101   0.119   0.174
   49   D   0.105   0.120   0.167
   50   G   0.100   0.114   0.152
   51   K   0.093   0.105   0.136
   52   S   0.099   0.111   0.130
   53   H   0.107   0.107   0.127
   54   W   0.101   0.108   0.116
   55   I   0.101   0.114   0.113
   56   F   0.101   0.105   0.111
   57   E   0.107   0.110   0.110
   58   A   0.107   0.108   0.111
   59   R   0.094   0.104   0.104
   60   K   0.103   0.106   0.108
   61   V   0.098   0.102   0.105
   62   S   0.101   0.103   0.106
   63   P   0.103   0.102   0.107
   64   N   0.098   0.104   0.105
   65   S   0.104   0.100   0.107
   66   I   0.103   0.101   0.106
   67   A   0.106   0.101   0.108
   68   A   0.100   0.098   0.104
   69   T   0.096   0.103   0.102
   70   E   0.104   0.103   0.105
# Measure  Position  Value    Cutoff   signal peptide?
  max. C    35       0.444
  max. Y    35       0.583
  max. S    19       0.952
  mean S     1-34    0.815
       D     1-34    0.708   0.450   YES
Name=TV23A_HUMAN_TRANSMEM2	SP='YES' Cleavage site between pos. 34 and 35: VTG-RL D=0.708 D-cutoff=0.450 Networks=SignalP-noTM
