# SignalP-4.1 euk predictions
# Name=UBIA1_HUMAN_TRANSMEM6	Length=70	Networks=SignalP-noTM
# pos  aa    C       S       Y
    1   D   0.101   0.542   0.235
    2   R   0.102   0.481   0.235
    3   E   0.107   0.345   0.240
    4   A   0.104   0.384   0.234
    5   G   0.097   0.370   0.226
    6   I   0.101   0.409   0.228
    7   V   0.098   0.355   0.224
    8   T   0.106   0.390   0.231
    9   L   0.104   0.272   0.227
   10   A   0.101   0.269   0.220
   11   I   0.099   0.288   0.215
   12   L   0.108   0.340   0.222
   13   I   0.100   0.284   0.212
   14   G   0.104   0.296   0.213
   15   P   0.102   0.272   0.209
   16   T   0.104   0.252   0.207
   17   F   0.099   0.381   0.199
   18   S   0.097   0.462   0.195
   19   Y   0.444   0.232   0.416
   20   I   0.101   0.279   0.195
   21   L   0.116   0.233   0.205
   22   Y   0.102   0.312   0.189
   23   N   0.110   0.357   0.193
   24   T   0.106   0.321   0.187
   25   L   0.104   0.303   0.183
   26   L   0.106   0.266   0.185
   27   F   0.116   0.287   0.192
   28   L   0.102   0.349   0.179
   29   P   0.104   0.307   0.179
   30   Y   0.108   0.406   0.182
   31   L   0.101   0.532   0.176
   32   V   0.100   0.652   0.179
   33   F   0.099   0.686   0.183
   34   S   0.106   0.620   0.194
   35   I   0.154   0.358   0.238
   36   L   0.099   0.515   0.192
   37   A   0.107   0.597   0.202
   38   T   0.184   0.229   0.270
   39   H   0.109   0.309   0.207
   40   C   0.110   0.290   0.208
   41   T   0.149   0.254   0.239
   42   I   0.100   0.400   0.196
   43   S   0.108   0.296   0.205
   44   L   0.133   0.236   0.229
   45   A   0.103   0.279   0.200
   46   L   0.277   0.144   0.327
   47   P   0.099   0.169   0.194
   48   L   0.137   0.160   0.226
   49   L   0.109   0.224   0.200
   50   T   0.109   0.242   0.199
   51   I   0.103   0.143   0.192
   52   P   0.097   0.174   0.185
   53   M   0.105   0.157   0.190
   54   A   0.108   0.172   0.187
   55   F   0.103   0.130   0.176
   56   S   0.102   0.114   0.168
   57   L   0.219   0.109   0.236
   58   E   0.099   0.096   0.155
   59   R   0.101   0.101   0.150
   60   Q   0.101   0.105   0.143
   61   F   0.101   0.104   0.140
   62   R   0.101   0.106   0.137
   63   S   0.110   0.103   0.140
   64   Q   0.102   0.107   0.132
   65   A   0.100   0.105   0.126
   66   F   0.105   0.101   0.125
   67   N   0.100   0.101   0.120
   68   K   0.098   0.104   0.115
   69   L   0.099   0.099   0.115
   70   P   0.103   0.100   0.116
# Measure  Position  Value    Cutoff   signal peptide?
  max. C    19       0.444
  max. Y    19       0.416
  max. S    33       0.686
  mean S     1-18    0.355
       D     1-18    0.383   0.450   NO
Name=UBIA1_HUMAN_TRANSMEM6	SP='NO' D=0.383 D-cutoff=0.450 Networks=SignalP-noTM
