# SignalP-4.1 euk predictions
# Name=VDAC2_HUMAN_TRANSMEM1	Length=70	Networks=SignalP-TM
# pos  aa    C       S       Y
    1   G   0.102   0.141   0.120
    2   F   0.100   0.132   0.119
    3   G   0.105   0.117   0.121
    4   F   0.100   0.119   0.118
    5   G   0.105   0.116   0.120
    6   L   0.099   0.123   0.116
    7   V   0.105   0.129   0.119
    8   K   0.101   0.135   0.116
    9   L   0.104   0.111   0.117
   10   D   0.099   0.106   0.114
   11   V   0.103   0.116   0.115
   12   K   0.103   0.120   0.114
   13   T   0.098   0.122   0.111
   14   K   0.101   0.119   0.112
   15   S   0.103   0.120   0.112
   16   C   0.103   0.107   0.111
   17   S   0.101   0.112   0.109
   18   G   0.107   0.111   0.113
   19   V   0.200   0.087   0.153
   20   E   0.101   0.092   0.108
   21   F   0.099   0.105   0.106
   22   S   0.104   0.099   0.108
   23   T   0.099   0.105   0.104
   24   S   0.105   0.112   0.107
   25   G   0.101   0.108   0.105
   26   S   0.100   0.104   0.104
   27   S   0.103   0.105   0.105
   28   N   0.102   0.105   0.104
   29   T   0.102   0.103   0.103
   30   D   0.102   0.103   0.103
   31   T   0.104   0.104   0.104
   32   G   0.106   0.098   0.104
   33   K   0.098   0.101   0.100
   34   V   0.102   0.099   0.103
   35   T   0.102   0.099   0.103
   36   G   0.105   0.099   0.104
   37   T   0.104   0.104   0.103
   38   L   0.106   0.101   0.104
   39   E   0.104   0.098   0.103
   40   T   0.099   0.102   0.100
   41   K   0.103   0.099   0.102
   42   Y   0.105   0.095   0.103
   43   K   0.104   0.094   0.102
   44   W   0.102   0.095   0.101
   45   C   0.101   0.096   0.100
   46   E   0.102   0.094   0.100
   47   Y   0.101   0.094   0.099
   48   G   0.099   0.095   0.099
   49   L   0.098   0.095   0.098
   50   T   0.103   0.097   0.100
   51   F   0.102   0.099   0.099
   52   T   0.103   0.097   0.100
   53   E   0.101   0.104   0.098
   54   K   0.104   0.102   0.101
   55   W   0.100   0.102   0.099
   56   N   0.103   0.102   0.100
   57   T   0.100   0.099   0.099
   58   D   0.102   0.100   0.100
   59   N   0.102   0.099   0.100
   60   T   0.102   0.101   0.100
   61   L   0.100   0.099   0.099
   62   G   0.102   0.103   0.101
   63   T   0.100   0.102   0.100
   64   E   0.103   0.104   0.102
   65   I   0.102   0.106   0.101
   66   A   0.103   0.104   0.102
   67   I   0.099   0.107   0.101
   68   E   0.102   0.106   0.102
   69   D   0.103   0.104   0.103
   70   Q   0.102   0.106   0.102
# Measure  Position  Value    Cutoff   signal peptide?
  max. C    19       0.200
  max. Y    19       0.153
  max. S     1       0.141
  mean S     1-18    0.120
       D     1-18    0.140   0.500   NO
Name=VDAC2_HUMAN_TRANSMEM1	SP='NO' D=0.140 D-cutoff=0.500 Networks=SignalP-TM
