# SignalP-4.1 euk predictions
# Name=VMA21_HUMAN_TRANSMEM1	Length=70	Networks=SignalP-noTM
# pos  aa    C       S       Y
    1   S   0.101   0.821   0.288
    2   S   0.100   0.862   0.287
    3   L   0.101   0.887   0.288
    4   A   0.102   0.899   0.290
    5   S   0.098   0.938   0.285
    6   T   0.101   0.937   0.291
    7   L   0.099   0.939   0.289
    8   K   0.106   0.928   0.299
    9   T   0.100   0.902   0.292
   10   L   0.098   0.901   0.289
   11   L   0.102   0.888   0.295
   12   F   0.104   0.868   0.299
   13   F   0.100   0.876   0.293
   14   T   0.103   0.913   0.298
   15   A   0.106   0.908   0.304
   16   L   0.099   0.878   0.293
   17   M   0.101   0.856   0.298
   18   I   0.104   0.808   0.303
   19   T   0.103   0.765   0.300
   20   V   0.159   0.548   0.373
   21   P   0.102   0.776   0.296
   22   I   0.125   0.801   0.328
   23   G   0.100   0.671   0.294
   24   L   0.140   0.432   0.345
   25   Y   0.121   0.362   0.317
   26   F   0.202   0.183   0.404
   27   T   0.107   0.160   0.288
   28   T   0.120   0.143   0.298
   29   K   0.106   0.174   0.273
   30   S   0.112   0.160   0.274
   31   Y   0.126   0.126   0.283
   32   I   0.102   0.121   0.247
   33   F   0.137   0.100   0.278
   34   E   0.101   0.113   0.231
   35   G   0.103   0.126   0.226
   36   A   0.101   0.108   0.215
   37   L   0.098   0.101   0.204
   38   G   0.104   0.103   0.201
   39   M   0.192   0.095   0.260
   40   S   0.103   0.103   0.181
   41   N   0.099   0.116   0.168
   42   R   0.103   0.134   0.162
   43   D   0.104   0.128   0.157
   44   S   0.100   0.166   0.144
   45   Y   0.100   0.179   0.133
   46   F   0.099   0.171   0.124
   47   Y   0.100   0.154   0.120
   48   A   0.099   0.197   0.116
   49   A   0.098   0.233   0.115
   50   I   0.099   0.262   0.117
   51   V   0.107   0.195   0.124
   52   A   0.099   0.221   0.120
   53   V   0.098   0.222   0.120
   54   V   0.105   0.267   0.127
   55   A   0.106   0.182   0.130
   56   V   0.106   0.164   0.131
   57   H   0.102   0.146   0.130
   58   V   0.103   0.164   0.130
   59   V   0.101   0.144   0.130
   60   L   0.108   0.153   0.135
   61   A   0.101   0.137   0.132
   62   L   0.419   0.109   0.271
   63   F   0.108   0.106   0.138
   64   V   0.107   0.108   0.136
   65   Y   0.108   0.114   0.137
   66   V   0.107   0.161   0.136
   67   A   0.106   0.133   0.135
   68   W   0.105   0.122   0.134
   69   N   0.113   0.116   0.138
   70   E   0.141   0.106   0.153
# Measure  Position  Value    Cutoff   signal peptide?
  max. C    62       0.419
  max. Y    26       0.404
  max. S     7       0.939
  mean S     1-25    0.815
       D     1-25    0.626   0.450   YES
Name=VMA21_HUMAN_TRANSMEM1	SP='YES' Cleavage site between pos. 25 and 26: GLY-FT D=0.626 D-cutoff=0.450 Networks=SignalP-noTM
