# SignalP-4.1 euk predictions
# Name=VN1R1_HUMAN_TRANSMEM6	Length=70	Networks=SignalP-noTM
# pos  aa    C       S       Y
    1   R   0.103   0.817   0.290
    2   A   0.106   0.758   0.295
    3   T   0.100   0.790   0.285
    4   H   0.104   0.818   0.290
    5   T   0.101   0.818   0.287
    6   I   0.101   0.858   0.287
    7   M   0.102   0.885   0.288
    8   V   0.100   0.885   0.285
    9   L   0.102   0.870   0.290
   10   V   0.102   0.854   0.290
   11   S   0.099   0.881   0.286
   12   S   0.103   0.892   0.293
   13   F   0.097   0.904   0.284
   14   F   0.101   0.927   0.290
   15   V   0.102   0.944   0.293
   16   F   0.096   0.955   0.285
   17   Y   0.101   0.965   0.293
   18   S   0.103   0.963   0.297
   19   V   0.137   0.914   0.345
   20   H   0.102   0.919   0.298
   21   S   0.112   0.835   0.313
   22   F   0.656   0.680   0.758
   23   L   0.111   0.547   0.311
   24   T   0.111   0.567   0.308
   25   I   0.118   0.416   0.317
   26   W   0.102   0.370   0.291
   27   T   0.105   0.594   0.292
   28   T   0.116   0.395   0.305
   29   V   0.105   0.377   0.286
   30   V   0.100   0.505   0.274
   31   A   0.114   0.493   0.290
   32   N   0.376   0.184   0.521
   33   P   0.102   0.167   0.265
   34   G   0.119   0.139   0.280
   35   Q   0.107   0.125   0.259
   36   W   0.100   0.169   0.243
   37   I   0.110   0.145   0.247
   38   V   0.099   0.146   0.227
   39   T   0.100   0.127   0.220
   40   N   0.107   0.134   0.218
   41   S   0.101   0.161   0.203
   42   V   0.123   0.131   0.214
   43   L   0.102   0.126   0.185
   44   V   0.098   0.178   0.173
   45   A   0.101   0.135   0.168
   46   S   0.104   0.142   0.165
   47   C   0.107   0.131   0.162
   48   F   0.107   0.120   0.157
   49   P   0.106   0.127   0.152
   50   A   0.107   0.122   0.146
   51   R   0.096   0.113   0.133
   52   S   0.106   0.111   0.136
   53   P   0.105   0.116   0.128
   54   F   0.102   0.116   0.119
   55   V   0.104   0.107   0.119
   56   L   0.101   0.113   0.116
   57   I   0.108   0.102   0.119
   58   M   0.100   0.098   0.114
   59   S   0.107   0.099   0.117
   60   D   0.104   0.098   0.114
   61   T   0.107   0.097   0.115
   62   H   0.106   0.094   0.114
   63   I   0.100   0.095   0.109
   64   S   0.100   0.094   0.108
   65   Q   0.099   0.096   0.107
   66   F   0.098   0.099   0.106
   67   C   0.101   0.096   0.105
   68   F   0.098   0.097   0.103
   69   A   0.101   0.098   0.104
   70   C   0.112   0.096   0.109
# Measure  Position  Value    Cutoff   signal peptide?
  max. C    22       0.656
  max. Y    22       0.758
  max. S    17       0.965
  mean S     1-21    0.879
       D     1-21    0.823   0.450   YES
Name=VN1R1_HUMAN_TRANSMEM6	SP='YES' Cleavage site between pos. 21 and 22: VHS-FL D=0.823 D-cutoff=0.450 Networks=SignalP-noTM
