# SignalP-4.1 euk predictions
# Name=VN1R4_HUMAN_TRANSMEM2	Length=70	Networks=SignalP-TM
# pos  aa    C       S       Y
    1   L   0.102   0.619   0.251
    2   I   0.103   0.670   0.253
    3   V   0.101   0.657   0.251
    4   K   0.104   0.608   0.255
    5   H   0.102   0.561   0.252
    6   L   0.101   0.493   0.250
    7   I   0.104   0.496   0.252
    8   V   0.102   0.556   0.248
    9   A   0.101   0.568   0.246
   10   N   0.098   0.539   0.241
   11   F   0.101   0.595   0.244
   12   L   0.103   0.582   0.245
   13   A   0.101   0.593   0.243
   14   L   0.099   0.429   0.240
   15   R   0.102   0.356   0.241
   16   C   0.101   0.369   0.235
   17   K   0.110   0.319   0.241
   18   G   0.101   0.387   0.226
   19   V   0.242   0.248   0.344
   20   P   0.104   0.282   0.220
   21   Q   0.123   0.206   0.236
   22   T   0.106   0.175   0.214
   23   M   0.104   0.192   0.205
   24   A   0.104   0.213   0.198
   25   A   0.150   0.165   0.230
   26   F   0.108   0.124   0.187
   27   G   0.102   0.126   0.172
   28   V   0.102   0.121   0.162
   29   R   0.103   0.167   0.156
   30   Y   0.106   0.157   0.153
   31   F   0.100   0.156   0.144
   32   L   0.104   0.120   0.142
   33   N   0.106   0.130   0.136
   34   A   0.102   0.140   0.131
   35   L   0.101   0.130   0.126
   36   G   0.106   0.129   0.126
   37   C   0.105   0.104   0.125
   38   K   0.105   0.108   0.122
   39   L   0.100   0.135   0.116
   40   V   0.102   0.125   0.116
   41   F   0.101   0.097   0.115
   42   Y   0.102   0.110   0.115
   43   L   0.102   0.092   0.115
   44   H   0.102   0.073   0.112
   45   R   0.100   0.083   0.109
   46   V   0.104   0.094   0.108
   47   G   0.099   0.087   0.105
   48   R   0.098   0.101   0.103
   49   G   0.104   0.092   0.104
   50   V   0.112   0.067   0.107
   51   S   0.104   0.099   0.101
   52   I   0.106   0.104   0.102
   53   G   0.102   0.087   0.099
   54   T   0.101   0.099   0.097
   55   T   0.104   0.086   0.098
   56   C   0.101   0.076   0.096
   57   L   0.102   0.079   0.095
   58   L   0.100   0.085   0.093
   59   S   0.101   0.081   0.095
   60   V   0.103   0.060   0.095
   61   F   0.105   0.063   0.095
   62   Q   0.105   0.060   0.094
   63   V   0.102   0.072   0.091
   64   I   0.101   0.061   0.090
   65   T   0.104   0.099   0.091
   66   V   0.100   0.096   0.089
   67   S   0.099   0.104   0.088
   68   S   0.101   0.098   0.090
   69   R   0.101   0.083   0.090
   70   K   0.101   0.081   0.090
# Measure  Position  Value    Cutoff   signal peptide?
  max. C    19       0.242
  max. Y    19       0.344
  max. S     2       0.670
  mean S     1-18    0.522
       D     1-18    0.415   0.500   NO
Name=VN1R4_HUMAN_TRANSMEM2	SP='NO' D=0.415 D-cutoff=0.500 Networks=SignalP-TM
