# SignalP-4.1 euk predictions
# Name=XK_HUMAN_TRANSMEM9	Length=70	Networks=SignalP-noTM
# pos  aa    C       S       Y
    1   N   0.100   0.580   0.241
    2   W   0.100   0.680   0.240
    3   Y   0.102   0.695   0.244
    4   Q   0.101   0.629   0.244
    5   L   0.102   0.702   0.246
    6   L   0.100   0.666   0.245
    7   V   0.101   0.512   0.246
    8   Y   0.100   0.588   0.245
    9   Y   0.105   0.513   0.250
   10   M   0.097   0.488   0.241
   11   I   0.103   0.512   0.247
   12   R   0.100   0.614   0.243
   13   F   0.098   0.570   0.240
   14   I   0.099   0.592   0.241
   15   E   0.100   0.679   0.243
   16   N   0.102   0.817   0.246
   17   A   0.113   0.824   0.262
   18   I   0.124   0.551   0.276
   19   L   0.101   0.444   0.249
   20   L   0.108   0.404   0.256
   21   L   0.118   0.294   0.267
   22   L   0.104   0.393   0.247
   23   W   0.107   0.349   0.249
   24   Y   0.108   0.511   0.247
   25   L   0.103   0.470   0.241
   26   F   0.107   0.420   0.242
   27   K   0.097   0.650   0.229
   28   T   0.110   0.607   0.243
   29   D   0.144   0.488   0.278
   30   I   0.104   0.557   0.236
   31   Y   0.122   0.319   0.256
   32   M   0.096   0.393   0.224
   33   Y   0.127   0.213   0.257
   34   V   0.102   0.183   0.228
   35   C   0.097   0.345   0.217
   36   A   0.118   0.280   0.237
   37   P   0.126   0.201   0.241
   38   L   0.111   0.150   0.222
   39   L   0.105   0.167   0.208
   40   V   0.099   0.216   0.194
   41   L   0.102   0.267   0.193
   42   Q   0.107   0.227   0.196
   43   L   0.110   0.275   0.196
   44   L   0.110   0.302   0.196
   45   I   0.104   0.395   0.190
   46   G   0.097   0.546   0.184
   47   Y   0.113   0.490   0.199
   48   C   0.098   0.454   0.185
   49   T   0.110   0.437   0.197
   50   A   0.104   0.594   0.188
   51   I   0.746   0.138   0.504
   52   L   0.098   0.141   0.178
   53   F   0.100   0.134   0.175
   54   M   0.101   0.122   0.173
   55   L   0.106   0.109   0.174
   56   V   0.099   0.114   0.167
   57   F   0.105   0.102   0.171
   58   Y   0.108   0.096   0.170
   59   Q   0.118   0.097   0.175
   60   F   0.103   0.093   0.162
   61   F   0.106   0.089   0.163
   62   H   0.101   0.092   0.158
   63   P   0.097   0.096   0.153
   64   C   0.107   0.096   0.158
   65   K   0.101   0.096   0.152
   66   K   0.096   0.098   0.145
   67   L   0.142   0.097   0.173
   68   F   0.093   0.099   0.136
   69   S   0.099   0.100   0.132
   70   S   0.106   0.105   0.130
# Measure  Position  Value    Cutoff   signal peptide?
  max. C    51       0.746
  max. Y    51       0.504
  max. S    17       0.824
  mean S     1-50    0.465
       D     1-50    0.483   0.450   YES
Name=XK_HUMAN_TRANSMEM9	SP='YES' Cleavage site between pos. 50 and 51: CTA-IL D=0.483 D-cutoff=0.450 Networks=SignalP-noTM
