# SignalP-4.1 euk predictions
# Name=XPR1_HUMAN_TRANSMEM4	Length=70	Networks=SignalP-TM
# pos  aa    C       S       Y
    1   V   0.102   0.246   0.158
    2   I   0.102   0.285   0.158
    3   P   0.103   0.251   0.160
    4   T   0.101   0.257   0.159
    5   Y   0.104   0.250   0.161
    6   V   0.103   0.200   0.160
    7   Y   0.099   0.144   0.156
    8   P   0.103   0.121   0.157
    9   L   0.101   0.128   0.153
   10   A   0.106   0.125   0.153
   11   L   0.099   0.121   0.146
   12   Y   0.103   0.058   0.145
   13   G   0.099   0.058   0.137
   14   F   0.101   0.062   0.134
   15   M   0.104   0.044   0.131
   16   V   0.102   0.058   0.124
   17   F   0.103   0.046   0.117
   18   F   0.102   0.047   0.110
   19   L   0.101   0.037   0.103
   20   I   0.103   0.035   0.096
   21   N   0.099   0.042   0.087
   22   P   0.102   0.054   0.084
   23   T   0.109   0.058   0.084
   24   K   0.104   0.068   0.079
   25   T   0.104   0.114   0.077
   26   F   0.511   0.052   0.169
   27   Y   0.106   0.062   0.076
   28   Y   0.124   0.066   0.083
   29   K   0.101   0.064   0.075
   30   S   0.101   0.074   0.076
   31   R   0.103   0.057   0.077
   32   F   0.103   0.100   0.078
   33   W   0.100   0.141   0.080
   34   L   0.100   0.097   0.084
   35   L   0.099   0.089   0.086
   36   K   0.102   0.052   0.089
   37   L   0.104   0.059   0.090
   38   L   0.103   0.080   0.090
   39   F   0.103   0.092   0.090
   40   R   0.104   0.090   0.090
   41   V   0.101   0.116   0.090
   42   F   0.101   0.118   0.092
   43   T   0.103   0.139   0.095
   44   A   0.108   0.099   0.100
   45   P   0.097   0.117   0.096
   46   F   0.107   0.119   0.103
   47   H   0.096   0.143   0.098
   48   K   0.099   0.139   0.100
   49   V   0.102   0.140   0.103
   50   G   0.099   0.131   0.103
   51   F   0.099   0.165   0.106
   52   A   0.107   0.162   0.113
   53   D   0.106   0.124   0.115
   54   F   0.102   0.148   0.115
   55   W   0.099   0.158   0.115
   56   L   0.107   0.134   0.120
   57   A   0.105   0.146   0.120
   58   D   0.101   0.139   0.118
   59   Q   0.103   0.153   0.120
   60   L   0.100   0.142   0.119
   61   N   0.103   0.137   0.122
   62   S   0.104   0.154   0.123
   63   L   0.100   0.131   0.121
   64   S   0.102   0.131   0.121
   65   V   0.099   0.135   0.120
   66   I   0.101   0.121   0.120
   67   L   0.101   0.137   0.119
   68   M   0.101   0.118   0.119
   69   D   0.103   0.094   0.119
   70   L   0.100   0.087   0.116
# Measure  Position  Value    Cutoff   signal peptide?
  max. C    26       0.511
  max. Y    26       0.169
  max. S     2       0.285
  mean S     1-25    0.116
       D     1-25    0.148   0.500   NO
Name=XPR1_HUMAN_TRANSMEM4	SP='NO' D=0.148 D-cutoff=0.500 Networks=SignalP-TM
