# SignalP-4.1 euk predictions
# Name=YIPF4_HUMAN_TRANSMEM1	Length=70	Networks=SignalP-noTM
# pos  aa    C       S       Y
    1   V   0.100   0.578   0.241
    2   R   0.100   0.742   0.241
    3   D   0.106   0.713   0.249
    4   N   0.099   0.734   0.242
    5   P   0.102   0.749   0.248
    6   D   0.105   0.747   0.252
    7   F   0.101   0.615   0.250
    8   W   0.103   0.663   0.252
    9   G   0.101   0.651   0.250
   10   P   0.099   0.611   0.249
   11   L   0.105   0.651   0.257
   12   A   0.108   0.693   0.260
   13   V   0.094   0.719   0.244
   14   V   0.101   0.671   0.254
   15   L   0.102   0.645   0.256
   16   F   0.103   0.666   0.258
   17   F   0.101   0.621   0.257
   18   S   0.103   0.560   0.259
   19   M   0.102   0.591   0.257
   20   I   0.101   0.614   0.257
   21   S   0.101   0.629   0.257
   22   L   0.103   0.724   0.260
   23   Y   0.106   0.638   0.265
   24   G   0.130   0.592   0.294
   25   Q   0.207   0.467   0.369
   26   F   0.126   0.482   0.286
   27   R   0.192   0.571   0.350
   28   V   0.109   0.473   0.261
   29   V   0.103   0.451   0.251
   30   S   0.102   0.530   0.250
   31   W   0.131   0.322   0.281
   32   I   0.154   0.328   0.301
   33   I   0.107   0.258   0.247
   34   T   0.100   0.410   0.236
   35   I   0.102   0.599   0.235
   36   W   0.100   0.783   0.231
   37   I   0.100   0.814   0.233
   38   F   0.100   0.850   0.234
   39   G   0.097   0.907   0.233
   40   S   0.103   0.790   0.243
   41   L   0.109   0.830   0.252
   42   T   0.113   0.866   0.259
   43   I   0.150   0.804   0.301
   44   F   0.103   0.868   0.252
   45   L   0.109   0.821   0.260
   46   L   0.104   0.870   0.256
   47   A   0.112   0.842   0.268
   48   R   0.363   0.508   0.489
   49   V   0.105   0.754   0.263
   50   L   0.109   0.605   0.270
   51   G   0.104   0.701   0.265
   52   G   0.371   0.197   0.504
   53   E   0.162   0.126   0.329
   54   V   0.102   0.140   0.259
   55   A   0.106   0.120   0.263
   56   Y   0.104   0.112   0.259
   57   G   0.102   0.103   0.253
   58   Q   0.143   0.098   0.295
   59   V   0.105   0.095   0.246
   60   L   0.101   0.095   0.235
   61   G   0.099   0.096   0.225
   62   V   0.108   0.098   0.227
   63   I   0.111   0.098   0.222
   64   G   0.108   0.096   0.210
   65   Y   0.098   0.094   0.191
   66   S   0.106   0.093   0.191
   67   L   0.103   0.092   0.178
   68   L   0.102   0.097   0.167
   69   P   0.099   0.097   0.154
   70   L   0.106   0.095   0.147
# Measure  Position  Value    Cutoff   signal peptide?
  max. C    52       0.371
  max. Y    52       0.504
  max. S    39       0.907
  mean S     1-51    0.653
       D     1-51    0.585   0.450   YES
Name=YIPF4_HUMAN_TRANSMEM1	SP='YES' Cleavage site between pos. 51 and 52: VLG-GE D=0.585 D-cutoff=0.450 Networks=SignalP-noTM
