# SignalP-4.1 euk predictions
# Name=ZDHC5_HUMAN_TRANSMEM1	Length=70	Networks=SignalP-TM
# pos  aa    C       S       Y
    1   F   0.101   0.243   0.156
    2   K   0.101   0.345   0.157
    3   P   0.102   0.261   0.160
    4   S   0.103   0.237   0.161
    5   K   0.101   0.284   0.160
    6   Y   0.102   0.222   0.161
    7   V   0.099   0.223   0.158
    8   P   0.102   0.271   0.160
    9   V   0.103   0.260   0.161
   10   S   0.103   0.248   0.162
   11   A   0.105   0.186   0.164
   12   A   0.100   0.121   0.158
   13   A   0.099   0.130   0.155
   14   I   0.099   0.118   0.152
   15   F   0.103   0.103   0.152
   16   L   0.103   0.103   0.149
   17   V   0.104   0.109   0.143
   18   G   0.104   0.122   0.139
   19   A   0.102   0.157   0.135
   20   T   0.133   0.145   0.150
   21   T   0.108   0.123   0.133
   22   L   0.116   0.107   0.135
   23   F   0.106   0.155   0.124
   24   F   0.107   0.155   0.121
   25   A   0.107   0.194   0.119
   26   F   0.128   0.181   0.130
   27   T   0.105   0.204   0.119
   28   C   0.131   0.156   0.136
   29   P   0.102   0.153   0.121
   30   G   0.108   0.216   0.126
   31   L   0.116   0.122   0.134
   32   S   0.101   0.125   0.126
   33   L   0.135   0.111   0.145
   34   Y   0.108   0.057   0.129
   35   V   0.110   0.058   0.127
   36   S   0.105   0.082   0.123
   37   P   0.103   0.085   0.121
   38   A   0.113   0.103   0.124
   39   V   0.110   0.097   0.121
   40   P   0.104   0.060   0.114
   41   I   0.112   0.070   0.114
   42   Y   0.100   0.087   0.104
   43   N   0.103   0.111   0.102
   44   A   0.103   0.088   0.101
   45   I   0.097   0.077   0.093
   46   M   0.104   0.079   0.095
   47   F   0.100   0.051   0.091
   48   L   0.105   0.069   0.091
   49   F   0.103   0.109   0.091
   50   V   0.104   0.122   0.093
   51   L   0.106   0.114   0.096
   52   A   0.106   0.134   0.097
   53   N   0.104   0.137   0.097
   54   F   0.105   0.134   0.099
   55   S   0.101   0.135   0.100
   56   M   0.102   0.146   0.103
   57   A   0.103   0.193   0.105
   58   T   0.108   0.131   0.111
   59   F   0.101   0.115   0.109
   60   M   0.105   0.107   0.112
   61   D   0.113   0.087   0.117
   62   P   0.101   0.088   0.112
   63   G   0.102   0.088   0.113
   64   I   0.099   0.098   0.111
   65   F   0.102   0.109   0.112
   66   P   0.101   0.111   0.111
   67   R   0.104   0.111   0.112
   68   A   0.103   0.112   0.110
   69   E   0.101   0.107   0.108
   70   E   0.104   0.106   0.109
# Measure  Position  Value    Cutoff   signal peptide?
  max. C    33       0.135
  max. Y    11       0.164
  max. S     2       0.345
  mean S     1-10    0.259
       D     1-10    0.202   0.500   NO
Name=ZDHC5_HUMAN_TRANSMEM1	SP='NO' D=0.202 D-cutoff=0.500 Networks=SignalP-TM
