# SignalP-4.1 euk predictions
# Name=ZFY27_HUMAN_TRANSMEM1	Length=70	Networks=SignalP-noTM
# pos  aa    C       S       Y
    1   R   0.100   0.885   0.298
    2   Y   0.105   0.899   0.305
    3   L   0.102   0.895   0.301
    4   L   0.101   0.916   0.300
    5   R   0.104   0.906   0.304
    6   W   0.104   0.912   0.305
    7   Q   0.100   0.927   0.298
    8   M   0.103   0.937   0.303
    9   P   0.105   0.938   0.306
   10   L   0.099   0.943   0.298
   11   C   0.099   0.943   0.299
   12   S   0.101   0.939   0.302
   13   L   0.097   0.948   0.296
   14   L   0.096   0.946   0.295
   15   T   0.099   0.950   0.300
   16   C   0.103   0.959   0.307
   17   L   0.103   0.941   0.307
   18   G   0.098   0.952   0.300
   19   L   0.416   0.813   0.619
   20   N   0.106   0.818   0.312
   21   V   0.104   0.733   0.309
   22   L   0.105   0.794   0.308
   23   F   0.117   0.746   0.325
   24   L   0.115   0.687   0.322
   25   T   0.115   0.698   0.320
   26   L   0.119   0.619   0.323
   27   N   0.103   0.628   0.298
   28   E   0.105   0.725   0.300
   29   G   0.101   0.682   0.292
   30   A   0.197   0.272   0.405
   31   W   0.103   0.198   0.288
   32   Y   0.126   0.180   0.311
   33   S   0.130   0.127   0.309
   34   V   0.099   0.149   0.264
   35   G   0.102   0.266   0.260
   36   A   0.133   0.173   0.289
   37   L   0.180   0.114   0.328
   38   M   0.108   0.131   0.245
   39   I   0.108   0.129   0.237
   40   S   0.101   0.149   0.221
   41   V   0.101   0.138   0.212
   42   P   0.105   0.184   0.209
   43   A   0.110   0.278   0.206
   44   L   0.101   0.227   0.192
   45   L   0.108   0.345   0.192
   46   G   0.102   0.317   0.182
   47   Y   0.126   0.164   0.196
   48   L   0.103   0.183   0.171
   49   Q   0.110   0.161   0.170
   50   E   0.111   0.165   0.163
   51   V   0.103   0.108   0.149
   52   C   0.099   0.119   0.137
   53   R   0.107   0.134   0.140
   54   A   0.120   0.125   0.146
   55   R   0.191   0.109   0.184
   56   L   0.104   0.111   0.135
   57   P   0.095   0.109   0.129
   58   D   0.101   0.103   0.130
   59   S   0.105   0.107   0.131
   60   E   0.102   0.106   0.129
   61   L   0.102   0.109   0.128
   62   M   0.106   0.103   0.131
   63   R   0.098   0.108   0.125
   64   R   0.107   0.107   0.130
   65   K   0.104   0.106   0.126
   66   Y   0.106   0.101   0.124
   67   H   0.104   0.103   0.121
   68   S   0.102   0.104   0.115
   69   V   0.100   0.103   0.110
   70   R   0.103   0.103   0.110
# Measure  Position  Value    Cutoff   signal peptide?
  max. C    19       0.416
  max. Y    19       0.619
  max. S    16       0.959
  mean S     1-18    0.930
       D     1-18    0.787   0.450   YES
Name=ZFY27_HUMAN_TRANSMEM1	SP='YES' Cleavage site between pos. 18 and 19: CLG-LN D=0.787 D-cutoff=0.450 Networks=SignalP-noTM
