# SignalP-4.1 euk predictions
# Name=ZNT9_HUMAN_TRANSMEM4	Length=70	Networks=SignalP-noTM
# pos  aa    C       S       Y
    1   D   0.102   0.340   0.186
    2   P   0.101   0.315   0.185
    3   S   0.103   0.238   0.186
    4   T   0.102   0.341   0.184
    5   N   0.102   0.340   0.185
    6   V   0.098   0.386   0.181
    7   I   0.098   0.409   0.182
    8   L   0.104   0.460   0.187
    9   L   0.100   0.444   0.186
   10   E   0.101   0.431   0.188
   11   D   0.105   0.415   0.193
   12   T   0.104   0.402   0.193
   13   A   0.108   0.347   0.197
   14   A   0.099   0.315   0.189
   15   V   0.098   0.297   0.187
   16   L   0.096   0.316   0.186
   17   G   0.100   0.301   0.189
   18   V   0.206   0.289   0.270
   19   I   0.104   0.239   0.191
   20   I   0.104   0.273   0.190
   21   A   0.101   0.214   0.187
   22   A   0.145   0.179   0.221
   23   T   0.110   0.171   0.191
   24   C   0.102   0.195   0.182
   25   M   0.113   0.179   0.189
   26   G   0.106   0.193   0.183
   27   L   0.148   0.156   0.214
   28   T   0.100   0.233   0.174
   29   S   0.113   0.234   0.182
   30   I   0.141   0.158   0.200
   31   T   0.127   0.144   0.186
   32   G   0.107   0.172   0.166
   33   N   0.283   0.125   0.264
   34   P   0.107   0.119   0.158
   35   L   0.102   0.127   0.150
   36   Y   0.104   0.135   0.148
   37   D   0.097   0.123   0.140
   38   S   0.101   0.124   0.140
   39   L   0.102   0.139   0.138
   40   G   0.104   0.135   0.136
   41   S   0.105   0.130   0.134
   42   L   0.100   0.139   0.129
   43   G   0.100   0.116   0.127
   44   V   0.097   0.112   0.123
   45   G   0.104   0.133   0.126
   46   T   0.101   0.110   0.123
   47   L   0.102   0.113   0.122
   48   L   0.103   0.136   0.122
   49   G   0.100   0.143   0.119
   50   M   0.100   0.162   0.119
   51   V   0.105   0.121   0.120
   52   S   0.103   0.127   0.117
   53   A   0.107   0.127   0.118
   54   F   0.295   0.110   0.196
   55   L   0.102   0.109   0.114
   56   I   0.103   0.096   0.115
   57   Y   0.098   0.095   0.111
   58   T   0.104   0.096   0.113
   59   N   0.103   0.098   0.113
   60   T   0.103   0.108   0.112
   61   E   0.116   0.100   0.118
   62   A   0.103   0.099   0.111
   63   L   0.179   0.095   0.145
   64   L   0.102   0.099   0.109
   65   G   0.100   0.100   0.106
   66   R   0.113   0.102   0.113
   67   S   0.111   0.103   0.112
   68   I   0.105   0.099   0.108
   69   Q   0.098   0.096   0.104
   70   P   0.098   0.100   0.104
# Measure  Position  Value    Cutoff   signal peptide?
  max. C    54       0.295
  max. Y    18       0.270
  max. S     8       0.460
  mean S     1-17    0.359
       D     1-17    0.318   0.450   NO
Name=ZNT9_HUMAN_TRANSMEM4	SP='NO' D=0.318 D-cutoff=0.450 Networks=SignalP-noTM
