# SignalP-4.1 euk predictions
# Name=2A5G_HUMAN	Length=70	Networks=SignalP-TM
# pos  aa    C       S       Y
    1   M   0.101   0.121   0.111
    2   L   0.102   0.109   0.111
    3   T   0.102   0.101   0.111
    4   C   0.102   0.104   0.110
    5   N   0.103   0.096   0.110
    6   K   0.101   0.104   0.108
    7   A   0.102   0.112   0.108
    8   G   0.100   0.130   0.107
    9   S   0.099   0.125   0.107
   10   R   0.099   0.113   0.107
   11   M   0.103   0.115   0.108
   12   V   0.100   0.112   0.107
   13   V   0.100   0.123   0.106
   14   D   0.106   0.155   0.110
   15   A   0.102   0.145   0.109
   16   A   0.112   0.126   0.115
   17   N   0.098   0.110   0.108
   18   S   0.102   0.108   0.110
   19   N   0.111   0.110   0.115
   20   G   0.102   0.114   0.111
   21   P   0.100   0.111   0.110
   22   F   0.105   0.096   0.113
   23   Q   0.101   0.105   0.110
   24   P   0.104   0.100   0.110
   25   V   0.102   0.096   0.109
   26   V   0.104   0.102   0.110
   27   L   0.104   0.107   0.109
   28   L   0.108   0.100   0.110
   29   H   0.102   0.104   0.106
   30   I   0.104   0.106   0.105
   31   R   0.102   0.098   0.103
   32   D   0.105   0.104   0.104
   33   V   0.103   0.102   0.103
   34   P   0.103   0.116   0.103
   35   P   0.105   0.171   0.104
   36   A   0.105   0.142   0.106
   37   D   0.099   0.130   0.105
   38   Q   0.102   0.136   0.107
   39   E   0.141   0.118   0.128
   40   K   0.100   0.115   0.108
   41   L   0.101   0.111   0.109
   42   F   0.102   0.115   0.110
   43   I   0.103   0.106   0.111
   44   Q   0.104   0.102   0.111
   45   K   0.105   0.090   0.112
   46   L   0.104   0.098   0.111
   47   R   0.104   0.095   0.111
   48   Q   0.102   0.082   0.110
   49   C   0.102   0.084   0.108
   50   C   0.099   0.082   0.104
   51   V   0.102   0.079   0.103
   52   L   0.100   0.078   0.101
   53   F   0.100   0.078   0.099
   54   D   0.095   0.083   0.095
   55   F   0.102   0.085   0.097
   56   V   0.100   0.086   0.095
   57   S   0.100   0.086   0.094
   58   D   0.101   0.080   0.093
   59   P   0.099   0.078   0.092
   60   L   0.101   0.084   0.092
   61   S   0.101   0.102   0.092
   62   D   0.097   0.099   0.090
   63   L   0.100   0.100   0.092
   64   K   0.102   0.102   0.093
   65   W   0.100   0.101   0.093
   66   K   0.102   0.099   0.095
   67   E   0.100   0.098   0.095
   68   V   0.102   0.101   0.097
   69   K   0.099   0.098   0.096
   70   R   0.101   0.096   0.098
# Measure  Position  Value    Cutoff   signal peptide?
  max. C    39       0.141
  max. Y    39       0.128
  max. S    35       0.171
  mean S     1-38    0.115
       D     1-38    0.122   0.500   NO
Name=2A5G_HUMAN	SP='NO' D=0.122 D-cutoff=0.500 Networks=SignalP-TM
