# SignalP-4.1 euk predictions
# Name=A2012_HUMAN	Length=70	Networks=SignalP-noTM
# pos  aa    C       S       Y
    1   M   0.102   0.093   0.097
    2   K   0.101   0.087   0.097
    3   E   0.100   0.103   0.096
    4   M   0.102   0.093   0.097
    5   Y   0.102   0.103   0.097
    6   E   0.102   0.110   0.097
    7   N   0.103   0.111   0.098
    8   A   0.102   0.111   0.099
    9   E   0.094   0.131   0.095
   10   D   0.103   0.113   0.100
   11   K   0.098   0.110   0.098
   12   V   0.101   0.100   0.100
   13   N   0.101   0.088   0.100
   14   N   0.103   0.096   0.101
   15   S   0.101   0.101   0.100
   16   T   0.103   0.103   0.101
   17   G   0.104   0.103   0.102
   18   K   0.092   0.098   0.096
   19   W   0.099   0.095   0.100
   20   S   0.098   0.097   0.100
   21   C   0.097   0.090   0.099
   22   V   0.099   0.100   0.100
   23   E   0.100   0.101   0.101
   24   E   0.098   0.098   0.100
   25   R   0.100   0.100   0.101
   26   I   0.107   0.095   0.104
   27   C   0.103   0.093   0.103
   28   H   0.098   0.097   0.100
   29   L   0.101   0.097   0.101
   30   Q   0.106   0.095   0.103
   31   H   0.106   0.098   0.103
   32   E   0.100   0.098   0.099
   33   N   0.101   0.096   0.100
   34   P   0.098   0.098   0.098
   35   C   0.104   0.100   0.100
   36   I   0.101   0.097   0.099
   37   E   0.099   0.099   0.098
   38   Q   0.097   0.103   0.097
   39   Q   0.097   0.105   0.097
   40   L   0.098   0.116   0.098
   41   D   0.102   0.114   0.100
   42   D   0.099   0.116   0.099
   43   V   0.103   0.111   0.102
   44   H   0.099   0.111   0.100
   45   Q   0.103   0.111   0.103
   46   K   0.099   0.108   0.100
   47   E   0.097   0.103   0.100
   48   D   0.103   0.105   0.103
   49   H   0.095   0.102   0.099
   50   K   0.100   0.107   0.102
   51   E   0.100   0.106   0.102
   52   I   0.099   0.100   0.102
   53   V   0.097   0.104   0.101
   54   T   0.106   0.093   0.105
   55   N   0.100   0.087   0.102
   56   I   0.102   0.094   0.103
   57   Q   0.099   0.083   0.101
   58   R   0.109   0.096   0.106
   59   G   0.103   0.099   0.103
   60   F   0.100   0.101   0.102
   61   I   0.109   0.099   0.106
   62   E   0.102   0.099   0.102
   63   S   0.101   0.098   0.101
   64   G   0.098   0.101   0.100
   65   K   0.097   0.100   0.099
   66   K   0.102   0.099   0.101
   67   D   0.097   0.098   0.098
   68   L   0.098   0.098   0.099
   69   M   0.102   0.099   0.100
   70   L   0.107   0.100   0.102
# Measure  Position  Value    Cutoff   signal peptide?
  max. C    58       0.109
  max. Y    58       0.106
  max. S     9       0.131
  mean S     1-57    0.101
       D     1-57    0.104   0.450   NO
Name=A2012_HUMAN	SP='NO' D=0.104 D-cutoff=0.450 Networks=SignalP-noTM
