# SignalP-4.1 euk predictions
# Name=A30BL_HUMAN	Length=70	Networks=SignalP-TM
# pos  aa    C       S       Y
    1   M   0.102   0.078   0.090
    2   E   0.102   0.076   0.089
    3   R   0.102   0.078   0.089
    4   L   0.103   0.093   0.090
    5   S   0.105   0.103   0.091
    6   A   0.102   0.093   0.091
    7   A   0.103   0.097   0.092
    8   P   0.099   0.092   0.091
    9   V   0.102   0.095   0.093
   10   K   0.102   0.098   0.093
   11   G   0.106   0.104   0.096
   12   Q   0.102   0.067   0.095
   13   T   0.102   0.086   0.095
   14   G   0.102   0.097   0.095
   15   P   0.100   0.091   0.095
   16   E   0.102   0.087   0.096
   17   R   0.101   0.092   0.096
   18   P   0.102   0.087   0.097
   19   S   0.102   0.100   0.097
   20   P   0.100   0.101   0.096
   21   F   0.104   0.101   0.098
   22   S   0.104   0.102   0.098
   23   Q   0.102   0.104   0.098
   24   L   0.102   0.108   0.098
   25   V   0.103   0.105   0.099
   26   Y   0.104   0.104   0.099
   27   T   0.103   0.097   0.100
   28   N   0.100   0.092   0.099
   29   N   0.105   0.090   0.102
   30   D   0.101   0.087   0.100
   31   S   0.099   0.091   0.098
   32   Y   0.103   0.086   0.100
   33   V   0.101   0.089   0.099
   34   I   0.101   0.093   0.099
   35   H   0.101   0.101   0.099
   36   H   0.098   0.098   0.097
   37   G   0.103   0.101   0.099
   38   D   0.102   0.109   0.099
   39   L   0.100   0.108   0.098
   40   R   0.099   0.107   0.098
   41   K   0.103   0.109   0.100
   42   I   0.105   0.099   0.101
   43   H   0.104   0.098   0.101
   44   K   0.106   0.103   0.102
   45   A   0.105   0.102   0.102
   46   A   0.100   0.103   0.100
   47   S   0.098   0.105   0.100
   48   R   0.100   0.104   0.101
   49   G   0.103   0.113   0.103
   50   Q   0.102   0.111   0.103
   51   A   0.104   0.110   0.105
   52   W   0.097   0.110   0.101
   53   K   0.105   0.107   0.105
   54   L   0.099   0.108   0.102
   55   E   0.101   0.106   0.104
   56   R   0.103   0.103   0.104
   57   M   0.106   0.104   0.106
   58   M   0.102   0.103   0.104
   59   K   0.103   0.103   0.105
   60   K   0.102   0.104   0.104
   61   T   0.102   0.103   0.104
   62   T   0.105   0.102   0.106
   63   M   0.104   0.101   0.105
   64   D   0.101   0.101   0.103
   65   L   0.102   0.101   0.104
   66   N   0.103   0.103   0.104
   67   I   0.102   0.102   0.103
   68   R   0.105   0.101   0.104
   69   D   0.104   0.101   0.104
   70   A   0.103   0.103   0.103
# Measure  Position  Value    Cutoff   signal peptide?
  max. C    44       0.106
  max. Y    62       0.106
  max. S    49       0.113
  mean S     1-61    0.098
       D     1-61    0.103   0.500   NO
Name=A30BL_HUMAN	SP='NO' D=0.103 D-cutoff=0.500 Networks=SignalP-TM
