# SignalP-4.1 euk predictions
# Name=ABCAB_HUMAN	Length=70	Networks=SignalP-TM
# pos  aa    C       S       Y
    1   M   0.101   0.092   0.097
    2   K   0.101   0.110   0.097
    3   Y   0.102   0.106   0.098
    4   G   0.102   0.098   0.098
    5   N   0.100   0.104   0.098
    6   E   0.103   0.093   0.099
    7   I   0.100   0.093   0.098
    8   M   0.101   0.092   0.098
    9   N   0.101   0.093   0.098
   10   K   0.100   0.090   0.098
   11   D   0.101   0.065   0.098
   12   P   0.105   0.068   0.099
   13   V   0.103   0.073   0.097
   14   F   0.101   0.087   0.096
   15   R   0.105   0.096   0.097
   16   I   0.102   0.102   0.096
   17   S   0.102   0.099   0.096
   18   P   0.100   0.101   0.095
   19   R   0.101   0.108   0.095
   20   S   0.102   0.103   0.096
   21   R   0.099   0.110   0.095
   22   G   0.103   0.125   0.097
   23   T   0.106   0.113   0.100
   24   H   0.101   0.113   0.098
   25   T   0.101   0.111   0.099
   26   N   0.106   0.112   0.103
   27   P   0.100   0.113   0.102
   28   E   0.102   0.107   0.104
   29   E   0.103   0.107   0.106
   30   P   0.102   0.117   0.105
   31   E   0.102   0.115   0.106
   32   E   0.102   0.114   0.107
   33   D   0.103   0.122   0.107
   34   V   0.104   0.114   0.109
   35   Q   0.105   0.110   0.109
   36   A   0.106   0.106   0.110
   37   E   0.100   0.114   0.106
   38   R   0.106   0.107   0.109
   39   V   0.104   0.102   0.108
   40   Q   0.104   0.105   0.108
   41   A   0.107   0.104   0.109
   42   A   0.098   0.102   0.104
   43   N   0.102   0.102   0.106
   44   A   0.105   0.099   0.107
   45   L   0.099   0.103   0.103
   46   T   0.107   0.097   0.107
   47   T   0.101   0.098   0.104
   48   P   0.105   0.097   0.105
   49   N   0.102   0.094   0.103
   50   L   0.102   0.087   0.102
   51   E   0.104   0.092   0.102
   52   E   0.101   0.098   0.100
   53   E   0.102   0.097   0.100
   54   P   0.102   0.100   0.100
   55   V   0.105   0.098   0.101
   56   I   0.106   0.098   0.102
   57   T   0.103   0.100   0.100
   58   A   0.102   0.101   0.099
   59   S   0.101   0.104   0.099
   60   C   0.101   0.106   0.099
   61   L   0.100   0.105   0.099
   62   H   0.102   0.107   0.100
   63   K   0.101   0.105   0.100
   64   E   0.103   0.106   0.101
   65   Y   0.103   0.107   0.102
   66   Y   0.102   0.105   0.102
   67   E   0.099   0.106   0.101
   68   T   0.100   0.107   0.102
   69   K   0.101   0.107   0.102
   70   K   0.102   0.105   0.104
# Measure  Position  Value    Cutoff   signal peptide?
  max. C    41       0.107
  max. Y    36       0.110
  max. S    22       0.125
  mean S     1-35    0.102
       D     1-35    0.107   0.500   NO
Name=ABCAB_HUMAN	SP='NO' D=0.107 D-cutoff=0.500 Networks=SignalP-TM
