# SignalP-4.1 euk predictions
# Name=ACKMT_HUMAN	Length=70	Networks=SignalP-TM
# pos  aa    C       S       Y
    1   M   0.102   0.085   0.093
    2   E   0.102   0.092   0.093
    3   G   0.103   0.081   0.094
    4   G   0.101   0.079   0.093
    5   G   0.102   0.076   0.093
    6   G   0.101   0.076   0.092
    7   I   0.102   0.075   0.092
    8   P   0.103   0.076   0.092
    9   L   0.102   0.078   0.092
   10   E   0.102   0.077   0.091
   11   T   0.104   0.093   0.092
   12   L   0.104   0.083   0.092
   13   K   0.102   0.097   0.091
   14   E   0.100   0.094   0.091
   15   E   0.103   0.091   0.093
   16   S   0.103   0.087   0.093
   17   Q   0.102   0.087   0.092
   18   S   0.101   0.090   0.092
   19   R   0.104   0.091   0.093
   20   H   0.100   0.096   0.093
   21   V   0.099   0.097   0.093
   22   L   0.101   0.101   0.094
   23   P   0.104   0.104   0.097
   24   A   0.102   0.111   0.097
   25   S   0.100   0.115   0.097
   26   F   0.101   0.108   0.099
   27   E   0.099   0.104   0.098
   28   V   0.102   0.107   0.100
   29   N   0.100   0.106   0.100
   30   S   0.106   0.111   0.103
   31   L   0.100   0.122   0.101
   32   Q   0.104   0.122   0.104
   33   K   0.102   0.148   0.104
   34   S   0.100   0.133   0.105
   35   N   0.100   0.157   0.107
   36   W   0.104   0.137   0.111
   37   G   0.107   0.129   0.114
   38   F   0.100   0.119   0.110
   39   L   0.103   0.111   0.112
   40   L   0.102   0.076   0.112
   41   T   0.102   0.060   0.111
   42   G   0.102   0.054   0.109
   43   L   0.102   0.052   0.107
   44   V   0.104   0.052   0.107
   45   G   0.105   0.039   0.105
   46   G   0.103   0.034   0.101
   47   T   0.106   0.046   0.099
   48   L   0.106   0.037   0.095
   49   V   0.105   0.042   0.091
   50   A   0.101   0.035   0.085
   51   V   0.099   0.058   0.079
   52   Y   0.103   0.052   0.077
   53   A   0.103   0.057   0.074
   54   V   0.109   0.080   0.074
   55   A   0.101   0.083   0.071
   56   T   0.109   0.094   0.075
   57   P   0.101   0.122   0.074
   58   F   0.107   0.121   0.080
   59   V   0.103   0.129   0.081
   60   T   0.103   0.128   0.085
   61   P   0.105   0.129   0.090
   62   A   0.107   0.154   0.094
   63   L   0.100   0.138   0.096
   64   R   0.105   0.137   0.102
   65   K   0.103   0.117   0.105
   66   V   0.104   0.107   0.107
   67   C   0.104   0.103   0.109
   68   L   0.104   0.101   0.111
   69   P   0.103   0.100   0.111
   70   F   0.104   0.097   0.112
# Measure  Position  Value    Cutoff   signal peptide?
  max. C    54       0.109
  max. Y    37       0.114
  max. S    35       0.157
  mean S     1-36    0.100
       D     1-36    0.108   0.500   NO
Name=ACKMT_HUMAN	SP='NO' D=0.108 D-cutoff=0.500 Networks=SignalP-TM
