# SignalP-4.1 euk predictions
# Name=ACYP2_HUMAN	Length=70	Networks=SignalP-TM
# pos  aa    C       S       Y
    1   M   0.101   0.096   0.099
    2   S   0.102   0.105   0.099
    3   T   0.103   0.104   0.100
    4   A   0.104   0.099   0.101
    5   Q   0.101   0.083   0.099
    6   S   0.102   0.080   0.099
    7   L   0.099   0.082   0.097
    8   K   0.102   0.079   0.098
    9   S   0.101   0.085   0.097
   10   V   0.100   0.082   0.096
   11   D   0.102   0.079   0.097
   12   Y   0.104   0.052   0.097
   13   E   0.099   0.071   0.093
   14   V   0.102   0.083   0.093
   15   F   0.101   0.074   0.093
   16   G   0.103   0.071   0.092
   17   R   0.100   0.078   0.090
   18   V   0.106   0.092   0.091
   19   Q   0.102   0.095   0.089
   20   G   0.102   0.104   0.090
   21   V   0.122   0.101   0.099
   22   C   0.105   0.110   0.093
   23   F   0.105   0.106   0.094
   24   R   0.098   0.111   0.092
   25   M   0.102   0.107   0.095
   26   Y   0.105   0.104   0.097
   27   T   0.100   0.109   0.097
   28   E   0.101   0.110   0.098
   29   D   0.102   0.107   0.100
   30   E   0.103   0.105   0.102
   31   A   0.102   0.104   0.102
   32   R   0.104   0.100   0.104
   33   K   0.105   0.092   0.105
   34   I   0.102   0.097   0.103
   35   G   0.105   0.093   0.105
   36   V   0.103   0.093   0.103
   37   V   0.104   0.095   0.103
   38   G   0.107   0.091   0.104
   39   W   0.097   0.093   0.099
   40   V   0.100   0.095   0.100
   41   K   0.104   0.095   0.101
   42   N   0.102   0.094   0.100
   43   T   0.098   0.096   0.097
   44   S   0.104   0.091   0.100
   45   K   0.103   0.090   0.099
   46   G   0.102   0.098   0.098
   47   T   0.099   0.099   0.096
   48   V   0.103   0.100   0.098
   49   T   0.104   0.103   0.099
   50   G   0.105   0.103   0.100
   51   Q   0.105   0.108   0.100
   52   V   0.104   0.104   0.100
   53   Q   0.103   0.105   0.100
   54   G   0.104   0.101   0.101
   55   P   0.098   0.106   0.098
   56   E   0.105   0.103   0.103
   57   D   0.105   0.103   0.103
   58   K   0.100   0.105   0.100
   59   V   0.100   0.105   0.101
   60   N   0.103   0.104   0.103
   61   S   0.104   0.103   0.104
   62   M   0.099   0.105   0.101
   63   K   0.103   0.105   0.104
   64   S   0.104   0.104   0.104
   65   W   0.100   0.104   0.102
   66   L   0.105   0.101   0.105
   67   S   0.103   0.102   0.104
   68   K   0.102   0.100   0.103
   69   V   0.103   0.100   0.103
   70   G   0.104   0.097   0.104
# Measure  Position  Value    Cutoff   signal peptide?
  max. C    21       0.122
  max. Y    33       0.105
  max. S    24       0.111
  mean S     1-32    0.093
       D     1-32    0.100   0.500   NO
Name=ACYP2_HUMAN	SP='NO' D=0.100 D-cutoff=0.500 Networks=SignalP-TM
