# SignalP-4.1 euk predictions
# Name=ADNP_HUMAN	Length=70	Networks=SignalP-TM
# pos  aa    C       S       Y
    1   M   0.102   0.097   0.099
    2   F   0.103   0.094   0.100
    3   Q   0.102   0.109   0.099
    4   L   0.102   0.097   0.100
    5   P   0.103   0.088   0.100
    6   V   0.101   0.086   0.099
    7   N   0.104   0.083   0.100
    8   N   0.103   0.096   0.099
    9   L   0.098   0.095   0.097
   10   G   0.102   0.091   0.098
   11   S   0.100   0.102   0.097
   12   L   0.101   0.093   0.098
   13   R   0.100   0.101   0.097
   14   K   0.103   0.097   0.099
   15   A   0.103   0.088   0.099
   16   R   0.098   0.083   0.096
   17   K   0.104   0.083   0.098
   18   T   0.104   0.078   0.098
   19   V   0.099   0.084   0.095
   20   K   0.098   0.084   0.094
   21   K   0.102   0.093   0.096
   22   I   0.101   0.097   0.096
   23   L   0.102   0.095   0.096
   24   S   0.104   0.100   0.097
   25   D   0.101   0.096   0.096
   26   I   0.105   0.098   0.098
   27   G   0.103   0.103   0.097
   28   L   0.099   0.103   0.095
   29   E   0.103   0.106   0.097
   30   Y   0.101   0.116   0.097
   31   C   0.101   0.128   0.098
   32   K   0.099   0.109   0.099
   33   E   0.099   0.116   0.100
   34   H   0.103   0.105   0.103
   35   I   0.098   0.107   0.102
   36   E   0.100   0.106   0.103
   37   D   0.100   0.105   0.103
   38   F   0.097   0.110   0.102
   39   K   0.101   0.113   0.104
   40   Q   0.103   0.117   0.106
   41   F   0.102   0.114   0.106
   42   E   0.100   0.113   0.106
   43   P   0.104   0.110   0.108
   44   N   0.101   0.107   0.106
   45   D   0.104   0.108   0.108
   46   F   0.103   0.108   0.107
   47   Y   0.101   0.103   0.105
   48   L   0.100   0.108   0.104
   49   K   0.102   0.102   0.106
   50   N   0.101   0.100   0.105
   51   T   0.103   0.098   0.106
   52   T   0.103   0.100   0.105
   53   W   0.103   0.099   0.105
   54   E   0.100   0.099   0.103
   55   D   0.098   0.099   0.101
   56   V   0.100   0.096   0.102
   57   G   0.103   0.098   0.103
   58   L   0.100   0.099   0.101
   59   W   0.101   0.099   0.101
   60   D   0.102   0.100   0.101
   61   P   0.102   0.103   0.101
   62   S   0.101   0.101   0.100
   63   L   0.102   0.106   0.101
   64   T   0.104   0.101   0.102
   65   K   0.100   0.103   0.100
   66   N   0.102   0.105   0.101
   67   Q   0.101   0.101   0.101
   68   D   0.102   0.100   0.101
   69   Y   0.101   0.106   0.101
   70   R   0.099   0.103   0.100
# Measure  Position  Value    Cutoff   signal peptide?
  max. C    26       0.105
  max. Y    43       0.108
  max. S    31       0.128
  mean S     1-42    0.100
       D     1-42    0.104   0.500   NO
Name=ADNP_HUMAN	SP='NO' D=0.104 D-cutoff=0.500 Networks=SignalP-TM
