# SignalP-4.1 euk predictions
# Name=AGK_HUMAN	Length=70	Networks=SignalP-noTM
# pos  aa    C       S       Y
    1   M   0.101   0.206   0.144
    2   T   0.102   0.289   0.145
    3   V   0.101   0.284   0.145
    4   F   0.101   0.280   0.147
    5   F   0.102   0.282   0.149
    6   K   0.098   0.249   0.147
    7   T   0.104   0.205   0.152
    8   L   0.104   0.306   0.152
    9   R   0.102   0.477   0.152
   10   N   0.105   0.500   0.158
   11   H   0.100   0.636   0.159
   12   W   0.097   0.540   0.163
   13   K   0.097   0.446   0.167
   14   K   0.095   0.481   0.168
   15   T   0.098   0.438   0.174
   16   T   0.103   0.415   0.182
   17   A   0.102   0.338   0.184
   18   G   0.154   0.245   0.227
   19   L   0.107   0.222   0.190
   20   C   0.097   0.254   0.181
   21   L   0.105   0.250   0.190
   22   L   0.106   0.180   0.191
   23   T   0.097   0.159   0.182
   24   W   0.103   0.267   0.188
   25   G   0.104   0.506   0.188
   26   G   0.111   0.400   0.197
   27   H   0.101   0.363   0.189
   28   W   0.099   0.447   0.188
   29   L   0.114   0.340   0.204
   30   Y   0.098   0.223   0.192
   31   G   0.100   0.164   0.192
   32   K   0.176   0.117   0.250
   33   H   0.099   0.144   0.183
   34   C   0.107   0.163   0.183
   35   D   0.224   0.111   0.258
   36   N   0.097   0.120   0.166
   37   L   0.102   0.115   0.165
   38   L   0.098   0.103   0.157
   39   R   0.100   0.115   0.154
   40   R   0.108   0.109   0.157
   41   A   0.107   0.104   0.154
   42   A   0.101   0.099   0.147
   43   C   0.102   0.120   0.146
   44   Q   0.116   0.098   0.153
   45   E   0.097   0.092   0.139
   46   A   0.099   0.087   0.139
   47   Q   0.096   0.087   0.134
   48   V   0.103   0.092   0.132
   49   F   0.096   0.092   0.122
   50   G   0.107   0.096   0.123
   51   N   0.098   0.100   0.112
   52   Q   0.102   0.099   0.109
   53   L   0.101   0.098   0.106
   54   I   0.099   0.094   0.103
   55   P   0.101   0.101   0.103
   56   P   0.107   0.115   0.106
   57   N   0.108   0.105   0.105
   58   A   0.107   0.101   0.104
   59   Q   0.094   0.102   0.097
   60   V   0.097   0.100   0.099
   61   K   0.096   0.103   0.098
   62   K   0.104   0.101   0.102
   63   A   0.098   0.101   0.099
   64   T   0.100   0.102   0.100
   65   V   0.108   0.100   0.104
   66   F   0.100   0.100   0.099
   67   L   0.107   0.097   0.103
   68   N   0.099   0.099   0.099
   69   P   0.105   0.098   0.102
   70   A   0.108   0.095   0.104
# Measure  Position  Value    Cutoff   signal peptide?
  max. C    35       0.224
  max. Y    35       0.258
  max. S    11       0.636
  mean S     1-34    0.318
       D     1-34    0.291   0.450   NO
Name=AGK_HUMAN	SP='NO' D=0.291 D-cutoff=0.450 Networks=SignalP-noTM
