# SignalP-4.1 euk predictions
# Name=ANR26_HUMAN	Length=70	Networks=SignalP-noTM
# pos  aa    C       S       Y
    1   M   0.101   0.099   0.100
    2   K   0.100   0.102   0.099
    3   K   0.101   0.106   0.100
    4   I   0.102   0.104   0.101
    5   F   0.101   0.100   0.100
    6   S   0.104   0.101   0.101
    7   K   0.100   0.101   0.100
    8   K   0.102   0.097   0.101
    9   G   0.100   0.088   0.100
   10   E   0.096   0.087   0.097
   11   S   0.104   0.089   0.101
   12   P   0.100   0.103   0.099
   13   L   0.100   0.105   0.099
   14   G   0.095   0.108   0.097
   15   S   0.097   0.103   0.098
   16   F   0.105   0.106   0.102
   17   A   0.101   0.099   0.100
   18   R   0.096   0.101   0.098
   19   R   0.102   0.096   0.101
   20   Q   0.097   0.098   0.098
   21   R   0.101   0.092   0.100
   22   S   0.105   0.090   0.102
   23   S   0.100   0.099   0.100
   24   A   0.099   0.097   0.099
   25   G   0.101   0.101   0.100
   26   G   0.101   0.099   0.100
   27   G   0.102   0.095   0.100
   28   G   0.101   0.096   0.099
   29   E   0.102   0.095   0.100
   30   P   0.101   0.095   0.099
   31   G   0.103   0.102   0.100
   32   E   0.105   0.103   0.101
   33   G   0.112   0.112   0.105
   34   A   0.101   0.106   0.100
   35   Y   0.102   0.110   0.101
   36   S   0.104   0.119   0.102
   37   Q   0.104   0.113   0.102
   38   P   0.105   0.113   0.103
   39   G   0.108   0.108   0.105
   40   Y   0.098   0.109   0.100
   41   H   0.107   0.097   0.105
   42   V   0.103   0.105   0.102
   43   R   0.104   0.106   0.103
   44   D   0.106   0.103   0.104
   45   R   0.100   0.105   0.102
   46   D   0.111   0.097   0.108
   47   L   0.107   0.099   0.105
   48   G   0.099   0.098   0.102
   49   K   0.102   0.097   0.103
   50   I   0.110   0.094   0.107
   51   H   0.104   0.093   0.104
   52   K   0.110   0.088   0.107
   53   A   0.103   0.085   0.104
   54   A   0.097   0.082   0.100
   55   S   0.104   0.087   0.103
   56   A   0.101   0.095   0.101
   57   G   0.096   0.096   0.098
   58   N   0.103   0.100   0.101
   59   V   0.100   0.100   0.099
   60   A   0.103   0.099   0.100
   61   K   0.101   0.099   0.099
   62   V   0.098   0.098   0.097
   63   Q   0.099   0.096   0.098
   64   Q   0.107   0.097   0.102
   65   I   0.106   0.095   0.101
   66   L   0.104   0.096   0.100
   67   L   0.107   0.096   0.101
   68   L   0.099   0.095   0.097
   69   R   0.103   0.097   0.099
   70   K   0.107   0.095   0.101
# Measure  Position  Value    Cutoff   signal peptide?
  max. C    33       0.112
  max. Y    46       0.108
  max. S    36       0.119
  mean S     1-45    0.101
       D     1-45    0.104   0.450   NO
Name=ANR26_HUMAN	SP='NO' D=0.104 D-cutoff=0.450 Networks=SignalP-noTM
