# SignalP-4.1 euk predictions
# Name=ANR60_HUMAN	Length=70	Networks=SignalP-noTM
# pos  aa    C       S       Y
    1   M   0.102   0.306   0.176
    2   T   0.103   0.336   0.177
    3   R   0.102   0.266   0.177
    4   G   0.106   0.296   0.180
    5   R   0.102   0.281   0.176
    6   A   0.107   0.263   0.180
    7   W   0.098   0.274   0.172
    8   G   0.103   0.251   0.176
    9   M   0.096   0.263   0.169
   10   R   0.105   0.176   0.177
   11   R   0.108   0.203   0.177
   12   A   0.109   0.147   0.176
   13   A   0.097   0.129   0.164
   14   A   0.104   0.160   0.167
   15   G   0.100   0.159   0.162
   16   A   0.101   0.169   0.161
   17   G   0.102   0.153   0.160
   18   G   0.103   0.139   0.159
   19   A   0.104   0.137   0.156
   20   R   0.100   0.136   0.151
   21   A   0.114   0.135   0.158
   22   A   0.131   0.109   0.167
   23   G   0.105   0.108   0.147
   24   P   0.102   0.100   0.141
   25   T   0.108   0.103   0.141
   26   G   0.109   0.104   0.139
   27   G   0.103   0.117   0.132
   28   A   0.114   0.122   0.135
   29   S   0.105   0.122   0.127
   30   R   0.105   0.117   0.124
   31   L   0.110   0.110   0.124
   32   H   0.104   0.112   0.118
   33   P   0.110   0.096   0.120
   34   N   0.110   0.098   0.118
   35   A   0.107   0.096   0.115
   36   G   0.102   0.109   0.112
   37   R   0.101   0.101   0.110
   38   R   0.103   0.102   0.110
   39   S   0.106   0.095   0.110
   40   G   0.102   0.090   0.107
   41   A   0.100   0.100   0.105
   42   R   0.102   0.109   0.105
   43   A   0.108   0.096   0.108
   44   G   0.104   0.100   0.104
   45   A   0.105   0.094   0.105
   46   Q   0.099   0.101   0.102
   47   G   0.105   0.100   0.105
   48   C   0.100   0.106   0.102
   49   G   0.106   0.106   0.105
   50   G   0.103   0.096   0.103
   51   P   0.100   0.101   0.101
   52   R   0.106   0.098   0.104
   53   V   0.106   0.098   0.104
   54   G   0.105   0.096   0.102
   55   S   0.103   0.109   0.101
   56   A   0.103   0.106   0.102
   57   D   0.103   0.103   0.101
   58   S   0.107   0.103   0.104
   59   R   0.098   0.103   0.099
   60   A   0.112   0.104   0.106
   61   L   0.098   0.104   0.099
   62   P   0.112   0.098   0.106
   63   A   0.106   0.097   0.104
   64   Q   0.098   0.100   0.100
   65   P   0.111   0.095   0.106
   66   L   0.104   0.094   0.102
   67   A   0.107   0.093   0.104
   68   C   0.100   0.096   0.100
   69   A   0.105   0.097   0.103
   70   R   0.096   0.100   0.098
# Measure  Position  Value    Cutoff   signal peptide?
  max. C    22       0.131
  max. Y    11       0.177
  max. S     2       0.336
  mean S     1-10    0.271
       D     1-10    0.228   0.450   NO
Name=ANR60_HUMAN	SP='NO' D=0.228 D-cutoff=0.450 Networks=SignalP-noTM
