# SignalP-4.1 euk predictions
# Name=ANXA7_HUMAN	Length=70	Networks=SignalP-noTM
# pos  aa    C       S       Y
    1   M   0.101   0.102   0.101
    2   S   0.102   0.108   0.102
    3   Y   0.101   0.096   0.101
    4   P   0.102   0.094   0.102
    5   G   0.104   0.094   0.103
    6   Y   0.097   0.097   0.099
    7   P   0.104   0.100   0.102
    8   P   0.102   0.100   0.102
    9   T   0.105   0.098   0.103
   10   G   0.100   0.086   0.100
   11   Y   0.097   0.076   0.099
   12   P   0.104   0.074   0.101
   13   P   0.102   0.078   0.100
   14   F   0.103   0.088   0.100
   15   P   0.108   0.081   0.102
   16   G   0.107   0.086   0.101
   17   Y   0.098   0.094   0.096
   18   P   0.106   0.094   0.099
   19   P   0.105   0.088   0.099
   20   A   0.105   0.094   0.098
   21   G   0.099   0.098   0.096
   22   Q   0.100   0.102   0.096
   23   E   0.102   0.108   0.097
   24   S   0.105   0.093   0.098
   25   S   0.099   0.096   0.095
   26   F   0.097   0.095   0.094
   27   P   0.104   0.098   0.098
   28   P   0.102   0.094   0.097
   29   S   0.109   0.096   0.100
   30   G   0.104   0.089   0.097
   31   Q   0.096   0.095   0.094
   32   Y   0.102   0.095   0.096
   33   P   0.093   0.098   0.092
   34   Y   0.102   0.101   0.097
   35   P   0.105   0.093   0.099
   36   S   0.107   0.093   0.100
   37   G   0.101   0.096   0.098
   38   F   0.098   0.092   0.096
   39   P   0.104   0.093   0.100
   40   P   0.106   0.094   0.101
   41   M   0.107   0.087   0.101
   42   G   0.108   0.085   0.102
   43   G   0.105   0.094   0.100
   44   G   0.106   0.091   0.100
   45   A   0.105   0.095   0.100
   46   Y   0.101   0.099   0.097
   47   P   0.104   0.086   0.099
   48   Q   0.099   0.097   0.096
   49   V   0.107   0.093   0.100
   50   P   0.107   0.093   0.100
   51   S   0.105   0.086   0.099
   52   S   0.102   0.089   0.097
   53   G   0.098   0.087   0.096
   54   Y   0.101   0.085   0.097
   55   P   0.102   0.104   0.097
   56   G   0.109   0.101   0.101
   57   A   0.103   0.103   0.098
   58   G   0.102   0.101   0.097
   59   G   0.099   0.099   0.096
   60   Y   0.100   0.104   0.097
   61   P   0.108   0.101   0.101
   62   A   0.109   0.103   0.101
   63   P   0.098   0.108   0.096
   64   G   0.112   0.104   0.104
   65   G   0.099   0.106   0.098
   66   Y   0.108   0.102   0.103
   67   P   0.109   0.101   0.103
   68   A   0.106   0.102   0.102
   69   P   0.099   0.102   0.098
   70   G   0.109   0.105   0.104
# Measure  Position  Value    Cutoff   signal peptide?
  max. C    64       0.112
  max. Y    70       0.104
  max. S    23       0.108
  mean S     1-69    0.095
       D     1-69    0.099   0.450   NO
Name=ANXA7_HUMAN	SP='NO' D=0.099 D-cutoff=0.450 Networks=SignalP-noTM
