# SignalP-4.1 euk predictions
# Name=ASCL1_HUMAN	Length=70	Networks=SignalP-TM
# pos  aa    C       S       Y
    1   M   0.102   0.083   0.092
    2   E   0.101   0.079   0.091
    3   S   0.102   0.081   0.092
    4   S   0.102   0.077   0.092
    5   A   0.101   0.084   0.091
    6   K   0.097   0.088   0.089
    7   M   0.101   0.089   0.091
    8   E   0.100   0.085   0.091
    9   S   0.105   0.096   0.093
   10   G   0.102   0.115   0.093
   11   G   0.101   0.149   0.093
   12   A   0.101   0.152   0.096
   13   G   0.100   0.147   0.098
   14   Q   0.102   0.151   0.101
   15   Q   0.102   0.153   0.103
   16   P   0.103   0.166   0.107
   17   Q   0.102   0.159   0.109
   18   P   0.102   0.157   0.112
   19   Q   0.103   0.132   0.115
   20   P   0.103   0.130   0.116
   21   Q   0.102   0.149   0.117
   22   Q   0.100   0.143   0.118
   23   P   0.102   0.199   0.121
   24   F   0.101   0.219   0.123
   25   L   0.102   0.266   0.127
   26   P   0.103   0.397   0.131
   27   P   0.104   0.444   0.138
   28   A   0.106   0.324   0.147
   29   A   0.102   0.386   0.148
   30   C   0.102   0.358   0.154
   31   F   0.101   0.317   0.158
   32   F   0.102   0.276   0.162
   33   A   0.103   0.294   0.166
   34   T   0.101   0.324   0.168
   35   A   0.106   0.373   0.176
   36   A   0.101   0.377   0.176
   37   A   0.105   0.370   0.184
   38   A   0.107   0.320   0.190
   39   A   0.108   0.224   0.193
   40   A   0.109   0.240   0.193
   41   A   0.119   0.152   0.198
   42   A   0.117   0.128   0.190
   43   A   0.109   0.181   0.179
   44   A   0.112   0.130   0.178
   45   A   0.121   0.096   0.179
   46   A   0.117   0.089   0.170
   47   A   0.112   0.079   0.163
   48   Q   0.124   0.063   0.165
   49   S   0.107   0.083   0.147
   50   A   0.115   0.092   0.144
   51   Q   0.105   0.113   0.130
   52   Q   0.109   0.116   0.124
   53   Q   0.118   0.112   0.123
   54   Q   0.105   0.111   0.112
   55   Q   0.105   0.116   0.107
   56   Q   0.104   0.112   0.106
   57   Q   0.102   0.112   0.105
   58   Q   0.101   0.114   0.102
   59   Q   0.102   0.114   0.101
   60   Q   0.102   0.112   0.102
   61   Q   0.103   0.110   0.103
   62   Q   0.101   0.110   0.104
   63   A   0.102   0.112   0.106
   64   P   0.099   0.113   0.105
   65   Q   0.104   0.110   0.108
   66   L   0.101   0.109   0.107
   67   R   0.104   0.108   0.108
   68   P   0.106   0.105   0.109
   69   A   0.105   0.105   0.108
   70   A   0.100   0.105   0.105
# Measure  Position  Value    Cutoff   signal peptide?
  max. C    48       0.124
  max. Y    41       0.198
  max. S    27       0.444
  mean S     1-40    0.209
       D     1-40    0.202   0.500   NO
Name=ASCL1_HUMAN	SP='NO' D=0.202 D-cutoff=0.500 Networks=SignalP-TM
