# SignalP-4.1 euk predictions
# Name=ATS4_HUMAN	Length=70	Networks=SignalP-TM
# pos  aa    C       S       Y
    1   M   0.102   0.247   0.158
    2   S   0.103   0.247   0.159
    3   Q   0.101   0.282   0.158
    4   T   0.103   0.365   0.160
    5   G   0.102   0.478   0.162
    6   S   0.099   0.574   0.165
    7   H   0.101   0.544   0.173
    8   P   0.102   0.437   0.180
    9   G   0.101   0.426   0.183
   10   R   0.097   0.385   0.183
   11   G   0.106   0.433   0.194
   12   L   0.104   0.357   0.195
   13   A   0.105   0.310   0.199
   14   G   0.101   0.338   0.197
   15   R   0.102   0.359   0.199
   16   W   0.104   0.327   0.203
   17   L   0.105   0.247   0.205
   18   W   0.103   0.190   0.203
   19   G   0.102   0.141   0.199
   20   A   0.100   0.121   0.190
   21   Q   0.099   0.108   0.181
   22   P   0.106   0.097   0.178
   23   C   0.109   0.085   0.173
   24   L   0.102   0.060   0.160
   25   L   0.102   0.054   0.152
   26   L   0.109   0.036   0.148
   27   P   0.102   0.038   0.134
   28   I   0.108   0.046   0.130
   29   V   0.104   0.050   0.119
   30   P   0.107   0.053   0.110
   31   L   0.104   0.037   0.099
   32   S   0.107   0.078   0.092
   33   W   0.101   0.085   0.085
   34   L   0.101   0.082   0.083
   35   V   0.114   0.039   0.086
   36   W   0.100   0.055   0.077
   37   L   0.104   0.064   0.077
   38   L   0.105   0.126   0.076
   39   L   0.102   0.281   0.078
   40   L   0.103   0.483   0.089
   41   L   0.100   0.497   0.104
   42   L   0.103   0.607   0.121
   43   A   0.106   0.572   0.138
   44   S   0.146   0.501   0.179
   45   L   0.107   0.657   0.164
   46   L   0.127   0.655   0.193
   47   P   0.102   0.616   0.185
   48   S   0.114   0.701   0.207
   49   A   0.148   0.642   0.249
   50   R   0.126   0.619   0.241
   51   L   0.110   0.633   0.235
   52   A   0.333   0.269   0.425
   53   S   0.254   0.146   0.374
   54   P   0.103   0.133   0.236
   55   L   0.117   0.110   0.246
   56   P   0.102   0.111   0.224
   57   R   0.103   0.110   0.216
   58   E   0.103   0.107   0.209
   59   E   0.103   0.104   0.201
   60   E   0.102   0.105   0.190
   61   I   0.101   0.108   0.179
   62   V   0.100   0.109   0.167
   63   F   0.105   0.106   0.157
   64   P   0.107   0.104   0.145
   65   E   0.103   0.104   0.129
   66   K   0.105   0.102   0.114
   67   L   0.104   0.104   0.107
   68   N   0.104   0.104   0.106
   69   G   0.104   0.102   0.105
   70   S   0.101   0.102   0.103
# Measure  Position  Value    Cutoff   signal peptide?
  max. C    52       0.333
  max. Y    52       0.425
  max. S    48       0.701
  mean S     1-51    0.303
       D     1-51    0.376   0.500   NO
Name=ATS4_HUMAN	SP='NO' D=0.376 D-cutoff=0.500 Networks=SignalP-TM
