# SignalP-4.1 euk predictions
# Name=BIRC6_HUMAN	Length=70	Networks=SignalP-TM
# pos  aa    C       S       Y
    1   M   0.102   0.143   0.121
    2   V   0.102   0.127   0.121
    3   T   0.103   0.187   0.121
    4   G   0.105   0.191   0.123
    5   G   0.100   0.189   0.122
    6   G   0.103   0.178   0.125
    7   A   0.103   0.145   0.126
    8   A   0.107   0.141   0.128
    9   P   0.099   0.118   0.123
   10   P   0.101   0.120   0.124
   11   G   0.104   0.129   0.125
   12   T   0.104   0.163   0.125
   13   V   0.103   0.161   0.125
   14   T   0.102   0.189   0.124
   15   E   0.113   0.189   0.132
   16   P   0.100   0.207   0.126
   17   L   0.105   0.190   0.132
   18   P   0.106   0.163   0.132
   19   S   0.103   0.169   0.130
   20   V   0.103   0.162   0.129
   21   I   0.104   0.160   0.129
   22   V   0.105   0.144   0.130
   23   L   0.102   0.146   0.128
   24   S   0.105   0.160   0.131
   25   A   0.104   0.154   0.131
   26   G   0.099   0.144   0.129
   27   R   0.101   0.166   0.130
   28   K   0.100   0.182   0.130
   29   M   0.104   0.198   0.132
   30   A   0.104   0.331   0.132
   31   A   0.103   0.264   0.135
   32   A   0.107   0.228   0.139
   33   A   0.136   0.176   0.159
   34   A   0.113   0.153   0.146
   35   A   0.109   0.133   0.143
   36   A   0.111   0.131   0.143
   37   S   0.107   0.115   0.140
   38   G   0.103   0.126   0.137
   39   P   0.102   0.110   0.135
   40   G   0.107   0.116   0.137
   41   C   0.103   0.133   0.134
   42   S   0.105   0.128   0.134
   43   S   0.104   0.163   0.132
   44   A   0.111   0.155   0.135
   45   A   0.135   0.124   0.143
   46   G   0.101   0.127   0.120
   47   A   0.105   0.131   0.119
   48   G   0.102   0.125   0.116
   49   A   0.105   0.118   0.117
   50   A   0.103   0.111   0.115
   51   G   0.102   0.100   0.114
   52   V   0.102   0.100   0.113
   53   S   0.106   0.100   0.115
   54   E   0.105   0.097   0.114
   55   W   0.102   0.091   0.112
   56   L   0.104   0.090   0.111
   57   V   0.106   0.092   0.111
   58   L   0.102   0.099   0.107
   59   R   0.106   0.103   0.107
   60   D   0.104   0.100   0.105
   61   G   0.106   0.100   0.105
   62   C   0.102   0.101   0.102
   63   M   0.104   0.101   0.102
   64   H   0.103   0.100   0.101
   65   C   0.101   0.101   0.099
   66   D   0.100   0.099   0.099
   67   A   0.104   0.104   0.101
   68   D   0.103   0.101   0.100
   69   G   0.104   0.102   0.101
   70   L   0.098   0.104   0.099
# Measure  Position  Value    Cutoff   signal peptide?
  max. C    33       0.136
  max. Y    33       0.159
  max. S    30       0.331
  mean S     1-32    0.173
       D     1-32    0.165   0.500   NO
Name=BIRC6_HUMAN	SP='NO' D=0.165 D-cutoff=0.500 Networks=SignalP-TM
