# SignalP-4.1 euk predictions
# Name=CA210_HUMAN	Length=70	Networks=SignalP-TM
# pos  aa    C       S       Y
    1   M   0.102   0.131   0.115
    2   N   0.101   0.125   0.115
    3   E   0.101   0.117   0.115
    4   T   0.102   0.106   0.115
    5   N   0.103   0.102   0.114
    6   K   0.102   0.093   0.113
    7   T   0.101   0.087   0.111
    8   L   0.103   0.088   0.111
    9   V   0.103   0.078   0.109
   10   G   0.102   0.082   0.107
   11   P   0.101   0.064   0.105
   12   S   0.102   0.056   0.104
   13   E   0.103   0.077   0.101
   14   L   0.102   0.088   0.099
   15   P   0.098   0.094   0.095
   16   T   0.104   0.098   0.097
   17   A   0.102   0.111   0.095
   18   S   0.100   0.117   0.093
   19   A   0.104   0.163   0.096
   20   V   0.129   0.123   0.109
   21   A   0.102   0.125   0.098
   22   P   0.100   0.132   0.099
   23   G   0.103   0.137   0.102
   24   P   0.099   0.163   0.102
   25   G   0.106   0.164   0.108
   26   T   0.102   0.153   0.109
   27   G   0.106   0.152   0.115
   28   A   0.114   0.126   0.121
   29   R   0.107   0.149   0.119
   30   A   0.104   0.110   0.119
   31   W   0.129   0.145   0.133
   32   P   0.107   0.177   0.122
   33   V   0.104   0.142   0.122
   34   L   0.105   0.158   0.122
   35   V   0.106   0.175   0.124
   36   G   0.103   0.117   0.124
   37   F   0.104   0.133   0.124
   38   V   0.107   0.107   0.125
   39   L   0.106   0.102   0.123
   40   G   0.107   0.070   0.122
   41   A   0.112   0.105   0.122
   42   V   0.103   0.087   0.116
   43   V   0.105   0.072   0.115
   44   L   0.102   0.059   0.111
   45   S   0.104   0.061   0.110
   46   L   0.108   0.071   0.110
   47   L   0.105   0.056   0.105
   48   I   0.102   0.084   0.100
   49   A   0.102   0.074   0.097
   50   L   0.106   0.082   0.095
   51   A   0.106   0.092   0.094
   52   A   0.116   0.122   0.096
   53   K   0.108   0.104   0.094
   54   C   0.109   0.093   0.094
   55   H   0.110   0.089   0.096
   56   L   0.101   0.105   0.091
   57   C   0.112   0.094   0.096
   58   R   0.105   0.106   0.094
   59   R   0.101   0.106   0.095
   60   Y   0.113   0.096   0.101
   61   H   0.103   0.118   0.098
   62   A   0.101   0.118   0.099
   63   S   0.104   0.107   0.102
   64   Y   0.102   0.107   0.102
   65   R   0.099   0.107   0.102
   66   H   0.104   0.107   0.105
   67   R   0.101   0.106   0.102
   68   P   0.103   0.107   0.104
   69   L   0.103   0.107   0.104
   70   P   0.106   0.104   0.106
# Measure  Position  Value    Cutoff   signal peptide?
  max. C    31       0.129
  max. Y    31       0.133
  max. S    32       0.177
  mean S     1-30    0.114
       D     1-30    0.125   0.500   NO
Name=CA210_HUMAN	SP='NO' D=0.125 D-cutoff=0.500 Networks=SignalP-TM
