# SignalP-4.1 euk predictions
# Name=CCL13_HUMAN	Length=70	Networks=SignalP-TM
# pos  aa    C       S       Y
    1   M   0.101   0.930   0.307
    2   K   0.102   0.907   0.308
    3   V   0.102   0.927   0.308
    4   S   0.104   0.934   0.311
    5   A   0.104   0.940   0.311
    6   V   0.100   0.954   0.305
    7   L   0.103   0.968   0.310
    8   L   0.102   0.969   0.309
    9   C   0.100   0.970   0.306
   10   L   0.104   0.960   0.312
   11   L   0.104   0.966   0.313
   12   L   0.101   0.954   0.308
   13   M   0.103   0.963   0.312
   14   T   0.104   0.970   0.313
   15   A   0.105   0.978   0.317
   16   A   0.126   0.971   0.347
   17   F   0.601   0.941   0.759
   18   N   0.130   0.913   0.354
   19   P   0.108   0.854   0.322
   20   Q   0.152   0.735   0.380
   21   G   0.104   0.845   0.312
   22   L   0.124   0.662   0.339
   23   A   0.108   0.641   0.312
   24   Q   0.826   0.194   0.854
   25   P   0.112   0.171   0.305
   26   D   0.135   0.119   0.323
   27   A   0.104   0.132   0.273
   28   L   0.114   0.120   0.273
   29   N   0.102   0.117   0.245
   30   V   0.102   0.107   0.232
   31   P   0.101   0.105   0.218
   32   S   0.103   0.101   0.206
   33   T   0.100   0.098   0.188
   34   C   0.104   0.100   0.175
   35   C   0.102   0.090   0.160
   36   F   0.104   0.086   0.143
   37   T   0.101   0.086   0.125
   38   F   0.102   0.083   0.109
   39   S   0.105   0.088   0.107
   40   S   0.100   0.092   0.101
   41   K   0.099   0.094   0.100
   42   K   0.101   0.091   0.099
   43   I   0.099   0.094   0.098
   44   S   0.103   0.091   0.098
   45   L   0.102   0.088   0.097
   46   Q   0.104   0.085   0.098
   47   R   0.101   0.081   0.096
   48   L   0.101   0.089   0.095
   49   K   0.101   0.088   0.095
   50   S   0.101   0.088   0.095
   51   Y   0.102   0.093   0.095
   52   V   0.099   0.101   0.094
   53   I   0.101   0.093   0.095
   54   T   0.102   0.102   0.096
   55   T   0.099   0.100   0.095
   56   S   0.103   0.100   0.097
   57   R   0.099   0.097   0.095
   58   C   0.097   0.104   0.095
   59   P   0.099   0.102   0.096
   60   Q   0.100   0.102   0.097
   61   K   0.104   0.103   0.100
   62   A   0.103   0.104   0.100
   63   V   0.099   0.105   0.099
   64   I   0.103   0.103   0.101
   65   F   0.101   0.102   0.101
   66   R   0.102   0.099   0.102
   67   T   0.105   0.099   0.103
   68   K   0.105   0.096   0.103
   69   L   0.103   0.097   0.102
   70   G   0.105   0.096   0.103
# Measure  Position  Value    Cutoff   signal peptide?
  max. C    24       0.826
  max. Y    24       0.854
  max. S    15       0.978
  mean S     1-23    0.907
       D     1-23    0.875   0.500   YES
Name=CCL13_HUMAN	SP='YES' Cleavage site between pos. 23 and 24: GLA-QP D=0.875 D-cutoff=0.500 Networks=SignalP-TM
