# SignalP-4.1 euk predictions
# Name=CCL8_HUMAN	Length=70	Networks=SignalP-TM
# pos  aa    C       S       Y
    1   M   0.101   0.935   0.308
    2   K   0.102   0.924   0.309
    3   V   0.102   0.935   0.309
    4   S   0.105   0.941   0.313
    5   A   0.105   0.938   0.313
    6   A   0.103   0.957   0.310
    7   L   0.101   0.964   0.308
    8   L   0.102   0.976   0.310
    9   C   0.100   0.976   0.308
   10   L   0.104   0.968   0.313
   11   L   0.104   0.970   0.314
   12   L   0.102   0.954   0.311
   13   M   0.104   0.965   0.315
   14   A   0.104   0.968   0.315
   15   A   0.101   0.973   0.311
   16   T   0.112   0.969   0.328
   17   F   0.182   0.961   0.418
   18   S   0.124   0.956   0.346
   19   P   0.133   0.915   0.358
   20   Q   0.150   0.850   0.380
   21   G   0.109   0.876   0.323
   22   L   0.139   0.733   0.364
   23   A   0.114   0.705   0.326
   24   Q   0.866   0.193   0.889
   25   P   0.108   0.165   0.305
   26   D   0.198   0.122   0.398
   27   S   0.103   0.127   0.276
   28   V   0.107   0.121   0.269
   29   S   0.101   0.115   0.250
   30   I   0.106   0.104   0.243
   31   P   0.099   0.094   0.221
   32   I   0.102   0.090   0.210
   33   T   0.103   0.092   0.196
   34   C   0.103   0.094   0.180
   35   C   0.102   0.080   0.163
   36   F   0.103   0.076   0.145
   37   N   0.100   0.076   0.124
   38   V   0.101   0.065   0.106
   39   I   0.105   0.079   0.103
   40   N   0.105   0.091   0.100
   41   R   0.100   0.094   0.096
   42   K   0.103   0.096   0.097
   43   I   0.101   0.096   0.095
   44   P   0.103   0.095   0.095
   45   I   0.104   0.092   0.095
   46   Q   0.100   0.087   0.093
   47   R   0.104   0.092   0.095
   48   L   0.099   0.100   0.093
   49   E   0.101   0.099   0.094
   50   S   0.100   0.096   0.094
   51   Y   0.100   0.100   0.095
   52   T   0.100   0.101   0.096
   53   R   0.102   0.100   0.098
   54   I   0.103   0.097   0.099
   55   T   0.101   0.099   0.099
   56   N   0.101   0.099   0.099
   57   I   0.103   0.096   0.100
   58   Q   0.098   0.100   0.097
   59   C   0.103   0.098   0.100
   60   P   0.098   0.098   0.098
   61   K   0.104   0.098   0.101
   62   E   0.103   0.101   0.101
   63   A   0.103   0.104   0.101
   64   V   0.096   0.103   0.097
   65   I   0.104   0.103   0.102
   66   F   0.101   0.102   0.100
   67   K   0.101   0.102   0.101
   68   T   0.104   0.101   0.102
   69   K   0.104   0.097   0.102
   70   R   0.102   0.098   0.101
# Measure  Position  Value    Cutoff   signal peptide?
  max. C    24       0.866
  max. Y    24       0.889
  max. S     9       0.976
  mean S     1-23    0.927
       D     1-23    0.904   0.500   YES
Name=CCL8_HUMAN	SP='YES' Cleavage site between pos. 23 and 24: GLA-QP D=0.904 D-cutoff=0.500 Networks=SignalP-TM
