# SignalP-4.1 euk predictions
# Name=CEPT1_HUMAN	Length=70	Networks=SignalP-TM
# pos  aa    C       S       Y
    1   M   0.102   0.093   0.097
    2   S   0.103   0.095   0.098
    3   G   0.102   0.102   0.098
    4   H   0.099   0.110   0.096
    5   R   0.102   0.100   0.099
    6   S   0.102   0.097   0.098
    7   T   0.100   0.109   0.098
    8   R   0.100   0.101   0.099
    9   K   0.104   0.112   0.101
   10   R   0.099   0.121   0.099
   11   C   0.103   0.102   0.102
   12   G   0.102   0.111   0.102
   13   D   0.100   0.117   0.102
   14   S   0.104   0.120   0.104
   15   H   0.099   0.121   0.103
   16   P   0.104   0.109   0.106
   17   E   0.099   0.103   0.104
   18   S   0.103   0.112   0.106
   19   P   0.101   0.103   0.105
   20   V   0.103   0.098   0.106
   21   G   0.103   0.106   0.106
   22   F   0.101   0.109   0.105
   23   G   0.102   0.107   0.106
   24   H   0.101   0.113   0.105
   25   M   0.105   0.103   0.107
   26   S   0.102   0.105   0.106
   27   T   0.102   0.102   0.105
   28   T   0.103   0.100   0.105
   29   G   0.104   0.100   0.105
   30   C   0.101   0.097   0.103
   31   V   0.102   0.088   0.103
   32   L   0.100   0.092   0.102
   33   N   0.103   0.086   0.102
   34   K   0.102   0.083   0.101
   35   L   0.105   0.077   0.102
   36   F   0.106   0.087   0.102
   37   Q   0.101   0.094   0.098
   38   L   0.107   0.086   0.101
   39   P   0.102   0.088   0.097
   40   T   0.105   0.087   0.098
   41   P   0.101   0.099   0.096
   42   P   0.101   0.098   0.096
   43   L   0.099   0.104   0.095
   44   S   0.099   0.119   0.095
   45   R   0.097   0.106   0.095
   46   H   0.106   0.104   0.099
   47   Q   0.102   0.098   0.098
   48   L   0.100   0.099   0.098
   49   K   0.102   0.106   0.099
   50   R   0.101   0.109   0.100
   51   L   0.103   0.106   0.101
   52   E   0.101   0.109   0.101
   53   E   0.103   0.108   0.103
   54   H   0.101   0.107   0.102
   55   R   0.100   0.102   0.103
   56   Y   0.106   0.097   0.106
   57   Q   0.099   0.099   0.102
   58   S   0.104   0.098   0.104
   59   A   0.102   0.100   0.102
   60   G   0.096   0.097   0.100
   61   R   0.099   0.102   0.101
   62   S   0.105   0.103   0.104
   63   L   0.102   0.103   0.102
   64   L   0.102   0.103   0.102
   65   E   0.100   0.103   0.101
   66   P   0.105   0.102   0.103
   67   L   0.104   0.102   0.103
   68   M   0.108   0.103   0.104
   69   Q   0.106   0.101   0.103
   70   G   0.105   0.095   0.103
# Measure  Position  Value    Cutoff   signal peptide?
  max. C    68       0.108
  max. Y    25       0.107
  max. S    15       0.121
  mean S     1-24    0.107
       D     1-24    0.107   0.500   NO
Name=CEPT1_HUMAN	SP='NO' D=0.107 D-cutoff=0.500 Networks=SignalP-TM
