# SignalP-4.1 euk predictions
# Name=CG033_HUMAN	Length=70	Networks=SignalP-TM
# pos  aa    C       S       Y
    1   M   0.102   0.114   0.108
    2   Q   0.102   0.117   0.108
    3   V   0.102   0.108   0.108
    4   E   0.102   0.115   0.108
    5   V   0.104   0.109   0.109
    6   Q   0.098   0.102   0.106
    7   S   0.103   0.107   0.108
    8   L   0.100   0.123   0.106
    9   S   0.102   0.124   0.107
   10   L   0.100   0.107   0.107
   11   E   0.101   0.111   0.107
   12   E   0.100   0.086   0.106
   13   C   0.102   0.107   0.106
   14   P   0.102   0.105   0.106
   15   W   0.101   0.122   0.105
   16   R   0.099   0.114   0.105
   17   L   0.100   0.109   0.105
   18   P   0.098   0.119   0.104
   19   G   0.103   0.110   0.107
   20   P   0.099   0.111   0.105
   21   Q   0.104   0.110   0.108
   22   C   0.106   0.109   0.108
   23   E   0.102   0.110   0.106
   24   C   0.098   0.110   0.104
   25   E   0.107   0.108   0.108
   26   A   0.103   0.110   0.106
   27   L   0.100   0.106   0.105
   28   L   0.106   0.100   0.108
   29   P   0.101   0.097   0.106
   30   S   0.106   0.094   0.107
   31   G   0.106   0.100   0.106
   32   A   0.100   0.103   0.104
   33   R   0.099   0.107   0.102
   34   R   0.104   0.104   0.105
   35   R   0.103   0.090   0.104
   36   I   0.104   0.089   0.104
   37   D   0.104   0.088   0.103
   38   L   0.100   0.085   0.100
   39   R   0.102   0.091   0.100
   40   L   0.104   0.088   0.101
   41   S   0.105   0.087   0.101
   42   G   0.101   0.084   0.098
   43   R   0.102   0.095   0.097
   44   A   0.105   0.095   0.099
   45   V   0.100   0.098   0.097
   46   A   0.106   0.113   0.100
   47   V   0.099   0.092   0.096
   48   W   0.101   0.098   0.097
   49   V   0.102   0.091   0.097
   50   H   0.100   0.085   0.096
   51   V   0.103   0.100   0.097
   52   R   0.101   0.103   0.097
   53   G   0.103   0.106   0.099
   54   G   0.101   0.089   0.098
   55   P   0.102   0.089   0.099
   56   G   0.107   0.092   0.101
   57   Q   0.102   0.092   0.099
   58   F   0.104   0.095   0.100
   59   N   0.101   0.088   0.098
   60   L   0.105   0.096   0.100
   61   S   0.104   0.094   0.099
   62   Y   0.103   0.097   0.099
   63   A   0.105   0.094   0.099
   64   T   0.100   0.102   0.097
   65   G   0.105   0.103   0.100
   66   R   0.102   0.104   0.099
   67   H   0.104   0.103   0.100
   68   K   0.101   0.102   0.098
   69   K   0.100   0.102   0.098
   70   P   0.102   0.103   0.099
# Measure  Position  Value    Cutoff   signal peptide?
  max. C    56       0.107
  max. Y    22       0.108
  max. S     9       0.124
  mean S     1-21    0.111
       D     1-21    0.109   0.500   NO
Name=CG033_HUMAN	SP='NO' D=0.109 D-cutoff=0.500 Networks=SignalP-TM
