# SignalP-4.1 euk predictions
# Name=CNNM3_HUMAN	Length=70	Networks=SignalP-TM
# pos  aa    C       S       Y
    1   M   0.103   0.692   0.267
    2   A   0.104   0.613   0.269
    3   A   0.101   0.647   0.263
    4   A   0.101   0.659   0.262
    5   V   0.100   0.699   0.261
    6   A   0.105   0.714   0.267
    7   A   0.102   0.797   0.264
    8   A   0.102   0.833   0.265
    9   G   0.102   0.873   0.267
   10   R   0.101   0.867   0.268
   11   L   0.104   0.886   0.275
   12   G   0.105   0.839   0.278
   13   W   0.099   0.827   0.273
   14   L   0.104   0.759   0.282
   15   F   0.104   0.760   0.282
   16   A   0.107   0.721   0.287
   17   A   0.123   0.739   0.309
   18   L   0.103   0.792   0.285
   19   C   0.104   0.871   0.287
   20   L   0.114   0.858   0.303
   21   G   0.103   0.859   0.290
   22   N   0.122   0.722   0.316
   23   A   0.106   0.861   0.294
   24   A   0.209   0.760   0.412
   25   G   0.129   0.645   0.322
   26   E   0.235   0.414   0.430
   27   A   0.108   0.325   0.286
   28   A   0.322   0.151   0.482
   29   P   0.107   0.143   0.269
   30   G   0.164   0.124   0.322
   31   P   0.101   0.126   0.245
   32   R   0.105   0.112   0.240
   33   V   0.103   0.113   0.227
   34   L   0.104   0.117   0.214
   35   G   0.103   0.093   0.200
   36   F   0.110   0.102   0.193
   37   C   0.107   0.095   0.177
   38   L   0.106   0.092   0.158
   39   E   0.104   0.087   0.141
   40   E   0.102   0.086   0.123
   41   D   0.105   0.082   0.115
   42   G   0.105   0.085   0.107
   43   A   0.104   0.105   0.104
   44   A   0.100   0.102   0.101
   45   G   0.102   0.098   0.101
   46   A   0.109   0.096   0.103
   47   G   0.101   0.093   0.099
   48   W   0.102   0.104   0.098
   49   V   0.101   0.102   0.098
   50   R   0.099   0.101   0.097
   51   G   0.105   0.116   0.100
   52   G   0.101   0.120   0.099
   53   A   0.107   0.113   0.102
   54   A   0.102   0.107   0.101
   55   R   0.104   0.103   0.103
   56   D   0.104   0.100   0.103
   57   T   0.102   0.097   0.103
   58   P   0.107   0.097   0.106
   59   D   0.106   0.097   0.105
   60   A   0.104   0.100   0.104
   61   T   0.102   0.101   0.103
   62   F   0.104   0.103   0.104
   63   L   0.105   0.101   0.105
   64   L   0.105   0.100   0.105
   65   R   0.105   0.098   0.105
   66   L   0.105   0.097   0.104
   67   F   0.106   0.096   0.103
   68   G   0.106   0.094   0.103
   69   P   0.104   0.098   0.101
   70   G   0.106   0.093   0.102
# Measure  Position  Value    Cutoff   signal peptide?
  max. C    28       0.322
  max. Y    28       0.482
  max. S    11       0.886
  mean S     1-27    0.742
       D     1-27    0.586   0.500   YES
Name=CNNM3_HUMAN	SP='YES' Cleavage site between pos. 27 and 28: GEA-AP D=0.586 D-cutoff=0.500 Networks=SignalP-TM
