# SignalP-4.1 euk predictions
# Name=COOA1_HUMAN	Length=70	Networks=SignalP-TM
# pos  aa    C       S       Y
    1   M   0.103   0.108   0.105
    2   H   0.102   0.132   0.105
    3   L   0.102   0.208   0.106
    4   R   0.103   0.216   0.110
    5   A   0.105   0.210   0.114
    6   H   0.098   0.202   0.114
    7   R   0.103   0.218   0.119
    8   T   0.103   0.286   0.123
    9   R   0.102   0.282   0.127
   10   R   0.102   0.326   0.132
   11   G   0.103   0.343   0.139
   12   K   0.099   0.285   0.142
   13   V   0.101   0.250   0.148
   14   S   0.102   0.271   0.152
   15   P   0.102   0.305   0.156
   16   T   0.104   0.404   0.162
   17   A   0.104   0.565   0.168
   18   K   0.098   0.604   0.171
   19   T   0.099   0.716   0.179
   20   K   0.100   0.735   0.190
   21   S   0.105   0.692   0.204
   22   L   0.105   0.562   0.214
   23   L   0.102   0.596   0.215
   24   H   0.103   0.704   0.221
   25   F   0.103   0.673   0.227
   26   I   0.103   0.608   0.233
   27   V   0.104   0.664   0.239
   28   L   0.103   0.702   0.245
   29   C   0.102   0.753   0.250
   30   V   0.100   0.651   0.254
   31   A   0.102   0.703   0.260
   32   G   0.124   0.532   0.288
   33   V   0.111   0.464   0.272
   34   V   0.102   0.574   0.257
   35   V   0.102   0.690   0.255
   36   H   0.103   0.548   0.256
   37   A   0.113   0.359   0.267
   38   Q   0.423   0.140   0.510
   39   E   0.108   0.125   0.249
   40   Q   0.118   0.115   0.252
   41   G   0.104   0.116   0.228
   42   I   0.105   0.106   0.220
   43   D   0.102   0.102   0.207
   44   I   0.101   0.099   0.194
   45   L   0.105   0.098   0.187
   46   H   0.105   0.097   0.174
   47   Q   0.103   0.096   0.163
   48   L   0.104   0.092   0.156
   49   G   0.102   0.095   0.143
   50   L   0.102   0.095   0.126
   51   G   0.107   0.089   0.115
   52   G   0.101   0.095   0.103
   53   K   0.102   0.096   0.102
   54   D   0.102   0.094   0.100
   55   V   0.100   0.095   0.099
   56   R   0.102   0.096   0.099
   57   H   0.101   0.099   0.098
   58   S   0.098   0.098   0.097
   59   S   0.100   0.100   0.098
   60   P   0.100   0.101   0.098
   61   A   0.100   0.104   0.098
   62   T   0.101   0.104   0.099
   63   A   0.105   0.102   0.101
   64   V   0.097   0.102   0.097
   65   P   0.105   0.103   0.102
   66   S   0.105   0.103   0.102
   67   A   0.101   0.104   0.101
   68   S   0.103   0.105   0.101
   69   T   0.102   0.105   0.101
   70   P   0.102   0.104   0.102
# Measure  Position  Value    Cutoff   signal peptide?
  max. C    38       0.423
  max. Y    38       0.510
  max. S    29       0.753
  mean S     1-37    0.463
       D     1-37    0.492   0.500   NO
Name=COOA1_HUMAN	SP='NO' D=0.492 D-cutoff=0.500 Networks=SignalP-TM
