# SignalP-4.1 euk predictions
# Name=CRBA1_HUMAN	Length=70	Networks=SignalP-noTM
# pos  aa    C       S       Y
    1   M   0.101   0.085   0.092
    2   E   0.102   0.080   0.093
    3   T   0.104   0.089   0.094
    4   Q   0.103   0.085   0.094
    5   A   0.105   0.095   0.094
    6   E   0.099   0.100   0.092
    7   Q   0.102   0.098   0.093
    8   Q   0.099   0.106   0.092
    9   E   0.103   0.097   0.095
   10   L   0.099   0.089   0.093
   11   E   0.100   0.086   0.094
   12   T   0.101   0.088   0.094
   13   L   0.101   0.097   0.095
   14   P   0.101   0.094   0.095
   15   T   0.103   0.095   0.096
   16   T   0.105   0.091   0.097
   17   K   0.097   0.092   0.094
   18   M   0.100   0.084   0.095
   19   A   0.102   0.094   0.096
   20   Q   0.092   0.102   0.091
   21   T   0.103   0.098   0.097
   22   N   0.108   0.099   0.100
   23   P   0.102   0.100   0.097
   24   T   0.102   0.100   0.098
   25   P   0.102   0.100   0.098
   26   G   0.101   0.105   0.098
   27   S   0.098   0.109   0.097
   28   L   0.101   0.113   0.099
   29   G   0.100   0.106   0.099
   30   P   0.100   0.102   0.099
   31   W   0.102   0.099   0.100
   32   K   0.103   0.098   0.100
   33   I   0.102   0.095   0.100
   34   T   0.101   0.096   0.100
   35   I   0.100   0.097   0.099
   36   Y   0.100   0.095   0.099
   37   D   0.102   0.090   0.101
   38   Q   0.094   0.098   0.096
   39   E   0.103   0.099   0.101
   40   N   0.100   0.100   0.100
   41   F   0.098   0.101   0.099
   42   Q   0.102   0.104   0.101
   43   G   0.101   0.099   0.101
   44   K   0.096   0.095   0.098
   45   R   0.101   0.098   0.100
   46   M   0.101   0.100   0.101
   47   E   0.105   0.098   0.102
   48   F   0.096   0.100   0.098
   49   T   0.099   0.099   0.099
   50   S   0.102   0.101   0.100
   51   S   0.099   0.100   0.099
   52   C   0.095   0.102   0.097
   53   P   0.102   0.100   0.100
   54   N   0.100   0.093   0.099
   55   V   0.097   0.102   0.098
   56   S   0.103   0.100   0.101
   57   E   0.104   0.100   0.101
   58   R   0.097   0.102   0.098
   59   S   0.102   0.101   0.100
   60   F   0.097   0.103   0.098
   61   D   0.103   0.106   0.102
   62   N   0.106   0.101   0.103
   63   V   0.096   0.100   0.098
   64   R   0.104   0.103   0.102
   65   S   0.106   0.098   0.103
   66   L   0.097   0.101   0.099
   67   K   0.105   0.101   0.103
   68   V   0.101   0.100   0.101
   69   E   0.096   0.100   0.098
   70   S   0.108   0.097   0.104
# Measure  Position  Value    Cutoff   signal peptide?
  max. C    70       0.108
  max. Y    70       0.104
  max. S    28       0.113
  mean S     1-69    0.098
       D     1-69    0.101   0.450   NO
Name=CRBA1_HUMAN	SP='NO' D=0.101 D-cutoff=0.450 Networks=SignalP-noTM
