# SignalP-4.1 euk predictions
# Name=CRIS1_HUMAN	Length=70	Networks=SignalP-noTM
# pos  aa    C       S       Y
    1   M   0.101   0.904   0.302
    2   E   0.103   0.928   0.305
    3   I   0.102   0.934   0.303
    4   K   0.101   0.921   0.303
    5   H   0.103   0.911   0.306
    6   L   0.100   0.900   0.301
    7   L   0.102   0.865   0.304
    8   F   0.101   0.884   0.303
    9   L   0.104   0.896   0.306
   10   V   0.104   0.874   0.307
   11   A   0.108   0.917   0.313
   12   A   0.106   0.867   0.310
   13   A   0.097   0.780   0.296
   14   C   0.098   0.720   0.296
   15   L   0.102   0.711   0.301
   16   L   0.103   0.582   0.301
   17   P   0.095   0.692   0.286
   18   M   0.106   0.696   0.300
   19   L   0.101   0.755   0.293
   20   S   0.100   0.849   0.290
   21   M   0.140   0.732   0.342
   22   K   0.162   0.420   0.366
   23   K   0.156   0.239   0.355
   24   K   0.103   0.235   0.283
   25   S   0.107   0.332   0.283
   26   A   0.141   0.323   0.318
   27   R   0.184   0.190   0.356
   28   D   0.148   0.131   0.311
   29   Q   0.127   0.096   0.281
   30   F   0.101   0.095   0.243
   31   N   0.101   0.092   0.236
   32   K   0.100   0.096   0.227
   33   L   0.101   0.101   0.220
   34   V   0.101   0.092   0.211
   35   T   0.104   0.096   0.206
   36   D   0.107   0.096   0.200
   37   L   0.098   0.090   0.184
   38   P   0.102   0.088   0.180
   39   N   0.104   0.093   0.176
   40   V   0.099   0.088   0.164
   41   Q   0.099   0.088   0.155
   42   E   0.103   0.088   0.147
   43   E   0.099   0.092   0.133
   44   I   0.097   0.094   0.120
   45   V   0.101   0.092   0.116
   46   N   0.098   0.096   0.111
   47   I   0.101   0.099   0.110
   48   H   0.095   0.101   0.102
   49   N   0.107   0.103   0.103
   50   A   0.102   0.101   0.099
   51   L   0.092   0.103   0.093
   52   R   0.107   0.102   0.101
   53   R   0.103   0.097   0.099
   54   R   0.104   0.088   0.100
   55   V   0.104   0.103   0.099
   56   V   0.102   0.100   0.099
   57   P   0.105   0.100   0.100
   58   P   0.102   0.099   0.099
   59   A   0.103   0.103   0.099
   60   S   0.101   0.100   0.099
   61   N   0.098   0.100   0.097
   62   M   0.098   0.099   0.097
   63   L   0.102   0.101   0.100
   64   K   0.105   0.105   0.102
   65   M   0.104   0.098   0.102
   66   S   0.106   0.100   0.102
   67   W   0.101   0.102   0.100
   68   S   0.104   0.103   0.102
   69   E   0.103   0.102   0.102
   70   E   0.101   0.103   0.101
# Measure  Position  Value    Cutoff   signal peptide?
  max. C    27       0.184
  max. Y    22       0.366
  max. S     3       0.934
  mean S     1-21    0.825
       D     1-21    0.614   0.450   YES
Name=CRIS1_HUMAN	SP='YES' Cleavage site between pos. 21 and 22: LSM-KK D=0.614 D-cutoff=0.450 Networks=SignalP-noTM
