# SignalP-4.1 euk predictions
# Name=CSF2_HUMAN	Length=70	Networks=SignalP-TM
# pos  aa    C       S       Y
    1   M   0.102   0.894   0.301
    2   W   0.102   0.892   0.302
    3   L   0.103   0.913   0.303
    4   Q   0.101   0.919   0.301
    5   S   0.103   0.933   0.305
    6   L   0.100   0.945   0.300
    7   L   0.102   0.953   0.304
    8   L   0.102   0.954   0.305
    9   L   0.102   0.942   0.306
   10   G   0.100   0.919   0.303
   11   T   0.100   0.922   0.304
   12   V   0.106   0.937   0.312
   13   A   0.100   0.941   0.303
   14   C   0.115   0.930   0.327
   15   S   0.132   0.899   0.350
   16   I   0.136   0.866   0.355
   17   S   0.105   0.852   0.311
   18   A   0.424   0.555   0.626
   19   P   0.128   0.356   0.339
   20   A   0.114   0.426   0.313
   21   R   0.146   0.227   0.345
   22   S   0.109   0.197   0.289
   23   P   0.176   0.168   0.354
   24   S   0.108   0.139   0.267
   25   P   0.102   0.142   0.248
   26   S   0.106   0.132   0.240
   27   T   0.105   0.135   0.226
   28   Q   0.107   0.125   0.215
   29   P   0.105   0.119   0.198
   30   W   0.110   0.114   0.187
   31   E   0.103   0.112   0.165
   32   H   0.101   0.114   0.146
   33   V   0.102   0.110   0.135
   34   N   0.102   0.101   0.129
   35   A   0.105   0.108   0.120
   36   I   0.103   0.111   0.116
   37   Q   0.107   0.104   0.115
   38   E   0.105   0.104   0.112
   39   A   0.102   0.103   0.109
   40   R   0.099   0.106   0.106
   41   R   0.105   0.099   0.108
   42   L   0.106   0.099   0.108
   43   L   0.103   0.102   0.105
   44   N   0.104   0.097   0.105
   45   L   0.102   0.094   0.103
   46   S   0.105   0.096   0.104
   47   R   0.100   0.096   0.101
   48   D   0.106   0.097   0.104
   49   T   0.103   0.100   0.102
   50   A   0.104   0.099   0.102
   51   A   0.099   0.100   0.099
   52   E   0.102   0.100   0.101
   53   M   0.099   0.105   0.099
   54   N   0.098   0.102   0.099
   55   E   0.102   0.102   0.101
   56   T   0.103   0.099   0.101
   57   V   0.103   0.097   0.101
   58   E   0.102   0.100   0.100
   59   V   0.101   0.101   0.100
   60   I   0.100   0.100   0.100
   61   S   0.105   0.105   0.102
   62   E   0.103   0.104   0.102
   63   M   0.103   0.103   0.102
   64   F   0.103   0.104   0.102
   65   D   0.105   0.104   0.103
   66   L   0.103   0.103   0.103
   67   Q   0.103   0.104   0.102
   68   E   0.104   0.103   0.103
   69   P   0.103   0.104   0.103
   70   T   0.101   0.101   0.102
# Measure  Position  Value    Cutoff   signal peptide?
  max. C    18       0.424
  max. Y    18       0.626
  max. S     8       0.954
  mean S     1-17    0.918
       D     1-17    0.743   0.500   YES
Name=CSF2_HUMAN	SP='YES' Cleavage site between pos. 17 and 18: SIS-AP D=0.743 D-cutoff=0.500 Networks=SignalP-TM
