# SignalP-4.1 euk predictions
# Name=CSMT1_HUMAN	Length=70	Networks=SignalP-TM
# pos  aa    C       S       Y
    1   M   0.102   0.337   0.185
    2   N   0.102   0.376   0.185
    3   R   0.102   0.379   0.186
    4   V   0.103   0.333   0.188
    5   L   0.104   0.291   0.188
    6   C   0.105   0.328   0.188
    7   A   0.103   0.317   0.187
    8   P   0.101   0.325   0.185
    9   A   0.106   0.312   0.188
   10   A   0.097   0.315   0.180
   11   G   0.103   0.400   0.185
   12   A   0.101   0.316   0.185
   13   V   0.097   0.258   0.181
   14   R   0.104   0.223   0.185
   15   A   0.105   0.231   0.184
   16   L   0.128   0.179   0.201
   17   R   0.104   0.182   0.177
   18   L   0.106   0.191   0.174
   19   I   0.106   0.147   0.171
   20   G   0.103   0.184   0.166
   21   W   0.105   0.176   0.164
   22   A   0.107   0.185   0.162
   23   S   0.111   0.129   0.162
   24   R   0.103   0.125   0.151
   25   S   0.104   0.127   0.148
   26   L   0.105   0.116   0.141
   27   H   0.102   0.117   0.133
   28   P   0.101   0.116   0.129
   29   L   0.113   0.102   0.133
   30   P   0.104   0.129   0.124
   31   G   0.104   0.147   0.122
   32   S   0.110   0.132   0.125
   33   R   0.100   0.122   0.118
   34   D   0.105   0.121   0.120
   35   R   0.107   0.113   0.119
   36   A   0.101   0.114   0.113
   37   H   0.101   0.105   0.111
   38   P   0.105   0.117   0.112
   39   A   0.105   0.113   0.112
   40   A   0.098   0.106   0.108
   41   E   0.100   0.109   0.109
   42   E   0.103   0.118   0.110
   43   E   0.100   0.124   0.108
   44   D   0.103   0.127   0.111
   45   D   0.102   0.123   0.110
   46   P   0.105   0.125   0.111
   47   D   0.106   0.117   0.111
   48   R   0.104   0.119   0.110
   49   P   0.107   0.110   0.112
   50   I   0.104   0.115   0.110
   51   E   0.103   0.109   0.110
   52   F   0.104   0.111   0.110
   53   S   0.102   0.108   0.109
   54   S   0.103   0.109   0.109
   55   S   0.103   0.110   0.109
   56   K   0.104   0.108   0.110
   57   A   0.104   0.107   0.109
   58   N   0.098   0.109   0.106
   59   P   0.107   0.103   0.110
   60   H   0.104   0.103   0.108
   61   R   0.104   0.100   0.107
   62   W   0.102   0.102   0.105
   63   S   0.100   0.101   0.104
   64   V   0.099   0.106   0.103
   65   G   0.105   0.101   0.106
   66   H   0.099   0.103   0.102
   67   T   0.101   0.103   0.103
   68   M   0.104   0.105   0.104
   69   G   0.107   0.101   0.105
   70   K   0.100   0.104   0.102
# Measure  Position  Value    Cutoff   signal peptide?
  max. C    16       0.128
  max. Y    16       0.201
  max. S    11       0.400
  mean S     1-15    0.316
       D     1-15    0.247   0.500   NO
Name=CSMT1_HUMAN	SP='NO' D=0.247 D-cutoff=0.500 Networks=SignalP-TM
