# SignalP-4.1 euk predictions
# Name=CX6B2_HUMAN	Length=70	Networks=SignalP-noTM
# pos  aa    C       S       Y
    1   M   0.101   0.103   0.102
    2   L   0.101   0.108   0.102
    3   D   0.103   0.123   0.103
    4   V   0.100   0.118   0.102
    5   E   0.107   0.122   0.106
    6   A   0.106   0.123   0.106
    7   Q   0.109   0.112   0.108
    8   E   0.104   0.103   0.106
    9   P   0.097   0.106   0.102
   10   P   0.100   0.100   0.103
   11   K   0.104   0.097   0.106
   12   G   0.102   0.109   0.104
   13   K   0.095   0.111   0.101
   14   W   0.099   0.122   0.103
   15   S   0.102   0.121   0.105
   16   T   0.101   0.117   0.105
   17   P   0.098   0.110   0.104
   18   P   0.102   0.104   0.106
   19   F   0.102   0.107   0.106
   20   D   0.104   0.109   0.107
   21   P   0.104   0.108   0.107
   22   R   0.103   0.112   0.107
   23   F   0.102   0.106   0.107
   24   P   0.105   0.106   0.108
   25   S   0.105   0.104   0.108
   26   Q   0.104   0.106   0.107
   27   N   0.103   0.098   0.107
   28   Q   0.099   0.094   0.104
   29   I   0.099   0.096   0.103
   30   R   0.100   0.101   0.103
   31   N   0.105   0.092   0.106
   32   C   0.099   0.095   0.102
   33   Y   0.098   0.095   0.102
   34   Q   0.099   0.094   0.102
   35   N   0.103   0.089   0.104
   36   F   0.096   0.091   0.100
   37   L   0.097   0.094   0.100
   38   D   0.101   0.100   0.101
   39   Y   0.103   0.099   0.102
   40   H   0.098   0.096   0.099
   41   R   0.104   0.098   0.102
   42   C   0.103   0.095   0.101
   43   L   0.099   0.100   0.099
   44   K   0.098   0.095   0.098
   45   T   0.100   0.095   0.099
   46   R   0.100   0.101   0.099
   47   T   0.104   0.095   0.101
   48   R   0.106   0.094   0.101
   49   R   0.103   0.103   0.099
   50   G   0.100   0.098   0.098
   51   K   0.094   0.101   0.095
   52   S   0.103   0.096   0.099
   53   T   0.101   0.094   0.098
   54   Q   0.104   0.089   0.100
   55   P   0.100   0.090   0.098
   56   C   0.103   0.095   0.099
   57   E   0.105   0.085   0.100
   58   Y   0.098   0.095   0.097
   59   Y   0.098   0.092   0.097
   60   F   0.099   0.095   0.097
   61   R   0.101   0.098   0.098
   62   V   0.104   0.097   0.100
   63   Y   0.104   0.097   0.100
   64   H   0.103   0.095   0.099
   65   S   0.102   0.094   0.098
   66   L   0.101   0.094   0.098
   67   C   0.103   0.096   0.099
   68   P   0.097   0.095   0.096
   69   I   0.105   0.094   0.100
   70   S   0.101   0.097   0.098
# Measure  Position  Value    Cutoff   signal peptide?
  max. C     7       0.109
  max. Y    25       0.108
  max. S     3       0.123
  mean S     1-24    0.111
       D     1-24    0.110   0.450   NO
Name=CX6B2_HUMAN	SP='NO' D=0.110 D-cutoff=0.450 Networks=SignalP-noTM
