# SignalP-4.1 euk predictions
# Name=DC121_HUMAN	Length=70	Networks=SignalP-TM
# pos  aa    C       S       Y
    1   M   0.103   0.107   0.105
    2   A   0.103   0.102   0.105
    3   Q   0.101   0.104   0.103
    4   Q   0.104   0.101   0.105
    5   Q   0.101   0.107   0.103
    6   T   0.102   0.104   0.104
    7   G   0.101   0.100   0.103
    8   S   0.099   0.111   0.102
    9   R   0.099   0.108   0.102
   10   K   0.100   0.117   0.103
   11   R   0.099   0.122   0.103
   12   K   0.103   0.091   0.105
   13   A   0.103   0.095   0.105
   14   P   0.101   0.096   0.103
   15   A   0.106   0.092   0.105
   16   V   0.097   0.090   0.100
   17   E   0.105   0.096   0.104
   18   A   0.102   0.109   0.102
   19   D   0.102   0.107   0.102
   20   A   0.105   0.108   0.104
   21   E   0.097   0.105   0.100
   22   S   0.105   0.108   0.104
   23   S   0.102   0.106   0.102
   24   P   0.104   0.106   0.104
   25   S   0.106   0.107   0.104
   26   Q   0.099   0.114   0.100
   27   G   0.103   0.160   0.103
   28   L   0.101   0.119   0.104
   29   A   0.104   0.128   0.107
   30   A   0.105   0.104   0.108
   31   A   0.109   0.105   0.111
   32   D   0.100   0.104   0.107
   33   G   0.105   0.103   0.109
   34   E   0.104   0.103   0.108
   35   G   0.106   0.103   0.109
   36   P   0.099   0.102   0.105
   37   L   0.105   0.098   0.108
   38   L   0.104   0.101   0.107
   39   L   0.105   0.099   0.108
   40   K   0.104   0.106   0.107
   41   R   0.105   0.101   0.108
   42   Q   0.106   0.097   0.106
   43   R   0.104   0.093   0.104
   44   R   0.103   0.093   0.102
   45   P   0.105   0.102   0.103
   46   A   0.103   0.102   0.102
   47   T   0.097   0.093   0.099
   48   Y   0.103   0.098   0.101
   49   R   0.096   0.099   0.097
   50   S   0.103   0.104   0.101
   51   M   0.101   0.109   0.100
   52   A   0.103   0.102   0.102
   53   H   0.098   0.105   0.099
   54   Y   0.102   0.106   0.101
   55   L   0.101   0.105   0.101
   56   K   0.106   0.106   0.103
   57   V   0.105   0.102   0.103
   58   R   0.104   0.099   0.103
   59   E   0.105   0.098   0.103
   60   V   0.104   0.094   0.103
   61   G   0.104   0.096   0.103
   62   G   0.103   0.097   0.102
   63   W   0.099   0.102   0.100
   64   G   0.105   0.099   0.103
   65   P   0.102   0.102   0.102
   66   A   0.105   0.102   0.103
   67   R   0.098   0.106   0.100
   68   L   0.107   0.106   0.104
   69   Q   0.101   0.105   0.101
   70   G   0.103   0.104   0.102
# Measure  Position  Value    Cutoff   signal peptide?
  max. C    31       0.109
  max. Y    31       0.111
  max. S    27       0.160
  mean S     1-30    0.107
       D     1-30    0.109   0.500   NO
Name=DC121_HUMAN	SP='NO' D=0.109 D-cutoff=0.500 Networks=SignalP-TM
