# SignalP-4.1 euk predictions
# Name=DCAF4_HUMAN	Length=70	Networks=SignalP-noTM
# pos  aa    C       S       Y
    1   M   0.101   0.130   0.115
    2   N   0.101   0.129   0.115
    3   K   0.101   0.145   0.115
    4   S   0.100   0.147   0.114
    5   R   0.101   0.180   0.115
    6   W   0.103   0.170   0.118
    7   Q   0.099   0.147   0.116
    8   S   0.100   0.155   0.117
    9   R   0.099   0.149   0.117
   10   R   0.101   0.135   0.118
   11   R   0.105   0.121   0.120
   12   H   0.103   0.110   0.119
   13   G   0.104   0.111   0.119
   14   R   0.095   0.106   0.114
   15   R   0.105   0.099   0.119
   16   S   0.106   0.106   0.119
   17   H   0.099   0.101   0.114
   18   Q   0.100   0.101   0.115
   19   Q   0.104   0.103   0.116
   20   N   0.098   0.099   0.113
   21   P   0.100   0.098   0.113
   22   W   0.103   0.100   0.114
   23   F   0.103   0.102   0.114
   24   R   0.102   0.102   0.112
   25   L   0.099   0.105   0.110
   26   R   0.101   0.107   0.110
   27   D   0.107   0.097   0.112
   28   S   0.106   0.099   0.110
   29   E   0.099   0.103   0.105
   30   D   0.101   0.103   0.105
   31   R   0.097   0.101   0.102
   32   S   0.106   0.106   0.106
   33   D   0.097   0.098   0.100
   34   S   0.100   0.094   0.101
   35   R   0.100   0.108   0.101
   36   A   0.106   0.096   0.104
   37   A   0.098   0.104   0.100
   38   Q   0.099   0.112   0.100
   39   P   0.106   0.104   0.104
   40   A   0.100   0.104   0.101
   41   H   0.097   0.111   0.099
   42   D   0.106   0.107   0.104
   43   S   0.100   0.101   0.101
   44   G   0.105   0.099   0.104
   45   H   0.099   0.100   0.101
   46   G   0.106   0.104   0.104
   47   D   0.096   0.105   0.100
   48   D   0.107   0.106   0.105
   49   E   0.101   0.104   0.102
   50   S   0.104   0.104   0.104
   51   P   0.099   0.106   0.101
   52   S   0.105   0.098   0.104
   53   T   0.101   0.099   0.102
   54   S   0.103   0.087   0.103
   55   S   0.100   0.086   0.101
   56   G   0.102   0.084   0.102
   57   T   0.103   0.091   0.102
   58   A   0.105   0.098   0.103
   59   G   0.099   0.096   0.100
   60   T   0.102   0.098   0.101
   61   S   0.103   0.101   0.101
   62   S   0.106   0.096   0.103
   63   V   0.100   0.096   0.100
   64   P   0.097   0.098   0.098
   65   E   0.105   0.096   0.102
   66   L   0.103   0.098   0.101
   67   P   0.107   0.095   0.103
   68   G   0.109   0.096   0.103
   69   F   0.097   0.096   0.097
   70   Y   0.107   0.094   0.102
# Measure  Position  Value    Cutoff   signal peptide?
  max. C    68       0.109
  max. Y    11       0.120
  max. S     5       0.180
  mean S     1-10    0.149
       D     1-10    0.136   0.450   NO
Name=DCAF4_HUMAN	SP='NO' D=0.136 D-cutoff=0.450 Networks=SignalP-noTM
