# SignalP-4.1 euk predictions
# Name=DHI2_HUMAN	Length=70	Networks=SignalP-noTM
# pos  aa    C       S       Y
    1   M   0.102   0.925   0.307
    2   E   0.102   0.917   0.308
    3   R   0.100   0.941   0.305
    4   W   0.103   0.950   0.309
    5   P   0.102   0.932   0.307
    6   W   0.099   0.906   0.303
    7   P   0.103   0.892   0.309
    8   S   0.103   0.902   0.308
    9   G   0.103   0.891   0.308
   10   G   0.099   0.914   0.302
   11   A   0.103   0.942   0.308
   12   W   0.099   0.936   0.301
   13   L   0.101   0.912   0.306
   14   L   0.099   0.889   0.302
   15   V   0.106   0.762   0.313
   16   A   0.110   0.813   0.317
   17   A   0.106   0.708   0.310
   18   R   0.107   0.683   0.310
   19   A   0.112   0.759   0.315
   20   L   0.131   0.566   0.340
   21   L   0.100   0.573   0.294
   22   Q   0.121   0.404   0.320
   23   L   0.120   0.476   0.315
   24   L   0.109   0.623   0.296
   25   R   0.102   0.551   0.284
   26   S   0.117   0.441   0.300
   27   D   0.134   0.359   0.317
   28   L   0.103   0.517   0.273
   29   R   0.105   0.488   0.273
   30   L   0.105   0.397   0.268
   31   G   0.105   0.473   0.264
   32   R   0.152   0.247   0.313
   33   P   0.108   0.227   0.257
   34   L   0.107   0.237   0.250
   35   L   0.102   0.526   0.237
   36   A   0.106   0.595   0.238
   37   A   0.102   0.572   0.230
   38   L   0.104   0.362   0.230
   39   A   0.104   0.333   0.226
   40   L   0.101   0.334   0.218
   41   L   0.110   0.409   0.225
   42   A   0.106   0.508   0.216
   43   A   0.103   0.334   0.212
   44   L   0.107   0.289   0.214
   45   D   0.099   0.330   0.205
   46   W   0.105   0.360   0.209
   47   L   0.108   0.417   0.209
   48   C   0.102   0.603   0.201
   49   Q   0.108   0.672   0.209
   50   R   0.117   0.595   0.221
   51   L   0.147   0.254   0.250
   52   L   0.104   0.189   0.208
   53   P   0.101   0.142   0.202
   54   P   0.106   0.144   0.202
   55   P   0.103   0.146   0.198
   56   A   0.107   0.167   0.201
   57   A   0.099   0.160   0.193
   58   L   0.103   0.136   0.192
   59   A   0.108   0.117   0.191
   60   V   0.109   0.112   0.187
   61   L   0.107   0.104   0.181
   62   A   0.109   0.106   0.180
   63   A   0.103   0.105   0.171
   64   A   0.108   0.099   0.172
   65   G   0.104   0.105   0.162
   66   W   0.098   0.102   0.155
   67   I   0.104   0.097   0.156
   68   A   0.101   0.102   0.150
   69   L   0.098   0.102   0.144
   70   S   0.102   0.109   0.142
# Measure  Position  Value    Cutoff   signal peptide?
  max. C    32       0.152
  max. Y    20       0.340
  max. S     4       0.950
  mean S     1-19    0.872
       D     1-19    0.627   0.450   YES
Name=DHI2_HUMAN	SP='YES' Cleavage site between pos. 19 and 20: ARA-LL D=0.627 D-cutoff=0.450 Networks=SignalP-noTM
