# SignalP-4.1 euk predictions
# Name=DMBT1_HUMAN	Length=70	Networks=SignalP-TM
# pos  aa    C       S       Y
    1   M   0.101   0.738   0.274
    2   G   0.103   0.732   0.276
    3   I   0.100   0.649   0.271
    4   S   0.103   0.571   0.275
    5   T   0.102   0.637   0.270
    6   V   0.101   0.611   0.269
    7   I   0.101   0.647   0.267
    8   L   0.102   0.664   0.266
    9   E   0.099   0.703   0.262
   10   M   0.100   0.694   0.263
   11   C   0.105   0.692   0.269
   12   L   0.101   0.696   0.263
   13   L   0.102   0.734   0.264
   14   W   0.101   0.716   0.262
   15   G   0.103   0.700   0.264
   16   Q   0.116   0.576   0.280
   17   V   0.102   0.703   0.260
   18   L   0.101   0.682   0.260
   19   S   0.102   0.629   0.263
   20   T   0.373   0.375   0.502
   21   G   0.115   0.370   0.276
   22   G   0.140   0.224   0.299
   23   W   0.163   0.156   0.314
   24   I   0.108   0.158   0.247
   25   P   0.100   0.144   0.230
   26   R   0.105   0.127   0.227
   27   T   0.101   0.134   0.213
   28   T   0.103   0.128   0.205
   29   D   0.101   0.126   0.192
   30   Y   0.113   0.127   0.191
   31   A   0.110   0.113   0.179
   32   S   0.101   0.101   0.159
   33   L   0.103   0.106   0.146
   34   I   0.107   0.105   0.135
   35   P   0.103   0.101   0.125
   36   S   0.107   0.099   0.119
   37   E   0.100   0.098   0.111
   38   V   0.104   0.097   0.111
   39   P   0.103   0.099   0.109
   40   L   0.102   0.096   0.107
   41   D   0.099   0.092   0.104
   42   P   0.104   0.093   0.105
   43   T   0.104   0.101   0.104
   44   V   0.103   0.095   0.103
   45   A   0.103   0.092   0.101
   46   E   0.104   0.098   0.101
   47   G   0.100   0.094   0.099
   48   S   0.114   0.101   0.105
   49   P   0.104   0.100   0.100
   50   F   0.102   0.105   0.099
   51   P   0.103   0.106   0.100
   52   S   0.104   0.104   0.101
   53   E   0.102   0.100   0.100
   54   S   0.104   0.101   0.101
   55   T   0.099   0.101   0.099
   56   L   0.104   0.101   0.102
   57   E   0.100   0.101   0.100
   58   S   0.101   0.104   0.101
   59   T   0.103   0.099   0.102
   60   V   0.106   0.100   0.104
   61   A   0.105   0.098   0.103
   62   E   0.100   0.102   0.101
   63   G   0.103   0.101   0.102
   64   S   0.099   0.101   0.100
   65   P   0.105   0.099   0.103
   66   I   0.102   0.100   0.101
   67   S   0.101   0.102   0.101
   68   L   0.102   0.103   0.102
   69   E   0.101   0.104   0.101
   70   S   0.104   0.104   0.103
# Measure  Position  Value    Cutoff   signal peptide?
  max. C    20       0.373
  max. Y    20       0.502
  max. S     1       0.738
  mean S     1-19    0.672
       D     1-19    0.570   0.500   YES
Name=DMBT1_HUMAN	SP='YES' Cleavage site between pos. 19 and 20: VLS-TG D=0.570 D-cutoff=0.500 Networks=SignalP-TM
