# SignalP-4.1 euk predictions
# Name=DOC10_HUMAN	Length=70	Networks=SignalP-TM
# pos  aa    C       S       Y
    1   M   0.103   0.196   0.142
    2   A   0.104   0.297   0.142
    3   G   0.099   0.224   0.142
    4   E   0.101   0.182   0.144
    5   R   0.102   0.190   0.144
    6   T   0.103   0.200   0.145
    7   R   0.102   0.199   0.144
    8   R   0.102   0.163   0.144
    9   F   0.104   0.137   0.145
   10   T   0.102   0.157   0.142
   11   R   0.103   0.128   0.142
   12   S   0.105   0.139   0.142
   13   L   0.101   0.140   0.137
   14   L   0.104   0.117   0.137
   15   R   0.100   0.119   0.133
   16   P   0.105   0.111   0.134
   17   G   0.105   0.098   0.129
   18   Q   0.102   0.095   0.123
   19   A   0.108   0.111   0.124
   20   A   0.131   0.111   0.134
   21   E   0.099   0.105   0.114
   22   L   0.102   0.106   0.112
   23   R   0.100   0.103   0.109
   24   H   0.102   0.117   0.109
   25   S   0.103   0.143   0.109
   26   A   0.102   0.130   0.109
   27   A   0.100   0.163   0.107
   28   S   0.104   0.155   0.110
   29   A   0.108   0.114   0.113
   30   A   0.102   0.098   0.110
   31   A   0.103   0.101   0.110
   32   V   0.104   0.091   0.111
   33   A   0.104   0.099   0.110
   34   V   0.100   0.097   0.108
   35   S   0.103   0.106   0.109
   36   S   0.104   0.107   0.110
   37   R   0.104   0.114   0.110
   38   Q   0.108   0.109   0.112
   39   Q   0.106   0.114   0.111
   40   Q   0.103   0.111   0.108
   41   R   0.105   0.112   0.109
   42   Q   0.103   0.119   0.106
   43   E   0.105   0.117   0.106
   44   K   0.100   0.116   0.103
   45   P   0.102   0.117   0.105
   46   R   0.103   0.124   0.106
   47   L   0.105   0.118   0.108
   48   L   0.104   0.112   0.108
   49   E   0.103   0.109   0.108
   50   P   0.106   0.106   0.110
   51   L   0.104   0.111   0.109
   52   D   0.108   0.102   0.111
   53   Y   0.106   0.099   0.110
   54   E   0.101   0.099   0.107
   55   T   0.102   0.098   0.106
   56   V   0.103   0.095   0.107
   57   I   0.103   0.094   0.106
   58   E   0.099   0.103   0.103
   59   E   0.101   0.100   0.103
   60   L   0.099   0.103   0.102
   61   E   0.102   0.102   0.103
   62   K   0.101   0.102   0.102
   63   T   0.100   0.105   0.101
   64   Y   0.103   0.106   0.102
   65   R   0.104   0.103   0.103
   66   N   0.103   0.106   0.102
   67   D   0.101   0.105   0.101
   68   P   0.103   0.105   0.102
   69   L   0.102   0.106   0.102
   70   Q   0.102   0.106   0.102
# Measure  Position  Value    Cutoff   signal peptide?
  max. C    20       0.131
  max. Y    11       0.142
  max. S     2       0.297
  mean S     1-10    0.194
       D     1-10    0.163   0.500   NO
Name=DOC10_HUMAN	SP='NO' D=0.163 D-cutoff=0.500 Networks=SignalP-TM
