# SignalP-4.1 euk predictions
# Name=DPY30_HUMAN	Length=70	Networks=SignalP-TM
# pos  aa    C       S       Y
    1   M   0.101   0.076   0.088
    2   E   0.101   0.076   0.087
    3   P   0.102   0.080   0.088
    4   E   0.103   0.078   0.088
    5   Q   0.103   0.077   0.088
    6   M   0.102   0.078   0.088
    7   L   0.100   0.078   0.087
    8   E   0.102   0.082   0.089
    9   G   0.102   0.078   0.089
   10   Q   0.101   0.078   0.088
   11   T   0.105   0.083   0.090
   12   Q   0.103   0.069   0.090
   13   V   0.103   0.065   0.089
   14   A   0.099   0.068   0.087
   15   E   0.098   0.075   0.086
   16   N   0.099   0.079   0.087
   17   P   0.100   0.092   0.087
   18   H   0.102   0.096   0.089
   19   S   0.102   0.094   0.089
   20   E   0.098   0.097   0.088
   21   Y   0.101   0.104   0.090
   22   G   0.101   0.103   0.091
   23   L   0.100   0.108   0.092
   24   T   0.104   0.105   0.095
   25   D   0.105   0.110   0.096
   26   N   0.103   0.101   0.096
   27   V   0.101   0.103   0.097
   28   E   0.103   0.099   0.099
   29   R   0.104   0.100   0.101
   30   I   0.101   0.105   0.100
   31   V   0.103   0.106   0.102
   32   E   0.104   0.106   0.103
   33   N   0.102   0.108   0.102
   34   E   0.101   0.107   0.103
   35   K   0.102   0.106   0.103
   36   I   0.102   0.104   0.104
   37   N   0.103   0.111   0.104
   38   A   0.103   0.110   0.104
   39   E   0.099   0.109   0.102
   40   K   0.104   0.110   0.104
   41   S   0.100   0.109   0.103
   42   S   0.100   0.104   0.103
   43   K   0.102   0.110   0.104
   44   Q   0.100   0.108   0.104
   45   K   0.102   0.106   0.105
   46   V   0.100   0.101   0.104
   47   D   0.105   0.101   0.106
   48   L   0.104   0.099   0.106
   49   Q   0.100   0.097   0.103
   50   S   0.103   0.098   0.104
   51   L   0.101   0.096   0.103
   52   P   0.103   0.093   0.103
   53   T   0.104   0.093   0.104
   54   R   0.103   0.094   0.103
   55   A   0.105   0.093   0.103
   56   Y   0.098   0.091   0.099
   57   L   0.102   0.094   0.100
   58   D   0.100   0.096   0.099
   59   Q   0.101   0.098   0.099
   60   T   0.103   0.099   0.100
   61   V   0.100   0.107   0.098
   62   V   0.106   0.101   0.101
   63   P   0.101   0.108   0.099
   64   I   0.100   0.090   0.099
   65   L   0.103   0.102   0.100
   66   L   0.108   0.106   0.102
   67   Q   0.100   0.109   0.099
   68   G   0.103   0.113   0.101
   69   L   0.101   0.104   0.101
   70   A   0.107   0.103   0.104
# Measure  Position  Value    Cutoff   signal peptide?
  max. C    66       0.108
  max. Y    47       0.106
  max. S    68       0.113
  mean S     1-46    0.095
       D     1-46    0.101   0.500   NO
Name=DPY30_HUMAN	SP='NO' D=0.101 D-cutoff=0.500 Networks=SignalP-TM
