# SignalP-4.1 euk predictions
# Name=DRC9_HUMAN	Length=70	Networks=SignalP-TM
# pos  aa    C       S       Y
    1   M   0.102   0.088   0.095
    2   E   0.102   0.089   0.095
    3   E   0.101   0.100   0.094
    4   D   0.101   0.092   0.095
    5   S   0.103   0.099   0.096
    6   L   0.100   0.104   0.095
    7   E   0.101   0.101   0.096
    8   D   0.101   0.093   0.096
    9   S   0.102   0.093   0.097
   10   N   0.100   0.067   0.096
   11   L   0.103   0.057   0.097
   12   P   0.102   0.067   0.095
   13   P   0.101   0.079   0.094
   14   K   0.103   0.084   0.095
   15   V   0.103   0.076   0.095
   16   W   0.102   0.067   0.094
   17   H   0.100   0.075   0.092
   18   S   0.100   0.080   0.091
   19   E   0.100   0.088   0.090
   20   M   0.102   0.086   0.091
   21   T   0.097   0.090   0.088
   22   V   0.101   0.089   0.089
   23   S   0.104   0.089   0.090
   24   V   0.103   0.091   0.090
   25   T   0.100   0.107   0.089
   26   G   0.105   0.100   0.093
   27   E   0.180   0.089   0.124
   28   P   0.101   0.098   0.094
   29   P   0.105   0.100   0.096
   30   S   0.103   0.086   0.096
   31   T   0.100   0.097   0.095
   32   V   0.105   0.100   0.098
   33   E   0.107   0.108   0.100
   34   E   0.101   0.110   0.098
   35   E   0.111   0.107   0.104
   36   G   0.103   0.115   0.100
   37   I   0.102   0.115   0.101
   38   P   0.103   0.114   0.102
   39   K   0.104   0.113   0.104
   40   E   0.103   0.109   0.103
   41   T   0.104   0.109   0.104
   42   D   0.105   0.111   0.106
   43   I   0.103   0.111   0.105
   44   E   0.101   0.112   0.104
   45   I   0.104   0.109   0.107
   46   I   0.101   0.108   0.106
   47   P   0.104   0.103   0.107
   48   E   0.102   0.105   0.106
   49   I   0.104   0.105   0.107
   50   P   0.104   0.098   0.107
   51   E   0.104   0.098   0.106
   52   T   0.103   0.094   0.105
   53   L   0.102   0.095   0.104
   54   E   0.104   0.097   0.104
   55   P   0.102   0.098   0.103
   56   L   0.099   0.102   0.101
   57   S   0.105   0.099   0.104
   58   L   0.102   0.098   0.102
   59   P   0.102   0.099   0.102
   60   D   0.101   0.097   0.100
   61   V   0.106   0.098   0.103
   62   L   0.102   0.097   0.100
   63   R   0.102   0.100   0.100
   64   I   0.102   0.098   0.100
   65   S   0.102   0.099   0.100
   66   A   0.100   0.099   0.099
   67   V   0.099   0.100   0.098
   68   L   0.100   0.100   0.099
   69   E   0.100   0.099   0.099
   70   D   0.100   0.098   0.099
# Measure  Position  Value    Cutoff   signal peptide?
  max. C    27       0.180
  max. Y    27       0.124
  max. S    37       0.115
  mean S     1-26    0.086
       D     1-26    0.109   0.500   NO
Name=DRC9_HUMAN	SP='NO' D=0.109 D-cutoff=0.500 Networks=SignalP-TM
