# SignalP-4.1 euk predictions
# Name=DRG1_HUMAN	Length=70	Networks=SignalP-TM
# pos  aa    C       S       Y
    1   M   0.101   0.109   0.105
    2   S   0.102   0.101   0.105
    3   S   0.101   0.096   0.105
    4   T   0.101   0.092   0.105
    5   L   0.103   0.091   0.105
    6   A   0.100   0.087   0.103
    7   K   0.099   0.086   0.101
    8   I   0.105   0.090   0.103
    9   A   0.100   0.086   0.100
   10   E   0.100   0.093   0.099
   11   I   0.103   0.133   0.100
   12   E   0.101   0.105   0.100
   13   A   0.103   0.153   0.101
   14   E   0.108   0.119   0.105
   15   M   0.103   0.167   0.103
   16   A   0.102   0.163   0.104
   17   R   0.103   0.146   0.107
   18   T   0.105   0.172   0.110
   19   Q   0.117   0.137   0.119
   20   K   0.102   0.138   0.113
   21   N   0.102   0.140   0.114
   22   K   0.101   0.134   0.115
   23   A   0.104   0.136   0.119
   24   T   0.106   0.119   0.121
   25   A   0.105   0.117   0.121
   26   H   0.106   0.115   0.122
   27   H   0.103   0.112   0.120
   28   L   0.101   0.111   0.118
   29   G   0.103   0.105   0.119
   30   L   0.100   0.098   0.115
   31   L   0.106   0.104   0.116
   32   K   0.105   0.091   0.114
   33   A   0.104   0.108   0.111
   34   R   0.099   0.104   0.107
   35   L   0.107   0.127   0.110
   36   A   0.103   0.122   0.108
   37   K   0.099   0.113   0.105
   38   L   0.101   0.106   0.105
   39   R   0.100   0.096   0.105
   40   R   0.102   0.108   0.105
   41   E   0.107   0.102   0.107
   42   L   0.102   0.102   0.104
   43   I   0.101   0.102   0.104
   44   T   0.101   0.095   0.103
   45   P   0.101   0.096   0.103
   46   K   0.102   0.099   0.104
   47   G   0.104   0.101   0.105
   48   G   0.102   0.105   0.104
   49   G   0.100   0.101   0.103
   50   G   0.101   0.100   0.102
   51   G   0.100   0.101   0.101
   52   G   0.100   0.099   0.101
   53   P   0.102   0.104   0.101
   54   G   0.102   0.100   0.102
   55   E   0.101   0.104   0.101
   56   G   0.106   0.102   0.103
   57   F   0.098   0.103   0.099
   58   D   0.106   0.103   0.103
   59   V   0.103   0.099   0.102
   60   A   0.105   0.101   0.103
   61   K   0.100   0.102   0.101
   62   T   0.106   0.099   0.104
   63   G   0.104   0.094   0.103
   64   D   0.106   0.098   0.103
   65   A   0.104   0.097   0.102
   66   R   0.098   0.098   0.099
   67   I   0.107   0.094   0.104
   68   G   0.102   0.094   0.101
   69   F   0.102   0.096   0.101
   70   V   0.107   0.096   0.103
# Measure  Position  Value    Cutoff   signal peptide?
  max. C    19       0.117
  max. Y    26       0.122
  max. S    18       0.172
  mean S     1-25    0.120
       D     1-25    0.121   0.500   NO
Name=DRG1_HUMAN	SP='NO' D=0.121 D-cutoff=0.500 Networks=SignalP-TM
