# SignalP-4.1 euk predictions
# Name=DRIC1_HUMAN	Length=70	Networks=SignalP-TM
# pos  aa    C       S       Y
    1   M   0.102   0.197   0.141
    2   G   0.102   0.197   0.142
    3   N   0.100   0.244   0.140
    4   I   0.103   0.165   0.144
    5   L   0.102   0.152   0.142
    6   T   0.103   0.143   0.142
    7   C   0.101   0.148   0.139
    8   C   0.103   0.179   0.139
    9   I   0.101   0.188   0.137
   10   N   0.099   0.180   0.136
   11   S   0.101   0.186   0.137
   12   H   0.099   0.216   0.135
   13   C   0.101   0.257   0.137
   14   G   0.102   0.202   0.139
   15   W   0.096   0.169   0.135
   16   P   0.099   0.164   0.136
   17   R   0.119   0.137   0.148
   18   G   0.101   0.191   0.134
   19   K   0.105   0.144   0.137
   20   D   0.099   0.131   0.133
   21   A   0.122   0.116   0.147
   22   P   0.108   0.113   0.138
   23   C   0.105   0.110   0.134
   24   Y   0.101   0.111   0.130
   25   E   0.102   0.108   0.128
   26   S   0.100   0.102   0.125
   27   D   0.101   0.105   0.122
   28   T   0.102   0.103   0.118
   29   D   0.104   0.108   0.116
   30   I   0.102   0.098   0.113
   31   Y   0.103   0.097   0.111
   32   E   0.103   0.093   0.110
   33   T   0.103   0.094   0.106
   34   V   0.103   0.097   0.105
   35   A   0.107   0.097   0.105
   36   A   0.100   0.102   0.101
   37   A   0.099   0.095   0.100
   38   T   0.102   0.093   0.101
   39   S   0.106   0.098   0.103
   40   E   0.099   0.094   0.099
   41   S   0.102   0.101   0.100
   42   T   0.101   0.101   0.099
   43   T   0.102   0.099   0.100
   44   V   0.103   0.102   0.100
   45   E   0.101   0.102   0.099
   46   P   0.105   0.099   0.101
   47   G   0.101   0.103   0.100
   48   K   0.100   0.103   0.100
   49   L   0.105   0.098   0.102
   50   D   0.103   0.103   0.101
   51   V   0.105   0.103   0.102
   52   G   0.105   0.101   0.102
   53   A   0.105   0.105   0.103
   54   T   0.099   0.104   0.100
   55   E   0.107   0.105   0.104
   56   G   0.103   0.104   0.102
   57   Q   0.098   0.107   0.100
   58   D   0.105   0.102   0.104
   59   L   0.100   0.106   0.101
   60   Q   0.105   0.102   0.104
   61   H   0.102   0.106   0.102
   62   I   0.104   0.106   0.104
   63   S   0.103   0.102   0.103
   64   N   0.101   0.109   0.103
   65   Q   0.100   0.105   0.102
   66   K   0.099   0.107   0.102
   67   M   0.101   0.105   0.103
   68   P   0.102   0.105   0.104
   69   T   0.103   0.106   0.104
   70   G   0.106   0.103   0.105
# Measure  Position  Value    Cutoff   signal peptide?
  max. C    21       0.122
  max. Y    17       0.148
  max. S    13       0.257
  mean S     1-16    0.187
       D     1-16    0.164   0.500   NO
Name=DRIC1_HUMAN	SP='NO' D=0.164 D-cutoff=0.500 Networks=SignalP-TM
