# SignalP-4.1 euk predictions
# Name=DSC1_HUMAN	Length=70	Networks=SignalP-TM
# pos  aa    C       S       Y
    1   M   0.103   0.622   0.253
    2   A   0.104   0.635   0.254
    3   L   0.100   0.701   0.249
    4   A   0.104   0.652   0.256
    5   S   0.101   0.734   0.252
    6   A   0.105   0.748   0.259
    7   A   0.104   0.743   0.260
    8   P   0.100   0.706   0.256
    9   G   0.103   0.719   0.261
   10   S   0.098   0.797   0.256
   11   I   0.104   0.870   0.266
   12   F   0.100   0.892   0.264
   13   C   0.099   0.880   0.267
   14   K   0.109   0.869   0.283
   15   Q   0.103   0.807   0.279
   16   L   0.103   0.782   0.282
   17   L   0.103   0.806   0.283
   18   F   0.100   0.843   0.281
   19   S   0.104   0.838   0.289
   20   L   0.107   0.842   0.294
   21   L   0.103   0.825   0.290
   22   V   0.105   0.855   0.294
   23   L   0.102   0.850   0.291
   24   T   0.102   0.885   0.292
   25   L   0.112   0.836   0.308
   26   L   0.102   0.796   0.294
   27   C   0.106   0.710   0.298
   28   D   0.145   0.515   0.345
   29   A   0.108   0.499   0.294
   30   C   0.223   0.239   0.416
   31   Q   0.109   0.255   0.284
   32   K   0.166   0.202   0.341
   33   V   0.186   0.131   0.349
   34   Y   0.100   0.207   0.246
   35   L   0.101   0.186   0.238
   36   R   0.196   0.112   0.317
   37   V   0.104   0.139   0.218
   38   P   0.100   0.129   0.202
   39   S   0.106   0.107   0.193
   40   H   0.101   0.112   0.175
   41   L   0.103   0.115   0.161
   42   Q   0.102   0.103   0.147
   43   A   0.100   0.096   0.134
   44   E   0.101   0.093   0.124
   45   T   0.105   0.088   0.122
   46   L   0.102   0.088   0.115
   47   V   0.101   0.091   0.111
   48   G   0.099   0.090   0.109
   49   K   0.101   0.089   0.106
   50   V   0.100   0.090   0.102
   51   N   0.104   0.097   0.103
   52   L   0.104   0.097   0.102
   53   E   0.100   0.100   0.098
   54   E   0.104   0.096   0.100
   55   C   0.105   0.098   0.100
   56   L   0.098   0.097   0.096
   57   K   0.103   0.098   0.098
   58   S   0.102   0.095   0.098
   59   A   0.102   0.098   0.098
   60   S   0.098   0.099   0.096
   61   L   0.103   0.100   0.099
   62   I   0.098   0.100   0.097
   63   R   0.100   0.103   0.098
   64   S   0.105   0.100   0.101
   65   S   0.099   0.101   0.099
   66   D   0.100   0.099   0.099
   67   P   0.103   0.102   0.101
   68   A   0.099   0.103   0.099
   69   F   0.096   0.105   0.098
   70   R   0.107   0.100   0.103
# Measure  Position  Value    Cutoff   signal peptide?
  max. C    30       0.223
  max. Y    30       0.416
  max. S    12       0.892
  mean S     1-29    0.767
       D     1-29    0.557   0.500   YES
Name=DSC1_HUMAN	SP='YES' Cleavage site between pos. 29 and 30: CDA-CQ D=0.557 D-cutoff=0.500 Networks=SignalP-TM
