# SignalP-4.1 euk predictions
# Name=DWORF_HUMAN	Length=35	Networks=SignalP-noTM
# pos  aa    C       S       Y
    1   M   0.104   0.856   0.299
    2   A   0.104   0.853   0.298
    3   E   0.098   0.823   0.289
    4   K   0.105   0.837   0.300
    5   A   0.102   0.850   0.295
    6   G   0.097   0.877   0.288
    7   S   0.101   0.906   0.294
    8   T   0.101   0.929   0.294
    9   F   0.102   0.933   0.296
   10   S   0.104   0.947   0.300
   11   H   0.096   0.951   0.289
   12   L   0.106   0.959   0.303
   13   L   0.101   0.958   0.298
   14   V   0.103   0.943   0.301
   15   P   0.102   0.945   0.300
   16   I   0.109   0.847   0.311
   17   L   0.102   0.731   0.301
   18   L   0.101   0.588   0.299
   19   L   0.100   0.522   0.295
   20   I   0.099   0.477   0.291
   21   G   0.102   0.370   0.293
   22   W   0.108   0.249   0.297
   23   I   0.102   0.269   0.284
   24   V   0.100   0.241   0.276
   25   G   0.101   0.219   0.272
   26   C   0.178   0.124   0.354
   27   I   0.138   0.102   0.305
   28   I   0.101   0.104   0.254
   29   M   0.118   0.104   0.267
   30   I   0.125   0.099   0.267
   31   Y   0.103   0.104   0.233
   32   V   0.101   0.116   0.223
   33   V   0.099   0.112   0.213
   34   F   0.094   0.118   0.198
   35   S   0.110   0.116   0.204
# Measure  Position  Value    Cutoff   signal peptide?
  max. C    26       0.178
  max. Y    26       0.354
  max. S    12       0.959
  mean S     1-25    0.723
       D     1-25    0.553   0.450   YES
Name=DWORF_HUMAN	SP='YES' Cleavage site between pos. 25 and 26: IVG-CI D=0.553 D-cutoff=0.450 Networks=SignalP-noTM
