# SignalP-4.1 euk predictions
# Name=EPYC_HUMAN	Length=70	Networks=SignalP-TM
# pos  aa    C       S       Y
    1   M   0.101   0.807   0.286
    2   K   0.102   0.822   0.286
    3   T   0.103   0.741   0.289
    4   L   0.105   0.810   0.290
    5   A   0.105   0.835   0.291
    6   G   0.100   0.833   0.285
    7   L   0.102   0.866   0.287
    8   V   0.102   0.863   0.287
    9   L   0.104   0.875   0.292
   10   G   0.105   0.866   0.293
   11   L   0.101   0.829   0.288
   12   V   0.107   0.858   0.297
   13   I   0.101   0.858   0.290
   14   F   0.101   0.901   0.290
   15   D   0.100   0.884   0.290
   16   A   0.104   0.904   0.296
   17   A   0.112   0.833   0.309
   18   V   0.104   0.715   0.298
   19   T   0.106   0.613   0.301
   20   A   0.348   0.328   0.539
   21   P   0.143   0.159   0.338
   22   T   0.118   0.151   0.298
   23   L   0.109   0.137   0.276
   24   E   0.104   0.136   0.259
   25   S   0.115   0.133   0.262
   26   I   0.167   0.101   0.301
   27   N   0.104   0.105   0.225
   28   Y   0.104   0.107   0.213
   29   D   0.104   0.110   0.199
   30   S   0.103   0.108   0.182
   31   E   0.101   0.107   0.164
   32   T   0.099   0.104   0.146
   33   Y   0.102   0.104   0.132
   34   D   0.103   0.102   0.118
   35   A   0.102   0.102   0.110
   36   T   0.098   0.101   0.106
   37   L   0.104   0.101   0.108
   38   E   0.101   0.107   0.105
   39   D   0.101   0.104   0.104
   40   L   0.103   0.111   0.104
   41   D   0.105   0.100   0.105
   42   N   0.105   0.099   0.105
   43   L   0.102   0.100   0.103
   44   Y   0.102   0.096   0.103
   45   N   0.105   0.096   0.104
   46   Y   0.102   0.094   0.102
   47   E   0.098   0.100   0.099
   48   N   0.102   0.097   0.102
   49   I   0.099   0.099   0.100
   50   P   0.101   0.104   0.101
   51   V   0.102   0.101   0.101
   52   D   0.101   0.103   0.101
   53   K   0.101   0.101   0.101
   54   V   0.099   0.101   0.099
   55   E   0.103   0.099   0.101
   56   I   0.104   0.096   0.101
   57   E   0.100   0.097   0.100
   58   I   0.106   0.098   0.102
   59   A   0.103   0.098   0.101
   60   T   0.098   0.097   0.099
   61   V   0.105   0.096   0.102
   62   M   0.102   0.096   0.100
   63   P   0.104   0.099   0.101
   64   S   0.103   0.100   0.101
   65   G   0.102   0.100   0.100
   66   N   0.103   0.101   0.101
   67   R   0.100   0.102   0.099
   68   E   0.102   0.104   0.100
   69   L   0.101   0.104   0.100
   70   L   0.102   0.103   0.101
# Measure  Position  Value    Cutoff   signal peptide?
  max. C    20       0.348
  max. Y    20       0.539
  max. S    16       0.904
  mean S     1-19    0.827
       D     1-19    0.654   0.500   YES
Name=EPYC_HUMAN	SP='YES' Cleavage site between pos. 19 and 20: AVT-AP D=0.654 D-cutoff=0.500 Networks=SignalP-TM
