# SignalP-4.1 euk predictions
# Name=EVG1_HUMAN	Length=70	Networks=SignalP-TM
# pos  aa    C       S       Y
    1   M   0.103   0.087   0.094
    2   A   0.103   0.092   0.094
    3   S   0.100   0.082   0.093
    4   Q   0.102   0.084   0.094
    5   K   0.102   0.081   0.094
    6   Q   0.099   0.080   0.093
    7   M   0.101   0.082   0.093
    8   E   0.100   0.078   0.093
    9   V   0.102   0.081   0.093
   10   V   0.101   0.080   0.092
   11   T   0.103   0.084   0.093
   12   K   0.101   0.105   0.092
   13   G   0.101   0.108   0.092
   14   T   0.101   0.104   0.094
   15   G   0.105   0.106   0.096
   16   F   0.101   0.104   0.095
   17   R   0.104   0.108   0.097
   18   R   0.102   0.106   0.097
   19   R   0.104   0.101   0.098
   20   P   0.101   0.103   0.098
   21   K   0.103   0.105   0.100
   22   T   0.103   0.110   0.100
   23   I   0.103   0.111   0.102
   24   T   0.101   0.113   0.102
   25   Y   0.104   0.111   0.104
   26   T   0.101   0.110   0.104
   27   P   0.103   0.105   0.105
   28   G   0.105   0.101   0.106
   29   T   0.099   0.105   0.103
   30   C   0.104   0.098   0.106
   31   E   0.102   0.096   0.104
   32   L   0.103   0.089   0.104
   33   L   0.100   0.090   0.102
   34   R   0.104   0.089   0.104
   35   V   0.104   0.092   0.103
   36   M   0.101   0.093   0.101
   37   M   0.104   0.107   0.102
   38   K   0.100   0.105   0.100
   39   E   0.102   0.100   0.101
   40   S   0.101   0.107   0.100
   41   K   0.099   0.102   0.099
   42   L   0.100   0.106   0.099
   43   T   0.101   0.093   0.100
   44   N   0.102   0.101   0.100
   45   I   0.104   0.103   0.101
   46   Q   0.102   0.099   0.100
   47   Q   0.103   0.103   0.101
   48   R   0.101   0.106   0.100
   49   H   0.099   0.107   0.100
   50   I   0.102   0.101   0.102
   51   M   0.101   0.102   0.102
   52   D   0.101   0.101   0.102
   53   I   0.101   0.099   0.102
   54   M   0.102   0.099   0.102
   55   K   0.100   0.098   0.101
   56   R   0.100   0.097   0.101
   57   G   0.101   0.098   0.101
   58   D   0.101   0.100   0.101
   59   A   0.103   0.101   0.102
   60   L   0.101   0.101   0.101
   61   P   0.105   0.097   0.103
   62   L   0.103   0.102   0.102
   63   Q   0.105   0.100   0.103
   64   C   0.104   0.100   0.102
   65   S   0.103   0.102   0.102
   66   P   0.101   0.101   0.100
   67   T   0.100   0.100   0.100
   68   S   0.103   0.099   0.101
   69   S   0.099   0.103   0.099
   70   Q   0.100   0.101   0.100
# Measure  Position  Value    Cutoff   signal peptide?
  max. C    61       0.105
  max. Y    28       0.106
  max. S    24       0.113
  mean S     1-27    0.097
       D     1-27    0.102   0.500   NO
Name=EVG1_HUMAN	SP='NO' D=0.102 D-cutoff=0.500 Networks=SignalP-TM
