# SignalP-4.1 euk predictions
# Name=EXOS1_HUMAN	Length=70	Networks=SignalP-TM
# pos  aa    C       S       Y
    1   M   0.103   0.158   0.128
    2   A   0.102   0.134   0.127
    3   P   0.098   0.128   0.124
    4   P   0.105   0.107   0.127
    5   V   0.102   0.088   0.124
    6   R   0.104   0.089   0.123
    7   Y   0.103   0.080   0.121
    8   C   0.099   0.075   0.116
    9   I   0.103   0.073   0.115
   10   P   0.105   0.075   0.114
   11   G   0.103   0.065   0.110
   12   E   0.100   0.048   0.105
   13   R   0.105   0.057   0.104
   14   L   0.102   0.070   0.099
   15   C   0.101   0.086   0.095
   16   N   0.100   0.084   0.091
   17   L   0.106   0.096   0.092
   18   E   0.103   0.096   0.090
   19   E   0.103   0.098   0.089
   20   G   0.102   0.098   0.089
   21   S   0.101   0.101   0.089
   22   P   0.103   0.103   0.091
   23   G   0.102   0.104   0.092
   24   S   0.101   0.105   0.092
   25   G   0.100   0.103   0.093
   26   T   0.102   0.105   0.095
   27   Y   0.104   0.105   0.099
   28   T   0.098   0.107   0.098
   29   R   0.103   0.108   0.101
   30   H   0.102   0.103   0.102
   31   G   0.102   0.107   0.102
   32   Y   0.098   0.107   0.101
   33   I   0.105   0.097   0.104
   34   F   0.102   0.096   0.103
   35   S   0.106   0.102   0.105
   36   S   0.104   0.111   0.104
   37   L   0.104   0.101   0.104
   38   A   0.106   0.098   0.105
   39   G   0.100   0.108   0.102
   40   C   0.100   0.111   0.102
   41   L   0.103   0.102   0.104
   42   M   0.105   0.132   0.104
   43   K   0.100   0.130   0.103
   44   S   0.100   0.148   0.104
   45   S   0.103   0.138   0.107
   46   E   0.103   0.121   0.108
   47   N   0.104   0.129   0.109
   48   G   0.100   0.131   0.108
   49   A   0.101   0.111   0.109
   50   L   0.107   0.097   0.113
   51   P   0.102   0.095   0.110
   52   V   0.103   0.101   0.110
   53   V   0.101   0.109   0.109
   54   S   0.105   0.109   0.111
   55   V   0.105   0.104   0.111
   56   V   0.102   0.104   0.110
   57   R   0.103   0.103   0.109
   58   E   0.102   0.101   0.108
   59   T   0.101   0.101   0.106
   60   E   0.104   0.098   0.106
   61   S   0.106   0.100   0.106
   62   Q   0.102   0.101   0.103
   63   L   0.103   0.097   0.103
   64   L   0.102   0.099   0.102
   65   P   0.104   0.099   0.103
   66   D   0.103   0.099   0.103
   67   V   0.105   0.101   0.103
   68   G   0.107   0.098   0.104
   69   A   0.101   0.103   0.101
   70   I   0.099   0.102   0.099
# Measure  Position  Value    Cutoff   signal peptide?
  max. C    68       0.107
  max. Y    50       0.113
  max. S     1       0.158
  mean S     1-49    0.103
       D     1-49    0.109   0.500   NO
Name=EXOS1_HUMAN	SP='NO' D=0.109 D-cutoff=0.500 Networks=SignalP-TM
