# SignalP-4.1 euk predictions
# Name=F200B_HUMAN	Length=70	Networks=SignalP-noTM
# pos  aa    C       S       Y
    1   M   0.101   0.110   0.105
    2   D   0.103   0.108   0.106
    3   H   0.100   0.103   0.105
    4   F   0.100   0.099   0.105
    5   F   0.102   0.101   0.106
    6   I   0.103   0.092   0.106
    7   K   0.101   0.097   0.104
    8   R   0.103   0.092   0.105
    9   K   0.101   0.088   0.104
   10   R   0.100   0.086   0.103
   11   N   0.102   0.075   0.103
   12   S   0.102   0.076   0.102
   13   E   0.095   0.084   0.098
   14   V   0.098   0.094   0.099
   15   K   0.096   0.095   0.098
   16   Y   0.100   0.092   0.099
   17   T   0.096   0.093   0.097
   18   E   0.105   0.092   0.101
   19   A   0.103   0.096   0.099
   20   C   0.092   0.100   0.094
   21   S   0.098   0.092   0.097
   22   S   0.098   0.101   0.096
   23   S   0.100   0.099   0.097
   24   S   0.098   0.100   0.096
   25   V   0.095   0.101   0.094
   26   E   0.097   0.101   0.095
   27   S   0.100   0.102   0.096
   28   G   0.112   0.100   0.102
   29   I   0.099   0.099   0.096
   30   V   0.103   0.100   0.098
   31   N   0.096   0.098   0.095
   32   S   0.102   0.098   0.098
   33   D   0.116   0.108   0.105
   34   N   0.107   0.102   0.101
   35   I   0.105   0.099   0.101
   36   E   0.098   0.107   0.098
   37   K   0.104   0.097   0.101
   38   N   0.101   0.101   0.100
   39   T   0.104   0.105   0.102
   40   D   0.098   0.104   0.099
   41   S   0.103   0.104   0.102
   42   N   0.101   0.108   0.101
   43   L   0.105   0.111   0.103
   44   Q   0.101   0.107   0.102
   45   T   0.102   0.104   0.102
   46   S   0.102   0.104   0.103
   47   T   0.101   0.100   0.102
   48   S   0.104   0.100   0.103
   49   F   0.098   0.097   0.100
   50   E   0.094   0.101   0.098
   51   P   0.098   0.099   0.100
   52   H   0.102   0.098   0.102
   53   F   0.103   0.095   0.103
   54   K   0.098   0.093   0.100
   55   K   0.099   0.098   0.101
   56   K   0.098   0.094   0.100
   57   K   0.101   0.099   0.101
   58   V   0.102   0.101   0.101
   59   S   0.104   0.105   0.102
   60   A   0.105   0.105   0.103
   61   R   0.103   0.105   0.102
   62   R   0.106   0.105   0.104
   63   Y   0.104   0.106   0.103
   64   N   0.098   0.103   0.100
   65   E   0.103   0.101   0.102
   66   D   0.102   0.104   0.102
   67   Y   0.103   0.103   0.102
   68   L   0.102   0.103   0.101
   69   K   0.104   0.104   0.102
   70   Y   0.104   0.100   0.102
# Measure  Position  Value    Cutoff   signal peptide?
  max. C    33       0.116
  max. Y    33       0.105
  max. S    43       0.111
  mean S     1-32    0.096
       D     1-32    0.100   0.450   NO
Name=F200B_HUMAN	SP='NO' D=0.100 D-cutoff=0.450 Networks=SignalP-noTM
