# SignalP-4.1 euk predictions
# Name=FSCN1_HUMAN	Length=70	Networks=SignalP-noTM
# pos  aa    C       S       Y
    1   M   0.102   0.121   0.111
    2   T   0.104   0.105   0.112
    3   A   0.104   0.105   0.112
    4   N   0.097   0.122   0.108
    5   G   0.105   0.119   0.112
    6   T   0.097   0.120   0.108
    7   A   0.107   0.114   0.113
    8   E   0.102   0.118   0.110
    9   A   0.102   0.106   0.110
   10   V   0.100   0.115   0.109
   11   Q   0.106   0.110   0.112
   12   I   0.106   0.091   0.112
   13   Q   0.096   0.106   0.106
   14   F   0.104   0.099   0.110
   15   G   0.102   0.102   0.108
   16   L   0.097   0.101   0.105
   17   I   0.104   0.100   0.108
   18   N   0.102   0.100   0.107
   19   C   0.102   0.117   0.107
   20   G   0.102   0.111   0.106
   21   N   0.099   0.108   0.105
   22   K   0.101   0.109   0.105
   23   Y   0.100   0.111   0.104
   24   L   0.098   0.105   0.103
   25   T   0.101   0.109   0.105
   26   A   0.105   0.119   0.107
   27   E   0.128   0.101   0.118
   28   A   0.105   0.101   0.106
   29   F   0.133   0.101   0.119
   30   G   0.104   0.098   0.105
   31   F   0.125   0.089   0.115
   32   K   0.102   0.094   0.103
   33   V   0.103   0.087   0.103
   34   N   0.105   0.109   0.104
   35   A   0.103   0.122   0.103
   36   S   0.100   0.108   0.102
   37   A   0.106   0.108   0.105
   38   S   0.100   0.107   0.102
   39   S   0.097   0.103   0.101
   40   L   0.099   0.097   0.102
   41   K   0.100   0.105   0.103
   42   K   0.101   0.109   0.103
   43   K   0.102   0.104   0.103
   44   Q   0.102   0.104   0.103
   45   I   0.107   0.103   0.106
   46   W   0.102   0.100   0.103
   47   T   0.100   0.107   0.102
   48   L   0.102   0.104   0.103
   49   E   0.102   0.103   0.102
   50   Q   0.096   0.100   0.100
   51   P   0.102   0.108   0.102
   52   P   0.102   0.109   0.103
   53   D   0.109   0.104   0.106
   54   E   0.106   0.102   0.105
   55   A   0.101   0.111   0.103
   56   G   0.094   0.111   0.099
   57   S   0.101   0.109   0.103
   58   A   0.102   0.107   0.104
   59   A   0.101   0.104   0.103
   60   V   0.097   0.107   0.101
   61   C   0.097   0.107   0.101
   62   L   0.104   0.100   0.105
   63   R   0.101   0.099   0.103
   64   S   0.106   0.100   0.106
   65   H   0.104   0.100   0.104
   66   L   0.106   0.097   0.105
   67   G   0.105   0.092   0.105
   68   R   0.098   0.096   0.101
   69   Y   0.107   0.094   0.105
   70   L   0.101   0.094   0.102
# Measure  Position  Value    Cutoff   signal peptide?
  max. C    29       0.133
  max. Y    29       0.119
  max. S    35       0.122
  mean S     1-28    0.109
       D     1-28    0.114   0.450   NO
Name=FSCN1_HUMAN	SP='NO' D=0.114 D-cutoff=0.450 Networks=SignalP-noTM
