# SignalP-4.1 euk predictions
# Name=FXRD2_HUMAN	Length=70	Networks=SignalP-noTM
# pos  aa    C       S       Y
    1   M   0.102   0.878   0.299
    2   G   0.103   0.771   0.300
    3   L   0.098   0.663   0.292
    4   S   0.107   0.695   0.304
    5   A   0.105   0.775   0.300
    6   A   0.100   0.781   0.292
    7   A   0.103   0.762   0.295
    8   P   0.098   0.730   0.287
    9   L   0.105   0.694   0.296
   10   W   0.100   0.601   0.287
   11   G   0.102   0.567   0.289
   12   P   0.098   0.594   0.280
   13   P   0.102   0.579   0.283
   14   G   0.106   0.665   0.286
   15   L   0.102   0.731   0.279
   16   L   0.102   0.705   0.278
   17   L   0.107   0.693   0.283
   18   A   0.109   0.514   0.283
   19   I   0.127   0.417   0.303
   20   A   0.108   0.555   0.276
   21   L   0.115   0.430   0.282
   22   H   0.108   0.382   0.269
   23   P   0.103   0.443   0.258
   24   A   0.105   0.582   0.257
   25   L   0.101   0.469   0.249
   26   S   0.103   0.564   0.250
   27   V   0.697   0.147   0.648
   28   P   0.099   0.170   0.238
   29   P   0.110   0.153   0.245
   30   R   0.106   0.137   0.234
   31   R   0.101   0.152   0.222
   32   D   0.105   0.154   0.221
   33   Y   0.107   0.149   0.218
   34   C   0.103   0.130   0.210
   35   V   0.106   0.113   0.208
   36   L   0.103   0.113   0.199
   37   G   0.108   0.105   0.197
   38   A   0.102   0.098   0.184
   39   G   0.109   0.101   0.181
   40   P   0.105   0.088   0.170
   41   A   0.101   0.094   0.161
   42   G   0.100   0.098   0.156
   43   L   0.107   0.100   0.154
   44   Q   0.102   0.097   0.145
   45   M   0.106   0.100   0.143
   46   A   0.106   0.098   0.138
   47   Y   0.094   0.093   0.121
   48   F   0.105   0.100   0.121
   49   L   0.103   0.095   0.110
   50   Q   0.101   0.098   0.108
   51   R   0.102   0.100   0.107
   52   A   0.104   0.098   0.107
   53   G   0.097   0.109   0.102
   54   R   0.100   0.105   0.103
   55   D   0.107   0.108   0.106
   56   Y   0.102   0.107   0.102
   57   A   0.105   0.103   0.103
   58   V   0.108   0.105   0.104
   59   F   0.100   0.103   0.100
   60   E   0.103   0.104   0.102
   61   R   0.104   0.106   0.102
   62   A   0.108   0.102   0.104
   63   P   0.098   0.103   0.099
   64   R   0.100   0.097   0.101
   65   P   0.106   0.100   0.104
   66   G   0.107   0.103   0.104
   67   S   0.103   0.101   0.102
   68   F   0.101   0.100   0.102
   69   F   0.101   0.100   0.102
   70   T   0.105   0.100   0.103
# Measure  Position  Value    Cutoff   signal peptide?
  max. C    27       0.697
  max. Y    27       0.648
  max. S     1       0.878
  mean S     1-26    0.625
       D     1-26    0.635   0.450   YES
Name=FXRD2_HUMAN	SP='YES' Cleavage site between pos. 26 and 27: ALS-VP D=0.635 D-cutoff=0.450 Networks=SignalP-noTM
