# SignalP-4.1 euk predictions
# Name=FXYD7_HUMAN	Length=70	Networks=SignalP-noTM
# pos  aa    C       S       Y
    1   M   0.103   0.085   0.094
    2   A   0.103   0.089   0.093
    3   T   0.099   0.088   0.091
    4   P   0.105   0.088   0.094
    5   T   0.104   0.094   0.094
    6   Q   0.101   0.086   0.093
    7   T   0.102   0.091   0.093
    8   P   0.098   0.090   0.092
    9   T   0.103   0.090   0.094
   10   K   0.101   0.095   0.093
   11   A   0.105   0.087   0.096
   12   P   0.095   0.098   0.091
   13   E   0.103   0.089   0.095
   14   E   0.097   0.097   0.092
   15   P   0.103   0.099   0.095
   16   D   0.102   0.110   0.095
   17   P   0.100   0.109   0.095
   18   F   0.102   0.109   0.096
   19   Y   0.103   0.121   0.098
   20   Y   0.100   0.124   0.097
   21   D   0.098   0.142   0.097
   22   Y   0.103   0.141   0.100
   23   N   0.103   0.149   0.102
   24   T   0.102   0.168   0.103
   25   V   0.102   0.208   0.105
   26   Q   0.103   0.218   0.108
   27   T   0.101   0.193   0.109
   28   V   0.097   0.171   0.109
   29   G   0.102   0.202   0.114
   30   M   0.099   0.227   0.114
   31   T   0.102   0.369   0.119
   32   L   0.105   0.382   0.126
   33   A   0.102   0.452   0.129
   34   T   0.106   0.544   0.139
   35   I   0.105   0.624   0.145
   36   L   0.097   0.618   0.148
   37   F   0.107   0.609   0.163
   38   L   0.099   0.681   0.164
   39   L   0.101   0.678   0.173
   40   G   0.105   0.702   0.184
   41   I   0.115   0.645   0.201
   42   L   0.105   0.772   0.198
   43   I   0.105   0.810   0.206
   44   V   0.100   0.847   0.209
   45   I   0.101   0.789   0.217
   46   S   0.098   0.769   0.220
   47   K   0.185   0.597   0.311
   48   K   0.114   0.485   0.248
   49   V   0.127   0.323   0.265
   50   K   0.098   0.437   0.235
   51   C   0.100   0.266   0.239
   52   R   0.290   0.123   0.408
   53   K   0.108   0.129   0.247
   54   A   0.105   0.126   0.243
   55   D   0.109   0.117   0.244
   56   S   0.105   0.112   0.236
   57   R   0.107   0.118   0.234
   58   S   0.104   0.110   0.226
   59   E   0.096   0.106   0.212
   60   S   0.102   0.111   0.213
   61   P   0.102   0.108   0.206
   62   T   0.103   0.108   0.201
   63   C   0.107   0.106   0.197
   64   K   0.098   0.103   0.182
   65   S   0.102   0.101   0.178
   66   C   0.101   0.101   0.167
   67   K   0.099   0.102   0.155
   68   S   0.103   0.101   0.148
   69   E   0.097   0.100   0.133
   70   L   0.105   0.101   0.129
# Measure  Position  Value    Cutoff   signal peptide?
  max. C    52       0.290
  max. Y    52       0.408
  max. S    44       0.847
  mean S     1-51    0.317
       D     1-51    0.359   0.450   NO
Name=FXYD7_HUMAN	SP='NO' D=0.359 D-cutoff=0.450 Networks=SignalP-noTM
