# SignalP-4.1 euk predictions
# Name=FZD6_HUMAN	Length=70	Networks=SignalP-noTM
# pos  aa    C       S       Y
    1   M   0.101   0.870   0.296
    2   E   0.101   0.878   0.296
    3   M   0.101   0.925   0.297
    4   F   0.101   0.955   0.296
    5   T   0.105   0.948   0.303
    6   F   0.101   0.919   0.298
    7   L   0.103   0.898   0.302
    8   L   0.103   0.898   0.301
    9   T   0.102   0.892   0.300
   10   C   0.101   0.911   0.299
   11   I   0.105   0.911   0.305
   12   F   0.099   0.922   0.297
   13   L   0.099   0.908   0.298
   14   P   0.097   0.912   0.295
   15   L   0.100   0.923   0.299
   16   L   0.100   0.933   0.300
   17   R   0.096   0.939   0.293
   18   G   0.110   0.921   0.315
   19   H   0.651   0.641   0.768
   20   S   0.099   0.598   0.298
   21   L   0.210   0.374   0.431
   22   F   0.120   0.240   0.321
   23   T   0.124   0.198   0.321
   24   C   0.162   0.125   0.360
   25   E   0.123   0.092   0.307
   26   P   0.099   0.106   0.269
   27   I   0.109   0.087   0.275
   28   T   0.095   0.109   0.249
   29   V   0.099   0.101   0.247
   30   P   0.096   0.115   0.236
   31   R   0.107   0.121   0.241
   32   C   0.097   0.104   0.223
   33   M   0.106   0.098   0.224
   34   K   0.104   0.102   0.213
   35   M   0.105   0.105   0.204
   36   A   0.101   0.094   0.191
   37   Y   0.098   0.095   0.178
   38   N   0.100   0.093   0.169
   39   M   0.102   0.101   0.159
   40   T   0.102   0.100   0.146
   41   F   0.104   0.099   0.134
   42   F   0.099   0.099   0.121
   43   P   0.101   0.107   0.112
   44   N   0.103   0.103   0.108
   45   L   0.101   0.118   0.104
   46   M   0.106   0.141   0.105
   47   G   0.108   0.126   0.106
   48   H   0.130   0.100   0.117
   49   Y   0.100   0.104   0.102
   50   D   0.100   0.104   0.103
   51   Q   0.095   0.095   0.100
   52   S   0.098   0.095   0.102
   53   I   0.100   0.097   0.102
   54   A   0.100   0.109   0.102
   55   A   0.112   0.107   0.108
   56   V   0.100   0.107   0.102
   57   E   0.099   0.104   0.102
   58   M   0.100   0.099   0.102
   59   E   0.103   0.097   0.104
   60   H   0.099   0.103   0.102
   61   F   0.098   0.098   0.101
   62   L   0.102   0.100   0.104
   63   P   0.109   0.096   0.107
   64   L   0.108   0.095   0.107
   65   A   0.107   0.094   0.106
   66   N   0.099   0.095   0.101
   67   L   0.104   0.097   0.104
   68   E   0.100   0.098   0.101
   69   C   0.104   0.100   0.103
   70   S   0.105   0.100   0.102
# Measure  Position  Value    Cutoff   signal peptide?
  max. C    19       0.651
  max. Y    19       0.768
  max. S     4       0.955
  mean S     1-18    0.915
       D     1-18    0.847   0.450   YES
Name=FZD6_HUMAN	SP='YES' Cleavage site between pos. 18 and 19: LRG-HS D=0.847 D-cutoff=0.450 Networks=SignalP-noTM
