# SignalP-4.1 euk predictions
# Name=GALT3_HUMAN	Length=70	Networks=SignalP-noTM
# pos  aa    C       S       Y
    1   M   0.104   0.108   0.106
    2   A   0.105   0.094   0.106
    3   H   0.097   0.104   0.102
    4   L   0.104   0.102   0.105
    5   K   0.099   0.118   0.103
    6   R   0.101   0.106   0.104
    7   L   0.107   0.118   0.107
    8   V   0.103   0.115   0.105
    9   K   0.104   0.115   0.106
   10   L   0.105   0.146   0.107
   11   H   0.098   0.174   0.104
   12   I   0.106   0.187   0.109
   13   K   0.102   0.202   0.109
   14   R   0.097   0.337   0.108
   15   H   0.102   0.494   0.115
   16   Y   0.100   0.678   0.122
   17   H   0.095   0.736   0.129
   18   K   0.098   0.753   0.141
   19   K   0.097   0.738   0.150
   20   F   0.095   0.711   0.158
   21   W   0.098   0.791   0.168
   22   K   0.103   0.739   0.181
   23   L   0.099   0.685   0.186
   24   G   0.102   0.766   0.196
   25   A   0.099   0.836   0.200
   26   V   0.103   0.831   0.212
   27   I   0.106   0.861   0.223
   28   F   0.102   0.894   0.227
   29   F   0.095   0.919   0.227
   30   F   0.099   0.917   0.240
   31   I   0.106   0.959   0.256
   32   I   0.102   0.950   0.257
   33   V   0.099   0.960   0.261
   34   L   0.102   0.943   0.272
   35   V   0.101   0.937   0.277
   36   L   0.104   0.874   0.288
   37   M   0.116   0.871   0.308
   38   Q   0.333   0.738   0.527
   39   R   0.114   0.738   0.309
   40   E   0.128   0.711   0.327
   41   V   0.103   0.723   0.293
   42   S   0.105   0.684   0.295
   43   V   0.124   0.537   0.321
   44   Q   0.189   0.245   0.394
   45   Y   0.121   0.188   0.311
   46   S   0.112   0.144   0.295
   47   K   0.103   0.125   0.278
   48   E   0.100   0.133   0.267
   49   E   0.097   0.119   0.258
   50   S   0.100   0.122   0.255
   51   R   0.099   0.127   0.247
   52   M   0.108   0.119   0.250
   53   E   0.102   0.112   0.235
   54   R   0.101   0.107   0.226
   55   N   0.103   0.099   0.219
   56   M   0.102   0.092   0.209
   57   K   0.106   0.087   0.203
   58   N   0.103   0.086   0.189
   59   K   0.105   0.094   0.182
   60   N   0.107   0.096   0.172
   61   K   0.103   0.103   0.160
   62   M   0.108   0.101   0.154
   63   L   0.107   0.100   0.144
   64   D   0.104   0.100   0.131
   65   L   0.103   0.097   0.119
   66   M   0.109   0.098   0.113
   67   L   0.106   0.093   0.109
   68   E   0.109   0.094   0.108
   69   A   0.103   0.092   0.104
   70   V   0.098   0.096   0.100
# Measure  Position  Value    Cutoff   signal peptide?
  max. C    38       0.333
  max. Y    38       0.527
  max. S    33       0.960
  mean S     1-37    0.564
       D     1-37    0.547   0.450   YES
Name=GALT3_HUMAN	SP='YES' Cleavage site between pos. 37 and 38: VLM-QR D=0.547 D-cutoff=0.450 Networks=SignalP-noTM
