# SignalP-4.1 euk predictions
# Name=GBB2_HUMAN	Length=70	Networks=SignalP-noTM
# pos  aa    C       S       Y
    1   M   0.101   0.089   0.095
    2   S   0.103   0.093   0.096
    3   E   0.100   0.095   0.094
    4   L   0.101   0.098   0.095
    5   E   0.103   0.106   0.096
    6   Q   0.099   0.101   0.095
    7   L   0.102   0.098   0.097
    8   R   0.103   0.098   0.097
    9   Q   0.105   0.103   0.098
   10   E   0.103   0.108   0.098
   11   A   0.099   0.116   0.096
   12   E   0.098   0.118   0.097
   13   Q   0.100   0.118   0.098
   14   L   0.093   0.103   0.095
   15   R   0.100   0.100   0.099
   16   N   0.103   0.106   0.101
   17   Q   0.098   0.107   0.099
   18   I   0.098   0.095   0.099
   19   R   0.100   0.106   0.100
   20   D   0.104   0.104   0.102
   21   A   0.096   0.100   0.099
   22   R   0.099   0.103   0.100
   23   K   0.107   0.100   0.105
   24   A   0.098   0.101   0.101
   25   C   0.096   0.101   0.100
   26   G   0.106   0.097   0.105
   27   D   0.097   0.105   0.101
   28   S   0.104   0.093   0.104
   29   T   0.099   0.093   0.101
   30   L   0.102   0.097   0.103
   31   T   0.103   0.093   0.103
   32   Q   0.103   0.093   0.103
   33   I   0.107   0.095   0.105
   34   T   0.101   0.092   0.101
   35   A   0.105   0.094   0.103
   36   G   0.098   0.093   0.098
   37   L   0.121   0.094   0.109
   38   D   0.099   0.091   0.098
   39   P   0.101   0.096   0.099
   40   V   0.105   0.093   0.101
   41   G   0.098   0.101   0.097
   42   R   0.102   0.104   0.099
   43   I   0.107   0.099   0.102
   44   Q   0.098   0.097   0.097
   45   M   0.100   0.105   0.098
   46   R   0.100   0.098   0.098
   47   T   0.107   0.103   0.101
   48   R   0.103   0.101   0.100
   49   R   0.105   0.107   0.101
   50   T   0.105   0.105   0.101
   51   L   0.101   0.104   0.099
   52   R   0.101   0.097   0.100
   53   G   0.107   0.096   0.102
   54   H   0.098   0.091   0.098
   55   L   0.110   0.104   0.104
   56   A   0.106   0.095   0.102
   57   K   0.097   0.096   0.098
   58   I   0.104   0.095   0.101
   59   Y   0.103   0.092   0.101
   60   A   0.107   0.092   0.103
   61   M   0.099   0.090   0.099
   62   H   0.098   0.091   0.098
   63   W   0.101   0.096   0.099
   64   G   0.097   0.094   0.097
   65   T   0.095   0.094   0.097
   66   D   0.102   0.095   0.099
   67   S   0.097   0.099   0.097
   68   R   0.099   0.098   0.098
   69   L   0.103   0.101   0.100
   70   L   0.104   0.102   0.101
# Measure  Position  Value    Cutoff   signal peptide?
  max. C    37       0.121
  max. Y    37       0.109
  max. S    12       0.118
  mean S     1-36    0.100
       D     1-36    0.104   0.450   NO
Name=GBB2_HUMAN	SP='NO' D=0.104 D-cutoff=0.450 Networks=SignalP-noTM
