# SignalP-4.1 euk predictions
# Name=GBG10_HUMAN	Length=68	Networks=SignalP-noTM
# pos  aa    C       S       Y
    1   M   0.100   0.232   0.153
    2   S   0.102   0.175   0.154
    3   S   0.101   0.166   0.152
    4   G   0.102   0.130   0.152
    5   A   0.099   0.106   0.148
    6   S   0.097   0.115   0.145
    7   A   0.101   0.125   0.146
    8   S   0.101   0.122   0.144
    9   A   0.103   0.114   0.144
   10   L   0.096   0.125   0.137
   11   Q   0.101   0.123   0.139
   12   R   0.101   0.125   0.137
   13   L   0.107   0.117   0.139
   14   V   0.103   0.103   0.134
   15   E   0.103   0.103   0.132
   16   Q   0.106   0.103   0.132
   17   L   0.111   0.106   0.133
   18   K   0.104   0.125   0.126
   19   L   0.102   0.129   0.123
   20   E   0.101   0.122   0.120
   21   A   0.101   0.122   0.118
   22   G   0.103   0.115   0.117
   23   V   0.103   0.111   0.115
   24   E   0.100   0.102   0.110
   25   R   0.102   0.106   0.110
   26   I   0.112   0.093   0.114
   27   K   0.096   0.096   0.105
   28   V   0.103   0.118   0.108
   29   S   0.101   0.134   0.107
   30   Q   0.105   0.139   0.110
   31   A   0.107   0.124   0.111
   32   A   0.111   0.099   0.113
   33   A   0.098   0.107   0.106
   34   E   0.100   0.100   0.107
   35   L   0.104   0.100   0.108
   36   Q   0.103   0.101   0.107
   37   Q   0.103   0.097   0.107
   38   Y   0.101   0.098   0.106
   39   C   0.102   0.101   0.106
   40   M   0.105   0.098   0.108
   41   Q   0.107   0.102   0.108
   42   N   0.101   0.091   0.105
   43   A   0.100   0.085   0.104
   44   C   0.092   0.103   0.099
   45   K   0.100   0.109   0.102
   46   D   0.099   0.111   0.102
   47   A   0.100   0.107   0.102
   48   L   0.100   0.106   0.102
   49   L   0.106   0.098   0.106
   50   V   0.100   0.096   0.103
   51   G   0.105   0.098   0.105
   52   V   0.104   0.105   0.103
   53   P   0.110   0.110   0.106
   54   A   0.110   0.098   0.106
   55   G   0.099   0.099   0.100
   56   S   0.099   0.098   0.100
   57   N   0.099   0.101   0.100
   58   P   0.101   0.102   0.101
   59   F   0.109   0.100   0.105
   60   R   0.098   0.103   0.099
   61   E   0.107   0.103   0.104
   62   P   0.100   0.106   0.101
   63   R   0.100   0.104   0.101
   64   S   0.104   0.103   0.103
   65   C   0.102   0.102   0.102
   66   A   0.105   0.104   0.104
   67   L   0.101   0.105   0.102
   68   L   0.104   0.102   0.103
# Measure  Position  Value    Cutoff   signal peptide?
  max. C    26       0.112
  max. Y    11       0.139
  max. S     1       0.232
  mean S     1-10    0.141
       D     1-10    0.140   0.450   NO
Name=GBG10_HUMAN	SP='NO' D=0.140 D-cutoff=0.450 Networks=SignalP-noTM
