# SignalP-4.1 euk predictions
# Name=GELS_HUMAN	Length=70	Networks=SignalP-noTM
# pos  aa    C       S       Y
    1   M   0.103   0.950   0.313
    2   A   0.104   0.918   0.314
    3   P   0.098   0.926   0.305
    4   H   0.103   0.908   0.312
    5   R   0.102   0.909   0.310
    6   P   0.106   0.914   0.316
    7   A   0.104   0.952   0.313
    8   P   0.098   0.972   0.305
    9   A   0.108   0.974   0.319
   10   L   0.095   0.976   0.300
   11   L   0.107   0.967   0.318
   12   C   0.102   0.946   0.311
   13   A   0.106   0.932   0.316
   14   L   0.100   0.946   0.307
   15   S   0.107   0.945   0.318
   16   L   0.103   0.960   0.311
   17   A   0.106   0.977   0.317
   18   L   0.106   0.974   0.317
   19   C   0.106   0.970   0.317
   20   A   0.161   0.959   0.390
   21   L   0.107   0.929   0.319
   22   S   0.116   0.910   0.331
   23   L   0.509   0.799   0.694
   24   P   0.101   0.852   0.309
   25   V   0.158   0.850   0.384
   26   R   0.099   0.902   0.304
   27   A   0.111   0.923   0.322
   28   A   0.591   0.568   0.742
   29   T   0.139   0.355   0.357
   30   A   0.154   0.241   0.371
   31   S   0.349   0.156   0.547
   32   R   0.110   0.176   0.301
   33   G   0.107   0.148   0.289
   34   A   0.119   0.126   0.298
   35   S   0.105   0.128   0.273
   36   Q   0.108   0.142   0.270
   37   A   0.108   0.126   0.262
   38   G   0.100   0.113   0.245
   39   A   0.104   0.112   0.241
   40   P   0.100   0.115   0.228
   41   Q   0.110   0.113   0.230
   42   G   0.105   0.109   0.215
   43   R   0.098   0.109   0.199
   44   V   0.107   0.105   0.198
   45   P   0.102   0.118   0.183
   46   E   0.109   0.105   0.181
   47   A   0.104   0.103   0.166
   48   R   0.099   0.104   0.152
   49   P   0.112   0.100   0.148
   50   N   0.103   0.103   0.128
   51   S   0.108   0.100   0.122
   52   M   0.105   0.100   0.115
   53   V   0.103   0.095   0.110
   54   V   0.106   0.097   0.111
   55   E   0.103   0.095   0.108
   56   H   0.107   0.097   0.108
   57   P   0.106   0.105   0.107
   58   E   0.106   0.103   0.107
   59   F   0.102   0.100   0.104
   60   L   0.105   0.099   0.105
   61   K   0.109   0.099   0.106
   62   A   0.106   0.097   0.104
   63   G   0.101   0.099   0.102
   64   K   0.102   0.101   0.102
   65   E   0.105   0.099   0.103
   66   P   0.106   0.098   0.104
   67   G   0.103   0.099   0.102
   68   L   0.096   0.099   0.098
   69   Q   0.104   0.098   0.102
   70   I   0.101   0.101   0.100
# Measure  Position  Value    Cutoff   signal peptide?
  max. C    28       0.591
  max. Y    28       0.742
  max. S    17       0.977
  mean S     1-27    0.931
       D     1-27    0.844   0.450   YES
Name=GELS_HUMAN	SP='YES' Cleavage site between pos. 27 and 28: VRA-AT D=0.844 D-cutoff=0.450 Networks=SignalP-noTM
