# SignalP-4.1 euk predictions
# Name=GPC3_HUMAN	Length=70	Networks=SignalP-TM
# pos  aa    C       S       Y
    1   M   0.103   0.759   0.280
    2   A   0.103   0.765   0.279
    3   G   0.100   0.805   0.275
    4   T   0.102   0.838   0.279
    5   V   0.102   0.895   0.280
    6   R   0.103   0.893   0.282
    7   T   0.106   0.906   0.288
    8   A   0.103   0.906   0.286
    9   C   0.099   0.908   0.284
   10   L   0.104   0.919   0.292
   11   V   0.100   0.926   0.289
   12   V   0.104   0.919   0.295
   13   A   0.105   0.883   0.300
   14   M   0.099   0.806   0.293
   15   L   0.104   0.845   0.300
   16   L   0.104   0.842   0.301
   17   S   0.101   0.852   0.298
   18   L   0.111   0.847   0.313
   19   D   0.105   0.855   0.304
   20   F   0.104   0.854   0.303
   21   P   0.103   0.860   0.301
   22   G   0.113   0.780   0.314
   23   Q   0.104   0.714   0.300
   24   A   0.116   0.660   0.313
   25   Q   0.845   0.242   0.838
   26   P   0.107   0.211   0.290
   27   P   0.216   0.151   0.398
   28   P   0.103   0.151   0.265
   29   P   0.104   0.147   0.256
   30   P   0.100   0.156   0.242
   31   P   0.102   0.163   0.233
   32   D   0.103   0.149   0.224
   33   A   0.102   0.139   0.211
   34   T   0.098   0.125   0.194
   35   C   0.105   0.127   0.187
   36   H   0.104   0.122   0.170
   37   Q   0.104   0.117   0.155
   38   V   0.104   0.123   0.141
   39   R   0.102   0.115   0.124
   40   S   0.107   0.107   0.123
   41   F   0.101   0.100   0.117
   42   F   0.104   0.095   0.117
   43   Q   0.104   0.097   0.115
   44   R   0.103   0.097   0.113
   45   L   0.105   0.092   0.112
   46   Q   0.101   0.095   0.108
   47   P   0.105   0.092   0.108
   48   G   0.102   0.097   0.105
   49   L   0.096   0.096   0.100
   50   K   0.105   0.095   0.104
   51   W   0.100   0.096   0.101
   52   V   0.101   0.103   0.101
   53   P   0.100   0.100   0.099
   54   E   0.104   0.100   0.101
   55   T   0.100   0.100   0.098
   56   P   0.103   0.102   0.100
   57   V   0.102   0.100   0.099
   58   P   0.101   0.106   0.099
   59   G   0.103   0.099   0.100
   60   S   0.097   0.104   0.098
   61   D   0.105   0.106   0.102
   62   L   0.102   0.104   0.101
   63   Q   0.104   0.103   0.102
   64   V   0.102   0.101   0.102
   65   C   0.105   0.104   0.103
   66   L   0.104   0.101   0.103
   67   P   0.104   0.104   0.103
   68   K   0.102   0.101   0.102
   69   G   0.103   0.102   0.103
   70   P   0.102   0.100   0.102
# Measure  Position  Value    Cutoff   signal peptide?
  max. C    25       0.845
  max. Y    25       0.838
  max. S    11       0.926
  mean S     1-24    0.843
       D     1-24    0.840   0.500   YES
Name=GPC3_HUMAN	SP='YES' Cleavage site between pos. 24 and 25: GQA-QP D=0.840 D-cutoff=0.500 Networks=SignalP-TM
