# SignalP-4.1 euk predictions
# Name=GPM6B_HUMAN	Length=70	Networks=SignalP-noTM
# pos  aa    C       S       Y
    1   M   0.100   0.083   0.091
    2   K   0.103   0.082   0.093
    3   P   0.104   0.085   0.093
    4   A   0.104   0.080   0.093
    5   M   0.098   0.094   0.090
    6   E   0.104   0.097   0.093
    7   T   0.101   0.117   0.092
    8   A   0.106   0.104   0.095
    9   A   0.099   0.126   0.093
   10   E   0.098   0.179   0.093
   11   E   0.100   0.167   0.097
   12   N   0.100   0.153   0.099
   13   T   0.103   0.143   0.101
   14   E   0.102   0.116   0.102
   15   Q   0.104   0.116   0.104
   16   S   0.105   0.112   0.105
   17   Q   0.099   0.113   0.103
   18   E   0.099   0.120   0.103
   19   R   0.097   0.110   0.103
   20   K   0.103   0.115   0.107
   21   G   0.098   0.112   0.105
   22   C   0.096   0.110   0.105
   23   F   0.104   0.109   0.110
   24   E   0.100   0.117   0.108
   25   C   0.097   0.116   0.107
   26   C   0.100   0.109   0.109
   27   I   0.104   0.109   0.112
   28   K   0.104   0.107   0.112
   29   C   0.099   0.110   0.110
   30   L   0.100   0.122   0.110
   31   G   0.106   0.130   0.114
   32   G   0.098   0.176   0.109
   33   V   0.099   0.214   0.110
   34   P   0.101   0.258   0.112
   35   Y   0.107   0.303   0.118
   36   A   0.098   0.281   0.116
   37   S   0.098   0.325   0.119
   38   L   0.099   0.357   0.123
   39   V   0.101   0.388   0.129
   40   A   0.101   0.480   0.134
   41   T   0.105   0.506   0.142
   42   I   0.104   0.532   0.148
   43   L   0.100   0.440   0.152
   44   C   0.105   0.415   0.160
   45   F   0.105   0.434   0.165
   46   S   0.099   0.377   0.165
   47   G   0.102   0.466   0.171
   48   V   0.103   0.596   0.177
   49   A   0.104   0.633   0.184
   50   L   0.110   0.390   0.195
   51   F   0.109   0.203   0.198
   52   C   0.122   0.142   0.211
   53   G   0.106   0.150   0.197
   54   C   0.098   0.142   0.189
   55   G   0.117   0.123   0.207
   56   H   0.108   0.115   0.197
   57   V   0.104   0.105   0.192
   58   A   0.100   0.097   0.186
   59   L   0.096   0.101   0.180
   60   A   0.108   0.102   0.188
   61   G   0.169   0.101   0.231
   62   T   0.105   0.101   0.178
   63   V   0.104   0.099   0.172
   64   A   0.106   0.098   0.168
   65   I   0.107   0.097   0.163
   66   L   0.102   0.099   0.154
   67   E   0.104   0.098   0.150
   68   Q   0.107   0.099   0.147
   69   H   0.103   0.097   0.139
   70   F   0.100   0.097   0.131
# Measure  Position  Value    Cutoff   signal peptide?
  max. C    61       0.169
  max. Y    61       0.231
  max. S    49       0.633
  mean S     1-60    0.207
       D     1-60    0.218   0.450   NO
Name=GPM6B_HUMAN	SP='NO' D=0.218 D-cutoff=0.450 Networks=SignalP-noTM
