# SignalP-4.1 euk predictions
# Name=GSAP_HUMAN	Length=70	Networks=SignalP-TM
# pos  aa    C       S       Y
    1   M   0.103   0.245   0.159
    2   A   0.104   0.189   0.160
    3   L   0.099   0.146   0.154
    4   R   0.103   0.144   0.156
    5   L   0.103   0.152   0.153
    6   V   0.104   0.138   0.152
    7   A   0.102   0.134   0.147
    8   D   0.102   0.113   0.144
    9   F   0.101   0.113   0.140
   10   D   0.101   0.106   0.137
   11   L   0.104   0.114   0.135
   12   G   0.101   0.099   0.129
   13   K   0.098   0.081   0.123
   14   D   0.104   0.080   0.122
   15   V   0.100   0.084   0.115
   16   L   0.101   0.092   0.111
   17   P   0.102   0.103   0.108
   18   W   0.108   0.096   0.110
   19   L   0.102   0.111   0.105
   20   R   0.100   0.119   0.102
   21   A   0.102   0.138   0.103
   22   Q   0.113   0.115   0.108
   23   R   0.103   0.110   0.103
   24   A   0.103   0.099   0.103
   25   V   0.101   0.097   0.102
   26   S   0.101   0.111   0.101
   27   E   0.115   0.101   0.109
   28   A   0.100   0.105   0.102
   29   S   0.110   0.107   0.108
   30   G   0.104   0.115   0.106
   31   A   0.110   0.111   0.110
   32   G   0.101   0.100   0.105
   33   S   0.102   0.100   0.106
   34   G   0.105   0.101   0.107
   35   G   0.101   0.105   0.104
   36   A   0.105   0.109   0.105
   37   D   0.105   0.100   0.105
   38   V   0.105   0.098   0.105
   39   L   0.101   0.103   0.102
   40   E   0.105   0.092   0.105
   41   N   0.104   0.102   0.103
   42   D   0.104   0.103   0.104
   43   Y   0.105   0.096   0.104
   44   E   0.103   0.095   0.103
   45   S   0.106   0.087   0.103
   46   L   0.102   0.091   0.101
   47   H   0.104   0.092   0.101
   48   V   0.101   0.091   0.100
   49   L   0.103   0.097   0.100
   50   N   0.105   0.091   0.101
   51   V   0.103   0.097   0.099
   52   E   0.102   0.100   0.099
   53   R   0.106   0.098   0.100
   54   N   0.100   0.097   0.097
   55   G   0.103   0.099   0.099
   56   N   0.098   0.099   0.097
   57   I   0.106   0.094   0.100
   58   I   0.100   0.099   0.098
   59   Y   0.100   0.100   0.098
   60   T   0.100   0.098   0.098
   61   Y   0.102   0.103   0.100
   62   K   0.101   0.102   0.099
   63   D   0.101   0.103   0.100
   64   D   0.101   0.104   0.100
   65   K   0.102   0.101   0.101
   66   G   0.104   0.098   0.102
   67   N   0.102   0.100   0.101
   68   V   0.105   0.099   0.103
   69   V   0.102   0.098   0.101
   70   F   0.105   0.097   0.102
# Measure  Position  Value    Cutoff   signal peptide?
  max. C    27       0.115
  max. Y    11       0.135
  max. S     1       0.245
  mean S     1-10    0.148
       D     1-10    0.140   0.500   NO
Name=GSAP_HUMAN	SP='NO' D=0.140 D-cutoff=0.500 Networks=SignalP-TM
