# SignalP-4.1 euk predictions
# Name=GSTA1_HUMAN	Length=70	Networks=SignalP-noTM
# pos  aa    C       S       Y
    1   M   0.104   0.111   0.107
    2   A   0.104   0.140   0.107
    3   E   0.098   0.181   0.104
    4   K   0.103   0.163   0.109
    5   P   0.099   0.215   0.108
    6   K   0.104   0.207   0.113
    7   L   0.104   0.196   0.115
    8   H   0.101   0.211   0.115
    9   Y   0.101   0.172   0.117
   10   F   0.101   0.193   0.118
   11   N   0.104   0.158   0.122
   12   A   0.107   0.151   0.124
   13   R   0.098   0.119   0.120
   14   G   0.106   0.118   0.124
   15   R   0.093   0.121   0.116
   16   M   0.105   0.106   0.124
   17   E   0.099   0.111   0.121
   18   S   0.098   0.110   0.120
   19   T   0.101   0.118   0.122
   20   R   0.100   0.128   0.121
   21   W   0.102   0.117   0.123
   22   L   0.100   0.108   0.122
   23   L   0.100   0.116   0.122
   24   A   0.107   0.124   0.126
   25   A   0.100   0.121   0.122
   26   A   0.102   0.125   0.121
   27   G   0.109   0.111   0.125
   28   V   0.108   0.104   0.122
   29   E   0.103   0.106   0.117
   30   F   0.099   0.121   0.113
   31   E   0.112   0.096   0.119
   32   E   0.100   0.116   0.110
   33   K   0.103   0.103   0.110
   34   F   0.101   0.103   0.108
   35   I   0.101   0.122   0.107
   36   K   0.100   0.112   0.107
   37   S   0.106   0.114   0.110
   38   A   0.126   0.112   0.120
   39   E   0.099   0.122   0.106
   40   D   0.103   0.113   0.108
   41   L   0.102   0.106   0.108
   42   D   0.104   0.104   0.109
   43   K   0.104   0.101   0.108
   44   L   0.102   0.092   0.107
   45   R   0.104   0.096   0.108
   46   N   0.108   0.092   0.109
   47   D   0.102   0.091   0.105
   48   G   0.099   0.089   0.103
   49   Y   0.102   0.088   0.104
   50   L   0.099   0.090   0.102
   51   M   0.099   0.096   0.102
   52   F   0.099   0.096   0.101
   53   Q   0.101   0.095   0.102
   54   Q   0.100   0.087   0.101
   55   V   0.102   0.089   0.102
   56   P   0.101   0.097   0.101
   57   M   0.101   0.099   0.100
   58   V   0.098   0.096   0.098
   59   E   0.101   0.100   0.100
   60   I   0.100   0.096   0.099
   61   D   0.095   0.100   0.096
   62   G   0.103   0.097   0.099
   63   M   0.102   0.098   0.098
   64   K   0.101   0.100   0.098
   65   L   0.100   0.098   0.097
   66   V   0.102   0.101   0.098
   67   Q   0.100   0.101   0.098
   68   T   0.109   0.102   0.102
   69   R   0.103   0.103   0.099
   70   A   0.108   0.099   0.102
# Measure  Position  Value    Cutoff   signal peptide?
  max. C    38       0.126
  max. Y    24       0.126
  max. S     5       0.215
  mean S     1-23    0.147
       D     1-23    0.137   0.450   NO
Name=GSTA1_HUMAN	SP='NO' D=0.137 D-cutoff=0.450 Networks=SignalP-noTM
