# SignalP-4.1 euk predictions
# Name=GTR14_HUMAN	Length=70	Networks=SignalP-noTM
# pos  aa    C       S       Y
    1   M   0.101   0.345   0.187
    2   E   0.103   0.278   0.188
    3   F   0.101   0.300   0.186
    4   H   0.102   0.223   0.186
    5   N   0.105   0.230   0.187
    6   G   0.101   0.210   0.183
    7   G   0.098   0.224   0.178
    8   H   0.102   0.227   0.180
    9   V   0.103   0.194   0.179
   10   S   0.098   0.206   0.173
   11   G   0.099   0.200   0.172
   12   I   0.097   0.201   0.169
   13   G   0.105   0.203   0.173
   14   G   0.100   0.176   0.168
   15   F   0.097   0.153   0.162
   16   L   0.103   0.155   0.165
   17   V   0.101   0.143   0.160
   18   S   0.097   0.146   0.155
   19   L   0.102   0.167   0.155
   20   T   0.101   0.178   0.152
   21   S   0.103   0.194   0.151
   22   R   0.103   0.165   0.148
   23   M   0.136   0.194   0.167
   24   K   0.104   0.217   0.144
   25   P   0.101   0.280   0.141
   26   H   0.110   0.189   0.146
   27   T   0.102   0.193   0.141
   28   L   0.109   0.193   0.144
   29   A   0.098   0.263   0.137
   30   V   0.165   0.217   0.178
   31   T   0.102   0.346   0.140
   32   P   0.105   0.392   0.145
   33   A   0.107   0.408   0.149
   34   L   0.102   0.441   0.149
   35   I   0.106   0.309   0.155
   36   F   0.101   0.303   0.154
   37   A   0.108   0.351   0.160
   38   I   0.116   0.332   0.169
   39   T   0.106   0.397   0.164
   40   V   0.103   0.660   0.166
   41   A   0.102   0.594   0.172
   42   T   0.148   0.367   0.214
   43   I   0.104   0.374   0.182
   44   G   0.105   0.260   0.185
   45   S   0.116   0.275   0.196
   46   F   0.158   0.123   0.230
   47   Q   0.101   0.136   0.183
   48   F   0.109   0.158   0.188
   49   G   0.106   0.137   0.185
   50   Y   0.104   0.103   0.182
   51   N   0.099   0.122   0.177
   52   T   0.107   0.120   0.182
   53   G   0.105   0.114   0.179
   54   V   0.103   0.099   0.174
   55   I   0.103   0.116   0.170
   56   N   0.102   0.114   0.165
   57   A   0.102   0.110   0.161
   58   P   0.103   0.109   0.158
   59   E   0.109   0.105   0.160
   60   T   0.101   0.100   0.150
   61   I   0.105   0.099   0.150
   62   I   0.102   0.100   0.142
   63   K   0.100   0.101   0.132
   64   E   0.100   0.101   0.123
   65   F   0.103   0.100   0.120
   66   I   0.105   0.101   0.116
   67   N   0.103   0.098   0.111
   68   K   0.103   0.099   0.107
   69   T   0.100   0.098   0.105
   70   L   0.108   0.101   0.109
# Measure  Position  Value    Cutoff   signal peptide?
  max. C    30       0.165
  max. Y    46       0.230
  max. S    40       0.660
  mean S     1-45    0.268
       D     1-45    0.251   0.450   NO
Name=GTR14_HUMAN	SP='NO' D=0.251 D-cutoff=0.450 Networks=SignalP-noTM
