# SignalP-4.1 euk predictions
# Name=HDAC2_HUMAN	Length=70	Networks=SignalP-noTM
# pos  aa    C       S       Y
    1   M   0.103   0.090   0.096
    2   A   0.102   0.082   0.096
    3   Y   0.097   0.078   0.093
    4   S   0.105   0.077   0.097
    5   Q   0.101   0.082   0.094
    6   G   0.104   0.084   0.096
    7   G   0.100   0.086   0.094
    8   G   0.097   0.085   0.092
    9   K   0.099   0.085   0.093
   10   K   0.101   0.084   0.094
   11   K   0.100   0.074   0.093
   12   V   0.100   0.060   0.093
   13   C   0.101   0.057   0.093
   14   Y   0.106   0.055   0.094
   15   Y   0.097   0.064   0.089
   16   Y   0.099   0.080   0.089
   17   D   0.101   0.083   0.090
   18   G   0.099   0.083   0.089
   19   D   0.098   0.094   0.088
   20   I   0.101   0.100   0.090
   21   G   0.101   0.099   0.090
   22   N   0.100   0.102   0.090
   23   Y   0.101   0.099   0.090
   24   Y   0.103   0.105   0.091
   25   Y   0.105   0.109   0.093
   26   G   0.100   0.114   0.092
   27   Q   0.098   0.119   0.091
   28   G   0.105   0.119   0.096
   29   H   0.121   0.110   0.104
   30   P   0.102   0.107   0.096
   31   M   0.097   0.107   0.094
   32   K   0.101   0.109   0.097
   33   P   0.103   0.110   0.098
   34   H   0.104   0.112   0.099
   35   R   0.106   0.108   0.101
   36   I   0.105   0.095   0.102
   37   R   0.098   0.098   0.100
   38   M   0.104   0.091   0.103
   39   T   0.104   0.093   0.104
   40   H   0.104   0.103   0.104
   41   N   0.105   0.096   0.105
   42   L   0.102   0.100   0.103
   43   L   0.102   0.105   0.104
   44   L   0.108   0.110   0.107
   45   N   0.107   0.105   0.106
   46   Y   0.103   0.111   0.104
   47   G   0.104   0.117   0.105
   48   L   0.099   0.102   0.103
   49   Y   0.106   0.101   0.106
   50   R   0.098   0.096   0.101
   51   K   0.098   0.090   0.101
   52   M   0.095   0.098   0.099
   53   E   0.099   0.105   0.101
   54   I   0.099   0.107   0.101
   55   Y   0.103   0.107   0.103
   56   R   0.100   0.111   0.101
   57   P   0.098   0.106   0.100
   58   H   0.097   0.103   0.100
   59   K   0.101   0.108   0.102
   60   A   0.103   0.113   0.103
   61   T   0.099   0.111   0.101
   62   A   0.109   0.110   0.107
   63   E   0.112   0.108   0.108
   64   E   0.107   0.111   0.106
   65   M   0.097   0.108   0.102
   66   T   0.106   0.108   0.106
   67   K   0.107   0.104   0.106
   68   Y   0.103   0.105   0.105
   69   H   0.100   0.102   0.103
   70   S   0.104   0.103   0.105
# Measure  Position  Value    Cutoff   signal peptide?
  max. C    29       0.121
  max. Y    63       0.108
  max. S    27       0.119
  mean S     1-62    0.097
       D     1-62    0.102   0.450   NO
Name=HDAC2_HUMAN	SP='NO' D=0.102 D-cutoff=0.450 Networks=SignalP-noTM
