# SignalP-4.1 euk predictions
# Name=HEAT3_HUMAN	Length=70	Networks=SignalP-TM
# pos  aa    C       S       Y
    1   M   0.102   0.136   0.118
    2   G   0.102   0.158   0.118
    3   K   0.099   0.135   0.117
    4   S   0.102   0.132   0.119
    5   R   0.101   0.142   0.118
    6   T   0.102   0.135   0.119
    7   K   0.101   0.166   0.118
    8   R   0.103   0.144   0.120
    9   F   0.102   0.140   0.120
   10   K   0.101   0.131   0.119
   11   R   0.102   0.084   0.120
   12   P   0.105   0.093   0.120
   13   Q   0.102   0.120   0.117
   14   F   0.104   0.098   0.117
   15   S   0.102   0.096   0.115
   16   P   0.100   0.088   0.113
   17   T   0.101   0.077   0.111
   18   G   0.100   0.082   0.109
   19   D   0.101   0.088   0.107
   20   C   0.101   0.109   0.106
   21   Q   0.101   0.103   0.105
   22   A   0.102   0.112   0.103
   23   E   0.099   0.102   0.100
   24   A   0.105   0.160   0.102
   25   A   0.101   0.114   0.101
   26   A   0.102   0.118   0.103
   27   A   0.101   0.111   0.103
   28   A   0.105   0.106   0.105
   29   N   0.103   0.104   0.104
   30   G   0.104   0.104   0.104
   31   T   0.102   0.103   0.104
   32   G   0.107   0.109   0.108
   33   G   0.102   0.109   0.106
   34   E   0.106   0.105   0.109
   35   E   0.103   0.104   0.107
   36   D   0.104   0.099   0.108
   37   D   0.103   0.104   0.107
   38   G   0.102   0.106   0.106
   39   P   0.104   0.113   0.106
   40   A   0.108   0.116   0.107
   41   A   0.101   0.116   0.104
   42   E   0.101   0.118   0.104
   43   L   0.102   0.118   0.105
   44   L   0.104   0.119   0.106
   45   E   0.105   0.116   0.108
   46   K   0.106   0.112   0.108
   47   L   0.105   0.111   0.108
   48   Q   0.107   0.099   0.109
   49   H   0.105   0.096   0.108
   50   P   0.103   0.097   0.107
   51   S   0.105   0.095   0.107
   52   A   0.103   0.096   0.106
   53   E   0.096   0.102   0.102
   54   V   0.097   0.101   0.102
   55   R   0.097   0.102   0.102
   56   E   0.103   0.097   0.104
   57   C   0.100   0.098   0.102
   58   A   0.103   0.099   0.103
   59   C   0.101   0.101   0.101
   60   A   0.102   0.104   0.101
   61   G   0.102   0.102   0.101
   62   L   0.103   0.104   0.101
   63   A   0.106   0.101   0.103
   64   R   0.099   0.103   0.099
   65   L   0.105   0.104   0.103
   66   V   0.103   0.104   0.102
   67   Q   0.107   0.102   0.104
   68   Q   0.104   0.105   0.103
   69   R   0.102   0.105   0.102
   70   P   0.105   0.101   0.103
# Measure  Position  Value    Cutoff   signal peptide?
  max. C    40       0.108
  max. Y    12       0.120
  max. S     7       0.166
  mean S     1-11    0.137
       D     1-11    0.127   0.500   NO
Name=HEAT3_HUMAN	SP='NO' D=0.127 D-cutoff=0.500 Networks=SignalP-TM
