# SignalP-4.1 euk predictions
# Name=HNRDL_HUMAN	Length=70	Networks=SignalP-noTM
# pos  aa    C       S       Y
    1   M   0.101   0.133   0.116
    2   E   0.102   0.161   0.117
    3   V   0.100   0.161   0.116
    4   P   0.102   0.145   0.118
    5   P   0.106   0.130   0.120
    6   R   0.100   0.112   0.117
    7   L   0.106   0.135   0.120
    8   S   0.105   0.126   0.119
    9   H   0.097   0.119   0.114
   10   V   0.101   0.115   0.116
   11   P   0.100   0.082   0.115
   12   P   0.109   0.079   0.120
   13   P   0.102   0.086   0.114
   14   L   0.105   0.092   0.115
   15   F   0.103   0.082   0.113
   16   P   0.098   0.084   0.109
   17   S   0.100   0.092   0.110
   18   A   0.102   0.107   0.110
   19   P   0.103   0.113   0.110
   20   A   0.104   0.104   0.110
   21   T   0.096   0.112   0.105
   22   L   0.105   0.113   0.109
   23   A   0.101   0.145   0.107
   24   S   0.118   0.113   0.116
   25   R   0.103   0.128   0.107
   26   S   0.105   0.129   0.108
   27   L   0.105   0.111   0.107
   28   S   0.108   0.115   0.108
   29   H   0.114   0.106   0.111
   30   W   0.097   0.125   0.102
   31   R   0.103   0.110   0.105
   32   P   0.101   0.115   0.104
   33   R   0.105   0.112   0.106
   34   P   0.103   0.126   0.106
   35   P   0.103   0.135   0.106
   36   R   0.101   0.132   0.107
   37   Q   0.105   0.157   0.109
   38   L   0.102   0.132   0.109
   39   A   0.105   0.121   0.112
   40   P   0.102   0.116   0.111
   41   L   0.107   0.108   0.114
   42   L   0.104   0.106   0.112
   43   P   0.110   0.106   0.115
   44   S   0.110   0.093   0.115
   45   L   0.104   0.105   0.112
   46   A   0.109   0.099   0.113
   47   P   0.093   0.096   0.105
   48   S   0.104   0.113   0.110
   49   S   0.101   0.127   0.108
   50   A   0.102   0.169   0.109
   51   R   0.124   0.115   0.121
   52   Q   0.098   0.116   0.108
   53   G   0.097   0.114   0.107
   54   A   0.104   0.107   0.111
   55   R   0.099   0.108   0.108
   56   R   0.106   0.106   0.112
   57   A   0.108   0.104   0.113
   58   Q   0.095   0.103   0.105
   59   R   0.111   0.105   0.113
   60   H   0.103   0.107   0.108
   61   V   0.105   0.105   0.108
   62   T   0.105   0.103   0.108
   63   A   0.111   0.101   0.110
   64   Q   0.098   0.100   0.104
   65   Q   0.108   0.102   0.109
   66   P   0.102   0.099   0.105
   67   S   0.103   0.099   0.106
   68   R   0.105   0.097   0.107
   69   L   0.110   0.096   0.109
   70   A   0.105   0.099   0.107
# Measure  Position  Value    Cutoff   signal peptide?
  max. C    51       0.124
  max. Y    51       0.121
  max. S    50       0.169
  mean S     1-50    0.117
       D     1-50    0.119   0.450   NO
Name=HNRDL_HUMAN	SP='NO' D=0.119 D-cutoff=0.450 Networks=SignalP-noTM
