# SignalP-4.1 euk predictions
# Name=HSH2D_HUMAN	Length=70	Networks=SignalP-noTM
# pos  aa    C       S       Y
    1   M   0.101   0.194   0.140
    2   T   0.104   0.160   0.142
    3   E   0.105   0.167   0.142
    4   A   0.104   0.170   0.141
    5   G   0.102   0.128   0.139
    6   K   0.097   0.139   0.135
    7   L   0.100   0.156   0.136
    8   P   0.104   0.131   0.138
    9   L   0.105   0.125   0.137
   10   P   0.104   0.124   0.135
   11   L   0.105   0.121   0.135
   12   P   0.108   0.102   0.136
   13   P   0.103   0.098   0.131
   14   R   0.103   0.120   0.129
   15   L   0.105   0.106   0.129
   16   D   0.100   0.097   0.124
   17   W   0.094   0.101   0.119
   18   F   0.097   0.092   0.119
   19   V   0.100   0.104   0.119
   20   H   0.102   0.107   0.118
   21   T   0.103   0.107   0.117
   22   Q   0.098   0.101   0.113
   23   M   0.102   0.120   0.113
   24   G   0.104   0.120   0.113
   25   Q   0.099   0.100   0.109
   26   L   0.100   0.120   0.108
   27   A   0.108   0.129   0.111
   28   Q   0.110   0.109   0.112
   29   D   0.107   0.110   0.110
   30   G   0.103   0.099   0.107
   31   V   0.098   0.092   0.104
   32   P   0.100   0.105   0.104
   33   E   0.104   0.100   0.106
   34   W   0.095   0.095   0.101
   35   F   0.101   0.097   0.103
   36   H   0.103   0.105   0.104
   37   G   0.102   0.101   0.104
   38   A   0.101   0.104   0.103
   39   I   0.099   0.100   0.102
   40   S   0.107   0.097   0.106
   41   R   0.103   0.104   0.104
   42   E   0.100   0.105   0.103
   43   D   0.106   0.103   0.106
   44   A   0.101   0.101   0.103
   45   E   0.103   0.102   0.104
   46   N   0.106   0.103   0.105
   47   L   0.104   0.101   0.104
   48   L   0.104   0.096   0.104
   49   E   0.104   0.097   0.103
   50   S   0.103   0.089   0.102
   51   Q   0.099   0.097   0.100
   52   P   0.107   0.090   0.103
   53   L   0.106   0.090   0.102
   54   G   0.103   0.088   0.101
   55   S   0.099   0.093   0.099
   56   F   0.102   0.092   0.100
   57   L   0.098   0.093   0.098
   58   I   0.099   0.097   0.098
   59   R   0.100   0.096   0.099
   60   V   0.104   0.094   0.100
   61   S   0.103   0.094   0.100
   62   H   0.100   0.089   0.098
   63   S   0.097   0.092   0.097
   64   H   0.105   0.096   0.100
   65   V   0.099   0.094   0.097
   66   G   0.101   0.095   0.098
   67   Y   0.100   0.094   0.097
   68   T   0.098   0.096   0.096
   69   L   0.103   0.097   0.098
   70   S   0.104   0.097   0.099
# Measure  Position  Value    Cutoff   signal peptide?
  max. C    28       0.110
  max. Y    12       0.136
  max. S     1       0.194
  mean S     1-11    0.147
       D     1-11    0.142   0.450   NO
Name=HSH2D_HUMAN	SP='NO' D=0.142 D-cutoff=0.450 Networks=SignalP-noTM
