# SignalP-4.1 euk predictions
# Name=HXB1_HUMAN	Length=70	Networks=SignalP-noTM
# pos  aa    C       S       Y
    1   M   0.101   0.117   0.108
    2   D   0.101   0.112   0.109
    3   Y   0.102   0.106   0.109
    4   N   0.100   0.099   0.108
    5   R   0.100   0.099   0.107
    6   M   0.103   0.093   0.108
    7   N   0.101   0.103   0.107
    8   S   0.102   0.098   0.107
    9   F   0.098   0.097   0.105
   10   L   0.101   0.092   0.106
   11   E   0.101   0.088   0.105
   12   Y   0.101   0.083   0.105
   13   P   0.103   0.090   0.105
   14   L   0.104   0.096   0.105
   15   C   0.107   0.086   0.106
   16   N   0.101   0.091   0.102
   17   R   0.096   0.096   0.099
   18   G   0.102   0.090   0.102
   19   P   0.095   0.090   0.098
   20   S   0.101   0.099   0.100
   21   A   0.100   0.109   0.099
   22   Y   0.096   0.111   0.097
   23   S   0.101   0.110   0.099
   24   A   0.106   0.110   0.101
   25   H   0.097   0.109   0.097
   26   S   0.102   0.109   0.100
   27   A   0.101   0.106   0.099
   28   P   0.097   0.100   0.098
   29   T   0.103   0.104   0.101
   30   S   0.105   0.095   0.101
   31   F   0.099   0.091   0.098
   32   P   0.101   0.095   0.100
   33   P   0.102   0.094   0.100
   34   S   0.104   0.093   0.101
   35   S   0.107   0.095   0.103
   36   A   0.106   0.116   0.102
   37   Q   0.125   0.114   0.112
   38   A   0.100   0.118   0.101
   39   V   0.105   0.104   0.104
   40   D   0.110   0.103   0.106
   41   S   0.103   0.108   0.103
   42   Y   0.105   0.104   0.105
   43   A   0.105   0.097   0.105
   44   S   0.102   0.102   0.103
   45   E   0.101   0.100   0.102
   46   G   0.101   0.090   0.102
   47   R   0.102   0.088   0.102
   48   Y   0.109   0.085   0.105
   49   G   0.102   0.085   0.101
   50   G   0.102   0.088   0.101
   51   G   0.102   0.099   0.100
   52   L   0.103   0.099   0.101
   53   S   0.103   0.100   0.101
   54   S   0.103   0.098   0.101
   55   P   0.108   0.105   0.103
   56   A   0.107   0.102   0.103
   57   F   0.103   0.104   0.101
   58   Q   0.108   0.103   0.104
   59   Q   0.100   0.099   0.100
   60   N   0.105   0.098   0.102
   61   S   0.102   0.099   0.100
   62   G   0.097   0.105   0.098
   63   Y   0.098   0.104   0.098
   64   P   0.107   0.101   0.102
   65   A   0.106   0.104   0.102
   66   Q   0.096   0.103   0.097
   67   Q   0.099   0.104   0.099
   68   P   0.100   0.102   0.099
   69   P   0.103   0.103   0.101
   70   S   0.108   0.106   0.104
# Measure  Position  Value    Cutoff   signal peptide?
  max. C    37       0.125
  max. Y    37       0.112
  max. S    38       0.118
  mean S     1-36    0.099
       D     1-36    0.105   0.450   NO
Name=HXB1_HUMAN	SP='NO' D=0.105 D-cutoff=0.450 Networks=SignalP-noTM
