# SignalP-4.1 euk predictions
# Name=I22R1_HUMAN	Length=70	Networks=SignalP-noTM
# pos  aa    C       S       Y
    1   M   0.101   0.663   0.258
    2   R   0.102   0.687   0.260
    3   T   0.105   0.751   0.264
    4   L   0.102   0.740   0.261
    5   L   0.103   0.667   0.263
    6   T   0.102   0.734   0.262
    7   I   0.102   0.697   0.263
    8   L   0.102   0.635   0.263
    9   T   0.105   0.599   0.266
   10   V   0.101   0.670   0.260
   11   G   0.102   0.744   0.262
   12   S   0.098   0.778   0.258
   13   L   0.098   0.769   0.259
   14   A   0.101   0.785   0.263
   15   A   0.110   0.661   0.276
   16   H   0.121   0.342   0.290
   17   A   0.117   0.274   0.282
   18   P   0.118   0.124   0.279
   19   E   0.108   0.163   0.261
   20   D   0.127   0.133   0.279
   21   P   0.094   0.141   0.235
   22   S   0.109   0.145   0.248
   23   D   0.102   0.150   0.234
   24   L   0.101   0.129   0.228
   25   L   0.107   0.111   0.230
   26   Q   0.105   0.101   0.220
   27   H   0.107   0.100   0.215
   28   V   0.103   0.099   0.205
   29   K   0.105   0.095   0.200
   30   F   0.103   0.080   0.190
   31   Q   0.098   0.088   0.179
   32   S   0.107   0.090   0.180
   33   S   0.100   0.087   0.167
   34   N   0.094   0.090   0.152
   35   F   0.096   0.088   0.144
   36   E   0.099   0.094   0.136
   37   N   0.100   0.095   0.124
   38   I   0.103   0.089   0.115
   39   L   0.098   0.097   0.107
   40   T   0.095   0.101   0.102
   41   W   0.096   0.101   0.102
   42   D   0.106   0.101   0.105
   43   S   0.103   0.097   0.103
   44   G   0.103   0.098   0.102
   45   P   0.095   0.099   0.097
   46   E   0.105   0.097   0.101
   47   G   0.103   0.103   0.099
   48   T   0.099   0.100   0.097
   49   P   0.098   0.102   0.096
   50   D   0.101   0.107   0.098
   51   T   0.100   0.109   0.097
   52   V   0.099   0.110   0.098
   53   Y   0.105   0.107   0.101
   54   S   0.102   0.099   0.100
   55   I   0.102   0.101   0.100
   56   E   0.102   0.102   0.101
   57   Y   0.107   0.105   0.103
   58   K   0.096   0.107   0.098
   59   T   0.106   0.102   0.103
   60   Y   0.107   0.104   0.104
   61   G   0.105   0.102   0.104
   62   E   0.096   0.104   0.099
   63   R   0.105   0.106   0.104
   64   D   0.102   0.104   0.102
   65   W   0.101   0.105   0.102
   66   V   0.104   0.103   0.104
   67   A   0.103   0.105   0.103
   68   K   0.095   0.104   0.099
   69   K   0.101   0.106   0.103
   70   G   0.105   0.103   0.105
# Measure  Position  Value    Cutoff   signal peptide?
  max. C    20       0.127
  max. Y    16       0.290
  max. S    14       0.785
  mean S     1-15    0.705
       D     1-15    0.514   0.450   YES
Name=I22R1_HUMAN	SP='YES' Cleavage site between pos. 15 and 16: LAA-HA D=0.514 D-cutoff=0.450 Networks=SignalP-noTM
