# SignalP-4.1 euk predictions
# Name=INAM1_HUMAN	Length=70	Networks=SignalP-TM
# pos  aa    C       S       Y
    1   M   0.102   0.102   0.102
    2   R   0.102   0.099   0.102
    3   G   0.103   0.086   0.103
    4   T   0.100   0.077   0.101
    5   S   0.104   0.074   0.101
    6   C   0.101   0.071   0.099
    7   V   0.102   0.066   0.098
    8   G   0.101   0.077   0.096
    9   G   0.100   0.081   0.095
   10   G   0.102   0.096   0.095
   11   A   0.103   0.141   0.095
   12   E   0.100   0.097   0.096
   13   S   0.099   0.112   0.095
   14   P   0.098   0.119   0.095
   15   G   0.107   0.123   0.100
   16   G   0.105   0.123   0.099
   17   A   0.101   0.123   0.098
   18   G   0.102   0.141   0.100
   19   L   0.112   0.136   0.107
   20   S   0.105   0.123   0.106
   21   E   0.103   0.124   0.107
   22   G   0.106   0.118   0.111
   23   P   0.100   0.113   0.109
   24   R   0.107   0.116   0.114
   25   G   0.106   0.131   0.114
   26   R   0.102   0.139   0.111
   27   W   0.104   0.154   0.114
   28   L   0.104   0.143   0.115
   29   R   0.102   0.167   0.115
   30   L   0.104   0.141   0.117
   31   A   0.105   0.132   0.118
   32   P   0.100   0.132   0.116
   33   V   0.107   0.108   0.119
   34   C   0.105   0.078   0.117
   35   A   0.105   0.048   0.116
   36   Y   0.096   0.041   0.109
   37   F   0.103   0.036   0.110
   38   L   0.102   0.028   0.107
   39   C   0.103   0.048   0.104
   40   V   0.103   0.052   0.101
   41   S   0.103   0.044   0.098
   42   L   0.104   0.042   0.094
   43   A   0.107   0.039   0.091
   44   A   0.177   0.032   0.110
   45   V   0.099   0.029   0.078
   46   L   0.101   0.020   0.074
   47   L   0.104   0.027   0.069
   48   A   0.108   0.038   0.066
   49   V   0.128   0.046   0.069
   50   Y   0.103   0.056   0.062
   51   Y   0.102   0.077   0.063
   52   G   0.102   0.098   0.065
   53   L   0.104   0.093   0.069
   54   I   0.103   0.080   0.071
   55   W   0.101   0.093   0.072
   56   V   0.104   0.093   0.076
   57   P   0.100   0.114   0.076
   58   T   0.106   0.140   0.082
   59   R   0.099   0.136   0.084
   60   S   0.105   0.144   0.091
   61   P   0.103   0.134   0.096
   62   A   0.104   0.123   0.100
   63   A   0.102   0.116   0.102
   64   P   0.102   0.116   0.105
   65   A   0.107   0.111   0.109
   66   G   0.101   0.108   0.107
   67   P   0.105   0.108   0.109
   68   Q   0.103   0.109   0.109
   69   P   0.103   0.109   0.110
   70   S   0.103   0.108   0.111
# Measure  Position  Value    Cutoff   signal peptide?
  max. C    44       0.177
  max. Y    33       0.119
  max. S    29       0.167
  mean S     1-32    0.115
       D     1-32    0.118   0.500   NO
Name=INAM1_HUMAN	SP='NO' D=0.118 D-cutoff=0.500 Networks=SignalP-TM
