# SignalP-4.1 euk predictions
# Name=KCC1D_HUMAN	Length=70	Networks=SignalP-noTM
# pos  aa    C       S       Y
    1   M   0.104   0.104   0.104
    2   A   0.104   0.108   0.104
    3   R   0.097   0.111   0.101
    4   E   0.107   0.102   0.106
    5   N   0.100   0.113   0.103
    6   G   0.102   0.103   0.104
    7   E   0.097   0.107   0.101
    8   S   0.102   0.116   0.104
    9   S   0.100   0.125   0.103
   10   S   0.098   0.114   0.102
   11   S   0.098   0.108   0.103
   12   W   0.097   0.089   0.102
   13   K   0.098   0.088   0.102
   14   K   0.101   0.104   0.103
   15   Q   0.103   0.107   0.105
   16   A   0.103   0.106   0.104
   17   E   0.100   0.106   0.103
   18   D   0.101   0.103   0.104
   19   I   0.097   0.104   0.102
   20   K   0.097   0.103   0.101
   21   K   0.104   0.098   0.105
   22   I   0.101   0.099   0.104
   23   F   0.101   0.094   0.103
   24   E   0.108   0.100   0.106
   25   F   0.102   0.094   0.103
   26   K   0.103   0.091   0.103
   27   E   0.104   0.089   0.104
   28   T   0.105   0.087   0.104
   29   L   0.101   0.089   0.101
   30   G   0.104   0.096   0.102
   31   T   0.100   0.094   0.100
   32   G   0.102   0.090   0.100
   33   A   0.098   0.096   0.097
   34   F   0.099   0.097   0.098
   35   S   0.098   0.094   0.098
   36   E   0.098   0.099   0.098
   37   V   0.098   0.090   0.098
   38   V   0.099   0.098   0.097
   39   L   0.101   0.125   0.099
   40   A   0.099   0.134   0.098
   41   E   0.125   0.100   0.111
   42   E   0.106   0.108   0.102
   43   K   0.098   0.097   0.098
   44   A   0.100   0.091   0.099
   45   T   0.099   0.103   0.098
   46   G   0.105   0.097   0.101
   47   K   0.104   0.096   0.101
   48   L   0.103   0.095   0.101
   49   F   0.103   0.090   0.101
   50   A   0.103   0.098   0.101
   51   V   0.101   0.102   0.100
   52   K   0.105   0.101   0.102
   53   C   0.105   0.096   0.102
   54   I   0.100   0.097   0.100
   55   P   0.104   0.110   0.102
   56   K   0.103   0.104   0.102
   57   K   0.101   0.110   0.101
   58   A   0.102   0.099   0.102
   59   L   0.096   0.101   0.099
   60   K   0.104   0.099   0.103
   61   G   0.100   0.104   0.101
   62   K   0.103   0.103   0.102
   63   E   0.102   0.103   0.101
   64   S   0.100   0.103   0.100
   65   S   0.101   0.105   0.101
   66   I   0.097   0.106   0.099
   67   E   0.101   0.105   0.101
   68   N   0.099   0.106   0.100
   69   E   0.100   0.105   0.101
   70   I   0.105   0.102   0.103
# Measure  Position  Value    Cutoff   signal peptide?
  max. C    41       0.125
  max. Y    41       0.111
  max. S    40       0.134
  mean S     1-40    0.102
       D     1-40    0.106   0.450   NO
Name=KCC1D_HUMAN	SP='NO' D=0.106 D-cutoff=0.450 Networks=SignalP-noTM
