# SignalP-4.1 euk predictions
# Name=KCY_HUMAN	Length=70	Networks=SignalP-TM
# pos  aa    C       S       Y
    1   M   0.101   0.434   0.210
    2   K   0.101   0.323   0.210
    3   P   0.102   0.205   0.209
    4   L   0.103   0.219   0.205
    5   V   0.104   0.233   0.203
    6   V   0.102   0.247   0.197
    7   F   0.103   0.281   0.194
    8   V   0.101   0.262   0.190
    9   L   0.102   0.305   0.187
   10   G   0.106   0.254   0.189
   11   G   0.098   0.231   0.177
   12   P   0.103   0.297   0.178
   13   G   0.104   0.383   0.176
   14   A   0.100   0.382   0.172
   15   G   0.099   0.288   0.169
   16   K   0.131   0.246   0.191
   17   G   0.106   0.194   0.171
   18   T   0.165   0.136   0.212
   19   Q   0.108   0.130   0.169
   20   C   0.106   0.138   0.166
   21   A   0.158   0.121   0.199
   22   R   0.100   0.110   0.155
   23   I   0.106   0.108   0.156
   24   V   0.104   0.103   0.150
   25   E   0.103   0.100   0.145
   26   K   0.105   0.100   0.143
   27   Y   0.100   0.102   0.135
   28   G   0.105   0.097   0.130
   29   Y   0.103   0.098   0.121
   30   T   0.103   0.090   0.114
   31   H   0.103   0.090   0.109
   32   L   0.103   0.105   0.106
   33   S   0.104   0.101   0.105
   34   A   0.101   0.107   0.103
   35   G   0.102   0.099   0.102
   36   E   0.107   0.097   0.104
   37   L   0.101   0.098   0.100
   38   L   0.103   0.102   0.101
   39   R   0.103   0.096   0.101
   40   D   0.103   0.099   0.101
   41   E   0.103   0.106   0.101
   42   R   0.101   0.102   0.100
   43   K   0.104   0.109   0.102
   44   N   0.099   0.106   0.100
   45   P   0.100   0.099   0.101
   46   D   0.103   0.108   0.102
   47   S   0.103   0.104   0.103
   48   Q   0.099   0.120   0.101
   49   Y   0.102   0.113   0.103
   50   G   0.100   0.114   0.102
   51   E   0.100   0.116   0.103
   52   L   0.104   0.117   0.106
   53   I   0.103   0.112   0.105
   54   E   0.102   0.105   0.106
   55   K   0.104   0.106   0.107
   56   Y   0.104   0.102   0.107
   57   I   0.106   0.100   0.108
   58   K   0.104   0.099   0.106
   59   E   0.103   0.097   0.106
   60   G   0.101   0.097   0.104
   61   K   0.100   0.097   0.104
   62   I   0.104   0.096   0.105
   63   V   0.101   0.097   0.103
   64   P   0.103   0.094   0.103
   65   V   0.102   0.094   0.102
   66   E   0.103   0.094   0.102
   67   I   0.107   0.095   0.103
   68   T   0.100   0.098   0.099
   69   I   0.102   0.098   0.100
   70   S   0.104   0.098   0.100
# Measure  Position  Value    Cutoff   signal peptide?
  max. C    18       0.165
  max. Y    18       0.212
  max. S     1       0.434
  mean S     1-17    0.281
       D     1-17    0.240   0.500   NO
Name=KCY_HUMAN	SP='NO' D=0.240 D-cutoff=0.500 Networks=SignalP-TM
