# SignalP-4.1 euk predictions
# Name=KI2S3_HUMAN	Length=70	Networks=SignalP-TM
# pos  aa    C       S       Y
    1   M   0.102   0.740   0.274
    2   S   0.102   0.685   0.275
    3   L   0.100   0.721   0.272
    4   M   0.102   0.763   0.274
    5   V   0.102   0.701   0.274
    6   I   0.102   0.634   0.273
    7   S   0.102   0.542   0.272
    8   M   0.102   0.571   0.270
    9   A   0.103   0.622   0.268
   10   C   0.098   0.610   0.260
   11   V   0.100   0.622   0.261
   12   G   0.101   0.620   0.261
   13   F   0.101   0.632   0.259
   14   F   0.103   0.559   0.260
   15   W   0.100   0.553   0.254
   16   L   0.103   0.510   0.256
   17   Q   0.107   0.432   0.257
   18   G   0.104   0.524   0.249
   19   A   0.143   0.317   0.289
   20   W   0.154   0.218   0.292
   21   P   0.104   0.297   0.233
   22   H   0.319   0.161   0.402
   23   E   0.098   0.159   0.217
   24   G   0.101   0.181   0.212
   25   F   0.153   0.137   0.252
   26   R   0.104   0.128   0.198
   27   R   0.124   0.116   0.207
   28   K   0.104   0.103   0.178
   29   P   0.101   0.116   0.166
   30   S   0.105   0.110   0.160
   31   L   0.105   0.122   0.150
   32   L   0.104   0.120   0.141
   33   A   0.103   0.121   0.130
   34   H   0.100   0.119   0.122
   35   P   0.105   0.100   0.122
   36   G   0.105   0.099   0.116
   37   R   0.103   0.101   0.113
   38   L   0.104   0.100   0.112
   39   V   0.099   0.103   0.106
   40   K   0.101   0.116   0.106
   41   S   0.101   0.126   0.106
   42   E   0.108   0.113   0.110
   43   E   0.105   0.115   0.108
   44   T   0.102   0.118   0.107
   45   V   0.100   0.105   0.106
   46   I   0.102   0.095   0.107
   47   L   0.101   0.096   0.105
   48   Q   0.099   0.095   0.103
   49   C   0.104   0.095   0.105
   50   W   0.104   0.093   0.104
   51   S   0.101   0.102   0.103
   52   D   0.102   0.095   0.103
   53   V   0.100   0.097   0.102
   54   M   0.099   0.103   0.102
   55   F   0.101   0.104   0.102
   56   E   0.101   0.102   0.101
   57   H   0.102   0.102   0.101
   58   F   0.102   0.102   0.101
   59   L   0.099   0.100   0.099
   60   L   0.102   0.100   0.100
   61   H   0.104   0.106   0.101
   62   R   0.101   0.102   0.100
   63   E   0.105   0.098   0.103
   64   G   0.103   0.102   0.102
   65   T   0.100   0.099   0.101
   66   F   0.105   0.098   0.103
   67   N   0.099   0.099   0.100
   68   D   0.100   0.100   0.100
   69   T   0.097   0.100   0.099
   70   L   0.102   0.098   0.101
# Measure  Position  Value    Cutoff   signal peptide?
  max. C    22       0.319
  max. Y    22       0.402
  max. S     4       0.763
  mean S     1-21    0.565
       D     1-21    0.467   0.500   NO
Name=KI2S3_HUMAN	SP='NO' D=0.467 D-cutoff=0.500 Networks=SignalP-TM
