# SignalP-4.1 euk predictions
# Name=KLHL4_HUMAN	Length=70	Networks=SignalP-noTM
# pos  aa    C       S       Y
    1   M   0.100   0.121   0.110
    2   S   0.103   0.139   0.112
    3   V   0.099   0.133   0.110
    4   S   0.102   0.121   0.112
    5   G   0.102   0.126   0.112
    6   K   0.096   0.123   0.109
    7   K   0.102   0.115   0.112
    8   E   0.101   0.126   0.111
    9   F   0.099   0.109   0.110
   10   D   0.101   0.107   0.111
   11   V   0.103   0.092   0.112
   12   K   0.103   0.103   0.112
   13   Q   0.102   0.109   0.110
   14   I   0.101   0.103   0.110
   15   L   0.101   0.102   0.109
   16   R   0.104   0.104   0.111
   17   L   0.098   0.101   0.107
   18   R   0.103   0.101   0.109
   19   W   0.103   0.101   0.109
   20   R   0.103   0.107   0.108
   21   W   0.101   0.095   0.107
   22   F   0.101   0.100   0.106
   23   S   0.095   0.097   0.102
   24   H   0.099   0.099   0.104
   25   P   0.095   0.104   0.101
   26   F   0.104   0.103   0.105
   27   Q   0.097   0.109   0.101
   28   G   0.103   0.121   0.104
   29   S   0.117   0.098   0.111
   30   T   0.100   0.106   0.102
   31   N   0.099   0.109   0.101
   32   T   0.102   0.106   0.103
   33   G   0.107   0.102   0.105
   34   S   0.105   0.114   0.104
   35   C   0.105   0.105   0.105
   36   L   0.102   0.106   0.103
   37   Q   0.098   0.100   0.101
   38   Q   0.112   0.095   0.108
   39   E   0.106   0.102   0.105
   40   G   0.102   0.095   0.103
   41   Y   0.096   0.102   0.100
   42   E   0.101   0.103   0.102
   43   H   0.097   0.098   0.100
   44   R   0.101   0.105   0.102
   45   G   0.102   0.101   0.103
   46   T   0.096   0.104   0.100
   47   P   0.106   0.102   0.105
   48   V   0.104   0.101   0.104
   49   Q   0.103   0.103   0.103
   50   G   0.106   0.101   0.105
   51   R   0.095   0.104   0.099
   52   L   0.109   0.108   0.106
   53   K   0.103   0.101   0.103
   54   S   0.104   0.095   0.103
   55   H   0.102   0.091   0.102
   56   S   0.106   0.096   0.104
   57   R   0.101   0.093   0.101
   58   D   0.105   0.101   0.103
   59   R   0.102   0.097   0.101
   60   N   0.103   0.100   0.101
   61   G   0.106   0.102   0.103
   62   L   0.093   0.102   0.096
   63   K   0.104   0.100   0.102
   64   K   0.099   0.098   0.100
   65   S   0.106   0.101   0.103
   66   N   0.101   0.101   0.100
   67   S   0.106   0.100   0.103
   68   P   0.101   0.100   0.100
   69   V   0.104   0.098   0.102
   70   H   0.104   0.098   0.102
# Measure  Position  Value    Cutoff   signal peptide?
  max. C    29       0.117
  max. Y    11       0.112
  max. S     2       0.139
  mean S     1-10    0.122
       D     1-10    0.118   0.450   NO
Name=KLHL4_HUMAN	SP='NO' D=0.118 D-cutoff=0.450 Networks=SignalP-noTM
