# SignalP-4.1 euk predictions
# Name=KLK6_HUMAN	Length=70	Networks=SignalP-noTM
# pos  aa    C       S       Y
    1   M   0.101   0.786   0.281
    2   K   0.102   0.773   0.283
    3   K   0.101   0.793   0.281
    4   L   0.100   0.789   0.280
    5   M   0.105   0.818   0.287
    6   V   0.102   0.834   0.284
    7   V   0.102   0.835   0.284
    8   L   0.102   0.847   0.284
    9   S   0.101   0.879   0.284
   10   L   0.099   0.890   0.281
   11   I   0.107   0.880   0.294
   12   A   0.103   0.896   0.288
   13   A   0.098   0.880   0.282
   14   A   0.099   0.812   0.284
   15   W   0.098   0.756   0.284
   16   A   0.107   0.798   0.296
   17   E   0.779   0.267   0.798
   18   E   0.101   0.311   0.284
   19   Q   0.122   0.244   0.308
   20   N   0.108   0.194   0.284
   21   K   0.120   0.160   0.294
   22   L   0.107   0.147   0.272
   23   V   0.106   0.144   0.266
   24   H   0.105   0.155   0.257
   25   G   0.107   0.128   0.254
   26   G   0.261   0.107   0.387
   27   P   0.102   0.123   0.236
   28   C   0.109   0.125   0.237
   29   D   0.104   0.111   0.223
   30   K   0.098   0.108   0.210
   31   T   0.101   0.112   0.204
   32   S   0.103   0.119   0.197
   33   H   0.099   0.105   0.185
   34   P   0.104   0.112   0.179
   35   Y   0.100   0.109   0.165
   36   Q   0.103   0.107   0.157
   37   A   0.104   0.112   0.147
   38   A   0.098   0.133   0.132
   39   L   0.097   0.147   0.119
   40   Y   0.100   0.132   0.119
   41   T   0.102   0.139   0.117
   42   S   0.109   0.130   0.118
   43   G   0.104   0.165   0.114
   44   H   0.102   0.225   0.113
   45   L   0.103   0.170   0.116
   46   L   0.097   0.187   0.112
   47   C   0.101   0.181   0.115
   48   G   0.105   0.140   0.119
   49   G   0.105   0.154   0.120
   50   V   0.101   0.217   0.118
   51   L   0.102   0.158   0.120
   52   I   0.103   0.122   0.122
   53   H   0.111   0.142   0.126
   54   P   0.102   0.130   0.122
   55   L   0.104   0.112   0.123
   56   W   0.101   0.122   0.122
   57   V   0.104   0.134   0.124
   58   L   0.102   0.116   0.123
   59   T   0.107   0.123   0.126
   60   A   0.107   0.104   0.126
   61   A   0.117   0.098   0.131
   62   H   0.131   0.096   0.138
   63   C   0.104   0.096   0.122
   64   K   0.136   0.096   0.139
   65   K   0.099   0.097   0.118
   66   P   0.097   0.098   0.115
   67   N   0.103   0.099   0.116
   68   L   0.104   0.102   0.116
   69   Q   0.103   0.103   0.113
   70   V   0.100   0.103   0.110
# Measure  Position  Value    Cutoff   signal peptide?
  max. C    17       0.779
  max. Y    17       0.798
  max. S    12       0.896
  mean S     1-16    0.829
       D     1-16    0.815   0.450   YES
Name=KLK6_HUMAN	SP='YES' Cleavage site between pos. 16 and 17: AWA-EE D=0.815 D-cutoff=0.450 Networks=SignalP-noTM
