# SignalP-4.1 euk predictions
# Name=KTNA1_HUMAN	Length=70	Networks=SignalP-TM
# pos  aa    C       S       Y
    1   M   0.102   0.207   0.145
    2   S   0.103   0.164   0.146
    3   L   0.101   0.144   0.144
    4   L   0.101   0.124   0.142
    5   M   0.102   0.138   0.141
    6   I   0.102   0.148   0.139
    7   S   0.102   0.124   0.137
    8   E   0.101   0.114   0.135
    9   N   0.103   0.121   0.133
   10   V   0.098   0.126   0.128
   11   K   0.100   0.150   0.126
   12   L   0.103   0.204   0.126
   13   A   0.101   0.173   0.125
   14   R   0.103   0.115   0.125
   15   E   0.105   0.129   0.124
   16   Y   0.126   0.126   0.133
   17   A   0.103   0.122   0.119
   18   L   0.105   0.108   0.120
   19   L   0.100   0.100   0.116
   20   G   0.102   0.106   0.116
   21   N   0.101   0.109   0.115
   22   Y   0.105   0.105   0.116
   23   D   0.103   0.109   0.115
   24   S   0.103   0.111   0.114
   25   A   0.099   0.101   0.112
   26   M   0.099   0.102   0.110
   27   V   0.101   0.095   0.108
   28   Y   0.101   0.081   0.105
   29   Y   0.102   0.086   0.105
   30   Q   0.102   0.087   0.103
   31   G   0.104   0.102   0.103
   32   V   0.100   0.096   0.100
   33   L   0.100   0.095   0.100
   34   D   0.104   0.092   0.102
   35   Q   0.103   0.086   0.100
   36   M   0.106   0.080   0.101
   37   N   0.103   0.090   0.099
   38   K   0.104   0.093   0.098
   39   Y   0.103   0.089   0.097
   40   L   0.101   0.084   0.096
   41   Y   0.102   0.080   0.096
   42   S   0.101   0.089   0.095
   43   V   0.102   0.088   0.095
   44   K   0.101   0.092   0.095
   45   D   0.103   0.098   0.096
   46   T   0.098   0.088   0.094
   47   Y   0.104   0.095   0.096
   48   L   0.104   0.096   0.096
   49   Q   0.101   0.098   0.095
   50   Q   0.101   0.096   0.095
   51   K   0.102   0.099   0.097
   52   W   0.101   0.101   0.097
   53   Q   0.103   0.100   0.098
   54   Q   0.102   0.098   0.098
   55   V   0.097   0.100   0.096
   56   W   0.100   0.099   0.098
   57   Q   0.101   0.102   0.098
   58   E   0.098   0.104   0.098
   59   I   0.104   0.105   0.101
   60   N   0.101   0.105   0.100
   61   V   0.101   0.106   0.100
   62   E   0.101   0.105   0.101
   63   A   0.104   0.103   0.102
   64   K   0.096   0.105   0.099
   65   H   0.105   0.104   0.103
   66   V   0.101   0.106   0.102
   67   K   0.101   0.105   0.102
   68   D   0.105   0.104   0.104
   69   I   0.099   0.106   0.102
   70   M   0.104   0.105   0.104
# Measure  Position  Value    Cutoff   signal peptide?
  max. C    16       0.126
  max. Y    16       0.133
  max. S     1       0.207
  mean S     1-15    0.145
       D     1-15    0.138   0.500   NO
Name=KTNA1_HUMAN	SP='NO' D=0.138 D-cutoff=0.500 Networks=SignalP-TM
