# SignalP-4.1 euk predictions
# Name=LCA5_HUMAN	Length=70	Networks=SignalP-noTM
# pos  aa    C       S       Y
    1   M   0.102   0.079   0.090
    2   G   0.103   0.078   0.090
    3   E   0.099   0.087   0.089
    4   R   0.105   0.095   0.091
    5   A   0.107   0.092   0.093
    6   G   0.096   0.093   0.088
    7   S   0.098   0.108   0.089
    8   P   0.102   0.105   0.092
    9   G   0.104   0.105   0.093
   10   T   0.100   0.099   0.092
   11   D   0.102   0.078   0.094
   12   Q   0.104   0.075   0.094
   13   E   0.101   0.071   0.093
   14   R   0.099   0.076   0.092
   15   K   0.107   0.069   0.096
   16   A   0.106   0.074   0.095
   17   G   0.097   0.091   0.091
   18   K   0.100   0.099   0.092
   19   H   0.101   0.096   0.093
   20   H   0.102   0.097   0.094
   21   Y   0.100   0.094   0.094
   22   S   0.099   0.097   0.093
   23   Y   0.103   0.096   0.096
   24   L   0.101   0.094   0.095
   25   S   0.105   0.099   0.097
   26   D   0.095   0.095   0.093
   27   F   0.103   0.092   0.097
   28   E   0.101   0.092   0.096
   29   T   0.103   0.093   0.097
   30   P   0.105   0.092   0.097
   31   Q   0.102   0.091   0.096
   32   S   0.103   0.090   0.096
   33   S   0.097   0.088   0.093
   34   G   0.094   0.096   0.092
   35   R   0.104   0.099   0.097
   36   S   0.105   0.094   0.098
   37   S   0.098   0.094   0.095
   38   L   0.100   0.096   0.097
   39   V   0.098   0.090   0.096
   40   S   0.098   0.097   0.096
   41   S   0.101   0.094   0.098
   42   S   0.101   0.096   0.097
   43   P   0.104   0.096   0.099
   44   A   0.104   0.098   0.099
   45   S   0.093   0.097   0.094
   46   V   0.101   0.109   0.098
   47   R   0.101   0.107   0.098
   48   R   0.105   0.097   0.100
   49   K   0.104   0.097   0.100
   50   N   0.102   0.102   0.099
   51   P   0.107   0.105   0.101
   52   K   0.108   0.105   0.102
   53   R   0.106   0.103   0.101
   54   Q   0.104   0.093   0.101
   55   T   0.104   0.092   0.101
   56   S   0.107   0.099   0.103
   57   D   0.107   0.105   0.103
   58   G   0.103   0.105   0.101
   59   Q   0.098   0.099   0.099
   60   V   0.107   0.103   0.103
   61   H   0.106   0.103   0.103
   62   H   0.109   0.102   0.104
   63   Q   0.096   0.107   0.098
   64   A   0.107   0.106   0.104
   65   P   0.101   0.103   0.101
   66   R   0.100   0.103   0.101
   67   K   0.101   0.101   0.101
   68   P   0.102   0.101   0.102
   69   S   0.101   0.103   0.101
   70   P   0.101   0.104   0.101
# Measure  Position  Value    Cutoff   signal peptide?
  max. C    62       0.109
  max. Y    62       0.104
  max. S    46       0.109
  mean S     1-61    0.094
       D     1-61    0.099   0.450   NO
Name=LCA5_HUMAN	SP='NO' D=0.099 D-cutoff=0.450 Networks=SignalP-noTM
