# SignalP-4.1 euk predictions
# Name=LCE2B_HUMAN	Length=70	Networks=SignalP-noTM
# pos  aa    C       S       Y
    1   M   0.101   0.132   0.116
    2   S   0.102   0.129   0.116
    3   C   0.102   0.138   0.116
    4   Q   0.101   0.140   0.116
    5   Q   0.101   0.134   0.116
    6   N   0.098   0.117   0.114
    7   Q   0.099   0.115   0.115
    8   Q   0.100   0.125   0.115
    9   Q   0.100   0.121   0.114
   10   C   0.097   0.108   0.113
   11   Q   0.094   0.110   0.111
   12   P   0.100   0.121   0.113
   13   P   0.097   0.123   0.111
   14   P   0.101   0.109   0.113
   15   K   0.099   0.105   0.112
   16   C   0.098   0.110   0.111
   17   P   0.097   0.111   0.110
   18   P   0.099   0.111   0.110
   19   K   0.102   0.112   0.112
   20   C   0.103   0.118   0.112
   21   T   0.100   0.107   0.110
   22   P   0.103   0.109   0.111
   23   K   0.102   0.109   0.110
   24   C   0.104   0.106   0.111
   25   P   0.105   0.107   0.111
   26   P   0.104   0.103   0.109
   27   K   0.101   0.107   0.107
   28   C   0.104   0.110   0.108
   29   P   0.103   0.108   0.107
   30   P   0.101   0.104   0.106
   31   K   0.101   0.106   0.106
   32   C   0.101   0.100   0.105
   33   L   0.099   0.097   0.104
   34   P   0.104   0.094   0.106
   35   Q   0.098   0.101   0.103
   36   C   0.105   0.108   0.106
   37   P   0.103   0.099   0.105
   38   A   0.103   0.095   0.105
   39   P   0.094   0.098   0.100
   40   C   0.100   0.098   0.102
   41   S   0.098   0.092   0.101
   42   P   0.100   0.093   0.102
   43   A   0.098   0.095   0.100
   44   V   0.092   0.098   0.097
   45   S   0.100   0.100   0.101
   46   S   0.102   0.095   0.102
   47   C   0.098   0.102   0.099
   48   C   0.102   0.101   0.101
   49   G   0.103   0.096   0.101
   50   P   0.095   0.100   0.097
   51   I   0.108   0.094   0.104
   52   S   0.103   0.091   0.101
   53   G   0.103   0.092   0.100
   54   G   0.102   0.092   0.100
   55   C   0.102   0.101   0.099
   56   C   0.105   0.106   0.101
   57   G   0.106   0.100   0.102
   58   P   0.094   0.103   0.096
   59   S   0.103   0.101   0.100
   60   S   0.102   0.105   0.100
   61   G   0.104   0.102   0.101
   62   G   0.106   0.101   0.102
   63   C   0.100   0.102   0.099
   64   C   0.103   0.099   0.101
   65   N   0.103   0.099   0.101
   66   S   0.101   0.098   0.100
   67   G   0.100   0.098   0.100
   68   A   0.100   0.101   0.100
   69   G   0.098   0.099   0.099
   70   G   0.102   0.101   0.100
# Measure  Position  Value    Cutoff   signal peptide?
  max. C    51       0.108
  max. Y    14       0.113
  max. S     4       0.140
  mean S     1-13    0.124
       D     1-13    0.119   0.450   NO
Name=LCE2B_HUMAN	SP='NO' D=0.119 D-cutoff=0.450 Networks=SignalP-noTM
