# SignalP-4.1 euk predictions
# Name=LYSM4_HUMAN	Length=70	Networks=SignalP-noTM
# pos  aa    C       S       Y
    1   M   0.101   0.132   0.116
    2   R   0.103   0.143   0.117
    3   H   0.104   0.135   0.118
    4   E   0.102   0.121   0.116
    5   E   0.101   0.119   0.116
    6   L   0.100   0.119   0.115
    7   L   0.101   0.110   0.115
    8   T   0.102   0.120   0.115
    9   K   0.101   0.109   0.115
   10   T   0.104   0.103   0.116
   11   F   0.104   0.101   0.115
   12   Q   0.104   0.098   0.115
   13   G   0.101   0.101   0.112
   14   P   0.097   0.108   0.109
   15   A   0.103   0.107   0.112
   16   V   0.094   0.090   0.107
   17   V   0.097   0.099   0.107
   18   C   0.095   0.090   0.106
   19   G   0.105   0.087   0.110
   20   T   0.139   0.086   0.125
   21   P   0.099   0.092   0.105
   22   T   0.098   0.094   0.103
   23   S   0.102   0.098   0.105
   24   H   0.100   0.099   0.103
   25   V   0.101   0.097   0.102
   26   Y   0.103   0.091   0.102
   27   M   0.100   0.093   0.100
   28   F   0.112   0.098   0.106
   29   K   0.103   0.097   0.101
   30   N   0.104   0.101   0.101
   31   G   0.099   0.106   0.098
   32   S   0.102   0.101   0.100
   33   G   0.106   0.110   0.101
   34   D   0.115   0.101   0.106
   35   S   0.104   0.105   0.101
   36   G   0.098   0.106   0.098
   37   D   0.097   0.110   0.097
   38   S   0.103   0.106   0.100
   39   S   0.103   0.108   0.101
   40   E   0.099   0.112   0.099
   41   E   0.099   0.112   0.099
   42   E   0.098   0.108   0.099
   43   S   0.102   0.108   0.102
   44   H   0.101   0.110   0.102
   45   R   0.102   0.113   0.103
   46   V   0.103   0.106   0.103
   47   V   0.101   0.101   0.103
   48   L   0.105   0.108   0.105
   49   R   0.108   0.098   0.107
   50   P   0.106   0.099   0.106
   51   R   0.109   0.103   0.107
   52   G   0.111   0.099   0.108
   53   K   0.102   0.097   0.104
   54   E   0.105   0.093   0.105
   55   R   0.106   0.088   0.105
   56   H   0.101   0.093   0.102
   57   K   0.101   0.105   0.102
   58   S   0.103   0.102   0.104
   59   G   0.105   0.105   0.104
   60   V   0.100   0.107   0.102
   61   H   0.106   0.106   0.105
   62   Q   0.101   0.101   0.102
   63   P   0.100   0.104   0.101
   64   P   0.105   0.104   0.104
   65   Q   0.113   0.102   0.107
   66   A   0.110   0.101   0.106
   67   G   0.101   0.100   0.101
   68   A   0.098   0.103   0.099
   69   G   0.093   0.101   0.097
   70   D   0.102   0.105   0.101
# Measure  Position  Value    Cutoff   signal peptide?
  max. C    20       0.139
  max. Y    20       0.125
  max. S     2       0.143
  mean S     1-19    0.110
       D     1-19    0.117   0.450   NO
Name=LYSM4_HUMAN	SP='NO' D=0.117 D-cutoff=0.450 Networks=SignalP-noTM
