# SignalP-4.1 euk predictions
# Name=MAGBH_HUMAN	Length=70	Networks=SignalP-TM
# pos  aa    C       S       Y
    1   M   0.102   0.123   0.112
    2   P   0.102   0.104   0.112
    3   R   0.103   0.106   0.112
    4   G   0.106   0.119   0.113
    5   Q   0.101   0.139   0.110
    6   A   0.103   0.169   0.111
    7   S   0.103   0.155   0.113
    8   K   0.101   0.157   0.113
    9   R   0.099   0.164   0.113
   10   R   0.105   0.163   0.118
   11   A   0.105   0.163   0.119
   12   R   0.099   0.122   0.117
   13   E   0.104   0.146   0.120
   14   K   0.101   0.140   0.119
   15   R   0.102   0.140   0.120
   16   R   0.106   0.122   0.122
   17   Q   0.105   0.121   0.122
   18   A   0.104   0.112   0.123
   19   R   0.098   0.113   0.119
   20   G   0.105   0.105   0.122
   21   E   0.100   0.111   0.117
   22   D   0.105   0.104   0.119
   23   Q   0.103   0.104   0.116
   24   C   0.104   0.099   0.114
   25   L   0.101   0.098   0.111
   26   G   0.107   0.098   0.112
   27   G   0.102   0.092   0.108
   28   A   0.104   0.094   0.108
   29   Q   0.099   0.093   0.103
   30   A   0.106   0.100   0.105
   31   T   0.100   0.093   0.101
   32   A   0.105   0.096   0.103
   33   A   0.101   0.094   0.101
   34   E   0.105   0.093   0.102
   35   K   0.099   0.088   0.098
   36   E   0.100   0.095   0.098
   37   K   0.104   0.097   0.100
   38   L   0.101   0.102   0.098
   39   P   0.104   0.097   0.100
   40   S   0.103   0.097   0.099
   41   S   0.102   0.097   0.098
   42   S   0.102   0.096   0.099
   43   S   0.102   0.105   0.099
   44   P   0.103   0.104   0.099
   45   A   0.102   0.106   0.100
   46   C   0.098   0.102   0.098
   47   Q   0.103   0.096   0.100
   48   S   0.099   0.103   0.098
   49   P   0.100   0.104   0.099
   50   P   0.105   0.099   0.102
   51   Q   0.100   0.100   0.100
   52   S   0.104   0.100   0.103
   53   F   0.098   0.101   0.099
   54   P   0.101   0.097   0.101
   55   N   0.104   0.104   0.102
   56   A   0.105   0.099   0.103
   57   G   0.100   0.102   0.101
   58   I   0.104   0.104   0.103
   59   P   0.103   0.100   0.102
   60   Q   0.104   0.101   0.102
   61   E   0.104   0.103   0.102
   62   S   0.104   0.101   0.103
   63   Q   0.101   0.103   0.101
   64   R   0.105   0.103   0.103
   65   A   0.102   0.104   0.102
   66   S   0.100   0.105   0.101
   67   Y   0.102   0.105   0.102
   68   P   0.102   0.104   0.102
   69   S   0.102   0.106   0.102
   70   S   0.102   0.107   0.103
# Measure  Position  Value    Cutoff   signal peptide?
  max. C    26       0.107
  max. Y    18       0.123
  max. S     6       0.169
  mean S     1-17    0.138
       D     1-17    0.129   0.500   NO
Name=MAGBH_HUMAN	SP='NO' D=0.129 D-cutoff=0.500 Networks=SignalP-TM
