# SignalP-4.1 euk predictions
# Name=MAPK3_HUMAN	Length=70	Networks=SignalP-TM
# pos  aa    C       S       Y
    1   M   0.101   0.097   0.099
    2   D   0.103   0.092   0.100
    3   G   0.102   0.090   0.099
    4   E   0.100   0.108   0.098
    5   T   0.106   0.112   0.101
    6   A   0.103   0.117   0.100
    7   E   0.098   0.117   0.099
    8   E   0.102   0.103   0.101
    9   Q   0.100   0.125   0.101
   10   G   0.103   0.119   0.103
   11   G   0.101   0.085   0.103
   12   P   0.101   0.065   0.102
   13   V   0.103   0.093   0.103
   14   P   0.103   0.090   0.102
   15   P   0.103   0.086   0.102
   16   P   0.102   0.093   0.101
   17   V   0.106   0.079   0.103
   18   A   0.105   0.077   0.102
   19   P   0.096   0.093   0.097
   20   G   0.101   0.094   0.099
   21   G   0.102   0.100   0.098
   22   P   0.106   0.097   0.100
   23   G   0.105   0.094   0.099
   24   L   0.101   0.095   0.096
   25   G   0.107   0.097   0.097
   26   G   0.104   0.098   0.097
   27   A   0.103   0.104   0.097
   28   P   0.101   0.105   0.097
   29   G   0.109   0.106   0.101
   30   G   0.101   0.107   0.098
   31   R   0.100   0.108   0.098
   32   R   0.104   0.105   0.101
   33   E   0.106   0.106   0.103
   34   P   0.100   0.109   0.100
   35   K   0.103   0.105   0.103
   36   K   0.106   0.110   0.104
   37   Y   0.105   0.109   0.104
   38   A   0.104   0.109   0.104
   39   V   0.101   0.105   0.103
   40   T   0.104   0.109   0.105
   41   D   0.103   0.114   0.105
   42   D   0.105   0.112   0.106
   43   Y   0.105   0.104   0.107
   44   Q   0.105   0.095   0.106
   45   L   0.103   0.079   0.105
   46   S   0.104   0.071   0.104
   47   K   0.102   0.078   0.103
   48   Q   0.105   0.068   0.103
   49   V   0.103   0.060   0.100
   50   L   0.103   0.069   0.098
   51   G   0.104   0.081   0.097
   52   L   0.097   0.086   0.093
   53   G   0.105   0.079   0.096
   54   V   0.097   0.090   0.092
   55   N   0.104   0.090   0.094
   56   G   0.102   0.092   0.092
   57   K   0.098   0.092   0.090
   58   V   0.103   0.090   0.091
   59   L   0.102   0.089   0.091
   60   E   0.100   0.090   0.090
   61   C   0.099   0.093   0.090
   62   F   0.104   0.094   0.093
   63   H   0.105   0.101   0.094
   64   R   0.100   0.104   0.094
   65   R   0.102   0.101   0.096
   66   T   0.104   0.102   0.098
   67   G   0.104   0.100   0.099
   68   Q   0.097   0.100   0.096
   69   K   0.102   0.099   0.099
   70   C   0.103   0.102   0.100
# Measure  Position  Value    Cutoff   signal peptide?
  max. C    29       0.109
  max. Y    43       0.107
  max. S     9       0.125
  mean S     1-42    0.101
       D     1-42    0.104   0.500   NO
Name=MAPK3_HUMAN	SP='NO' D=0.104 D-cutoff=0.500 Networks=SignalP-TM
