# SignalP-4.1 euk predictions
# Name=MASTR_HUMAN	Length=70	Networks=SignalP-TM
# pos  aa    C       S       Y
    1   M   0.102   0.133   0.117
    2   T   0.103   0.122   0.117
    3   L   0.104   0.196   0.118
    4   A   0.105   0.198   0.120
    5   A   0.102   0.154   0.120
    6   S   0.100   0.149   0.120
    7   S   0.101   0.145   0.121
    8   Q   0.102   0.118   0.122
    9   R   0.102   0.115   0.121
   10   S   0.100   0.112   0.120
   11   Q   0.099   0.114   0.118
   12   I   0.102   0.114   0.119
   13   I   0.100   0.114   0.117
   14   R   0.099   0.120   0.116
   15   S   0.101   0.123   0.117
   16   K   0.113   0.114   0.123
   17   F   0.101   0.103   0.117
   18   R   0.099   0.098   0.113
   19   S   0.101   0.096   0.111
   20   V   0.101   0.093   0.109
   21   L   0.105   0.098   0.109
   22   Q   0.106   0.104   0.108
   23   L   0.108   0.102   0.108
   24   R   0.103   0.121   0.105
   25   I   0.104   0.107   0.106
   26   H   0.102   0.115   0.105
   27   R   0.101   0.113   0.104
   28   R   0.102   0.128   0.105
   29   N   0.103   0.137   0.106
   30   Q   0.099   0.157   0.104
   31   E   0.102   0.138   0.107
   32   Q   0.100   0.141   0.107
   33   I   0.099   0.121   0.108
   34   S   0.098   0.118   0.108
   35   D   0.101   0.114   0.111
   36   P   0.101   0.116   0.111
   37   D   0.103   0.121   0.113
   38   P   0.103   0.104   0.113
   39   W   0.102   0.115   0.112
   40   I   0.103   0.108   0.113
   41   S   0.106   0.103   0.114
   42   A   0.099   0.105   0.110
   43   S   0.096   0.114   0.108
   44   D   0.101   0.109   0.110
   45   P   0.101   0.109   0.108
   46   P   0.105   0.105   0.109
   47   L   0.104   0.104   0.108
   48   A   0.107   0.089   0.108
   49   P   0.101   0.100   0.104
   50   A   0.106   0.096   0.107
   51   L   0.099   0.101   0.102
   52   P   0.107   0.103   0.106
   53   S   0.105   0.099   0.105
   54   G   0.101   0.097   0.102
   55   T   0.103   0.097   0.103
   56   A   0.104   0.098   0.103
   57   P   0.099   0.097   0.100
   58   F   0.103   0.097   0.101
   59   L   0.102   0.091   0.101
   60   F   0.105   0.096   0.102
   61   S   0.102   0.093   0.100
   62   P   0.102   0.094   0.099
   63   G   0.105   0.087   0.101
   64   V   0.101   0.093   0.099
   65   L   0.106   0.100   0.101
   66   L   0.101   0.104   0.099
   67   P   0.100   0.100   0.098
   68   E   0.103   0.102   0.099
   69   P   0.105   0.101   0.101
   70   E   0.103   0.099   0.100
# Measure  Position  Value    Cutoff   signal peptide?
  max. C    16       0.113
  max. Y    16       0.123
  max. S     4       0.198
  mean S     1-15    0.135
       D     1-15    0.128   0.500   NO
Name=MASTR_HUMAN	SP='NO' D=0.128 D-cutoff=0.500 Networks=SignalP-TM
