# SignalP-4.1 euk predictions
# Name=MCAT_HUMAN	Length=70	Networks=SignalP-noTM
# pos  aa    C       S       Y
    1   M   0.103   0.195   0.141
    2   A   0.104   0.223   0.142
    3   D   0.100   0.325   0.140
    4   Q   0.103   0.438   0.144
    5   P   0.100   0.444   0.146
    6   K   0.102   0.426   0.151
    7   P   0.104   0.537   0.156
    8   I   0.101   0.463   0.159
    9   S   0.101   0.426   0.163
   10   P   0.101   0.398   0.166
   11   L   0.099   0.441   0.167
   12   K   0.103   0.366   0.174
   13   N   0.101   0.375   0.174
   14   L   0.104   0.379   0.180
   15   L   0.105   0.293   0.183
   16   A   0.109   0.259   0.188
   17   G   0.100   0.322   0.181
   18   G   0.100   0.242   0.182
   19   F   0.100   0.344   0.183
   20   G   0.103   0.333   0.187
   21   G   0.106   0.296   0.192
   22   V   0.098   0.219   0.185
   23   C   0.098   0.224   0.186
   24   L   0.108   0.278   0.195
   25   V   0.103   0.168   0.191
   26   F   0.101   0.141   0.188
   27   V   0.106   0.192   0.188
   28   G   0.100   0.196   0.180
   29   H   0.104   0.165   0.180
   30   P   0.098   0.148   0.170
   31   L   0.129   0.117   0.191
   32   D   0.105   0.134   0.168
   33   T   0.100   0.130   0.160
   34   V   0.115   0.121   0.167
   35   K   0.102   0.180   0.154
   36   V   0.106   0.144   0.154
   37   R   0.103   0.099   0.148
   38   L   0.108   0.117   0.148
   39   Q   0.109   0.105   0.146
   40   T   0.102   0.095   0.138
   41   Q   0.104   0.096   0.137
   42   P   0.100   0.096   0.129
   43   P   0.105   0.096   0.128
   44   S   0.106   0.098   0.126
   45   L   0.098   0.106   0.118
   46   P   0.100   0.115   0.117
   47   G   0.101   0.096   0.115
   48   Q   0.097   0.096   0.111
   49   P   0.104   0.098   0.114
   50   P   0.102   0.102   0.111
   51   M   0.106   0.099   0.111
   52   Y   0.099   0.096   0.106
   53   S   0.103   0.097   0.107
   54   G   0.100   0.093   0.105
   55   T   0.099   0.092   0.103
   56   F   0.103   0.090   0.105
   57   D   0.102   0.098   0.104
   58   C   0.104   0.102   0.103
   59   F   0.101   0.097   0.100
   60   R   0.104   0.102   0.101
   61   K   0.104   0.093   0.101
   62   T   0.101   0.095   0.100
   63   L   0.107   0.093   0.102
   64   F   0.106   0.092   0.102
   65   R   0.098   0.092   0.098
   66   E   0.105   0.094   0.101
   67   G   0.102   0.095   0.100
   68   I   0.099   0.091   0.098
   69   T   0.105   0.094   0.100
   70   G   0.100   0.094   0.098
# Measure  Position  Value    Cutoff   signal peptide?
  max. C    31       0.129
  max. Y    24       0.195
  max. S     7       0.537
  mean S     1-23    0.347
       D     1-23    0.277   0.450   NO
Name=MCAT_HUMAN	SP='NO' D=0.277 D-cutoff=0.450 Networks=SignalP-noTM
