# SignalP-4.1 euk predictions
# Name=MET15_HUMAN	Length=70	Networks=SignalP-noTM
# pos  aa    C       S       Y
    1   M   0.102   0.164   0.129
    2   L   0.101   0.174   0.129
    3   R   0.100   0.136   0.128
    4   Y   0.104   0.125   0.130
    5   P   0.103   0.107   0.129
    6   Y   0.103   0.117   0.128
    7   F   0.104   0.115   0.128
    8   C   0.102   0.117   0.125
    9   R   0.097   0.124   0.121
   10   M   0.101   0.111   0.123
   11   Y   0.098   0.114   0.120
   12   K   0.102   0.097   0.122
   13   E   0.097   0.105   0.118
   14   C   0.100   0.120   0.118
   15   L   0.100   0.123   0.117
   16   S   0.101   0.135   0.117
   17   C   0.137   0.133   0.136
   18   W   0.099   0.127   0.115
   19   L   0.096   0.123   0.112
   20   E   0.098   0.116   0.113
   21   S   0.099   0.108   0.113
   22   G   0.098   0.114   0.111
   23   I   0.104   0.108   0.113
   24   P   0.100   0.112   0.110
   25   N   0.101   0.112   0.109
   26   L   0.100   0.122   0.108
   27   G   0.098   0.126   0.107
   28   V   0.098   0.117   0.107
   29   W   0.101   0.112   0.109
   30   P   0.097   0.103   0.107
   31   N   0.119   0.106   0.118
   32   R   0.102   0.099   0.109
   33   I   0.108   0.101   0.111
   34   H   0.098   0.099   0.106
   35   T   0.100   0.105   0.107
   36   T   0.107   0.101   0.111
   37   A   0.105   0.107   0.109
   38   E   0.098   0.110   0.105
   39   K   0.102   0.112   0.107
   40   Y   0.095   0.110   0.103
   41   R   0.103   0.112   0.107
   42   E   0.102   0.116   0.106
   43   Y   0.103   0.115   0.106
   44   E   0.106   0.104   0.108
   45   A   0.105   0.114   0.107
   46   R   0.099   0.118   0.104
   47   E   0.107   0.113   0.108
   48   Q   0.096   0.116   0.103
   49   T   0.106   0.116   0.108
   50   D   0.103   0.109   0.106
   51   Q   0.099   0.108   0.104
   52   T   0.104   0.113   0.106
   53   Q   0.105   0.108   0.107
   54   A   0.110   0.095   0.110
   55   Q   0.095   0.094   0.102
   56   E   0.102   0.094   0.105
   57   L   0.100   0.098   0.104
   58   H   0.101   0.096   0.105
   59   R   0.101   0.104   0.105
   60   S   0.104   0.108   0.106
   61   Q   0.100   0.101   0.104
   62   D   0.103   0.102   0.105
   63   R   0.100   0.104   0.104
   64   D   0.103   0.107   0.105
   65   F   0.099   0.105   0.102
   66   E   0.101   0.101   0.103
   67   T   0.103   0.107   0.104
   68   M   0.105   0.105   0.105
   69   A   0.102   0.106   0.103
   70   K   0.097   0.104   0.101
# Measure  Position  Value    Cutoff   signal peptide?
  max. C    17       0.137
  max. Y    17       0.136
  max. S     2       0.174
  mean S     1-16    0.124
       D     1-16    0.129   0.450   NO
Name=MET15_HUMAN	SP='NO' D=0.129 D-cutoff=0.450 Networks=SignalP-noTM
