# SignalP-4.1 euk predictions
# Name=MIC10_HUMAN	Length=70	Networks=SignalP-noTM
# pos  aa    C       S       Y
    1   M   0.101   0.159   0.126
    2   S   0.102   0.150   0.128
    3   E   0.100   0.142   0.126
    4   S   0.101   0.125   0.127
    5   E   0.101   0.128   0.126
    6   L   0.100   0.130   0.125
    7   G   0.101   0.163   0.124
    8   R   0.098   0.168   0.123
    9   K   0.108   0.165   0.129
   10   W   0.099   0.193   0.124
   11   D   0.103   0.211   0.127
   12   R   0.100   0.165   0.126
   13   C   0.104   0.160   0.128
   14   L   0.103   0.161   0.128
   15   A   0.103   0.155   0.128
   16   D   0.106   0.167   0.130
   17   A   0.104   0.137   0.129
   18   V   0.092   0.117   0.121
   19   V   0.103   0.109   0.127
   20   K   0.098   0.102   0.123
   21   I   0.096   0.108   0.120
   22   G   0.103   0.118   0.124
   23   T   0.103   0.108   0.123
   24   G   0.106   0.123   0.124
   25   F   0.102   0.120   0.121
   26   G   0.106   0.123   0.123
   27   L   0.144   0.123   0.143
   28   G   0.104   0.131   0.122
   29   I   0.135   0.126   0.139
   30   V   0.104   0.132   0.121
   31   F   0.097   0.117   0.116
   32   S   0.105   0.163   0.120
   33   L   0.125   0.123   0.130
   34   T   0.103   0.122   0.116
   35   F   0.112   0.145   0.120
   36   F   0.102   0.155   0.114
   37   K   0.111   0.134   0.120
   38   R   0.100   0.156   0.113
   39   R   0.102   0.218   0.114
   40   M   0.099   0.248   0.114
   41   W   0.102   0.172   0.118
   42   P   0.098   0.206   0.117
   43   L   0.108   0.147   0.125
   44   A   0.102   0.179   0.122
   45   F   0.098   0.149   0.121
   46   G   0.102   0.153   0.124
   47   S   0.122   0.118   0.136
   48   G   0.102   0.138   0.125
   49   M   0.104   0.116   0.126
   50   G   0.101   0.161   0.124
   51   L   0.101   0.117   0.124
   52   G   0.108   0.139   0.129
   53   M   0.106   0.124   0.127
   54   A   0.106   0.134   0.128
   55   Y   0.148   0.122   0.150
   56   S   0.105   0.110   0.126
   57   N   0.123   0.103   0.136
   58   C   0.098   0.102   0.121
   59   Q   0.120   0.099   0.133
   60   H   0.095   0.101   0.118
   61   D   0.103   0.102   0.122
   62   F   0.100   0.099   0.118
   63   Q   0.103   0.099   0.116
   64   A   0.106   0.098   0.116
   65   P   0.096   0.100   0.109
   66   Y   0.103   0.096   0.112
   67   L   0.101   0.099   0.109
   68   L   0.103   0.095   0.109
   69   H   0.100   0.098   0.106
   70   G   0.105   0.099   0.108
# Measure  Position  Value    Cutoff   signal peptide?
  max. C    55       0.148
  max. Y    55       0.150
  max. S    40       0.248
  mean S     1-54    0.145
       D     1-54    0.148   0.450   NO
Name=MIC10_HUMAN	SP='NO' D=0.148 D-cutoff=0.450 Networks=SignalP-noTM
