# SignalP-4.1 euk predictions
# Name=MITD1_HUMAN	Length=70	Networks=SignalP-TM
# pos  aa    C       S       Y
    1   M   0.103   0.109   0.106
    2   A   0.102   0.111   0.106
    3   K   0.098   0.113   0.104
    4   S   0.104   0.122   0.107
    5   G   0.101   0.140   0.105
    6   L   0.100   0.132   0.106
    7   R   0.103   0.129   0.109
    8   Q   0.101   0.144   0.108
    9   D   0.102   0.128   0.110
   10   P   0.100   0.103   0.109
   11   Q   0.105   0.085   0.112
   12   S   0.104   0.091   0.110
   13   T   0.100   0.077   0.108
   14   A   0.102   0.094   0.108
   15   A   0.098   0.086   0.105
   16   A   0.110   0.089   0.110
   17   T   0.098   0.094   0.104
   18   V   0.103   0.092   0.106
   19   L   0.102   0.100   0.104
   20   K   0.102   0.104   0.102
   21   R   0.101   0.105   0.101
   22   A   0.106   0.109   0.102
   23   V   0.101   0.105   0.099
   24   E   0.107   0.116   0.101
   25   L   0.106   0.114   0.101
   26   D   0.102   0.111   0.100
   27   S   0.103   0.114   0.101
   28   E   0.106   0.112   0.104
   29   S   0.100   0.118   0.102
   30   R   0.103   0.120   0.104
   31   Y   0.102   0.119   0.105
   32   P   0.101   0.110   0.105
   33   Q   0.104   0.108   0.107
   34   A   0.103   0.113   0.107
   35   L   0.101   0.110   0.106
   36   V   0.102   0.103   0.107
   37   C   0.100   0.102   0.106
   38   Y   0.105   0.092   0.108
   39   Q   0.101   0.098   0.106
   40   E   0.101   0.091   0.105
   41   G   0.105   0.090   0.106
   42   I   0.098   0.089   0.102
   43   D   0.105   0.083   0.105
   44   L   0.103   0.081   0.102
   45   L   0.102   0.082   0.101
   46   L   0.103   0.082   0.100
   47   Q   0.103   0.096   0.099
   48   V   0.102   0.082   0.098
   49   L   0.104   0.095   0.097
   50   K   0.102   0.100   0.096
   51   G   0.101   0.104   0.095
   52   T   0.102   0.098   0.096
   53   K   0.102   0.100   0.096
   54   D   0.100   0.097   0.095
   55   N   0.098   0.099   0.095
   56   T   0.097   0.095   0.094
   57   K   0.100   0.096   0.096
   58   R   0.101   0.099   0.097
   59   C   0.100   0.103   0.097
   60   N   0.100   0.103   0.098
   61   L   0.099   0.109   0.098
   62   R   0.102   0.104   0.100
   63   E   0.105   0.103   0.103
   64   K   0.103   0.107   0.102
   65   I   0.104   0.104   0.102
   66   S   0.106   0.102   0.104
   67   K   0.101   0.103   0.101
   68   Y   0.101   0.103   0.101
   69   M   0.102   0.102   0.102
   70   D   0.103   0.101   0.103
# Measure  Position  Value    Cutoff   signal peptide?
  max. C    16       0.110
  max. Y    11       0.112
  max. S     8       0.144
  mean S     1-10    0.123
       D     1-10    0.116   0.500   NO
Name=MITD1_HUMAN	SP='NO' D=0.116 D-cutoff=0.500 Networks=SignalP-TM
