# SignalP-4.1 euk predictions
# Name=MPPE1_HUMAN	Length=70	Networks=SignalP-noTM
# pos  aa    C       S       Y
    1   M   0.103   0.095   0.099
    2   A   0.102   0.109   0.099
    3   M   0.098   0.148   0.097
    4   I   0.105   0.211   0.101
    5   E   0.100   0.202   0.102
    6   L   0.102   0.216   0.105
    7   G   0.103   0.206   0.108
    8   F   0.098   0.213   0.108
    9   G   0.107   0.221   0.115
   10   R   0.106   0.218   0.118
   11   Q   0.106   0.329   0.120
   12   N   0.103   0.403   0.122
   13   F   0.100   0.559   0.126
   14   H   0.098   0.686   0.133
   15   P   0.101   0.760   0.145
   16   L   0.100   0.813   0.155
   17   K   0.096   0.847   0.161
   18   R   0.097   0.804   0.172
   19   K   0.106   0.793   0.189
   20   S   0.095   0.826   0.187
   21   S   0.096   0.836   0.196
   22   L   0.100   0.823   0.209
   23   L   0.096   0.861   0.212
   24   L   0.104   0.823   0.229
   25   K   0.101   0.825   0.233
   26   L   0.106   0.875   0.245
   27   I   0.108   0.908   0.254
   28   A   0.101   0.935   0.252
   29   V   0.101   0.913   0.258
   30   V   0.100   0.954   0.263
   31   F   0.099   0.972   0.268
   32   A   0.102   0.970   0.279
   33   V   0.363   0.924   0.538
   34   L   0.101   0.959   0.288
   35   L   0.105   0.965   0.298
   36   F   0.109   0.937   0.307
   37   C   0.110   0.931   0.311
   38   E   0.152   0.752   0.367
   39   F   0.100   0.820   0.297
   40   L   0.122   0.679   0.329
   41   I   0.105   0.735   0.303
   42   Y   0.100   0.727   0.295
   43   Y   0.106   0.741   0.304
   44   L   0.110   0.676   0.309
   45   A   0.104   0.709   0.299
   46   I   0.154   0.362   0.362
   47   F   0.115   0.229   0.310
   48   Q   0.118   0.224   0.308
   49   C   0.109   0.194   0.290
   50   N   0.101   0.136   0.273
   51   W   0.095   0.131   0.259
   52   P   0.103   0.116   0.262
   53   E   0.114   0.116   0.269
   54   V   0.096   0.122   0.239
   55   K   0.094   0.127   0.228
   56   T   0.097   0.131   0.224
   57   T   0.141   0.115   0.260
   58   A   0.107   0.116   0.217
   59   S   0.103   0.115   0.204
   60   D   0.100   0.114   0.192
   61   G   0.101   0.115   0.184
   62   E   0.109   0.110   0.183
   63   Q   0.108   0.109   0.174
   64   T   0.106   0.108   0.163
   65   T   0.104   0.105   0.152
   66   R   0.099   0.105   0.139
   67   E   0.105   0.105   0.133
   68   P   0.097   0.104   0.117
   69   V   0.102   0.102   0.115
   70   L   0.106   0.102   0.114
# Measure  Position  Value    Cutoff   signal peptide?
  max. C    33       0.363
  max. Y    33       0.538
  max. S    31       0.972
  mean S     1-32    0.605
       D     1-32    0.574   0.450   YES
Name=MPPE1_HUMAN	SP='YES' Cleavage site between pos. 32 and 33: VFA-VL D=0.574 D-cutoff=0.450 Networks=SignalP-noTM
