# SignalP-4.1 euk predictions
# Name=MRGX2_HUMAN	Length=70	Networks=SignalP-noTM
# pos  aa    C       S       Y
    1   M   0.100   0.094   0.097
    2   D   0.102   0.109   0.098
    3   P   0.102   0.126   0.098
    4   T   0.103   0.159   0.099
    5   T   0.106   0.201   0.102
    6   P   0.105   0.247   0.104
    7   A   0.103   0.208   0.107
    8   W   0.094   0.151   0.104
    9   G   0.102   0.132   0.110
   10   T   0.099   0.142   0.109
   11   E   0.105   0.139   0.113
   12   S   0.103   0.128   0.113
   13   T   0.100   0.119   0.112
   14   T   0.102   0.142   0.114
   15   V   0.104   0.132   0.116
   16   N   0.099   0.148   0.114
   17   G   0.100   0.146   0.116
   18   N   0.104   0.151   0.119
   19   D   0.105   0.131   0.120
   20   Q   0.101   0.127   0.119
   21   A   0.102   0.116   0.120
   22   L   0.096   0.109   0.117
   23   L   0.106   0.112   0.123
   24   L   0.104   0.118   0.123
   25   L   0.101   0.139   0.121
   26   C   0.105   0.236   0.124
   27   G   0.104   0.280   0.124
   28   K   0.103   0.233   0.125
   29   E   0.099   0.246   0.122
   30   T   0.100   0.224   0.124
   31   L   0.099   0.250   0.125
   32   I   0.099   0.305   0.127
   33   P   0.097   0.398   0.129
   34   V   0.102   0.333   0.136
   35   F   0.098   0.363   0.136
   36   L   0.105   0.482   0.146
   37   I   0.103   0.409   0.149
   38   L   0.102   0.352   0.153
   39   F   0.099   0.435   0.154
   40   I   0.104   0.520   0.162
   41   A   0.108   0.659   0.170
   42   L   0.102   0.608   0.173
   43   V   0.102   0.734   0.180
   44   G   0.099   0.798   0.184
   45   L   0.104   0.848   0.198
   46   V   0.114   0.758   0.215
   47   G   0.107   0.689   0.216
   48   N   0.138   0.531   0.253
   49   G   0.138   0.305   0.256
   50   F   0.132   0.253   0.251
   51   V   0.105   0.184   0.224
   52   L   0.116   0.126   0.234
   53   W   0.099   0.141   0.216
   54   L   0.108   0.135   0.224
   55   L   0.106   0.119   0.221
   56   G   0.107   0.111   0.218
   57   F   0.119   0.099   0.228
   58   R   0.105   0.102   0.211
   59   M   0.105   0.099   0.206
   60   R   0.104   0.097   0.202
   61   R   0.102   0.095   0.197
   62   N   0.105   0.097   0.196
   63   A   0.102   0.099   0.188
   64   F   0.129   0.095   0.203
   65   S   0.103   0.100   0.175
   66   V   0.120   0.096   0.179
   67   Y   0.100   0.099   0.153
   68   V   0.100   0.098   0.142
   69   L   0.096   0.097   0.128
   70   S   0.106   0.101   0.124
# Measure  Position  Value    Cutoff   signal peptide?
  max. C    48       0.138
  max. Y    49       0.256
  max. S    45       0.848
  mean S     1-48    0.296
       D     1-48    0.278   0.450   NO
Name=MRGX2_HUMAN	SP='NO' D=0.278 D-cutoff=0.450 Networks=SignalP-noTM
