# SignalP-4.1 euk predictions
# Name=MSX1_HUMAN	Length=70	Networks=SignalP-TM
# pos  aa    C       S       Y
    1   M   0.103   0.149   0.124
    2   A   0.102   0.133   0.123
    3   P   0.100   0.120   0.121
    4   A   0.106   0.112   0.124
    5   A   0.099   0.108   0.119
    6   D   0.099   0.096   0.118
    7   M   0.101   0.091   0.117
    8   T   0.101   0.092   0.116
    9   S   0.104   0.096   0.115
   10   L   0.101   0.085   0.112
   11   P   0.103   0.088   0.111
   12   L   0.103   0.070   0.109
   13   G   0.103   0.066   0.107
   14   V   0.100   0.062   0.102
   15   K   0.106   0.075   0.102
   16   V   0.104   0.087   0.098
   17   E   0.106   0.078   0.097
   18   D   0.102   0.088   0.094
   19   S   0.104   0.094   0.094
   20   A   0.103   0.098   0.093
   21   F   0.098   0.098   0.091
   22   G   0.102   0.099   0.092
   23   K   0.113   0.101   0.098
   24   P   0.106   0.098   0.095
   25   A   0.106   0.099   0.095
   26   G   0.098   0.097   0.092
   27   G   0.101   0.099   0.094
   28   G   0.102   0.099   0.096
   29   A   0.104   0.095   0.099
   30   G   0.105   0.104   0.100
   31   Q   0.104   0.096   0.100
   32   A   0.104   0.097   0.101
   33   P   0.099   0.100   0.098
   34   S   0.108   0.093   0.103
   35   A   0.103   0.093   0.100
   36   A   0.103   0.087   0.101
   37   A   0.102   0.087   0.100
   38   A   0.102   0.093   0.099
   39   T   0.103   0.093   0.099
   40   A   0.108   0.100   0.102
   41   A   0.103   0.096   0.099
   42   A   0.100   0.091   0.097
   43   M   0.101   0.093   0.098
   44   G   0.106   0.101   0.100
   45   A   0.106   0.103   0.100
   46   D   0.104   0.105   0.100
   47   E   0.105   0.112   0.100
   48   E   0.103   0.115   0.100
   49   G   0.104   0.120   0.101
   50   A   0.104   0.114   0.102
   51   K   0.102   0.114   0.102
   52   P   0.105   0.107   0.104
   53   K   0.105   0.108   0.105
   54   V   0.104   0.106   0.105
   55   S   0.107   0.108   0.106
   56   P   0.103   0.107   0.105
   57   S   0.105   0.109   0.106
   58   L   0.103   0.111   0.106
   59   L   0.105   0.102   0.107
   60   P   0.103   0.102   0.106
   61   F   0.104   0.099   0.107
   62   S   0.106   0.096   0.108
   63   V   0.104   0.094   0.106
   64   E   0.106   0.093   0.106
   65   A   0.103   0.099   0.103
   66   L   0.095   0.096   0.099
   67   M   0.106   0.105   0.104
   68   A   0.098   0.103   0.100
   69   D   0.099   0.100   0.100
   70   H   0.102   0.103   0.101
# Measure  Position  Value    Cutoff   signal peptide?
  max. C    23       0.113
  max. Y    11       0.111
  max. S     1       0.149
  mean S     1-10    0.108
       D     1-10    0.110   0.500   NO
Name=MSX1_HUMAN	SP='NO' D=0.110 D-cutoff=0.500 Networks=SignalP-TM
