# SignalP-4.1 euk predictions
# Name=MUC3A_HUMAN	Length=70	Networks=SignalP-TM
# pos  aa    C       S       Y
    1   M   0.103   0.892   0.303
    2   Q   0.102   0.906   0.302
    3   L   0.103   0.852   0.304
    4   L   0.102   0.866   0.302
    5   G   0.104   0.847   0.304
    6   L   0.100   0.871   0.298
    7   L   0.104   0.847   0.304
    8   G   0.104   0.849   0.303
    9   L   0.101   0.851   0.298
   10   L   0.101   0.850   0.298
   11   W   0.101   0.887   0.297
   12   M   0.102   0.907   0.298
   13   L   0.097   0.879   0.291
   14   K   0.101   0.852   0.297
   15   A   0.100   0.886   0.295
   16   S   0.346   0.716   0.548
   17   P   0.101   0.757   0.294
   18   W   0.153   0.750   0.360
   19   A   0.130   0.746   0.331
   20   T   0.167   0.495   0.372
   21   G   0.120   0.491   0.310
   22   T   0.294   0.310   0.479
   23   L   0.125   0.266   0.304
   24   S   0.110   0.257   0.277
   25   T   0.146   0.202   0.310
   26   A   0.107   0.196   0.255
   27   T   0.116   0.150   0.254
   28   S   0.109   0.149   0.235
   29   I   0.111   0.125   0.224
   30   S   0.104   0.138   0.204
   31   Q   0.107   0.110   0.196
   32   V   0.108   0.103   0.184
   33   P   0.100   0.105   0.164
   34   F   0.103   0.107   0.151
   35   P   0.099   0.116   0.138
   36   R   0.104   0.116   0.132
   37   A   0.105   0.128   0.126
   38   E   0.103   0.112   0.121
   39   A   0.103   0.137   0.117
   40   A   0.125   0.111   0.126
   41   S   0.103   0.106   0.112
   42   A   0.105   0.105   0.111
   43   V   0.102   0.110   0.109
   44   L   0.106   0.109   0.110
   45   S   0.104   0.106   0.108
   46   N   0.100   0.106   0.106
   47   S   0.105   0.105   0.109
   48   P   0.102   0.102   0.107
   49   H   0.104   0.100   0.108
   50   S   0.103   0.101   0.107
   51   R   0.100   0.099   0.105
   52   D   0.104   0.093   0.106
   53   L   0.101   0.094   0.104
   54   A   0.103   0.099   0.103
   55   G   0.099   0.098   0.101
   56   W   0.102   0.103   0.102
   57   P   0.104   0.102   0.103
   58   L   0.105   0.097   0.103
   59   G   0.106   0.098   0.103
   60   V   0.098   0.099   0.099
   61   P   0.107   0.098   0.103
   62   Q   0.105   0.101   0.102
   63   L   0.105   0.099   0.102
   64   A   0.104   0.103   0.101
   65   S   0.100   0.102   0.099
   66   P   0.102   0.103   0.100
   67   A   0.105   0.102   0.102
   68   P   0.100   0.104   0.100
   69   G   0.105   0.103   0.103
   70   H   0.096   0.103   0.098
# Measure  Position  Value    Cutoff   signal peptide?
  max. C    16       0.346
  max. Y    16       0.548
  max. S    12       0.907
  mean S     1-15    0.869
       D     1-15    0.677   0.500   YES
Name=MUC3A_HUMAN	SP='YES' Cleavage site between pos. 15 and 16: LKA-SP D=0.677 D-cutoff=0.500 Networks=SignalP-TM
