# SignalP-4.1 euk predictions
# Name=MUSC_HUMAN	Length=70	Networks=SignalP-noTM
# pos  aa    C       S       Y
    1   M   0.100   0.093   0.097
    2   S   0.102   0.080   0.098
    3   T   0.100   0.081   0.096
    4   G   0.101   0.082   0.096
    5   S   0.099   0.090   0.095
    6   V   0.097   0.087   0.094
    7   S   0.099   0.094   0.095
    8   D   0.103   0.093   0.097
    9   P   0.096   0.095   0.094
   10   E   0.103   0.088   0.097
   11   E   0.104   0.087   0.097
   12   M   0.102   0.080   0.096
   13   E   0.100   0.078   0.095
   14   L   0.100   0.095   0.095
   15   R   0.099   0.095   0.094
   16   G   0.108   0.095   0.098
   17   L   0.102   0.104   0.096
   18   Q   0.103   0.100   0.096
   19   R   0.104   0.097   0.097
   20   E   0.103   0.099   0.097
   21   Y   0.099   0.101   0.095
   22   P   0.104   0.097   0.097
   23   V   0.107   0.092   0.099
   24   P   0.102   0.098   0.097
   25   A   0.103   0.102   0.098
   26   S   0.089   0.102   0.091
   27   K   0.100   0.103   0.097
   28   R   0.095   0.107   0.095
   29   P   0.100   0.102   0.098
   30   P   0.105   0.109   0.101
   31   L   0.106   0.102   0.101
   32   R   0.107   0.093   0.102
   33   G   0.108   0.096   0.102
   34   V   0.101   0.102   0.099
   35   E   0.103   0.093   0.101
   36   R   0.106   0.095   0.103
   37   S   0.103   0.097   0.101
   38   Y   0.101   0.095   0.100
   39   A   0.105   0.094   0.102
   40   S   0.100   0.104   0.099
   41   P   0.102   0.107   0.101
   42   S   0.101   0.109   0.100
   43   D   0.100   0.105   0.100
   44   N   0.101   0.108   0.101
   45   S   0.099   0.105   0.100
   46   S   0.099   0.113   0.100
   47   A   0.101   0.116   0.101
   48   E   0.098   0.119   0.100
   49   E   0.103   0.122   0.103
   50   E   0.100   0.125   0.102
   51   D   0.104   0.125   0.104
   52   P   0.108   0.114   0.107
   53   D   0.106   0.118   0.106
   54   G   0.106   0.109   0.107
   55   E   0.101   0.095   0.104
   56   E   0.107   0.090   0.108
   57   E   0.103   0.086   0.105
   58   R   0.106   0.090   0.106
   59   C   0.109   0.092   0.108
   60   A   0.107   0.099   0.107
   61   L   0.100   0.107   0.103
   62   G   0.112   0.102   0.109
   63   T   0.100   0.101   0.104
   64   A   0.111   0.102   0.109
   65   G   0.100   0.100   0.103
   66   S   0.107   0.101   0.107
   67   A   0.100   0.100   0.103
   68   E   0.097   0.102   0.101
   69   G   0.105   0.098   0.105
   70   C   0.091   0.099   0.098
# Measure  Position  Value    Cutoff   signal peptide?
  max. C    62       0.112
  max. Y    62       0.109
  max. S    51       0.125
  mean S     1-61    0.099
       D     1-61    0.104   0.450   NO
Name=MUSC_HUMAN	SP='NO' D=0.104 D-cutoff=0.450 Networks=SignalP-noTM
