# SignalP-4.1 euk predictions
# Name=MYO16_HUMAN	Length=70	Networks=SignalP-noTM
# pos  aa    C       S       Y
    1   M   0.101   0.101   0.101
    2   E   0.102   0.098   0.101
    3   I   0.102   0.096   0.101
    4   D   0.102   0.090   0.102
    5   Q   0.102   0.094   0.101
    6   C   0.101   0.091   0.100
    7   L   0.101   0.094   0.100
    8   L   0.102   0.098   0.101
    9   E   0.099   0.102   0.099
   10   S   0.098   0.112   0.099
   11   L   0.100   0.125   0.100
   12   P   0.104   0.133   0.102
   13   L   0.102   0.123   0.102
   14   G   0.101   0.102   0.102
   15   Q   0.095   0.090   0.099
   16   R   0.105   0.093   0.104
   17   Q   0.110   0.091   0.106
   18   R   0.095   0.094   0.098
   19   L   0.100   0.091   0.101
   20   V   0.096   0.095   0.099
   21   K   0.095   0.089   0.098
   22   R   0.100   0.100   0.100
   23   M   0.112   0.097   0.106
   24   R   0.102   0.104   0.101
   25   C   0.106   0.101   0.103
   26   E   0.102   0.092   0.101
   27   Q   0.099   0.099   0.100
   28   I   0.098   0.100   0.100
   29   K   0.101   0.096   0.101
   30   A   0.105   0.102   0.103
   31   Y   0.106   0.102   0.104
   32   Y   0.103   0.098   0.102
   33   E   0.101   0.105   0.101
   34   R   0.100   0.105   0.100
   35   E   0.102   0.105   0.100
   36   K   0.102   0.105   0.100
   37   A   0.105   0.111   0.102
   38   F   0.098   0.112   0.099
   39   Q   0.102   0.108   0.101
   40   K   0.103   0.105   0.102
   41   Q   0.100   0.100   0.101
   42   E   0.104   0.099   0.103
   43   G   0.101   0.099   0.102
   44   F   0.096   0.101   0.099
   45   L   0.104   0.092   0.103
   46   K   0.102   0.096   0.102
   47   R   0.099   0.094   0.100
   48   L   0.103   0.099   0.102
   49   K   0.110   0.100   0.106
   50   H   0.106   0.091   0.104
   51   A   0.103   0.093   0.102
   52   K   0.096   0.095   0.099
   53   N   0.099   0.086   0.100
   54   P   0.098   0.086   0.099
   55   K   0.100   0.081   0.100
   56   V   0.105   0.098   0.102
   57   H   0.097   0.103   0.098
   58   F   0.099   0.099   0.098
   59   N   0.100   0.098   0.099
   60   L   0.102   0.104   0.099
   61   T   0.106   0.098   0.101
   62   D   0.104   0.097   0.100
   63   M   0.105   0.097   0.100
   64   L   0.099   0.100   0.098
   65   Q   0.106   0.098   0.101
   66   D   0.104   0.096   0.100
   67   A   0.103   0.097   0.099
   68   I   0.095   0.096   0.095
   69   I   0.102   0.097   0.099
   70   H   0.096   0.095   0.096
# Measure  Position  Value    Cutoff   signal peptide?
  max. C    23       0.112
  max. Y    17       0.106
  max. S    12       0.133
  mean S     1-16    0.103
       D     1-16    0.104   0.450   NO
Name=MYO16_HUMAN	SP='NO' D=0.104 D-cutoff=0.450 Networks=SignalP-noTM
