# SignalP-4.1 euk predictions
# Name=NARF_HUMAN	Length=70	Networks=SignalP-TM
# pos  aa    C       S       Y
    1   M   0.101   0.086   0.093
    2   K   0.102   0.084   0.093
    3   C   0.101   0.081   0.093
    4   E   0.103   0.082   0.094
    5   H   0.102   0.082   0.093
    6   C   0.100   0.080   0.092
    7   T   0.100   0.085   0.092
    8   R   0.101   0.090   0.092
    9   K   0.102   0.087   0.093
   10   E   0.099   0.083   0.092
   11   C   0.101   0.080   0.092
   12   S   0.102   0.062   0.093
   13   K   0.098   0.080   0.090
   14   K   0.099   0.088   0.090
   15   T   0.102   0.085   0.092
   16   K   0.101   0.085   0.091
   17   T   0.101   0.082   0.091
   18   D   0.103   0.091   0.092
   19   D   0.100   0.089   0.091
   20   Q   0.098   0.096   0.090
   21   E   0.101   0.101   0.093
   22   N   0.100   0.103   0.093
   23   V   0.101   0.101   0.094
   24   S   0.101   0.112   0.094
   25   A   0.102   0.112   0.096
   26   D   0.099   0.109   0.096
   27   A   0.102   0.113   0.098
   28   P   0.096   0.108   0.097
   29   S   0.103   0.110   0.101
   30   P   0.102   0.113   0.102
   31   A   0.104   0.115   0.103
   32   Q   0.096   0.117   0.100
   33   E   0.100   0.122   0.104
   34   N   0.100   0.119   0.105
   35   G   0.103   0.117   0.107
   36   E   0.099   0.118   0.106
   37   K   0.103   0.116   0.108
   38   G   0.103   0.114   0.109
   39   E   0.102   0.123   0.108
   40   F   0.105   0.113   0.110
   41   H   0.104   0.115   0.110
   42   K   0.105   0.114   0.110
   43   L   0.103   0.118   0.109
   44   A   0.106   0.114   0.111
   45   D   0.102   0.114   0.109
   46   A   0.106   0.103   0.111
   47   K   0.097   0.106   0.106
   48   I   0.106   0.093   0.110
   49   F   0.101   0.094   0.107
   50   L   0.104   0.091   0.107
   51   S   0.105   0.098   0.107
   52   D   0.099   0.094   0.103
   53   C   0.103   0.095   0.105
   54   L   0.102   0.098   0.103
   55   A   0.102   0.100   0.103
   56   C   0.106   0.097   0.104
   57   D   0.104   0.098   0.102
   58   S   0.097   0.099   0.098
   59   C   0.098   0.097   0.098
   60   M   0.100   0.096   0.099
   61   T   0.101   0.099   0.099
   62   A   0.104   0.104   0.100
   63   E   0.098   0.103   0.098
   64   E   0.100   0.102   0.099
   65   G   0.101   0.103   0.100
   66   V   0.099   0.106   0.099
   67   Q   0.102   0.106   0.101
   68   L   0.106   0.108   0.103
   69   S   0.101   0.107   0.101
   70   Q   0.101   0.104   0.101
# Measure  Position  Value    Cutoff   signal peptide?
  max. C    44       0.106
  max. Y    44       0.111
  max. S    39       0.123
  mean S     1-43    0.100
       D     1-43    0.107   0.500   NO
Name=NARF_HUMAN	SP='NO' D=0.107 D-cutoff=0.500 Networks=SignalP-TM
