# SignalP-4.1 euk predictions
# Name=NMT1_HUMAN	Length=70	Networks=SignalP-noTM
# pos  aa    C       S       Y
    1   M   0.103   0.125   0.113
    2   A   0.103   0.119   0.113
    3   D   0.098   0.112   0.110
    4   E   0.102   0.111   0.112
    5   S   0.100   0.102   0.111
    6   E   0.100   0.097   0.110
    7   T   0.104   0.092   0.112
    8   A   0.102   0.093   0.111
    9   V   0.093   0.093   0.105
   10   K   0.100   0.095   0.108
   11   P   0.102   0.093   0.108
   12   P   0.104   0.079   0.109
   13   A   0.107   0.080   0.109
   14   P   0.099   0.098   0.104
   15   P   0.104   0.091   0.106
   16   L   0.102   0.094   0.104
   17   P   0.106   0.092   0.106
   18   Q   0.102   0.093   0.103
   19   M   0.102   0.094   0.102
   20   M   0.099   0.105   0.100
   21   E   0.102   0.104   0.101
   22   G   0.106   0.106   0.103
   23   N   0.099   0.107   0.099
   24   G   0.105   0.102   0.101
   25   N   0.101   0.108   0.099
   26   G   0.105   0.111   0.101
   27   H   0.100   0.112   0.098
   28   E   0.108   0.115   0.103
   29   H   0.097   0.105   0.098
   30   C   0.099   0.113   0.099
   31   S   0.101   0.103   0.100
   32   D   0.100   0.108   0.100
   33   C   0.098   0.109   0.099
   34   E   0.103   0.107   0.102
   35   N   0.099   0.107   0.101
   36   E   0.096   0.109   0.100
   37   E   0.099   0.108   0.102
   38   D   0.102   0.111   0.103
   39   N   0.099   0.102   0.102
   40   S   0.100   0.110   0.103
   41   Y   0.101   0.107   0.104
   42   N   0.105   0.104   0.106
   43   R   0.103   0.108   0.105
   44   G   0.105   0.104   0.106
   45   G   0.104   0.105   0.106
   46   L   0.097   0.102   0.102
   47   S   0.110   0.103   0.109
   48   P   0.099   0.098   0.103
   49   A   0.102   0.099   0.104
   50   N   0.096   0.108   0.101
   51   D   0.110   0.107   0.108
   52   T   0.100   0.102   0.103
   53   G   0.108   0.107   0.107
   54   A   0.101   0.098   0.103
   55   K   0.093   0.095   0.099
   56   K   0.102   0.095   0.103
   57   K   0.098   0.098   0.101
   58   K   0.102   0.095   0.103
   59   K   0.106   0.099   0.105
   60   K   0.107   0.102   0.105
   61   Q   0.103   0.092   0.102
   62   K   0.102   0.096   0.102
   63   K   0.104   0.101   0.103
   64   K   0.105   0.102   0.103
   65   K   0.103   0.102   0.102
   66   E   0.101   0.101   0.101
   67   K   0.105   0.101   0.103
   68   G   0.104   0.105   0.102
   69   S   0.100   0.104   0.100
   70   E   0.105   0.103   0.102
# Measure  Position  Value    Cutoff   signal peptide?
  max. C    51       0.110
  max. Y    13       0.109
  max. S     1       0.125
  mean S     1-12    0.101
       D     1-12    0.105   0.450   NO
Name=NMT1_HUMAN	SP='NO' D=0.105 D-cutoff=0.450 Networks=SignalP-noTM
