# SignalP-4.1 euk predictions
# Name=NMU_HUMAN	Length=70	Networks=SignalP-noTM
# pos  aa    C       S       Y
    1   M   0.102   0.169   0.131
    2   L   0.102   0.190   0.131
    3   R   0.102   0.233   0.131
    4   T   0.104   0.311   0.134
    5   E   0.105   0.429   0.137
    6   S   0.102   0.614   0.139
    7   C   0.101   0.801   0.146
    8   R   0.100   0.867   0.155
    9   P   0.100   0.911   0.165
   10   R   0.097   0.905   0.172
   11   S   0.105   0.906   0.189
   12   P   0.103   0.908   0.195
   13   A   0.101   0.904   0.202
   14   G   0.095   0.902   0.204
   15   Q   0.096   0.920   0.213
   16   V   0.105   0.961   0.230
   17   A   0.105   0.968   0.238
   18   A   0.099   0.978   0.239
   19   A   0.105   0.969   0.255
   20   S   0.099   0.948   0.254
   21   P   0.105   0.936   0.269
   22   L   0.105   0.930   0.276
   23   L   0.105   0.942   0.283
   24   L   0.103   0.967   0.286
   25   L   0.103   0.983   0.292
   26   L   0.108   0.981   0.304
   27   L   0.105   0.983   0.306
   28   L   0.109   0.981   0.317
   29   L   0.106   0.982   0.315
   30   A   0.107   0.978   0.318
   31   W   0.112   0.969   0.326
   32   C   0.107   0.965   0.318
   33   A   0.216   0.958   0.454
   34   G   0.117   0.948   0.335
   35   A   0.347   0.929   0.576
   36   C   0.367   0.815   0.593
   37   R   0.165   0.830   0.396
   38   G   0.255   0.636   0.493
   39   A   0.876   0.138   0.905
   40   P   0.101   0.135   0.302
   41   I   0.125   0.129   0.327
   42   L   0.115   0.136   0.307
   43   P   0.103   0.174   0.284
   44   Q   0.118   0.152   0.297
   45   G   0.109   0.163   0.279
   46   L   0.104   0.120   0.266
   47   Q   0.108   0.106   0.263
   48   P   0.101   0.109   0.246
   49   E   0.105   0.103   0.243
   50   Q   0.104   0.099   0.233
   51   Q   0.105   0.103   0.225
   52   L   0.102   0.091   0.212
   53   Q   0.097   0.090   0.197
   54   L   0.098   0.090   0.188
   55   W   0.100   0.087   0.179
   56   N   0.097   0.092   0.165
   57   E   0.099   0.100   0.155
   58   I   0.095   0.098   0.140
   59   D   0.101   0.101   0.132
   60   D   0.106   0.094   0.121
   61   T   0.093   0.098   0.103
   62   C   0.100   0.099   0.106
   63   S   0.100   0.096   0.105
   64   S   0.100   0.099   0.104
   65   F   0.094   0.098   0.101
   66   L   0.100   0.103   0.102
   67   S   0.099   0.101   0.101
   68   I   0.099   0.098   0.099
   69   D   0.098   0.100   0.098
   70   S   0.104   0.101   0.101
# Measure  Position  Value    Cutoff   signal peptide?
  max. C    39       0.876
  max. Y    39       0.905
  max. S    27       0.983
  mean S     1-38    0.829
       D     1-38    0.864   0.450   YES
Name=NMU_HUMAN	SP='YES' Cleavage site between pos. 38 and 39: CRG-AP D=0.864 D-cutoff=0.450 Networks=SignalP-noTM
