# SignalP-4.1 euk predictions
# Name=NRTN_HUMAN	Length=70	Networks=SignalP-noTM
# pos  aa    C       S       Y
    1   M   0.103   0.886   0.302
    2   Q   0.101   0.890   0.300
    3   R   0.101   0.902   0.300
    4   W   0.101   0.886   0.300
    5   K   0.104   0.889   0.303
    6   A   0.103   0.888   0.302
    7   A   0.100   0.876   0.298
    8   A   0.099   0.880   0.296
    9   L   0.098   0.928   0.295
   10   A   0.101   0.926   0.300
   11   S   0.099   0.924   0.297
   12   V   0.103   0.872   0.303
   13   L   0.097   0.812   0.294
   14   C   0.105   0.790   0.305
   15   S   0.105   0.775   0.304
   16   S   0.102   0.740   0.300
   17   V   0.105   0.634   0.303
   18   L   0.101   0.715   0.295
   19   S   0.104   0.718   0.298
   20   I   0.384   0.293   0.569
   21   W   0.104   0.319   0.292
   22   M   0.104   0.409   0.287
   23   C   0.139   0.288   0.327
   24   R   0.131   0.300   0.312
   25   E   0.103   0.390   0.272
   26   G   0.116   0.365   0.283
   27   L   0.124   0.248   0.288
   28   L   0.104   0.302   0.258
   29   L   0.134   0.186   0.287
   30   S   0.111   0.143   0.255
   31   H   0.138   0.112   0.275
   32   R   0.109   0.147   0.236
   33   L   0.109   0.138   0.228
   34   G   0.101   0.169   0.211
   35   P   0.103   0.143   0.206
   36   A   0.109   0.149   0.203
   37   L   0.102   0.120   0.189
   38   V   0.100   0.110   0.178
   39   P   0.095   0.091   0.167
   40   L   0.107   0.112   0.169
   41   H   0.099   0.115   0.154
   42   R   0.101   0.102   0.146
   43   L   0.101   0.112   0.143
   44   P   0.094   0.116   0.135
   45   R   0.105   0.111   0.137
   46   T   0.112   0.102   0.139
   47   L   0.105   0.106   0.131
   48   D   0.103   0.118   0.124
   49   A   0.111   0.099   0.124
   50   R   0.112   0.099   0.122
   51   I   0.112   0.091   0.117
   52   A   0.097   0.090   0.107
   53   R   0.098   0.092   0.106
   54   L   0.105   0.104   0.110
   55   A   0.102   0.108   0.107
   56   Q   0.099   0.107   0.105
   57   Y   0.106   0.101   0.107
   58   R   0.098   0.105   0.102
   59   A   0.109   0.094   0.107
   60   L   0.099   0.096   0.101
   61   L   0.105   0.096   0.104
   62   Q   0.096   0.094   0.100
   63   G   0.105   0.097   0.104
   64   A   0.104   0.097   0.103
   65   P   0.098   0.097   0.100
   66   D   0.109   0.097   0.105
   67   A   0.101   0.100   0.100
   68   M   0.095   0.101   0.097
   69   E   0.102   0.103   0.101
   70   L   0.096   0.102   0.098
# Measure  Position  Value    Cutoff   signal peptide?
  max. C    20       0.384
  max. Y    20       0.569
  max. S     9       0.928
  mean S     1-19    0.839
       D     1-19    0.715   0.450   YES
Name=NRTN_HUMAN	SP='YES' Cleavage site between pos. 19 and 20: VLS-IW D=0.715 D-cutoff=0.450 Networks=SignalP-noTM
