# SignalP-4.1 euk predictions
# Name=NXPH1_HUMAN	Length=70	Networks=SignalP-TM
# pos  aa    C       S       Y
    1   M   0.103   0.762   0.280
    2   Q   0.103   0.746   0.280
    3   A   0.105   0.739   0.282
    4   A   0.100   0.718   0.276
    5   C   0.099   0.696   0.274
    6   W   0.100   0.721   0.273
    7   Y   0.100   0.785   0.274
    8   V   0.101   0.790   0.275
    9   L   0.102   0.802   0.276
   10   F   0.102   0.855   0.278
   11   L   0.101   0.886   0.277
   12   L   0.104   0.824   0.283
   13   Q   0.102   0.710   0.281
   14   P   0.103   0.762   0.282
   15   T   0.104   0.799   0.283
   16   V   0.101   0.842   0.279
   17   Y   0.103   0.846   0.284
   18   L   0.142   0.753   0.334
   19   V   0.182   0.513   0.380
   20   T   0.112   0.417   0.295
   21   C   0.117   0.454   0.298
   22   A   0.355   0.164   0.510
   23   N   0.137   0.138   0.307
   24   L   0.104   0.129   0.258
   25   T   0.113   0.094   0.258
   26   N   0.103   0.104   0.234
   27   G   0.103   0.150   0.223
   28   G   0.171   0.112   0.274
   29   K   0.101   0.124   0.199
   30   S   0.108   0.118   0.194
   31   E   0.183   0.099   0.232
   32   L   0.100   0.098   0.155
   33   L   0.102   0.099   0.141
   34   K   0.101   0.101   0.129
   35   S   0.103   0.102   0.121
   36   G   0.104   0.102   0.110
   37   S   0.102   0.097   0.107
   38   S   0.103   0.099   0.106
   39   K   0.101   0.098   0.104
   40   S   0.098   0.099   0.103
   41   T   0.099   0.095   0.103
   42   L   0.102   0.096   0.103
   43   K   0.101   0.093   0.102
   44   H   0.100   0.100   0.100
   45   I   0.102   0.101   0.100
   46   W   0.101   0.100   0.100
   47   T   0.104   0.096   0.101
   48   E   0.099   0.097   0.099
   49   S   0.102   0.098   0.100
   50   S   0.099   0.096   0.098
   51   K   0.100   0.097   0.099
   52   D   0.101   0.097   0.099
   53   L   0.102   0.097   0.099
   54   S   0.105   0.097   0.101
   55   I   0.102   0.098   0.100
   56   S   0.103   0.096   0.100
   57   R   0.098   0.099   0.098
   58   L   0.102   0.101   0.100
   59   L   0.102   0.102   0.100
   60   S   0.104   0.100   0.101
   61   Q   0.101   0.099   0.099
   62   T   0.101   0.101   0.100
   63   F   0.100   0.100   0.099
   64   R   0.105   0.102   0.102
   65   G   0.102   0.101   0.101
   66   K   0.098   0.099   0.099
   67   E   0.101   0.102   0.100
   68   N   0.098   0.104   0.099
   69   D   0.097   0.103   0.099
   70   T   0.102   0.103   0.101
# Measure  Position  Value    Cutoff   signal peptide?
  max. C    22       0.355
  max. Y    22       0.510
  max. S    11       0.886
  mean S     1-21    0.734
       D     1-21    0.600   0.500   YES
Name=NXPH1_HUMAN	SP='YES' Cleavage site between pos. 21 and 22: VTC-AN D=0.600 D-cutoff=0.500 Networks=SignalP-TM
