# SignalP-4.1 euk predictions
# Name=NXT2_HUMAN	Length=70	Networks=SignalP-TM
# pos  aa    C       S       Y
    1   M   0.103   0.084   0.093
    2   A   0.103   0.081   0.093
    3   T   0.099   0.079   0.091
    4   S   0.104   0.075   0.093
    5   L   0.101   0.080   0.091
    6   D   0.102   0.078   0.092
    7   F   0.099   0.084   0.090
    8   K   0.101   0.089   0.091
    9   T   0.102   0.080   0.092
   10   Y   0.104   0.077   0.092
   11   V   0.102   0.079   0.092
   12   D   0.101   0.066   0.091
   13   Q   0.101   0.084   0.090
   14   A   0.101   0.075   0.090
   15   C   0.096   0.080   0.087
   16   R   0.104   0.112   0.091
   17   A   0.104   0.105   0.092
   18   A   0.124   0.093   0.102
   19   E   0.100   0.103   0.092
   20   E   0.100   0.104   0.093
   21   F   0.101   0.106   0.094
   22   V   0.103   0.106   0.096
   23   N   0.100   0.112   0.095
   24   I   0.105   0.110   0.099
   25   Y   0.101   0.107   0.098
   26   Y   0.102   0.101   0.100
   27   E   0.103   0.097   0.101
   28   T   0.100   0.097   0.101
   29   M   0.103   0.090   0.103
   30   D   0.103   0.093   0.103
   31   K   0.101   0.093   0.101
   32   R   0.102   0.104   0.101
   33   R   0.104   0.095   0.103
   34   R   0.105   0.099   0.103
   35   A   0.102   0.097   0.102
   36   L   0.098   0.097   0.099
   37   T   0.105   0.094   0.102
   38   R   0.102   0.099   0.100
   39   L   0.106   0.084   0.101
   40   Y   0.103   0.085   0.099
   41   L   0.103   0.091   0.099
   42   D   0.104   0.075   0.099
   43   K   0.104   0.077   0.098
   44   A   0.106   0.077   0.098
   45   T   0.098   0.081   0.094
   46   L   0.105   0.074   0.097
   47   I   0.101   0.092   0.094
   48   W   0.096   0.115   0.092
   49   N   0.099   0.135   0.094
   50   G   0.100   0.139   0.096
   51   N   0.099   0.157   0.097
   52   A   0.102   0.172   0.100
   53   V   0.104   0.128   0.104
   54   S   0.102   0.107   0.105
   55   G   0.101   0.102   0.105
   56   L   0.101   0.095   0.105
   57   D   0.104   0.088   0.108
   58   A   0.102   0.090   0.107
   59   L   0.103   0.083   0.108
   60   N   0.103   0.087   0.108
   61   N   0.103   0.089   0.108
   62   F   0.102   0.080   0.108
   63   F   0.102   0.084   0.106
   64   D   0.105   0.096   0.106
   65   T   0.102   0.097   0.103
   66   L   0.101   0.100   0.100
   67   P   0.103   0.100   0.099
   68   S   0.103   0.099   0.098
   69   S   0.101   0.101   0.096
   70   E   0.100   0.100   0.096
# Measure  Position  Value    Cutoff   signal peptide?
  max. C    18       0.124
  max. Y    61       0.108
  max. S    52       0.172
  mean S     1-60    0.096
       D     1-60    0.103   0.500   NO
Name=NXT2_HUMAN	SP='NO' D=0.103 D-cutoff=0.500 Networks=SignalP-TM
