# SignalP-4.1 euk predictions
# Name=OFCC1_HUMAN	Length=70	Networks=SignalP-TM
# pos  aa    C       S       Y
    1   M   0.102   0.089   0.095
    2   E   0.101   0.089   0.095
    3   R   0.101   0.089   0.095
    4   E   0.102   0.085   0.095
    5   K   0.102   0.095   0.096
    6   F   0.101   0.092   0.095
    7   Q   0.103   0.092   0.096
    8   Q   0.102   0.095   0.096
    9   K   0.103   0.098   0.097
   10   A   0.101   0.097   0.096
   11   L   0.098   0.066   0.095
   12   K   0.103   0.082   0.096
   13   Q   0.098   0.101   0.093
   14   T   0.104   0.097   0.097
   15   K   0.102   0.100   0.096
   16   Q   0.101   0.093   0.096
   17   K   0.100   0.088   0.096
   18   K   0.097   0.081   0.094
   19   S   0.100   0.080   0.095
   20   K   0.097   0.087   0.094
   21   S   0.101   0.098   0.095
   22   A   0.102   0.097   0.096
   23   E   0.095   0.099   0.093
   24   F   0.100   0.100   0.095
   25   L   0.099   0.104   0.095
   26   M   0.102   0.107   0.098
   27   V   0.102   0.107   0.098
   28   K   0.102   0.116   0.099
   29   E   0.104   0.124   0.100
   30   D   0.102   0.112   0.101
   31   R   0.102   0.110   0.101
   32   E   0.104   0.112   0.103
   33   A   0.101   0.114   0.103
   34   T   0.099   0.112   0.102
   35   E   0.103   0.117   0.106
   36   G   0.101   0.109   0.105
   37   T   0.105   0.105   0.108
   38   G   0.103   0.108   0.107
   39   N   0.101   0.103   0.106
   40   P   0.104   0.107   0.108
   41   A   0.102   0.111   0.106
   42   F   0.101   0.107   0.106
   43   N   0.106   0.103   0.108
   44   M   0.101   0.107   0.105
   45   S   0.103   0.100   0.106
   46   S   0.102   0.096   0.105
   47   P   0.102   0.094   0.104
   48   D   0.103   0.094   0.105
   49   L   0.102   0.100   0.103
   50   S   0.104   0.099   0.104
   51   A   0.100   0.105   0.101
   52   C   0.101   0.105   0.102
   53   Q   0.103   0.109   0.103
   54   T   0.104   0.106   0.103
   55   A   0.104   0.105   0.103
   56   E   0.098   0.103   0.100
   57   K   0.102   0.101   0.102
   58   K   0.098   0.104   0.100
   59   V   0.101   0.105   0.101
   60   I   0.104   0.106   0.103
   61   R   0.105   0.105   0.104
   62   H   0.102   0.103   0.103
   63   D   0.101   0.103   0.102
   64   M   0.102   0.103   0.103
   65   P   0.101   0.107   0.103
   66   D   0.104   0.105   0.104
   67   R   0.104   0.103   0.105
   68   T   0.106   0.102   0.105
   69   L   0.104   0.102   0.104
   70   A   0.106   0.102   0.105
# Measure  Position  Value    Cutoff   signal peptide?
  max. C    68       0.106
  max. Y    43       0.108
  max. S    29       0.124
  mean S     1-42    0.099
       D     1-42    0.105   0.500   NO
Name=OFCC1_HUMAN	SP='NO' D=0.105 D-cutoff=0.500 Networks=SignalP-TM
