# SignalP-4.1 euk predictions
# Name=OR2D2_HUMAN	Length=70	Networks=SignalP-noTM
# pos  aa    C       S       Y
    1   M   0.101   0.257   0.161
    2   R   0.103   0.213   0.163
    3   Q   0.103   0.246   0.162
    4   I   0.104   0.195   0.162
    5   N   0.101   0.166   0.160
    6   Q   0.101   0.161   0.158
    7   T   0.100   0.146   0.156
    8   Q   0.103   0.139   0.157
    9   V   0.101   0.133   0.153
   10   T   0.097   0.136   0.148
   11   E   0.100   0.130   0.149
   12   F   0.096   0.144   0.144
   13   L   0.101   0.159   0.146
   14   L   0.103   0.133   0.146
   15   L   0.099   0.146   0.141
   16   G   0.106   0.184   0.144
   17   L   0.097   0.175   0.137
   18   S   0.107   0.247   0.142
   19   D   0.105   0.259   0.141
   20   G   0.100   0.337   0.137
   21   P   0.103   0.236   0.141
   22   H   0.100   0.185   0.138
   23   T   0.099   0.304   0.137
   24   E   0.145   0.255   0.166
   25   Q   0.098   0.259   0.137
   26   L   0.124   0.183   0.155
   27   L   0.099   0.190   0.138
   28   F   0.101   0.192   0.139
   29   I   0.101   0.176   0.140
   30   V   0.101   0.241   0.140
   31   L   0.107   0.239   0.146
   32   L   0.107   0.392   0.148
   33   G   0.102   0.459   0.149
   34   V   0.099   0.600   0.151
   35   Y   0.105   0.642   0.163
   36   L   0.096   0.815   0.163
   37   V   0.104   0.693   0.178
   38   T   0.104   0.822   0.185
   39   V   0.105   0.816   0.195
   40   L   0.112   0.850   0.208
   41   G   0.110   0.760   0.214
   42   N   0.476   0.401   0.457
   43   L   0.105   0.289   0.215
   44   L   0.110   0.331   0.221
   45   L   0.107   0.432   0.220
   46   I   0.107   0.323   0.221
   47   S   0.100   0.424   0.214
   48   L   0.105   0.523   0.221
   49   V   0.112   0.481   0.233
   50   H   0.103   0.406   0.226
   51   V   0.097   0.380   0.221
   52   D   0.128   0.112   0.256
   53   S   0.102   0.132   0.228
   54   Q   0.132   0.104   0.258
   55   L   0.114   0.101   0.237
   56   H   0.103   0.094   0.221
   57   T   0.099   0.095   0.211
   58   P   0.099   0.097   0.206
   59   M   0.102   0.095   0.200
   60   Y   0.101   0.101   0.193
   61   F   0.099   0.096   0.182
   62   F   0.100   0.095   0.173
   63   L   0.101   0.099   0.164
   64   C   0.102   0.098   0.156
   65   N   0.102   0.096   0.151
   66   L   0.106   0.099   0.151
   67   S   0.107   0.096   0.148
   68   L   0.102   0.097   0.138
   69   A   0.103   0.094   0.136
   70   D   0.107   0.098   0.132
# Measure  Position  Value    Cutoff   signal peptide?
  max. C    42       0.476
  max. Y    42       0.457
  max. S    40       0.850
  mean S     1-41    0.317
       D     1-41    0.382   0.450   NO
Name=OR2D2_HUMAN	SP='NO' D=0.382 D-cutoff=0.450 Networks=SignalP-noTM
