# SignalP-4.1 euk predictions
# Name=OR2H1_HUMAN	Length=70	Networks=SignalP-TM
# pos  aa    C       S       Y
    1   M   0.101   0.401   0.202
    2   V   0.102   0.369   0.202
    3   N   0.103   0.255   0.203
    4   Q   0.102   0.243   0.199
    5   S   0.101   0.278   0.195
    6   S   0.101   0.191   0.193
    7   P   0.101   0.206   0.189
    8   M   0.101   0.213   0.185
    9   G   0.102   0.184   0.182
   10   F   0.099   0.166   0.175
   11   L   0.104   0.156   0.175
   12   L   0.103   0.208   0.169
   13   L   0.101   0.252   0.163
   14   G   0.102   0.235   0.160
   15   F   0.101   0.237   0.156
   16   S   0.106   0.259   0.155
   17   E   0.106   0.208   0.153
   18   H   0.102   0.195   0.149
   19   P   0.099   0.164   0.146
   20   A   0.102   0.171   0.145
   21   L   0.102   0.160   0.144
   22   E   0.102   0.153   0.143
   23   R   0.170   0.144   0.183
   24   T   0.110   0.095   0.146
   25   L   0.108   0.064   0.142
   26   F   0.102   0.052   0.136
   27   V   0.105   0.054   0.134
   28   V   0.101   0.049   0.126
   29   V   0.102   0.030   0.121
   30   F   0.104   0.023   0.115
   31   T   0.104   0.028   0.108
   32   S   0.105   0.027   0.102
   33   Y   0.102   0.018   0.094
   34   L   0.098   0.021   0.087
   35   L   0.099   0.022   0.081
   36   T   0.101   0.019   0.075
   37   L   0.109   0.013   0.071
   38   V   0.101   0.013   0.061
   39   G   0.105   0.009   0.057
   40   N   0.108   0.009   0.054
   41   T   0.108   0.008   0.051
   42   L   0.108   0.007   0.047
   43   I   0.104   0.007   0.043
   44   I   0.103   0.007   0.040
   45   L   0.102   0.016   0.039
   46   L   0.101   0.014   0.037
   47   S   0.104   0.016   0.037
   48   V   0.102   0.034   0.036
   49   L   0.099   0.034   0.037
   50   Y   0.101   0.057   0.038
   51   P   0.098   0.090   0.041
   52   R   0.105   0.114   0.049
   53   L   0.103   0.126   0.056
   54   H   0.101   0.159   0.062
   55   S   0.098   0.145   0.069
   56   P   0.100   0.168   0.077
   57   M   0.104   0.175   0.086
   58   Y   0.100   0.187   0.091
   59   F   0.100   0.210   0.098
   60   F   0.100   0.191   0.105
   61   L   0.101   0.183   0.111
   62   S   0.101   0.170   0.116
   63   D   0.102   0.150   0.121
   64   L   0.105   0.140   0.126
   65   S   0.104   0.115   0.128
   66   F   0.100   0.120   0.126
   67   L   0.104   0.121   0.129
   68   D   0.102   0.094   0.127
   69   L   0.101   0.101   0.125
   70   C   0.104   0.091   0.126
# Measure  Position  Value    Cutoff   signal peptide?
  max. C    23       0.170
  max. Y    23       0.183
  max. S     1       0.401
  mean S     1-22    0.223
       D     1-22    0.199   0.500   NO
Name=OR2H1_HUMAN	SP='NO' D=0.199 D-cutoff=0.500 Networks=SignalP-TM
