# SignalP-4.1 euk predictions
# Name=OR5K1_HUMAN	Length=70	Networks=SignalP-TM
# pos  aa    C       S       Y
    1   M   0.103   0.109   0.106
    2   A   0.103   0.103   0.106
    3   E   0.101   0.135   0.104
    4   E   0.103   0.119   0.106
    5   N   0.101   0.118   0.106
    6   H   0.101   0.127   0.106
    7   T   0.102   0.126   0.107
    8   M   0.102   0.114   0.108
    9   K   0.102   0.108   0.108
   10   N   0.101   0.099   0.107
   11   E   0.102   0.063   0.107
   12   F   0.102   0.097   0.106
   13   I   0.104   0.120   0.107
   14   L   0.102   0.110   0.106
   15   T   0.104   0.096   0.107
   16   G   0.103   0.105   0.106
   17   F   0.101   0.097   0.105
   18   T   0.102   0.104   0.105
   19   D   0.104   0.092   0.105
   20   H   0.099   0.092   0.101
   21   P   0.099   0.088   0.100
   22   E   0.103   0.079   0.101
   23   L   0.100   0.083   0.098
   24   K   0.100   0.103   0.097
   25   T   0.100   0.073   0.097
   26   L   0.103   0.043   0.099
   27   L   0.100   0.045   0.096
   28   F   0.102   0.041   0.094
   29   V   0.102   0.026   0.091
   30   V   0.101   0.020   0.088
   31   F   0.104   0.020   0.086
   32   F   0.103   0.015   0.082
   33   A   0.101   0.020   0.077
   34   I   0.098   0.024   0.072
   35   Y   0.101   0.012   0.070
   36   L   0.095   0.013   0.064
   37   I   0.101   0.010   0.062
   38   T   0.101   0.008   0.058
   39   V   0.102   0.009   0.052
   40   V   0.100   0.015   0.047
   41   G   0.105   0.014   0.046
   42   N   0.195   0.009   0.059
   43   I   0.122   0.009   0.043
   44   S   0.105   0.009   0.039
   45   L   0.106   0.012   0.038
   46   V   0.102   0.015   0.036
   47   A   0.103   0.025   0.036
   48   L   0.103   0.022   0.037
   49   I   0.106   0.029   0.037
   50   F   0.103   0.045   0.038
   51   T   0.105   0.096   0.042
   52   H   0.102   0.115   0.048
   53   R   0.102   0.106   0.056
   54   R   0.102   0.114   0.062
   55   L   0.102   0.141   0.067
   56   H   0.100   0.146   0.073
   57   T   0.102   0.135   0.080
   58   P   0.102   0.145   0.086
   59   M   0.102   0.179   0.092
   60   Y   0.100   0.180   0.097
   61   I   0.102   0.186   0.104
   62   F   0.101   0.167   0.109
   63   L   0.103   0.156   0.115
   64   G   0.103   0.142   0.119
   65   N   0.100   0.139   0.120
   66   L   0.108   0.143   0.126
   67   A   0.103   0.148   0.124
   68   L   0.099   0.119   0.122
   69   V   0.104   0.116   0.125
   70   D   0.101   0.097   0.123
# Measure  Position  Value    Cutoff   signal peptide?
  max. C    42       0.195
  max. Y    66       0.126
  max. S    61       0.186
  mean S     1-65    0.080
       D     1-65    0.107   0.500   NO
Name=OR5K1_HUMAN	SP='NO' D=0.107 D-cutoff=0.500 Networks=SignalP-TM
