# SignalP-4.1 euk predictions
# Name=OR6Y1_HUMAN	Length=70	Networks=SignalP-noTM
# pos  aa    C       S       Y
    1   M   0.101   0.147   0.122
    2   T   0.102   0.150   0.123
    3   T   0.103   0.126   0.123
    4   I   0.104   0.127   0.124
    5   I   0.102   0.107   0.122
    6   L   0.098   0.106   0.119
    7   E   0.100   0.116   0.119
    8   V   0.099   0.116   0.118
    9   D   0.104   0.112   0.120
   10   N   0.103   0.127   0.119
   11   H   0.098   0.154   0.116
   12   T   0.103   0.177   0.119
   13   V   0.099   0.161   0.117
   14   T   0.098   0.154   0.117
   15   T   0.099   0.139   0.117
   16   R   0.112   0.115   0.125
   17   F   0.104   0.118   0.119
   18   I   0.102   0.114   0.118
   19   L   0.095   0.125   0.113
   20   L   0.103   0.141   0.117
   21   G   0.101   0.173   0.116
   22   F   0.099   0.161   0.115
   23   P   0.105   0.186   0.119
   24   T   0.107   0.249   0.121
   25   R   0.104   0.384   0.121
   26   P   0.101   0.410   0.124
   27   A   0.105   0.339   0.132
   28   F   0.100   0.366   0.133
   29   Q   0.103   0.390   0.139
   30   L   0.188   0.489   0.194
   31   L   0.100   0.488   0.148
   32   F   0.099   0.455   0.152
   33   F   0.102   0.567   0.160
   34   S   0.106   0.596   0.168
   35   I   0.097   0.604   0.167
   36   F   0.098   0.620   0.174
   37   L   0.104   0.796   0.185
   38   A   0.102   0.848   0.191
   39   T   0.112   0.785   0.209
   40   Y   0.106   0.798   0.211
   41   L   0.095   0.859   0.208
   42   L   0.109   0.848   0.231
   43   T   0.113   0.784   0.242
   44   L   0.124   0.708   0.260
   45   L   0.104   0.748   0.244
   46   E   0.148   0.476   0.297
   47   N   0.104   0.393   0.251
   48   L   0.110   0.324   0.259
   49   L   0.106   0.501   0.253
   50   I   0.104   0.427   0.252
   51   I   0.100   0.257   0.248
   52   L   0.097   0.231   0.242
   53   A   0.101   0.252   0.245
   54   I   0.171   0.127   0.316
   55   H   0.100   0.122   0.239
   56   S   0.096   0.114   0.230
   57   D   0.110   0.102   0.241
   58   G   0.101   0.105   0.226
   59   Q   0.111   0.098   0.231
   60   L   0.105   0.104   0.218
   61   H   0.106   0.099   0.210
   62   K   0.100   0.101   0.197
   63   P   0.096   0.102   0.184
   64   M   0.101   0.106   0.180
   65   Y   0.103   0.103   0.171
   66   F   0.104   0.100   0.163
   67   F   0.096   0.100   0.148
   68   L   0.100   0.103   0.140
   69   S   0.102   0.101   0.136
   70   H   0.103   0.100   0.131
# Measure  Position  Value    Cutoff   signal peptide?
  max. C    30       0.188
  max. Y    54       0.316
  max. S    41       0.859
  mean S     1-53    0.361
       D     1-53    0.341   0.450   NO
Name=OR6Y1_HUMAN	SP='NO' D=0.341 D-cutoff=0.450 Networks=SignalP-noTM
