# SignalP-4.1 euk predictions
# Name=ORNT2_HUMAN	Length=70	Networks=SignalP-TM
# pos  aa    C       S       Y
    1   M   0.101   0.187   0.137
    2   K   0.102   0.197   0.138
    3   S   0.102   0.190   0.138
    4   G   0.101   0.182   0.138
    5   P   0.100   0.211   0.137
    6   G   0.104   0.205   0.140
    7   I   0.100   0.208   0.138
    8   Q   0.104   0.198   0.141
    9   A   0.102   0.174   0.140
   10   A   0.099   0.153   0.138
   11   I   0.098   0.131   0.136
   12   D   0.103   0.167   0.138
   13   L   0.101   0.208   0.136
   14   T   0.105   0.213   0.140
   15   A   0.105   0.255   0.140
   16   G   0.102   0.254   0.140
   17   A   0.109   0.188   0.146
   18   A   0.099   0.182   0.139
   19   G   0.106   0.157   0.144
   20   G   0.117   0.163   0.150
   21   T   0.108   0.129   0.143
   22   A   0.107   0.151   0.140
   23   C   0.121   0.130   0.148
   24   V   0.119   0.123   0.145
   25   L   0.101   0.088   0.133
   26   T   0.104   0.103   0.134
   27   G   0.111   0.084   0.137
   28   Q   0.113   0.074   0.134
   29   P   0.104   0.072   0.125
   30   F   0.104   0.088   0.119
   31   D   0.103   0.095   0.113
   32   T   0.104   0.097   0.110
   33   I   0.105   0.102   0.108
   34   K   0.102   0.101   0.104
   35   V   0.100   0.103   0.101
   36   K   0.100   0.103   0.101
   37   M   0.103   0.113   0.100
   38   Q   0.103   0.090   0.100
   39   T   0.104   0.090   0.099
   40   F   0.102   0.090   0.098
   41   P   0.102   0.089   0.097
   42   D   0.103   0.097   0.098
   43   L   0.104   0.076   0.100
   44   Y   0.101   0.085   0.098
   45   K   0.100   0.078   0.098
   46   G   0.102   0.077   0.098
   47   L   0.098   0.072   0.095
   48   T   0.104   0.081   0.097
   49   D   0.102   0.080   0.095
   50   C   0.102   0.071   0.094
   51   F   0.100   0.077   0.092
   52   L   0.103   0.083   0.092
   53   K   0.100   0.093   0.091
   54   T   0.101   0.091   0.091
   55   Y   0.103   0.096   0.092
   56   A   0.102   0.110   0.092
   57   Q   0.099   0.089   0.091
   58   V   0.103   0.088   0.093
   59   G   0.097   0.091   0.091
   60   L   0.098   0.094   0.092
   61   R   0.102   0.097   0.094
   62   G   0.103   0.100   0.096
   63   F   0.098   0.103   0.094
   64   Y   0.100   0.101   0.096
   65   K   0.106   0.102   0.100
   66   G   0.103   0.098   0.099
   67   T   0.098   0.104   0.098
   68   G   0.104   0.102   0.100
   69   P   0.100   0.102   0.099
   70   A   0.104   0.103   0.101
# Measure  Position  Value    Cutoff   signal peptide?
  max. C    23       0.121
  max. Y    20       0.150
  max. S    15       0.255
  mean S     1-19    0.193
       D     1-19    0.167   0.500   NO
Name=ORNT2_HUMAN	SP='NO' D=0.167 D-cutoff=0.500 Networks=SignalP-TM
