# SignalP-4.1 euk predictions
# Name=PARL_HUMAN	Length=70	Networks=SignalP-noTM
# pos  aa    C       S       Y
    1   M   0.104   0.557   0.240
    2   A   0.104   0.476   0.241
    3   W   0.095   0.477   0.230
    4   R   0.103   0.467   0.238
    5   G   0.103   0.380   0.237
    6   W   0.100   0.462   0.231
    7   A   0.106   0.402   0.238
    8   Q   0.107   0.301   0.237
    9   R   0.104   0.376   0.231
   10   G   0.102   0.376   0.227
   11   W   0.101   0.427   0.224
   12   G   0.104   0.528   0.226
   13   C   0.102   0.523   0.224
   14   G   0.102   0.524   0.224
   15   Q   0.098   0.489   0.218
   16   A   0.106   0.408   0.227
   17   W   0.105   0.287   0.224
   18   G   0.107   0.359   0.223
   19   A   0.239   0.261   0.330
   20   S   0.097   0.194   0.207
   21   V   0.101   0.196   0.208
   22   G   0.107   0.154   0.210
   23   G   0.116   0.134   0.213
   24   R   0.108   0.127   0.201
   25   S   0.108   0.117   0.196
   26   C   0.104   0.116   0.188
   27   E   0.124   0.114   0.200
   28   E   0.102   0.110   0.179
   29   L   0.101   0.109   0.173
   30   T   0.108   0.108   0.175
   31   A   0.106   0.114   0.171
   32   V   0.102   0.107   0.164
   33   L   0.102   0.102   0.160
   34   T   0.100   0.093   0.153
   35   P   0.105   0.100   0.150
   36   P   0.111   0.097   0.147
   37   Q   0.105   0.097   0.136
   38   L   0.106   0.096   0.130
   39   L   0.102   0.102   0.122
   40   G   0.103   0.111   0.118
   41   R   0.114   0.092   0.119
   42   R   0.107   0.087   0.112
   43   F   0.101   0.089   0.107
   44   N   0.098   0.094   0.103
   45   F   0.096   0.089   0.101
   46   F   0.099   0.090   0.101
   47   I   0.107   0.095   0.104
   48   Q   0.100   0.092   0.100
   49   Q   0.098   0.089   0.099
   50   K   0.101   0.088   0.100
   51   C   0.101   0.098   0.099
   52   G   0.100   0.098   0.098
   53   F   0.096   0.104   0.096
   54   R   0.094   0.107   0.095
   55   K   0.101   0.114   0.099
   56   A   0.102   0.107   0.099
   57   P   0.093   0.113   0.095
   58   R   0.104   0.108   0.101
   59   K   0.102   0.104   0.100
   60   V   0.098   0.112   0.098
   61   E   0.098   0.109   0.098
   62   P   0.102   0.109   0.100
   63   R   0.103   0.111   0.101
   64   R   0.106   0.108   0.103
   65   S   0.107   0.105   0.104
   66   D   0.099   0.107   0.100
   67   P   0.105   0.104   0.104
   68   G   0.106   0.101   0.104
   69   T   0.101   0.103   0.102
   70   S   0.107   0.102   0.106
# Measure  Position  Value    Cutoff   signal peptide?
  max. C    19       0.239
  max. Y    19       0.330
  max. S     1       0.557
  mean S     1-18    0.434
       D     1-18    0.386   0.450   NO
Name=PARL_HUMAN	SP='NO' D=0.386 D-cutoff=0.450 Networks=SignalP-noTM
