# SignalP-4.1 euk predictions
# Name=PCBP4_HUMAN	Length=70	Networks=SignalP-noTM
# pos  aa    C       S       Y
    1   M   0.100   0.117   0.108
    2   S   0.103   0.115   0.110
    3   G   0.100   0.128   0.108
    4   S   0.099   0.132   0.108
    5   D   0.103   0.121   0.110
    6   G   0.100   0.132   0.109
    7   G   0.100   0.109   0.109
    8   L   0.098   0.102   0.108
    9   E   0.106   0.111   0.112
   10   E   0.099   0.101   0.108
   11   E   0.100   0.095   0.108
   12   P   0.101   0.091   0.108
   13   E   0.103   0.093   0.109
   14   L   0.103   0.088   0.108
   15   S   0.101   0.089   0.106
   16   I   0.100   0.092   0.105
   17   T   0.099   0.091   0.104
   18   L   0.101   0.093   0.105
   19   T   0.106   0.094   0.107
   20   L   0.100   0.084   0.103
   21   R   0.102   0.091   0.104
   22   M   0.104   0.086   0.104
   23   L   0.100   0.090   0.101
   24   M   0.101   0.090   0.101
   25   H   0.102   0.099   0.101
   26   G   0.104   0.128   0.101
   27   K   0.116   0.107   0.107
   28   E   0.100   0.123   0.099
   29   V   0.097   0.145   0.097
   30   G   0.101   0.109   0.100
   31   S   0.099   0.105   0.099
   32   I   0.109   0.107   0.104
   33   I   0.099   0.103   0.099
   34   G   0.101   0.112   0.100
   35   K   0.114   0.101   0.107
   36   K   0.105   0.103   0.103
   37   G   0.104   0.098   0.103
   38   E   0.099   0.103   0.101
   39   T   0.101   0.103   0.102
   40   V   0.103   0.105   0.103
   41   K   0.101   0.099   0.103
   42   R   0.101   0.107   0.103
   43   I   0.099   0.102   0.102
   44   R   0.099   0.096   0.102
   45   E   0.111   0.097   0.108
   46   Q   0.095   0.096   0.101
   47   S   0.106   0.095   0.106
   48   S   0.107   0.092   0.107
   49   A   0.099   0.096   0.102
   50   R   0.091   0.097   0.098
   51   I   0.104   0.098   0.104
   52   T   0.100   0.099   0.101
   53   I   0.106   0.095   0.103
   54   S   0.099   0.092   0.100
   55   E   0.099   0.096   0.099
   56   G   0.102   0.097   0.100
   57   S   0.097   0.100   0.098
   58   C   0.103   0.099   0.101
   59   P   0.103   0.099   0.101
   60   E   0.099   0.103   0.099
   61   R   0.099   0.103   0.099
   62   I   0.106   0.100   0.102
   63   T   0.100   0.099   0.099
   64   T   0.104   0.098   0.101
   65   I   0.103   0.100   0.100
   66   T   0.101   0.099   0.099
   67   G   0.106   0.101   0.102
   68   S   0.100   0.100   0.099
   69   T   0.102   0.099   0.100
   70   A   0.106   0.099   0.102
# Measure  Position  Value    Cutoff   signal peptide?
  max. C    27       0.116
  max. Y    13       0.109
  max. S    29       0.145
  mean S     1-12    0.113
       D     1-12    0.111   0.450   NO
Name=PCBP4_HUMAN	SP='NO' D=0.111 D-cutoff=0.450 Networks=SignalP-noTM
