# SignalP-4.1 euk predictions
# Name=PCDB5_HUMAN	Length=70	Networks=SignalP-noTM
# pos  aa    C       S       Y
    1   M   0.101   0.417   0.205
    2   E   0.102   0.558   0.207
    3   T   0.104   0.766   0.210
    4   A   0.104   0.806   0.214
    5   L   0.100   0.715   0.213
    6   A   0.103   0.789   0.220
    7   K   0.102   0.779   0.223
    8   T   0.106   0.797   0.231
    9   P   0.103   0.753   0.231
   10   Q   0.104   0.772   0.236
   11   K   0.104   0.801   0.240
   12   R   0.100   0.740   0.239
   13   Q   0.099   0.789   0.241
   14   V   0.098   0.771   0.242
   15   M   0.099   0.783   0.247
   16   F   0.104   0.795   0.256
   17   L   0.097   0.859   0.251
   18   A   0.101   0.885   0.261
   19   I   0.099   0.885   0.262
   20   L   0.098   0.918   0.265
   21   L   0.102   0.918   0.275
   22   L   0.101   0.890   0.277
   23   L   0.109   0.920   0.292
   24   W   0.100   0.913   0.283
   25   E   0.104   0.896   0.293
   26   A   0.110   0.929   0.302
   27   G   0.131   0.864   0.330
   28   S   0.099   0.873   0.288
   29   E   0.202   0.802   0.413
   30   A   0.294   0.647   0.498
   31   V   0.751   0.164   0.792
   32   R   0.101   0.220   0.285
   33   Y   0.138   0.155   0.329
   34   S   0.116   0.136   0.296
   35   I   0.116   0.109   0.291
   36   P   0.097   0.126   0.260
   37   E   0.115   0.118   0.277
   38   E   0.101   0.111   0.254
   39   T   0.105   0.115   0.252
   40   E   0.106   0.115   0.246
   41   S   0.103   0.108   0.235
   42   G   0.101   0.103   0.225
   43   Y   0.099   0.101   0.215
   44   S   0.106   0.108   0.213
   45   V   0.103   0.098   0.201
   46   A   0.105   0.103   0.193
   47   N   0.098   0.102   0.177
   48   L   0.107   0.095   0.174
   49   A   0.102   0.092   0.158
   50   K   0.104   0.096   0.147
   51   D   0.105   0.092   0.135
   52   L   0.097   0.091   0.117
   53   G   0.109   0.090   0.113
   54   L   0.104   0.103   0.108
   55   G   0.107   0.105   0.107
   56   V   0.098   0.093   0.101
   57   G   0.108   0.095   0.106
   58   E   0.102   0.094   0.102
   59   L   0.101   0.096   0.101
   60   A   0.104   0.096   0.102
   61   T   0.100   0.103   0.100
   62   R   0.100   0.103   0.100
   63   G   0.108   0.102   0.103
   64   A   0.104   0.102   0.101
   65   R   0.097   0.104   0.098
   66   M   0.107   0.104   0.102
   67   H   0.097   0.102   0.097
   68   Y   0.100   0.103   0.099
   69   K   0.099   0.104   0.099
   70   G   0.103   0.103   0.101
# Measure  Position  Value    Cutoff   signal peptide?
  max. C    31       0.751
  max. Y    31       0.792
  max. S    26       0.929
  mean S     1-30    0.801
       D     1-30    0.797   0.450   YES
Name=PCDB5_HUMAN	SP='YES' Cleavage site between pos. 30 and 31: SEA-VR D=0.797 D-cutoff=0.450 Networks=SignalP-noTM
