# SignalP-4.1 euk predictions
# Name=PEX2_HUMAN	Length=70	Networks=SignalP-TM
# pos  aa    C       S       Y
    1   M   0.103   0.161   0.129
    2   A   0.102   0.175   0.128
    3   S   0.099   0.256   0.126
    4   R   0.101   0.240   0.131
    5   K   0.101   0.270   0.133
    6   E   0.101   0.213   0.136
    7   N   0.103   0.178   0.138
    8   A   0.102   0.174   0.138
    9   K   0.098   0.172   0.136
   10   S   0.105   0.165   0.141
   11   A   0.101   0.156   0.138
   12   N   0.099   0.167   0.137
   13   R   0.104   0.145   0.140
   14   V   0.101   0.124   0.138
   15   L   0.104   0.120   0.139
   16   R   0.104   0.113   0.138
   17   I   0.102   0.103   0.135
   18   S   0.104   0.103   0.132
   19   Q   0.102   0.096   0.127
   20   L   0.101   0.107   0.121
   21   D   0.103   0.110   0.119
   22   A   0.103   0.130   0.117
   23   L   0.106   0.112   0.117
   24   E   0.101   0.114   0.112
   25   L   0.101   0.114   0.111
   26   N   0.102   0.110   0.110
   27   K   0.101   0.123   0.107
   28   A   0.101   0.155   0.107
   29   L   0.104   0.136   0.109
   30   E   0.104   0.139   0.110
   31   Q   0.113   0.111   0.116
   32   L   0.102   0.121   0.110
   33   V   0.100   0.123   0.110
   34   W   0.101   0.127   0.111
   35   S   0.101   0.118   0.111
   36   Q   0.123   0.102   0.124
   37   F   0.103   0.101   0.112
   38   T   0.101   0.106   0.111
   39   Q   0.099   0.105   0.109
   40   C   0.101   0.108   0.110
   41   F   0.110   0.095   0.115
   42   H   0.100   0.113   0.109
   43   G   0.100   0.102   0.107
   44   F   0.110   0.107   0.111
   45   K   0.101   0.102   0.105
   46   P   0.103   0.107   0.106
   47   G   0.104   0.118   0.106
   48   L   0.099   0.141   0.103
   49   L   0.107   0.128   0.108
   50   A   0.105   0.101   0.107
   51   R   0.105   0.113   0.107
   52   F   0.104   0.116   0.107
   53   E   0.102   0.108   0.106
   54   P   0.105   0.094   0.108
   55   E   0.103   0.089   0.106
   56   V   0.100   0.100   0.105
   57   K   0.105   0.079   0.107
   58   A   0.102   0.078   0.104
   59   C   0.102   0.107   0.103
   60   L   0.104   0.109   0.105
   61   W   0.101   0.088   0.103
   62   V   0.101   0.107   0.102
   63   F   0.103   0.099   0.102
   64   L   0.102   0.131   0.100
   65   W   0.102   0.142   0.102
   66   R   0.103   0.149   0.103
   67   F   0.102   0.139   0.104
   68   T   0.104   0.128   0.106
   69   I   0.103   0.126   0.106
   70   Y   0.101   0.125   0.107
# Measure  Position  Value    Cutoff   signal peptide?
  max. C    36       0.123
  max. Y    13       0.140
  max. S     5       0.270
  mean S     1-12    0.194
       D     1-12    0.162   0.500   NO
Name=PEX2_HUMAN	SP='NO' D=0.162 D-cutoff=0.500 Networks=SignalP-TM
