# SignalP-4.1 euk predictions
# Name=PI4KA_HUMAN	Length=70	Networks=SignalP-TM
# pos  aa    C       S       Y
    1   M   0.103   0.100   0.102
    2   A   0.105   0.110   0.102
    3   A   0.100   0.094   0.101
    4   A   0.101   0.093   0.101
    5   P   0.100   0.086   0.100
    6   A   0.104   0.090   0.101
    7   R   0.098   0.086   0.098
    8   G   0.107   0.086   0.102
    9   G   0.101   0.079   0.099
   10   G   0.102   0.077   0.098
   11   G   0.104   0.076   0.098
   12   G   0.104   0.073   0.097
   13   G   0.102   0.079   0.096
   14   G   0.103   0.087   0.095
   15   G   0.104   0.089   0.095
   16   G   0.104   0.102   0.094
   17   G   0.103   0.101   0.094
   18   G   0.102   0.116   0.094
   19   C   0.102   0.114   0.095
   20   S   0.104   0.102   0.096
   21   G   0.103   0.106   0.097
   22   S   0.103   0.111   0.098
   23   G   0.103   0.102   0.098
   24   S   0.102   0.109   0.099
   25   S   0.105   0.110   0.101
   26   A   0.102   0.116   0.101
   27   S   0.101   0.131   0.102
   28   R   0.103   0.136   0.105
   29   G   0.104   0.151   0.107
   30   F   0.103   0.160   0.109
   31   Y   0.106   0.176   0.112
   32   F   0.102   0.173   0.113
   33   N   0.103   0.144   0.115
   34   T   0.106   0.164   0.117
   35   V   0.105   0.135   0.119
   36   L   0.105   0.131   0.120
   37   S   0.107   0.156   0.122
   38   L   0.101   0.155   0.120
   39   A   0.104   0.196   0.123
   40   R   0.102   0.164   0.125
   41   S   0.107   0.199   0.129
   42   L   0.115   0.167   0.136
   43   A   0.106   0.259   0.131
   44   V   0.105   0.189   0.134
   45   Q   0.100   0.172   0.131
   46   R   0.103   0.149   0.133
   47   P   0.102   0.170   0.132
   48   A   0.103   0.190   0.133
   49   S   0.097   0.203   0.130
   50   L   0.101   0.157   0.134
   51   E   0.104   0.133   0.137
   52   K   0.101   0.122   0.135
   53   V   0.104   0.122   0.136
   54   Q   0.103   0.122   0.133
   55   K   0.106   0.130   0.133
   56   L   0.103   0.118   0.130
   57   L   0.102   0.112   0.128
   58   C   0.104   0.123   0.125
   59   M   0.103   0.121   0.122
   60   C   0.104   0.119   0.121
   61   P   0.104   0.117   0.120
   62   V   0.104   0.130   0.118
   63   D   0.101   0.125   0.115
   64   F   0.103   0.142   0.113
   65   H   0.096   0.133   0.109
   66   G   0.097   0.125   0.110
   67   I   0.099   0.112   0.111
   68   F   0.103   0.105   0.113
   69   Q   0.103   0.100   0.112
   70   L   0.104   0.098   0.112
# Measure  Position  Value    Cutoff   signal peptide?
  max. C    42       0.115
  max. Y    51       0.137
  max. S    43       0.259
  mean S     1-50    0.131
       D     1-50    0.134   0.500   NO
Name=PI4KA_HUMAN	SP='NO' D=0.134 D-cutoff=0.500 Networks=SignalP-TM
