# SignalP-4.1 euk predictions
# Name=PLD3B_HUMAN	Length=70	Networks=SignalP-noTM
# pos  aa    C       S       Y
    1   M   0.100   0.160   0.127
    2   K   0.103   0.192   0.128
    3   I   0.102   0.153   0.128
    4   W   0.099   0.110   0.127
    5   T   0.104   0.103   0.129
    6   S   0.101   0.099   0.126
    7   E   0.100   0.108   0.124
    8   H   0.099   0.112   0.122
    9   V   0.098   0.112   0.121
   10   F   0.096   0.110   0.119
   11   D   0.106   0.110   0.124
   12   H   0.100   0.114   0.119
   13   P   0.103   0.115   0.120
   14   W   0.098   0.104   0.117
   15   E   0.098   0.115   0.116
   16   T   0.100   0.114   0.115
   17   V   0.103   0.109   0.116
   18   T   0.102   0.127   0.115
   19   T   0.101   0.122   0.114
   20   A   0.114   0.112   0.120
   21   A   0.102   0.108   0.112
   22   M   0.103   0.108   0.112
   23   Q   0.103   0.108   0.111
   24   K   0.102   0.099   0.109
   25   Y   0.101   0.093   0.107
   26   P   0.104   0.100   0.107
   27   N   0.106   0.095   0.108
   28   P   0.102   0.093   0.105
   29   M   0.101   0.101   0.105
   30   N   0.100   0.098   0.104
   31   P   0.097   0.087   0.102
   32   S   0.104   0.095   0.105
   33   V   0.101   0.099   0.103
   34   V   0.103   0.107   0.104
   35   G   0.103   0.109   0.104
   36   V   0.099   0.103   0.102
   37   D   0.107   0.103   0.106
   38   V   0.107   0.098   0.106
   39   L   0.101   0.099   0.102
   40   D   0.107   0.092   0.105
   41   R   0.100   0.090   0.101
   42   H   0.108   0.090   0.104
   43   I   0.105   0.089   0.102
   44   D   0.099   0.088   0.099
   45   P   0.103   0.093   0.100
   46   S   0.099   0.088   0.098
   47   G   0.101   0.100   0.098
   48   K   0.093   0.101   0.095
   49   L   0.100   0.099   0.098
   50   H   0.096   0.099   0.096
   51   S   0.105   0.098   0.101
   52   H   0.104   0.102   0.100
   53   R   0.107   0.095   0.102
   54   L   0.102   0.090   0.100
   55   L   0.100   0.097   0.098
   56   S   0.105   0.094   0.101
   57   T   0.104   0.098   0.100
   58   E   0.103   0.092   0.099
   59   W   0.101   0.092   0.098
   60   G   0.098   0.092   0.096
   61   L   0.096   0.093   0.095
   62   P   0.104   0.091   0.099
   63   S   0.104   0.092   0.099
   64   I   0.097   0.094   0.096
   65   V   0.095   0.093   0.094
   66   K   0.105   0.095   0.099
   67   S   0.104   0.094   0.099
   68   L   0.101   0.100   0.098
   69   I   0.103   0.096   0.099
   70   G   0.101   0.096   0.098
# Measure  Position  Value    Cutoff   signal peptide?
  max. C    20       0.114
  max. Y    11       0.124
  max. S     2       0.192
  mean S     1-10    0.126
       D     1-10    0.125   0.450   NO
Name=PLD3B_HUMAN	SP='NO' D=0.125 D-cutoff=0.450 Networks=SignalP-noTM
