# SignalP-4.1 euk predictions
# Name=POK8_HUMAN	Length=70	Networks=SignalP-TM
# pos  aa    C       S       Y
    1   N   0.101   0.208   0.145
    2   K   0.101   0.173   0.145
    3   S   0.101   0.170   0.144
    4   K   0.102   0.177   0.144
    5   K   0.102   0.177   0.143
    6   R   0.100   0.179   0.141
    7   R   0.103   0.150   0.142
    8   N   0.104   0.107   0.141
    9   R   0.102   0.093   0.137
   10   V   0.102   0.091   0.134
   11   S   0.104   0.076   0.132
   12   F   0.102   0.070   0.127
   13   L   0.100   0.107   0.122
   14   G   0.105   0.119   0.122
   15   V   0.104   0.118   0.118
   16   A   0.104   0.118   0.116
   17   T   0.101   0.132   0.112
   18   I   0.103   0.116   0.113
   19   E   0.099   0.102   0.108
   20   P   0.101   0.106   0.107
   21   P   0.099   0.111   0.103
   22   K   0.100   0.130   0.103
   23   P   0.103   0.202   0.105
   24   I   0.109   0.134   0.111
   25   P   0.102   0.168   0.109
   26   L   0.104   0.144   0.113
   27   T   0.104   0.128   0.116
   28   W   0.102   0.122   0.115
   29   K   0.099   0.110   0.114
   30   T   0.102   0.107   0.115
   31   E   0.104   0.102   0.116
   32   K   0.104   0.095   0.115
   33   L   0.102   0.095   0.113
   34   V   0.102   0.101   0.113
   35   W   0.101   0.102   0.112
   36   V   0.104   0.102   0.114
   37   N   0.099   0.105   0.110
   38   Q   0.104   0.101   0.110
   39   W   0.100   0.101   0.106
   40   P   0.100   0.106   0.104
   41   L   0.100   0.105   0.103
   42   P   0.101   0.104   0.102
   43   K   0.099   0.099   0.101
   44   Q   0.101   0.101   0.101
   45   K   0.102   0.091   0.101
   46   L   0.101   0.096   0.101
   47   E   0.104   0.100   0.102
   48   A   0.100   0.101   0.101
   49   L   0.102   0.092   0.102
   50   H   0.103   0.092   0.102
   51   L   0.103   0.097   0.101
   52   L   0.105   0.100   0.102
   53   A   0.103   0.103   0.101
   54   N   0.099   0.097   0.099
   55   E   0.105   0.099   0.102
   56   Q   0.097   0.098   0.097
   57   L   0.104   0.100   0.101
   58   E   0.099   0.103   0.098
   59   K   0.098   0.103   0.098
   60   G   0.101   0.102   0.100
   61   H   0.099   0.105   0.099
   62   I   0.101   0.102   0.100
   63   E   0.101   0.103   0.100
   64   P   0.100   0.107   0.100
   65   S   0.102   0.105   0.102
   66   F   0.101   0.107   0.101
   67   S   0.102   0.108   0.102
   68   P   0.099   0.110   0.101
   69   W   0.101   0.110   0.102
   70   N   0.103   0.106   0.104
# Measure  Position  Value    Cutoff   signal peptide?
  max. C    24       0.109
  max. Y    11       0.132
  max. S     1       0.208
  mean S     1-10    0.153
       D     1-10    0.140   0.500   NO
Name=POK8_HUMAN	SP='NO' D=0.140 D-cutoff=0.500 Networks=SignalP-TM
