# SignalP-4.1 euk predictions
# Name=PONL1_HUMAN	Length=70	Networks=SignalP-noTM
# pos  aa    C       S       Y
    1   M   0.104   0.925   0.310
    2   A   0.104   0.896   0.310
    3   E   0.097   0.879   0.300
    4   S   0.104   0.900   0.310
    5   G   0.101   0.940   0.305
    6   L   0.100   0.955   0.304
    7   A   0.105   0.961   0.311
    8   M   0.099   0.951   0.303
    9   W   0.103   0.927   0.309
   10   P   0.098   0.915   0.301
   11   S   0.107   0.931   0.315
   12   L   0.104   0.937   0.309
   13   L   0.099   0.951   0.303
   14   L   0.100   0.954   0.304
   15   L   0.101   0.936   0.306
   16   L   0.107   0.905   0.315
   17   L   0.104   0.906   0.310
   18   L   0.106   0.893   0.313
   19   P   0.105   0.911   0.311
   20   G   0.113   0.879   0.323
   21   P   0.099   0.833   0.303
   22   P   0.103   0.839   0.307
   23   P   0.102   0.875   0.305
   24   V   0.109   0.886   0.316
   25   A   0.102   0.819   0.304
   26   G   0.165   0.625   0.387
   27   L   0.803   0.175   0.849
   28   E   0.160   0.143   0.372
   29   D   0.107   0.128   0.297
   30   A   0.108   0.120   0.292
   31   A   0.104   0.104   0.279
   32   F   0.102   0.101   0.269
   33   P   0.108   0.105   0.270
   34   H   0.104   0.099   0.258
   35   L   0.109   0.098   0.255
   36   G   0.104   0.099   0.242
   37   E   0.095   0.094   0.223
   38   S   0.105   0.099   0.226
   39   L   0.129   0.093   0.240
   40   Q   0.103   0.094   0.206
   41   P   0.100   0.094   0.193
   42   L   0.103   0.099   0.186
   43   P   0.103   0.101   0.176
   44   R   0.109   0.097   0.171
   45   A   0.109   0.096   0.160
   46   C   0.091   0.094   0.135
   47   P   0.101   0.092   0.128
   48   L   0.105   0.093   0.117
   49   R   0.099   0.098   0.102
   50   C   0.108   0.092   0.105
   51   S   0.098   0.093   0.099
   52   C   0.098   0.094   0.098
   53   P   0.102   0.088   0.100
   54   R   0.102   0.086   0.099
   55   V   0.102   0.103   0.099
   56   D   0.102   0.096   0.098
   57   T   0.099   0.100   0.097
   58   V   0.116   0.098   0.105
   59   D   0.098   0.103   0.097
   60   C   0.106   0.098   0.101
   61   D   0.105   0.101   0.100
   62   G   0.106   0.097   0.101
   63   L   0.097   0.097   0.097
   64   D   0.105   0.098   0.101
   65   L   0.101   0.096   0.098
   66   R   0.104   0.098   0.100
   67   V   0.103   0.096   0.100
   68   F   0.103   0.100   0.099
   69   P   0.101   0.098   0.099
   70   D   0.103   0.097   0.100
# Measure  Position  Value    Cutoff   signal peptide?
  max. C    27       0.803
  max. Y    27       0.849
  max. S     7       0.961
  mean S     1-26    0.897
       D     1-26    0.875   0.450   YES
Name=PONL1_HUMAN	SP='YES' Cleavage site between pos. 26 and 27: VAG-LE D=0.875 D-cutoff=0.450 Networks=SignalP-noTM
