# SignalP-4.1 euk predictions
# Name=PRAG1_HUMAN	Length=70	Networks=SignalP-TM
# pos  aa    C       S       Y
    1   M   0.102   0.167   0.131
    2   H   0.102   0.173   0.131
    3   Q   0.101   0.129   0.130
    4   T   0.103   0.121   0.130
    5   L   0.102   0.114   0.128
    6   C   0.102   0.104   0.127
    7   L   0.107   0.107   0.128
    8   N   0.102   0.111   0.123
    9   P   0.099   0.101   0.120
   10   E   0.102   0.109   0.120
   11   S   0.104   0.112   0.119
   12   L   0.101   0.123   0.115
   13   K   0.098   0.159   0.112
   14   M   0.097   0.137   0.112
   15   S   0.102   0.131   0.114
   16   A   0.103   0.163   0.113
   17   C   0.105   0.127   0.114
   18   S   0.120   0.120   0.121
   19   D   0.113   0.107   0.118
   20   F   0.099   0.111   0.110
   21   V   0.102   0.107   0.112
   22   E   0.099   0.110   0.110
   23   H   0.102   0.119   0.112
   24   I   0.102   0.107   0.112
   25   W   0.102   0.109   0.112
   26   K   0.103   0.107   0.113
   27   P   0.100   0.107   0.110
   28   G   0.103   0.101   0.111
   29   S   0.100   0.109   0.108
   30   C   0.102   0.105   0.108
   31   K   0.125   0.104   0.118
   32   N   0.104   0.107   0.106
   33   C   0.101   0.106   0.105
   34   F   0.101   0.101   0.104
   35   C   0.105   0.097   0.106
   36   L   0.103   0.095   0.105
   37   R   0.100   0.096   0.102
   38   S   0.103   0.094   0.103
   39   D   0.105   0.094   0.104
   40   H   0.101   0.100   0.101
   41   Q   0.101   0.097   0.101
   42   L   0.100   0.095   0.100
   43   V   0.101   0.103   0.100
   44   A   0.103   0.105   0.101
   45   G   0.105   0.096   0.102
   46   P   0.099   0.096   0.099
   47   P   0.104   0.097   0.101
   48   Q   0.102   0.096   0.100
   49   P   0.102   0.106   0.099
   50   R   0.102   0.104   0.100
   51   A   0.104   0.128   0.101
   52   G   0.098   0.108   0.099
   53   S   0.100   0.113   0.101
   54   L   0.103   0.110   0.103
   55   P   0.103   0.107   0.104
   56   P   0.104   0.107   0.104
   57   P   0.103   0.109   0.104
   58   P   0.107   0.106   0.106
   59   R   0.106   0.103   0.106
   60   L   0.106   0.105   0.106
   61   P   0.103   0.107   0.105
   62   P   0.102   0.107   0.105
   63   R   0.106   0.104   0.107
   64   P   0.105   0.105   0.107
   65   E   0.105   0.102   0.107
   66   N   0.103   0.102   0.105
   67   C   0.103   0.106   0.104
   68   R   0.103   0.104   0.104
   69   L   0.104   0.106   0.105
   70   E   0.102   0.106   0.103
# Measure  Position  Value    Cutoff   signal peptide?
  max. C    31       0.125
  max. Y    18       0.121
  max. S     2       0.173
  mean S     1-17    0.129
       D     1-17    0.124   0.500   NO
Name=PRAG1_HUMAN	SP='NO' D=0.124 D-cutoff=0.500 Networks=SignalP-TM
