# SignalP-4.1 euk predictions
# Name=PRS35_HUMAN	Length=70	Networks=SignalP-TM
# pos  aa    C       S       Y
    1   M   0.102   0.752   0.276
    2   E   0.102   0.834   0.276
    3   N   0.102   0.793   0.278
    4   M   0.102   0.816   0.279
    5   L   0.103   0.701   0.281
    6   L   0.103   0.724   0.280
    7   W   0.101   0.697   0.277
    8   L   0.102   0.729   0.278
    9   I   0.103   0.707   0.278
   10   F   0.101   0.722   0.276
   11   F   0.104   0.751   0.279
   12   T   0.101   0.709   0.275
   13   P   0.102   0.762   0.276
   14   G   0.103   0.805   0.277
   15   W   0.097   0.737   0.270
   16   T   0.099   0.707   0.272
   17   L   0.297   0.605   0.469
   18   I   0.113   0.537   0.287
   19   D   0.142   0.329   0.317
   20   G   0.106   0.366   0.268
   21   S   0.445   0.166   0.540
   22   E   0.106   0.151   0.255
   23   M   0.119   0.164   0.262
   24   E   0.167   0.112   0.299
   25   W   0.098   0.124   0.219
   26   D   0.102   0.113   0.214
   27   F   0.102   0.117   0.203
   28   M   0.102   0.128   0.192
   29   W   0.100   0.117   0.177
   30   H   0.101   0.116   0.164
   31   L   0.103   0.111   0.152
   32   R   0.101   0.100   0.138
   33   K   0.102   0.106   0.127
   34   V   0.101   0.103   0.120
   35   P   0.103   0.109   0.113
   36   R   0.105   0.101   0.112
   37   I   0.103   0.105   0.109
   38   V   0.104   0.102   0.107
   39   S   0.102   0.101   0.106
   40   E   0.106   0.106   0.107
   41   R   0.102   0.104   0.105
   42   T   0.102   0.109   0.105
   43   F   0.101   0.110   0.104
   44   H   0.099   0.101   0.103
   45   L   0.104   0.100   0.105
   46   T   0.101   0.102   0.103
   47   S   0.100   0.104   0.102
   48   P   0.101   0.102   0.103
   49   A   0.104   0.095   0.104
   50   F   0.099   0.098   0.101
   51   E   0.103   0.105   0.103
   52   A   0.098   0.104   0.100
   53   D   0.100   0.099   0.102
   54   A   0.104   0.100   0.103
   55   K   0.096   0.101   0.099
   56   M   0.103   0.099   0.103
   57   M   0.101   0.100   0.101
   58   V   0.102   0.100   0.101
   59   N   0.104   0.101   0.102
   60   T   0.102   0.098   0.102
   61   V   0.102   0.097   0.101
   62   C   0.104   0.104   0.102
   63   G   0.103   0.102   0.102
   64   I   0.101   0.100   0.101
   65   E   0.103   0.100   0.102
   66   C   0.104   0.098   0.102
   67   Q   0.100   0.101   0.100
   68   K   0.103   0.100   0.102
   69   E   0.101   0.103   0.101
   70   L   0.102   0.103   0.101
# Measure  Position  Value    Cutoff   signal peptide?
  max. C    21       0.445
  max. Y    21       0.540
  max. S     2       0.834
  mean S     1-20    0.689
       D     1-20    0.599   0.500   YES
Name=PRS35_HUMAN	SP='YES' Cleavage site between pos. 20 and 21: IDG-SE D=0.599 D-cutoff=0.500 Networks=SignalP-TM
