# SignalP-4.1 euk predictions
# Name=PTH_HUMAN	Length=70	Networks=SignalP-noTM
# pos  aa    C       S       Y
    1   M   0.101   0.223   0.150
    2   R   0.103   0.366   0.151
    3   P   0.106   0.292   0.156
    4   G   0.104   0.255   0.156
    5   G   0.102   0.182   0.154
    6   F   0.100   0.140   0.152
    7   L   0.104   0.131   0.154
    8   G   0.106   0.127   0.154
    9   A   0.099   0.112   0.147
   10   G   0.103   0.097   0.149
   11   Q   0.103   0.108   0.147
   12   R   0.104   0.106   0.146
   13   L   0.102   0.116   0.142
   14   S   0.103   0.117   0.141
   15   R   0.095   0.123   0.134
   16   A   0.106   0.143   0.140
   17   M   0.121   0.122   0.148
   18   S   0.101   0.125   0.134
   19   R   0.121   0.111   0.144
   20   C   0.102   0.111   0.130
   21   V   0.099   0.120   0.127
   22   L   0.092   0.115   0.120
   23   E   0.104   0.114   0.126
   24   P   0.100   0.108   0.121
   25   R   0.107   0.100   0.120
   26   P   0.109   0.102   0.117
   27   P   0.106   0.109   0.112
   28   G   0.105   0.108   0.110
   29   K   0.101   0.111   0.108
   30   R   0.103   0.104   0.108
   31   W   0.100   0.099   0.106
   32   M   0.102   0.108   0.107
   33   V   0.104   0.102   0.108
   34   A   0.108   0.104   0.110
   35   G   0.100   0.102   0.106
   36   L   0.101   0.102   0.106
   37   G   0.103   0.101   0.107
   38   N   0.103   0.100   0.106
   39   P   0.103   0.092   0.106
   40   G   0.102   0.103   0.104
   41   L   0.105   0.103   0.105
   42   P   0.107   0.109   0.106
   43   G   0.106   0.118   0.106
   44   T   0.101   0.117   0.103
   45   R   0.101   0.119   0.103
   46   H   0.102   0.126   0.104
   47   S   0.105   0.110   0.106
   48   V   0.103   0.112   0.105
   49   G   0.102   0.117   0.105
   50   M   0.104   0.112   0.106
   51   A   0.102   0.107   0.105
   52   V   0.095   0.109   0.101
   53   L   0.109   0.103   0.108
   54   G   0.104   0.114   0.106
   55   Q   0.099   0.110   0.103
   56   L   0.112   0.104   0.110
   57   A   0.104   0.094   0.106
   58   R   0.095   0.100   0.102
   59   R   0.109   0.094   0.109
   60   L   0.102   0.097   0.105
   61   G   0.109   0.097   0.109
   62   V   0.103   0.099   0.106
   63   A   0.103   0.101   0.105
   64   E   0.101   0.099   0.104
   65   S   0.102   0.102   0.104
   66   W   0.107   0.101   0.107
   67   T   0.106   0.102   0.106
   68   R   0.099   0.105   0.102
   69   D   0.098   0.101   0.101
   70   R   0.101   0.100   0.102
# Measure  Position  Value    Cutoff   signal peptide?
  max. C    19       0.121
  max. Y    17       0.148
  max. S     2       0.366
  mean S     1-16    0.165
       D     1-16    0.157   0.450   NO
Name=PTH_HUMAN	SP='NO' D=0.157 D-cutoff=0.450 Networks=SignalP-noTM
