# SignalP-4.1 euk predictions
# Name=PTHR_HUMAN	Length=70	Networks=SignalP-TM
# pos  aa    C       S       Y
    1   M   0.103   0.484   0.223
    2   Q   0.102   0.513   0.222
    3   R   0.102   0.541   0.222
    4   R   0.102   0.553   0.224
    5   L   0.104   0.481   0.227
    6   V   0.103   0.524   0.225
    7   Q   0.102   0.581   0.225
    8   Q   0.103   0.656   0.228
    9   W   0.098   0.643   0.225
   10   S   0.103   0.572   0.233
   11   V   0.102   0.590   0.233
   12   A   0.100   0.481   0.233
   13   V   0.097   0.458   0.229
   14   F   0.099   0.494   0.232
   15   L   0.101   0.512   0.234
   16   L   0.102   0.570   0.236
   17   S   0.101   0.492   0.235
   18   Y   0.103   0.504   0.236
   19   A   0.101   0.586   0.233
   20   V   0.146   0.323   0.283
   21   P   0.103   0.447   0.234
   22   S   0.148   0.274   0.279
   23   C   0.104   0.433   0.227
   24   G   0.113   0.494   0.233
   25   R   0.485   0.208   0.480
   26   S   0.133   0.180   0.244
   27   V   0.182   0.117   0.279
   28   E   0.103   0.114   0.203
   29   G   0.105   0.126   0.199
   30   L   0.158   0.110   0.234
   31   S   0.105   0.109   0.182
   32   R   0.107   0.103   0.175
   33   R   0.106   0.101   0.165
   34   L   0.102   0.100   0.151
   35   K   0.106   0.097   0.148
   36   R   0.105   0.096   0.139
   37   A   0.105   0.097   0.134
   38   V   0.103   0.094   0.123
   39   S   0.104   0.094   0.111
   40   E   0.101   0.096   0.106
   41   H   0.100   0.096   0.102
   42   Q   0.103   0.095   0.103
   43   L   0.102   0.096   0.102
   44   L   0.099   0.096   0.099
   45   H   0.104   0.098   0.101
   46   D   0.103   0.095   0.100
   47   K   0.104   0.086   0.100
   48   G   0.105   0.091   0.100
   49   K   0.099   0.092   0.097
   50   S   0.104   0.097   0.099
   51   I   0.101   0.099   0.098
   52   Q   0.098   0.097   0.096
   53   D   0.100   0.095   0.098
   54   L   0.100   0.099   0.098
   55   R   0.104   0.097   0.099
   56   R   0.102   0.095   0.099
   57   R   0.105   0.095   0.100
   58   F   0.101   0.098   0.098
   59   F   0.104   0.098   0.100
   60   L   0.104   0.096   0.100
   61   H   0.106   0.099   0.101
   62   H   0.103   0.098   0.100
   63   L   0.103   0.103   0.100
   64   I   0.104   0.103   0.101
   65   A   0.103   0.108   0.101
   66   E   0.098   0.101   0.098
   67   I   0.102   0.103   0.100
   68   H   0.099   0.097   0.099
   69   T   0.103   0.104   0.101
   70   A   0.102   0.100   0.101
# Measure  Position  Value    Cutoff   signal peptide?
  max. C    25       0.485
  max. Y    25       0.480
  max. S     8       0.656
  mean S     1-24    0.509
       D     1-24    0.492   0.500   NO
Name=PTHR_HUMAN	SP='NO' D=0.492 D-cutoff=0.500 Networks=SignalP-TM
