# SignalP-4.1 euk predictions
# Name=PVR_HUMAN	Length=70	Networks=SignalP-TM
# pos  aa    C       S       Y
    1   M   0.103   0.887   0.302
    2   A   0.103   0.901   0.303
    3   R   0.099   0.920   0.297
    4   A   0.105   0.942   0.306
    5   M   0.101   0.960   0.300
    6   A   0.107   0.962   0.310
    7   A   0.103   0.962   0.305
    8   A   0.102   0.960   0.304
    9   W   0.100   0.960   0.303
   10   P   0.102   0.966   0.307
   11   L   0.103   0.966   0.309
   12   L   0.105   0.980   0.313
   13   L   0.103   0.984   0.311
   14   V   0.105   0.978   0.314
   15   A   0.105   0.970   0.315
   16   L   0.114   0.959   0.330
   17   L   0.108   0.961   0.322
   18   V   0.106   0.959   0.320
   19   L   0.104   0.963   0.317
   20   S   0.113   0.959   0.330
   21   W   0.368   0.909   0.596
   22   P   0.106   0.866   0.320
   23   P   0.133   0.811   0.356
   24   P   0.099   0.866   0.306
   25   G   0.104   0.876   0.312
   26   T   0.120   0.791   0.334
   27   G   0.148   0.712   0.369
   28   D   0.882   0.264   0.890
   29   V   0.192   0.171   0.404
   30   V   0.105   0.145   0.288
   31   V   0.106   0.156   0.278
   32   Q   0.106   0.143   0.267
   33   A   0.107   0.128   0.256
   34   P   0.102   0.117   0.238
   35   T   0.107   0.107   0.231
   36   Q   0.103   0.104   0.212
   37   V   0.105   0.102   0.201
   38   P   0.101   0.098   0.184
   39   G   0.104   0.090   0.170
   40   F   0.102   0.087   0.151
   41   L   0.105   0.088   0.135
   42   G   0.102   0.098   0.114
   43   D   0.101   0.093   0.109
   44   S   0.103   0.092   0.107
   45   V   0.102   0.078   0.105
   46   T   0.104   0.078   0.103
   47   L   0.103   0.088   0.100
   48   P   0.102   0.081   0.098
   49   C   0.102   0.082   0.097
   50   Y   0.103   0.084   0.096
   51   L   0.100   0.087   0.094
   52   Q   0.103   0.087   0.095
   53   V   0.101   0.092   0.094
   54   P   0.101   0.088   0.094
   55   N   0.104   0.096   0.095
   56   M   0.100   0.102   0.093
   57   E   0.100   0.102   0.094
   58   V   0.103   0.097   0.095
   59   T   0.101   0.100   0.094
   60   H   0.102   0.098   0.096
   61   V   0.102   0.101   0.097
   62   S   0.103   0.101   0.098
   63   Q   0.100   0.101   0.097
   64   L   0.101   0.101   0.098
   65   T   0.106   0.098   0.101
   66   W   0.103   0.100   0.100
   67   A   0.101   0.104   0.100
   68   R   0.098   0.103   0.099
   69   H   0.106   0.102   0.103
   70   G   0.101   0.101   0.101
# Measure  Position  Value    Cutoff   signal peptide?
  max. C    28       0.882
  max. Y    28       0.890
  max. S    13       0.984
  mean S     1-27    0.923
       D     1-27    0.904   0.500   YES
Name=PVR_HUMAN	SP='YES' Cleavage site between pos. 27 and 28: GTG-DV D=0.904 D-cutoff=0.500 Networks=SignalP-TM
