# SignalP-4.1 euk predictions
# Name=RAB13_HUMAN	Length=70	Networks=SignalP-noTM
# pos  aa    C       S       Y
    1   M   0.103   0.235   0.156
    2   A   0.103   0.244   0.156
    3   K   0.099   0.286   0.152
    4   A   0.104   0.317   0.157
    5   Y   0.101   0.270   0.156
    6   D   0.106   0.259   0.160
    7   H   0.099   0.267   0.156
    8   L   0.103   0.220   0.159
    9   F   0.101   0.253   0.157
   10   K   0.100   0.228   0.156
   11   L   0.106   0.245   0.161
   12   L   0.103   0.208   0.159
   13   L   0.105   0.254   0.160
   14   I   0.104   0.249   0.160
   15   G   0.100   0.230   0.157
   16   D   0.101   0.215   0.158
   17   S   0.102   0.243   0.158
   18   G   0.101   0.194   0.157
   19   V   0.096   0.192   0.153
   20   G   0.095   0.212   0.151
   21   K   0.122   0.127   0.171
   22   T   0.107   0.102   0.159
   23   C   0.123   0.100   0.168
   24   L   0.107   0.087   0.155
   25   I   0.114   0.083   0.157
   26   I   0.101   0.080   0.144
   27   R   0.099   0.100   0.140
   28   F   0.105   0.102   0.141
   29   A   0.103   0.104   0.137
   30   E   0.098   0.096   0.130
   31   D   0.104   0.094   0.133
   32   N   0.100   0.094   0.127
   33   F   0.101   0.095   0.125
   34   N   0.100   0.099   0.122
   35   N   0.102   0.096   0.121
   36   T   0.098   0.089   0.116
   37   Y   0.102   0.095   0.115
   38   I   0.102   0.096   0.112
   39   S   0.099   0.088   0.108
   40   T   0.098   0.090   0.104
   41   I   0.103   0.090   0.104
   42   G   0.098   0.091   0.099
   43   I   0.096   0.092   0.095
   44   D   0.101   0.099   0.097
   45   F   0.098   0.098   0.096
   46   K   0.103   0.098   0.098
   47   I   0.097   0.096   0.096
   48   R   0.099   0.096   0.097
   49   T   0.106   0.095   0.101
   50   V   0.100   0.096   0.098
   51   D   0.102   0.098   0.098
   52   I   0.099   0.106   0.097
   53   E   0.097   0.109   0.096
   54   G   0.099   0.110   0.097
   55   K   0.107   0.107   0.102
   56   K   0.102   0.098   0.099
   57   I   0.100   0.106   0.099
   58   K   0.100   0.100   0.099
   59   L   0.103   0.100   0.101
   60   Q   0.101   0.101   0.100
   61   V   0.102   0.100   0.100
   62   W   0.100   0.102   0.100
   63   D   0.102   0.103   0.101
   64   T   0.098   0.101   0.099
   65   A   0.105   0.100   0.103
   66   G   0.098   0.103   0.099
   67   Q   0.096   0.102   0.099
   68   E   0.097   0.101   0.099
   69   R   0.098   0.103   0.100
   70   F   0.103   0.101   0.103
# Measure  Position  Value    Cutoff   signal peptide?
  max. C    23       0.123
  max. Y    21       0.171
  max. S     4       0.317
  mean S     1-20    0.241
       D     1-20    0.209   0.450   NO
Name=RAB13_HUMAN	SP='NO' D=0.209 D-cutoff=0.450 Networks=SignalP-noTM
