# SignalP-4.1 euk predictions
# Name=RAI2_HUMAN	Length=70	Networks=SignalP-TM
# pos  aa    C       S       Y
    1   M   0.101   0.117   0.109
    2   D   0.102   0.099   0.109
    3   D   0.102   0.096   0.109
    4   L   0.102   0.087   0.108
    5   Q   0.103   0.096   0.107
    6   S   0.103   0.096   0.106
    7   Q   0.101   0.107   0.105
    8   N   0.101   0.101   0.105
    9   L   0.099   0.092   0.103
   10   S   0.100   0.092   0.103
   11   M   0.098   0.082   0.101
   12   D   0.101   0.080   0.101
   13   M   0.099   0.090   0.099
   14   T   0.100   0.098   0.098
   15   D   0.102   0.097   0.098
   16   S   0.101   0.100   0.097
   17   P   0.098   0.106   0.096
   18   P   0.102   0.109   0.098
   19   A   0.100   0.104   0.098
   20   L   0.097   0.109   0.097
   21   A   0.103   0.107   0.100
   22   N   0.166   0.109   0.127
   23   N   0.105   0.108   0.102
   24   R   0.103   0.111   0.101
   25   L   0.105   0.105   0.103
   26   E   0.106   0.106   0.104
   27   N   0.102   0.096   0.103
   28   G   0.104   0.094   0.104
   29   M   0.100   0.098   0.102
   30   A   0.106   0.096   0.105
   31   Q   0.109   0.100   0.107
   32   L   0.101   0.094   0.103
   33   I   0.099   0.091   0.101
   34   T   0.103   0.095   0.102
   35   T   0.103   0.106   0.102
   36   E   0.104   0.108   0.103
   37   A   0.103   0.107   0.102
   38   W   0.102   0.102   0.101
   39   N   0.102   0.105   0.101
   40   I   0.100   0.105   0.100
   41   N   0.102   0.102   0.101
   42   S   0.102   0.102   0.101
   43   T   0.101   0.107   0.101
   44   D   0.104   0.098   0.103
   45   L   0.101   0.106   0.102
   46   V   0.102   0.099   0.102
   47   K   0.101   0.102   0.101
   48   K   0.102   0.098   0.103
   49   A   0.103   0.100   0.103
   50   L   0.101   0.101   0.102
   51   V   0.105   0.095   0.104
   52   T   0.099   0.096   0.100
   53   V   0.105   0.088   0.103
   54   P   0.102   0.092   0.101
   55   A   0.103   0.091   0.101
   56   P   0.098   0.094   0.098
   57   S   0.102   0.100   0.100
   58   I   0.100   0.096   0.099
   59   L   0.100   0.099   0.099
   60   N   0.100   0.103   0.098
   61   P   0.100   0.099   0.098
   62   P   0.105   0.103   0.101
   63   A   0.106   0.104   0.101
   64   E   0.101   0.107   0.099
   65   S   0.102   0.113   0.100
   66   Q   0.117   0.110   0.107
   67   S   0.103   0.109   0.101
   68   G   0.102   0.108   0.102
   69   M   0.100   0.105   0.101
   70   A   0.106   0.105   0.105
# Measure  Position  Value    Cutoff   signal peptide?
  max. C    22       0.166
  max. Y    22       0.127
  max. S     1       0.117
  mean S     1-21    0.098
       D     1-21    0.116   0.500   NO
Name=RAI2_HUMAN	SP='NO' D=0.116 D-cutoff=0.500 Networks=SignalP-TM
