# SignalP-4.1 euk predictions
# Name=RASF2_HUMAN	Length=70	Networks=SignalP-noTM
# pos  aa    C       S       Y
    1   M   0.100   0.088   0.094
    2   D   0.102   0.084   0.095
    3   Y   0.100   0.092   0.093
    4   S   0.103   0.102   0.095
    5   H   0.101   0.116   0.094
    6   Q   0.100   0.101   0.095
    7   T   0.099   0.103   0.094
    8   S   0.099   0.098   0.095
    9   L   0.099   0.094   0.095
   10   V   0.099   0.082   0.095
   11   P   0.099   0.072   0.095
   12   C   0.105   0.071   0.097
   13   G   0.098   0.075   0.094
   14   Q   0.099   0.079   0.094
   15   D   0.103   0.079   0.096
   16   K   0.094   0.084   0.091
   17   Y   0.097   0.079   0.093
   18   I   0.097   0.067   0.092
   19   S   0.098   0.079   0.092
   20   K   0.099   0.086   0.093
   21   N   0.105   0.094   0.096
   22   E   0.100   0.091   0.093
   23   L   0.099   0.093   0.093
   24   L   0.102   0.090   0.094
   25   L   0.103   0.088   0.095
   26   H   0.104   0.092   0.095
   27   L   0.104   0.096   0.095
   28   K   0.107   0.084   0.096
   29   T   0.104   0.083   0.094
   30   Y   0.102   0.092   0.093
   31   N   0.099   0.089   0.091
   32   L   0.097   0.084   0.090
   33   Y   0.095   0.086   0.089
   34   Y   0.096   0.086   0.090
   35   E   0.100   0.095   0.092
   36   G   0.100   0.105   0.093
   37   Q   0.102   0.095   0.094
   38   N   0.101   0.103   0.094
   39   L   0.097   0.098   0.093
   40   Q   0.097   0.109   0.093
   41   L   0.102   0.099   0.097
   42   R   0.105   0.107   0.099
   43   H   0.104   0.102   0.099
   44   R   0.103   0.108   0.098
   45   E   0.106   0.099   0.100
   46   E   0.099   0.104   0.097
   47   E   0.094   0.099   0.095
   48   D   0.100   0.099   0.098
   49   E   0.094   0.100   0.095
   50   F   0.101   0.097   0.099
   51   I   0.101   0.097   0.099
   52   V   0.106   0.103   0.102
   53   E   0.107   0.091   0.102
   54   G   0.104   0.090   0.101
   55   L   0.098   0.097   0.098
   56   L   0.106   0.098   0.102
   57   N   0.106   0.099   0.103
   58   I   0.102   0.100   0.101
   59   S   0.107   0.098   0.103
   60   W   0.107   0.097   0.104
   61   G   0.103   0.092   0.101
   62   L   0.095   0.094   0.097
   63   R   0.099   0.094   0.099
   64   R   0.099   0.097   0.098
   65   P   0.100   0.097   0.099
   66   I   0.099   0.099   0.098
   67   R   0.105   0.101   0.101
   68   L   0.105   0.102   0.101
   69   Q   0.095   0.101   0.096
   70   M   0.102   0.101   0.100
# Measure  Position  Value    Cutoff   signal peptide?
  max. C    60       0.107
  max. Y    60       0.104
  max. S     5       0.116
  mean S     1-59    0.093
       D     1-59    0.098   0.450   NO
Name=RASF2_HUMAN	SP='NO' D=0.098 D-cutoff=0.450 Networks=SignalP-noTM
