# SignalP-4.1 euk predictions
# Name=RETR3_HUMAN	Length=70	Networks=SignalP-noTM
# pos  aa    C       S       Y
    1   M   0.103   0.098   0.101
    2   A   0.104   0.107   0.101
    3   E   0.100   0.101   0.099
    4   A   0.104   0.092   0.101
    5   E   0.106   0.105   0.102
    6   G   0.105   0.098   0.102
    7   V   0.102   0.102   0.100
    8   P   0.105   0.095   0.102
    9   T   0.105   0.094   0.102
   10   T   0.101   0.086   0.100
   11   P   0.103   0.079   0.100
   12   G   0.107   0.072   0.102
   13   P   0.099   0.077   0.097
   14   A   0.106   0.076   0.100
   15   S   0.098   0.096   0.096
   16   G   0.102   0.099   0.098
   17   S   0.121   0.108   0.107
   18   T   0.103   0.107   0.098
   19   F   0.103   0.106   0.099
   20   R   0.101   0.108   0.098
   21   G   0.101   0.105   0.098
   22   R   0.103   0.103   0.099
   23   R   0.105   0.101   0.101
   24   D   0.109   0.100   0.102
   25   V   0.101   0.100   0.098
   26   S   0.099   0.104   0.097
   27   G   0.103   0.104   0.099
   28   S   0.100   0.101   0.098
   29   W   0.101   0.103   0.099
   30   E   0.099   0.103   0.098
   31   R   0.100   0.100   0.098
   32   D   0.103   0.099   0.100
   33   Q   0.104   0.098   0.101
   34   Q   0.104   0.102   0.101
   35   V   0.103   0.106   0.102
   36   E   0.103   0.101   0.102
   37   A   0.107   0.096   0.105
   38   A   0.100   0.102   0.101
   39   Q   0.097   0.106   0.100
   40   R   0.105   0.096   0.104
   41   A   0.101   0.089   0.101
   42   L   0.098   0.094   0.100
   43   V   0.106   0.088   0.103
   44   E   0.102   0.091   0.101
   45   V   0.107   0.087   0.103
   46   L   0.101   0.093   0.100
   47   G   0.107   0.086   0.103
   48   P   0.100   0.090   0.099
   49   Y   0.104   0.095   0.101
   50   E   0.101   0.093   0.099
   51   P   0.102   0.091   0.099
   52   L   0.103   0.098   0.099
   53   L   0.105   0.108   0.100
   54   S   0.104   0.101   0.100
   55   R   0.101   0.112   0.098
   56   V   0.104   0.108   0.100
   57   Q   0.103   0.109   0.100
   58   A   0.110   0.103   0.103
   59   A   0.103   0.101   0.100
   60   L   0.102   0.103   0.099
   61   V   0.103   0.100   0.100
   62   W   0.096   0.099   0.097
   63   E   0.104   0.096   0.100
   64   R   0.100   0.100   0.099
   65   P   0.108   0.096   0.103
   66   A   0.105   0.101   0.102
   67   R   0.092   0.102   0.095
   68   S   0.107   0.107   0.103
   69   A   0.117   0.105   0.108
   70   L   0.101   0.104   0.101
# Measure  Position  Value    Cutoff   signal peptide?
  max. C    17       0.121
  max. Y    69       0.108
  max. S    55       0.112
  mean S     1-68    0.098
       D     1-68    0.103   0.450   NO
Name=RETR3_HUMAN	SP='NO' D=0.103 D-cutoff=0.450 Networks=SignalP-noTM
