# SignalP-4.1 euk predictions
# Name=REV3L_HUMAN	Length=70	Networks=SignalP-TM
# pos  aa    C       S       Y
    1   M   0.101   0.248   0.159
    2   F   0.102   0.205   0.159
    3   S   0.103   0.188   0.159
    4   V   0.100   0.189   0.155
    5   R   0.103   0.186   0.156
    6   I   0.103   0.183   0.155
    7   V   0.099   0.163   0.150
    8   T   0.104   0.160   0.152
    9   A   0.104   0.171   0.150
   10   D   0.107   0.147   0.150
   11   Y   0.102   0.164   0.143
   12   Y   0.099   0.145   0.139
   13   M   0.102   0.155   0.139
   14   A   0.103   0.148   0.137
   15   S   0.100   0.138   0.132
   16   P   0.102   0.142   0.131
   17   L   0.104   0.141   0.130
   18   Q   0.102   0.146   0.128
   19   G   0.103   0.137   0.127
   20   L   0.186   0.110   0.169
   21   D   0.104   0.112   0.124
   22   T   0.105   0.109   0.123
   23   C   0.116   0.109   0.127
   24   Q   0.100   0.108   0.117
   25   S   0.104   0.106   0.118
   26   P   0.107   0.098   0.117
   27   L   0.099   0.104   0.111
   28   T   0.102   0.108   0.111
   29   Q   0.103   0.108   0.111
   30   A   0.103   0.105   0.110
   31   P   0.101   0.103   0.107
   32   V   0.103   0.103   0.107
   33   K   0.099   0.096   0.104
   34   K   0.101   0.100   0.104
   35   V   0.100   0.100   0.102
   36   P   0.101   0.103   0.103
   37   V   0.105   0.097   0.104
   38   V   0.101   0.094   0.102
   39   R   0.105   0.094   0.103
   40   V   0.103   0.089   0.102
   41   F   0.102   0.084   0.101
   42   G   0.106   0.092   0.102
   43   A   0.104   0.100   0.101
   44   T   0.100   0.105   0.098
   45   P   0.108   0.097   0.102
   46   A   0.103   0.093   0.100
   47   G   0.101   0.101   0.098
   48   Q   0.101   0.096   0.099
   49   K   0.101   0.092   0.098
   50   T   0.102   0.097   0.099
   51   C   0.102   0.106   0.099
   52   L   0.103   0.123   0.099
   53   H   0.105   0.109   0.101
   54   L   0.102   0.104   0.100
   55   H   0.103   0.098   0.102
   56   G   0.103   0.089   0.102
   57   I   0.103   0.087   0.102
   58   F   0.102   0.085   0.101
   59   P   0.103   0.087   0.101
   60   Y   0.103   0.083   0.100
   61   L   0.101   0.092   0.099
   62   Y   0.102   0.081   0.099
   63   V   0.101   0.086   0.098
   64   P   0.098   0.093   0.096
   65   Y   0.102   0.101   0.098
   66   D   0.103   0.104   0.098
   67   G   0.101   0.106   0.097
   68   Y   0.097   0.104   0.095
   69   G   0.102   0.102   0.097
   70   Q   0.100   0.102   0.096
# Measure  Position  Value    Cutoff   signal peptide?
  max. C    20       0.186
  max. Y    20       0.169
  max. S     1       0.248
  mean S     1-19    0.166
       D     1-19    0.168   0.500   NO
Name=REV3L_HUMAN	SP='NO' D=0.168 D-cutoff=0.500 Networks=SignalP-TM
