# SignalP-4.1 euk predictions
# Name=RNAS2_HUMAN	Length=70	Networks=SignalP-TM
# pos  aa    C       S       Y
    1   M   0.102   0.877   0.299
    2   V   0.102   0.902   0.299
    3   P   0.102   0.925   0.300
    4   K   0.104   0.938   0.303
    5   L   0.101   0.931   0.299
    6   F   0.102   0.920   0.302
    7   T   0.103   0.893   0.303
    8   S   0.104   0.889   0.306
    9   Q   0.101   0.901   0.300
   10   I   0.103   0.920   0.304
   11   C   0.102   0.932   0.303
   12   L   0.100   0.935   0.301
   13   L   0.100   0.940   0.302
   14   L   0.101   0.908   0.304
   15   L   0.101   0.909   0.305
   16   L   0.101   0.901   0.304
   17   G   0.103   0.877   0.307
   18   L   0.109   0.873   0.316
   19   L   0.104   0.914   0.308
   20   A   0.105   0.940   0.309
   21   V   0.259   0.860   0.485
   22   E   0.109   0.840   0.315
   23   G   0.112   0.832   0.318
   24   S   0.430   0.576   0.622
   25   L   0.126   0.499   0.332
   26   H   0.169   0.446   0.378
   27   V   0.241   0.250   0.442
   28   K   0.142   0.165   0.329
   29   P   0.099   0.169   0.265
   30   P   0.109   0.151   0.267
   31   Q   0.107   0.132   0.253
   32   F   0.102   0.142   0.236
   33   T   0.100   0.132   0.222
   34   W   0.101   0.145   0.211
   35   A   0.101   0.118   0.197
   36   Q   0.147   0.107   0.220
   37   W   0.104   0.102   0.170
   38   F   0.099   0.105   0.149
   39   E   0.104   0.107   0.141
   40   T   0.104   0.102   0.130
   41   Q   0.102   0.104   0.118
   42   H   0.102   0.104   0.114
   43   I   0.101   0.107   0.111
   44   N   0.102   0.106   0.110
   45   M   0.099   0.102   0.107
   46   T   0.102   0.104   0.108
   47   S   0.104   0.101   0.107
   48   Q   0.102   0.107   0.105
   49   Q   0.103   0.102   0.104
   50   C   0.100   0.101   0.102
   51   T   0.100   0.103   0.102
   52   N   0.103   0.103   0.104
   53   A   0.101   0.101   0.102
   54   M   0.102   0.099   0.103
   55   Q   0.101   0.098   0.102
   56   V   0.100   0.091   0.102
   57   I   0.102   0.101   0.102
   58   N   0.103   0.101   0.102
   59   N   0.101   0.103   0.101
   60   Y   0.102   0.102   0.101
   61   Q   0.101   0.103   0.101
   62   R   0.102   0.104   0.102
   63   R   0.101   0.105   0.101
   64   C   0.103   0.102   0.102
   65   K   0.101   0.102   0.101
   66   N   0.103   0.103   0.102
   67   Q   0.101   0.100   0.101
   68   N   0.101   0.104   0.101
   69   T   0.102   0.104   0.102
   70   F   0.102   0.103   0.102
# Measure  Position  Value    Cutoff   signal peptide?
  max. C    24       0.430
  max. Y    24       0.622
  max. S    13       0.940
  mean S     1-23    0.902
       D     1-23    0.734   0.500   YES
Name=RNAS2_HUMAN	SP='YES' Cleavage site between pos. 23 and 24: VEG-SL D=0.734 D-cutoff=0.500 Networks=SignalP-TM
