# SignalP-4.1 euk predictions
# Name=RNF26_HUMAN	Length=70	Networks=SignalP-TM
# pos  aa    C       S       Y
    1   M   0.102   0.291   0.172
    2   E   0.103   0.317   0.173
    3   A   0.103   0.286   0.174
    4   V   0.099   0.280   0.170
    5   Y   0.104   0.258   0.174
    6   L   0.101   0.176   0.171
    7   V   0.101   0.130   0.169
    8   V   0.103   0.130   0.167
    9   N   0.106   0.108   0.165
   10   G   0.100   0.119   0.157
   11   L   0.101   0.124   0.153
   12   G   0.106   0.050   0.153
   13   L   0.099   0.047   0.142
   14   V   0.102   0.058   0.138
   15   L   0.100   0.052   0.130
   16   D   0.106   0.038   0.127
   17   V   0.105   0.037   0.118
   18   L   0.102   0.036   0.108
   19   T   0.104   0.025   0.100
   20   L   0.128   0.022   0.102
   21   V   0.101   0.019   0.084
   22   L   0.102   0.016   0.079
   23   D   0.104   0.017   0.075
   24   L   0.109   0.015   0.072
   25   N   0.107   0.015   0.065
   26   F   0.103   0.016   0.057
   27   L   0.102   0.016   0.055
   28   L   0.102   0.014   0.053
   29   V   0.101   0.016   0.049
   30   S   0.104   0.016   0.047
   31   S   0.103   0.014   0.045
   32   L   0.122   0.015   0.047
   33   L   0.107   0.018   0.043
   34   A   0.106   0.015   0.042
   35   S   0.143   0.013   0.048
   36   L   0.106   0.011   0.040
   37   A   0.103   0.011   0.039
   38   W   0.117   0.014   0.041
   39   L   0.102   0.014   0.038
   40   L   0.109   0.021   0.040
   41   A   0.103   0.042   0.039
   42   F   0.131   0.030   0.047
   43   V   0.101   0.031   0.042
   44   Y   0.105   0.036   0.045
   45   N   0.106   0.039   0.046
   46   L   0.122   0.033   0.052
   47   P   0.102   0.053   0.049
   48   H   0.108   0.051   0.053
   49   T   0.099   0.049   0.053
   50   V   0.107   0.051   0.058
   51   L   0.103   0.081   0.059
   52   T   0.111   0.107   0.066
   53   S   0.132   0.093   0.077
   54   L   0.105   0.092   0.073
   55   L   0.103   0.111   0.076
   56   H   0.099   0.122   0.078
   57   L   0.103   0.177   0.084
   58   G   0.105   0.137   0.091
   59   R   0.101   0.139   0.093
   60   G   0.107   0.121   0.100
   61   V   0.101   0.122   0.100
   62   L   0.103   0.123   0.103
   63   L   0.101   0.143   0.105
   64   S   0.101   0.128   0.108
   65   L   0.102   0.149   0.111
   66   L   0.103   0.191   0.114
   67   A   0.101   0.157   0.115
   68   L   0.100   0.146   0.117
   69   I   0.103   0.123   0.120
   70   E   0.099   0.087   0.118
# Measure  Position  Value    Cutoff   signal peptide?
  max. C    35       0.143
  max. Y    12       0.153
  max. S     2       0.317
  mean S     1-11    0.202
       D     1-11    0.173   0.500   NO
Name=RNF26_HUMAN	SP='NO' D=0.173 D-cutoff=0.500 Networks=SignalP-TM
