# SignalP-4.1 euk predictions
# Name=RPAB4_HUMAN	Length=58	Networks=SignalP-TM
# pos  aa    C       S       Y
    1   M   0.101   0.115   0.108
    2   D   0.102   0.115   0.108
    3   T   0.103   0.108   0.109
    4   Q   0.102   0.124   0.108
    5   K   0.102   0.116   0.108
    6   D   0.100   0.110   0.107
    7   V   0.101   0.102   0.108
    8   Q   0.100   0.090   0.106
    9   P   0.103   0.091   0.107
   10   P   0.099   0.083   0.104
   11   K   0.105   0.073   0.106
   12   Q   0.104   0.050   0.104
   13   Q   0.099   0.071   0.100
   14   P   0.101   0.077   0.099
   15   M   0.101   0.076   0.098
   16   I   0.102   0.083   0.097
   17   Y   0.102   0.087   0.096
   18   I   0.101   0.098   0.094
   19   C   0.101   0.095   0.093
   20   G   0.101   0.104   0.092
   21   E   0.099   0.109   0.091
   22   C   0.101   0.102   0.093
   23   H   0.101   0.107   0.093
   24   T   0.102   0.108   0.094
   25   E   0.106   0.101   0.097
   26   N   0.102   0.106   0.096
   27   E   0.100   0.112   0.097
   28   I   0.103   0.110   0.100
   29   K   0.098   0.111   0.099
   30   S   0.100   0.114   0.101
   31   R   0.107   0.111   0.106
   32   D   0.104   0.117   0.105
   33   P   0.101   0.114   0.104
   34   I   0.102   0.119   0.106
   35   R   0.101   0.112   0.106
   36   C   0.104   0.119   0.107
   37   R   0.102   0.111   0.107
   38   E   0.103   0.109   0.107
   39   C   0.102   0.105   0.107
   40   G   0.101   0.104   0.107
   41   Y   0.099   0.107   0.106
   42   R   0.101   0.102   0.106
   43   I   0.105   0.100   0.108
   44   M   0.104   0.103   0.107
   45   Y   0.103   0.099   0.106
   46   K   0.103   0.100   0.106
   47   K   0.101   0.098   0.104
   48   R   0.105   0.095   0.106
   49   T   0.103   0.097   0.104
   50   K   0.103   0.094   0.103
   51   R   0.104   0.096   0.103
   52   L   0.102   0.097   0.101
   53   V   0.103   0.099   0.101
   54   V   0.103   0.097   0.101
   55   F   0.106   0.097   0.102
   56   D   0.104   0.095   0.101
   57   A   0.103   0.099   0.100
   58   R   0.101   0.095   0.099
# Measure  Position  Value    Cutoff   signal peptide?
  max. C    31       0.107
  max. Y    43       0.108
  max. S     4       0.124
  mean S     1-42    0.102
       D     1-42    0.105   0.500   NO
Name=RPAB4_HUMAN	SP='NO' D=0.105 D-cutoff=0.500 Networks=SignalP-TM
