# SignalP-4.1 euk predictions
# Name=RPKL1_HUMAN	Length=70	Networks=SignalP-TM
# pos  aa    C       S       Y
    1   M   0.101   0.174   0.133
    2   S   0.102   0.152   0.133
    3   L   0.101   0.138   0.132
    4   V   0.104   0.142   0.132
    5   A   0.102   0.131   0.131
    6   C   0.100   0.113   0.128
    7   E   0.103   0.122   0.128
    8   C   0.102   0.129   0.126
    9   L   0.104   0.141   0.126
   10   P   0.099   0.164   0.122
   11   S   0.100   0.137   0.123
   12   P   0.103   0.199   0.123
   13   G   0.101   0.217   0.123
   14   L   0.101   0.170   0.124
   15   E   0.103   0.115   0.125
   16   P   0.103   0.105   0.123
   17   E   0.150   0.103   0.147
   18   P   0.100   0.112   0.119
   19   C   0.100   0.118   0.119
   20   S   0.103   0.131   0.120
   21   R   0.102   0.144   0.119
   22   A   0.109   0.109   0.125
   23   R   0.106   0.108   0.122
   24   S   0.105   0.108   0.120
   25   Q   0.105   0.104   0.119
   26   A   0.105   0.105   0.117
   27   H   0.099   0.106   0.111
   28   V   0.102   0.105   0.109
   29   Y   0.101   0.104   0.106
   30   L   0.102   0.105   0.107
   31   E   0.103   0.100   0.107
   32   Q   0.103   0.103   0.107
   33   I   0.104   0.098   0.107
   34   R   0.101   0.099   0.105
   35   N   0.105   0.094   0.106
   36   R   0.103   0.092   0.103
   37   V   0.104   0.093   0.103
   38   A   0.104   0.103   0.103
   39   L   0.102   0.102   0.102
   40   G   0.101   0.111   0.101
   41   V   0.108   0.107   0.104
   42   P   0.105   0.106   0.103
   43   D   0.102   0.102   0.102
   44   M   0.102   0.099   0.101
   45   T   0.103   0.099   0.102
   46   K   0.102   0.100   0.101
   47   R   0.100   0.098   0.100
   48   D   0.104   0.098   0.102
   49   Y   0.102   0.092   0.101
   50   L   0.102   0.097   0.101
   51   V   0.102   0.101   0.101
   52   D   0.104   0.101   0.102
   53   A   0.107   0.098   0.104
   54   A   0.098   0.100   0.099
   55   T   0.103   0.098   0.102
   56   Q   0.105   0.095   0.102
   57   I   0.101   0.097   0.100
   58   R   0.104   0.098   0.101
   59   L   0.107   0.099   0.102
   60   A   0.101   0.098   0.099
   61   L   0.099   0.099   0.098
   62   E   0.103   0.102   0.101
   63   R   0.099   0.102   0.098
   64   D   0.105   0.104   0.102
   65   V   0.100   0.105   0.100
   66   S   0.101   0.106   0.100
   67   E   0.102   0.105   0.101
   68   D   0.099   0.108   0.100
   69   Y   0.100   0.107   0.101
   70   E   0.101   0.107   0.101
# Measure  Position  Value    Cutoff   signal peptide?
  max. C    17       0.150
  max. Y    17       0.147
  max. S    13       0.217
  mean S     1-16    0.147
       D     1-16    0.147   0.500   NO
Name=RPKL1_HUMAN	SP='NO' D=0.147 D-cutoff=0.500 Networks=SignalP-TM
