# SignalP-4.1 euk predictions
# Name=RRAGD_HUMAN	Length=70	Networks=SignalP-noTM
# pos  aa    C       S       Y
    1   M   0.100   0.074   0.086
    2   S   0.103   0.079   0.088
    3   Q   0.100   0.078   0.086
    4   V   0.101   0.082   0.087
    5   L   0.101   0.092   0.087
    6   G   0.101   0.090   0.088
    7   K   0.103   0.092   0.089
    8   P   0.106   0.093   0.091
    9   Q   0.104   0.093   0.090
   10   P   0.102   0.091   0.090
   11   Q   0.100   0.090   0.089
   12   D   0.102   0.086   0.091
   13   E   0.096   0.083   0.088
   14   D   0.097   0.096   0.089
   15   D   0.100   0.099   0.091
   16   A   0.102   0.110   0.092
   17   E   0.098   0.116   0.092
   18   E   0.100   0.117   0.093
   19   E   0.099   0.114   0.094
   20   E   0.099   0.116   0.095
   21   E   0.099   0.114   0.096
   22   E   0.104   0.123   0.099
   23   D   0.106   0.116   0.101
   24   E   0.106   0.107   0.102
   25   L   0.105   0.107   0.102
   26   V   0.103   0.101   0.102
   27   G   0.107   0.098   0.105
   28   L   0.104   0.104   0.103
   29   A   0.103   0.105   0.103
   30   D   0.101   0.105   0.102
   31   Y   0.109   0.103   0.106
   32   G   0.096   0.097   0.100
   33   D   0.104   0.102   0.105
   34   G   0.106   0.099   0.106
   35   P   0.095   0.111   0.100
   36   D   0.102   0.106   0.105
   37   S   0.097   0.104   0.102
   38   S   0.099   0.115   0.103
   39   D   0.097   0.111   0.103
   40   A   0.097   0.115   0.102
   41   D   0.105   0.123   0.107
   42   P   0.106   0.113   0.107
   43   D   0.103   0.114   0.106
   44   S   0.108   0.111   0.108
   45   G   0.105   0.104   0.106
   46   T   0.098   0.110   0.103
   47   E   0.101   0.098   0.104
   48   E   0.104   0.105   0.106
   49   G   0.107   0.104   0.107
   50   V   0.098   0.099   0.102
   51   L   0.109   0.102   0.108
   52   D   0.108   0.098   0.107
   53   F   0.098   0.092   0.102
   54   S   0.105   0.088   0.106
   55   D   0.106   0.085   0.106
   56   P   0.104   0.084   0.104
   57   F   0.103   0.089   0.104
   58   S   0.104   0.096   0.104
   59   T   0.102   0.091   0.103
   60   E   0.100   0.098   0.101
   61   V   0.097   0.094   0.099
   62   K   0.094   0.101   0.097
   63   P   0.100   0.097   0.100
   64   R   0.103   0.099   0.101
   65   I   0.110   0.095   0.104
   66   L   0.102   0.096   0.100
   67   L   0.101   0.094   0.099
   68   M   0.104   0.094   0.100
   69   G   0.105   0.096   0.100
   70   L   0.106   0.098   0.101
# Measure  Position  Value    Cutoff   signal peptide?
  max. C    65       0.110
  max. Y    44       0.108
  max. S    22       0.123
  mean S     1-43    0.102
       D     1-43    0.105   0.450   NO
Name=RRAGD_HUMAN	SP='NO' D=0.105 D-cutoff=0.450 Networks=SignalP-noTM
