# SignalP-4.1 euk predictions
# Name=RRP44_HUMAN	Length=70	Networks=SignalP-TM
# pos  aa    C       S       Y
    1   M   0.102   0.091   0.096
    2   L   0.101   0.095   0.096
    3   K   0.102   0.094   0.096
    4   S   0.101   0.093   0.096
    5   K   0.102   0.112   0.097
    6   T   0.102   0.115   0.097
    7   F   0.102   0.115   0.098
    8   L   0.102   0.109   0.099
    9   K   0.100   0.093   0.099
   10   K   0.100   0.086   0.099
   11   T   0.102   0.102   0.100
   12   R   0.104   0.099   0.101
   13   A   0.104   0.113   0.102
   14   G   0.114   0.091   0.107
   15   G   0.099   0.096   0.100
   16   V   0.098   0.096   0.099
   17   M   0.100   0.102   0.101
   18   K   0.101   0.105   0.101
   19   I   0.100   0.107   0.101
   20   V   0.101   0.118   0.102
   21   R   0.103   0.123   0.103
   22   E   0.104   0.119   0.103
   23   H   0.099   0.117   0.101
   24   Y   0.101   0.113   0.103
   25   L   0.102   0.110   0.105
   26   R   0.098   0.110   0.103
   27   D   0.104   0.099   0.106
   28   D   0.104   0.100   0.106
   29   I   0.103   0.097   0.106
   30   G   0.105   0.095   0.106
   31   C   0.100   0.095   0.104
   32   G   0.104   0.096   0.106
   33   A   0.101   0.097   0.104
   34   P   0.098   0.092   0.102
   35   G   0.102   0.089   0.103
   36   C   0.099   0.093   0.100
   37   A   0.104   0.095   0.102
   38   A   0.100   0.096   0.099
   39   C   0.106   0.095   0.102
   40   G   0.102   0.092   0.099
   41   G   0.101   0.083   0.098
   42   A   0.103   0.080   0.098
   43   H   0.102   0.088   0.097
   44   E   0.102   0.087   0.097
   45   G   0.102   0.091   0.096
   46   P   0.101   0.095   0.096
   47   A   0.106   0.098   0.098
   48   L   0.103   0.107   0.097
   49   E   0.104   0.107   0.098
   50   P   0.099   0.102   0.096
   51   Q   0.107   0.105   0.100
   52   P   0.105   0.104   0.100
   53   Q   0.105   0.103   0.100
   54   D   0.105   0.099   0.101
   55   P   0.102   0.101   0.099
   56   A   0.102   0.102   0.100
   57   S   0.100   0.103   0.100
   58   S   0.104   0.104   0.102
   59   V   0.099   0.103   0.101
   60   C   0.103   0.103   0.103
   61   P   0.102   0.103   0.103
   62   Q   0.101   0.103   0.102
   63   P   0.106   0.100   0.105
   64   H   0.105   0.101   0.104
   65   Y   0.102   0.101   0.102
   66   L   0.104   0.103   0.103
   67   L   0.101   0.103   0.102
   68   P   0.103   0.104   0.103
   69   D   0.105   0.101   0.104
   70   T   0.105   0.101   0.104
# Measure  Position  Value    Cutoff   signal peptide?
  max. C    14       0.114
  max. Y    14       0.107
  max. S    21       0.123
  mean S     1-13    0.101
       D     1-13    0.105   0.500   NO
Name=RRP44_HUMAN	SP='NO' D=0.105 D-cutoff=0.500 Networks=SignalP-TM
