# SignalP-4.1 euk predictions
# Name=RYR3_HUMAN	Length=70	Networks=SignalP-TM
# pos  aa    C       S       Y
    1   M   0.103   0.091   0.097
    2   A   0.103   0.097   0.097
    3   E   0.099   0.107   0.095
    4   G   0.104   0.101   0.098
    5   G   0.103   0.109   0.098
    6   E   0.101   0.106   0.098
    7   G   0.104   0.114   0.100
    8   G   0.105   0.103   0.101
    9   E   0.099   0.096   0.099
   10   D   0.102   0.099   0.100
   11   E   0.103   0.070   0.101
   12   I   0.103   0.083   0.100
   13   Q   0.102   0.108   0.099
   14   F   0.104   0.096   0.101
   15   L   0.101   0.102   0.100
   16   R   0.104   0.094   0.102
   17   T   0.103   0.084   0.101
   18   E   0.102   0.097   0.100
   19   D   0.103   0.094   0.100
   20   E   0.101   0.099   0.098
   21   V   0.101   0.094   0.099
   22   V   0.102   0.099   0.098
   23   L   0.104   0.095   0.099
   24   Q   0.100   0.095   0.097
   25   C   0.101   0.100   0.097
   26   I   0.104   0.100   0.100
   27   A   0.100   0.107   0.099
   28   T   0.097   0.102   0.097
   29   I   0.103   0.110   0.100
   30   H   0.098   0.111   0.098
   31   K   0.099   0.116   0.099
   32   E   0.100   0.118   0.101
   33   Q   0.097   0.127   0.100
   34   R   0.102   0.113   0.104
   35   K   0.103   0.104   0.105
   36   F   0.098   0.107   0.102
   37   C   0.104   0.099   0.106
   38   L   0.103   0.100   0.105
   39   A   0.106   0.102   0.107
   40   A   0.112   0.096   0.110
   41   E   0.101   0.096   0.104
   42   G   0.101   0.092   0.104
   43   L   0.099   0.092   0.103
   44   G   0.106   0.093   0.105
   45   N   0.097   0.098   0.101
   46   R   0.104   0.101   0.103
   47   L   0.102   0.100   0.102
   48   C   0.104   0.099   0.102
   49   F   0.102   0.102   0.100
   50   L   0.101   0.110   0.100
   51   E   0.101   0.105   0.100
   52   P   0.103   0.112   0.101
   53   T   0.100   0.114   0.100
   54   S   0.102   0.128   0.101
   55   E   0.103   0.118   0.103
   56   A   0.099   0.109   0.102
   57   K   0.106   0.103   0.106
   58   Y   0.101   0.100   0.104
   59   I   0.100   0.102   0.104
   60   P   0.103   0.101   0.105
   61   P   0.105   0.102   0.106
   62   D   0.103   0.099   0.105
   63   L   0.102   0.099   0.105
   64   C   0.104   0.097   0.105
   65   V   0.098   0.099   0.102
   66   C   0.103   0.101   0.104
   67   N   0.101   0.096   0.103
   68   F   0.104   0.096   0.104
   69   V   0.104   0.095   0.103
   70   L   0.105   0.094   0.102
# Measure  Position  Value    Cutoff   signal peptide?
  max. C    40       0.112
  max. Y    40       0.110
  max. S    54       0.128
  mean S     1-39    0.101
       D     1-39    0.107   0.500   NO
Name=RYR3_HUMAN	SP='NO' D=0.107 D-cutoff=0.500 Networks=SignalP-TM
