# SignalP-4.1 euk predictions
# Name=S10A4_HUMAN	Length=70	Networks=SignalP-noTM
# pos  aa    C       S       Y
    1   M   0.104   0.113   0.109
    2   A   0.103   0.098   0.108
    3   C   0.099   0.097   0.105
    4   P   0.104   0.096   0.108
    5   L   0.101   0.104   0.106
    6   E   0.101   0.100   0.106
    7   K   0.104   0.106   0.107
    8   A   0.101   0.097   0.105
    9   L   0.098   0.097   0.103
   10   D   0.104   0.091   0.106
   11   V   0.099   0.091   0.103
   12   M   0.105   0.084   0.106
   13   V   0.102   0.080   0.104
   14   S   0.096   0.101   0.100
   15   T   0.102   0.095   0.102
   16   F   0.100   0.100   0.101
   17   H   0.097   0.103   0.099
   18   K   0.098   0.100   0.099
   19   Y   0.097   0.100   0.099
   20   S   0.097   0.115   0.098
   21   G   0.101   0.112   0.100
   22   K   0.136   0.117   0.117
   23   E   0.103   0.110   0.101
   24   G   0.096   0.109   0.098
   25   D   0.133   0.109   0.115
   26   K   0.100   0.106   0.100
   27   F   0.102   0.099   0.101
   28   K   0.104   0.106   0.102
   29   L   0.102   0.102   0.102
   30   N   0.107   0.100   0.104
   31   K   0.100   0.095   0.101
   32   S   0.103   0.092   0.102
   33   E   0.099   0.094   0.100
   34   L   0.107   0.093   0.104
   35   K   0.097   0.095   0.100
   36   E   0.098   0.090   0.100
   37   L   0.103   0.087   0.102
   38   L   0.102   0.086   0.102
   39   T   0.104   0.087   0.102
   40   R   0.105   0.086   0.103
   41   E   0.100   0.085   0.100
   42   L   0.098   0.084   0.098
   43   P   0.104   0.083   0.101
   44   S   0.100   0.086   0.098
   45   F   0.095   0.086   0.095
   46   L   0.101   0.097   0.097
   47   G   0.101   0.098   0.097
   48   K   0.095   0.092   0.094
   49   R   0.097   0.095   0.094
   50   T   0.102   0.092   0.097
   51   D   0.103   0.100   0.097
   52   E   0.101   0.096   0.096
   53   A   0.100   0.105   0.095
   54   A   0.095   0.103   0.093
   55   F   0.099   0.108   0.095
   56   Q   0.100   0.114   0.096
   57   K   0.099   0.102   0.096
   58   L   0.102   0.101   0.098
   59   M   0.098   0.101   0.096
   60   S   0.106   0.097   0.101
   61   N   0.100   0.103   0.098
   62   L   0.099   0.103   0.098
   63   D   0.103   0.103   0.100
   64   S   0.104   0.102   0.101
   65   N   0.098   0.103   0.098
   66   R   0.098   0.102   0.099
   67   D   0.101   0.103   0.101
   68   N   0.094   0.107   0.098
   69   E   0.099   0.104   0.100
   70   V   0.100   0.107   0.101
# Measure  Position  Value    Cutoff   signal peptide?
  max. C    22       0.136
  max. Y    22       0.117
  max. S    22       0.117
  mean S     1-21    0.099
       D     1-21    0.107   0.450   NO
Name=S10A4_HUMAN	SP='NO' D=0.107 D-cutoff=0.450 Networks=SignalP-noTM
