# SignalP-4.1 euk predictions
# Name=S35G5_HUMAN	Length=70	Networks=SignalP-TM
# pos  aa    C       S       Y
    1   M   0.103   0.100   0.102
    2   A   0.103   0.091   0.102
    3   G   0.099   0.086   0.099
    4   S   0.102   0.083   0.100
    5   H   0.101   0.091   0.099
    6   P   0.102   0.082   0.099
    7   Y   0.102   0.081   0.099
    8   F   0.100   0.085   0.097
    9   N   0.103   0.094   0.098
   10   L   0.101   0.100   0.097
   11   P   0.103   0.127   0.097
   12   D   0.102   0.102   0.098
   13   S   0.104   0.126   0.099
   14   T   0.102   0.113   0.099
   15   H   0.101   0.120   0.099
   16   P   0.102   0.126   0.100
   17   S   0.112   0.106   0.106
   18   P   0.099   0.111   0.101
   19   P   0.104   0.126   0.104
   20   S   0.103   0.118   0.105
   21   A   0.100   0.119   0.105
   22   P   0.098   0.119   0.105
   23   P   0.102   0.112   0.108
   24   S   0.103   0.123   0.109
   25   L   0.103   0.128   0.110
   26   R   0.102   0.131   0.110
   27   W   0.104   0.125   0.112
   28   H   0.102   0.123   0.111
   29   Q   0.102   0.111   0.111
   30   R   0.106   0.102   0.113
   31   C   0.104   0.108   0.111
   32   Q   0.101   0.110   0.110
   33   P   0.103   0.114   0.110
   34   S   0.104   0.134   0.110
   35   G   0.102   0.152   0.110
   36   A   0.099   0.162   0.110
   37   T   0.107   0.181   0.115
   38   N   0.104   0.194   0.116
   39   G   0.102   0.166   0.117
   40   L   0.103   0.151   0.118
   41   L   0.106   0.154   0.121
   42   V   0.103   0.153   0.120
   43   A   0.107   0.119   0.123
   44   L   0.101   0.134   0.120
   45   L   0.106   0.148   0.124
   46   G   0.106   0.158   0.125
   47   G   0.103   0.141   0.125
   48   G   0.102   0.134   0.125
   49   L   0.100   0.095   0.124
   50   P   0.105   0.163   0.125
   51   A   0.107   0.162   0.126
   52   G   0.100   0.136   0.122
   53   F   0.099   0.118   0.119
   54   V   0.102   0.110   0.120
   55   G   0.104   0.110   0.120
   56   P   0.098   0.109   0.115
   57   L   0.102   0.105   0.116
   58   S   0.106   0.122   0.118
   59   R   0.102   0.124   0.115
   60   M   0.103   0.126   0.115
   61   A   0.104   0.120   0.114
   62   Y   0.102   0.110   0.112
   63   Q   0.106   0.112   0.114
   64   G   0.103   0.109   0.112
   65   S   0.101   0.106   0.110
   66   N   0.102   0.102   0.109
   67   L   0.100   0.104   0.106
   68   P   0.102   0.102   0.107
   69   S   0.102   0.103   0.106
   70   L   0.105   0.101   0.108
# Measure  Position  Value    Cutoff   signal peptide?
  max. C    17       0.112
  max. Y    51       0.126
  max. S    38       0.194
  mean S     1-50    0.123
       D     1-50    0.125   0.500   NO
Name=S35G5_HUMAN	SP='NO' D=0.125 D-cutoff=0.500 Networks=SignalP-TM
