# SignalP-4.1 euk predictions
# Name=S6A18_HUMAN	Length=70	Networks=SignalP-noTM
# pos  aa    C       S       Y
    1   M   0.103   0.109   0.106
    2   A   0.106   0.100   0.107
    3   H   0.098   0.102   0.103
    4   A   0.105   0.096   0.107
    5   P   0.096   0.102   0.102
    6   E   0.104   0.092   0.106
    7   P   0.099   0.098   0.103
    8   D   0.105   0.105   0.105
    9   P   0.106   0.114   0.106
   10   A   0.106   0.110   0.106
   11   A   0.097   0.124   0.102
   12   C   0.101   0.160   0.104
   13   D   0.103   0.150   0.106
   14   L   0.100   0.142   0.106
   15   G   0.104   0.122   0.108
   16   D   0.102   0.117   0.107
   17   E   0.104   0.120   0.108
   18   R   0.102   0.129   0.108
   19   P   0.108   0.146   0.111
   20   K   0.101   0.139   0.108
   21   W   0.100   0.137   0.108
   22   D   0.103   0.127   0.111
   23   N   0.097   0.115   0.108
   24   K   0.103   0.122   0.111
   25   A   0.098   0.113   0.109
   26   Q   0.098   0.121   0.109
   27   Y   0.105   0.113   0.114
   28   L   0.100   0.121   0.111
   29   L   0.101   0.117   0.112
   30   S   0.103   0.130   0.114
   31   C   0.100   0.123   0.113
   32   T   0.104   0.102   0.115
   33   G   0.107   0.096   0.117
   34   F   0.101   0.095   0.112
   35   A   0.101   0.113   0.111
   36   V   0.095   0.105   0.107
   37   G   0.102   0.147   0.110
   38   L   0.133   0.116   0.127
   39   G   0.099   0.107   0.109
   40   N   0.128   0.090   0.124
   41   I   0.105   0.097   0.111
   42   W   0.101   0.099   0.108
   43   R   0.100   0.121   0.107
   44   F   0.111   0.120   0.112
   45   P   0.104   0.130   0.108
   46   Y   0.105   0.135   0.109
   47   L   0.105   0.140   0.110
   48   C   0.100   0.132   0.107
   49   Q   0.101   0.135   0.108
   50   T   0.103   0.130   0.110
   51   Y   0.109   0.101   0.113
   52   G   0.105   0.101   0.111
   53   G   0.096   0.126   0.105
   54   G   0.102   0.121   0.108
   55   A   0.103   0.120   0.110
   56   F   0.106   0.104   0.111
   57   L   0.103   0.104   0.110
   58   I   0.100   0.101   0.108
   59   P   0.096   0.100   0.106
   60   Y   0.107   0.098   0.111
   61   V   0.103   0.098   0.109
   62   I   0.105   0.093   0.109
   63   A   0.102   0.096   0.108
   64   L   0.229   0.096   0.161
   65   V   0.101   0.093   0.107
   66   F   0.102   0.096   0.107
   67   E   0.103   0.094   0.107
   68   G   0.102   0.094   0.106
   69   I   0.103   0.094   0.106
   70   P   0.108   0.096   0.107
# Measure  Position  Value    Cutoff   signal peptide?
  max. C    64       0.229
  max. Y    64       0.161
  max. S    12       0.160
  mean S     1-63    0.116
       D     1-63    0.137   0.450   NO
Name=S6A18_HUMAN	SP='NO' D=0.137 D-cutoff=0.450 Networks=SignalP-noTM
