# SignalP-4.1 euk predictions
# Name=SALL1_HUMAN	Length=70	Networks=SignalP-noTM
# pos  aa    C       S       Y
    1   M   0.101   0.144   0.121
    2   S   0.102   0.125   0.121
    3   R   0.098   0.115   0.119
    4   R   0.103   0.113   0.120
    5   K   0.105   0.110   0.122
    6   Q   0.101   0.111   0.119
    7   A   0.102   0.096   0.118
    8   K   0.100   0.102   0.116
    9   P   0.105   0.094   0.118
   10   Q   0.099   0.090   0.114
   11   H   0.104   0.084   0.116
   12   F   0.104   0.073   0.115
   13   Q   0.097   0.070   0.109
   14   S   0.100   0.087   0.109
   15   D   0.099   0.092   0.107
   16   P   0.103   0.090   0.108
   17   E   0.103   0.099   0.107
   18   V   0.103   0.104   0.106
   19   A   0.100   0.103   0.104
   20   S   0.094   0.106   0.100
   21   L   0.098   0.105   0.101
   22   P   0.098   0.110   0.100
   23   R   0.102   0.106   0.101
   24   R   0.104   0.107   0.102
   25   D   0.106   0.105   0.102
   26   G   0.106   0.105   0.102
   27   D   0.106   0.106   0.102
   28   T   0.103   0.119   0.100
   29   E   0.102   0.118   0.100
   30   K   0.105   0.120   0.102
   31   G   0.099   0.117   0.099
   32   Q   0.096   0.129   0.098
   33   P   0.105   0.121   0.104
   34   S   0.105   0.113   0.105
   35   R   0.099   0.117   0.102
   36   P   0.106   0.107   0.107
   37   T   0.102   0.112   0.105
   38   K   0.103   0.116   0.107
   39   S   0.106   0.114   0.109
   40   K   0.098   0.108   0.105
   41   D   0.105   0.109   0.109
   42   A   0.100   0.097   0.106
   43   H   0.097   0.094   0.104
   44   V   0.106   0.092   0.109
   45   C   0.104   0.096   0.107
   46   G   0.107   0.088   0.109
   47   R   0.096   0.094   0.103
   48   C   0.107   0.090   0.108
   49   C   0.104   0.090   0.106
   50   A   0.104   0.087   0.106
   51   E   0.094   0.091   0.100
   52   F   0.101   0.091   0.103
   53   F   0.102   0.091   0.103
   54   E   0.104   0.104   0.103
   55   L   0.100   0.110   0.101
   56   S   0.097   0.103   0.099
   57   D   0.101   0.103   0.100
   58   L   0.103   0.098   0.101
   59   L   0.104   0.094   0.101
   60   L   0.106   0.095   0.102
   61   H   0.105   0.094   0.101
   62   K   0.099   0.094   0.098
   63   K   0.104   0.091   0.100
   64   N   0.100   0.092   0.098
   65   C   0.100   0.095   0.097
   66   T   0.097   0.095   0.096
   67   K   0.095   0.097   0.095
   68   N   0.093   0.098   0.094
   69   Q   0.093   0.100   0.094
   70   L   0.097   0.105   0.096
# Measure  Position  Value    Cutoff   signal peptide?
  max. C    46       0.107
  max. Y    11       0.116
  max. S     1       0.144
  mean S     1-10    0.110
       D     1-10    0.113   0.450   NO
Name=SALL1_HUMAN	SP='NO' D=0.113 D-cutoff=0.450 Networks=SignalP-noTM
