# SignalP-4.1 euk predictions
# Name=SCN5A_HUMAN	Length=70	Networks=SignalP-noTM
# pos  aa    C       S       Y
    1   M   0.102   0.152   0.125
    2   A   0.103   0.170   0.125
    3   N   0.097   0.189   0.122
    4   F   0.103   0.215   0.126
    5   L   0.100   0.184   0.125
    6   L   0.105   0.131   0.129
    7   P   0.104   0.106   0.128
    8   R   0.102   0.112   0.126
    9   G   0.108   0.111   0.129
   10   T   0.098   0.100   0.122
   11   S   0.105   0.099   0.125
   12   S   0.101   0.106   0.122
   13   F   0.109   0.101   0.126
   14   R   0.095   0.098   0.117
   15   R   0.099   0.097   0.118
   16   F   0.102   0.095   0.119
   17   T   0.101   0.101   0.117
   18   R   0.101   0.103   0.116
   19   E   0.101   0.106   0.115
   20   S   0.095   0.098   0.111
   21   L   0.097   0.106   0.111
   22   A   0.105   0.108   0.114
   23   A   0.114   0.106   0.118
   24   I   0.103   0.105   0.111
   25   E   0.100   0.101   0.108
   26   K   0.103   0.098   0.108
   27   R   0.101   0.098   0.104
   28   M   0.105   0.107   0.104
   29   A   0.102   0.109   0.102
   30   E   0.097   0.106   0.100
   31   K   0.102   0.109   0.103
   32   Q   0.105   0.111   0.104
   33   A   0.103   0.113   0.103
   34   R   0.095   0.106   0.099
   35   G   0.104   0.101   0.104
   36   S   0.107   0.099   0.106
   37   T   0.099   0.103   0.101
   38   T   0.105   0.107   0.105
   39   L   0.105   0.104   0.105
   40   Q   0.101   0.105   0.103
   41   E   0.103   0.104   0.104
   42   S   0.104   0.106   0.104
   43   R   0.100   0.101   0.102
   44   E   0.107   0.102   0.106
   45   G   0.100   0.095   0.102
   46   L   0.094   0.103   0.099
   47   P   0.105   0.103   0.104
   48   E   0.101   0.103   0.103
   49   E   0.103   0.110   0.104
   50   E   0.100   0.105   0.102
   51   A   0.107   0.111   0.106
   52   P   0.098   0.110   0.101
   53   R   0.104   0.105   0.105
   54   P   0.104   0.096   0.104
   55   Q   0.104   0.092   0.104
   56   L   0.105   0.095   0.104
   57   D   0.105   0.099   0.104
   58   L   0.105   0.104   0.104
   59   Q   0.108   0.099   0.106
   60   A   0.107   0.105   0.105
   61   S   0.102   0.100   0.102
   62   K   0.101   0.100   0.102
   63   K   0.099   0.097   0.100
   64   L   0.102   0.098   0.102
   65   P   0.100   0.100   0.101
   66   D   0.103   0.098   0.102
   67   L   0.103   0.096   0.102
   68   Y   0.103   0.096   0.102
   69   G   0.101   0.098   0.101
   70   N   0.099   0.097   0.100
# Measure  Position  Value    Cutoff   signal peptide?
  max. C    23       0.114
  max. Y    13       0.126
  max. S     4       0.215
  mean S     1-12    0.140
       D     1-12    0.133   0.450   NO
Name=SCN5A_HUMAN	SP='NO' D=0.133 D-cutoff=0.450 Networks=SignalP-noTM
