# SignalP-4.1 euk predictions
# Name=SCOC_HUMAN	Length=70	Networks=SignalP-TM
# pos  aa    C       S       Y
    1   M   0.102   0.154   0.125
    2   R   0.101   0.133   0.125
    3   R   0.103   0.139   0.125
    4   R   0.103   0.128   0.125
    5   V   0.104   0.111   0.125
    6   F   0.101   0.118   0.121
    7   S   0.104   0.151   0.122
    8   S   0.102   0.138   0.121
    9   Q   0.101   0.142   0.120
   10   D   0.103   0.116   0.121
   11   W   0.099   0.126   0.117
   12   R   0.103   0.117   0.119
   13   A   0.102   0.113   0.117
   14   S   0.099   0.102   0.114
   15   G   0.101   0.119   0.113
   16   W   0.103   0.115   0.114
   17   D   0.103   0.102   0.113
   18   G   0.101   0.101   0.111
   19   M   0.099   0.106   0.109
   20   G   0.101   0.114   0.110
   21   F   0.101   0.124   0.110
   22   F   0.103   0.120   0.110
   23   S   0.103   0.128   0.109
   24   R   0.103   0.118   0.108
   25   R   0.102   0.109   0.108
   26   T   0.105   0.102   0.109
   27   F   0.103   0.097   0.107
   28   C   0.105   0.108   0.108
   29   G   0.116   0.103   0.114
   30   R   0.102   0.100   0.106
   31   S   0.103   0.096   0.106
   32   G   0.105   0.093   0.107
   33   R   0.100   0.094   0.104
   34   S   0.104   0.099   0.106
   35   C   0.100   0.102   0.103
   36   R   0.101   0.103   0.103
   37   G   0.104   0.106   0.104
   38   Q   0.108   0.102   0.105
   39   L   0.104   0.101   0.102
   40   V   0.102   0.101   0.101
   41   Q   0.101   0.105   0.101
   42   V   0.103   0.105   0.102
   43   S   0.099   0.098   0.100
   44   R   0.104   0.094   0.102
   45   P   0.104   0.091   0.102
   46   E   0.100   0.086   0.100
   47   V   0.105   0.081   0.102
   48   S   0.103   0.079   0.101
   49   A   0.102   0.087   0.099
   50   G   0.101   0.086   0.098
   51   S   0.106   0.089   0.100
   52   L   0.100   0.092   0.097
   53   L   0.104   0.092   0.098
   54   L   0.102   0.095   0.097
   55   P   0.103   0.097   0.097
   56   A   0.105   0.097   0.098
   57   P   0.105   0.102   0.097
   58   Q   0.109   0.105   0.099
   59   A   0.103   0.107   0.097
   60   E   0.099   0.102   0.096
   61   D   0.100   0.103   0.097
   62   H   0.098   0.104   0.096
   63   S   0.102   0.103   0.100
   64   S   0.100   0.104   0.099
   65   R   0.101   0.105   0.100
   66   I   0.104   0.105   0.102
   67   L   0.100   0.107   0.101
   68   Y   0.103   0.105   0.103
   69   P   0.101   0.107   0.102
   70   R   0.104   0.103   0.104
# Measure  Position  Value    Cutoff   signal peptide?
  max. C    29       0.116
  max. Y    12       0.119
  max. S     1       0.154
  mean S     1-11    0.132
       D     1-11    0.124   0.500   NO
Name=SCOC_HUMAN	SP='NO' D=0.124 D-cutoff=0.500 Networks=SignalP-TM
