# SignalP-4.1 euk predictions
# Name=SHRM1_HUMAN	Length=70	Networks=SignalP-noTM
# pos  aa    C       S       Y
    1   M   0.102   0.113   0.107
    2   E   0.105   0.142   0.109
    3   A   0.104   0.155   0.109
    4   L   0.098   0.136   0.107
    5   G   0.107   0.174   0.112
    6   P   0.096   0.154   0.108
    7   G   0.109   0.163   0.115
    8   G   0.101   0.125   0.112
    9   D   0.101   0.129   0.112
   10   R   0.102   0.114   0.113
   11   A   0.104   0.118   0.114
   12   S   0.098   0.137   0.111
   13   P   0.103   0.116   0.114
   14   A   0.101   0.127   0.113
   15   S   0.096   0.114   0.111
   16   S   0.101   0.120   0.113
   17   T   0.094   0.122   0.110
   18   S   0.103   0.109   0.115
   19   S   0.097   0.112   0.112
   20   L   0.098   0.125   0.112
   21   D   0.103   0.118   0.115
   22   L   0.105   0.106   0.116
   23   W   0.107   0.108   0.118
   24   H   0.103   0.105   0.115
   25   L   0.103   0.116   0.114
   26   S   0.103   0.117   0.113
   27   M   0.098   0.138   0.110
   28   R   0.104   0.148   0.113
   29   A   0.104   0.172   0.113
   30   D   0.102   0.134   0.112
   31   S   0.104   0.142   0.113
   32   A   0.113   0.131   0.118
   33   Y   0.104   0.129   0.114
   34   S   0.102   0.118   0.113
   35   S   0.118   0.106   0.121
   36   F   0.101   0.112   0.112
   37   S   0.103   0.103   0.112
   38   A   0.102   0.121   0.112
   39   A   0.102   0.105   0.112
   40   S   0.106   0.118   0.114
   41   G   0.102   0.107   0.112
   42   G   0.113   0.106   0.117
   43   P   0.102   0.107   0.111
   44   E   0.106   0.101   0.113
   45   P   0.102   0.111   0.111
   46   R   0.103   0.105   0.111
   47   T   0.106   0.107   0.113
   48   Q   0.104   0.103   0.112
   49   S   0.105   0.110   0.112
   50   P   0.102   0.101   0.110
   51   G   0.106   0.103   0.111
   52   T   0.101   0.100   0.107
   53   D   0.107   0.098   0.109
   54   L   0.106   0.095   0.108
   55   L   0.104   0.090   0.106
   56   P   0.104   0.098   0.105
   57   Y   0.110   0.099   0.108
   58   L   0.107   0.096   0.106
   59   D   0.108   0.095   0.106
   60   W   0.104   0.093   0.104
   61   D   0.102   0.093   0.102
   62   Y   0.097   0.091   0.099
   63   V   0.101   0.092   0.101
   64   R   0.099   0.095   0.099
   65   V   0.102   0.093   0.101
   66   V   0.097   0.095   0.098
   67   W   0.103   0.098   0.101
   68   G   0.101   0.097   0.099
   69   G   0.106   0.099   0.101
   70   P   0.101   0.099   0.099
# Measure  Position  Value    Cutoff   signal peptide?
  max. C    35       0.118
  max. Y    35       0.121
  max. S     5       0.174
  mean S     1-34    0.129
       D     1-34    0.125   0.450   NO
Name=SHRM1_HUMAN	SP='NO' D=0.125 D-cutoff=0.450 Networks=SignalP-noTM
