# SignalP-4.1 euk predictions
# Name=SIG15_HUMAN	Length=70	Networks=SignalP-noTM
# pos  aa    C       S       Y
    1   M   0.101   0.901   0.301
    2   E   0.101   0.895   0.302
    3   K   0.100   0.913   0.299
    4   S   0.102   0.916   0.303
    5   I   0.102   0.922   0.303
    6   W   0.098   0.899   0.298
    7   L   0.102   0.885   0.303
    8   L   0.102   0.875   0.303
    9   A   0.103   0.853   0.305
   10   C   0.097   0.878   0.295
   11   L   0.108   0.853   0.311
   12   A   0.101   0.846   0.300
   13   W   0.099   0.786   0.297
   14   V   0.099   0.812   0.297
   15   L   0.094   0.784   0.288
   16   P   0.103   0.918   0.301
   17   T   0.146   0.764   0.359
   18   G   0.105   0.721   0.303
   19   S   0.115   0.695   0.316
   20   F   0.221   0.482   0.435
   21   V   0.175   0.311   0.383
   22   R   0.155   0.157   0.355
   23   T   0.112   0.155   0.295
   24   K   0.179   0.116   0.365
   25   I   0.109   0.125   0.277
   26   D   0.127   0.113   0.292
   27   T   0.102   0.105   0.254
   28   T   0.114   0.106   0.260
   29   E   0.108   0.098   0.247
   30   N   0.099   0.096   0.228
   31   L   0.104   0.096   0.226
   32   L   0.100   0.099   0.213
   33   N   0.105   0.097   0.210
   34   T   0.101   0.098   0.198
   35   E   0.101   0.095   0.188
   36   V   0.106   0.097   0.184
   37   H   0.101   0.095   0.170
   38   S   0.098   0.104   0.159
   39   S   0.101   0.097   0.149
   40   P   0.102   0.102   0.139
   41   A   0.101   0.099   0.127
   42   Q   0.099   0.094   0.115
   43   R   0.099   0.100   0.107
   44   W   0.095   0.106   0.100
   45   S   0.102   0.108   0.103
   46   M   0.097   0.098   0.099
   47   Q   0.098   0.108   0.100
   48   V   0.097   0.108   0.099
   49   P   0.104   0.106   0.102
   50   P   0.105   0.109   0.103
   51   E   0.103   0.105   0.102
   52   V   0.107   0.095   0.104
   53   S   0.103   0.100   0.102
   54   A   0.102   0.108   0.101
   55   E   0.110   0.114   0.106
   56   A   0.106   0.113   0.104
   57   G   0.102   0.109   0.102
   58   D   0.107   0.105   0.105
   59   A   0.107   0.098   0.106
   60   A   0.105   0.100   0.104
   61   V   0.102   0.100   0.103
   62   L   0.098   0.100   0.101
   63   P   0.105   0.099   0.104
   64   C   0.104   0.100   0.104
   65   T   0.108   0.098   0.106
   66   F   0.104   0.095   0.104
   67   T   0.104   0.094   0.104
   68   H   0.103   0.097   0.103
   69   P   0.103   0.098   0.103
   70   H   0.105   0.099   0.103
# Measure  Position  Value    Cutoff   signal peptide?
  max. C    20       0.221
  max. Y    20       0.435
  max. S     5       0.922
  mean S     1-19    0.848
       D     1-19    0.658   0.450   YES
Name=SIG15_HUMAN	SP='YES' Cleavage site between pos. 19 and 20: TGS-FV D=0.658 D-cutoff=0.450 Networks=SignalP-noTM
