# SignalP-4.1 euk predictions
# Name=SIM13_HUMAN	Length=70	Networks=SignalP-TM
# pos  aa    C       S       Y
    1   M   0.102   0.653   0.258
    2   W   0.101   0.588   0.257
    3   H   0.101   0.480   0.256
    4   S   0.102   0.476   0.255
    5   V   0.101   0.591   0.251
    6   G   0.102   0.612   0.251
    7   L   0.100   0.453   0.248
    8   T   0.102   0.314   0.247
    9   L   0.103   0.244   0.244
   10   L   0.103   0.277   0.237
   11   V   0.099   0.212   0.227
   12   F   0.105   0.221   0.227
   13   V   0.105   0.096   0.219
   14   A   0.103   0.062   0.208
   15   T   0.102   0.039   0.196
   16   L   0.113   0.054   0.194
   17   L   0.102   0.068   0.173
   18   I   0.114   0.031   0.174
   19   V   0.123   0.025   0.170
   20   L   0.101   0.016   0.140
   21   L   0.105   0.009   0.126
   22   L   0.147   0.003   0.132
   23   M   0.114   0.004   0.105
   24   V   0.115   0.004   0.096
   25   C   0.104   0.008   0.079
   26   G   0.127   0.017   0.076
   27   W   0.354   0.013   0.105
   28   Y   0.125   0.021   0.056
   29   F   0.135   0.025   0.055
   30   V   0.113   0.032   0.049
   31   W   0.100   0.047   0.044
   32   H   0.103   0.102   0.043
   33   L   0.149   0.083   0.059
   34   F   0.109   0.155   0.055
   35   L   0.101   0.176   0.062
   36   S   0.103   0.214   0.071
   37   K   0.106   0.159   0.083
   38   F   0.103   0.165   0.088
   39   K   0.107   0.149   0.096
   40   F   0.104   0.176   0.100
   41   L   0.106   0.163   0.107
   42   R   0.102   0.120   0.110
   43   E   0.102   0.148   0.113
   44   L   0.103   0.113   0.118
   45   V   0.099   0.106   0.118
   46   G   0.103   0.110   0.122
   47   D   0.114   0.094   0.129
   48   T   0.098   0.098   0.120
   49   G   0.103   0.097   0.121
   50   S   0.101   0.094   0.117
   51   Q   0.117   0.099   0.122
   52   E   0.102   0.102   0.112
   53   G   0.099   0.105   0.108
   54   D   0.098   0.105   0.107
   55   H   0.101   0.105   0.106
   56   E   0.102   0.103   0.104
   57   P   0.100   0.105   0.103
   58   S   0.101   0.110   0.102
   59   G   0.104   0.111   0.103
   60   S   0.101   0.107   0.102
   61   E   0.100   0.111   0.101
   62   T   0.104   0.107   0.104
   63   E   0.101   0.108   0.103
   64   E   0.104   0.108   0.104
   65   D   0.105   0.107   0.106
   66   T   0.105   0.107   0.106
   67   S   0.105   0.104   0.106
   68   S   0.102   0.108   0.105
   69   S   0.101   0.106   0.104
   70   P   0.104   0.107   0.106
# Measure  Position  Value    Cutoff   signal peptide?
  max. C    27       0.354
  max. Y    11       0.227
  max. S     1       0.653
  mean S     1-10    0.469
       D     1-10    0.324   0.500   NO
Name=SIM13_HUMAN	SP='NO' D=0.324 D-cutoff=0.500 Networks=SignalP-TM
