# SignalP-4.1 euk predictions
# Name=SKT_HUMAN	Length=70	Networks=SignalP-noTM
# pos  aa    C       S       Y
    1   M   0.102   0.104   0.103
    2   E   0.101   0.107   0.103
    3   E   0.101   0.104   0.103
    4   N   0.100   0.104   0.102
    5   E   0.101   0.100   0.103
    6   S   0.101   0.102   0.103
    7   Q   0.099   0.101   0.102
    8   K   0.102   0.099   0.103
    9   C   0.098   0.098   0.101
   10   E   0.099   0.095   0.101
   11   P   0.102   0.094   0.102
   12   C   0.103   0.090   0.103
   13   L   0.100   0.093   0.101
   14   P   0.100   0.097   0.101
   15   Y   0.098   0.102   0.099
   16   S   0.106   0.094   0.103
   17   A   0.098   0.103   0.099
   18   D   0.096   0.107   0.098
   19   R   0.100   0.109   0.100
   20   R   0.096   0.109   0.098
   21   Q   0.106   0.104   0.104
   22   M   0.105   0.105   0.103
   23   Q   0.099   0.107   0.100
   24   E   0.102   0.104   0.101
   25   Q   0.097   0.102   0.099
   26   G   0.104   0.100   0.102
   27   K   0.098   0.100   0.099
   28   G   0.103   0.098   0.102
   29   N   0.094   0.103   0.097
   30   L   0.102   0.103   0.101
   31   H   0.099   0.104   0.100
   32   V   0.103   0.100   0.102
   33   T   0.102   0.101   0.101
   34   S   0.107   0.099   0.104
   35   P   0.097   0.103   0.099
   36   E   0.107   0.104   0.104
   37   D   0.105   0.099   0.104
   38   A   0.097   0.096   0.100
   39   E   0.094   0.103   0.098
   40   C   0.103   0.107   0.103
   41   R   0.102   0.106   0.102
   42   R   0.104   0.099   0.103
   43   T   0.104   0.109   0.103
   44   K   0.102   0.103   0.102
   45   E   0.100   0.104   0.101
   46   R   0.103   0.106   0.103
   47   L   0.104   0.108   0.103
   48   S   0.106   0.105   0.104
   49   N   0.104   0.107   0.103
   50   G   0.108   0.105   0.105
   51   N   0.096   0.104   0.100
   52   S   0.109   0.102   0.106
   53   R   0.098   0.095   0.101
   54   G   0.104   0.089   0.103
   55   S   0.097   0.090   0.100
   56   V   0.101   0.099   0.101
   57   S   0.101   0.095   0.101
   58   K   0.099   0.103   0.100
   59   S   0.097   0.102   0.099
   60   S   0.097   0.103   0.099
   61   R   0.098   0.102   0.100
   62   N   0.102   0.101   0.102
   63   I   0.100   0.103   0.101
   64   P   0.105   0.101   0.103
   65   R   0.107   0.098   0.104
   66   R   0.107   0.097   0.104
   67   H   0.106   0.099   0.103
   68   T   0.104   0.098   0.102
   69   L   0.103   0.099   0.101
   70   G   0.105   0.099   0.102
# Measure  Position  Value    Cutoff   signal peptide?
  max. C    52       0.109
  max. Y    52       0.106
  max. S    20       0.109
  mean S     1-51    0.102
       D     1-51    0.104   0.450   NO
Name=SKT_HUMAN	SP='NO' D=0.104 D-cutoff=0.450 Networks=SignalP-noTM
