# SignalP-4.1 euk predictions
# Name=SL9A7_HUMAN	Length=70	Networks=SignalP-TM
# pos  aa    C       S       Y
    1   M   0.101   0.081   0.091
    2   E   0.101   0.102   0.091
    3   P   0.102   0.126   0.092
    4   G   0.103   0.175   0.094
    5   D   0.103   0.268   0.098
    6   A   0.105   0.269   0.106
    7   A   0.105   0.458   0.112
    8   R   0.099   0.625   0.120
    9   P   0.102   0.643   0.137
   10   G   0.103   0.586   0.153
   11   S   0.104   0.545   0.165
   12   G   0.105   0.417   0.176
   13   R   0.099   0.429   0.177
   14   A   0.105   0.340   0.190
   15   T   0.099   0.339   0.189
   16   G   0.107   0.372   0.202
   17   A   0.104   0.413   0.204
   18   P   0.100   0.496   0.205
   19   P   0.104   0.568   0.215
   20   P   0.101   0.624   0.217
   21   R   0.105   0.685   0.227
   22   L   0.106   0.664   0.232
   23   L   0.105   0.709   0.231
   24   L   0.102   0.736   0.229
   25   L   0.105   0.758   0.235
   26   P   0.107   0.782   0.240
   27   L   0.107   0.792   0.245
   28   L   0.107   0.782   0.252
   29   L   0.105   0.797   0.256
   30   G   0.103   0.851   0.260
   31   W   0.102   0.803   0.265
   32   G   0.101   0.860   0.269
   33   L   0.104   0.866   0.279
   34   R   0.102   0.866   0.279
   35   V   0.104   0.852   0.285
   36   A   0.103   0.854   0.286
   37   A   0.109   0.789   0.297
   38   A   0.145   0.536   0.343
   39   A   0.470   0.262   0.613
   40   S   0.121   0.200   0.304
   41   A   0.121   0.169   0.295
   42   S   0.131   0.127   0.297
   43   S   0.106   0.131   0.258
   44   S   0.106   0.117   0.249
   45   G   0.105   0.126   0.236
   46   A   0.105   0.115   0.226
   47   A   0.109   0.095   0.216
   48   A   0.121   0.093   0.213
   49   E   0.133   0.090   0.206
   50   D   0.103   0.082   0.165
   51   S   0.104   0.087   0.148
   52   S   0.104   0.096   0.129
   53   A   0.102   0.095   0.114
   54   M   0.103   0.095   0.109
   55   E   0.103   0.101   0.106
   56   E   0.104   0.105   0.104
   57   L   0.106   0.106   0.104
   58   A   0.107   0.104   0.104
   59   T   0.100   0.106   0.100
   60   E   0.105   0.104   0.101
   61   K   0.102   0.108   0.100
   62   E   0.106   0.106   0.102
   63   A   0.107   0.105   0.103
   64   E   0.098   0.108   0.099
   65   E   0.105   0.109   0.104
   66   S   0.102   0.111   0.103
   67   H   0.102   0.111   0.103
   68   R   0.105   0.109   0.105
   69   Q   0.101   0.109   0.104
   70   D   0.103   0.110   0.105
# Measure  Position  Value    Cutoff   signal peptide?
  max. C    39       0.470
  max. Y    39       0.613
  max. S    33       0.866
  mean S     1-38    0.575
       D     1-38    0.598   0.500   YES
Name=SL9A7_HUMAN	SP='YES' Cleavage site between pos. 38 and 39: AAA-AS D=0.598 D-cutoff=0.500 Networks=SignalP-TM
