# SignalP-4.1 euk predictions
# Name=SMC1B_HUMAN	Length=70	Networks=SignalP-TM
# pos  aa    C       S       Y
    1   M   0.103   0.175   0.135
    2   A   0.104   0.141   0.135
    3   H   0.099   0.134   0.131
    4   L   0.104   0.114   0.133
    5   E   0.102   0.108   0.130
    6   L   0.102   0.116   0.128
    7   L   0.103   0.116   0.127
    8   L   0.103   0.139   0.125
    9   V   0.103   0.153   0.124
   10   E   0.102   0.133   0.123
   11   N   0.104   0.143   0.123
   12   F   0.100   0.154   0.120
   13   K   0.102   0.155   0.120
   14   S   0.101   0.174   0.119
   15   W   0.097   0.179   0.116
   16   R   0.098   0.224   0.117
   17   G   0.102   0.188   0.122
   18   R   0.219   0.127   0.181
   19   Q   0.102   0.133   0.124
   20   V   0.107   0.125   0.128
   21   I   0.099   0.130   0.123
   22   G   0.101   0.118   0.125
   23   P   0.097   0.111   0.122
   24   F   0.105   0.116   0.125
   25   R   0.105   0.111   0.125
   26   R   0.104   0.103   0.123
   27   F   0.102   0.109   0.121
   28   T   0.104   0.106   0.120
   29   C   0.104   0.104   0.118
   30   I   0.103   0.106   0.115
   31   I   0.102   0.107   0.111
   32   G   0.100   0.099   0.107
   33   P   0.099   0.096   0.105
   34   N   0.105   0.098   0.107
   35   G   0.103   0.107   0.106
   36   S   0.099   0.124   0.103
   37   G   0.099   0.120   0.103
   38   K   0.101   0.114   0.104
   39   S   0.103   0.108   0.105
   40   N   0.103   0.110   0.105
   41   V   0.102   0.105   0.105
   42   M   0.099   0.103   0.103
   43   D   0.105   0.099   0.106
   44   A   0.100   0.108   0.103
   45   L   0.099   0.096   0.103
   46   S   0.106   0.094   0.106
   47   F   0.099   0.092   0.102
   48   V   0.104   0.090   0.105
   49   M   0.102   0.088   0.103
   50   G   0.107   0.084   0.105
   51   E   0.102   0.090   0.101
   52   K   0.104   0.098   0.101
   53   I   0.105   0.088   0.101
   54   A   0.102   0.099   0.099
   55   N   0.096   0.100   0.096
   56   L   0.104   0.099   0.099
   57   R   0.102   0.100   0.098
   58   V   0.104   0.100   0.099
   59   K   0.103   0.101   0.099
   60   N   0.102   0.104   0.098
   61   I   0.103   0.108   0.099
   62   Q   0.102   0.106   0.099
   63   E   0.105   0.099   0.101
   64   L   0.100   0.101   0.099
   65   I   0.105   0.096   0.102
   66   H   0.103   0.098   0.101
   67   G   0.103   0.101   0.101
   68   A   0.098   0.099   0.099
   69   H   0.099   0.098   0.100
   70   I   0.104   0.100   0.102
# Measure  Position  Value    Cutoff   signal peptide?
  max. C    18       0.219
  max. Y    18       0.181
  max. S    16       0.224
  mean S     1-17    0.150
       D     1-17    0.168   0.500   NO
Name=SMC1B_HUMAN	SP='NO' D=0.168 D-cutoff=0.500 Networks=SignalP-TM
