# SignalP-4.1 euk predictions
# Name=SMC2_HUMAN	Length=70	Networks=SignalP-noTM
# pos  aa    C       S       Y
    1   M   0.102   0.119   0.110
    2   H   0.102   0.117   0.110
    3   I   0.102   0.120   0.110
    4   K   0.098   0.117   0.108
    5   S   0.103   0.117   0.111
    6   I   0.100   0.115   0.109
    7   I   0.103   0.105   0.110
    8   L   0.101   0.104   0.109
    9   E   0.100   0.104   0.108
   10   G   0.098   0.109   0.107
   11   F   0.098   0.113   0.107
   12   K   0.105   0.128   0.110
   13   S   0.099   0.179   0.107
   14   Y   0.099   0.156   0.109
   15   A   0.099   0.160   0.109
   16   Q   0.105   0.114   0.113
   17   R   0.101   0.107   0.111
   18   T   0.137   0.085   0.129
   19   E   0.102   0.091   0.111
   20   V   0.096   0.103   0.107
   21   N   0.101   0.098   0.109
   22   G   0.101   0.103   0.109
   23   F   0.203   0.097   0.154
   24   D   0.106   0.101   0.111
   25   P   0.106   0.098   0.110
   26   L   0.104   0.101   0.109
   27   F   0.104   0.091   0.109
   28   N   0.108   0.092   0.110
   29   A   0.106   0.101   0.109
   30   I   0.094   0.095   0.102
   31   T   0.105   0.100   0.108
   32   G   0.103   0.092   0.107
   33   L   0.098   0.089   0.104
   34   N   0.103   0.094   0.106
   35   G   0.100   0.102   0.103
   36   S   0.101   0.098   0.102
   37   G   0.098   0.099   0.099
   38   K   0.099   0.098   0.099
   39   S   0.105   0.099   0.101
   40   N   0.100   0.105   0.098
   41   I   0.096   0.103   0.097
   42   L   0.096   0.110   0.097
   43   D   0.099   0.117   0.099
   44   S   0.102   0.111   0.100
   45   I   0.102   0.105   0.101
   46   C   0.103   0.105   0.101
   47   F   0.101   0.125   0.100
   48   L   0.099   0.119   0.100
   49   L   0.098   0.144   0.100
   50   G   0.106   0.176   0.105
   51   I   0.103   0.141   0.105
   52   S   0.101   0.133   0.105
   53   N   0.100   0.124   0.106
   54   L   0.101   0.115   0.107
   55   S   0.101   0.113   0.107
   56   Q   0.098   0.100   0.106
   57   V   0.099   0.099   0.107
   58   R   0.098   0.106   0.106
   59   A   0.102   0.113   0.109
   60   S   0.244   0.104   0.169
   61   N   0.102   0.102   0.109
   62   L   0.098   0.103   0.107
   63   Q   0.099   0.101   0.107
   64   D   0.099   0.101   0.108
   65   L   0.100   0.100   0.108
   66   V   0.105   0.100   0.110
   67   Y   0.106   0.100   0.110
   68   K   0.104   0.098   0.109
   69   N   0.096   0.098   0.105
   70   G   0.103   0.100   0.108
# Measure  Position  Value    Cutoff   signal peptide?
  max. C    60       0.244
  max. Y    60       0.169
  max. S    13       0.179
  mean S     1-59    0.111
       D     1-59    0.138   0.450   NO
Name=SMC2_HUMAN	SP='NO' D=0.138 D-cutoff=0.450 Networks=SignalP-noTM
