# SignalP-4.1 euk predictions
# Name=SNX29_HUMAN	Length=70	Networks=SignalP-TM
# pos  aa    C       S       Y
    1   M   0.101   0.282   0.169
    2   S   0.102   0.239   0.170
    3   G   0.101   0.237   0.168
    4   S   0.101   0.204   0.167
    5   Q   0.102   0.212   0.166
    6   N   0.100   0.161   0.163
    7   N   0.099   0.128   0.159
    8   D   0.099   0.119   0.156
    9   K   0.102   0.130   0.154
   10   R   0.102   0.121   0.151
   11   Q   0.103   0.085   0.148
   12   F   0.102   0.076   0.142
   13   L   0.101   0.092   0.136
   14   L   0.104   0.072   0.133
   15   E   0.101   0.081   0.125
   16   R   0.103   0.088   0.120
   17   L   0.103   0.098   0.116
   18   L   0.104   0.096   0.111
   19   D   0.105   0.094   0.108
   20   A   0.102   0.100   0.102
   21   V   0.096   0.101   0.097
   22   K   0.105   0.122   0.101
   23   Q   0.099   0.110   0.098
   24   C   0.108   0.103   0.101
   25   Q   0.104   0.103   0.099
   26   I   0.099   0.112   0.097
   27   R   0.099   0.101   0.099
   28   F   0.101   0.108   0.100
   29   G   0.099   0.131   0.100
   30   G   0.100   0.121   0.102
   31   R   0.100   0.121   0.103
   32   K   0.105   0.111   0.107
   33   E   0.100   0.114   0.105
   34   I   0.103   0.114   0.107
   35   A   0.101   0.111   0.106
   36   S   0.100   0.107   0.107
   37   D   0.102   0.105   0.107
   38   S   0.101   0.105   0.106
   39   D   0.102   0.102   0.107
   40   S   0.102   0.106   0.107
   41   R   0.098   0.100   0.105
   42   V   0.103   0.095   0.107
   43   T   0.101   0.092   0.106
   44   C   0.104   0.092   0.106
   45   L   0.100   0.092   0.103
   46   C   0.104   0.090   0.104
   47   A   0.103   0.090   0.102
   48   Q   0.097   0.094   0.099
   49   F   0.102   0.089   0.100
   50   E   0.104   0.086   0.100
   51   A   0.103   0.094   0.099
   52   V   0.098   0.093   0.096
   53   L   0.103   0.100   0.098
   54   Q   0.103   0.101   0.098
   55   H   0.102   0.104   0.098
   56   G   0.105   0.105   0.099
   57   L   0.097   0.110   0.096
   58   K   0.103   0.124   0.099
   59   R   0.101   0.111   0.100
   60   S   0.104   0.114   0.101
   61   R   0.099   0.115   0.100
   62   G   0.105   0.104   0.104
   63   L   0.101   0.103   0.102
   64   A   0.102   0.101   0.103
   65   L   0.098   0.107   0.102
   66   T   0.105   0.104   0.106
   67   A   0.104   0.118   0.106
   68   A   0.102   0.114   0.105
   69   A   0.099   0.103   0.104
   70   I   0.100   0.099   0.104
# Measure  Position  Value    Cutoff   signal peptide?
  max. C    24       0.108
  max. Y    11       0.148
  max. S     1       0.282
  mean S     1-10    0.184
       D     1-10    0.162   0.500   NO
Name=SNX29_HUMAN	SP='NO' D=0.162 D-cutoff=0.500 Networks=SignalP-TM
