# SignalP-4.1 euk predictions
# Name=SPAT8_HUMAN	Length=70	Networks=SignalP-noTM
# pos  aa    C       S       Y
    1   M   0.103   0.100   0.101
    2   A   0.104   0.092   0.102
    3   P   0.099   0.100   0.099
    4   A   0.106   0.086   0.103
    5   G   0.096   0.092   0.097
    6   M   0.100   0.104   0.099
    7   S   0.102   0.119   0.100
    8   G   0.104   0.125   0.102
    9   A   0.102   0.110   0.101
   10   Q   0.098   0.102   0.100
   11   D   0.106   0.088   0.104
   12   N   0.100   0.074   0.101
   13   S   0.101   0.079   0.100
   14   C   0.101   0.088   0.100
   15   L   0.100   0.092   0.099
   16   Y   0.101   0.098   0.099
   17   Q   0.100   0.096   0.099
   18   E   0.103   0.097   0.100
   19   I   0.103   0.098   0.100
   20   A   0.100   0.102   0.099
   21   P   0.092   0.098   0.094
   22   S   0.103   0.109   0.100
   23   F   0.101   0.103   0.100
   24   Q   0.103   0.105   0.101
   25   R   0.099   0.095   0.099
   26   L   0.101   0.094   0.100
   27   P   0.101   0.096   0.100
   28   C   0.105   0.098   0.102
   29   P   0.108   0.105   0.103
   30   R   0.099   0.098   0.098
   31   T   0.100   0.100   0.098
   32   S   0.100   0.105   0.098
   33   S   0.096   0.100   0.096
   34   R   0.110   0.105   0.103
   35   H   0.099   0.104   0.099
   36   F   0.097   0.102   0.098
   37   S   0.104   0.098   0.102
   38   E   0.104   0.098   0.102
   39   A   0.104   0.105   0.102
   40   M   0.100   0.092   0.101
   41   T   0.099   0.091   0.100
   42   C   0.101   0.097   0.101
   43   P   0.105   0.094   0.102
   44   C   0.108   0.096   0.104
   45   G   0.098   0.096   0.099
   46   W   0.094   0.098   0.096
   47   R   0.099   0.098   0.099
   48   P   0.105   0.098   0.102
   49   F   0.100   0.103   0.100
   50   K   0.102   0.099   0.100
   51   G   0.107   0.107   0.103
   52   G   0.107   0.105   0.103
   53   P   0.102   0.104   0.101
   54   G   0.107   0.104   0.103
   55   G   0.100   0.095   0.100
   56   L   0.099   0.107   0.099
   57   K   0.103   0.107   0.101
   58   G   0.104   0.106   0.102
   59   P   0.100   0.101   0.100
   60   V   0.107   0.096   0.103
   61   W   0.104   0.096   0.102
   62   P   0.109   0.097   0.104
   63   A   0.095   0.098   0.097
   64   K   0.097   0.101   0.098
   65   E   0.104   0.102   0.102
   66   E   0.095   0.103   0.098
   67   N   0.101   0.100   0.101
   68   S   0.103   0.102   0.102
   69   C   0.099   0.102   0.100
   70   S   0.108   0.101   0.105
# Measure  Position  Value    Cutoff   signal peptide?
  max. C    34       0.110
  max. Y    70       0.105
  max. S     8       0.125
  mean S     1-69    0.099
       D     1-69    0.102   0.450   NO
Name=SPAT8_HUMAN	SP='NO' D=0.102 D-cutoff=0.450 Networks=SignalP-noTM
