# SignalP-4.1 euk predictions
# Name=SRCAP_HUMAN	Length=70	Networks=SignalP-noTM
# pos  aa    C       S       Y
    1   M   0.102   0.164   0.129
    2   Q   0.101   0.136   0.129
    3   S   0.101   0.121   0.128
    4   S   0.100   0.120   0.127
    5   P   0.098   0.119   0.125
    6   S   0.101   0.117   0.126
    7   P   0.101   0.109   0.125
    8   A   0.103   0.101   0.125
    9   H   0.095   0.101   0.119
   10   P   0.104   0.101   0.124
   11   Q   0.098   0.106   0.119
   12   L   0.103   0.108   0.121
   13   P   0.104   0.109   0.120
   14   V   0.103   0.111   0.118
   15   L   0.105   0.090   0.119
   16   Q   0.106   0.087   0.117
   17   T   0.103   0.089   0.114
   18   Q   0.103   0.094   0.113
   19   M   0.105   0.105   0.112
   20   V   0.096   0.094   0.106
   21   S   0.101   0.104   0.108
   22   D   0.097   0.096   0.104
   23   G   0.099   0.097   0.104
   24   M   0.110   0.094   0.108
   25   T   0.101   0.107   0.102
   26   G   0.101   0.108   0.102
   27   S   0.107   0.097   0.104
   28   N   0.113   0.104   0.107
   29   P   0.102   0.098   0.101
   30   V   0.104   0.099   0.102
   31   S   0.103   0.101   0.102
   32   P   0.105   0.104   0.102
   33   A   0.105   0.095   0.103
   34   S   0.097   0.101   0.098
   35   S   0.101   0.095   0.100
   36   S   0.108   0.088   0.103
   37   S   0.103   0.095   0.100
   38   P   0.102   0.085   0.100
   39   A   0.102   0.087   0.100
   40   S   0.095   0.090   0.096
   41   S   0.108   0.089   0.103
   42   G   0.103   0.077   0.100
   43   A   0.101   0.088   0.098
   44   G   0.098   0.091   0.097
   45   G   0.102   0.094   0.098
   46   I   0.102   0.093   0.099
   47   S   0.108   0.094   0.101
   48   P   0.106   0.096   0.100
   49   Q   0.105   0.099   0.099
   50   H   0.106   0.102   0.100
   51   I   0.111   0.093   0.102
   52   A   0.105   0.091   0.099
   53   Q   0.096   0.100   0.094
   54   D   0.105   0.102   0.099
   55   S   0.103   0.102   0.098
   56   S   0.103   0.106   0.098
   57   L   0.099   0.107   0.096
   58   D   0.101   0.104   0.098
   59   G   0.102   0.103   0.098
   60   P   0.103   0.104   0.099
   61   P   0.110   0.100   0.103
   62   G   0.108   0.098   0.102
   63   P   0.100   0.103   0.099
   64   P   0.100   0.103   0.099
   65   D   0.106   0.105   0.102
   66   G   0.106   0.107   0.103
   67   A   0.100   0.107   0.100
   68   T   0.099   0.105   0.100
   69   V   0.106   0.107   0.104
   70   P   0.105   0.109   0.103
# Measure  Position  Value    Cutoff   signal peptide?
  max. C    28       0.113
  max. Y    12       0.121
  max. S     1       0.164
  mean S     1-11    0.118
       D     1-11    0.119   0.450   NO
Name=SRCAP_HUMAN	SP='NO' D=0.119 D-cutoff=0.450 Networks=SignalP-noTM
