# SignalP-4.1 euk predictions
# Name=SREC2_HUMAN	Length=70	Networks=SignalP-noTM
# pos  aa    C       S       Y
    1   M   0.101   0.126   0.113
    2   E   0.103   0.118   0.114
    3   G   0.105   0.105   0.115
    4   A   0.101   0.144   0.112
    5   G   0.101   0.215   0.113
    6   P   0.099   0.184   0.113
    7   R   0.103   0.158   0.117
    8   G   0.109   0.212   0.120
    9   A   0.102   0.302   0.119
   10   G   0.096   0.442   0.118
   11   P   0.106   0.625   0.130
   12   A   0.106   0.671   0.139
   13   R   0.099   0.721   0.143
   14   R   0.108   0.795   0.159
   15   R   0.102   0.817   0.164
   16   G   0.112   0.830   0.182
   17   A   0.101   0.841   0.182
   18   G   0.100   0.856   0.190
   19   G   0.103   0.860   0.201
   20   P   0.098   0.878   0.205
   21   P   0.107   0.911   0.223
   22   S   0.108   0.935   0.232
   23   P   0.104   0.962   0.236
   24   L   0.105   0.954   0.245
   25   L   0.103   0.918   0.251
   26   P   0.103   0.899   0.259
   27   S   0.107   0.892   0.270
   28   L   0.107   0.908   0.275
   29   L   0.108   0.928   0.284
   30   L   0.102   0.954   0.282
   31   L   0.103   0.957   0.290
   32   L   0.106   0.967   0.299
   33   L   0.105   0.968   0.302
   34   L   0.104   0.963   0.304
   35   W   0.099   0.946   0.298
   36   M   0.101   0.934   0.302
   37   L   0.109   0.926   0.315
   38   P   0.098   0.924   0.300
   39   D   0.110   0.907   0.319
   40   T   0.100   0.932   0.304
   41   V   0.126   0.916   0.343
   42   A   0.110   0.926   0.320
   43   P   0.387   0.570   0.601
   44   Q   0.708   0.164   0.806
   45   E   0.119   0.134   0.324
   46   L   0.104   0.125   0.296
   47   N   0.104   0.115   0.289
   48   P   0.101   0.122   0.279
   49   R   0.107   0.120   0.280
   50   G   0.109   0.114   0.276
   51   R   0.103   0.111   0.262
   52   N   0.105   0.107   0.256
   53   V   0.098   0.099   0.240
   54   C   0.101   0.094   0.235
   55   R   0.105   0.092   0.232
   56   A   0.099   0.099   0.215
   57   P   0.098   0.101   0.205
   58   G   0.108   0.100   0.205
   59   S   0.101   0.101   0.189
   60   Q   0.104   0.101   0.182
   61   V   0.097   0.100   0.165
   62   P   0.100   0.098   0.156
   63   T   0.104   0.098   0.146
   64   C   0.108   0.099   0.134
   65   C   0.108   0.095   0.119
   66   A   0.105   0.100   0.107
   67   G   0.092   0.098   0.099
   68   W   0.095   0.097   0.099
   69   R   0.105   0.097   0.104
   70   Q   0.102   0.100   0.102
# Measure  Position  Value    Cutoff   signal peptide?
  max. C    44       0.708
  max. Y    44       0.806
  max. S    33       0.968
  mean S     1-43    0.721
       D     1-43    0.760   0.450   YES
Name=SREC2_HUMAN	SP='YES' Cleavage site between pos. 43 and 44: VAP-QE D=0.760 D-cutoff=0.450 Networks=SignalP-noTM
