# SignalP-4.1 euk predictions
# Name=STF1_HUMAN	Length=70	Networks=SignalP-noTM
# pos  aa    C       S       Y
    1   M   0.100   0.088   0.094
    2   D   0.101   0.088   0.094
    3   Y   0.100   0.090   0.094
    4   S   0.100   0.086   0.094
    5   Y   0.101   0.088   0.094
    6   D   0.099   0.094   0.093
    7   E   0.100   0.097   0.094
    8   D   0.099   0.104   0.094
    9   L   0.101   0.104   0.095
   10   D   0.101   0.099   0.095
   11   E   0.102   0.086   0.096
   12   L   0.101   0.083   0.095
   13   C   0.100   0.083   0.095
   14   P   0.105   0.085   0.097
   15   V   0.103   0.083   0.096
   16   C   0.099   0.082   0.094
   17   G   0.104   0.080   0.096
   18   D   0.098   0.073   0.093
   19   K   0.094   0.075   0.091
   20   V   0.095   0.082   0.092
   21   S   0.099   0.084   0.093
   22   G   0.098   0.096   0.092
   23   Y   0.106   0.092   0.096
   24   H   0.099   0.093   0.093
   25   Y   0.102   0.097   0.095
   26   G   0.097   0.098   0.093
   27   L   0.096   0.095   0.092
   28   L   0.108   0.097   0.098
   29   T   0.102   0.097   0.096
   30   C   0.103   0.098   0.096
   31   E   0.105   0.089   0.097
   32   S   0.102   0.088   0.095
   33   C   0.100   0.086   0.094
   34   K   0.100   0.088   0.094
   35   G   0.097   0.088   0.093
   36   F   0.104   0.080   0.096
   37   F   0.099   0.089   0.094
   38   K   0.101   0.090   0.094
   39   R   0.101   0.093   0.095
   40   T   0.101   0.089   0.095
   41   V   0.104   0.094   0.097
   42   Q   0.101   0.093   0.096
   43   N   0.104   0.094   0.097
   44   N   0.097   0.104   0.094
   45   K   0.102   0.104   0.097
   46   H   0.098   0.099   0.096
   47   Y   0.102   0.104   0.098
   48   T   0.101   0.099   0.097
   49   C   0.099   0.097   0.096
   50   T   0.100   0.103   0.097
   51   E   0.098   0.105   0.096
   52   S   0.095   0.101   0.095
   53   Q   0.099   0.103   0.097
   54   S   0.101   0.100   0.098
   55   C   0.094   0.096   0.095
   56   K   0.097   0.095   0.097
   57   I   0.101   0.097   0.099
   58   D   0.101   0.103   0.099
   59   K   0.102   0.103   0.100
   60   T   0.100   0.104   0.099
   61   Q   0.104   0.103   0.101
   62   R   0.100   0.102   0.100
   63   K   0.101   0.101   0.100
   64   R   0.098   0.104   0.099
   65   C   0.103   0.103   0.102
   66   P   0.103   0.102   0.102
   67   F   0.101   0.099   0.101
   68   C   0.102   0.101   0.102
   69   R   0.102   0.098   0.102
   70   F   0.104   0.097   0.103
# Measure  Position  Value    Cutoff   signal peptide?
  max. C    28       0.108
  max. Y    70       0.103
  max. S    51       0.105
  mean S     1-69    0.094
       D     1-69    0.098   0.450   NO
Name=STF1_HUMAN	SP='NO' D=0.098 D-cutoff=0.450 Networks=SignalP-noTM
