# SignalP-4.1 euk predictions
# Name=STK25_HUMAN	Length=70	Networks=SignalP-noTM
# pos  aa    C       S       Y
    1   M   0.104   0.122   0.113
    2   A   0.105   0.115   0.113
    3   H   0.097   0.147   0.109
    4   L   0.103   0.116   0.113
    5   R   0.100   0.109   0.111
    6   G   0.107   0.104   0.114
    7   F   0.101   0.097   0.111
    8   A   0.106   0.091   0.113
    9   N   0.099   0.090   0.109
   10   Q   0.102   0.089   0.109
   11   H   0.095   0.096   0.105
   12   S   0.105   0.092   0.110
   13   R   0.098   0.094   0.105
   14   V   0.097   0.098   0.104
   15   D   0.098   0.093   0.104
   16   P   0.099   0.099   0.104
   17   E   0.112   0.098   0.110
   18   E   0.101   0.098   0.104
   19   L   0.102   0.092   0.104
   20   F   0.094   0.094   0.099
   21   T   0.100   0.097   0.102
   22   K   0.107   0.099   0.105
   23   L   0.108   0.095   0.104
   24   D   0.103   0.096   0.102
   25   R   0.103   0.091   0.101
   26   I   0.106   0.088   0.101
   27   G   0.105   0.091   0.100
   28   K   0.100   0.088   0.097
   29   G   0.098   0.088   0.096
   30   S   0.098   0.091   0.096
   31   F   0.100   0.090   0.097
   32   G   0.099   0.088   0.096
   33   E   0.098   0.089   0.096
   34   V   0.097   0.096   0.095
   35   Y   0.099   0.098   0.096
   36   K   0.104   0.100   0.099
   37   G   0.098   0.102   0.096
   38   I   0.097   0.103   0.095
   39   D   0.103   0.102   0.098
   40   N   0.101   0.099   0.098
   41   H   0.100   0.091   0.097
   42   T   0.101   0.086   0.097
   43   K   0.104   0.092   0.099
   44   E   0.101   0.088   0.097
   45   V   0.099   0.089   0.096
   46   V   0.103   0.085   0.098
   47   A   0.105   0.094   0.099
   48   I   0.103   0.093   0.098
   49   K   0.097   0.091   0.095
   50   I   0.107   0.091   0.100
   51   I   0.105   0.097   0.099
   52   D   0.105   0.095   0.099
   53   L   0.103   0.101   0.098
   54   E   0.101   0.102   0.098
   55   E   0.106   0.100   0.100
   56   A   0.102   0.108   0.099
   57   E   0.102   0.105   0.099
   58   D   0.105   0.113   0.100
   59   E   0.098   0.110   0.097
   60   I   0.098   0.113   0.097
   61   E   0.099   0.107   0.098
   62   D   0.101   0.108   0.100
   63   I   0.102   0.107   0.100
   64   Q   0.105   0.109   0.102
   65   Q   0.102   0.109   0.101
   66   E   0.099   0.108   0.100
   67   I   0.102   0.106   0.102
   68   T   0.100   0.104   0.101
   69   V   0.100   0.104   0.102
   70   L   0.101   0.105   0.102
# Measure  Position  Value    Cutoff   signal peptide?
  max. C    17       0.112
  max. Y    17       0.110
  max. S     3       0.147
  mean S     1-16    0.103
       D     1-16    0.106   0.450   NO
Name=STK25_HUMAN	SP='NO' D=0.106 D-cutoff=0.450 Networks=SignalP-noTM
