# SignalP-4.1 euk predictions
# Name=STT3A_HUMAN	Length=70	Networks=SignalP-TM
# pos  aa    C       S       Y
    1   M   0.101   0.205   0.144
    2   T   0.102   0.151   0.144
    3   K   0.103   0.161   0.144
    4   F   0.102   0.154   0.142
    5   G   0.104   0.117   0.142
    6   F   0.100   0.125   0.137
    7   L   0.103   0.141   0.137
    8   R   0.103   0.143   0.135
    9   L   0.103   0.187   0.133
   10   S   0.101   0.187   0.132
   11   Y   0.101   0.144   0.131
   12   E   0.103   0.135   0.131
   13   K   0.100   0.162   0.127
   14   Q   0.098   0.149   0.124
   15   D   0.101   0.124   0.125
   16   T   0.099   0.105   0.121
   17   L   0.102   0.123   0.122
   18   L   0.098   0.154   0.118
   19   K   0.100   0.116   0.119
   20   L   0.099   0.094   0.119
   21   L   0.101   0.064   0.119
   22   I   0.104   0.062   0.118
   23   L   0.103   0.070   0.115
   24   S   0.102   0.065   0.111
   25   M   0.101   0.071   0.106
   26   A   0.106   0.071   0.106
   27   A   0.101   0.111   0.101
   28   V   0.100   0.107   0.099
   29   L   0.100   0.110   0.098
   30   S   0.099   0.176   0.097
   31   F   0.135   0.133   0.116
   32   S   0.105   0.110   0.103
   33   T   0.171   0.109   0.129
   34   R   0.105   0.139   0.101
   35   L   0.106   0.154   0.103
   36   F   0.107   0.159   0.107
   37   A   0.103   0.162   0.108
   38   V   0.147   0.140   0.133
   39   L   0.102   0.123   0.113
   40   R   0.104   0.135   0.116
   41   F   0.108   0.131   0.120
   42   E   0.105   0.119   0.119
   43   S   0.101   0.125   0.117
   44   V   0.100   0.116   0.117
   45   I   0.100   0.123   0.115
   46   H   0.102   0.106   0.116
   47   E   0.102   0.086   0.116
   48   F   0.104   0.090   0.116
   49   D   0.102   0.083   0.113
   50   P   0.098   0.095   0.109
   51   Y   0.101   0.101   0.108
   52   F   0.102   0.095   0.107
   53   N   0.104   0.104   0.106
   54   Y   0.101   0.104   0.104
   55   R   0.100   0.101   0.103
   56   T   0.103   0.098   0.103
   57   T   0.105   0.098   0.104
   58   R   0.102   0.097   0.101
   59   F   0.102   0.100   0.100
   60   L   0.104   0.099   0.100
   61   A   0.105   0.101   0.101
   62   E   0.097   0.098   0.097
   63   E   0.106   0.097   0.102
   64   G   0.103   0.098   0.101
   65   F   0.101   0.096   0.100
   66   Y   0.104   0.097   0.101
   67   K   0.100   0.099   0.100
   68   F   0.101   0.098   0.100
   69   H   0.101   0.100   0.100
   70   N   0.104   0.097   0.101
# Measure  Position  Value    Cutoff   signal peptide?
  max. C    33       0.171
  max. Y    38       0.133
  max. S     1       0.205
  mean S     1-37    0.128
       D     1-37    0.131   0.500   NO
Name=STT3A_HUMAN	SP='NO' D=0.131 D-cutoff=0.500 Networks=SignalP-TM
