# SignalP-4.1 euk predictions
# Name=STYL1_HUMAN	Length=70	Networks=SignalP-noTM
# pos  aa    C       S       Y
    1   M   0.102   0.102   0.102
    2   P   0.103   0.105   0.102
    3   G   0.105   0.103   0.103
    4   L   0.100   0.101   0.101
    5   L   0.107   0.099   0.104
    6   L   0.101   0.100   0.101
    7   C   0.102   0.096   0.102
    8   E   0.107   0.092   0.104
    9   P   0.107   0.089   0.104
   10   T   0.103   0.089   0.102
   11   E   0.104   0.081   0.102
   12   L   0.097   0.081   0.098
   13   Y   0.099   0.100   0.098
   14   N   0.094   0.113   0.096
   15   I   0.095   0.097   0.097
   16   L   0.101   0.095   0.099
   17   N   0.103   0.107   0.101
   18   Q   0.101   0.097   0.100
   19   A   0.101   0.106   0.100
   20   T   0.093   0.083   0.096
   21   K   0.099   0.091   0.098
   22   L   0.097   0.099   0.097
   23   S   0.102   0.089   0.099
   24   R   0.100   0.091   0.098
   25   L   0.102   0.096   0.099
   26   T   0.101   0.087   0.098
   27   D   0.097   0.085   0.096
   28   P   0.102   0.089   0.098
   29   N   0.099   0.088   0.096
   30   Y   0.107   0.092   0.100
   31   L   0.098   0.093   0.095
   32   C   0.096   0.098   0.094
   33   L   0.100   0.098   0.096
   34   L   0.103   0.101   0.098
   35   D   0.101   0.090   0.098
   36   V   0.103   0.095   0.099
   37   R   0.100   0.103   0.097
   38   S   0.104   0.107   0.099
   39   K   0.102   0.095   0.098
   40   W   0.096   0.089   0.095
   41   E   0.096   0.100   0.095
   42   Y   0.097   0.101   0.095
   43   D   0.098   0.101   0.096
   44   E   0.096   0.101   0.095
   45   S   0.102   0.103   0.098
   46   H   0.102   0.093   0.099
   47   V   0.100   0.100   0.098
   48   I   0.099   0.100   0.097
   49   T   0.101   0.099   0.098
   50   A   0.101   0.107   0.099
   51   L   0.101   0.109   0.100
   52   R   0.109   0.103   0.104
   53   V   0.100   0.101   0.100
   54   K   0.105   0.095   0.102
   55   K   0.105   0.087   0.102
   56   K   0.099   0.093   0.099
   57   N   0.101   0.098   0.100
   58   N   0.103   0.100   0.101
   59   E   0.097   0.098   0.098
   60   Y   0.103   0.102   0.101
   61   L   0.100   0.100   0.100
   62   L   0.104   0.099   0.102
   63   P   0.101   0.101   0.100
   64   E   0.103   0.104   0.101
   65   S   0.105   0.100   0.102
   66   V   0.101   0.100   0.100
   67   D   0.102   0.100   0.101
   68   L   0.101   0.098   0.100
   69   E   0.100   0.100   0.100
   70   C   0.107   0.101   0.103
# Measure  Position  Value    Cutoff   signal peptide?
  max. C    52       0.109
  max. Y    52       0.104
  max. S    14       0.113
  mean S     1-51    0.097
       D     1-51    0.100   0.450   NO
Name=STYL1_HUMAN	SP='NO' D=0.100 D-cutoff=0.450 Networks=SignalP-noTM
