# SignalP-4.1 euk predictions
# Name=T191C_HUMAN	Length=70	Networks=SignalP-noTM
# pos  aa    C       S       Y
    1   M   0.101   0.171   0.132
    2   C   0.103   0.204   0.133
    3   R   0.103   0.170   0.133
    4   A   0.106   0.148   0.135
    5   T   0.099   0.160   0.130
    6   L   0.103   0.179   0.133
    7   G   0.100   0.168   0.131
    8   L   0.111   0.161   0.138
    9   P   0.105   0.164   0.134
   10   L   0.101   0.161   0.131
   11   P   0.108   0.120   0.136
   12   P   0.104   0.128   0.132
   13   I   0.104   0.174   0.132
   14   V   0.102   0.313   0.130
   15   I   0.099   0.347   0.131
   16   Q   0.103   0.170   0.136
   17   P   0.098   0.132   0.133
   18   A   0.106   0.129   0.138
   19   R   0.095   0.113   0.129
   20   R   0.099   0.116   0.131
   21   S   0.150   0.107   0.161
   22   L   0.100   0.103   0.130
   23   P   0.104   0.099   0.131
   24   P   0.103   0.092   0.130
   25   I   0.105   0.099   0.128
   26   V   0.101   0.103   0.125
   27   T   0.103   0.106   0.125
   28   P   0.107   0.114   0.126
   29   A   0.103   0.108   0.123
   30   S   0.095   0.105   0.117
   31   R   0.103   0.106   0.120
   32   R   0.099   0.107   0.117
   33   L   0.110   0.103   0.122
   34   G   0.105   0.102   0.119
   35   P   0.103   0.105   0.118
   36   R   0.107   0.128   0.118
   37   G   0.108   0.133   0.115
   38   G   0.101   0.136   0.107
   39   R   0.098   0.118   0.104
   40   H   0.109   0.104   0.110
   41   L   0.101   0.093   0.105
   42   G   0.099   0.099   0.104
   43   S   0.097   0.104   0.102
   44   V   0.105   0.108   0.106
   45   S   0.109   0.108   0.108
   46   T   0.104   0.109   0.106
   47   A   0.098   0.121   0.103
   48   M   0.097   0.121   0.103
   49   A   0.108   0.129   0.109
   50   A   0.101   0.109   0.106
   51   T   0.098   0.117   0.105
   52   Q   0.105   0.121   0.108
   53   E   0.102   0.121   0.107
   54   L   0.101   0.118   0.107
   55   L   0.103   0.114   0.108
   56   L   0.102   0.108   0.108
   57   Q   0.106   0.105   0.110
   58   L   0.105   0.103   0.110
   59   Q   0.108   0.101   0.111
   60   K   0.106   0.100   0.109
   61   D   0.105   0.103   0.108
   62   N   0.097   0.100   0.103
   63   R   0.098   0.110   0.104
   64   D   0.102   0.109   0.106
   65   G   0.098   0.109   0.104
   66   R   0.096   0.112   0.103
   67   Q   0.099   0.112   0.105
   68   R   0.096   0.111   0.104
   69   K   0.101   0.111   0.106
   70   Q   0.098   0.108   0.104
# Measure  Position  Value    Cutoff   signal peptide?
  max. C    21       0.150
  max. Y    21       0.161
  max. S    15       0.347
  mean S     1-20    0.171
       D     1-20    0.166   0.450   NO
Name=T191C_HUMAN	SP='NO' D=0.166 D-cutoff=0.450 Networks=SignalP-noTM
