# SignalP-4.1 euk predictions
# Name=T2R30_HUMAN	Length=70	Networks=SignalP-TM
# pos  aa    C       S       Y
    1   M   0.102   0.374   0.195
    2   I   0.102   0.264   0.196
    3   T   0.103   0.232   0.194
    4   F   0.102   0.257   0.191
    5   L   0.102   0.292   0.188
    6   P   0.102   0.198   0.187
    7   I   0.103   0.155   0.184
    8   I   0.103   0.182   0.180
    9   F   0.102   0.101   0.175
   10   S   0.102   0.095   0.169
   11   I   0.103   0.075   0.164
   12   L   0.101   0.071   0.155
   13   I   0.099   0.073   0.147
   14   V   0.099   0.082   0.139
   15   V   0.100   0.070   0.132
   16   I   0.103   0.111   0.126
   17   F   0.105   0.102   0.122
   18   V   0.106   0.083   0.119
   19   I   0.108   0.077   0.114
   20   G   0.100   0.106   0.103
   21   N   0.198   0.106   0.140
   22   F   0.107   0.133   0.101
   23   A   0.115   0.146   0.103
   24   N   0.237   0.107   0.150
   25   G   0.103   0.144   0.099
   26   F   0.251   0.088   0.159
   27   I   0.106   0.130   0.104
   28   A   0.109   0.097   0.108
   29   L   0.153   0.070   0.128
   30   V   0.104   0.075   0.105
   31   N   0.102   0.099   0.103
   32   S   0.105   0.099   0.104
   33   I   0.171   0.074   0.134
   34   E   0.103   0.101   0.104
   35   W   0.103   0.118   0.104
   36   V   0.099   0.093   0.102
   37   K   0.100   0.094   0.102
   38   R   0.103   0.105   0.101
   39   Q   0.114   0.078   0.106
   40   K   0.101   0.074   0.098
   41   I   0.101   0.072   0.097
   42   S   0.102   0.065   0.096
   43   F   0.100   0.058   0.093
   44   V   0.100   0.043   0.093
   45   D   0.101   0.031   0.092
   46   Q   0.102   0.014   0.090
   47   I   0.103   0.015   0.087
   48   L   0.105   0.018   0.085
   49   T   0.107   0.018   0.082
   50   A   0.100   0.020   0.075
   51   L   0.100   0.025   0.071
   52   A   0.104   0.024   0.069
   53   V   0.098   0.023   0.062
   54   S   0.104   0.027   0.061
   55   R   0.100   0.033   0.057
   56   V   0.103   0.040   0.055
   57   G   0.103   0.039   0.054
   58   L   0.097   0.043   0.051
   59   L   0.101   0.054   0.052
   60   W   0.103   0.050   0.054
   61   V   0.104   0.062   0.056
   62   L   0.101   0.060   0.059
   63   L   0.104   0.081   0.062
   64   L   0.102   0.089   0.065
   65   H   0.103   0.130   0.069
   66   W   0.100   0.175   0.073
   67   Y   0.102   0.174   0.081
   68   A   0.101   0.175   0.087
   69   T   0.101   0.128   0.093
   70   Q   0.103   0.110   0.098
# Measure  Position  Value    Cutoff   signal peptide?
  max. C    26       0.251
  max. Y    11       0.164
  max. S     1       0.374
  mean S     1-10    0.215
       D     1-10    0.184   0.500   NO
Name=T2R30_HUMAN	SP='NO' D=0.184 D-cutoff=0.500 Networks=SignalP-TM
