# SignalP-4.1 euk predictions
# Name=TBL1Y_HUMAN	Length=70	Networks=SignalP-noTM
# pos  aa    C       S       Y
    1   M   0.100   0.107   0.104
    2   S   0.102   0.093   0.105
    3   I   0.101   0.089   0.103
    4   T   0.100   0.084   0.103
    5   S   0.103   0.087   0.104
    6   D   0.098   0.093   0.101
    7   E   0.099   0.097   0.101
    8   V   0.099   0.090   0.101
    9   N   0.099   0.090   0.100
   10   F   0.100   0.088   0.100
   11   L   0.099   0.091   0.099
   12   V   0.106   0.088   0.102
   13   Y   0.102   0.089   0.100
   14   R   0.098   0.090   0.098
   15   Y   0.102   0.091   0.100
   16   L   0.104   0.094   0.100
   17   Q   0.105   0.096   0.100
   18   E   0.097   0.097   0.096
   19   S   0.102   0.088   0.098
   20   G   0.095   0.104   0.094
   21   F   0.094   0.095   0.094
   22   S   0.104   0.096   0.098
   23   H   0.102   0.093   0.097
   24   S   0.100   0.093   0.096
   25   A   0.106   0.090   0.099
   26   F   0.095   0.089   0.094
   27   T   0.101   0.096   0.097
   28   F   0.121   0.095   0.106
   29   G   0.106   0.092   0.099
   30   I   0.103   0.096   0.098
   31   E   0.099   0.098   0.096
   32   S   0.101   0.101   0.097
   33   H   0.107   0.102   0.100
   34   I   0.102   0.103   0.098
   35   S   0.103   0.106   0.099
   36   Q   0.096   0.107   0.096
   37   S   0.104   0.108   0.100
   38   N   0.117   0.103   0.107
   39   I   0.103   0.105   0.100
   40   N   0.097   0.107   0.097
   41   G   0.097   0.097   0.098
   42   T   0.105   0.098   0.102
   43   L   0.103   0.101   0.101
   44   V   0.103   0.101   0.101
   45   P   0.098   0.107   0.099
   46   P   0.102   0.104   0.101
   47   S   0.105   0.108   0.103
   48   A   0.109   0.099   0.105
   49   L   0.098   0.099   0.100
   50   I   0.100   0.098   0.101
   51   S   0.097   0.098   0.099
   52   I   0.106   0.095   0.104
   53   L   0.104   0.107   0.103
   54   Q   0.103   0.111   0.103
   55   K   0.102   0.102   0.102
   56   G   0.101   0.098   0.102
   57   L   0.102   0.097   0.102
   58   Q   0.100   0.094   0.101
   59   Y   0.106   0.097   0.104
   60   V   0.100   0.099   0.100
   61   E   0.100   0.101   0.100
   62   A   0.105   0.104   0.103
   63   E   0.185   0.102   0.136
   64   I   0.096   0.102   0.099
   65   S   0.096   0.103   0.099
   66   I   0.098   0.104   0.100
   67   N   0.102   0.104   0.102
   68   K   0.099   0.106   0.100
   69   D   0.098   0.106   0.100
   70   G   0.105   0.105   0.103
# Measure  Position  Value    Cutoff   signal peptide?
  max. C    63       0.185
  max. Y    63       0.136
  max. S    54       0.111
  mean S     1-62    0.097
       D     1-62    0.115   0.450   NO
Name=TBL1Y_HUMAN	SP='NO' D=0.115 D-cutoff=0.450 Networks=SignalP-noTM
