# SignalP-4.1 euk predictions
# Name=TMA16_HUMAN	Length=70	Networks=SignalP-noTM
# pos  aa    C       S       Y
    1   M   0.101   0.103   0.102
    2   P   0.103   0.098   0.103
    3   K   0.104   0.098   0.104
    4   A   0.104   0.094   0.104
    5   P   0.097   0.102   0.100
    6   K   0.103   0.105   0.103
    7   G   0.099   0.112   0.101
    8   K   0.099   0.105   0.101
    9   S   0.108   0.103   0.105
   10   A   0.101   0.101   0.102
   11   G   0.098   0.102   0.100
   12   R   0.100   0.085   0.101
   13   E   0.104   0.080   0.103
   14   K   0.103   0.089   0.102
   15   K   0.102   0.094   0.101
   16   V   0.104   0.092   0.102
   17   I   0.102   0.091   0.100
   18   H   0.101   0.096   0.100
   19   P   0.102   0.099   0.100
   20   Y   0.099   0.098   0.099
   21   S   0.104   0.091   0.101
   22   R   0.097   0.098   0.097
   23   K   0.107   0.101   0.102
   24   A   0.103   0.104   0.100
   25   A   0.095   0.108   0.096
   26   Q   0.102   0.115   0.100
   27   I   0.105   0.110   0.102
   28   T   0.099   0.107   0.099
   29   R   0.105   0.113   0.102
   30   E   0.107   0.115   0.103
   31   A   0.100   0.113   0.100
   32   H   0.093   0.114   0.096
   33   K   0.106   0.112   0.103
   34   Q   0.098   0.109   0.099
   35   E   0.107   0.112   0.104
   36   K   0.102   0.112   0.103
   37   K   0.101   0.112   0.103
   38   E   0.100   0.111   0.103
   39   K   0.102   0.118   0.104
   40   L   0.100   0.110   0.104
   41   K   0.106   0.104   0.107
   42   N   0.102   0.104   0.105
   43   E   0.104   0.101   0.107
   44   K   0.105   0.104   0.107
   45   A   0.109   0.099   0.109
   46   L   0.099   0.093   0.104
   47   R   0.104   0.095   0.107
   48   L   0.101   0.095   0.105
   49   N   0.108   0.086   0.108
   50   L   0.102   0.090   0.104
   51   V   0.104   0.088   0.105
   52   G   0.105   0.095   0.105
   53   E   0.101   0.107   0.102
   54   K   0.101   0.110   0.102
   55   L   0.098   0.098   0.101
   56   Q   0.100   0.094   0.101
   57   W   0.096   0.107   0.099
   58   F   0.099   0.095   0.100
   59   Q   0.099   0.102   0.100
   60   N   0.104   0.101   0.102
   61   H   0.095   0.100   0.097
   62   L   0.096   0.103   0.097
   63   D   0.098   0.106   0.098
   64   P   0.103   0.105   0.101
   65   Q   0.098   0.107   0.098
   66   K   0.101   0.107   0.100
   67   K   0.100   0.102   0.100
   68   R   0.098   0.110   0.099
   69   Y   0.100   0.105   0.100
   70   S   0.102   0.108   0.102
# Measure  Position  Value    Cutoff   signal peptide?
  max. C    45       0.109
  max. Y    45       0.109
  max. S    39       0.118
  mean S     1-44    0.103
       D     1-44    0.106   0.450   NO
Name=TMA16_HUMAN	SP='NO' D=0.106 D-cutoff=0.450 Networks=SignalP-noTM
