# SignalP-4.1 euk predictions
# Name=TMED4_HUMAN	Length=70	Networks=SignalP-TM
# pos  aa    C       S       Y
    1   M   0.103   0.626   0.254
    2   A   0.103   0.690   0.254
    3   G   0.099   0.712   0.250
    4   V   0.102   0.723   0.254
    5   G   0.105   0.724   0.259
    6   A   0.102   0.724   0.258
    7   G   0.102   0.751   0.260
    8   P   0.100   0.781   0.259
    9   L   0.104   0.838   0.266
   10   R   0.103   0.808   0.267
   11   A   0.106   0.793   0.273
   12   M   0.100   0.660   0.268
   13   G   0.105   0.582   0.275
   14   R   0.104   0.618   0.273
   15   Q   0.107   0.650   0.277
   16   A   0.106   0.696   0.275
   17   L   0.101   0.703   0.270
   18   L   0.103   0.771   0.272
   19   L   0.103   0.739   0.272
   20   L   0.105   0.687   0.275
   21   A   0.105   0.755   0.275
   22   L   0.103   0.733   0.272
   23   C   0.108   0.769   0.278
   24   A   0.107   0.711   0.276
   25   T   0.103   0.761   0.269
   26   G   0.106   0.789   0.273
   27   A   0.136   0.685   0.311
   28   Q   0.188   0.443   0.367
   29   G   0.115   0.426   0.285
   30   L   0.529   0.177   0.604
   31   Y   0.102   0.153   0.258
   32   F   0.122   0.123   0.273
   33   H   0.117   0.096   0.258
   34   I   0.099   0.084   0.227
   35   G   0.104   0.100   0.223
   36   E   0.103   0.109   0.211
   37   T   0.103   0.110   0.200
   38   E   0.116   0.101   0.198
   39   K   0.101   0.102   0.173
   40   R   0.100   0.105   0.158
   41   C   0.104   0.103   0.144
   42   F   0.104   0.107   0.129
   43   I   0.105   0.100   0.119
   44   E   0.104   0.101   0.108
   45   E   0.101   0.103   0.104
   46   I   0.099   0.106   0.101
   47   P   0.102   0.105   0.102
   48   D   0.105   0.103   0.104
   49   E   0.100   0.106   0.102
   50   T   0.103   0.110   0.104
   51   M   0.102   0.103   0.103
   52   V   0.102   0.100   0.103
   53   I   0.102   0.103   0.103
   54   G   0.104   0.105   0.104
   55   N   0.099   0.106   0.101
   56   Y   0.103   0.100   0.104
   57   R   0.101   0.102   0.102
   58   T   0.103   0.100   0.103
   59   Q   0.099   0.103   0.101
   60   M   0.102   0.104   0.103
   61   W   0.101   0.104   0.102
   62   D   0.102   0.103   0.103
   63   K   0.102   0.104   0.103
   64   Q   0.100   0.102   0.102
   65   K   0.101   0.102   0.102
   66   E   0.102   0.104   0.102
   67   V   0.102   0.101   0.102
   68   F   0.102   0.103   0.103
   69   L   0.104   0.100   0.103
   70   P   0.101   0.101   0.102
# Measure  Position  Value    Cutoff   signal peptide?
  max. C    30       0.529
  max. Y    30       0.604
  max. S     9       0.838
  mean S     1-29    0.702
       D     1-29    0.643   0.500   YES
Name=TMED4_HUMAN	SP='YES' Cleavage site between pos. 29 and 30: AQG-LY D=0.643 D-cutoff=0.500 Networks=SignalP-TM
