# SignalP-4.1 euk predictions
# Name=TMF1_HUMAN	Length=70	Networks=SignalP-TM
# pos  aa    C       S       Y
    1   M   0.101   0.340   0.186
    2   S   0.102   0.290   0.186
    3   W   0.100   0.250   0.183
    4   F   0.101   0.227   0.183
    5   N   0.102   0.215   0.181
    6   A   0.102   0.162   0.179
    7   S   0.098   0.163   0.172
    8   Q   0.102   0.149   0.172
    9   L   0.100   0.152   0.165
   10   S   0.100   0.153   0.162
   11   S   0.099   0.149   0.156
   12   F   0.101   0.166   0.154
   13   A   0.101   0.166   0.149
   14   K   0.101   0.149   0.146
   15   Q   0.103   0.156   0.142
   16   A   0.106   0.148   0.139
   17   L   0.100   0.155   0.131
   18   S   0.103   0.197   0.130
   19   Q   0.284   0.120   0.215
   20   A   0.104   0.142   0.128
   21   Q   0.135   0.111   0.144
   22   K   0.103   0.105   0.125
   23   S   0.104   0.108   0.124
   24   I   0.102   0.109   0.122
   25   D   0.101   0.111   0.120
   26   R   0.101   0.112   0.118
   27   V   0.103   0.113   0.118
   28   L   0.101   0.112   0.115
   29   D   0.102   0.112   0.115
   30   I   0.102   0.109   0.113
   31   Q   0.101   0.116   0.111
   32   E   0.103   0.109   0.111
   33   E   0.100   0.109   0.107
   34   E   0.103   0.104   0.108
   35   P   0.102   0.102   0.106
   36   S   0.102   0.104   0.105
   37   I   0.101   0.106   0.105
   38   W   0.103   0.112   0.106
   39   A   0.101   0.105   0.105
   40   E   0.118   0.105   0.113
   41   T   0.101   0.103   0.105
   42   I   0.101   0.106   0.104
   43   P   0.104   0.110   0.106
   44   Y   0.102   0.110   0.105
   45   G   0.102   0.106   0.105
   46   E   0.100   0.103   0.103
   47   P   0.105   0.100   0.106
   48   G   0.103   0.095   0.104
   49   I   0.100   0.093   0.102
   50   S   0.106   0.095   0.105
   51   S   0.103   0.094   0.103
   52   P   0.101   0.095   0.102
   53   V   0.101   0.093   0.101
   54   S   0.105   0.096   0.103
   55   G   0.102   0.099   0.101
   56   G   0.098   0.104   0.099
   57   W   0.102   0.101   0.101
   58   D   0.104   0.099   0.101
   59   T   0.100   0.098   0.099
   60   S   0.102   0.096   0.100
   61   T   0.104   0.098   0.100
   62   W   0.104   0.098   0.100
   63   G   0.103   0.100   0.100
   64   L   0.101   0.101   0.099
   65   K   0.103   0.104   0.100
   66   S   0.102   0.104   0.100
   67   N   0.103   0.105   0.101
   68   T   0.101   0.104   0.100
   69   E   0.106   0.105   0.103
   70   P   0.106   0.103   0.104
# Measure  Position  Value    Cutoff   signal peptide?
  max. C    19       0.284
  max. Y    19       0.215
  max. S     1       0.340
  mean S     1-18    0.188
       D     1-18    0.204   0.500   NO
Name=TMF1_HUMAN	SP='NO' D=0.204 D-cutoff=0.500 Networks=SignalP-TM
