# SignalP-4.1 euk predictions
# Name=TOX4_HUMAN	Length=70	Networks=SignalP-TM
# pos  aa    C       S       Y
    1   M   0.102   0.114   0.108
    2   E   0.102   0.103   0.108
    3   F   0.101   0.093   0.107
    4   P   0.103   0.097   0.107
    5   G   0.104   0.088   0.107
    6   G   0.100   0.097   0.104
    7   N   0.100   0.091   0.104
    8   D   0.103   0.087   0.104
    9   N   0.100   0.088   0.102
   10   Y   0.100   0.057   0.101
   11   L   0.102   0.054   0.100
   12   T   0.105   0.084   0.099
   13   I   0.102   0.099   0.097
   14   T   0.103   0.085   0.097
   15   G   0.102   0.085   0.095
   16   P   0.101   0.088   0.093
   17   S   0.103   0.082   0.094
   18   H   0.098   0.086   0.091
   19   P   0.101   0.082   0.092
   20   F   0.104   0.084   0.093
   21   L   0.102   0.100   0.092
   22   S   0.104   0.117   0.093
   23   G   0.103   0.119   0.094
   24   A   0.105   0.110   0.096
   25   E   0.106   0.099   0.098
   26   T   0.101   0.096   0.098
   27   F   0.114   0.097   0.104
   28   H   0.102   0.097   0.098
   29   T   0.102   0.098   0.099
   30   P   0.101   0.104   0.099
   31   S   0.102   0.109   0.100
   32   L   0.101   0.113   0.101
   33   G   0.105   0.108   0.103
   34   D   0.121   0.105   0.112
   35   E   0.102   0.103   0.103
   36   E   0.101   0.106   0.103
   37   F   0.102   0.103   0.103
   38   E   0.103   0.103   0.103
   39   I   0.102   0.110   0.103
   40   P   0.101   0.111   0.102
   41   P   0.104   0.106   0.104
   42   I   0.105   0.098   0.105
   43   S   0.104   0.096   0.105
   44   L   0.100   0.103   0.103
   45   D   0.101   0.104   0.103
   46   S   0.100   0.105   0.102
   47   D   0.101   0.101   0.103
   48   P   0.103   0.099   0.103
   49   S   0.105   0.098   0.104
   50   L   0.103   0.096   0.103
   51   A   0.103   0.092   0.103
   52   V   0.097   0.095   0.099
   53   S   0.102   0.093   0.101
   54   D   0.100   0.093   0.100
   55   V   0.103   0.092   0.101
   56   V   0.102   0.096   0.100
   57   G   0.103   0.097   0.100
   58   H   0.098   0.095   0.098
   59   F   0.101   0.099   0.099
   60   D   0.102   0.097   0.099
   61   D   0.103   0.101   0.099
   62   L   0.102   0.102   0.099
   63   A   0.106   0.102   0.101
   64   D   0.099   0.104   0.098
   65   P   0.104   0.102   0.100
   66   S   0.100   0.106   0.099
   67   S   0.104   0.105   0.101
   68   S   0.104   0.107   0.101
   69   Q   0.098   0.109   0.099
   70   D   0.102   0.107   0.102
# Measure  Position  Value    Cutoff   signal peptide?
  max. C    34       0.121
  max. Y    34       0.112
  max. S    23       0.119
  mean S     1-33    0.094
       D     1-33    0.105   0.500   NO
Name=TOX4_HUMAN	SP='NO' D=0.105 D-cutoff=0.500 Networks=SignalP-TM
