# SignalP-4.1 euk predictions
# Name=TR13C_HUMAN	Length=70	Networks=SignalP-noTM
# pos  aa    C       S       Y
    1   M   0.101   0.149   0.123
    2   R   0.102   0.152   0.123
    3   R   0.104   0.151   0.125
    4   G   0.105   0.170   0.126
    5   P   0.099   0.157   0.122
    6   R   0.104   0.139   0.125
    7   S   0.107   0.161   0.127
    8   L   0.100   0.242   0.123
    9   R   0.100   0.254   0.124
   10   G   0.104   0.195   0.129
   11   R   0.099   0.172   0.127
   12   D   0.110   0.172   0.134
   13   A   0.105   0.185   0.131
   14   P   0.100   0.154   0.129
   15   A   0.104   0.177   0.131
   16   P   0.095   0.142   0.126
   17   T   0.108   0.163   0.134
   18   P   0.097   0.190   0.128
   19   C   0.104   0.161   0.132
   20   V   0.100   0.143   0.130
   21   P   0.102   0.124   0.132
   22   A   0.104   0.105   0.132
   23   E   0.102   0.107   0.131
   24   C   0.104   0.106   0.131
   25   F   0.104   0.110   0.130
   26   D   0.104   0.109   0.129
   27   L   0.103   0.115   0.128
   28   L   0.107   0.124   0.129
   29   V   0.102   0.121   0.126
   30   R   0.105   0.118   0.127
   31   H   0.105   0.122   0.124
   32   C   0.101   0.129   0.119
   33   V   0.109   0.126   0.123
   34   A   0.099   0.221   0.117
   35   C   0.137   0.125   0.138
   36   G   0.110   0.120   0.122
   37   L   0.098   0.108   0.115
   38   L   0.103   0.130   0.117
   39   R   0.100   0.101   0.115
   40   T   0.102   0.109   0.114
   41   P   0.103   0.104   0.113
   42   R   0.106   0.109   0.114
   43   P   0.099   0.108   0.109
   44   K   0.103   0.117   0.111
   45   P   0.102   0.149   0.111
   46   A   0.107   0.157   0.114
   47   G   0.100   0.141   0.112
   48   A   0.104   0.128   0.114
   49   S   0.099   0.105   0.112
   50   S   0.104   0.097   0.115
   51   P   0.101   0.103   0.112
   52   A   0.104   0.100   0.113
   53   P   0.097   0.105   0.109
   54   R   0.106   0.098   0.114
   55   T   0.109   0.100   0.115
   56   A   0.111   0.102   0.115
   57   L   0.100   0.104   0.107
   58   Q   0.101   0.099   0.107
   59   P   0.100   0.101   0.106
   60   Q   0.107   0.100   0.110
   61   E   0.103   0.098   0.107
   62   S   0.106   0.093   0.108
   63   V   0.101   0.097   0.105
   64   G   0.104   0.096   0.107
   65   A   0.105   0.098   0.107
   66   G   0.098   0.101   0.103
   67   A   0.102   0.103   0.105
   68   G   0.101   0.103   0.103
   69   E   0.099   0.102   0.101
   70   A   0.106   0.102   0.104
# Measure  Position  Value    Cutoff   signal peptide?
  max. C    35       0.137
  max. Y    35       0.138
  max. S     9       0.254
  mean S     1-34    0.152
       D     1-34    0.146   0.450   NO
Name=TR13C_HUMAN	SP='NO' D=0.146 D-cutoff=0.450 Networks=SignalP-noTM
