# SignalP-4.1 euk predictions
# Name=TRI16_HUMAN	Length=70	Networks=SignalP-noTM
# pos  aa    C       S       Y
    1   M   0.104   0.116   0.110
    2   A   0.104   0.112   0.110
    3   E   0.097   0.139   0.106
    4   L   0.103   0.124   0.110
    5   D   0.101   0.112   0.109
    6   L   0.102   0.105   0.109
    7   M   0.106   0.105   0.111
    8   A   0.104   0.109   0.110
    9   P   0.100   0.120   0.107
   10   G   0.106   0.099   0.111
   11   P   0.097   0.106   0.106
   12   L   0.107   0.100   0.111
   13   P   0.100   0.103   0.107
   14   R   0.099   0.099   0.106
   15   A   0.102   0.103   0.107
   16   T   0.102   0.100   0.107
   17   A   0.106   0.119   0.109
   18   Q   0.265   0.103   0.172
   19   P   0.101   0.102   0.106
   20   P   0.102   0.099   0.106
   21   A   0.101   0.092   0.105
   22   P   0.099   0.103   0.103
   23   L   0.103   0.108   0.106
   24   S   0.101   0.103   0.104
   25   P   0.101   0.099   0.104
   26   D   0.104   0.100   0.105
   27   S   0.100   0.098   0.102
   28   G   0.100   0.094   0.102
   29   S   0.101   0.096   0.102
   30   P   0.101   0.099   0.102
   31   S   0.103   0.100   0.103
   32   P   0.098   0.103   0.100
   33   D   0.098   0.101   0.100
   34   S   0.104   0.098   0.103
   35   G   0.099   0.104   0.100
   36   S   0.103   0.112   0.102
   37   A   0.103   0.109   0.102
   38   S   0.098   0.113   0.100
   39   P   0.102   0.110   0.102
   40   V   0.098   0.105   0.100
   41   E   0.111   0.092   0.107
   42   E   0.105   0.089   0.103
   43   E   0.097   0.099   0.099
   44   D   0.106   0.096   0.104
   45   V   0.105   0.092   0.103
   46   G   0.106   0.089   0.103
   47   S   0.103   0.089   0.102
   48   S   0.103   0.093   0.101
   49   E   0.103   0.100   0.101
   50   K   0.103   0.103   0.101
   51   L   0.100   0.107   0.100
   52   G   0.108   0.107   0.104
   53   R   0.103   0.102   0.102
   54   E   0.112   0.095   0.106
   55   T   0.100   0.097   0.100
   56   E   0.106   0.097   0.103
   57   E   0.100   0.104   0.100
   58   Q   0.100   0.105   0.100
   59   D   0.103   0.105   0.102
   60   S   0.101   0.104   0.100
   61   D   0.100   0.106   0.099
   62   S   0.107   0.109   0.103
   63   A   0.105   0.108   0.102
   64   E   0.099   0.111   0.099
   65   Q   0.103   0.108   0.102
   66   G   0.096   0.106   0.099
   67   D   0.101   0.105   0.101
   68   P   0.110   0.103   0.106
   69   A   0.104   0.104   0.104
   70   G   0.102   0.107   0.103
# Measure  Position  Value    Cutoff   signal peptide?
  max. C    18       0.265
  max. Y    18       0.172
  max. S     3       0.139
  mean S     1-17    0.110
       D     1-17    0.139   0.450   NO
Name=TRI16_HUMAN	SP='NO' D=0.139 D-cutoff=0.450 Networks=SignalP-noTM
