# SignalP-4.1 euk predictions
# Name=TTMP_HUMAN	Length=70	Networks=SignalP-noTM
# pos  aa    C       S       Y
    1   M   0.101   0.109   0.105
    2   D   0.103   0.092   0.106
    3   L   0.104   0.088   0.106
    4   A   0.104   0.084   0.106
    5   Q   0.097   0.085   0.102
    6   P   0.105   0.086   0.105
    7   S   0.101   0.086   0.103
    8   Q   0.101   0.087   0.102
    9   P   0.102   0.084   0.102
   10   V   0.097   0.086   0.099
   11   D   0.101   0.079   0.100
   12   E   0.101   0.081   0.100
   13   L   0.098   0.081   0.098
   14   E   0.101   0.093   0.099
   15   L   0.099   0.103   0.097
   16   S   0.102   0.106   0.098
   17   V   0.100   0.104   0.098
   18   L   0.103   0.101   0.098
   19   E   0.102   0.097   0.098
   20   R   0.096   0.101   0.095
   21   Q   0.109   0.096   0.101
   22   P   0.102   0.100   0.097
   23   E   0.102   0.098   0.097
   24   E   0.101   0.096   0.096
   25   N   0.094   0.099   0.093
   26   T   0.102   0.098   0.097
   27   P   0.099   0.102   0.096
   28   L   0.100   0.113   0.097
   29   N   0.104   0.112   0.099
   30   G   0.102   0.114   0.099
   31   A   0.099   0.112   0.098
   32   D   0.100   0.111   0.099
   33   K   0.108   0.106   0.104
   34   V   0.100   0.104   0.101
   35   F   0.099   0.099   0.101
   36   P   0.112   0.099   0.107
   37   S   0.100   0.102   0.102
   38   L   0.101   0.101   0.102
   39   D   0.103   0.097   0.103
   40   E   0.095   0.096   0.099
   41   E   0.101   0.097   0.102
   42   V   0.099   0.099   0.101
   43   P   0.105   0.101   0.104
   44   P   0.106   0.109   0.104
   45   A   0.099   0.116   0.101
   46   E   0.101   0.124   0.102
   47   A   0.106   0.128   0.105
   48   N   0.118   0.115   0.112
   49   K   0.101   0.109   0.104
   50   E   0.098   0.112   0.103
   51   S   0.109   0.111   0.108
   52   P   0.102   0.110   0.105
   53   W   0.103   0.108   0.105
   54   S   0.102   0.098   0.105
   55   S   0.099   0.092   0.103
   56   C   0.100   0.090   0.103
   57   N   0.101   0.087   0.103
   58   K   0.102   0.094   0.103
   59   N   0.099   0.094   0.101
   60   V   0.107   0.099   0.105
   61   V   0.106   0.099   0.105
   62   G   0.106   0.099   0.105
   63   R   0.096   0.100   0.100
   64   C   0.103   0.101   0.104
   65   K   0.108   0.102   0.106
   66   L   0.104   0.096   0.104
   67   W   0.098   0.098   0.101
   68   M   0.102   0.097   0.103
   69   I   0.106   0.099   0.104
   70   I   0.103   0.093   0.102
# Measure  Position  Value    Cutoff   signal peptide?
  max. C    48       0.118
  max. Y    48       0.112
  max. S    47       0.128
  mean S     1-47    0.099
       D     1-47    0.105   0.450   NO
Name=TTMP_HUMAN	SP='NO' D=0.105 D-cutoff=0.450 Networks=SignalP-noTM
