# SignalP-4.1 euk predictions
# Name=TVBK1_HUMAN	Length=70	Networks=SignalP-TM
# pos  aa    C       S       Y
    1   M   0.101   0.957   0.312
    2   S   0.103   0.943   0.313
    3   T   0.101   0.942   0.311
    4   R   0.102   0.930   0.312
    5   L   0.104   0.937   0.314
    6   L   0.100   0.938   0.309
    7   C   0.101   0.947   0.310
    8   W   0.101   0.953   0.310
    9   M   0.104   0.951   0.314
   10   A   0.102   0.944   0.311
   11   L   0.099   0.936   0.306
   12   C   0.104   0.920   0.314
   13   L   0.099   0.911   0.305
   14   L   0.103   0.931   0.311
   15   G   0.102   0.930   0.309
   16   A   0.113   0.901   0.326
   17   E   0.122   0.885   0.338
   18   L   0.106   0.893   0.314
   19   S   0.171   0.775   0.399
   20   E   0.151   0.611   0.372
   21   A   0.116   0.583   0.321
   22   E   0.833   0.181   0.849
   23   V   0.101   0.311   0.287
   24   A   0.213   0.227   0.404
   25   Q   0.176   0.130   0.354
   26   S   0.108   0.120   0.266
   27   P   0.126   0.115   0.275
   28   R   0.101   0.113   0.234
   29   Y   0.099   0.114   0.219
   30   K   0.100   0.114   0.207
   31   I   0.103   0.109   0.195
   32   T   0.103   0.106   0.180
   33   E   0.103   0.101   0.163
   34   K   0.102   0.110   0.146
   35   S   0.103   0.093   0.134
   36   Q   0.104   0.088   0.120
   37   A   0.103   0.083   0.117
   38   V   0.101   0.079   0.108
   39   A   0.105   0.076   0.105
   40   F   0.100   0.060   0.101
   41   W   0.103   0.061   0.100
   42   C   0.102   0.068   0.097
   43   D   0.102   0.070   0.096
   44   P   0.102   0.080   0.094
   45   I   0.101   0.077   0.092
   46   S   0.104   0.094   0.093
   47   G   0.103   0.116   0.091
   48   H   0.109   0.103   0.095
   49   A   0.102   0.098   0.091
   50   T   0.102   0.095   0.092
   51   L   0.105   0.114   0.093
   52   Y   0.101   0.107   0.093
   53   W   0.101   0.119   0.094
   54   Y   0.104   0.109   0.097
   55   R   0.101   0.110   0.097
   56   Q   0.105   0.105   0.101
   57   I   0.103   0.112   0.102
   58   L   0.103   0.098   0.103
   59   G   0.103   0.106   0.103
   60   Q   0.107   0.098   0.106
   61   G   0.103   0.095   0.105
   62   P   0.097   0.098   0.101
   63   E   0.105   0.098   0.105
   64   L   0.101   0.104   0.103
   65   L   0.104   0.104   0.104
   66   V   0.102   0.103   0.103
   67   Q   0.101   0.102   0.103
   68   F   0.102   0.099   0.103
   69   Q   0.102   0.099   0.102
   70   D   0.104   0.094   0.103
# Measure  Position  Value    Cutoff   signal peptide?
  max. C    22       0.833
  max. Y    22       0.849
  max. S     1       0.957
  mean S     1-21    0.891
       D     1-21    0.866   0.500   YES
Name=TVBK1_HUMAN	SP='YES' Cleavage site between pos. 21 and 22: SEA-EV D=0.866 D-cutoff=0.500 Networks=SignalP-TM
