# SignalP-4.1 euk predictions
# Name=U2QL1_HUMAN	Length=70	Networks=SignalP-noTM
# pos  aa    C       S       Y
    1   M   0.101   0.141   0.120
    2   K   0.101   0.124   0.120
    3   E   0.102   0.115   0.120
    4   L   0.102   0.123   0.119
    5   Q   0.102   0.120   0.119
    6   D   0.103   0.109   0.119
    7   I   0.105   0.111   0.119
    8   A   0.101   0.098   0.117
    9   R   0.096   0.099   0.113
   10   L   0.104   0.088   0.117
   11   S   0.097   0.096   0.112
   12   D   0.099   0.096   0.112
   13   R   0.099   0.091   0.111
   14   F   0.097   0.092   0.109
   15   I   0.104   0.090   0.112
   16   S   0.102   0.089   0.109
   17   V   0.099   0.091   0.107
   18   E   0.096   0.088   0.104
   19   L   0.096   0.096   0.103
   20   V   0.094   0.085   0.101
   21   D   0.101   0.092   0.103
   22   E   0.104   0.098   0.104
   23   S   0.103   0.095   0.102
   24   L   0.100   0.097   0.100
   25   F   0.103   0.093   0.101
   26   D   0.100   0.095   0.099
   27   W   0.103   0.094   0.100
   28   N   0.102   0.098   0.099
   29   V   0.096   0.095   0.095
   30   K   0.101   0.110   0.097
   31   L   0.101   0.105   0.097
   32   H   0.100   0.099   0.097
   33   Q   0.101   0.111   0.098
   34   V   0.098   0.108   0.097
   35   D   0.098   0.104   0.097
   36   K   0.103   0.100   0.100
   37   D   0.104   0.091   0.100
   38   S   0.104   0.100   0.100
   39   V   0.098   0.096   0.098
   40   L   0.096   0.098   0.097
   41   W   0.100   0.094   0.099
   42   Q   0.098   0.102   0.098
   43   D   0.103   0.100   0.101
   44   M   0.100   0.100   0.099
   45   K   0.099   0.100   0.099
   46   E   0.100   0.095   0.100
   47   T   0.099   0.095   0.099
   48   N   0.105   0.104   0.102
   49   T   0.102   0.094   0.101
   50   E   0.103   0.093   0.101
   51   F   0.099   0.100   0.099
   52   I   0.102   0.096   0.101
   53   L   0.103   0.097   0.101
   54   L   0.104   0.099   0.102
   55   N   0.103   0.094   0.101
   56   L   0.104   0.104   0.101
   57   T   0.107   0.092   0.102
   58   F   0.105   0.096   0.101
   59   P   0.103   0.088   0.100
   60   D   0.103   0.093   0.100
   61   N   0.098   0.089   0.098
   62   F   0.098   0.089   0.097
   63   P   0.093   0.091   0.095
   64   F   0.096   0.094   0.096
   65   S   0.098   0.097   0.097
   66   P   0.095   0.101   0.095
   67   P   0.101   0.102   0.098
   68   F   0.096   0.103   0.096
   69   M   0.097   0.104   0.097
   70   R   0.102   0.102   0.099
# Measure  Position  Value    Cutoff   signal peptide?
  max. C    57       0.107
  max. Y    12       0.112
  max. S     1       0.141
  mean S     1-11    0.111
       D     1-11    0.112   0.450   NO
Name=U2QL1_HUMAN	SP='NO' D=0.112 D-cutoff=0.450 Networks=SignalP-noTM
