# SignalP-4.1 euk predictions
# Name=UBE4B_HUMAN	Length=70	Networks=SignalP-noTM
# pos  aa    C       S       Y
    1   M   0.102   0.147   0.122
    2   E   0.102   0.144   0.122
    3   E   0.101   0.119   0.122
    4   L   0.101   0.111   0.121
    5   S   0.106   0.115   0.123
    6   A   0.100   0.117   0.119
    7   D   0.101   0.120   0.119
    8   E   0.103   0.113   0.120
    9   I   0.101   0.115   0.118
   10   R   0.102   0.105   0.118
   11   R   0.105   0.095   0.119
   12   R   0.102   0.079   0.116
   13   R   0.103   0.086   0.115
   14   L   0.106   0.090   0.116
   15   A   0.103   0.090   0.113
   16   R   0.097   0.099   0.109
   17   L   0.109   0.101   0.114
   18   A   0.101   0.095   0.109
   19   G   0.101   0.093   0.108
   20   G   0.100   0.095   0.106
   21   Q   0.095   0.094   0.102
   22   T   0.110   0.089   0.109
   23   S   0.105   0.086   0.105
   24   Q   0.094   0.098   0.098
   25   P   0.102   0.096   0.101
   26   T   0.102   0.093   0.101
   27   T   0.102   0.099   0.100
   28   P   0.101   0.111   0.100
   29   L   0.106   0.106   0.102
   30   T   0.098   0.106   0.097
   31   S   0.098   0.108   0.097
   32   P   0.099   0.114   0.098
   33   Q   0.103   0.117   0.100
   34   R   0.104   0.108   0.101
   35   E   0.107   0.106   0.103
   36   N   0.099   0.100   0.099
   37   P   0.102   0.103   0.101
   38   P   0.104   0.095   0.102
   39   G   0.105   0.094   0.103
   40   P   0.099   0.095   0.100
   41   P   0.104   0.100   0.102
   42   I   0.106   0.102   0.103
   43   A   0.106   0.097   0.103
   44   A   0.094   0.092   0.097
   45   S   0.101   0.103   0.101
   46   A   0.103   0.101   0.102
   47   P   0.098   0.101   0.100
   48   G   0.110   0.095   0.106
   49   P   0.100   0.100   0.101
   50   S   0.109   0.084   0.106
   51   Q   0.102   0.087   0.102
   52   S   0.107   0.088   0.104
   53   L   0.098   0.090   0.099
   54   G   0.105   0.096   0.102
   55   L   0.106   0.090   0.102
   56   N   0.106   0.097   0.101
   57   V   0.103   0.101   0.100
   58   H   0.104   0.097   0.100
   59   N   0.101   0.096   0.098
   60   M   0.098   0.099   0.097
   61   T   0.104   0.100   0.100
   62   P   0.107   0.099   0.101
   63   A   0.103   0.095   0.100
   64   T   0.097   0.098   0.096
   65   S   0.101   0.097   0.098
   66   P   0.098   0.101   0.097
   67   I   0.106   0.097   0.101
   68   G   0.100   0.100   0.098
   69   A   0.097   0.102   0.096
   70   S   0.099   0.101   0.097
# Measure  Position  Value    Cutoff   signal peptide?
  max. C    48       0.110
  max. Y    11       0.119
  max. S     1       0.147
  mean S     1-10    0.121
       D     1-10    0.120   0.450   NO
Name=UBE4B_HUMAN	SP='NO' D=0.120 D-cutoff=0.450 Networks=SignalP-noTM
