# SignalP-4.1 euk predictions
# Name=UBFL1_HUMAN	Length=70	Networks=SignalP-TM
# pos  aa    C       S       Y
    1   M   0.103   0.322   0.182
    2   A   0.103   0.262   0.182
    3   L   0.099   0.263   0.178
    4   P   0.103   0.210   0.180
    5   R   0.102   0.173   0.176
    6   S   0.106   0.141   0.177
    7   Q   0.101   0.141   0.169
    8   G   0.103   0.157   0.166
    9   H   0.104   0.164   0.163
   10   W   0.098   0.196   0.155
   11   S   0.101   0.264   0.155
   12   N   0.098   0.214   0.151
   13   K   0.098   0.224   0.148
   14   D   0.101   0.192   0.149
   15   I   0.103   0.141   0.147
   16   L   0.102   0.132   0.141
   17   R   0.103   0.191   0.138
   18   L   0.102   0.189   0.136
   19   L   0.102   0.178   0.136
   20   E   0.100   0.169   0.134
   21   C   0.105   0.164   0.138
   22   M   0.105   0.134   0.139
   23   E   0.104   0.125   0.137
   24   N   0.101   0.126   0.135
   25   N   0.101   0.129   0.132
   26   R   0.100   0.128   0.128
   27   P   0.100   0.152   0.126
   28   S   0.102   0.122   0.125
   29   D   0.098   0.119   0.120
   30   D   0.102   0.131   0.122
   31   N   0.106   0.111   0.125
   32   S   0.099   0.113   0.118
   33   T   0.101   0.117   0.117
   34   F   0.102   0.117   0.116
   35   S   0.103   0.116   0.114
   36   S   0.099   0.119   0.111
   37   T   0.102   0.107   0.112
   38   Q   0.102   0.111   0.112
   39   S   0.104   0.099   0.112
   40   H   0.096   0.102   0.107
   41   M   0.101   0.099   0.108
   42   D   0.101   0.098   0.107
   43   W   0.101   0.100   0.106
   44   G   0.101   0.099   0.106
   45   K   0.100   0.106   0.104
   46   V   0.104   0.101   0.106
   47   A   0.101   0.105   0.104
   48   F   0.098   0.102   0.102
   49   K   0.102   0.101   0.103
   50   N   0.104   0.100   0.104
   51   F   0.105   0.097   0.103
   52   S   0.104   0.098   0.103
   53   G   0.102   0.103   0.101
   54   E   0.101   0.099   0.101
   55   M   0.105   0.097   0.103
   56   C   0.102   0.100   0.101
   57   R   0.103   0.100   0.102
   58   L   0.102   0.102   0.101
   59   K   0.103   0.097   0.102
   60   W   0.099   0.102   0.100
   61   L   0.102   0.107   0.101
   62   E   0.102   0.098   0.101
   63   I   0.103   0.104   0.102
   64   S   0.102   0.108   0.101
   65   C   0.101   0.105   0.101
   66   N   0.102   0.103   0.102
   67   L   0.101   0.106   0.101
   68   R   0.098   0.100   0.100
   69   K   0.102   0.095   0.102
   70   F   0.100   0.099   0.101
# Measure  Position  Value    Cutoff   signal peptide?
  max. C     6       0.106
  max. Y    11       0.155
  max. S     1       0.322
  mean S     1-10    0.203
       D     1-10    0.174   0.500   NO
Name=UBFL1_HUMAN	SP='NO' D=0.174 D-cutoff=0.500 Networks=SignalP-TM
