# SignalP-4.1 euk predictions
# Name=VEXIN_HUMAN	Length=70	Networks=SignalP-noTM
# pos  aa    C       S       Y
    1   M   0.100   0.109   0.105
    2   M   0.103   0.107   0.106
    3   H   0.102   0.097   0.106
    4   Q   0.101   0.096   0.105
    5   I   0.101   0.090   0.105
    6   Y   0.099   0.093   0.103
    7   S   0.101   0.095   0.104
    8   C   0.100   0.097   0.103
    9   S   0.100   0.096   0.103
   10   D   0.096   0.095   0.100
   11   E   0.095   0.091   0.100
   12   N   0.100   0.077   0.102
   13   I   0.100   0.066   0.101
   14   E   0.099   0.082   0.099
   15   V   0.099   0.088   0.099
   16   F   0.094   0.090   0.096
   17   T   0.103   0.087   0.100
   18   T   0.104   0.094   0.100
   19   V   0.104   0.095   0.099
   20   I   0.100   0.100   0.097
   21   P   0.097   0.100   0.095
   22   S   0.098   0.099   0.096
   23   K   0.102   0.096   0.097
   24   V   0.103   0.100   0.097
   25   S   0.096   0.114   0.094
   26   S   0.102   0.113   0.097
   27   P   0.097   0.105   0.095
   28   A   0.107   0.108   0.100
   29   R   0.095   0.118   0.095
   30   R   0.100   0.113   0.098
   31   R   0.103   0.114   0.100
   32   A   0.106   0.122   0.102
   33   K   0.101   0.112   0.100
   34   S   0.101   0.103   0.100
   35   S   0.103   0.102   0.102
   36   Q   0.105   0.100   0.104
   37   H   0.105   0.094   0.104
   38   L   0.102   0.089   0.103
   39   L   0.103   0.089   0.103
   40   T   0.101   0.089   0.103
   41   K   0.107   0.087   0.105
   42   N   0.106   0.083   0.105
   43   V   0.103   0.084   0.103
   44   V   0.101   0.081   0.102
   45   I   0.105   0.082   0.103
   46   E   0.098   0.091   0.099
   47   S   0.099   0.098   0.100
   48   D   0.102   0.090   0.101
   49   L   0.100   0.087   0.099
   50   Y   0.095   0.088   0.096
   51   T   0.102   0.094   0.099
   52   H   0.106   0.094   0.100
   53   Q   0.102   0.105   0.098
   54   P   0.101   0.115   0.097
   55   L   0.099   0.113   0.096
   56   E   0.102   0.114   0.098
   57   L   0.103   0.111   0.098
   58   L   0.099   0.113   0.096
   59   P   0.104   0.107   0.099
   60   H   0.104   0.109   0.100
   61   R   0.107   0.109   0.102
   62   G   0.107   0.109   0.102
   63   D   0.100   0.105   0.099
   64   R   0.097   0.105   0.098
   65   R   0.100   0.106   0.100
   66   D   0.103   0.109   0.102
   67   P   0.099   0.110   0.101
   68   G   0.106   0.111   0.105
   69   D   0.100   0.111   0.102
   70   R   0.104   0.104   0.105
# Measure  Position  Value    Cutoff   signal peptide?
  max. C    61       0.107
  max. Y    41       0.105
  max. S    32       0.122
  mean S     1-40    0.098
       D     1-40    0.101   0.450   NO
Name=VEXIN_HUMAN	SP='NO' D=0.101 D-cutoff=0.450 Networks=SignalP-noTM
