# SignalP-4.1 euk predictions
# Name=WDR46_HUMAN	Length=70	Networks=SignalP-noTM
# pos  aa    C       S       Y
    1   M   0.101   0.099   0.100
    2   E   0.103   0.098   0.101
    3   T   0.103   0.094   0.101
    4   A   0.104   0.087   0.102
    5   P   0.096   0.092   0.098
    6   K   0.103   0.094   0.100
    7   P   0.100   0.095   0.099
    8   G   0.104   0.098   0.101
    9   K   0.099   0.105   0.099
   10   D   0.102   0.096   0.100
   11   V   0.099   0.097   0.098
   12   P   0.105   0.087   0.101
   13   P   0.104   0.091   0.100
   14   K   0.103   0.097   0.100
   15   K   0.105   0.100   0.101
   16   D   0.104   0.104   0.100
   17   K   0.096   0.103   0.097
   18   L   0.101   0.106   0.099
   19   Q   0.106   0.105   0.102
   20   T   0.101   0.106   0.099
   21   K   0.103   0.107   0.100
   22   R   0.103   0.106   0.101
   23   K   0.102   0.101   0.100
   24   K   0.102   0.102   0.100
   25   P   0.098   0.103   0.098
   26   R   0.102   0.101   0.101
   27   R   0.104   0.100   0.102
   28   Y   0.103   0.100   0.101
   29   W   0.098   0.099   0.099
   30   E   0.101   0.105   0.101
   31   E   0.096   0.108   0.098
   32   E   0.099   0.103   0.100
   33   T   0.098   0.100   0.100
   34   V   0.102   0.107   0.102
   35   P   0.103   0.106   0.103
   36   T   0.109   0.102   0.106
   37   T   0.104   0.102   0.104
   38   A   0.107   0.096   0.105
   39   G   0.102   0.098   0.103
   40   A   0.099   0.102   0.101
   41   S   0.097   0.108   0.100
   42   P   0.105   0.101   0.104
   43   G   0.103   0.108   0.103
   44   P   0.096   0.108   0.100
   45   P   0.106   0.113   0.104
   46   R   0.101   0.117   0.102
   47   N   0.105   0.126   0.104
   48   K   0.096   0.126   0.101
   49   K   0.104   0.125   0.105
   50   N   0.103   0.123   0.105
   51   R   0.104   0.123   0.106
   52   E   0.109   0.119   0.109
   53   L   0.104   0.117   0.107
   54   R   0.104   0.106   0.107
   55   P   0.112   0.088   0.111
   56   Q   0.104   0.087   0.107
   57   R   0.109   0.082   0.109
   58   P   0.110   0.086   0.109
   59   K   0.104   0.092   0.106
   60   N   0.104   0.097   0.105
   61   A   0.106   0.096   0.106
   62   Y   0.097   0.099   0.102
   63   I   0.103   0.100   0.105
   64   L   0.097   0.100   0.102
   65   K   0.105   0.101   0.105
   66   K   0.100   0.098   0.103
   67   S   0.102   0.097   0.104
   68   R   0.101   0.097   0.103
   69   I   0.109   0.095   0.106
   70   S   0.099   0.095   0.101
# Measure  Position  Value    Cutoff   signal peptide?
  max. C    55       0.112
  max. Y    55       0.111
  max. S    48       0.126
  mean S     1-54    0.104
       D     1-54    0.107   0.450   NO
Name=WDR46_HUMAN	SP='NO' D=0.107 D-cutoff=0.450 Networks=SignalP-noTM
