# SignalP-4.1 euk predictions
# Name=WDR76_HUMAN	Length=70	Networks=SignalP-TM
# pos  aa    C       S       Y
    1   M   0.102   0.081   0.090
    2   S   0.102   0.082   0.091
    3   R   0.100   0.083   0.090
    4   S   0.104   0.093   0.092
    5   G   0.103   0.090   0.092
    6   A   0.101   0.088   0.091
    7   A   0.101   0.095   0.092
    8   A   0.102   0.085   0.093
    9   E   0.101   0.090   0.092
   10   K   0.101   0.093   0.093
   11   A   0.103   0.096   0.094
   12   D   0.100   0.062   0.093
   13   S   0.104   0.077   0.094
   14   R   0.104   0.102   0.094
   15   Q   0.103   0.114   0.095
   16   R   0.105   0.110   0.097
   17   P   0.102   0.110   0.097
   18   Q   0.104   0.108   0.098
   19   M   0.102   0.104   0.098
   20   K   0.101   0.113   0.098
   21   V   0.100   0.113   0.098
   22   N   0.102   0.111   0.100
   23   E   0.104   0.110   0.102
   24   Y   0.101   0.118   0.102
   25   K   0.102   0.120   0.103
   26   E   0.104   0.110   0.105
   27   N   0.102   0.112   0.105
   28   Q   0.102   0.103   0.107
   29   N   0.103   0.096   0.107
   30   I   0.106   0.092   0.108
   31   A   0.102   0.084   0.105
   32   Y   0.099   0.090   0.103
   33   V   0.103   0.087   0.104
   34   S   0.102   0.074   0.103
   35   L   0.100   0.078   0.101
   36   R   0.100   0.085   0.099
   37   P   0.104   0.088   0.101
   38   A   0.104   0.084   0.100
   39   Q   0.096   0.094   0.095
   40   T   0.107   0.089   0.099
   41   T   0.100   0.083   0.095
   42   V   0.102   0.083   0.095
   43   L   0.100   0.083   0.093
   44   I   0.102   0.082   0.093
   45   K   0.098   0.096   0.091
   46   T   0.105   0.101   0.095
   47   A   0.105   0.103   0.095
   48   K   0.100   0.102   0.093
   49   V   0.104   0.108   0.096
   50   Y   0.102   0.112   0.096
   51   L   0.103   0.120   0.098
   52   A   0.104   0.092   0.100
   53   P   0.098   0.104   0.097
   54   F   0.107   0.100   0.102
   55   S   0.098   0.132   0.098
   56   L   0.101   0.117   0.101
   57   S   0.102   0.115   0.103
   58   N   0.100   0.106   0.103
   59   Y   0.102   0.097   0.105
   60   Q   0.100   0.101   0.104
   61   L   0.104   0.101   0.106
   62   D   0.103   0.115   0.105
   63   Q   0.098   0.106   0.103
   64   L   0.101   0.102   0.105
   65   M   0.101   0.099   0.104
   66   C   0.100   0.098   0.103
   67   P   0.102   0.100   0.104
   68   K   0.100   0.098   0.103
   69   S   0.104   0.095   0.105
   70   L   0.102   0.099   0.103
# Measure  Position  Value    Cutoff   signal peptide?
  max. C    40       0.107
  max. Y    30       0.108
  max. S    55       0.132
  mean S     1-29    0.099
       D     1-29    0.104   0.500   NO
Name=WDR76_HUMAN	SP='NO' D=0.104 D-cutoff=0.500 Networks=SignalP-TM
