# SignalP-4.1 euk predictions
# Name=WNT11_HUMAN	Length=70	Networks=SignalP-noTM
# pos  aa    C       S       Y
    1   M   0.101   0.831   0.290
    2   R   0.105   0.858   0.295
    3   A   0.104   0.834   0.295
    4   R   0.098   0.842   0.286
    5   P   0.108   0.838   0.300
    6   Q   0.102   0.823   0.292
    7   V   0.102   0.834   0.292
    8   C   0.104   0.757   0.295
    9   E   0.102   0.772   0.291
   10   A   0.099   0.703   0.286
   11   L   0.103   0.802   0.291
   12   L   0.108   0.780   0.298
   13   F   0.099   0.772   0.284
   14   A   0.108   0.749   0.296
   15   L   0.100   0.722   0.285
   16   A   0.110   0.729   0.297
   17   L   0.108   0.509   0.294
   18   Q   0.104   0.647   0.286
   19   T   0.111   0.555   0.294
   20   G   0.109   0.569   0.289
   21   V   0.099   0.578   0.273
   22   C   0.103   0.549   0.277
   23   Y   0.294   0.345   0.463
   24   G   0.120   0.233   0.292
   25   I   0.511   0.115   0.589
   26   K   0.102   0.145   0.257
   27   W   0.093   0.190   0.240
   28   L   0.100   0.216   0.242
   29   A   0.105   0.206   0.242
   30   L   0.107   0.173   0.238
   31   S   0.107   0.125   0.232
   32   K   0.124   0.126   0.242
   33   T   0.105   0.127   0.217
   34   P   0.107   0.145   0.211
   35   S   0.105   0.171   0.201
   36   A   0.103   0.200   0.192
   37   L   0.103   0.143   0.186
   38   A   0.108   0.139   0.183
   39   L   0.188   0.097   0.230
   40   N   0.106   0.102   0.167
   41   Q   0.105   0.098   0.158
   42   T   0.104   0.108   0.151
   43   Q   0.109   0.101   0.146
   44   H   0.096   0.106   0.130
   45   C   0.100   0.109   0.125
   46   K   0.103   0.107   0.122
   47   Q   0.097   0.099   0.116
   48   L   0.105   0.095   0.120
   49   E   0.099   0.089   0.116
   50   G   0.098   0.093   0.114
   51   L   0.099   0.088   0.112
   52   V   0.098   0.093   0.109
   53   S   0.102   0.096   0.109
   54   A   0.104   0.107   0.109
   55   Q   0.100   0.094   0.107
   56   V   0.108   0.103   0.110
   57   Q   0.100   0.096   0.105
   58   L   0.102   0.093   0.105
   59   C   0.100   0.093   0.101
   60   R   0.101   0.092   0.101
   61   S   0.105   0.094   0.101
   62   N   0.099   0.091   0.098
   63   L   0.100   0.094   0.099
   64   E   0.099   0.093   0.098
   65   L   0.097   0.096   0.097
   66   M   0.103   0.096   0.100
   67   H   0.099   0.096   0.097
   68   T   0.107   0.097   0.101
   69   V   0.105   0.097   0.100
   70   V   0.102   0.097   0.098
# Measure  Position  Value    Cutoff   signal peptide?
  max. C    25       0.511
  max. Y    25       0.589
  max. S     2       0.858
  mean S     1-24    0.693
       D     1-24    0.645   0.450   YES
Name=WNT11_HUMAN	SP='YES' Cleavage site between pos. 24 and 25: CYG-IK D=0.645 D-cutoff=0.450 Networks=SignalP-noTM
