# SignalP-4.1 euk predictions
# Name=ZN253_HUMAN	Length=70	Networks=SignalP-noTM
# pos  aa    C       S       Y
    1   M   0.101   0.173   0.133
    2   G   0.103   0.140   0.133
    3   P   0.099   0.135   0.130
    4   L   0.106   0.136   0.134
    5   Q   0.105   0.122   0.133
    6   F   0.099   0.103   0.128
    7   R   0.098   0.112   0.126
    8   D   0.107   0.103   0.131
    9   V   0.103   0.099   0.127
   10   A   0.104   0.097   0.127
   11   I   0.097   0.102   0.121
   12   E   0.097   0.102   0.120
   13   F   0.096   0.111   0.117
   14   S   0.100   0.108   0.119
   15   L   0.098   0.107   0.116
   16   E   0.099   0.111   0.115
   17   E   0.100   0.110   0.115
   18   W   0.101   0.111   0.114
   19   H   0.099   0.104   0.112
   20   C   0.099   0.133   0.110
   21   L   0.107   0.110   0.114
   22   D   0.097   0.139   0.107
   23   T   0.099   0.121   0.107
   24   A   0.111   0.113   0.113
   25   Q   0.100   0.099   0.106
   26   R   0.104   0.104   0.108
   27   N   0.101   0.090   0.106
   28   L   0.097   0.108   0.103
   29   Y   0.102   0.105   0.106
   30   R   0.100   0.102   0.104
   31   D   0.105   0.101   0.106
   32   V   0.097   0.101   0.103
   33   M   0.103   0.098   0.106
   34   L   0.106   0.094   0.107
   35   E   0.101   0.099   0.104
   36   N   0.099   0.092   0.103
   37   Y   0.099   0.096   0.103
   38   R   0.098   0.100   0.102
   39   N   0.106   0.097   0.106
   40   L   0.102   0.096   0.104
   41   V   0.102   0.101   0.103
   42   F   0.102   0.109   0.103
   43   L   0.103   0.110   0.103
   44   G   0.106   0.089   0.105
   45   I   0.099   0.092   0.100
   46   V   0.106   0.094   0.103
   47   V   0.100   0.109   0.100
   48   S   0.101   0.102   0.100
   49   K   0.107   0.102   0.103
   50   P   0.096   0.100   0.098
   51   D   0.104   0.097   0.101
   52   L   0.099   0.117   0.099
   53   V   0.098   0.117   0.099
   54   T   0.101   0.124   0.101
   55   C   0.105   0.118   0.103
   56   L   0.228   0.106   0.153
   57   E   0.104   0.102   0.104
   58   Q   0.100   0.098   0.102
   59   G   0.101   0.104   0.102
   60   K   0.097   0.104   0.100
   61   K   0.104   0.103   0.104
   62   P   0.103   0.100   0.103
   63   L   0.102   0.102   0.103
   64   T   0.104   0.105   0.104
   65   M   0.106   0.103   0.105
   66   E   0.097   0.104   0.101
   67   R   0.099   0.103   0.102
   68   H   0.097   0.102   0.101
   69   E   0.102   0.104   0.104
   70   M   0.104   0.103   0.105
# Measure  Position  Value    Cutoff   signal peptide?
  max. C    56       0.228
  max. Y    56       0.153
  max. S     1       0.173
  mean S     1-55    0.108
       D     1-55    0.129   0.450   NO
Name=ZN253_HUMAN	SP='NO' D=0.129 D-cutoff=0.450 Networks=SignalP-noTM
