# SignalP-4.1 euk predictions
# Name=ZN548_HUMAN	Length=70	Networks=SignalP-TM
# pos  aa    C       S       Y
    1   M   0.101   0.098   0.100
    2   N   0.102   0.094   0.100
    3   L   0.102   0.096   0.100
    4   T   0.103   0.085   0.100
    5   E   0.104   0.091   0.100
    6   G   0.103   0.079   0.099
    7   R   0.103   0.087   0.099
    8   V   0.104   0.083   0.099
    9   V   0.101   0.076   0.097
   10   F   0.101   0.073   0.096
   11   E   0.099   0.070   0.094
   12   D   0.102   0.070   0.095
   13   V   0.103   0.078   0.094
   14   A   0.103   0.089   0.093
   15   I   0.098   0.093   0.091
   16   Y   0.101   0.094   0.092
   17   F   0.099   0.101   0.091
   18   S   0.102   0.118   0.093
   19   Q   0.102   0.112   0.094
   20   E   0.100   0.114   0.093
   21   E   0.102   0.111   0.096
   22   W   0.100   0.120   0.096
   23   G   0.102   0.124   0.098
   24   H   0.103   0.130   0.101
   25   L   0.103   0.136   0.102
   26   D   0.102   0.132   0.104
   27   E   0.102   0.133   0.106
   28   A   0.105   0.122   0.110
   29   Q   0.105   0.118   0.111
   30   R   0.106   0.110   0.112
   31   L   0.102   0.106   0.111
   32   L   0.101   0.110   0.110
   33   Y   0.102   0.103   0.110
   34   R   0.103   0.102   0.111
   35   D   0.104   0.101   0.111
   36   V   0.103   0.102   0.110
   37   M   0.103   0.093   0.110
   38   L   0.104   0.107   0.109
   39   E   0.101   0.110   0.107
   40   N   0.101   0.104   0.106
   41   L   0.102   0.114   0.105
   42   A   0.102   0.109   0.105
   43   L   0.100   0.100   0.103
   44   L   0.104   0.096   0.105
   45   S   0.101   0.097   0.102
   46   S   0.103   0.110   0.103
   47   L   0.104   0.121   0.104
   48   G   0.101   0.115   0.103
   49   S   0.100   0.105   0.103
   50   W   0.100   0.113   0.103
   51   H   0.099   0.113   0.103
   52   G   0.102   0.112   0.105
   53   A   0.125   0.102   0.116
   54   E   0.097   0.102   0.102
   55   D   0.102   0.108   0.105
   56   E   0.106   0.107   0.107
   57   E   0.101   0.106   0.104
   58   A   0.101   0.108   0.104
   59   P   0.097   0.110   0.103
   60   S   0.106   0.109   0.108
   61   Q   0.105   0.108   0.107
   62   Q   0.106   0.106   0.107
   63   G   0.104   0.105   0.106
   64   F   0.099   0.106   0.103
   65   S   0.106   0.102   0.107
   66   V   0.104   0.103   0.105
   67   G   0.106   0.103   0.106
   68   V   0.099   0.105   0.102
   69   S   0.103   0.104   0.105
   70   E   0.105   0.103   0.105
# Measure  Position  Value    Cutoff   signal peptide?
  max. C    53       0.125
  max. Y    53       0.116
  max. S    25       0.136
  mean S     1-52    0.104
       D     1-52    0.111   0.500   NO
Name=ZN548_HUMAN	SP='NO' D=0.111 D-cutoff=0.500 Networks=SignalP-TM
