# SignalP-4.1 euk predictions
# Name=ZNF70_HUMAN	Length=70	Networks=SignalP-TM
# pos  aa    C       S       Y
    1   M   0.102   0.112   0.107
    2   E   0.102   0.111   0.107
    3   V   0.101   0.105   0.106
    4   P   0.102   0.105   0.107
    5   P   0.106   0.104   0.108
    6   A   0.101   0.096   0.106
    7   T   0.099   0.094   0.104
    8   K   0.104   0.091   0.106
    9   F   0.098   0.082   0.102
   10   G   0.102   0.079   0.103
   11   E   0.100   0.064   0.101
   12   T   0.106   0.065   0.102
   13   F   0.103   0.077   0.099
   14   A   0.104   0.083   0.098
   15   F   0.103   0.092   0.096
   16   E   0.105   0.100   0.097
   17   N   0.099   0.104   0.094
   18   R   0.103   0.100   0.095
   19   L   0.102   0.104   0.095
   20   E   0.102   0.108   0.095
   21   S   0.104   0.123   0.096
   22   Q   0.111   0.118   0.100
   23   Q   0.102   0.109   0.097
   24   G   0.101   0.108   0.098
   25   L   0.100   0.103   0.098
   26   F   0.101   0.104   0.100
   27   P   0.101   0.102   0.102
   28   G   0.102   0.103   0.103
   29   E   0.095   0.108   0.100
   30   D   0.105   0.101   0.106
   31   L   0.102   0.102   0.104
   32   G   0.099   0.105   0.103
   33   D   0.100   0.106   0.103
   34   P   0.104   0.105   0.106
   35   F   0.102   0.103   0.104
   36   L   0.105   0.100   0.105
   37   Q   0.104   0.101   0.104
   38   E   0.101   0.100   0.102
   39   R   0.103   0.101   0.103
   40   G   0.101   0.098   0.102
   41   L   0.100   0.098   0.101
   42   E   0.104   0.095   0.103
   43   Q   0.101   0.092   0.101
   44   M   0.103   0.087   0.102
   45   A   0.102   0.092   0.101
   46   V   0.099   0.088   0.099
   47   I   0.103   0.088   0.100
   48   Y   0.101   0.088   0.099
   49   K   0.099   0.092   0.097
   50   E   0.101   0.091   0.097
   51   I   0.102   0.103   0.098
   52   P   0.101   0.104   0.097
   53   L   0.103   0.108   0.099
   54   G   0.104   0.104   0.099
   55   E   0.103   0.111   0.099
   56   Q   0.103   0.109   0.099
   57   D   0.107   0.108   0.102
   58   E   0.099   0.110   0.099
   59   E   0.102   0.109   0.101
   60   N   0.100   0.111   0.101
   61   D   0.102   0.109   0.102
   62   D   0.102   0.108   0.103
   63   Y   0.101   0.109   0.103
   64   E   0.101   0.110   0.104
   65   G   0.104   0.110   0.106
   66   N   0.100   0.111   0.104
   67   F   0.103   0.107   0.106
   68   S   0.103   0.107   0.106
   69   L   0.103   0.107   0.106
   70   C   0.104   0.104   0.106
# Measure  Position  Value    Cutoff   signal peptide?
  max. C    22       0.111
  max. Y    70       0.106
  max. S    21       0.123
  mean S     1-69    0.101
       D     1-69    0.104   0.500   NO
Name=ZNF70_HUMAN	SP='NO' D=0.104 D-cutoff=0.500 Networks=SignalP-TM
