# SignalP-4.1 euk predictions
# Name=ACYP2_HUMAN	Length=70	Networks=SignalP-noTM
# pos  aa    C       S       Y
    1   M   0.100   0.107   0.103
    2   S   0.103   0.114   0.105
    3   T   0.102   0.117   0.104
    4   A   0.104   0.108   0.106
    5   Q   0.098   0.105   0.103
    6   S   0.101   0.097   0.104
    7   L   0.096   0.100   0.101
    8   K   0.101   0.099   0.104
    9   S   0.101   0.098   0.104
   10   V   0.097   0.101   0.101
   11   D   0.101   0.091   0.103
   12   Y   0.105   0.076   0.105
   13   E   0.099   0.077   0.101
   14   V   0.099   0.086   0.100
   15   F   0.100   0.085   0.100
   16   G   0.103   0.080   0.102
   17   R   0.097   0.089   0.098
   18   V   0.107   0.096   0.103
   19   Q   0.101   0.095   0.099
   20   G   0.102   0.093   0.100
   21   V   0.123   0.089   0.109
   22   C   0.106   0.098   0.101
   23   F   0.107   0.099   0.101
   24   R   0.097   0.102   0.096
   25   M   0.103   0.097   0.099
   26   Y   0.107   0.095   0.100
   27   T   0.098   0.100   0.095
   28   E   0.100   0.106   0.096
   29   D   0.101   0.108   0.097
   30   E   0.103   0.102   0.098
   31   A   0.102   0.115   0.098
   32   R   0.111   0.110   0.102
   33   K   0.104   0.097   0.099
   34   I   0.100   0.101   0.098
   35   G   0.105   0.098   0.101
   36   V   0.102   0.095   0.100
   37   V   0.103   0.092   0.100
   38   G   0.107   0.088   0.102
   39   W   0.097   0.088   0.098
   40   V   0.099   0.097   0.099
   41   K   0.103   0.089   0.101
   42   N   0.101   0.087   0.100
   43   T   0.094   0.094   0.096
   44   S   0.103   0.096   0.101
   45   K   0.102   0.097   0.100
   46   G   0.103   0.098   0.100
   47   T   0.099   0.095   0.098
   48   V   0.102   0.098   0.100
   49   T   0.105   0.103   0.101
   50   G   0.108   0.109   0.103
   51   Q   0.107   0.106   0.103
   52   V   0.104   0.101   0.101
   53   Q   0.104   0.096   0.101
   54   G   0.105   0.096   0.101
   55   P   0.098   0.090   0.097
   56   E   0.107   0.101   0.101
   57   D   0.105   0.100   0.101
   58   K   0.097   0.104   0.097
   59   V   0.098   0.100   0.097
   60   N   0.101   0.103   0.099
   61   S   0.104   0.101   0.101
   62   M   0.096   0.107   0.097
   63   K   0.102   0.103   0.100
   64   S   0.105   0.101   0.102
   65   W   0.096   0.102   0.098
   66   L   0.107   0.102   0.103
   67   S   0.104   0.100   0.102
   68   K   0.101   0.096   0.101
   69   V   0.102   0.097   0.101
   70   G   0.105   0.097   0.103
# Measure  Position  Value    Cutoff   signal peptide?
  max. C    21       0.123
  max. Y    21       0.109
  max. S     3       0.117
  mean S     1-20    0.096
       D     1-20    0.102   0.450   NO
Name=ACYP2_HUMAN	SP='NO' D=0.102 D-cutoff=0.450 Networks=SignalP-noTM
