# SignalP-4.1 euk predictions
# Name=ANM6_HUMAN	Length=70	Networks=SignalP-noTM
# pos  aa    C       S       Y
    1   M   0.101   0.092   0.096
    2   S   0.103   0.091   0.097
    3   Q   0.099   0.092   0.096
    4   P   0.101   0.091   0.096
    5   K   0.102   0.087   0.097
    6   K   0.100   0.088   0.096
    7   R   0.099   0.094   0.095
    8   K   0.103   0.091   0.097
    9   L   0.101   0.090   0.096
   10   E   0.099   0.090   0.095
   11   S   0.104   0.084   0.097
   12   G   0.103   0.080   0.097
   13   G   0.100   0.086   0.095
   14   G   0.103   0.089   0.096
   15   G   0.102   0.093   0.096
   16   E   0.101   0.095   0.095
   17   G   0.101   0.094   0.095
   18   G   0.099   0.100   0.094
   19   E   0.098   0.104   0.094
   20   G   0.101   0.105   0.096
   21   T   0.103   0.108   0.097
   22   E   0.102   0.113   0.097
   23   E   0.100   0.113   0.097
   24   E   0.097   0.113   0.096
   25   D   0.100   0.120   0.098
   26   G   0.106   0.117   0.101
   27   A   0.104   0.114   0.101
   28   E   0.100   0.119   0.100
   29   R   0.105   0.120   0.103
   30   E   0.105   0.114   0.104
   31   A   0.109   0.112   0.106
   32   A   0.100   0.116   0.102
   33   L   0.102   0.115   0.103
   34   E   0.103   0.116   0.105
   35   R   0.102   0.113   0.105
   36   P   0.111   0.105   0.110
   37   R   0.105   0.106   0.107
   38   R   0.108   0.102   0.109
   39   T   0.109   0.096   0.110
   40   K   0.100   0.101   0.105
   41   R   0.105   0.100   0.108
   42   E   0.101   0.103   0.106
   43   R   0.102   0.102   0.107
   44   D   0.108   0.101   0.109
   45   Q   0.103   0.102   0.107
   46   L   0.102   0.101   0.106
   47   Y   0.108   0.102   0.109
   48   Y   0.100   0.095   0.104
   49   E   0.102   0.097   0.105
   50   C   0.102   0.097   0.104
   51   Y   0.105   0.098   0.105
   52   S   0.104   0.093   0.104
   53   D   0.097   0.092   0.100
   54   V   0.096   0.090   0.099
   55   S   0.099   0.104   0.100
   56   V   0.098   0.100   0.099
   57   H   0.094   0.104   0.097
   58   E   0.101   0.105   0.100
   59   E   0.096   0.109   0.098
   60   M   0.101   0.106   0.100
   61   I   0.103   0.104   0.101
   62   A   0.103   0.105   0.101
   63   D   0.094   0.108   0.097
   64   R   0.105   0.108   0.103
   65   V   0.105   0.106   0.103
   66   R   0.103   0.109   0.102
   67   T   0.106   0.103   0.104
   68   D   0.103   0.107   0.102
   69   A   0.105   0.105   0.103
   70   Y   0.097   0.108   0.099
# Measure  Position  Value    Cutoff   signal peptide?
  max. C    36       0.111
  max. Y    36       0.110
  max. S    25       0.120
  mean S     1-35    0.102
       D     1-35    0.106   0.450   NO
Name=ANM6_HUMAN	SP='NO' D=0.106 D-cutoff=0.450 Networks=SignalP-noTM
