# SignalP-4.1 euk predictions
# Name=ANO8_HUMAN	Length=70	Networks=SignalP-TM
# pos  aa    C       S       Y
    1   M   0.103   0.076   0.088
    2   A   0.103   0.079   0.088
    3   E   0.100   0.073   0.087
    4   A   0.105   0.073   0.089
    5   A   0.103   0.067   0.088
    6   S   0.101   0.069   0.087
    7   G   0.103   0.068   0.087
    8   A   0.103   0.074   0.087
    9   G   0.101   0.072   0.086
   10   G   0.101   0.073   0.086
   11   T   0.101   0.075   0.086
   12   S   0.105   0.074   0.088
   13   L   0.103   0.081   0.087
   14   E   0.102   0.089   0.086
   15   G   0.101   0.107   0.087
   16   E   0.107   0.111   0.091
   17   R   0.104   0.107   0.091
   18   G   0.105   0.112   0.092
   19   K   0.109   0.114   0.096
   20   R   0.099   0.117   0.093
   21   P   0.103   0.114   0.097
   22   P   0.105   0.119   0.099
   23   P   0.104   0.113   0.101
   24   E   0.106   0.112   0.103
   25   G   0.103   0.120   0.103
   26   E   0.100   0.119   0.103
   27   P   0.104   0.111   0.107
   28   A   0.105   0.107   0.108
   29   A   0.102   0.110   0.107
   30   P   0.102   0.112   0.108
   31   A   0.107   0.111   0.110
   32   S   0.102   0.101   0.108
   33   G   0.107   0.101   0.110
   34   V   0.100   0.100   0.106
   35   L   0.104   0.100   0.108
   36   D   0.103   0.098   0.106
   37   K   0.101   0.095   0.105
   38   L   0.104   0.093   0.106
   39   F   0.106   0.088   0.106
   40   G   0.104   0.081   0.104
   41   K   0.103   0.086   0.102
   42   R   0.102   0.085   0.101
   43   L   0.106   0.078   0.101
   44   L   0.105   0.085   0.100
   45   Q   0.100   0.097   0.096
   46   A   0.105   0.101   0.098
   47   G   0.102   0.099   0.097
   48   R   0.099   0.098   0.096
   49   Y   0.104   0.099   0.098
   50   L   0.101   0.098   0.096
   51   V   0.100   0.101   0.096
   52   S   0.101   0.106   0.096
   53   H   0.100   0.114   0.096
   54   K   0.099   0.112   0.097
   55   A   0.102   0.114   0.100
   56   W   0.097   0.113   0.098
   57   M   0.101   0.115   0.101
   58   K   0.100   0.105   0.102
   59   T   0.101   0.112   0.103
   60   V   0.100   0.108   0.103
   61   P   0.103   0.114   0.105
   62   T   0.105   0.105   0.107
   63   E   0.104   0.102   0.106
   64   N   0.103   0.102   0.106
   65   C   0.099   0.105   0.104
   66   D   0.101   0.103   0.105
   67   V   0.103   0.102   0.106
   68   L   0.104   0.102   0.106
   69   M   0.106   0.101   0.107
   70   T   0.102   0.099   0.104
# Measure  Position  Value    Cutoff   signal peptide?
  max. C    19       0.109
  max. Y    31       0.110
  max. S    25       0.120
  mean S     1-30    0.095
       D     1-30    0.104   0.500   NO
Name=ANO8_HUMAN	SP='NO' D=0.104 D-cutoff=0.500 Networks=SignalP-TM
