# SignalP-4.1 euk predictions
# Name=APOC4_HUMAN	Length=70	Networks=SignalP-noTM
# pos  aa    C       S       Y
    1   M   0.101   0.923   0.305
    2   S   0.103   0.935   0.308
    3   L   0.101   0.942   0.305
    4   L   0.101   0.948   0.305
    5   R   0.102   0.941   0.308
    6   N   0.103   0.957   0.308
    7   R   0.102   0.970   0.307
    8   L   0.107   0.976   0.315
    9   Q   0.108   0.978   0.317
   10   A   0.099   0.963   0.304
   11   L   0.097   0.951   0.302
   12   P   0.104   0.940   0.312
   13   A   0.101   0.942   0.308
   14   L   0.098   0.949   0.303
   15   C   0.101   0.969   0.308
   16   L   0.104   0.964   0.314
   17   C   0.102   0.968   0.310
   18   V   0.110   0.951   0.322
   19   L   0.100   0.950   0.307
   20   V   0.098   0.945   0.304
   21   L   0.102   0.916   0.311
   22   A   0.110   0.902   0.324
   23   C   0.374   0.825   0.596
   24   I   0.113   0.845   0.326
   25   G   0.110   0.897   0.322
   26   A   0.244   0.785   0.479
   27   C   0.243   0.694   0.476
   28   Q   0.202   0.462   0.431
   29   P   0.108   0.638   0.311
   30   E   0.352   0.280   0.557
   31   A   0.101   0.445   0.293
   32   Q   0.207   0.214   0.414
   33   E   0.113   0.232   0.300
   34   G   0.121   0.141   0.303
   35   T   0.116   0.123   0.289
   36   L   0.103   0.126   0.265
   37   S   0.106   0.118   0.262
   38   P   0.102   0.117   0.249
   39   P   0.105   0.114   0.245
   40   P   0.105   0.111   0.236
   41   K   0.110   0.106   0.233
   42   L   0.102   0.109   0.215
   43   K   0.101   0.109   0.206
   44   M   0.100   0.100   0.196
   45   S   0.101   0.097   0.186
   46   R   0.099   0.095   0.176
   47   W   0.105   0.094   0.171
   48   S   0.103   0.094   0.158
   49   L   0.098   0.091   0.144
   50   V   0.104   0.090   0.138
   51   R   0.100   0.093   0.129
   52   G   0.106   0.092   0.122
   53   R   0.098   0.104   0.114
   54   M   0.112   0.105   0.114
   55   K   0.105   0.104   0.108
   56   E   0.097   0.106   0.102
   57   L   0.099   0.098   0.102
   58   L   0.099   0.102   0.101
   59   E   0.104   0.095   0.103
   60   T   0.105   0.098   0.103
   61   V   0.103   0.100   0.102
   62   V   0.104   0.098   0.102
   63   N   0.104   0.097   0.101
   64   R   0.095   0.096   0.097
   65   T   0.101   0.100   0.099
   66   R   0.104   0.101   0.101
   67   D   0.106   0.097   0.102
   68   G   0.102   0.099   0.100
   69   W   0.097   0.102   0.097
   70   Q   0.103   0.102   0.100
# Measure  Position  Value    Cutoff   signal peptide?
  max. C    23       0.374
  max. Y    23       0.596
  max. S     9       0.978
  mean S     1-22    0.949
       D     1-22    0.787   0.450   YES
Name=APOC4_HUMAN	SP='YES' Cleavage site between pos. 22 and 23: VLA-CI D=0.787 D-cutoff=0.450 Networks=SignalP-noTM
