# SignalP-4.1 euk predictions
# Name=ARI2_HUMAN	Length=70	Networks=SignalP-noTM
# pos  aa    C       S       Y
    1   M   0.100   0.084   0.092
    2   S   0.103   0.082   0.093
    3   V   0.099   0.090   0.091
    4   D   0.099   0.087   0.091
    5   M   0.102   0.090   0.093
    6   N   0.097   0.093   0.091
    7   S   0.104   0.095   0.094
    8   Q   0.100   0.099   0.093
    9   G   0.100   0.099   0.093
   10   S   0.095   0.096   0.091
   11   D   0.097   0.091   0.092
   12   S   0.101   0.081   0.094
   13   N   0.101   0.074   0.094
   14   E   0.096   0.082   0.092
   15   E   0.097   0.089   0.092
   16   D   0.101   0.103   0.094
   17   Y   0.099   0.103   0.093
   18   D   0.098   0.110   0.093
   19   P   0.102   0.113   0.096
   20   N   0.101   0.116   0.096
   21   C   0.102   0.119   0.098
   22   E   0.102   0.122   0.098
   23   E   0.103   0.125   0.100
   24   E   0.098   0.122   0.098
   25   E   0.099   0.123   0.100
   26   E   0.103   0.127   0.102
   27   E   0.106   0.127   0.105
   28   E   0.102   0.127   0.104
   29   E   0.099   0.132   0.103
   30   D   0.105   0.132   0.106
   31   D   0.104   0.126   0.107
   32   P   0.105   0.125   0.108
   33   G   0.105   0.121   0.109
   34   D   0.103   0.122   0.108
   35   I   0.106   0.116   0.111
   36   E   0.101   0.122   0.109
   37   D   0.103   0.116   0.111
   38   Y   0.097   0.109   0.108
   39   Y   0.107   0.109   0.114
   40   V   0.104   0.098   0.112
   41   G   0.106   0.093   0.113
   42   V   0.102   0.095   0.110
   43   A   0.103   0.096   0.111
   44   S   0.098   0.105   0.107
   45   D   0.101   0.103   0.108
   46   V   0.097   0.101   0.106
   47   E   0.105   0.094   0.110
   48   Q   0.102   0.086   0.108
   49   Q   0.104   0.088   0.108
   50   G   0.106   0.081   0.108
   51   A   0.100   0.092   0.104
   52   D   0.096   0.106   0.101
   53   A   0.102   0.099   0.103
   54   F   0.102   0.099   0.103
   55   D   0.104   0.097   0.103
   56   P   0.103   0.099   0.102
   57   E   0.105   0.095   0.103
   58   E   0.106   0.103   0.103
   59   Y   0.105   0.098   0.102
   60   Q   0.101   0.105   0.099
   61   F   0.103   0.099   0.100
   62   T   0.101   0.105   0.099
   63   C   0.106   0.107   0.101
   64   L   0.107   0.103   0.102
   65   T   0.103   0.101   0.101
   66   Y   0.101   0.101   0.099
   67   K   0.103   0.102   0.101
   68   E   0.102   0.100   0.100
   69   S   0.101   0.102   0.100
   70   E   0.099   0.104   0.099
# Measure  Position  Value    Cutoff   signal peptide?
  max. C    39       0.107
  max. Y    39       0.114
  max. S    30       0.132
  mean S     1-38    0.108
       D     1-38    0.110   0.450   NO
Name=ARI2_HUMAN	SP='NO' D=0.110 D-cutoff=0.450 Networks=SignalP-noTM
