# SignalP-4.1 euk predictions
# Name=ATF5_HUMAN	Length=70	Networks=SignalP-TM
# pos  aa    C       S       Y
    1   M   0.102   0.587   0.244
    2   S   0.103   0.505   0.245
    3   L   0.102   0.393   0.243
    4   L   0.103   0.402   0.242
    5   A   0.103   0.372   0.239
    6   T   0.099   0.418   0.230
    7   L   0.104   0.405   0.234
    8   G   0.103   0.422   0.230
    9   L   0.102   0.421   0.226
   10   E   0.102   0.361   0.224
   11   L   0.098   0.452   0.215
   12   D   0.104   0.409   0.220
   13   R   0.099   0.403   0.211
   14   A   0.105   0.424   0.214
   15   L   0.101   0.338   0.208
   16   L   0.102   0.347   0.204
   17   P   0.103   0.318   0.202
   18   A   0.111   0.319   0.209
   19   S   0.101   0.267   0.197
   20   G   0.100   0.256   0.195
   21   L   0.119   0.227   0.209
   22   G   0.104   0.184   0.192
   23   W   0.119   0.157   0.200
   24   L   0.102   0.134   0.180
   25   V   0.101   0.126   0.175
   26   D   0.102   0.128   0.169
   27   Y   0.104   0.141   0.164
   28   G   0.100   0.130   0.155
   29   K   0.104   0.125   0.151
   30   L   0.103   0.113   0.145
   31   P   0.103   0.119   0.139
   32   P   0.100   0.142   0.132
   33   A   0.106   0.153   0.130
   34   P   0.101   0.148   0.124
   35   A   0.107   0.140   0.124
   36   P   0.100   0.120   0.118
   37   L   0.104   0.110   0.118
   38   A   0.102   0.114   0.116
   39   P   0.100   0.115   0.114
   40   Y   0.103   0.105   0.115
   41   E   0.102   0.102   0.114
   42   V   0.107   0.094   0.115
   43   L   0.103   0.090   0.112
   44   G   0.106   0.084   0.112
   45   G   0.101   0.092   0.108
   46   A   0.105   0.087   0.110
   47   L   0.101   0.093   0.106
   48   E   0.105   0.091   0.106
   49   G   0.102   0.089   0.102
   50   G   0.102   0.085   0.100
   51   L   0.103   0.083   0.100
   52   P   0.104   0.096   0.099
   53   V   0.104   0.095   0.098
   54   G   0.102   0.096   0.097
   55   G   0.102   0.100   0.097
   56   E   0.099   0.100   0.095
   57   P   0.105   0.099   0.098
   58   L   0.105   0.096   0.098
   59   A   0.102   0.098   0.097
   60   G   0.099   0.097   0.096
   61   D   0.104   0.099   0.099
   62   G   0.104   0.100   0.099
   63   F   0.102   0.104   0.098
   64   S   0.104   0.101   0.100
   65   D   0.101   0.103   0.099
   66   W   0.103   0.102   0.101
   67   M   0.100   0.104   0.100
   68   T   0.103   0.103   0.102
   69   E   0.104   0.101   0.102
   70   R   0.103   0.100   0.102
# Measure  Position  Value    Cutoff   signal peptide?
  max. C    21       0.119
  max. Y    12       0.220
  max. S     1       0.587
  mean S     1-11    0.431
       D     1-11    0.304   0.500   NO
Name=ATF5_HUMAN	SP='NO' D=0.304 D-cutoff=0.500 Networks=SignalP-TM
