# SignalP-4.1 euk predictions
# Name=ATG2B_HUMAN	Length=70	Networks=SignalP-noTM
# pos  aa    C       S       Y
    1   M   0.102   0.212   0.147
    2   P   0.102   0.341   0.147
    3   W   0.101   0.253   0.148
    4   P   0.103   0.203   0.150
    5   F   0.102   0.192   0.149
    6   S   0.102   0.240   0.149
    7   E   0.098   0.201   0.146
    8   S   0.101   0.177   0.149
    9   I   0.102   0.132   0.149
   10   K   0.101   0.143   0.147
   11   K   0.101   0.132   0.146
   12   R   0.102   0.174   0.145
   13   A   0.107   0.131   0.148
   14   C   0.097   0.108   0.140
   15   R   0.101   0.108   0.141
   16   Y   0.101   0.102   0.140
   17   L   0.098   0.104   0.136
   18   L   0.103   0.094   0.137
   19   Q   0.100   0.088   0.133
   20   R   0.098   0.090   0.130
   21   Y   0.103   0.095   0.131
   22   L   0.101   0.092   0.127
   23   G   0.107   0.093   0.129
   24   H   0.100   0.089   0.122
   25   F   0.099   0.093   0.117
   26   L   0.102   0.096   0.115
   27   Q   0.097   0.098   0.110
   28   E   0.098   0.094   0.109
   29   K   0.102   0.097   0.108
   30   L   0.098   0.097   0.104
   31   S   0.100   0.109   0.103
   32   L   0.102   0.099   0.104
   33   E   0.102   0.103   0.103
   34   Q   0.101   0.097   0.101
   35   L   0.101   0.096   0.100
   36   S   0.102   0.095   0.100
   37   L   0.093   0.101   0.095
   38   D   0.103   0.091   0.099
   39   L   0.098   0.091   0.097
   40   Y   0.102   0.097   0.099
   41   Q   0.101   0.093   0.098
   42   G   0.102   0.106   0.099
   43   T   0.098   0.103   0.097
   44   G   0.101   0.127   0.099
   45   S   0.094   0.125   0.096
   46   L   0.100   0.106   0.100
   47   A   0.099   0.101   0.100
   48   Q   0.136   0.082   0.117
   49   V   0.101   0.080   0.101
   50   P   0.101   0.089   0.100
   51   L   0.107   0.092   0.103
   52   D   0.100   0.091   0.100
   53   K   0.101   0.086   0.100
   54   W   0.099   0.090   0.099
   55   C   0.098   0.105   0.098
   56   L   0.103   0.105   0.100
   57   N   0.105   0.097   0.101
   58   E   0.099   0.098   0.099
   59   I   0.102   0.095   0.100
   60   L   0.100   0.098   0.099
   61   E   0.107   0.098   0.102
   62   S   0.098   0.098   0.098
   63   A   0.098   0.105   0.098
   64   D   0.100   0.102   0.100
   65   A   0.106   0.100   0.102
   66   P   0.093   0.104   0.096
   67   L   0.107   0.103   0.102
   68   E   0.102   0.101   0.099
   69   V   0.099   0.098   0.098
   70   T   0.099   0.102   0.098
# Measure  Position  Value    Cutoff   signal peptide?
  max. C    48       0.136
  max. Y    13       0.148
  max. S     2       0.341
  mean S     1-12    0.200
       D     1-12    0.176   0.450   NO
Name=ATG2B_HUMAN	SP='NO' D=0.176 D-cutoff=0.450 Networks=SignalP-noTM
