# SignalP-4.1 euk predictions
# Name=ATG4B_HUMAN	Length=70	Networks=SignalP-noTM
# pos  aa    C       S       Y
    1   M   0.101   0.100   0.100
    2   D   0.105   0.092   0.103
    3   A   0.104   0.094   0.102
    4   A   0.100   0.091   0.100
    5   T   0.099   0.103   0.099
    6   L   0.100   0.105   0.100
    7   T   0.100   0.103   0.100
    8   Y   0.103   0.101   0.101
    9   D   0.102   0.100   0.101
   10   T   0.099   0.092   0.099
   11   L   0.104   0.091   0.102
   12   R   0.105   0.088   0.102
   13   F   0.103   0.091   0.101
   14   A   0.104   0.107   0.101
   15   E   0.096   0.098   0.097
   16   F   0.100   0.099   0.099
   17   E   0.118   0.094   0.108
   18   D   0.101   0.095   0.100
   19   F   0.097   0.092   0.097
   20   P   0.099   0.095   0.098
   21   E   0.099   0.102   0.098
   22   T   0.099   0.112   0.098
   23   S   0.104   0.109   0.101
   24   E   0.099   0.101   0.099
   25   P   0.099   0.100   0.098
   26   V   0.110   0.101   0.104
   27   W   0.098   0.100   0.099
   28   I   0.105   0.099   0.102
   29   L   0.100   0.102   0.100
   30   G   0.105   0.101   0.102
   31   R   0.095   0.101   0.097
   32   K   0.105   0.098   0.102
   33   Y   0.099   0.100   0.099
   34   S   0.106   0.098   0.103
   35   I   0.099   0.096   0.099
   36   F   0.097   0.097   0.099
   37   T   0.103   0.097   0.101
   38   E   0.098   0.102   0.099
   39   K   0.098   0.108   0.099
   40   D   0.101   0.098   0.100
   41   E   0.100   0.096   0.100
   42   I   0.099   0.102   0.100
   43   L   0.101   0.095   0.101
   44   S   0.100   0.103   0.100
   45   D   0.100   0.103   0.100
   46   V   0.100   0.100   0.100
   47   A   0.104   0.097   0.102
   48   S   0.099   0.093   0.099
   49   R   0.099   0.086   0.099
   50   L   0.098   0.086   0.098
   51   W   0.100   0.095   0.099
   52   F   0.096   0.094   0.097
   53   T   0.098   0.090   0.098
   54   Y   0.104   0.106   0.100
   55   R   0.104   0.107   0.101
   56   K   0.105   0.107   0.101
   57   N   0.097   0.104   0.097
   58   F   0.099   0.100   0.099
   59   P   0.101   0.097   0.100
   60   A   0.106   0.100   0.102
   61   I   0.100   0.100   0.099
   62   G   0.103   0.099   0.100
   63   G   0.100   0.104   0.099
   64   T   0.106   0.099   0.102
   65   G   0.105   0.102   0.101
   66   P   0.097   0.102   0.098
   67   T   0.101   0.101   0.100
   68   S   0.102   0.105   0.100
   69   D   0.102   0.103   0.101
   70   T   0.099   0.108   0.099
# Measure  Position  Value    Cutoff   signal peptide?
  max. C    17       0.118
  max. Y    17       0.108
  max. S    22       0.112
  mean S     1-16    0.097
       D     1-16    0.102   0.450   NO
Name=ATG4B_HUMAN	SP='NO' D=0.102 D-cutoff=0.450 Networks=SignalP-noTM
