# SignalP-4.1 euk predictions
# Name=ATP23_HUMAN	Length=70	Networks=SignalP-TM
# pos  aa    C       S       Y
    1   M   0.103   0.118   0.110
    2   A   0.103   0.116   0.111
    3   G   0.100   0.124   0.109
    4   A   0.102   0.117   0.110
    5   P   0.098   0.133   0.108
    6   D   0.105   0.137   0.112
    7   E   0.101   0.141   0.110
    8   R   0.102   0.121   0.112
    9   R   0.103   0.123   0.112
   10   R   0.103   0.119   0.112
   11   G   0.104   0.097   0.113
   12   P   0.103   0.100   0.112
   13   A   0.107   0.133   0.113
   14   A   0.102   0.126   0.111
   15   G   0.101   0.114   0.111
   16   E   0.102   0.126   0.111
   17   Q   0.104   0.116   0.113
   18   L   0.105   0.112   0.113
   19   Q   0.105   0.120   0.113
   20   Q   0.100   0.112   0.110
   21   Q   0.104   0.102   0.111
   22   H   0.103   0.098   0.109
   23   V   0.102   0.095   0.108
   24   S   0.103   0.092   0.107
   25   C   0.100   0.089   0.105
   26   Q   0.104   0.092   0.107
   27   V   0.100   0.092   0.104
   28   F   0.098   0.094   0.102
   29   P   0.102   0.099   0.103
   30   E   0.099   0.099   0.101
   31   R   0.103   0.101   0.102
   32   L   0.106   0.113   0.103
   33   A   0.101   0.111   0.100
   34   Q   0.108   0.114   0.103
   35   G   0.104   0.103   0.102
   36   N   0.108   0.099   0.104
   37   P   0.108   0.104   0.103
   38   Q   0.107   0.110   0.104
   39   Q   0.103   0.109   0.102
   40   G   0.103   0.104   0.103
   41   F   0.097   0.097   0.100
   42   F   0.100   0.096   0.102
   43   S   0.102   0.098   0.103
   44   S   0.102   0.095   0.103
   45   F   0.100   0.093   0.102
   46   F   0.103   0.092   0.103
   47   T   0.101   0.095   0.102
   48   S   0.102   0.099   0.101
   49   N   0.101   0.092   0.100
   50   Q   0.101   0.085   0.100
   51   K   0.100   0.092   0.099
   52   C   0.100   0.105   0.098
   53   Q   0.104   0.097   0.100
   54   L   0.103   0.100   0.099
   55   R   0.100   0.099   0.098
   56   L   0.101   0.098   0.098
   57   L   0.101   0.103   0.098
   58   K   0.102   0.105   0.099
   59   T   0.105   0.119   0.101
   60   L   0.102   0.108   0.100
   61   E   0.102   0.114   0.101
   62   T   0.102   0.108   0.101
   63   N   0.100   0.102   0.101
   64   P   0.101   0.110   0.102
   65   Y   0.101   0.105   0.103
   66   V   0.101   0.104   0.103
   67   K   0.100   0.102   0.102
   68   L   0.102   0.103   0.104
   69   L   0.097   0.100   0.101
   70   L   0.102   0.097   0.104
# Measure  Position  Value    Cutoff   signal peptide?
  max. C    36       0.108
  max. Y    13       0.113
  max. S     7       0.141
  mean S     1-12    0.121
       D     1-12    0.116   0.500   NO
Name=ATP23_HUMAN	SP='NO' D=0.116 D-cutoff=0.500 Networks=SignalP-TM
