# SignalP-4.1 euk predictions
# Name=ATPG_HUMAN	Length=70	Networks=SignalP-noTM
# pos  aa    C       S       Y
    1   M   0.101   0.345   0.187
    2   F   0.101   0.337   0.186
    3   S   0.103   0.231   0.188
    4   R   0.102   0.208   0.186
    5   A   0.107   0.220   0.188
    6   G   0.097   0.228   0.178
    7   V   0.101   0.243   0.180
    8   A   0.103   0.218   0.181
    9   G   0.100   0.187   0.176
   10   L   0.098   0.220   0.173
   11   S   0.101   0.214   0.174
   12   A   0.105   0.227   0.175
   13   W   0.099   0.220   0.169
   14   T   0.102   0.181   0.169
   15   L   0.102   0.209   0.167
   16   Q   0.105   0.203   0.168
   17   P   0.101   0.176   0.162
   18   Q   0.113   0.151   0.170
   19   W   0.099   0.216   0.156
   20   I   0.102   0.240   0.156
   21   Q   0.104   0.189   0.156
   22   V   0.100   0.174   0.151
   23   R   0.104   0.130   0.151
   24   N   0.105   0.148   0.149
   25   M   0.102   0.149   0.143
   26   A   0.109   0.132   0.147
   27   T   0.102   0.125   0.141
   28   L   0.103   0.133   0.140
   29   K   0.105   0.108   0.139
   30   D   0.099   0.101   0.133
   31   I   0.105   0.101   0.135
   32   T   0.104   0.106   0.133
   33   R   0.106   0.096   0.132
   34   R   0.106   0.103   0.130
   35   L   0.105   0.102   0.127
   36   K   0.096   0.094   0.120
   37   S   0.102   0.099   0.121
   38   I   0.109   0.100   0.123
   39   K   0.098   0.103   0.115
   40   N   0.104   0.099   0.117
   41   I   0.104   0.091   0.116
   42   Q   0.096   0.093   0.109
   43   K   0.100   0.092   0.108
   44   I   0.093   0.089   0.103
   45   T   0.098   0.097   0.103
   46   K   0.101   0.091   0.104
   47   S   0.099   0.092   0.102
   48   M   0.096   0.096   0.099
   49   K   0.099   0.093   0.100
   50   M   0.096   0.097   0.098
   51   V   0.103   0.099   0.100
   52   A   0.106   0.123   0.101
   53   A   0.101   0.139   0.099
   54   A   0.099   0.130   0.099
   55   K   0.093   0.117   0.097
   56   Y   0.103   0.112   0.102
   57   A   0.101   0.112   0.101
   58   R   0.101   0.112   0.102
   59   A   0.111   0.107   0.107
   60   E   0.118   0.110   0.111
   61   R   0.105   0.108   0.105
   62   E   0.106   0.104   0.105
   63   L   0.103   0.103   0.104
   64   K   0.105   0.104   0.105
   65   P   0.104   0.103   0.105
   66   A   0.105   0.105   0.106
   67   R   0.101   0.102   0.104
   68   I   0.111   0.100   0.109
   69   Y   0.101   0.100   0.104
   70   G   0.105   0.102   0.107
# Measure  Position  Value    Cutoff   signal peptide?
  max. C    60       0.118
  max. Y    12       0.175
  max. S     1       0.345
  mean S     1-11    0.241
       D     1-11    0.211   0.450   NO
Name=ATPG_HUMAN	SP='NO' D=0.211 D-cutoff=0.450 Networks=SignalP-noTM
