# SignalP-4.1 euk predictions
# Name=B4GN2_HUMAN	Length=70	Networks=SignalP-TM
# pos  aa    C       S       Y
    1   M   0.102   0.107   0.104
    2   G   0.103   0.110   0.105
    3   S   0.101   0.107   0.104
    4   A   0.103   0.108   0.105
    5   G   0.099   0.100   0.103
    6   F   0.100   0.098   0.103
    7   S   0.100   0.105   0.103
    8   V   0.102   0.101   0.104
    9   G   0.103   0.126   0.104
   10   K   0.098   0.110   0.102
   11   F   0.102   0.101   0.104
   12   H   0.103   0.079   0.105
   13   V   0.103   0.109   0.104
   14   E   0.100   0.124   0.102
   15   V   0.105   0.161   0.105
   16   A   0.101   0.147   0.105
   17   S   0.104   0.123   0.108
   18   R   0.103   0.130   0.108
   19   G   0.106   0.120   0.111
   20   R   0.107   0.104   0.112
   21   E   0.102   0.108   0.110
   22   C   0.104   0.117   0.110
   23   V   0.103   0.116   0.110
   24   S   0.105   0.131   0.111
   25   G   0.102   0.128   0.111
   26   T   0.107   0.120   0.114
   27   P   0.105   0.115   0.114
   28   E   0.103   0.112   0.113
   29   C   0.100   0.109   0.111
   30   G   0.101   0.107   0.110
   31   N   0.102   0.106   0.110
   32   R   0.104   0.095   0.110
   33   L   0.103   0.093   0.108
   34   G   0.106   0.099   0.109
   35   S   0.101   0.095   0.106
   36   A   0.105   0.099   0.108
   37   G   0.100   0.102   0.104
   38   F   0.105   0.100   0.107
   39   G   0.103   0.094   0.104
   40   A   0.101   0.099   0.102
   41   L   0.102   0.093   0.102
   42   C   0.101   0.094   0.101
   43   L   0.100   0.093   0.100
   44   E   0.105   0.093   0.102
   45   L   0.102   0.095   0.100
   46   R   0.104   0.092   0.100
   47   G   0.105   0.116   0.101
   48   A   0.104   0.107   0.101
   49   D   0.103   0.094   0.101
   50   P   0.104   0.107   0.101
   51   A   0.111   0.098   0.105
   52   W   0.097   0.108   0.098
   53   G   0.101   0.115   0.100
   54   P   0.097   0.108   0.099
   55   F   0.105   0.113   0.103
   56   A   0.103   0.118   0.102
   57   A   0.101   0.118   0.102
   58   H   0.098   0.117   0.102
   59   G   0.104   0.113   0.106
   60   R   0.101   0.109   0.105
   61   S   0.107   0.110   0.108
   62   R   0.102   0.103   0.106
   63   R   0.106   0.100   0.107
   64   Q   0.104   0.102   0.107
   65   G   0.104   0.103   0.107
   66   S   0.101   0.104   0.105
   67   R   0.103   0.100   0.106
   68   F   0.106   0.104   0.107
   69   L   0.100   0.104   0.104
   70   W   0.101   0.105   0.104
# Measure  Position  Value    Cutoff   signal peptide?
  max. C    51       0.111
  max. Y    27       0.114
  max. S    15       0.161
  mean S     1-26    0.115
       D     1-26    0.115   0.500   NO
Name=B4GN2_HUMAN	SP='NO' D=0.115 D-cutoff=0.500 Networks=SignalP-TM
