# SignalP-4.1 euk predictions
# Name=BCE1_HUMAN	Length=70	Networks=SignalP-noTM
# pos  aa    C       S       Y
    1   M   0.102   0.083   0.092
    2   G   0.103   0.088   0.092
    3   R   0.098   0.095   0.090
    4   T   0.106   0.089   0.094
    5   P   0.104   0.090   0.093
    6   T   0.104   0.100   0.094
    7   A   0.103   0.099   0.093
    8   V   0.097   0.100   0.091
    9   Q   0.101   0.096   0.093
   10   V   0.098   0.096   0.092
   11   K   0.097   0.111   0.092
   12   S   0.108   0.082   0.098
   13   F   0.094   0.090   0.092
   14   T   0.103   0.094   0.096
   15   K   0.105   0.097   0.097
   16   Q   0.100   0.099   0.095
   17   G   0.104   0.097   0.097
   18   Q   0.097   0.093   0.094
   19   Q   0.103   0.097   0.098
   20   R   0.104   0.102   0.098
   21   R   0.101   0.101   0.098
   22   V   0.097   0.102   0.096
   23   C   0.097   0.112   0.096
   24   R   0.103   0.107   0.100
   25   D   0.101   0.103   0.099
   26   L   0.100   0.106   0.099
   27   P   0.106   0.096   0.102
   28   L   0.101   0.098   0.100
   29   K   0.106   0.106   0.102
   30   N   0.099   0.100   0.099
   31   T   0.104   0.109   0.101
   32   K   0.105   0.134   0.103
   33   N   0.103   0.143   0.102
   34   G   0.102   0.152   0.102
   35   L   0.096   0.126   0.101
   36   S   0.103   0.119   0.105
   37   P   0.101   0.127   0.105
   38   G   0.105   0.112   0.108
   39   M   0.096   0.103   0.103
   40   R   0.104   0.108   0.108
   41   T   0.103   0.128   0.107
   42   C   0.097   0.125   0.105
   43   F   0.093   0.133   0.103
   44   L   0.104   0.128   0.110
   45   Y   0.099   0.152   0.108
   46   L   0.100   0.178   0.109
   47   R   0.103   0.236   0.112
   48   F   0.104   0.300   0.115
   49   F   0.104   0.316   0.119
   50   P   0.100   0.272   0.121
   51   C   0.106   0.205   0.128
   52   L   0.102   0.187   0.127
   53   S   0.099   0.199   0.127
   54   W   0.106   0.140   0.133
   55   M   0.099   0.112   0.129
   56   S   0.101   0.102   0.130
   57   L   0.097   0.108   0.126
   58   K   0.094   0.103   0.124
   59   W   0.094   0.102   0.124
   60   T   0.104   0.107   0.129
   61   Q   0.106   0.105   0.131
   62   A   0.101   0.103   0.127
   63   V   0.153   0.101   0.157
   64   H   0.099   0.108   0.126
   65   C   0.105   0.107   0.129
   66   A   0.182   0.103   0.169
   67   R   0.097   0.100   0.123
   68   N   0.102   0.102   0.125
   69   I   0.095   0.099   0.120
   70   V   0.103   0.099   0.122
# Measure  Position  Value    Cutoff   signal peptide?
  max. C    66       0.182
  max. Y    66       0.169
  max. S    49       0.316
  mean S     1-65    0.123
       D     1-65    0.145   0.450   NO
Name=BCE1_HUMAN	SP='NO' D=0.145 D-cutoff=0.450 Networks=SignalP-noTM
