# SignalP-4.1 euk predictions
# Name=BMX_HUMAN	Length=70	Networks=SignalP-noTM
# pos  aa    C       S       Y
    1   M   0.101   0.088   0.094
    2   D   0.102   0.087   0.095
    3   T   0.101   0.086   0.094
    4   K   0.101   0.087   0.094
    5   S   0.105   0.091   0.096
    6   I   0.100   0.088   0.094
    7   L   0.099   0.095   0.093
    8   E   0.101   0.094   0.094
    9   E   0.100   0.094   0.094
   10   L   0.101   0.097   0.095
   11   L   0.104   0.113   0.096
   12   L   0.105   0.113   0.098
   13   K   0.099   0.126   0.095
   14   R   0.099   0.112   0.096
   15   S   0.107   0.124   0.100
   16   Q   0.102   0.110   0.099
   17   Q   0.096   0.095   0.096
   18   K   0.103   0.092   0.100
   19   K   0.090   0.092   0.094
   20   K   0.090   0.097   0.094
   21   M   0.096   0.091   0.097
   22   S   0.100   0.101   0.099
   23   P   0.093   0.109   0.096
   24   N   0.097   0.114   0.098
   25   N   0.101   0.106   0.101
   26   Y   0.099   0.107   0.100
   27   K   0.096   0.103   0.099
   28   E   0.101   0.095   0.102
   29   R   0.104   0.100   0.104
   30   L   0.105   0.098   0.105
   31   F   0.105   0.090   0.104
   32   V   0.106   0.088   0.105
   33   L   0.105   0.089   0.104
   34   T   0.104   0.086   0.103
   35   K   0.102   0.086   0.102
   36   T   0.106   0.084   0.103
   37   N   0.101   0.087   0.100
   38   L   0.100   0.091   0.098
   39   S   0.099   0.085   0.097
   40   Y   0.095   0.087   0.095
   41   Y   0.097   0.094   0.096
   42   E   0.098   0.089   0.096
   43   Y   0.097   0.103   0.096
   44   D   0.099   0.105   0.097
   45   K   0.093   0.105   0.094
   46   M   0.094   0.116   0.095
   47   K   0.102   0.113   0.098
   48   R   0.097   0.115   0.096
   49   G   0.104   0.111   0.100
   50   S   0.101   0.116   0.098
   51   R   0.103   0.116   0.100
   52   K   0.104   0.107   0.101
   53   G   0.098   0.108   0.098
   54   S   0.096   0.095   0.097
   55   I   0.106   0.094   0.103
   56   E   0.105   0.089   0.102
   57   I   0.103   0.096   0.101
   58   K   0.095   0.096   0.098
   59   K   0.109   0.093   0.105
   60   I   0.107   0.095   0.104
   61   R   0.104   0.096   0.103
   62   C   0.106   0.096   0.104
   63   V   0.100   0.095   0.101
   64   E   0.102   0.095   0.102
   65   K   0.103   0.093   0.103
   66   V   0.097   0.097   0.100
   67   N   0.104   0.095   0.103
   68   L   0.104   0.096   0.103
   69   E   0.096   0.101   0.098
   70   E   0.104   0.099   0.102
# Measure  Position  Value    Cutoff   signal peptide?
  max. C    59       0.109
  max. Y    32       0.105
  max. S    13       0.126
  mean S     1-31    0.100
       D     1-31    0.102   0.450   NO
Name=BMX_HUMAN	SP='NO' D=0.102 D-cutoff=0.450 Networks=SignalP-noTM
