# SignalP-4.1 euk predictions
# Name=C144A_HUMAN	Length=70	Networks=SignalP-TM
# pos  aa    C       S       Y
    1   M   0.103   0.083   0.092
    2   A   0.103   0.084   0.092
    3   S   0.099   0.090   0.091
    4   W   0.101   0.092   0.092
    5   G   0.101   0.095   0.092
    6   G   0.100   0.098   0.092
    7   E   0.100   0.089   0.093
    8   K   0.102   0.091   0.094
    9   R   0.101   0.101   0.094
   10   G   0.103   0.104   0.095
   11   G   0.103   0.106   0.096
   12   A   0.103   0.108   0.097
   13   E   0.101   0.109   0.097
   14   G   0.103   0.104   0.099
   15   S   0.114   0.102   0.105
   16   P   0.103   0.099   0.101
   17   K   0.105   0.099   0.102
   18   P   0.104   0.101   0.102
   19   A   0.103   0.098   0.102
   20   V   0.100   0.102   0.100
   21   Y   0.106   0.104   0.104
   22   A   0.101   0.107   0.102
   23   T   0.109   0.103   0.106
   24   R   0.105   0.102   0.104
   25   K   0.103   0.103   0.103
   26   T   0.101   0.099   0.102
   27   P   0.106   0.099   0.104
   28   S   0.103   0.100   0.102
   29   V   0.104   0.102   0.103
   30   G   0.105   0.105   0.103
   31   S   0.103   0.104   0.102
   32   Q   0.105   0.102   0.104
   33   G   0.104   0.100   0.103
   34   D   0.104   0.108   0.103
   35   Q   0.101   0.101   0.102
   36   W   0.101   0.104   0.102
   37   Y   0.102   0.100   0.102
   38   L   0.103   0.102   0.103
   39   G   0.103   0.099   0.103
   40   Y   0.097   0.108   0.099
   41   P   0.106   0.103   0.104
   42   G   0.103   0.102   0.103
   43   D   0.103   0.099   0.103
   44   Q   0.102   0.094   0.102
   45   W   0.100   0.096   0.101
   46   S   0.102   0.094   0.102
   47   S   0.100   0.096   0.100
   48   G   0.103   0.099   0.102
   49   F   0.100   0.098   0.100
   50   P   0.104   0.096   0.102
   51   Y   0.102   0.096   0.101
   52   S   0.106   0.097   0.102
   53   W   0.098   0.102   0.098
   54   W   0.100   0.100   0.099
   55   K   0.102   0.100   0.100
   56   N   0.099   0.106   0.099
   57   S   0.106   0.104   0.102
   58   V   0.104   0.102   0.101
   59   G   0.104   0.102   0.101
   60   S   0.101   0.103   0.100
   61   E   0.102   0.104   0.101
   62   S   0.102   0.105   0.101
   63   K   0.101   0.104   0.101
   64   H   0.102   0.104   0.102
   65   G   0.102   0.104   0.102
   66   E   0.102   0.104   0.102
   67   G   0.108   0.103   0.106
   68   A   0.099   0.106   0.101
   69   L   0.100   0.106   0.102
   70   D   0.102   0.108   0.103
# Measure  Position  Value    Cutoff   signal peptide?
  max. C    15       0.114
  max. Y    23       0.106
  max. S    13       0.109
  mean S     1-22    0.099
       D     1-22    0.103   0.500   NO
Name=C144A_HUMAN	SP='NO' D=0.103 D-cutoff=0.500 Networks=SignalP-TM
