# SignalP-4.1 euk predictions
# Name=CA159_HUMAN	Length=70	Networks=SignalP-noTM
# pos  aa    C       S       Y
    1   M   0.104   0.933   0.311
    2   A   0.105   0.933   0.312
    3   L   0.097   0.921   0.301
    4   R   0.104   0.925   0.312
    5   H   0.103   0.918   0.310
    6   L   0.106   0.924   0.315
    7   A   0.103   0.907   0.310
    8   L   0.098   0.928   0.302
    9   L   0.108   0.937   0.317
   10   A   0.102   0.932   0.307
   11   G   0.100   0.923   0.305
   12   L   0.103   0.912   0.310
   13   L   0.098   0.906   0.302
   14   V   0.102   0.910   0.308
   15   G   0.102   0.901   0.308
   16   V   0.102   0.877   0.308
   17   A   0.101   0.885   0.305
   18   S   0.193   0.786   0.421
   19   K   0.526   0.386   0.693
   20   S   0.151   0.246   0.366
   21   M   0.126   0.232   0.328
   22   E   0.147   0.137   0.348
   23   N   0.127   0.140   0.316
   24   T   0.118   0.103   0.299
   25   V   0.106   0.113   0.276
   26   T   0.103   0.121   0.265
   27   R   0.113   0.121   0.270
   28   N   0.103   0.113   0.250
   29   S   0.104   0.108   0.243
   30   T   0.105   0.104   0.237
   31   A   0.108   0.099   0.231
   32   V   0.106   0.096   0.220
   33   I   0.105   0.096   0.210
   34   N   0.104   0.093   0.199
   35   T   0.103   0.095   0.188
   36   Q   0.106   0.096   0.181
   37   A   0.103   0.108   0.167
   38   E   0.102   0.094   0.155
   39   G   0.103   0.097   0.143
   40   T   0.098   0.094   0.126
   41   L   0.106   0.089   0.118
   42   S   0.103   0.089   0.110
   43   P   0.101   0.098   0.106
   44   P   0.101   0.093   0.103
   45   G   0.106   0.099   0.104
   46   L   0.098   0.099   0.099
   47   S   0.103   0.121   0.102
   48   S   0.104   0.110   0.102
   49   L   0.103   0.109   0.102
   50   P   0.097   0.102   0.099
   51   V   0.106   0.097   0.103
   52   V   0.103   0.095   0.101
   53   R   0.104   0.099   0.101
   54   E   0.105   0.103   0.102
   55   W   0.101   0.102   0.100
   56   A   0.098   0.098   0.099
   57   L   0.096   0.099   0.098
   58   T   0.104   0.097   0.102
   59   H   0.102   0.095   0.101
   60   T   0.109   0.096   0.104
   61   A   0.108   0.096   0.104
   62   Q   0.096   0.097   0.098
   63   L   0.103   0.096   0.101
   64   P   0.102   0.097   0.101
   65   E   0.101   0.099   0.101
   66   C   0.102   0.099   0.101
   67   C   0.104   0.097   0.102
   68   V   0.102   0.097   0.101
   69   D   0.099   0.099   0.100
   70   V   0.098   0.099   0.098
# Measure  Position  Value    Cutoff   signal peptide?
  max. C    19       0.526
  max. Y    19       0.693
  max. S     9       0.937
  mean S     1-18    0.909
       D     1-18    0.810   0.450   YES
Name=CA159_HUMAN	SP='YES' Cleavage site between pos. 18 and 19: VAS-KS D=0.810 D-cutoff=0.450 Networks=SignalP-noTM
