# SignalP-4.1 euk predictions
# Name=CAD20_HUMAN	Length=70	Networks=SignalP-noTM
# pos  aa    C       S       Y
    1   M   0.101   0.555   0.236
    2   W   0.100   0.552   0.236
    3   T   0.101   0.673   0.237
    4   S   0.103   0.634   0.240
    5   G   0.101   0.770   0.238
    6   R   0.095   0.788   0.233
    7   M   0.102   0.721   0.245
    8   S   0.101   0.820   0.245
    9   N   0.103   0.850   0.250
   10   A   0.098   0.874   0.246
   11   K   0.099   0.895   0.250
   12   N   0.104   0.912   0.260
   13   W   0.096   0.892   0.252
   14   L   0.103   0.877   0.265
   15   G   0.105   0.838   0.270
   16   L   0.099   0.867   0.264
   17   G   0.102   0.834   0.271
   18   M   0.109   0.849   0.282
   19   S   0.107   0.875   0.283
   20   L   0.108   0.889   0.286
   21   Y   0.101   0.863   0.280
   22   F   0.099   0.826   0.279
   23   W   0.101   0.698   0.284
   24   G   0.104   0.752   0.290
   25   L   0.101   0.724   0.287
   26   M   0.103   0.676   0.290
   27   D   0.101   0.621   0.288
   28   L   0.103   0.583   0.290
   29   T   0.151   0.368   0.349
   30   T   0.107   0.377   0.291
   31   T   0.110   0.475   0.291
   32   V   0.132   0.275   0.315
   33   L   0.100   0.351   0.269
   34   S   0.126   0.183   0.297
   35   D   0.374   0.105   0.500
   36   T   0.109   0.095   0.262
   37   P   0.104   0.090   0.249
   38   T   0.101   0.107   0.239
   39   P   0.108   0.110   0.239
   40   Q   0.096   0.114   0.219
   41   G   0.099   0.125   0.214
   42   E   0.104   0.111   0.210
   43   L   0.097   0.119   0.195
   44   E   0.103   0.110   0.192
   45   A   0.099   0.118   0.180
   46   L   0.098   0.111   0.171
   47   L   0.106   0.118   0.169
   48   S   0.102   0.105   0.158
   49   D   0.103   0.104   0.149
   50   K   0.102   0.106   0.140
   51   P   0.107   0.104   0.136
   52   Q   0.099   0.101   0.126
   53   S   0.104   0.099   0.124
   54   H   0.100   0.094   0.114
   55   Q   0.095   0.093   0.107
   56   R   0.095   0.096   0.102
   57   T   0.096   0.101   0.101
   58   K   0.098   0.096   0.102
   59   R   0.099   0.099   0.102
   60   S   0.106   0.100   0.106
   61   W   0.096   0.106   0.101
   62   V   0.098   0.101   0.102
   63   W   0.101   0.100   0.103
   64   N   0.107   0.101   0.106
   65   Q   0.102   0.101   0.103
   66   F   0.102   0.096   0.103
   67   F   0.104   0.096   0.103
   68   V   0.105   0.097   0.103
   69   L   0.099   0.096   0.100
   70   E   0.108   0.095   0.104
# Measure  Position  Value    Cutoff   signal peptide?
  max. C    35       0.374
  max. Y    35       0.500
  max. S    12       0.912
  mean S     1-34    0.698
       D     1-34    0.607   0.450   YES
Name=CAD20_HUMAN	SP='YES' Cleavage site between pos. 34 and 35: VLS-DT D=0.607 D-cutoff=0.450 Networks=SignalP-noTM
