# SignalP-4.1 euk predictions
# Name=CCD24_HUMAN	Length=70	Networks=SignalP-TM
# pos  aa    C       S       Y
    1   M   0.102   0.132   0.116
    2   L   0.102   0.105   0.116
    3   R   0.103   0.103   0.116
    4   H   0.102   0.091   0.114
    5   S   0.103   0.086   0.114
    6   P   0.099   0.076   0.110
    7   S   0.104   0.084   0.111
    8   L   0.101   0.084   0.107
    9   W   0.100   0.082   0.105
   10   E   0.098   0.075   0.102
   11   L   0.101   0.078   0.102
   12   V   0.101   0.059   0.100
   13   E   0.102   0.087   0.098
   14   E   0.104   0.103   0.097
   15   H   0.098   0.105   0.094
   16   V   0.103   0.105   0.095
   17   P   0.101   0.114   0.094
   18   L   0.099   0.116   0.093
   19   R   0.101   0.122   0.095
   20   E   0.105   0.108   0.099
   21   R   0.102   0.118   0.098
   22   R   0.103   0.109   0.100
   23   E   0.105   0.105   0.102
   24   V   0.101   0.104   0.101
   25   K   0.102   0.105   0.102
   26   R   0.100   0.099   0.102
   27   I   0.104   0.099   0.105
   28   L   0.103   0.105   0.106
   29   G   0.107   0.093   0.107
   30   E   0.102   0.094   0.105
   31   A   0.107   0.089   0.107
   32   A   0.099   0.096   0.102
   33   V   0.100   0.098   0.102
   34   D   0.101   0.097   0.101
   35   L   0.103   0.101   0.102
   36   S   0.103   0.097   0.101
   37   L   0.102   0.098   0.101
   38   E   0.102   0.100   0.100
   39   L   0.100   0.107   0.099
   40   R   0.104   0.113   0.101
   41   A   0.103   0.133   0.101
   42   E   0.101   0.097   0.101
   43   V   0.103   0.084   0.102
   44   A   0.099   0.091   0.100
   45   M   0.099   0.084   0.099
   46   L   0.102   0.089   0.101
   47   R   0.102   0.095   0.101
   48   A   0.105   0.090   0.102
   49   L   0.101   0.090   0.099
   50   L   0.103   0.097   0.100
   51   Q   0.103   0.103   0.100
   52   E   0.105   0.101   0.102
   53   A   0.103   0.102   0.100
   54   R   0.096   0.105   0.097
   55   S   0.107   0.110   0.102
   56   S   0.118   0.102   0.106
   57   Q   0.101   0.105   0.098
   58   A   0.103   0.102   0.100
   59   P   0.095   0.106   0.097
   60   S   0.103   0.102   0.102
   61   S   0.099   0.108   0.100
   62   R   0.100   0.103   0.101
   63   P   0.103   0.107   0.103
   64   I   0.099   0.109   0.101
   65   S   0.101   0.106   0.103
   66   D   0.103   0.106   0.104
   67   P   0.104   0.103   0.105
   68   S   0.105   0.105   0.105
   69   S   0.103   0.105   0.104
   70   L   0.105   0.104   0.105
# Measure  Position  Value    Cutoff   signal peptide?
  max. C    56       0.118
  max. Y    29       0.107
  max. S    41       0.133
  mean S     1-28    0.099
       D     1-28    0.104   0.500   NO
Name=CCD24_HUMAN	SP='NO' D=0.104 D-cutoff=0.500 Networks=SignalP-TM
