# SignalP-4.1 euk predictions
# Name=CCD34_HUMAN	Length=70	Networks=SignalP-TM
# pos  aa    C       S       Y
    1   M   0.102   0.172   0.132
    2   W   0.103   0.185   0.133
    3   A   0.104   0.184   0.134
    4   A   0.100   0.217   0.132
    5   G   0.100   0.167   0.133
    6   R   0.099   0.167   0.132
    7   W   0.103   0.144   0.135
    8   G   0.103   0.122   0.134
    9   P   0.099   0.125   0.130
   10   T   0.102   0.116   0.131
   11   F   0.102   0.126   0.129
   12   P   0.104   0.139   0.129
   13   S   0.104   0.114   0.128
   14   S   0.104   0.119   0.126
   15   Y   0.103   0.117   0.124
   16   A   0.103   0.130   0.122
   17   G   0.110   0.098   0.125
   18   F   0.105   0.102   0.120
   19   S   0.104   0.106   0.115
   20   A   0.104   0.113   0.113
   21   D   0.109   0.102   0.114
   22   C   0.100   0.109   0.108
   23   R   0.105   0.108   0.110
   24   P   0.104   0.113   0.109
   25   R   0.104   0.103   0.109
   26   S   0.104   0.111   0.108
   27   R   0.100   0.110   0.105
   28   P   0.101   0.116   0.106
   29   S   0.109   0.113   0.109
   30   S   0.100   0.115   0.105
   31   D   0.104   0.111   0.106
   32   S   0.100   0.107   0.105
   33   C   0.102   0.105   0.106
   34   S   0.102   0.108   0.106
   35   V   0.101   0.106   0.105
   36   P   0.104   0.100   0.107
   37   M   0.103   0.100   0.106
   38   T   0.102   0.097   0.105
   39   G   0.108   0.095   0.108
   40   A   0.101   0.094   0.104
   41   R   0.100   0.098   0.103
   42   G   0.106   0.096   0.105
   43   Q   0.106   0.093   0.105
   44   G   0.105   0.092   0.104
   45   L   0.103   0.094   0.101
   46   E   0.105   0.094   0.102
   47   V   0.103   0.098   0.100
   48   V   0.103   0.098   0.100
   49   R   0.104   0.094   0.100
   50   S   0.106   0.095   0.101
   51   P   0.101   0.097   0.098
   52   S   0.104   0.100   0.100
   53   P   0.101   0.098   0.098
   54   P   0.102   0.097   0.099
   55   L   0.102   0.100   0.099
   56   P   0.104   0.101   0.100
   57   L   0.103   0.100   0.100
   58   S   0.104   0.103   0.100
   59   C   0.101   0.103   0.099
   60   S   0.102   0.104   0.100
   61   N   0.100   0.105   0.099
   62   S   0.103   0.106   0.101
   63   T   0.103   0.103   0.101
   64   R   0.104   0.100   0.102
   65   S   0.105   0.104   0.103
   66   L   0.100   0.101   0.101
   67   L   0.101   0.105   0.101
   68   S   0.102   0.099   0.102
   69   P   0.101   0.098   0.102
   70   L   0.103   0.097   0.103
# Measure  Position  Value    Cutoff   signal peptide?
  max. C    17       0.110
  max. Y    12       0.129
  max. S     4       0.217
  mean S     1-11    0.157
       D     1-11    0.140   0.500   NO
Name=CCD34_HUMAN	SP='NO' D=0.140 D-cutoff=0.500 Networks=SignalP-TM
