# SignalP-4.1 euk predictions
# Name=CD151_HUMAN	Length=70	Networks=SignalP-noTM
# pos  aa    C       S       Y
    1   M   0.102   0.247   0.158
    2   G   0.103   0.277   0.159
    3   E   0.099   0.288   0.156
    4   F   0.103   0.245   0.160
    5   N   0.102   0.362   0.160
    6   E   0.100   0.492   0.160
    7   K   0.097   0.453   0.161
    8   K   0.102   0.369   0.168
    9   T   0.105   0.438   0.171
   10   T   0.102   0.379   0.172
   11   C   0.102   0.308   0.174
   12   G   0.102   0.341   0.174
   13   T   0.096   0.414   0.171
   14   V   0.095   0.497   0.172
   15   C   0.102   0.521   0.181
   16   L   0.101   0.504   0.184
   17   K   0.094   0.591   0.181
   18   Y   0.096   0.628   0.187
   19   L   0.102   0.535   0.196
   20   L   0.101   0.627   0.199
   21   F   0.101   0.577   0.203
   22   T   0.100   0.421   0.206
   23   Y   0.103   0.433   0.211
   24   N   0.099   0.565   0.209
   25   C   0.105   0.582   0.219
   26   C   0.099   0.637   0.215
   27   F   0.118   0.727   0.239
   28   W   0.096   0.788   0.220
   29   L   0.102   0.793   0.230
   30   A   0.098   0.893   0.229
   31   G   0.110   0.759   0.247
   32   L   0.108   0.676   0.248
   33   A   0.108   0.575   0.250
   34   V   0.111   0.396   0.258
   35   M   0.107   0.542   0.253
   36   A   0.119   0.470   0.268
   37   V   0.123   0.414   0.272
   38   G   0.110   0.419   0.256
   39   I   0.142   0.399   0.290
   40   W   0.100   0.555   0.242
   41   T   0.117   0.690   0.260
   42   L   0.175   0.486   0.321
   43   A   0.102   0.525   0.243
   44   L   0.172   0.286   0.316
   45   K   0.109   0.270   0.250
   46   S   0.122   0.226   0.263
   47   D   0.129   0.182   0.266
   48   Y   0.103   0.197   0.234
   49   I   0.102   0.197   0.228
   50   S   0.104   0.214   0.225
   51   L   0.099   0.152   0.214
   52   L   0.105   0.121   0.213
   53   A   0.104   0.144   0.204
   54   S   0.099   0.129   0.191
   55   G   0.103   0.118   0.189
   56   T   0.106   0.109   0.186
   57   Y   0.104   0.097   0.180
   58   L   0.100   0.100   0.170
   59   A   0.103   0.097   0.168
   60   T   0.101   0.104   0.162
   61   A   0.105   0.098   0.161
   62   Y   0.116   0.098   0.164
   63   I   0.105   0.093   0.149
   64   L   0.101   0.099   0.136
   65   V   0.102   0.098   0.130
   66   V   0.102   0.098   0.123
   67   A   0.100   0.110   0.118
   68   G   0.120   0.103   0.125
   69   T   0.107   0.099   0.116
   70   V   0.110   0.099   0.116
# Measure  Position  Value    Cutoff   signal peptide?
  max. C    42       0.175
  max. Y    42       0.321
  max. S    30       0.893
  mean S     1-41    0.508
       D     1-41    0.422   0.450   NO
Name=CD151_HUMAN	SP='NO' D=0.422 D-cutoff=0.450 Networks=SignalP-noTM
