# SignalP-4.1 euk predictions
# Name=CDY2_HUMAN	Length=70	Networks=SignalP-TM
# pos  aa    C       S       Y
    1   M   0.102   0.080   0.091
    2   A   0.103   0.079   0.091
    3   S   0.100   0.078   0.090
    4   Q   0.102   0.077   0.090
    5   E   0.101   0.076   0.090
    6   F   0.100   0.079   0.089
    7   E   0.101   0.080   0.090
    8   V   0.101   0.092   0.090
    9   E   0.102   0.093   0.090
   10   A   0.104   0.097   0.092
   11   I   0.099   0.090   0.090
   12   V   0.103   0.082   0.092
   13   D   0.101   0.095   0.091
   14   K   0.102   0.117   0.093
   15   R   0.101   0.110   0.093
   16   Q   0.103   0.113   0.096
   17   D   0.104   0.105   0.097
   18   K   0.099   0.113   0.096
   19   N   0.102   0.108   0.099
   20   G   0.100   0.107   0.099
   21   N   0.100   0.107   0.100
   22   T   0.104   0.107   0.103
   23   Q   0.101   0.109   0.102
   24   Y   0.104   0.107   0.104
   25   L   0.098   0.116   0.102
   26   V   0.104   0.112   0.105
   27   R   0.103   0.106   0.106
   28   W   0.104   0.111   0.107
   29   K   0.100   0.114   0.105
   30   G   0.104   0.109   0.107
   31   Y   0.101   0.104   0.105
   32   D   0.099   0.102   0.104
   33   K   0.102   0.103   0.105
   34   Q   0.097   0.109   0.102
   35   D   0.101   0.113   0.105
   36   D   0.101   0.112   0.105
   37   T   0.101   0.107   0.105
   38   W   0.100   0.116   0.104
   39   E   0.101   0.114   0.105
   40   P   0.098   0.117   0.104
   41   E   0.103   0.112   0.106
   42   Q   0.104   0.110   0.107
   43   H   0.104   0.116   0.107
   44   L   0.101   0.114   0.105
   45   M   0.103   0.111   0.107
   46   N   0.101   0.109   0.106
   47   C   0.103   0.104   0.107
   48   E   0.102   0.109   0.107
   49   K   0.105   0.102   0.109
   50   C   0.101   0.108   0.106
   51   V   0.101   0.102   0.106
   52   H   0.100   0.103   0.105
   53   D   0.101   0.103   0.105
   54   F   0.099   0.107   0.104
   55   N   0.102   0.108   0.105
   56   R   0.102   0.105   0.105
   57   R   0.102   0.105   0.105
   58   Q   0.103   0.105   0.105
   59   T   0.103   0.102   0.104
   60   E   0.099   0.103   0.102
   61   K   0.102   0.103   0.103
   62   Q   0.102   0.102   0.103
   63   K   0.101   0.103   0.102
   64   K   0.100   0.103   0.102
   65   L   0.103   0.103   0.104
   66   T   0.103   0.099   0.103
   67   W   0.102   0.101   0.103
   68   T   0.103   0.101   0.103
   69   T   0.102   0.102   0.102
   70   T   0.105   0.100   0.104
# Measure  Position  Value    Cutoff   signal peptide?
  max. C    49       0.105
  max. Y    49       0.109
  max. S    40       0.117
  mean S     1-48    0.103
       D     1-48    0.106   0.500   NO
Name=CDY2_HUMAN	SP='NO' D=0.106 D-cutoff=0.500 Networks=SignalP-TM
