# SignalP-4.1 euk predictions
# Name=CEL3B_HUMAN	Length=70	Networks=SignalP-noTM
# pos  aa    C       S       Y
    1   M   0.101   0.961   0.311
    2   M   0.103   0.948   0.315
    3   L   0.102   0.931   0.313
    4   R   0.102   0.912   0.313
    5   L   0.104   0.910   0.316
    6   L   0.103   0.933   0.313
    7   S   0.101   0.958   0.311
    8   S   0.104   0.963   0.315
    9   L   0.102   0.968   0.312
   10   L   0.099   0.968   0.307
   11   L   0.101   0.961   0.310
   12   V   0.102   0.943   0.312
   13   A   0.100   0.938   0.308
   14   V   0.099   0.936   0.307
   15   A   0.100   0.934   0.308
   16   S   0.124   0.885   0.344
   17   G   0.150   0.826   0.377
   18   Y   0.719   0.514   0.822
   19   G   0.106   0.457   0.313
   20   P   0.169   0.142   0.389
   21   P   0.100   0.246   0.293
   22   S   0.115   0.217   0.308
   23   S   0.106   0.304   0.289
   24   R   0.134   0.230   0.320
   25   P   0.105   0.208   0.276
   26   S   0.136   0.145   0.308
   27   S   0.103   0.139   0.261
   28   R   0.107   0.122   0.259
   29   V   0.107   0.123   0.251
   30   V   0.105   0.113   0.240
   31   N   0.104   0.113   0.232
   32   G   0.108   0.105   0.227
   33   E   0.104   0.100   0.213
   34   D   0.111   0.097   0.210
   35   A   0.103   0.095   0.192
   36   V   0.099   0.098   0.178
   37   P   0.106   0.088   0.173
   38   Y   0.108   0.094   0.162
   39   S   0.103   0.092   0.146
   40   W   0.099   0.093   0.132
   41   P   0.101   0.098   0.126
   42   W   0.105   0.092   0.121
   43   Q   0.101   0.097   0.118
   44   V   0.100   0.101   0.114
   45   S   0.104   0.098   0.114
   46   L   0.103   0.101   0.109
   47   Q   0.102   0.103   0.106
   48   Y   0.105   0.096   0.105
   49   E   0.103   0.097   0.103
   50   K   0.099   0.095   0.100
   51   S   0.102   0.091   0.101
   52   G   0.103   0.096   0.100
   53   S   0.099   0.096   0.098
   54   F   0.101   0.092   0.099
   55   Y   0.104   0.099   0.100
   56   H   0.102   0.097   0.099
   57   T   0.095   0.100   0.096
   58   C   0.106   0.101   0.101
   59   G   0.104   0.094   0.100
   60   G   0.098   0.098   0.097
   61   S   0.100   0.099   0.098
   62   L   0.103   0.097   0.100
   63   I   0.106   0.096   0.101
   64   A   0.097   0.097   0.097
   65   P   0.098   0.101   0.098
   66   D   0.109   0.097   0.103
   67   W   0.105   0.095   0.101
   68   V   0.106   0.092   0.101
   69   V   0.092   0.096   0.094
   70   T   0.103   0.096   0.100
# Measure  Position  Value    Cutoff   signal peptide?
  max. C    18       0.719
  max. Y    18       0.822
  max. S    10       0.968
  mean S     1-17    0.934
       D     1-17    0.883   0.450   YES
Name=CEL3B_HUMAN	SP='YES' Cleavage site between pos. 17 and 18: ASG-YG D=0.883 D-cutoff=0.450 Networks=SignalP-noTM
