# SignalP-4.1 euk predictions
# Name=CHUR_HUMAN	Length=70	Networks=SignalP-noTM
# pos  aa    C       S       Y
    1   M   0.101   0.111   0.106
    2   R   0.102   0.117   0.107
    3   Q   0.104   0.135   0.107
    4   P   0.101   0.131   0.107
    5   Y   0.103   0.120   0.108
    6   L   0.101   0.130   0.107
    7   S   0.101   0.133   0.108
    8   S   0.099   0.133   0.107
    9   R   0.098   0.149   0.107
   10   E   0.100   0.150   0.109
   11   V   0.100   0.128   0.110
   12   S   0.101   0.156   0.110
   13   S   0.100   0.174   0.111
   14   S   0.096   0.120   0.110
   15   R   0.098   0.107   0.111
   16   K   0.101   0.103   0.113
   17   R   0.096   0.103   0.110
   18   W   0.101   0.097   0.113
   19   R   0.103   0.103   0.113
   20   T   0.105   0.100   0.114
   21   F   0.098   0.098   0.110
   22   P   0.098   0.113   0.110
   23   V   0.108   0.108   0.116
   24   D   0.105   0.109   0.114
   25   C   0.108   0.115   0.115
   26   V   0.102   0.104   0.111
   27   A   0.104   0.120   0.112
   28   M   0.100   0.113   0.110
   29   C   0.103   0.117   0.111
   30   G   0.102   0.113   0.110
   31   D   0.101   0.117   0.109
   32   C   0.101   0.120   0.109
   33   V   0.104   0.115   0.110
   34   E   0.101   0.122   0.107
   35   K   0.102   0.108   0.108
   36   E   0.108   0.111   0.109
   37   Y   0.100   0.117   0.105
   38   P   0.101   0.115   0.106
   39   N   0.105   0.116   0.108
   40   R   0.100   0.131   0.106
   41   G   0.106   0.117   0.109
   42   N   0.098   0.108   0.106
   43   T   0.105   0.105   0.110
   44   C   0.105   0.112   0.110
   45   L   0.100   0.103   0.107
   46   E   0.102   0.106   0.108
   47   N   0.101   0.105   0.107
   48   G   0.101   0.101   0.107
   49   S   0.101   0.094   0.107
   50   F   0.104   0.089   0.108
   51   L   0.102   0.086   0.106
   52   L   0.099   0.091   0.104
   53   N   0.101   0.099   0.105
   54   F   0.100   0.094   0.104
   55   T   0.105   0.102   0.106
   56   G   0.107   0.097   0.106
   57   C   0.100   0.092   0.102
   58   A   0.103   0.089   0.104
   59   V   0.092   0.088   0.098
   60   C   0.095   0.093   0.098
   61   S   0.107   0.089   0.104
   62   K   0.094   0.091   0.097
   63   R   0.100   0.097   0.099
   64   D   0.101   0.096   0.099
   65   F   0.094   0.095   0.095
   66   M   0.104   0.096   0.100
   67   L   0.102   0.099   0.098
   68   I   0.099   0.098   0.097
   69   T   0.102   0.103   0.098
   70   N   0.107   0.102   0.100
# Measure  Position  Value    Cutoff   signal peptide?
  max. C    23       0.108
  max. Y    23       0.116
  max. S    13       0.174
  mean S     1-22    0.123
       D     1-22    0.120   0.450   NO
Name=CHUR_HUMAN	SP='NO' D=0.120 D-cutoff=0.450 Networks=SignalP-noTM
