# SignalP-4.1 euk predictions
# Name=CK053_HUMAN	Length=70	Networks=SignalP-noTM
# pos  aa    C       S       Y
    1   M   0.102   0.135   0.117
    2   P   0.103   0.106   0.118
    3   G   0.103   0.101   0.117
    4   S   0.099   0.095   0.115
    5   P   0.103   0.084   0.116
    6   V   0.100   0.084   0.113
    7   T   0.100   0.089   0.112
    8   S   0.102   0.086   0.112
    9   G   0.099   0.094   0.110
   10   Y   0.099   0.094   0.109
   11   Y   0.105   0.088   0.111
   12   G   0.101   0.076   0.108
   13   V   0.099   0.069   0.105
   14   R   0.103   0.070   0.107
   15   R   0.106   0.076   0.106
   16   S   0.103   0.080   0.104
   17   F   0.099   0.087   0.100
   18   L   0.101   0.092   0.100
   19   S   0.103   0.092   0.100
   20   D   0.097   0.093   0.096
   21   S   0.101   0.092   0.097
   22   D   0.107   0.096   0.099
   23   F   0.100   0.090   0.095
   24   H   0.103   0.090   0.095
   25   N   0.099   0.094   0.093
   26   S   0.098   0.093   0.092
   27   K   0.095   0.095   0.091
   28   Q   0.103   0.101   0.095
   29   F   0.106   0.094   0.097
   30   S   0.099   0.097   0.094
   31   N   0.101   0.098   0.095
   32   D   0.101   0.092   0.095
   33   V   0.096   0.094   0.092
   34   Y   0.097   0.098   0.093
   35   T   0.102   0.096   0.096
   36   S   0.102   0.101   0.096
   37   S   0.100   0.099   0.096
   38   V   0.095   0.095   0.094
   39   G   0.096   0.096   0.095
   40   K   0.099   0.102   0.097
   41   P   0.103   0.096   0.099
   42   F   0.107   0.094   0.101
   43   P   0.107   0.092   0.101
   44   C   0.101   0.095   0.098
   45   E   0.101   0.090   0.098
   46   S   0.103   0.099   0.099
   47   S   0.101   0.089   0.098
   48   A   0.103   0.096   0.099
   49   G   0.097   0.099   0.096
   50   Q   0.098   0.096   0.097
   51   S   0.102   0.102   0.099
   52   H   0.106   0.100   0.101
   53   A   0.109   0.100   0.103
   54   A   0.099   0.105   0.098
   55   L   0.098   0.109   0.098
   56   L   0.103   0.107   0.100
   57   E   0.104   0.106   0.101
   58   P   0.107   0.101   0.103
   59   Y   0.101   0.101   0.100
   60   F   0.103   0.099   0.101
   61   P   0.108   0.099   0.103
   62   Q   0.103   0.102   0.101
   63   E   0.103   0.099   0.101
   64   P   0.099   0.103   0.099
   65   Y   0.102   0.106   0.101
   66   G   0.101   0.106   0.100
   67   D   0.104   0.109   0.102
   68   Y   0.104   0.112   0.103
   69   R   0.100   0.113   0.101
   70   P   0.104   0.111   0.104
# Measure  Position  Value    Cutoff   signal peptide?
  max. C    53       0.109
  max. Y    11       0.111
  max. S     1       0.135
  mean S     1-10    0.097
       D     1-10    0.103   0.450   NO
Name=CK053_HUMAN	SP='NO' D=0.103 D-cutoff=0.450 Networks=SignalP-noTM
