# SignalP-4.1 euk predictions
# Name=CL079_HUMAN	Length=70	Networks=SignalP-TM
# pos  aa    C       S       Y
    1   M   0.101   0.086   0.093
    2   N   0.102   0.085   0.094
    3   V   0.102   0.084   0.094
    4   C   0.102   0.084   0.094
    5   C   0.104   0.082   0.094
    6   S   0.100   0.082   0.092
    7   S   0.102   0.086   0.093
    8   H   0.101   0.092   0.093
    9   P   0.099   0.092   0.092
   10   V   0.100   0.092   0.093
   11   N   0.101   0.101   0.093
   12   E   0.102   0.106   0.094
   13   K   0.099   0.099   0.094
   14   V   0.103   0.116   0.096
   15   W   0.100   0.120   0.096
   16   K   0.101   0.117   0.098
   17   P   0.099   0.119   0.098
   18   S   0.104   0.112   0.102
   19   S   0.105   0.109   0.103
   20   R   0.100   0.108   0.101
   21   K   0.101   0.105   0.103
   22   W   0.100   0.108   0.103
   23   S   0.101   0.104   0.104
   24   S   0.099   0.103   0.104
   25   K   0.101   0.109   0.105
   26   V   0.101   0.119   0.105
   27   W   0.098   0.118   0.104
   28   S   0.103   0.108   0.107
   29   M   0.102   0.106   0.107
   30   D   0.102   0.109   0.106
   31   E   0.102   0.105   0.106
   32   F   0.097   0.107   0.103
   33   D   0.104   0.104   0.106
   34   L   0.106   0.101   0.107
   35   Q   0.102   0.099   0.105
   36   T   0.103   0.102   0.105
   37   A   0.103   0.120   0.105
   38   C   0.101   0.108   0.105
   39   Y   0.106   0.095   0.107
   40   W   0.099   0.091   0.103
   41   F   0.099   0.095   0.102
   42   M   0.102   0.098   0.103
   43   T   0.101   0.099   0.102
   44   R   0.101   0.103   0.102
   45   C   0.105   0.105   0.103
   46   Q   0.104   0.108   0.103
   47   K   0.101   0.120   0.101
   48   E   0.101   0.109   0.102
   49   A   0.100   0.127   0.102
   50   G   0.098   0.127   0.102
   51   K   0.103   0.126   0.105
   52   F   0.103   0.116   0.106
   53   G   0.104   0.105   0.106
   54   T   0.104   0.102   0.107
   55   H   0.102   0.107   0.106
   56   R   0.103   0.105   0.107
   57   G   0.103   0.106   0.107
   58   K   0.095   0.105   0.103
   59   P   0.105   0.102   0.109
   60   M   0.104   0.101   0.108
   61   C   0.104   0.101   0.107
   62   F   0.101   0.103   0.106
   63   V   0.103   0.100   0.106
   64   R   0.102   0.096   0.105
   65   S   0.107   0.103   0.106
   66   L   0.100   0.103   0.102
   67   L   0.105   0.106   0.104
   68   R   0.102   0.100   0.103
   69   V   0.102   0.102   0.103
   70   Q   0.105   0.097   0.104
# Measure  Position  Value    Cutoff   signal peptide?
  max. C    65       0.107
  max. Y    59       0.109
  max. S    49       0.127
  mean S     1-58    0.104
       D     1-58    0.107   0.500   NO
Name=CL079_HUMAN	SP='NO' D=0.107 D-cutoff=0.500 Networks=SignalP-TM
