# SignalP-4.1 euk predictions
# Name=CLC4K_HUMAN	Length=70	Networks=SignalP-TM
# pos  aa    C       S       Y
    1   M   0.101   0.091   0.096
    2   T   0.102   0.083   0.097
    3   V   0.103   0.086   0.096
    4   E   0.102   0.085   0.096
    5   K   0.102   0.087   0.096
    6   E   0.099   0.083   0.094
    7   A   0.102   0.082   0.095
    8   P   0.100   0.085   0.094
    9   D   0.104   0.088   0.096
   10   A   0.102   0.091   0.095
   11   H   0.099   0.075   0.093
   12   F   0.103   0.064   0.094
   13   T   0.099   0.089   0.092
   14   V   0.102   0.096   0.093
   15   D   0.104   0.103   0.094
   16   K   0.102   0.100   0.093
   17   Q   0.099   0.103   0.092
   18   N   0.103   0.099   0.095
   19   I   0.103   0.098   0.095
   20   S   0.100   0.103   0.095
   21   L   0.102   0.097   0.096
   22   W   0.100   0.102   0.096
   23   P   0.100   0.107   0.097
   24   R   0.100   0.107   0.097
   25   E   0.102   0.106   0.099
   26   P   0.101   0.112   0.100
   27   P   0.100   0.107   0.101
   28   P   0.101   0.113   0.102
   29   K   0.102   0.114   0.103
   30   S   0.102   0.118   0.103
   31   G   0.100   0.129   0.103
   32   P   0.099   0.120   0.103
   33   S   0.105   0.116   0.107
   34   L   0.102   0.126   0.106
   35   V   0.104   0.128   0.108
   36   P   0.101   0.131   0.108
   37   G   0.105   0.134   0.111
   38   K   0.099   0.147   0.109
   39   T   0.107   0.124   0.114
   40   P   0.106   0.131   0.114
   41   T   0.102   0.123   0.113
   42   V   0.103   0.149   0.114
   43   R   0.105   0.099   0.116
   44   A   0.105   0.060   0.115
   45   A   0.106   0.078   0.114
   46   L   0.100   0.085   0.109
   47   I   0.106   0.061   0.111
   48   C   0.101   0.045   0.107
   49   L   0.104   0.046   0.106
   50   T   0.105   0.041   0.103
   51   L   0.104   0.036   0.099
   52   V   0.106   0.030   0.096
   53   L   0.101   0.027   0.090
   54   V   0.105   0.033   0.087
   55   A   0.099   0.040   0.080
   56   S   0.103   0.058   0.078
   57   V   0.111   0.056   0.076
   58   L   0.101   0.058   0.071
   59   L   0.103   0.095   0.071
   60   Q   0.106   0.116   0.073
   61   A   0.107   0.096   0.075
   62   V   0.106   0.086   0.077
   63   L   0.102   0.112   0.077
   64   Y   0.104   0.118   0.081
   65   P   0.100   0.131   0.083
   66   R   0.102   0.146   0.088
   67   F   0.101   0.183   0.092
   68   M   0.100   0.145   0.098
   69   G   0.100   0.138   0.101
   70   T   0.103   0.103   0.106
# Measure  Position  Value    Cutoff   signal peptide?
  max. C    57       0.111
  max. Y    43       0.116
  max. S    67       0.183
  mean S     1-42    0.106
       D     1-42    0.112   0.500   NO
Name=CLC4K_HUMAN	SP='NO' D=0.112 D-cutoff=0.500 Networks=SignalP-TM
