# SignalP-4.1 euk predictions
# Name=CLIC1_HUMAN	Length=70	Networks=SignalP-TM
# pos  aa    C       S       Y
    1   M   0.103   0.092   0.098
    2   A   0.103   0.085   0.097
    3   E   0.101   0.080   0.096
    4   E   0.103   0.082   0.097
    5   Q   0.100   0.080   0.095
    6   P   0.103   0.082   0.096
    7   Q   0.102   0.082   0.095
    8   V   0.102   0.081   0.095
    9   E   0.101   0.075   0.094
   10   L   0.102   0.080   0.094
   11   F   0.099   0.070   0.092
   12   V   0.103   0.064   0.092
   13   K   0.106   0.089   0.093
   14   A   0.104   0.098   0.092
   15   G   0.097   0.094   0.089
   16   S   0.103   0.121   0.092
   17   D   0.102   0.120   0.093
   18   G   0.101   0.133   0.094
   19   A   0.113   0.124   0.101
   20   K   0.094   0.130   0.094
   21   I   0.103   0.130   0.100
   22   G   0.104   0.125   0.102
   23   N   0.100   0.136   0.102
   24   C   0.103   0.149   0.106
   25   P   0.100   0.159   0.106
   26   F   0.104   0.176   0.111
   27   S   0.101   0.201   0.114
   28   Q   0.103   0.215   0.118
   29   R   0.103   0.232   0.122
   30   L   0.103   0.204   0.126
   31   F   0.102   0.198   0.128
   32   M   0.101   0.187   0.129
   33   V   0.106   0.174   0.134
   34   L   0.103   0.188   0.133
   35   W   0.103   0.209   0.135
   36   L   0.101   0.227   0.136
   37   K   0.103   0.231   0.139
   38   G   0.100   0.272   0.140
   39   V   0.100   0.291   0.143
   40   T   0.101   0.278   0.147
   41   F   0.106   0.228   0.153
   42   N   0.117   0.182   0.162
   43   V   0.105   0.131   0.153
   44   T   0.100   0.152   0.146
   45   T   0.102   0.165   0.147
   46   V   0.105   0.116   0.148
   47   D   0.107   0.087   0.148
   48   T   0.103   0.099   0.142
   49   K   0.114   0.078   0.147
   50   R   0.101   0.085   0.135
   51   R   0.106   0.102   0.135
   52   T   0.102   0.101   0.129
   53   E   0.101   0.102   0.123
   54   T   0.104   0.099   0.119
   55   V   0.104   0.096   0.113
   56   Q   0.102   0.092   0.108
   57   K   0.103   0.091   0.105
   58   L   0.099   0.080   0.102
   59   C   0.105   0.083   0.102
   60   P   0.104   0.083   0.099
   61   G   0.105   0.085   0.098
   62   G   0.102   0.086   0.096
   63   Q   0.104   0.084   0.097
   64   L   0.103   0.085   0.096
   65   P   0.101   0.088   0.096
   66   F   0.100   0.091   0.095
   67   L   0.104   0.100   0.096
   68   L   0.103   0.101   0.095
   69   Y   0.103   0.103   0.096
   70   G   0.102   0.101   0.095
# Measure  Position  Value    Cutoff   signal peptide?
  max. C    42       0.117
  max. Y    42       0.162
  max. S    39       0.291
  mean S     1-41    0.148
       D     1-41    0.156   0.500   NO
Name=CLIC1_HUMAN	SP='NO' D=0.156 D-cutoff=0.500 Networks=SignalP-TM
