# SignalP-4.1 euk predictions
# Name=CLN5_HUMAN	Length=70	Networks=SignalP-noTM
# pos  aa    C       S       Y
    1   M   0.104   0.096   0.100
    2   A   0.105   0.093   0.100
    3   Q   0.100   0.097   0.098
    4   E   0.103   0.097   0.099
    5   V   0.097   0.109   0.097
    6   D   0.102   0.101   0.099
    7   T   0.106   0.119   0.101
    8   A   0.104   0.124   0.101
    9   Q   0.098   0.129   0.098
   10   G   0.107   0.184   0.104
   11   A   0.103   0.235   0.104
   12   E   0.098   0.313   0.104
   13   M   0.103   0.411   0.112
   14   R   0.098   0.443   0.115
   15   R   0.106   0.611   0.126
   16   G   0.108   0.701   0.137
   17   A   0.100   0.799   0.142
   18   G   0.103   0.863   0.155
   19   A   0.105   0.843   0.168
   20   A   0.105   0.822   0.178
   21   R   0.099   0.846   0.182
   22   G   0.109   0.825   0.201
   23   R   0.102   0.788   0.202
   24   A   0.111   0.829   0.220
   25   S   0.103   0.903   0.220
   26   W   0.101   0.929   0.226
   27   C   0.100   0.936   0.233
   28   W   0.107   0.936   0.249
   29   A   0.108   0.922   0.258
   30   L   0.099   0.913   0.254
   31   A   0.109   0.944   0.275
   32   L   0.104   0.935   0.276
   33   L   0.106   0.967   0.284
   34   W   0.098   0.951   0.279
   35   L   0.109   0.956   0.299
   36   A   0.111   0.948   0.307
   37   V   0.108   0.933   0.307
   38   V   0.105   0.938   0.305
   39   P   0.107   0.943   0.309
   40   G   0.121   0.948   0.331
   41   W   0.197   0.881   0.422
   42   S   0.110   0.827   0.316
   43   R   0.437   0.642   0.630
   44   V   0.131   0.502   0.344
   45   S   0.188   0.241   0.408
   46   G   0.106   0.370   0.301
   47   I   0.472   0.137   0.630
   48   P   0.107   0.126   0.293
   49   S   0.105   0.142   0.284
   50   R   0.101   0.129   0.272
   51   R   0.106   0.117   0.272
   52   H   0.104   0.115   0.262
   53   W   0.104   0.109   0.254
   54   P   0.101   0.109   0.243
   55   V   0.107   0.097   0.242
   56   P   0.110   0.122   0.236
   57   Y   0.107   0.110   0.224
   58   K   0.094   0.105   0.201
   59   R   0.104   0.108   0.202
   60   F   0.105   0.107   0.193
   61   D   0.105   0.108   0.182
   62   F   0.104   0.101   0.171
   63   R   0.107   0.102   0.161
   64   P   0.107   0.101   0.148
   65   K   0.108   0.102   0.137
   66   P   0.101   0.100   0.123
   67   D   0.107   0.103   0.118
   68   P   0.103   0.099   0.113
   69   Y   0.101   0.101   0.106
   70   C   0.098   0.099   0.104
# Measure  Position  Value    Cutoff   signal peptide?
  max. C    47       0.472
  max. Y    43       0.630
  max. S    33       0.967
  mean S     1-42    0.647
       D     1-42    0.639   0.450   YES
Name=CLN5_HUMAN	SP='YES' Cleavage site between pos. 42 and 43: GWS-RV D=0.639 D-cutoff=0.450 Networks=SignalP-noTM
