# SignalP-4.1 euk predictions
# Name=CLPT1_HUMAN	Length=70	Networks=SignalP-noTM
# pos  aa    C       S       Y
    1   M   0.104   0.126   0.114
    2   A   0.106   0.118   0.115
    3   A   0.100   0.109   0.112
    4   A   0.101   0.099   0.112
    5   Q   0.101   0.103   0.112
    6   E   0.104   0.096   0.113
    7   A   0.101   0.088   0.111
    8   D   0.099   0.097   0.108
    9   G   0.106   0.094   0.112
   10   A   0.100   0.091   0.108
   11   R   0.100   0.089   0.107
   12   S   0.110   0.085   0.111
   13   A   0.103   0.079   0.107
   14   V   0.095   0.078   0.102
   15   V   0.108   0.074   0.108
   16   A   0.104   0.068   0.104
   17   A   0.101   0.092   0.102
   18   G   0.103   0.094   0.102
   19   G   0.105   0.098   0.102
   20   G   0.100   0.102   0.099
   21   S   0.100   0.093   0.099
   22   S   0.108   0.101   0.101
   23   G   0.107   0.099   0.101
   24   Q   0.109   0.096   0.101
   25   V   0.104   0.095   0.098
   26   T   0.103   0.099   0.097
   27   S   0.108   0.103   0.099
   28   N   0.105   0.107   0.098
   29   G   0.106   0.104   0.099
   30   S   0.100   0.105   0.096
   31   I   0.102   0.108   0.097
   32   G   0.106   0.106   0.100
   33   R   0.107   0.107   0.101
   34   D   0.104   0.104   0.100
   35   P   0.104   0.106   0.100
   36   P   0.110   0.105   0.103
   37   A   0.108   0.111   0.103
   38   E   0.098   0.110   0.099
   39   T   0.104   0.111   0.103
   40   Q   0.104   0.121   0.103
   41   P   0.107   0.116   0.105
   42   Q   0.107   0.115   0.106
   43   N   0.104   0.118   0.105
   44   P   0.105   0.120   0.106
   45   P   0.109   0.122   0.108
   46   A   0.108   0.126   0.108
   47   Q   0.102   0.139   0.106
   48   P   0.107   0.143   0.110
   49   A   0.098   0.150   0.105
   50   P   0.100   0.168   0.108
   51   N   0.108   0.156   0.113
   52   A   0.103   0.138   0.112
   53   W   0.097   0.124   0.109
   54   Q   0.102   0.116   0.112
   55   V   0.103   0.116   0.113
   56   I   0.105   0.119   0.114
   57   K   0.108   0.117   0.116
   58   G   0.103   0.140   0.114
   59   V   0.101   0.134   0.113
   60   L   0.109   0.133   0.118
   61   F   0.103   0.123   0.115
   62   R   0.101   0.141   0.114
   63   I   0.104   0.120   0.116
   64   F   0.104   0.116   0.117
   65   I   0.107   0.112   0.118
   66   I   0.107   0.107   0.118
   67   W   0.099   0.108   0.114
   68   A   0.100   0.122   0.113
   69   I   0.112   0.098   0.120
   70   S   0.098   0.109   0.112
# Measure  Position  Value    Cutoff   signal peptide?
  max. C    69       0.112
  max. Y    69       0.120
  max. S    50       0.168
  mean S     1-68    0.111
       D     1-68    0.115   0.450   NO
Name=CLPT1_HUMAN	SP='NO' D=0.115 D-cutoff=0.450 Networks=SignalP-noTM
