# SignalP-4.1 euk predictions
# Name=CMS1_HUMAN	Length=70	Networks=SignalP-noTM
# pos  aa    C       S       Y
    1   M   0.103   0.087   0.095
    2   A   0.102   0.089   0.094
    3   D   0.099   0.106   0.093
    4   D   0.104   0.096   0.095
    5   L   0.100   0.102   0.094
    6   G   0.104   0.104   0.096
    7   D   0.100   0.110   0.095
    8   E   0.104   0.110   0.097
    9   W   0.100   0.104   0.096
   10   W   0.098   0.101   0.095
   11   E   0.099   0.093   0.096
   12   N   0.100   0.090   0.097
   13   Q   0.098   0.082   0.096
   14   P   0.101   0.091   0.097
   15   T   0.102   0.096   0.098
   16   G   0.106   0.086   0.100
   17   A   0.097   0.090   0.095
   18   G   0.098   0.100   0.096
   19   S   0.098   0.109   0.097
   20   S   0.097   0.107   0.096
   21   P   0.098   0.104   0.097
   22   E   0.109   0.111   0.103
   23   A   0.101   0.094   0.100
   24   S   0.097   0.101   0.098
   25   D   0.106   0.103   0.102
   26   G   0.100   0.100   0.100
   27   E   0.100   0.099   0.100
   28   G   0.107   0.095   0.103
   29   E   0.102   0.107   0.100
   30   G   0.105   0.101   0.102
   31   D   0.101   0.101   0.099
   32   T   0.107   0.102   0.102
   33   E   0.102   0.101   0.100
   34   V   0.108   0.099   0.103
   35   M   0.103   0.104   0.101
   36   Q   0.109   0.106   0.104
   37   Q   0.099   0.110   0.100
   38   E   0.103   0.105   0.102
   39   T   0.104   0.103   0.103
   40   V   0.102   0.100   0.102
   41   P   0.102   0.092   0.103
   42   V   0.102   0.100   0.102
   43   P   0.101   0.098   0.101
   44   V   0.106   0.095   0.104
   45   P   0.102   0.095   0.101
   46   S   0.105   0.097   0.103
   47   E   0.098   0.105   0.099
   48   K   0.099   0.105   0.100
   49   T   0.102   0.103   0.101
   50   K   0.102   0.100   0.102
   51   Q   0.102   0.103   0.101
   52   P   0.108   0.101   0.104
   53   K   0.105   0.100   0.103
   54   E   0.099   0.099   0.100
   55   C   0.102   0.095   0.101
   56   F   0.100   0.093   0.100
   57   L   0.108   0.102   0.104
   58   I   0.103   0.106   0.102
   59   Q   0.101   0.102   0.101
   60   P   0.107   0.108   0.104
   61   K   0.104   0.102   0.102
   62   E   0.106   0.100   0.103
   63   R   0.102   0.102   0.101
   64   K   0.100   0.104   0.100
   65   E   0.095   0.102   0.098
   66   N   0.099   0.104   0.100
   67   T   0.100   0.105   0.101
   68   T   0.099   0.106   0.100
   69   K   0.101   0.105   0.102
   70   T   0.100   0.103   0.101
# Measure  Position  Value    Cutoff   signal peptide?
  max. C    22       0.109
  max. Y    36       0.104
  max. S    22       0.111
  mean S     1-35    0.099
       D     1-35    0.102   0.450   NO
Name=CMS1_HUMAN	SP='NO' D=0.102 D-cutoff=0.450 Networks=SignalP-noTM
