# SignalP-4.1 euk predictions
# Name=CNDG2_HUMAN	Length=70	Networks=SignalP-noTM
# pos  aa    C       S       Y
    1   M   0.101   0.141   0.120
    2   E   0.102   0.143   0.120
    3   K   0.101   0.141   0.119
    4   R   0.100   0.127   0.119
    5   E   0.105   0.143   0.121
    6   T   0.101   0.111   0.119
    7   F   0.101   0.104   0.119
    8   V   0.104   0.098   0.120
    9   Q   0.101   0.100   0.117
   10   A   0.104   0.103   0.118
   11   V   0.092   0.127   0.110
   12   S   0.109   0.125   0.120
   13   K   0.097   0.094   0.113
   14   E   0.095   0.125   0.111
   15   L   0.104   0.105   0.115
   16   V   0.102   0.097   0.113
   17   G   0.098   0.098   0.110
   18   E   0.101   0.094   0.111
   19   F   0.100   0.098   0.110
   20   L   0.099   0.096   0.108
   21   Q   0.101   0.093   0.108
   22   F   0.097   0.095   0.105
   23   V   0.102   0.096   0.107
   24   Q   0.102   0.104   0.106
   25   L   0.104   0.112   0.106
   26   D   0.110   0.098   0.108
   27   K   0.100   0.104   0.102
   28   E   0.102   0.107   0.103
   29   A   0.101   0.109   0.102
   30   S   0.097   0.095   0.100
   31   D   0.104   0.091   0.104
   32   P   0.095   0.096   0.099
   33   F   0.102   0.087   0.102
   34   S   0.101   0.094   0.101
   35   L   0.100   0.102   0.100
   36   N   0.098   0.107   0.099
   37   E   0.099   0.103   0.099
   38   L   0.102   0.105   0.100
   39   L   0.104   0.108   0.102
   40   D   0.107   0.101   0.103
   41   E   0.103   0.096   0.102
   42   L   0.100   0.103   0.100
   43   S   0.103   0.097   0.102
   44   R   0.102   0.101   0.101
   45   K   0.102   0.096   0.102
   46   Q   0.097   0.092   0.099
   47   K   0.099   0.090   0.100
   48   E   0.097   0.088   0.098
   49   E   0.099   0.085   0.099
   50   L   0.099   0.091   0.099
   51   W   0.098   0.096   0.098
   52   Q   0.095   0.097   0.096
   53   R   0.101   0.093   0.099
   54   L   0.101   0.087   0.099
   55   K   0.105   0.089   0.100
   56   N   0.103   0.094   0.100
   57   L   0.102   0.101   0.099
   58   L   0.104   0.098   0.100
   59   T   0.106   0.093   0.101
   60   D   0.105   0.091   0.100
   61   V   0.102   0.092   0.098
   62   L   0.100   0.090   0.097
   63   L   0.104   0.091   0.099
   64   E   0.093   0.093   0.093
   65   S   0.101   0.092   0.097
   66   P   0.096   0.096   0.094
   67   V   0.102   0.094   0.097
   68   D   0.103   0.094   0.098
   69   G   0.098   0.096   0.095
   70   W   0.135   0.102   0.112
# Measure  Position  Value    Cutoff   signal peptide?
  max. C    70       0.135
  max. Y    12       0.120
  max. S     2       0.143
  mean S     1-11    0.122
       D     1-11    0.121   0.450   NO
Name=CNDG2_HUMAN	SP='NO' D=0.121 D-cutoff=0.450 Networks=SignalP-noTM
