# SignalP-4.1 euk predictions
# Name=COBA2_HUMAN	Length=70	Networks=SignalP-noTM
# pos  aa    C       S       Y
    1   M   0.102   0.927   0.307
    2   E   0.102   0.906   0.308
    3   R   0.101   0.891   0.305
    4   C   0.104   0.878   0.310
    5   S   0.104   0.906   0.309
    6   R   0.097   0.935   0.299
    7   C   0.104   0.960   0.309
    8   H   0.101   0.969   0.305
    9   R   0.101   0.968   0.305
   10   L   0.100   0.953   0.304
   11   L   0.102   0.916   0.307
   12   L   0.104   0.929   0.310
   13   L   0.103   0.931   0.309
   14   L   0.102   0.947   0.307
   15   P   0.105   0.965   0.312
   16   L   0.107   0.967   0.316
   17   V   0.104   0.972   0.312
   18   L   0.100   0.969   0.305
   19   G   0.104   0.968   0.311
   20   L   0.273   0.944   0.506
   21   S   0.104   0.950   0.312
   22   A   0.131   0.925   0.351
   23   A   0.581   0.862   0.739
   24   P   0.181   0.606   0.412
   25   G   0.106   0.672   0.312
   26   W   0.118   0.598   0.328
   27   A   0.104   0.661   0.307
   28   G   0.466   0.388   0.644
   29   A   0.327   0.186   0.531
   30   P   0.194   0.119   0.401
   31   P   0.109   0.135   0.293
   32   V   0.110   0.139   0.287
   33   D   0.104   0.125   0.273
   34   V   0.106   0.177   0.268
   35   L   0.102   0.132   0.257
   36   R   0.110   0.146   0.259
   37   A   0.108   0.114   0.249
   38   L   0.116   0.104   0.249
   39   R   0.107   0.106   0.230
   40   F   0.105   0.098   0.219
   41   P   0.109   0.101   0.213
   42   S   0.108   0.098   0.201
   43   L   0.101   0.105   0.185
   44   P   0.103   0.106   0.176
   45   D   0.104   0.105   0.165
   46   G   0.101   0.112   0.152
   47   V   0.100   0.098   0.143
   48   R   0.104   0.114   0.137
   49   R   0.107   0.140   0.130
   50   A   0.116   0.102   0.125
   51   K   0.096   0.103   0.108
   52   G   0.111   0.101   0.114
   53   I   0.108   0.096   0.112
   54   C   0.106   0.097   0.110
   55   P   0.103   0.094   0.108
   56   A   0.106   0.101   0.108
   57   D   0.098   0.098   0.103
   58   V   0.106   0.100   0.106
   59   A   0.098   0.100   0.101
   60   Y   0.096   0.101   0.100
   61   R   0.102   0.101   0.103
   62   V   0.105   0.098   0.104
   63   A   0.108   0.100   0.105
   64   R   0.098   0.103   0.101
   65   P   0.107   0.099   0.105
   66   A   0.110   0.098   0.107
   67   Q   0.100   0.100   0.102
   68   L   0.103   0.097   0.103
   69   S   0.102   0.098   0.102
   70   A   0.103   0.100   0.103
# Measure  Position  Value    Cutoff   signal peptide?
  max. C    23       0.581
  max. Y    23       0.739
  max. S    17       0.972
  mean S     1-22    0.940
       D     1-22    0.847   0.450   YES
Name=COBA2_HUMAN	SP='YES' Cleavage site between pos. 22 and 23: LSA-AP D=0.847 D-cutoff=0.450 Networks=SignalP-noTM
