# SignalP-4.1 euk predictions
# Name=CS067_HUMAN	Length=70	Networks=SignalP-noTM
# pos  aa    C       S       Y
    1   M   0.103   0.095   0.099
    2   A   0.103   0.090   0.099
    3   T   0.098   0.100   0.096
    4   E   0.105   0.107   0.100
    5   Q   0.099   0.105   0.097
    6   W   0.100   0.097   0.098
    7   F   0.099   0.099   0.097
    8   E   0.099   0.098   0.097
    9   G   0.103   0.098   0.099
   10   S   0.097   0.097   0.097
   11   L   0.103   0.098   0.100
   12   P   0.102   0.094   0.099
   13   L   0.102   0.094   0.099
   14   D   0.101   0.098   0.099
   15   P   0.102   0.101   0.099
   16   G   0.105   0.098   0.101
   17   E   0.100   0.096   0.098
   18   T   0.101   0.099   0.099
   19   P   0.108   0.097   0.103
   20   P   0.096   0.108   0.097
   21   P   0.098   0.105   0.098
   22   D   0.107   0.103   0.103
   23   A   0.101   0.108   0.100
   24   L   0.101   0.116   0.100
   25   E   0.103   0.118   0.102
   26   P   0.101   0.113   0.101
   27   G   0.107   0.112   0.104
   28   T   0.100   0.102   0.101
   29   P   0.109   0.104   0.105
   30   P   0.105   0.097   0.104
   31   C   0.105   0.101   0.104
   32   G   0.101   0.096   0.102
   33   D   0.098   0.101   0.100
   34   P   0.101   0.102   0.102
   35   S   0.102   0.109   0.103
   36   R   0.098   0.107   0.101
   37   S   0.104   0.101   0.104
   38   T   0.099   0.105   0.101
   39   P   0.095   0.114   0.100
   40   P   0.105   0.113   0.105
   41   G   0.105   0.110   0.105
   42   R   0.104   0.107   0.105
   43   P   0.110   0.111   0.108
   44   G   0.102   0.113   0.104
   45   N   0.099   0.117   0.103
   46   P   0.107   0.107   0.107
   47   S   0.104   0.109   0.106
   48   E   0.102   0.112   0.105
   49   P   0.101   0.108   0.104
   50   D   0.104   0.113   0.105
   51   P   0.109   0.108   0.108
   52   E   0.105   0.115   0.106
   53   D   0.110   0.100   0.109
   54   A   0.106   0.097   0.107
   55   E   0.096   0.089   0.102
   56   G   0.105   0.095   0.106
   57   R   0.101   0.089   0.104
   58   L   0.113   0.102   0.109
   59   A   0.109   0.101   0.108
   60   E   0.102   0.103   0.104
   61   A   0.106   0.103   0.106
   62   R   0.100   0.104   0.103
   63   A   0.115   0.101   0.110
   64   S   0.093   0.102   0.099
   65   T   0.104   0.103   0.104
   66   S   0.100   0.101   0.102
   67   S   0.097   0.101   0.100
   68   P   0.097   0.103   0.100
   69   K   0.100   0.102   0.101
   70   P   0.103   0.102   0.103
# Measure  Position  Value    Cutoff   signal peptide?
  max. C    63       0.115
  max. Y    63       0.110
  max. S    25       0.118
  mean S     1-62    0.103
       D     1-62    0.106   0.450   NO
Name=CS067_HUMAN	SP='NO' D=0.106 D-cutoff=0.450 Networks=SignalP-noTM
