# SignalP-4.1 euk predictions
# Name=DE10B_HUMAN	Length=70	Networks=SignalP-noTM
# pos  aa    C       S       Y
    1   M   0.104   0.154   0.126
    2   A   0.106   0.161   0.128
    3   A   0.100   0.133   0.125
    4   A   0.100   0.128   0.124
    5   E   0.100   0.170   0.123
    6   L   0.103   0.137   0.125
    7   A   0.102   0.136   0.124
    8   D   0.099   0.154   0.122
    9   T   0.106   0.138   0.127
   10   Q   0.102   0.138   0.124
   11   L   0.107   0.135   0.127
   12   M   0.105   0.149   0.125
   13   L   0.098   0.131   0.121
   14   G   0.103   0.204   0.124
   15   V   0.102   0.153   0.124
   16   G   0.105   0.206   0.125
   17   L   0.103   0.182   0.125
   18   I   0.102   0.153   0.125
   19   E   0.108   0.113   0.129
   20   K   0.099   0.123   0.123
   21   D   0.104   0.105   0.125
   22   T   0.106   0.126   0.125
   23   N   0.106   0.133   0.125
   24   G   0.109   0.141   0.126
   25   E   0.189   0.099   0.165
   26   V   0.098   0.101   0.118
   27   L   0.102   0.098   0.120
   28   W   0.099   0.100   0.117
   29   V   0.098   0.108   0.116
   30   W   0.104   0.108   0.119
   31   C   0.103   0.106   0.118
   32   Y   0.100   0.098   0.115
   33   P   0.104   0.098   0.116
   34   S   0.099   0.100   0.113
   35   T   0.102   0.112   0.113
   36   T   0.102   0.150   0.113
   37   A   0.102   0.163   0.112
   38   T   0.127   0.122   0.125
   39   L   0.118   0.103   0.119
   40   R   0.107   0.108   0.112
   41   N   0.109   0.099   0.111
   42   L   0.104   0.100   0.109
   43   L   0.101   0.112   0.106
   44   L   0.109   0.112   0.111
   45   R   0.106   0.108   0.109
   46   K   0.109   0.101   0.110
   47   C   0.102   0.105   0.106
   48   C   0.103   0.117   0.106
   49   L   0.100   0.116   0.105
   50   T   0.103   0.096   0.107
   51   D   0.105   0.081   0.108
   52   E   0.096   0.083   0.103
   53   N   0.095   0.097   0.101
   54   K   0.098   0.100   0.103
   55   L   0.093   0.106   0.101
   56   L   0.102   0.106   0.105
   57   H   0.102   0.107   0.105
   58   P   0.099   0.101   0.104
   59   F   0.099   0.097   0.103
   60   V   0.102   0.097   0.103
   61   F   0.105   0.096   0.104
   62   G   0.107   0.096   0.105
   63   Q   0.097   0.097   0.099
   64   Y   0.099   0.096   0.100
   65   R   0.093   0.093   0.097
   66   R   0.099   0.096   0.100
   67   T   0.102   0.100   0.101
   68   W   0.097   0.099   0.098
   69   F   0.100   0.099   0.099
   70   Y   0.097   0.099   0.098
# Measure  Position  Value    Cutoff   signal peptide?
  max. C    25       0.189
  max. Y    25       0.165
  max. S    16       0.206
  mean S     1-24    0.146
       D     1-24    0.155   0.450   NO
Name=DE10B_HUMAN	SP='NO' D=0.155 D-cutoff=0.450 Networks=SignalP-noTM
