# SignalP-4.1 euk predictions
# Name=DHX36_HUMAN	Length=70	Networks=SignalP-noTM
# pos  aa    C       S       Y
    1   M   0.100   0.105   0.102
    2   S   0.101   0.107   0.103
    3   Y   0.100   0.111   0.102
    4   D   0.100   0.103   0.102
    5   Y   0.102   0.115   0.104
    6   H   0.099   0.109   0.102
    7   Q   0.102   0.116   0.104
    8   N   0.101   0.116   0.104
    9   W   0.100   0.116   0.103
   10   G   0.096   0.109   0.102
   11   R   0.097   0.103   0.102
   12   D   0.108   0.093   0.108
   13   G   0.099   0.092   0.103
   14   G   0.098   0.102   0.102
   15   P   0.099   0.102   0.102
   16   R   0.108   0.102   0.107
   17   S   0.103   0.093   0.104
   18   S   0.098   0.092   0.101
   19   G   0.098   0.096   0.101
   20   G   0.099   0.092   0.102
   21   G   0.099   0.086   0.101
   22   Y   0.104   0.095   0.103
   23   G   0.109   0.085   0.106
   24   G   0.099   0.088   0.100
   25   G   0.104   0.088   0.102
   26   P   0.103   0.086   0.101
   27   A   0.110   0.081   0.104
   28   G   0.100   0.089   0.099
   29   G   0.105   0.088   0.101
   30   H   0.097   0.083   0.096
   31   G   0.109   0.087   0.101
   32   G   0.105   0.088   0.099
   33   N   0.099   0.088   0.095
   34   R   0.106   0.093   0.098
   35   G   0.107   0.085   0.098
   36   S   0.101   0.085   0.095
   37   G   0.107   0.087   0.098
   38   G   0.105   0.081   0.096
   39   G   0.104   0.082   0.095
   40   G   0.104   0.093   0.095
   41   G   0.104   0.092   0.095
   42   G   0.105   0.094   0.096
   43   G   0.105   0.094   0.096
   44   G   0.102   0.098   0.095
   45   G   0.103   0.099   0.095
   46   G   0.105   0.098   0.096
   47   R   0.106   0.104   0.097
   48   G   0.111   0.096   0.100
   49   G   0.099   0.102   0.095
   50   R   0.106   0.102   0.098
   51   G   0.110   0.101   0.100
   52   R   0.103   0.100   0.098
   53   H   0.107   0.098   0.100
   54   P   0.105   0.088   0.099
   55   G   0.108   0.087   0.101
   56   H   0.105   0.091   0.099
   57   L   0.109   0.100   0.101
   58   K   0.106   0.098   0.100
   59   G   0.105   0.096   0.100
   60   R   0.099   0.099   0.097
   61   E   0.114   0.097   0.104
   62   I   0.109   0.098   0.103
   63   G   0.104   0.096   0.101
   64   M   0.099   0.097   0.098
   65   W   0.105   0.096   0.101
   66   Y   0.106   0.098   0.101
   67   A   0.100   0.097   0.099
   68   K   0.096   0.100   0.097
   69   K   0.101   0.100   0.099
   70   Q   0.101   0.100   0.099
# Measure  Position  Value    Cutoff   signal peptide?
  max. C    61       0.114
  max. Y    12       0.108
  max. S     9       0.116
  mean S     1-11    0.110
       D     1-11    0.109   0.450   NO
Name=DHX36_HUMAN	SP='NO' D=0.109 D-cutoff=0.450 Networks=SignalP-noTM
