# SignalP-4.1 euk predictions
# Name=DJB11_HUMAN	Length=70	Networks=SignalP-noTM
# pos  aa    C       S       Y
    1   M   0.103   0.907   0.305
    2   A   0.104   0.884   0.307
    3   P   0.097   0.904   0.296
    4   Q   0.104   0.924   0.307
    5   N   0.102   0.937   0.303
    6   L   0.101   0.936   0.302
    7   S   0.100   0.925   0.302
    8   T   0.100   0.890   0.302
    9   F   0.102   0.873   0.305
   10   C   0.102   0.861   0.304
   11   L   0.102   0.885   0.304
   12   L   0.103   0.922   0.306
   13   L   0.097   0.931   0.297
   14   L   0.103   0.948   0.305
   15   Y   0.100   0.939   0.302
   16   L   0.100   0.944   0.301
   17   I   0.104   0.944   0.308
   18   G   0.099   0.944   0.301
   19   A   0.134   0.918   0.350
   20   V   0.126   0.879   0.340
   21   I   0.099   0.925   0.301
   22   A   0.143   0.885   0.362
   23   G   0.795   0.375   0.852
   24   R   0.311   0.132   0.526
   25   D   0.135   0.115   0.340
   26   F   0.117   0.135   0.310
   27   Y   0.126   0.103   0.314
   28   K   0.100   0.109   0.273
   29   I   0.103   0.135   0.271
   30   L   0.105   0.132   0.266
   31   G   0.105   0.146   0.259
   32   V   0.141   0.110   0.292
   33   P   0.105   0.116   0.245
   34   R   0.103   0.114   0.235
   35   S   0.104   0.102   0.228
   36   A   0.102   0.102   0.217
   37   S   0.099   0.108   0.205
   38   I   0.106   0.104   0.202
   39   K   0.101   0.097   0.187
   40   D   0.100   0.092   0.175
   41   I   0.102   0.095   0.166
   42   K   0.102   0.094   0.154
   43   K   0.101   0.098   0.141
   44   A   0.102   0.095   0.128
   45   Y   0.096   0.103   0.109
   46   R   0.098   0.107   0.104
   47   K   0.106   0.099   0.108
   48   L   0.106   0.102   0.108
   49   A   0.108   0.105   0.108
   50   L   0.099   0.104   0.103
   51   Q   0.109   0.103   0.108
   52   L   0.104   0.102   0.105
   53   H   0.103   0.097   0.104
   54   P   0.103   0.103   0.103
   55   D   0.105   0.099   0.104
   56   R   0.101   0.109   0.101
   57   N   0.102   0.106   0.102
   58   P   0.096   0.103   0.099
   59   D   0.096   0.103   0.099
   60   D   0.100   0.111   0.100
   61   P   0.099   0.115   0.100
   62   Q   0.102   0.115   0.102
   63   A   0.105   0.115   0.104
   64   Q   0.096   0.108   0.100
   65   E   0.100   0.102   0.102
   66   K   0.097   0.105   0.101
   67   F   0.102   0.105   0.103
   68   Q   0.107   0.100   0.106
   69   D   0.107   0.099   0.106
   70   L   0.108   0.103   0.107
# Measure  Position  Value    Cutoff   signal peptide?
  max. C    23       0.795
  max. Y    23       0.852
  max. S    14       0.948
  mean S     1-22    0.914
       D     1-22    0.886   0.450   YES
Name=DJB11_HUMAN	SP='YES' Cleavage site between pos. 22 and 23: VIA-GR D=0.886 D-cutoff=0.450 Networks=SignalP-noTM
