# SignalP-4.1 euk predictions
# Name=DOK1_HUMAN	Length=70	Networks=SignalP-noTM
# pos  aa    C       S       Y
    1   M   0.101   0.104   0.103
    2   D   0.103   0.104   0.104
    3   G   0.104   0.100   0.104
    4   A   0.101   0.087   0.103
    5   V   0.098   0.090   0.101
    6   M   0.103   0.096   0.103
    7   E   0.101   0.099   0.101
    8   G   0.099   0.104   0.100
    9   P   0.100   0.148   0.101
   10   L   0.106   0.167   0.105
   11   F   0.103   0.139   0.105
   12   L   0.104   0.177   0.106
   13   Q   0.100   0.143   0.106
   14   S   0.105   0.115   0.109
   15   Q   0.100   0.107   0.107
   16   R   0.104   0.107   0.109
   17   F   0.100   0.098   0.107
   18   G   0.099   0.105   0.106
   19   T   0.095   0.098   0.104
   20   K   0.098   0.115   0.106
   21   R   0.099   0.107   0.107
   22   W   0.098   0.109   0.106
   23   R   0.097   0.101   0.105
   24   K   0.105   0.106   0.110
   25   T   0.097   0.098   0.105
   26   W   0.099   0.103   0.106
   27   A   0.101   0.106   0.108
   28   V   0.116   0.103   0.116
   29   L   0.103   0.105   0.109
   30   Y   0.103   0.104   0.109
   31   P   0.100   0.106   0.108
   32   A   0.107   0.107   0.111
   33   S   0.101   0.112   0.106
   34   P   0.105   0.120   0.108
   35   H   0.101   0.118   0.104
   36   G   0.104   0.214   0.105
   37   V   0.100   0.185   0.106
   38   A   0.102   0.155   0.108
   39   R   0.127   0.136   0.122
   40   L   0.121   0.102   0.120
   41   E   0.114   0.096   0.116
   42   F   0.103   0.104   0.110
   43   F   0.104   0.093   0.111
   44   D   0.106   0.096   0.112
   45   H   0.106   0.098   0.111
   46   K   0.105   0.093   0.111
   47   G   0.105   0.108   0.110
   48   S   0.100   0.107   0.108
   49   S   0.099   0.102   0.108
   50   S   0.105   0.101   0.110
   51   G   0.100   0.106   0.108
   52   G   0.094   0.102   0.105
   53   G   0.100   0.101   0.108
   54   R   0.102   0.093   0.109
   55   G   0.109   0.093   0.112
   56   S   0.096   0.096   0.105
   57   S   0.098   0.099   0.106
   58   R   0.099   0.092   0.106
   59   R   0.105   0.097   0.106
   60   L   0.105   0.104   0.104
   61   D   0.104   0.101   0.103
   62   C   0.106   0.098   0.102
   63   K   0.106   0.100   0.102
   64   V   0.105   0.094   0.102
   65   I   0.105   0.093   0.102
   66   R   0.108   0.091   0.103
   67   L   0.105   0.092   0.102
   68   A   0.106   0.091   0.102
   69   E   0.096   0.093   0.097
   70   C   0.106   0.093   0.102
# Measure  Position  Value    Cutoff   signal peptide?
  max. C    39       0.127
  max. Y    39       0.122
  max. S    36       0.214
  mean S     1-38    0.117
       D     1-38    0.120   0.450   NO
Name=DOK1_HUMAN	SP='NO' D=0.120 D-cutoff=0.450 Networks=SignalP-noTM
