# SignalP-4.1 euk predictions
# Name=DRGX_HUMAN	Length=70	Networks=SignalP-TM
# pos  aa    C       S       Y
    1   M   0.102   0.101   0.101
    2   F   0.101   0.111   0.101
    3   Y   0.102   0.088   0.102
    4   F   0.102   0.080   0.101
    5   H   0.102   0.083   0.101
    6   C   0.101   0.083   0.099
    7   P   0.101   0.079   0.099
    8   P   0.103   0.082   0.099
    9   Q   0.102   0.087   0.098
   10   L   0.102   0.091   0.097
   11   E   0.099   0.089   0.095
   12   G   0.100   0.122   0.095
   13   T   0.105   0.090   0.099
   14   A   0.105   0.092   0.098
   15   T   0.103   0.088   0.097
   16   F   0.107   0.096   0.099
   17   G   0.100   0.100   0.094
   18   N   0.101   0.096   0.095
   19   H   0.100   0.099   0.096
   20   S   0.098   0.120   0.095
   21   S   0.104   0.113   0.099
   22   G   0.100   0.110   0.099
   23   D   0.109   0.100   0.104
   24   F   0.101   0.100   0.101
   25   D   0.101   0.100   0.101
   26   D   0.100   0.105   0.101
   27   G   0.101   0.108   0.101
   28   F   0.103   0.109   0.102
   29   L   0.105   0.110   0.104
   30   R   0.102   0.112   0.103
   31   R   0.102   0.100   0.104
   32   K   0.104   0.094   0.105
   33   Q   0.103   0.100   0.104
   34   R   0.104   0.100   0.105
   35   R   0.105   0.097   0.105
   36   N   0.103   0.101   0.103
   37   R   0.100   0.098   0.101
   38   T   0.102   0.109   0.102
   39   T   0.103   0.133   0.103
   40   F   0.102   0.117   0.104
   41   T   0.103   0.099   0.105
   42   L   0.101   0.099   0.103
   43   Q   0.103   0.092   0.104
   44   Q   0.102   0.088   0.103
   45   L   0.104   0.085   0.103
   46   E   0.104   0.088   0.103
   47   A   0.105   0.091   0.103
   48   L   0.099   0.091   0.099
   49   E   0.103   0.091   0.101
   50   A   0.100   0.117   0.099
   51   V   0.099   0.094   0.100
   52   F   0.103   0.112   0.101
   53   A   0.102   0.115   0.101
   54   Q   0.108   0.098   0.103
   55   T   0.101   0.101   0.099
   56   H   0.100   0.098   0.099
   57   Y   0.099   0.099   0.098
   58   P   0.097   0.100   0.098
   59   D   0.102   0.103   0.100
   60   V   0.102   0.104   0.101
   61   F   0.101   0.105   0.101
   62   T   0.103   0.106   0.103
   63   R   0.104   0.108   0.103
   64   E   0.103   0.107   0.104
   65   E   0.104   0.107   0.104
   66   L   0.104   0.104   0.104
   67   A   0.104   0.104   0.104
   68   M   0.100   0.104   0.101
   69   K   0.105   0.103   0.104
   70   I   0.103   0.101   0.103
# Measure  Position  Value    Cutoff   signal peptide?
  max. C    23       0.109
  max. Y    34       0.105
  max. S    39       0.133
  mean S     1-33    0.098
       D     1-33    0.102   0.500   NO
Name=DRGX_HUMAN	SP='NO' D=0.102 D-cutoff=0.500 Networks=SignalP-TM
