# SignalP-4.1 euk predictions
# Name=DSEL_HUMAN	Length=70	Networks=SignalP-noTM
# pos  aa    C       S       Y
    1   M   0.104   0.940   0.313
    2   A   0.103   0.954   0.312
    3   L   0.096   0.976   0.301
    4   M   0.104   0.978   0.313
    5   F   0.101   0.980   0.309
    6   T   0.106   0.980   0.316
    7   G   0.105   0.975   0.316
    8   H   0.100   0.964   0.309
    9   L   0.103   0.961   0.313
   10   L   0.099   0.960   0.306
   11   F   0.099   0.974   0.306
   12   L   0.104   0.981   0.315
   13   A   0.106   0.988   0.318
   14   L   0.097   0.990   0.305
   15   L   0.103   0.988   0.314
   16   M   0.102   0.977   0.313
   17   F   0.106   0.965   0.319
   18   A   0.106   0.952   0.319
   19   F   0.225   0.892   0.466
   20   S   0.100   0.926   0.310
   21   T   0.328   0.891   0.562
   22   F   0.124   0.830   0.346
   23   E   0.207   0.749   0.445
   24   E   0.213   0.652   0.449
   25   S   0.125   0.574   0.341
   26   V   0.232   0.322   0.460
   27   S   0.106   0.368   0.307
   28   N   0.163   0.263   0.373
   29   Y   0.160   0.153   0.364
   30   S   0.105   0.147   0.288
   31   E   0.104   0.121   0.279
   32   W   0.100   0.127   0.267
   33   A   0.107   0.115   0.268
   34   V   0.096   0.114   0.246
   35   F   0.102   0.114   0.246
   36   T   0.098   0.115   0.234
   37   D   0.109   0.112   0.237
   38   D   0.103   0.111   0.221
   39   I   0.102   0.105   0.211
   40   D   0.103   0.104   0.203
   41   Q   0.103   0.107   0.193
   42   F   0.104   0.100   0.183
   43   K   0.103   0.100   0.171
   44   T   0.105   0.102   0.162
   45   Q   0.106   0.106   0.152
   46   K   0.100   0.105   0.137
   47   V   0.101   0.107   0.128
   48   Q   0.097   0.110   0.117
   49   D   0.102   0.116   0.116
   50   F   0.098   0.102   0.109
   51   R   0.100   0.117   0.107
   52   P   0.108   0.112   0.110
   53   N   0.103   0.101   0.106
   54   Q   0.100   0.091   0.104
   55   K   0.102   0.086   0.105
   56   L   0.097   0.085   0.102
   57   K   0.098   0.093   0.101
   58   K   0.098   0.091   0.101
   59   S   0.105   0.101   0.104
   60   M   0.101   0.101   0.102
   61   L   0.106   0.099   0.104
   62   H   0.100   0.096   0.101
   63   P   0.101   0.096   0.101
   64   S   0.104   0.095   0.102
   65   L   0.100   0.093   0.100
   66   Y   0.103   0.095   0.101
   67   F   0.098   0.096   0.099
   68   D   0.101   0.098   0.100
   69   A   0.103   0.096   0.101
   70   G   0.100   0.097   0.099
# Measure  Position  Value    Cutoff   signal peptide?
  max. C    21       0.328
  max. Y    21       0.562
  max. S    14       0.990
  mean S     1-20    0.965
       D     1-20    0.779   0.450   YES
Name=DSEL_HUMAN	SP='YES' Cleavage site between pos. 20 and 21: AFS-TF D=0.779 D-cutoff=0.450 Networks=SignalP-noTM
