# SignalP-4.1 euk predictions
# Name=DYDC2_HUMAN	Length=70	Networks=SignalP-TM
# pos  aa    C       S       Y
    1   M   0.101   0.186   0.137
    2   E   0.101   0.177   0.137
    3   T   0.102   0.159   0.137
    4   N   0.101   0.169   0.136
    5   Y   0.104   0.143   0.137
    6   L   0.099   0.155   0.133
    7   K   0.102   0.209   0.134
    8   R   0.101   0.214   0.134
    9   C   0.105   0.188   0.138
   10   F   0.100   0.150   0.134
   11   G   0.106   0.164   0.137
   12   N   0.101   0.103   0.133
   13   C   0.101   0.103   0.131
   14   L   0.102   0.136   0.129
   15   A   0.104   0.167   0.130
   16   Q   0.104   0.147   0.129
   17   A   0.104   0.191   0.128
   18   L   0.101   0.223   0.127
   19   A   0.104   0.233   0.131
   20   E   0.134   0.152   0.151
   21   V   0.101   0.149   0.131
   22   A   0.104   0.127   0.131
   23   K   0.101   0.150   0.127
   24   V   0.104   0.146   0.128
   25   R   0.109   0.115   0.131
   26   P   0.104   0.145   0.126
   27   S   0.118   0.110   0.136
   28   D   0.103   0.102   0.127
   29   P   0.104   0.122   0.126
   30   I   0.159   0.106   0.155
   31   E   0.101   0.103   0.122
   32   Y   0.104   0.105   0.121
   33   L   0.103   0.111   0.117
   34   A   0.104   0.111   0.114
   35   H   0.096   0.109   0.108
   36   W   0.105   0.103   0.112
   37   L   0.101   0.106   0.109
   38   Y   0.106   0.099   0.110
   39   H   0.104   0.100   0.107
   40   Y   0.101   0.099   0.105
   41   R   0.100   0.099   0.103
   42   K   0.103   0.104   0.104
   43   T   0.103   0.105   0.104
   44   A   0.102   0.106   0.103
   45   K   0.098   0.117   0.101
   46   A   0.102   0.111   0.104
   47   K   0.130   0.108   0.117
   48   E   0.101   0.118   0.103
   49   E   0.103   0.114   0.105
   50   N   0.103   0.124   0.105
   51   R   0.104   0.111   0.106
   52   E   0.102   0.116   0.105
   53   K   0.101   0.114   0.105
   54   K   0.103   0.110   0.106
   55   I   0.107   0.108   0.109
   56   H   0.104   0.106   0.108
   57   L   0.105   0.108   0.109
   58   Q   0.103   0.106   0.107
   59   E   0.103   0.105   0.108
   60   E   0.103   0.106   0.107
   61   Y   0.102   0.106   0.106
   62   D   0.103   0.107   0.107
   63   S   0.103   0.105   0.106
   64   S   0.100   0.107   0.105
   65   L   0.101   0.105   0.105
   66   K   0.102   0.104   0.105
   67   E   0.100   0.104   0.103
   68   M   0.101   0.105   0.103
   69   E   0.100   0.106   0.103
   70   M   0.105   0.104   0.105
# Measure  Position  Value    Cutoff   signal peptide?
  max. C    30       0.159
  max. Y    30       0.155
  max. S    19       0.233
  mean S     1-29    0.156
       D     1-29    0.156   0.500   NO
Name=DYDC2_HUMAN	SP='NO' D=0.156 D-cutoff=0.500 Networks=SignalP-TM
