# SignalP-4.1 euk predictions
# Name=DYH11_HUMAN	Length=70	Networks=SignalP-noTM
# pos  aa    C       S       Y
    1   M   0.103   0.155   0.126
    2   A   0.105   0.153   0.128
    3   A   0.099   0.131   0.124
    4   Q   0.098   0.130   0.123
    5   V   0.104   0.124   0.126
    6   A   0.103   0.109   0.125
    7   A   0.099   0.148   0.122
    8   R   0.101   0.115   0.122
    9   E   0.106   0.116   0.125
   10   A   0.101   0.112   0.121
   11   R   0.097   0.133   0.118
   12   D   0.109   0.154   0.124
   13   F   0.096   0.141   0.117
   14   R   0.105   0.121   0.122
   15   E   0.108   0.128   0.123
   16   A   0.103   0.124   0.120
   17   P   0.096   0.111   0.115
   18   T   0.106   0.107   0.120
   19   L   0.103   0.113   0.117
   20   R   0.102   0.118   0.116
   21   L   0.103   0.118   0.115
   22   T   0.105   0.120   0.116
   23   S   0.106   0.115   0.116
   24   G   0.109   0.090   0.117
   25   A   0.104   0.112   0.113
   26   G   0.102   0.122   0.111
   27   L   0.097   0.112   0.108
   28   E   0.102   0.102   0.111
   29   A   0.100   0.100   0.109
   30   V   0.095   0.108   0.106
   31   G   0.102   0.120   0.109
   32   A   0.101   0.127   0.109
   33   V   0.133   0.123   0.125
   34   E   0.103   0.123   0.110
   35   L   0.100   0.118   0.108
   36   E   0.109   0.110   0.112
   37   E   0.106   0.112   0.110
   38   E   0.105   0.121   0.109
   39   E   0.102   0.125   0.108
   40   E   0.105   0.119   0.109
   41   N   0.104   0.131   0.109
   42   E   0.098   0.130   0.107
   43   E   0.100   0.147   0.108
   44   E   0.104   0.144   0.110
   45   A   0.108   0.146   0.113
   46   A   0.100   0.138   0.109
   47   A   0.101   0.139   0.111
   48   R   0.098   0.131   0.110
   49   R   0.112   0.121   0.118
   50   A   0.105   0.118   0.114
   51   R   0.097   0.122   0.110
   52   S   0.111   0.113   0.118
   53   F   0.103   0.106   0.114
   54   A   0.109   0.092   0.117
   55   Q   0.100   0.094   0.111
   56   D   0.109   0.092   0.116
   57   A   0.103   0.092   0.112
   58   R   0.100   0.100   0.109
   59   V   0.107   0.099   0.113
   60   R   0.098   0.100   0.108
   61   F   0.108   0.092   0.113
   62   L   0.104   0.096   0.110
   63   G   0.107   0.095   0.111
   64   G   0.103   0.096   0.108
   65   R   0.104   0.095   0.108
   66   L   0.114   0.094   0.112
   67   A   0.104   0.091   0.106
   68   M   0.093   0.095   0.099
   69   M   0.105   0.095   0.104
   70   L   0.100   0.101   0.101
# Measure  Position  Value    Cutoff   signal peptide?
  max. C    33       0.133
  max. Y    33       0.125
  max. S     1       0.155
  mean S     1-32    0.121
       D     1-32    0.123   0.450   NO
Name=DYH11_HUMAN	SP='NO' D=0.123 D-cutoff=0.450 Networks=SignalP-noTM
