# SignalP-4.1 euk predictions
# Name=EMC7_HUMAN	Length=70	Networks=SignalP-TM
# pos  aa    C       S       Y
    1   M   0.103   0.860   0.298
    2   A   0.105   0.898   0.300
    3   A   0.101   0.935   0.295
    4   A   0.101   0.955   0.296
    5   L   0.100   0.953   0.295
    6   W   0.102   0.948   0.299
    7   G   0.102   0.946   0.301
    8   F   0.101   0.950   0.300
    9   F   0.103   0.965   0.304
   10   P   0.104   0.976   0.307
   11   V   0.104   0.982   0.309
   12   L   0.102   0.982   0.308
   13   L   0.105   0.975   0.314
   14   L   0.102   0.954   0.310
   15   L   0.103   0.946   0.313
   16   L   0.105   0.936   0.317
   17   L   0.105   0.934   0.317
   18   S   0.105   0.952   0.318
   19   G   0.144   0.940   0.371
   20   D   0.209   0.923   0.447
   21   V   0.104   0.924   0.315
   22   Q   0.137   0.819   0.362
   23   S   0.117   0.763   0.332
   24   S   0.803   0.371   0.864
   25   E   0.174   0.214   0.393
   26   V   0.126   0.207   0.324
   27   P   0.102   0.199   0.281
   28   G   0.103   0.242   0.272
   29   A   0.108   0.160   0.269
   30   A   0.106   0.128   0.255
   31   A   0.106   0.126   0.243
   32   E   0.193   0.117   0.310
   33   G   0.103   0.105   0.213
   34   S   0.104   0.108   0.198
   35   G   0.108   0.095   0.186
   36   G   0.102   0.100   0.163
   37   S   0.103   0.098   0.147
   38   G   0.104   0.095   0.130
   39   V   0.103   0.095   0.121
   40   G   0.104   0.092   0.118
   41   I   0.103   0.091   0.114
   42   G   0.103   0.095   0.110
   43   D   0.102   0.102   0.105
   44   R   0.107   0.100   0.105
   45   F   0.101   0.098   0.101
   46   K   0.106   0.099   0.103
   47   I   0.103   0.095   0.101
   48   E   0.106   0.090   0.101
   49   G   0.107   0.084   0.101
   50   R   0.103   0.088   0.099
   51   A   0.108   0.091   0.101
   52   V   0.099   0.092   0.096
   53   V   0.103   0.097   0.098
   54   P   0.103   0.098   0.099
   55   G   0.106   0.098   0.100
   56   V   0.101   0.096   0.098
   57   K   0.107   0.098   0.101
   58   P   0.105   0.095   0.100
   59   Q   0.100   0.101   0.097
   60   D   0.102   0.098   0.098
   61   W   0.105   0.100   0.100
   62   I   0.102   0.096   0.098
   63   S   0.103   0.101   0.099
   64   A   0.102   0.104   0.099
   65   A   0.100   0.103   0.099
   66   R   0.099   0.102   0.099
   67   V   0.103   0.101   0.101
   68   L   0.103   0.099   0.101
   69   V   0.104   0.098   0.102
   70   D   0.103   0.096   0.101
# Measure  Position  Value    Cutoff   signal peptide?
  max. C    24       0.803
  max. Y    24       0.864
  max. S    11       0.982
  mean S     1-23    0.931
       D     1-23    0.891   0.500   YES
Name=EMC7_HUMAN	SP='YES' Cleavage site between pos. 23 and 24: VQS-SE D=0.891 D-cutoff=0.500 Networks=SignalP-TM
