# SignalP-4.1 euk predictions
# Name=ENVT1_HUMAN	Length=70	Networks=SignalP-noTM
# pos  aa    C       S       Y
    1   M   0.101   0.108   0.105
    2   G   0.103   0.123   0.106
    3   P   0.099   0.159   0.104
    4   E   0.107   0.181   0.109
    5   A   0.105   0.207   0.110
    6   W   0.095   0.247   0.106
    7   V   0.098   0.252   0.111
    8   R   0.099   0.359   0.114
    9   P   0.108   0.296   0.124
   10   L   0.100   0.380   0.124
   11   K   0.106   0.469   0.132
   12   T   0.107   0.474   0.139
   13   A   0.105   0.655   0.144
   14   P   0.098   0.656   0.147
   15   K   0.105   0.727   0.161
   16   P   0.103   0.693   0.168
   17   G   0.104   0.632   0.177
   18   E   0.100   0.647   0.181
   19   A   0.103   0.561   0.190
   20   I   0.138   0.633   0.226
   21   R   0.101   0.695   0.199
   22   L   0.101   0.714   0.206
   23   I   0.106   0.716   0.218
   24   L   0.105   0.691   0.223
   25   F   0.108   0.607   0.232
   26   I   0.103   0.465   0.232
   27   Y   0.103   0.339   0.235
   28   L   0.105   0.446   0.239
   29   S   0.099   0.448   0.233
   30   C   0.101   0.555   0.238
   31   F   0.102   0.676   0.241
   32   F   0.098   0.703   0.239
   33   L   0.112   0.591   0.259
   34   P   0.095   0.537   0.240
   35   V   0.099   0.571   0.245
   36   M   0.101   0.769   0.247
   37   S   0.095   0.793   0.241
   38   S   0.492   0.412   0.549
   39   E   0.480   0.179   0.537
   40   P   0.097   0.151   0.237
   41   S   0.133   0.116   0.272
   42   Y   0.100   0.146   0.232
   43   S   0.096   0.140   0.223
   44   F   0.140   0.120   0.262
   45   L   0.101   0.138   0.216
   46   L   0.104   0.106   0.213
   47   T   0.100   0.099   0.203
   48   S   0.106   0.105   0.202
   49   F   0.102   0.103   0.194
   50   T   0.101   0.102   0.191
   51   T   0.108   0.105   0.193
   52   G   0.101   0.105   0.182
   53   R   0.104   0.098   0.179
   54   V   0.105   0.119   0.172
   55   F   0.096   0.104   0.156
   56   A   0.099   0.103   0.152
   57   N   0.147   0.104   0.177
   58   T   0.103   0.095   0.141
   59   T   0.101   0.096   0.127
   60   W   0.103   0.098   0.115
   61   R   0.099   0.101   0.107
   62   A   0.104   0.100   0.108
   63   G   0.097   0.101   0.103
   64   T   0.100   0.105   0.104
   65   S   0.107   0.102   0.107
   66   K   0.107   0.100   0.106
   67   E   0.103   0.101   0.103
   68   V   0.096   0.102   0.099
   69   S   0.101   0.100   0.101
   70   F   0.103   0.099   0.103
# Measure  Position  Value    Cutoff   signal peptide?
  max. C    38       0.492
  max. Y    38       0.549
  max. S    37       0.793
  mean S     1-37    0.507
       D     1-37    0.527   0.450   YES
Name=ENVT1_HUMAN	SP='YES' Cleavage site between pos. 37 and 38: VMS-SE D=0.527 D-cutoff=0.450 Networks=SignalP-noTM
