# SignalP-4.1 euk predictions
# Name=EOLA2_HUMAN	Length=70	Networks=SignalP-TM
# pos  aa    C       S       Y
    1   M   0.101   0.179   0.134
    2   K   0.102   0.148   0.135
    3   F   0.102   0.156   0.134
    4   G   0.103   0.146   0.134
    5   C   0.101   0.136   0.132
    6   L   0.102   0.130   0.132
    7   S   0.102   0.128   0.130
    8   F   0.100   0.120   0.127
    9   R   0.101   0.121   0.126
   10   Q   0.101   0.128   0.125
   11   P   0.104   0.177   0.125
   12   Y   0.103   0.160   0.124
   13   A   0.101   0.215   0.122
   14   G   0.100   0.168   0.123
   15   F   0.100   0.145   0.123
   16   V   0.099   0.147   0.121
   17   L   0.102   0.139   0.123
   18   N   0.102   0.139   0.122
   19   G   0.099   0.115   0.121
   20   I   0.101   0.111   0.121
   21   K   0.103   0.116   0.122
   22   T   0.101   0.137   0.120
   23   V   0.109   0.124   0.125
   24   E   0.101   0.119   0.121
   25   T   0.104   0.118   0.122
   26   R   0.136   0.106   0.138
   27   W   0.103   0.108   0.118
   28   R   0.107   0.098   0.117
   29   P   0.100   0.101   0.111
   30   L   0.103   0.098   0.111
   31   L   0.102   0.098   0.109
   32   S   0.105   0.103   0.109
   33   S   0.105   0.111   0.108
   34   Q   0.104   0.105   0.107
   35   R   0.103   0.101   0.107
   36   N   0.101   0.096   0.105
   37   C   0.100   0.100   0.103
   38   T   0.100   0.103   0.102
   39   I   0.104   0.110   0.103
   40   A   0.101   0.106   0.102
   41   V   0.101   0.099   0.102
   42   H   0.101   0.114   0.101
   43   I   0.104   0.108   0.103
   44   A   0.102   0.099   0.103
   45   H   0.095   0.106   0.099
   46   R   0.102   0.107   0.103
   47   D   0.101   0.101   0.103
   48   W   0.102   0.107   0.103
   49   E   0.104   0.104   0.104
   50   G   0.100   0.102   0.102
   51   D   0.102   0.102   0.103
   52   A   0.104   0.107   0.104
   53   C   0.109   0.110   0.107
   54   R   0.102   0.103   0.104
   55   E   0.102   0.105   0.103
   56   L   0.102   0.101   0.104
   57   L   0.103   0.101   0.104
   58   V   0.104   0.102   0.104
   59   E   0.105   0.104   0.105
   60   R   0.106   0.101   0.105
   61   L   0.103   0.102   0.103
   62   G   0.108   0.099   0.106
   63   M   0.101   0.100   0.102
   64   T   0.102   0.097   0.102
   65   P   0.103   0.099   0.103
   66   A   0.104   0.098   0.103
   67   Q   0.096   0.101   0.099
   68   I   0.105   0.103   0.103
   69   Q   0.098   0.100   0.100
   70   A   0.102   0.102   0.101
# Measure  Position  Value    Cutoff   signal peptide?
  max. C    26       0.136
  max. Y    26       0.138
  max. S    13       0.215
  mean S     1-25    0.141
       D     1-25    0.139   0.500   NO
Name=EOLA2_HUMAN	SP='NO' D=0.139 D-cutoff=0.500 Networks=SignalP-TM
