# SignalP-4.1 euk predictions
# Name=EXD1_HUMAN	Length=70	Networks=SignalP-noTM
# pos  aa    C       S       Y
    1   M   0.100   0.083   0.091
    2   E   0.101   0.089   0.091
    3   D   0.101   0.091   0.091
    4   S   0.100   0.094   0.091
    5   E   0.101   0.099   0.092
    6   F   0.100   0.091   0.092
    7   L   0.102   0.095   0.093
    8   A   0.103   0.093   0.094
    9   Y   0.096   0.092   0.091
   10   V   0.103   0.092   0.094
   11   E   0.101   0.086   0.094
   12   L   0.107   0.095   0.097
   13   L   0.098   0.089   0.092
   14   D   0.099   0.091   0.093
   15   E   0.103   0.089   0.095
   16   V   0.100   0.094   0.094
   17   E   0.100   0.090   0.094
   18   Q   0.103   0.102   0.096
   19   G   0.116   0.093   0.102
   20   S   0.093   0.090   0.092
   21   V   0.097   0.094   0.094
   22   R   0.095   0.098   0.093
   23   A   0.103   0.122   0.097
   24   K   0.113   0.103   0.103
   25   A   0.106   0.109   0.100
   26   S   0.101   0.113   0.098
   27   S   0.102   0.100   0.099
   28   V   0.098   0.106   0.097
   29   S   0.100   0.107   0.099
   30   L   0.104   0.107   0.101
   31   H   0.101   0.102   0.100
   32   A   0.106   0.099   0.102
   33   E   0.099   0.098   0.099
   34   R   0.105   0.095   0.103
   35   T   0.103   0.094   0.101
   36   W   0.105   0.091   0.103
   37   M   0.104   0.101   0.102
   38   E   0.106   0.096   0.103
   39   K   0.098   0.106   0.099
   40   M   0.103   0.105   0.102
   41   K   0.104   0.110   0.103
   42   V   0.101   0.110   0.102
   43   E   0.106   0.112   0.105
   44   D   0.105   0.108   0.104
   45   L   0.098   0.101   0.101
   46   N   0.107   0.103   0.105
   47   V   0.105   0.102   0.104
   48   C   0.103   0.108   0.103
   49   E   0.106   0.101   0.105
   50   P   0.104   0.096   0.103
   51   A   0.103   0.091   0.103
   52   S   0.099   0.096   0.100
   53   P   0.098   0.091   0.100
   54   A   0.099   0.097   0.100
   55   P   0.095   0.098   0.097
   56   E   0.102   0.102   0.101
   57   A   0.100   0.099   0.100
   58   P   0.097   0.104   0.099
   59   A   0.106   0.105   0.104
   60   T   0.094   0.106   0.098
   61   S   0.106   0.108   0.104
   62   L   0.102   0.107   0.102
   63   L   0.107   0.104   0.105
   64   N   0.105   0.102   0.104
   65   D   0.105   0.104   0.103
   66   L   0.108   0.099   0.105
   67   K   0.108   0.095   0.105
   68   Y   0.105   0.095   0.103
   69   S   0.102   0.095   0.101
   70   P   0.099   0.097   0.100
# Measure  Position  Value    Cutoff   signal peptide?
  max. C    19       0.116
  max. Y    46       0.105
  max. S    23       0.122
  mean S     1-45    0.098
       D     1-45    0.101   0.450   NO
Name=EXD1_HUMAN	SP='NO' D=0.101 D-cutoff=0.450 Networks=SignalP-noTM
