# SignalP-4.1 euk predictions
# Name=FANCA_HUMAN	Length=70	Networks=SignalP-noTM
# pos  aa    C       S       Y
    1   M   0.100   0.097   0.098
    2   S   0.102   0.109   0.099
    3   D   0.099   0.119   0.099
    4   S   0.101   0.117   0.100
    5   W   0.099   0.160   0.100
    6   V   0.097   0.186   0.100
    7   P   0.098   0.188   0.102
    8   N   0.103   0.168   0.107
    9   S   0.101   0.161   0.107
   10   A   0.100   0.157   0.108
   11   S   0.097   0.164   0.108
   12   G   0.103   0.151   0.113
   13   Q   0.106   0.123   0.115
   14   D   0.105   0.108   0.115
   15   P   0.104   0.110   0.115
   16   G   0.106   0.112   0.116
   17   G   0.097   0.105   0.111
   18   R   0.103   0.110   0.115
   19   R   0.106   0.110   0.117
   20   R   0.099   0.115   0.113
   21   A   0.106   0.104   0.117
   22   W   0.098   0.104   0.113
   23   A   0.107   0.110   0.118
   24   E   0.106   0.110   0.118
   25   L   0.109   0.109   0.120
   26   L   0.106   0.104   0.118
   27   A   0.108   0.098   0.119
   28   G   0.099   0.096   0.112
   29   R   0.106   0.103   0.114
   30   V   0.108   0.095   0.114
   31   K   0.106   0.102   0.111
   32   R   0.103   0.105   0.108
   33   E   0.107   0.098   0.109
   34   K   0.104   0.100   0.106
   35   Y   0.102   0.102   0.104
   36   N   0.101   0.104   0.103
   37   P   0.099   0.109   0.102
   38   E   0.105   0.114   0.105
   39   R   0.102   0.113   0.103
   40   A   0.105   0.110   0.105
   41   Q   0.096   0.130   0.100
   42   K   0.103   0.121   0.104
   43   L   0.103   0.111   0.105
   44   K   0.108   0.106   0.107
   45   E   0.103   0.107   0.105
   46   S   0.110   0.099   0.108
   47   A   0.107   0.094   0.107
   48   V   0.097   0.090   0.101
   49   R   0.103   0.087   0.104
   50   L   0.103   0.089   0.104
   51   L   0.098   0.087   0.101
   52   R   0.102   0.091   0.103
   53   S   0.107   0.085   0.105
   54   H   0.098   0.089   0.100
   55   Q   0.104   0.088   0.103
   56   D   0.103   0.097   0.102
   57   L   0.103   0.094   0.102
   58   N   0.100   0.093   0.100
   59   A   0.099   0.089   0.099
   60   L   0.096   0.096   0.098
   61   L   0.102   0.095   0.100
   62   L   0.099   0.094   0.098
   63   E   0.105   0.096   0.101
   64   V   0.104   0.097   0.099
   65   E   0.101   0.092   0.098
   66   G   0.106   0.092   0.100
   67   P   0.097   0.094   0.095
   68   L   0.106   0.095   0.099
   69   C   0.102   0.094   0.097
   70   K   0.101   0.096   0.096
# Measure  Position  Value    Cutoff   signal peptide?
  max. C    46       0.110
  max. Y    25       0.120
  max. S     7       0.188
  mean S     1-24    0.129
       D     1-24    0.125   0.450   NO
Name=FANCA_HUMAN	SP='NO' D=0.125 D-cutoff=0.450 Networks=SignalP-noTM
