# SignalP-4.1 euk predictions
# Name=FBX40_HUMAN	Length=70	Networks=SignalP-TM
# pos  aa    C       S       Y
    1   M   0.102   0.125   0.113
    2   G   0.103   0.139   0.113
    3   K   0.102   0.172   0.113
    4   A   0.104   0.169   0.116
    5   R   0.101   0.183   0.115
    6   R   0.103   0.160   0.119
    7   S   0.103   0.163   0.119
    8   P   0.102   0.156   0.120
    9   P   0.104   0.159   0.122
   10   G   0.103   0.149   0.123
   11   H   0.101   0.150   0.122
   12   H   0.102   0.162   0.124
   13   R   0.101   0.177   0.124
   14   H   0.102   0.153   0.126
   15   C   0.102   0.137   0.127
   16   E   0.103   0.118   0.128
   17   G   0.103   0.119   0.127
   18   C   0.099   0.133   0.124
   19   F   0.103   0.117   0.125
   20   N   0.101   0.114   0.121
   21   R   0.103   0.108   0.122
   22   H   0.101   0.114   0.119
   23   C   0.105   0.115   0.120
   24   H   0.101   0.123   0.116
   25   I   0.100   0.113   0.115
   26   P   0.099   0.111   0.113
   27   V   0.104   0.116   0.114
   28   E   0.100   0.125   0.110
   29   P   0.103   0.146   0.111
   30   N   0.101   0.179   0.110
   31   T   0.101   0.185   0.112
   32   S   0.103   0.200   0.115
   33   C   0.102   0.182   0.117
   34   L   0.101   0.173   0.118
   35   V   0.101   0.157   0.120
   36   I   0.100   0.154   0.121
   37   S   0.104   0.159   0.125
   38   C   0.101   0.151   0.124
   39   H   0.105   0.136   0.127
   40   L   0.102   0.149   0.126
   41   L   0.096   0.143   0.123
   42   C   0.101   0.144   0.127
   43   G   0.103   0.166   0.129
   44   A   0.102   0.160   0.129
   45   T   0.099   0.145   0.127
   46   F   0.106   0.143   0.130
   47   H   0.103   0.135   0.126
   48   M   0.101   0.131   0.123
   49   C   0.098   0.132   0.121
   50   K   0.105   0.113   0.124
   51   E   0.102   0.129   0.121
   52   A   0.107   0.116   0.123
   53   E   0.108   0.104   0.122
   54   H   0.104   0.104   0.119
   55   Q   0.103   0.102   0.117
   56   L   0.103   0.102   0.116
   57   L   0.101   0.102   0.113
   58   C   0.104   0.099   0.113
   59   P   0.105   0.099   0.111
   60   L   0.103   0.100   0.109
   61   E   0.104   0.098   0.108
   62   Q   0.102   0.100   0.106
   63   V   0.102   0.100   0.105
   64   P   0.102   0.101   0.103
   65   C   0.102   0.099   0.103
   66   L   0.098   0.101   0.100
   67   N   0.100   0.101   0.100
   68   S   0.099   0.099   0.100
   69   E   0.105   0.102   0.102
   70   Y   0.102   0.103   0.101
# Measure  Position  Value    Cutoff   signal peptide?
  max. C    53       0.108
  max. Y    46       0.130
  max. S    32       0.200
  mean S     1-45    0.147
       D     1-45    0.136   0.500   NO
Name=FBX40_HUMAN	SP='NO' D=0.136 D-cutoff=0.500 Networks=SignalP-TM
