# SignalP-4.1 euk predictions
# Name=FEV_HUMAN	Length=70	Networks=SignalP-TM
# pos  aa    C       S       Y
    1   M   0.102   0.253   0.160
    2   R   0.103   0.215   0.161
    3   Q   0.103   0.171   0.160
    4   S   0.103   0.186   0.159
    5   G   0.102   0.148   0.156
    6   A   0.100   0.126   0.152
    7   S   0.101   0.132   0.150
    8   Q   0.103   0.123   0.149
    9   P   0.100   0.105   0.143
   10   L   0.101   0.097   0.140
   11   L   0.105   0.083   0.139
   12   I   0.102   0.065   0.132
   13   N   0.100   0.080   0.126
   14   M   0.103   0.094   0.123
   15   Y   0.101   0.108   0.117
   16   L   0.104   0.112   0.114
   17   P   0.100   0.111   0.108
   18   D   0.103   0.100   0.107
   19   P   0.102   0.172   0.104
   20   V   0.101   0.190   0.104
   21   G   0.102   0.379   0.107
   22   D   0.122   0.201   0.126
   23   G   0.112   0.127   0.123
   24   L   0.115   0.105   0.126
   25   F   0.101   0.106   0.118
   26   K   0.104   0.105   0.120
   27   D   0.105   0.102   0.122
   28   G   0.102   0.100   0.121
   29   K   0.103   0.095   0.122
   30   N   0.105   0.095   0.122
   31   P   0.100   0.103   0.119
   32   S   0.101   0.105   0.119
   33   W   0.099   0.103   0.119
   34   G   0.102   0.110   0.118
   35   P   0.096   0.104   0.112
   36   L   0.103   0.114   0.107
   37   S   0.101   0.108   0.103
   38   P   0.105   0.117   0.105
   39   A   0.103   0.120   0.104
   40   V   0.099   0.116   0.102
   41   Q   0.104   0.113   0.105
   42   K   0.104   0.115   0.106
   43   G   0.099   0.115   0.104
   44   S   0.102   0.120   0.106
   45   G   0.103   0.122   0.107
   46   Q   0.101   0.123   0.107
   47   I   0.106   0.129   0.110
   48   Q   0.098   0.117   0.107
   49   L   0.105   0.130   0.111
   50   W   0.100   0.127   0.109
   51   Q   0.101   0.120   0.110
   52   F   0.103   0.111   0.111
   53   L   0.101   0.107   0.110
   54   L   0.105   0.115   0.112
   55   E   0.103   0.100   0.111
   56   L   0.103   0.105   0.110
   57   L   0.105   0.105   0.111
   58   A   0.103   0.116   0.110
   59   D   0.099   0.131   0.107
   60   R   0.103   0.134   0.110
   61   A   0.103   0.132   0.110
   62   N   0.101   0.126   0.109
   63   A   0.103   0.127   0.111
   64   G   0.137   0.109   0.128
   65   C   0.100   0.112   0.108
   66   I   0.102   0.110   0.109
   67   A   0.101   0.120   0.108
   68   W   0.098   0.108   0.107
   69   E   0.099   0.107   0.108
   70   G   0.102   0.104   0.109
# Measure  Position  Value    Cutoff   signal peptide?
  max. C    64       0.137
  max. Y    11       0.139
  max. S    21       0.379
  mean S     1-10    0.156
       D     1-10    0.145   0.500   NO
Name=FEV_HUMAN	SP='NO' D=0.145 D-cutoff=0.500 Networks=SignalP-TM
