# SignalP-4.1 euk predictions
# Name=FGF2_HUMAN	Length=70	Networks=SignalP-noTM
# pos  aa    C       S       Y
    1   M   0.102   0.085   0.093
    2   V   0.102   0.081   0.093
    3   G   0.104   0.081   0.094
    4   V   0.100   0.086   0.092
    5   G   0.104   0.091   0.094
    6   G   0.101   0.095   0.093
    7   G   0.101   0.091   0.093
    8   D   0.103   0.090   0.094
    9   V   0.104   0.096   0.095
   10   E   0.098   0.093   0.092
   11   D   0.105   0.090   0.096
   12   V   0.097   0.087   0.092
   13   T   0.105   0.090   0.096
   14   P   0.104   0.094   0.095
   15   R   0.099   0.096   0.093
   16   P   0.104   0.091   0.096
   17   G   0.104   0.091   0.096
   18   G   0.096   0.095   0.092
   19   C   0.102   0.097   0.095
   20   Q   0.106   0.101   0.098
   21   I   0.106   0.097   0.098
   22   S   0.099   0.105   0.095
   23   G   0.103   0.106   0.098
   24   R   0.099   0.103   0.096
   25   G   0.109   0.099   0.101
   26   A   0.097   0.104   0.096
   27   R   0.099   0.103   0.097
   28   G   0.105   0.099   0.100
   29   C   0.098   0.103   0.097
   30   N   0.103   0.100   0.100
   31   G   0.106   0.093   0.102
   32   I   0.114   0.100   0.105
   33   P   0.108   0.097   0.102
   34   G   0.106   0.098   0.102
   35   A   0.103   0.101   0.100
   36   A   0.102   0.101   0.100
   37   A   0.099   0.108   0.099
   38   W   0.107   0.114   0.103
   39   E   0.102   0.117   0.101
   40   A   0.106   0.119   0.104
   41   A   0.103   0.122   0.103
   42   L   0.101   0.125   0.103
   43   P   0.101   0.117   0.103
   44   R   0.108   0.116   0.107
   45   R   0.110   0.110   0.108
   46   R   0.106   0.106   0.106
   47   P   0.107   0.105   0.107
   48   R   0.103   0.110   0.105
   49   R   0.104   0.111   0.106
   50   H   0.107   0.115   0.108
   51   P   0.099   0.124   0.104
   52   S   0.106   0.116   0.108
   53   V   0.100   0.111   0.105
   54   N   0.105   0.101   0.108
   55   P   0.104   0.096   0.107
   56   R   0.101   0.103   0.106
   57   S   0.110   0.098   0.111
   58   R   0.108   0.107   0.109
   59   A   0.108   0.105   0.110
   60   A   0.103   0.107   0.107
   61   G   0.098   0.108   0.104
   62   S   0.106   0.105   0.108
   63   P   0.100   0.104   0.105
   64   R   0.107   0.101   0.108
   65   T   0.103   0.100   0.105
   66   R   0.103   0.102   0.105
   67   G   0.108   0.101   0.107
   68   R   0.099   0.102   0.102
   69   R   0.107   0.099   0.106
   70   T   0.108   0.103   0.107
# Measure  Position  Value    Cutoff   signal peptide?
  max. C    32       0.114
  max. Y    57       0.111
  max. S    42       0.125
  mean S     1-56    0.101
       D     1-56    0.106   0.450   NO
Name=FGF2_HUMAN	SP='NO' D=0.106 D-cutoff=0.450 Networks=SignalP-noTM
