# SignalP-4.1 euk predictions
# Name=FSD2_HUMAN	Length=70	Networks=SignalP-TM
# pos  aa    C       S       Y
    1   M   0.102   0.081   0.091
    2   E   0.102   0.076   0.091
    3   E   0.101   0.082   0.090
    4   E   0.101   0.080   0.090
    5   S   0.103   0.081   0.091
    6   G   0.101   0.106   0.090
    7   E   0.099   0.094   0.091
    8   E   0.102   0.091   0.092
    9   L   0.101   0.099   0.092
   10   G   0.103   0.096   0.094
   11   L   0.099   0.067   0.093
   12   D   0.106   0.082   0.095
   13   R   0.101   0.106   0.093
   14   S   0.105   0.104   0.096
   15   T   0.100   0.104   0.095
   16   P   0.104   0.094   0.097
   17   K   0.102   0.093   0.097
   18   D   0.097   0.097   0.095
   19   F   0.101   0.095   0.097
   20   H   0.098   0.100   0.097
   21   F   0.101   0.104   0.098
   22   Y   0.101   0.101   0.098
   23   H   0.100   0.102   0.098
   24   M   0.102   0.101   0.099
   25   D   0.103   0.102   0.100
   26   L   0.101   0.100   0.100
   27   Y   0.101   0.101   0.101
   28   D   0.101   0.095   0.101
   29   S   0.103   0.100   0.101
   30   E   0.101   0.100   0.100
   31   D   0.101   0.100   0.100
   32   R   0.100   0.097   0.100
   33   L   0.102   0.104   0.101
   34   H   0.101   0.101   0.101
   35   L   0.099   0.101   0.100
   36   F   0.100   0.104   0.100
   37   P   0.103   0.106   0.102
   38   E   0.102   0.108   0.102
   39   E   0.103   0.107   0.102
   40   N   0.104   0.105   0.103
   41   T   0.100   0.103   0.101
   42   R   0.097   0.099   0.100
   43   M   0.102   0.099   0.102
   44   R   0.101   0.098   0.102
   45   K   0.102   0.100   0.102
   46   V   0.102   0.101   0.102
   47   V   0.105   0.104   0.104
   48   Q   0.105   0.107   0.104
   49   A   0.103   0.106   0.103
   50   E   0.097   0.109   0.100
   51   M   0.105   0.112   0.105
   52   A   0.100   0.107   0.102
   53   N   0.099   0.109   0.101
   54   E   0.106   0.105   0.105
   55   S   0.101   0.107   0.103
   56   R   0.103   0.104   0.104
   57   G   0.106   0.104   0.106
   58   A   0.101   0.105   0.103
   59   G   0.099   0.106   0.102
   60   D   0.103   0.107   0.104
   61   G   0.102   0.106   0.104
   62   K   0.101   0.112   0.104
   63   A   0.106   0.107   0.106
   64   Q   0.099   0.110   0.103
   65   R   0.105   0.108   0.106
   66   D   0.102   0.110   0.105
   67   L   0.107   0.109   0.107
   68   Q   0.104   0.108   0.106
   69   E   0.104   0.108   0.106
   70   E   0.103   0.107   0.105
# Measure  Position  Value    Cutoff   signal peptide?
  max. C    67       0.107
  max. Y    67       0.107
  max. S    51       0.112
  mean S     1-66    0.100
       D     1-66    0.104   0.500   NO
Name=FSD2_HUMAN	SP='NO' D=0.104 D-cutoff=0.500 Networks=SignalP-TM
