# SignalP-4.1 euk predictions
# Name=FX4L3_HUMAN	Length=70	Networks=SignalP-noTM
# pos  aa    C       S       Y
    1   M   0.102   0.104   0.103
    2   N   0.102   0.104   0.103
    3   L   0.101   0.101   0.103
    4   P   0.102   0.094   0.103
    5   R   0.107   0.096   0.105
    6   A   0.108   0.085   0.106
    7   E   0.096   0.095   0.099
    8   R   0.104   0.093   0.103
    9   L   0.103   0.090   0.102
   10   R   0.099   0.101   0.100
   11   S   0.104   0.097   0.102
   12   T   0.102   0.095   0.101
   13   P   0.102   0.086   0.101
   14   Q   0.103   0.091   0.101
   15   R   0.100   0.086   0.099
   16   S   0.105   0.087   0.101
   17   L   0.095   0.093   0.096
   18   R   0.096   0.090   0.096
   19   D   0.103   0.095   0.099
   20   S   0.096   0.100   0.095
   21   D   0.102   0.096   0.099
   22   G   0.103   0.098   0.099
   23   E   0.104   0.100   0.099
   24   D   0.099   0.094   0.096
   25   G   0.098   0.098   0.096
   26   K   0.099   0.103   0.096
   27   I   0.103   0.100   0.099
   28   D   0.102   0.099   0.098
   29   V   0.100   0.101   0.097
   30   L   0.103   0.104   0.099
   31   G   0.108   0.102   0.102
   32   E   0.096   0.108   0.096
   33   E   0.105   0.112   0.101
   34   E   0.100   0.113   0.099
   35   D   0.103   0.115   0.100
   36   E   0.101   0.113   0.100
   37   D   0.101   0.115   0.101
   38   E   0.099   0.106   0.100
   39   V   0.102   0.113   0.102
   40   E   0.101   0.111   0.102
   41   D   0.103   0.109   0.104
   42   E   0.096   0.115   0.100
   43   E   0.103   0.123   0.104
   44   E   0.105   0.121   0.106
   45   A   0.100   0.114   0.104
   46   A   0.098   0.121   0.103
   47   S   0.104   0.117   0.107
   48   Q   0.103   0.116   0.107
   49   Q   0.103   0.113   0.107
   50   F   0.105   0.104   0.108
   51   L   0.102   0.105   0.107
   52   E   0.104   0.105   0.108
   53   Q   0.102   0.100   0.107
   54   S   0.105   0.089   0.109
   55   L   0.102   0.089   0.107
   56   Q   0.102   0.086   0.106
   57   P   0.103   0.101   0.106
   58   G   0.100   0.096   0.104
   59   L   0.098   0.097   0.103
   60   Q   0.104   0.096   0.106
   61   V   0.104   0.097   0.105
   62   A   0.100   0.096   0.103
   63   R   0.094   0.099   0.099
   64   W   0.105   0.096   0.105
   65   G   0.102   0.097   0.103
   66   G   0.099   0.096   0.101
   67   V   0.099   0.096   0.100
   68   A   0.103   0.099   0.102
   69   L   0.101   0.098   0.100
   70   P   0.097   0.100   0.098
# Measure  Position  Value    Cutoff   signal peptide?
  max. C     6       0.108
  max. Y    54       0.109
  max. S    43       0.123
  mean S     1-53    0.103
       D     1-53    0.106   0.450   NO
Name=FX4L3_HUMAN	SP='NO' D=0.106 D-cutoff=0.450 Networks=SignalP-noTM
