# SignalP-4.1 euk predictions
# Name=GADL1_HUMAN	Length=70	Networks=SignalP-noTM
# pos  aa    C       S       Y
    1   M   0.100   0.096   0.098
    2   S   0.101   0.095   0.098
    3   S   0.100   0.089   0.098
    4   D   0.099   0.093   0.097
    5   S   0.100   0.097   0.098
    6   D   0.098   0.093   0.097
    7   R   0.101   0.095   0.098
    8   Q   0.102   0.090   0.099
    9   C   0.101   0.095   0.098
   10   P   0.099   0.098   0.097
   11   V   0.100   0.095   0.098
   12   D   0.099   0.095   0.097
   13   G   0.102   0.091   0.099
   14   D   0.093   0.105   0.094
   15   I   0.105   0.105   0.100
   16   D   0.104   0.104   0.100
   17   Q   0.101   0.106   0.098
   18   Q   0.099   0.101   0.098
   19   E   0.105   0.104   0.101
   20   M   0.098   0.100   0.097
   21   I   0.101   0.096   0.099
   22   P   0.097   0.100   0.097
   23   S   0.103   0.094   0.100
   24   K   0.098   0.098   0.098
   25   K   0.101   0.096   0.099
   26   N   0.097   0.098   0.098
   27   A   0.100   0.102   0.099
   28   V   0.096   0.112   0.097
   29   L   0.106   0.104   0.102
   30   V   0.103   0.100   0.101
   31   D   0.099   0.099   0.100
   32   G   0.105   0.091   0.103
   33   V   0.100   0.102   0.100
   34   V   0.106   0.100   0.103
   35   L   0.106   0.099   0.103
   36   N   0.099   0.102   0.100
   37   G   0.100   0.098   0.100
   38   P   0.102   0.100   0.101
   39   T   0.104   0.097   0.102
   40   T   0.102   0.130   0.101
   41   D   0.103   0.126   0.102
   42   A   0.096   0.129   0.099
   43   K   0.121   0.100   0.112
   44   A   0.100   0.111   0.101
   45   G   0.134   0.109   0.118
   46   E   0.105   0.106   0.105
   47   K   0.105   0.100   0.105
   48   F   0.099   0.094   0.102
   49   V   0.105   0.100   0.105
   50   E   0.101   0.095   0.103
   51   E   0.109   0.094   0.106
   52   A   0.103   0.099   0.103
   53   C   0.103   0.099   0.103
   54   R   0.101   0.093   0.102
   55   L   0.103   0.098   0.103
   56   I   0.103   0.103   0.103
   57   M   0.100   0.103   0.102
   58   E   0.102   0.100   0.103
   59   E   0.102   0.095   0.103
   60   V   0.104   0.097   0.104
   61   V   0.104   0.098   0.104
   62   L   0.102   0.100   0.103
   63   K   0.102   0.099   0.102
   64   A   0.099   0.102   0.100
   65   T   0.101   0.103   0.100
   66   D   0.102   0.103   0.101
   67   V   0.101   0.101   0.100
   68   N   0.106   0.104   0.103
   69   E   0.102   0.101   0.101
   70   K   0.094   0.104   0.096
# Measure  Position  Value    Cutoff   signal peptide?
  max. C    45       0.134
  max. Y    45       0.118
  max. S    40       0.130
  mean S     1-44    0.101
       D     1-44    0.109   0.450   NO
Name=GADL1_HUMAN	SP='NO' D=0.109 D-cutoff=0.450 Networks=SignalP-noTM
