# SignalP-4.1 euk predictions
# Name=GBGT2_HUMAN	Length=69	Networks=SignalP-TM
# pos  aa    C       S       Y
    1   M   0.103   0.100   0.102
    2   A   0.104   0.093   0.102
    3   Q   0.100   0.084   0.100
    4   D   0.104   0.080   0.101
    5   L   0.099   0.078   0.098
    6   S   0.103   0.076   0.099
    7   E   0.099   0.077   0.096
    8   K   0.101   0.079   0.097
    9   D   0.100   0.076   0.095
   10   L   0.102   0.074   0.095
   11   L   0.102   0.063   0.094
   12   K   0.102   0.047   0.093
   13   M   0.102   0.058   0.090
   14   E   0.101   0.068   0.089
   15   V   0.102   0.081   0.087
   16   E   0.104   0.078   0.088
   17   Q   0.101   0.078   0.086
   18   L   0.098   0.089   0.084
   19   K   0.099   0.089   0.085
   20   K   0.098   0.095   0.085
   21   E   0.099   0.101   0.086
   22   V   0.101   0.102   0.088
   23   K   0.103   0.104   0.090
   24   N   0.104   0.104   0.092
   25   T   0.098   0.110   0.090
   26   R   0.101   0.104   0.093
   27   I   0.102   0.104   0.096
   28   P   0.099   0.106   0.096
   29   I   0.102   0.104   0.099
   30   S   0.102   0.106   0.100
   31   K   0.102   0.108   0.101
   32   A   0.103   0.110   0.102
   33   G   0.098   0.108   0.101
   34   K   0.098   0.109   0.101
   35   E   0.102   0.112   0.104
   36   I   0.103   0.108   0.105
   37   K   0.101   0.106   0.104
   38   E   0.100   0.108   0.104
   39   Y   0.103   0.107   0.105
   40   V   0.102   0.103   0.105
   41   E   0.104   0.103   0.106
   42   A   0.104   0.106   0.106
   43   Q   0.102   0.106   0.105
   44   A   0.106   0.110   0.107
   45   G   0.098   0.107   0.103
   46   N   0.100   0.110   0.104
   47   D   0.102   0.110   0.105
   48   P   0.102   0.107   0.105
   49   F   0.105   0.106   0.106
   50   L   0.102   0.107   0.104
   51   K   0.105   0.111   0.106
   52   G   0.103   0.110   0.105
   53   I   0.099   0.114   0.103
   54   P   0.104   0.107   0.106
   55   E   0.104   0.105   0.106
   56   D   0.103   0.107   0.106
   57   K   0.100   0.109   0.104
   58   N   0.103   0.106   0.106
   59   P   0.104   0.106   0.106
   60   F   0.102   0.107   0.105
   61   K   0.105   0.103   0.107
   62   E   0.104   0.103   0.106
   63   K   0.103   0.103   0.105
   64   G   0.103   0.099   0.105
   65   G   0.102   0.099   0.104
   66   C   0.101   0.101   0.103
   67   L   0.104   0.101   0.104
   68   I   0.104   0.102   0.104
   69   S   0.101   0.100   0.102
# Measure  Position  Value    Cutoff   signal peptide?
  max. C    44       0.106
  max. Y    61       0.107
  max. S    53       0.114
  mean S     1-60    0.097
       D     1-60    0.103   0.500   NO
Name=GBGT2_HUMAN	SP='NO' D=0.103 D-cutoff=0.500 Networks=SignalP-TM
