# SignalP-4.1 euk predictions
# Name=GLYAT_HUMAN	Length=70	Networks=SignalP-noTM
# pos  aa    C       S       Y
    1   M   0.101   0.138   0.118
    2   M   0.102   0.166   0.119
    3   L   0.102   0.140   0.119
    4   P   0.104   0.125   0.120
    5   L   0.105   0.126   0.121
    6   Q   0.105   0.161   0.121
    7   G   0.106   0.154   0.121
    8   A   0.104   0.135   0.121
    9   Q   0.096   0.110   0.116
   10   M   0.102   0.110   0.119
   11   L   0.104   0.104   0.119
   12   Q   0.098   0.110   0.115
   13   M   0.099   0.144   0.116
   14   L   0.100   0.113   0.116
   15   E   0.098   0.125   0.115
   16   K   0.097   0.136   0.114
   17   S   0.102   0.126   0.117
   18   L   0.094   0.127   0.112
   19   R   0.098   0.153   0.114
   20   K   0.138   0.118   0.135
   21   S   0.098   0.116   0.114
   22   L   0.097   0.116   0.113
   23   P   0.106   0.105   0.117
   24   A   0.109   0.098   0.118
   25   S   0.099   0.102   0.111
   26   L   0.099   0.096   0.110
   27   K   0.097   0.086   0.109
   28   V   0.103   0.086   0.111
   29   Y   0.098   0.089   0.107
   30   G   0.099   0.089   0.106
   31   T   0.102   0.091   0.107
   32   V   0.108   0.087   0.109
   33   F   0.099   0.090   0.104
   34   H   0.098   0.088   0.104
   35   I   0.101   0.089   0.105
   36   N   0.104   0.095   0.105
   37   H   0.104   0.107   0.104
   38   G   0.096   0.110   0.100
   39   N   0.142   0.098   0.121
   40   P   0.106   0.111   0.104
   41   F   0.108   0.103   0.104
   42   N   0.098   0.105   0.098
   43   L   0.099   0.118   0.099
   44   K   0.106   0.111   0.102
   45   A   0.104   0.099   0.101
   46   V   0.099   0.103   0.098
   47   V   0.104   0.098   0.101
   48   D   0.101   0.090   0.099
   49   K   0.106   0.084   0.101
   50   W   0.097   0.084   0.097
   51   P   0.103   0.095   0.100
   52   D   0.101   0.085   0.099
   53   F   0.099   0.092   0.098
   54   N   0.104   0.108   0.100
   55   T   0.100   0.107   0.099
   56   V   0.101   0.105   0.100
   57   V   0.106   0.100   0.103
   58   V   0.096   0.099   0.098
   59   C   0.097   0.110   0.099
   60   P   0.100   0.110   0.100
   61   Q   0.104   0.111   0.102
   62   E   0.104   0.103   0.103
   63   Q   0.100   0.104   0.101
   64   D   0.102   0.105   0.101
   65   M   0.102   0.102   0.101
   66   T   0.099   0.107   0.100
   67   D   0.099   0.109   0.100
   68   D   0.101   0.106   0.101
   69   L   0.098   0.110   0.099
   70   D   0.099   0.110   0.100
# Measure  Position  Value    Cutoff   signal peptide?
  max. C    39       0.142
  max. Y    20       0.135
  max. S     2       0.166
  mean S     1-19    0.132
       D     1-19    0.133   0.450   NO
Name=GLYAT_HUMAN	SP='NO' D=0.133 D-cutoff=0.450 Networks=SignalP-noTM
