# SignalP-4.1 euk predictions
# Name=GNA13_HUMAN	Length=70	Networks=SignalP-noTM
# pos  aa    C       S       Y
    1   M   0.103   0.622   0.253
    2   A   0.103   0.589   0.253
    3   D   0.099   0.591   0.248
    4   F   0.101   0.415   0.250
    5   L   0.101   0.453   0.248
    6   P   0.105   0.312   0.251
    7   S   0.103   0.318   0.247
    8   R   0.099   0.382   0.239
    9   S   0.106   0.351   0.244
   10   V   0.097   0.344   0.232
   11   L   0.098   0.352   0.229
   12   S   0.103   0.392   0.233
   13   V   0.100   0.364   0.227
   14   C   0.102   0.268   0.227
   15   F   0.101   0.334   0.222
   16   P   0.097   0.302   0.215
   17   G   0.105   0.284   0.220
   18   C   0.097   0.331   0.208
   19   L   0.101   0.480   0.209
   20   L   0.094   0.585   0.200
   21   T   0.117   0.238   0.223
   22   S   0.124   0.179   0.225
   23   G   0.108   0.250   0.205
   24   E   0.118   0.227   0.209
   25   A   0.104   0.279   0.191
   26   E   0.507   0.126   0.414
   27   Q   0.102   0.127   0.182
   28   Q   0.114   0.110   0.188
   29   R   0.103   0.108   0.176
   30   K   0.099   0.118   0.170
   31   S   0.096   0.118   0.163
   32   K   0.106   0.114   0.169
   33   E   0.102   0.111   0.162
   34   I   0.097   0.110   0.155
   35   D   0.095   0.109   0.150
   36   K   0.102   0.111   0.151
   37   C   0.102   0.110   0.148
   38   L   0.105   0.105   0.147
   39   S   0.105   0.105   0.144
   40   R   0.098   0.105   0.136
   41   E   0.103   0.098   0.136
   42   K   0.103   0.094   0.129
   43   T   0.104   0.097   0.120
   44   Y   0.104   0.093   0.117
   45   V   0.100   0.091   0.113
   46   K   0.102   0.093   0.111
   47   R   0.101   0.095   0.108
   48   L   0.097   0.101   0.102
   49   V   0.099   0.099   0.102
   50   K   0.103   0.101   0.104
   51   I   0.106   0.092   0.105
   52   L   0.100   0.093   0.101
   53   L   0.105   0.102   0.104
   54   L   0.107   0.105   0.104
   55   G   0.105   0.098   0.103
   56   A   0.103   0.094   0.102
   57   G   0.098   0.095   0.099
   58   E   0.103   0.088   0.101
   59   S   0.099   0.090   0.099
   60   G   0.100   0.093   0.098
   61   K   0.097   0.097   0.097
   62   S   0.098   0.098   0.097
   63   T   0.098   0.102   0.097
   64   F   0.103   0.100   0.100
   65   L   0.103   0.103   0.099
   66   K   0.105   0.099   0.100
   67   Q   0.097   0.102   0.097
   68   M   0.100   0.102   0.099
   69   R   0.100   0.100   0.099
   70   I   0.108   0.099   0.103
# Measure  Position  Value    Cutoff   signal peptide?
  max. C    26       0.507
  max. Y    26       0.414
  max. S     1       0.622
  mean S     1-25    0.370
       D     1-25    0.390   0.450   NO
Name=GNA13_HUMAN	SP='NO' D=0.390 D-cutoff=0.450 Networks=SignalP-noTM
