# SignalP-4.1 euk predictions
# Name=GXLT1_HUMAN	Length=70	Networks=SignalP-noTM
# pos  aa    C       S       Y
    1   M   0.101   0.903   0.302
    2   R   0.101   0.908   0.302
    3   R   0.104   0.911   0.306
    4   Y   0.105   0.914   0.308
    5   L   0.101   0.920   0.302
    6   R   0.101   0.908   0.302
    7   V   0.103   0.913   0.306
    8   V   0.103   0.931   0.305
    9   V   0.102   0.919   0.304
   10   L   0.101   0.913   0.303
   11   C   0.103   0.906   0.306
   12   V   0.102   0.895   0.304
   13   A   0.103   0.935   0.305
   14   C   0.098   0.930   0.298
   15   G   0.100   0.945   0.302
   16   F   0.099   0.972   0.301
   17   C   0.102   0.969   0.305
   18   S   0.116   0.962   0.327
   19   L   0.099   0.937   0.302
   20   L   0.159   0.884   0.383
   21   Y   0.106   0.840   0.313
   22   A   0.107   0.812   0.314
   23   F   0.316   0.620   0.537
   24   S   0.109   0.681   0.314
   25   Q   0.158   0.383   0.375
   26   L   0.111   0.479   0.310
   27   A   0.113   0.383   0.309
   28   V   0.111   0.261   0.302
   29   S   0.104   0.471   0.287
   30   L   0.256   0.286   0.445
   31   E   0.106   0.189   0.281
   32   E   0.114   0.159   0.285
   33   G   0.102   0.162   0.263
   34   T   0.104   0.121   0.259
   35   G   0.103   0.166   0.251
   36   G   0.117   0.156   0.259
   37   G   0.103   0.139   0.235
   38   G   0.103   0.122   0.228
   39   G   0.118   0.120   0.234
   40   K   0.104   0.109   0.210
   41   P   0.105   0.123   0.201
   42   Q   0.105   0.115   0.191
   43   A   0.107   0.115   0.184
   44   A   0.104   0.103   0.171
   45   V   0.101   0.105   0.158
   46   A   0.101   0.101   0.151
   47   S   0.099   0.100   0.140
   48   W   0.103   0.095   0.138
   49   L   0.106   0.091   0.133
   50   A   0.106   0.088   0.128
   51   G   0.098   0.094   0.120
   52   G   0.107   0.093   0.118
   53   G   0.104   0.103   0.112
   54   R   0.107   0.107   0.112
   55   G   0.113   0.114   0.114
   56   A   0.115   0.103   0.114
   57   V   0.096   0.103   0.104
   58   R   0.106   0.105   0.108
   59   G   0.107   0.105   0.107
   60   A   0.111   0.106   0.108
   61   G   0.106   0.106   0.105
   62   V   0.108   0.102   0.106
   63   A   0.106   0.101   0.105
   64   G   0.101   0.104   0.102
   65   P   0.102   0.104   0.102
   66   A   0.110   0.097   0.106
   67   A   0.109   0.100   0.105
   68   H   0.099   0.100   0.100
   69   P   0.102   0.102   0.102
   70   G   0.107   0.098   0.104
# Measure  Position  Value    Cutoff   signal peptide?
  max. C    23       0.316
  max. Y    23       0.537
  max. S    16       0.972
  mean S     1-22    0.915
       D     1-22    0.741   0.450   YES
Name=GXLT1_HUMAN	SP='YES' Cleavage site between pos. 22 and 23: LYA-FS D=0.741 D-cutoff=0.450 Networks=SignalP-noTM
