# SignalP-4.1 euk predictions
# Name=HDGF_HUMAN	Length=70	Networks=SignalP-TM
# pos  aa    C       S       Y
    1   M   0.102   0.120   0.111
    2   S   0.102   0.127   0.111
    3   R   0.100   0.109   0.110
    4   S   0.103   0.106   0.111
    5   N   0.101   0.110   0.109
    6   R   0.101   0.109   0.109
    7   Q   0.101   0.094   0.109
    8   K   0.102   0.099   0.109
    9   E   0.100   0.095   0.107
   10   Y   0.101   0.087   0.106
   11   K   0.101   0.068   0.105
   12   C   0.103   0.059   0.105
   13   G   0.100   0.070   0.101
   14   D   0.101   0.082   0.099
   15   L   0.102   0.084   0.099
   16   V   0.104   0.084   0.098
   17   F   0.102   0.085   0.096
   18   A   0.103   0.085   0.095
   19   K   0.096   0.094   0.091
   20   M   0.104   0.096   0.094
   21   K   0.103   0.099   0.093
   22   G   0.102   0.107   0.093
   23   Y   0.102   0.101   0.093
   24   P   0.103   0.103   0.094
   25   H   0.100   0.097   0.093
   26   W   0.099   0.105   0.094
   27   P   0.100   0.106   0.096
   28   A   0.101   0.114   0.098
   29   R   0.098   0.110   0.098
   30   I   0.103   0.116   0.101
   31   D   0.100   0.114   0.101
   32   E   0.101   0.117   0.102
   33   M   0.104   0.111   0.105
   34   P   0.104   0.106   0.105
   35   E   0.107   0.105   0.108
   36   A   0.103   0.105   0.106
   37   A   0.100   0.107   0.104
   38   V   0.100   0.113   0.104
   39   K   0.101   0.108   0.105
   40   S   0.103   0.098   0.106
   41   T   0.103   0.100   0.106
   42   A   0.106   0.104   0.107
   43   N   0.100   0.104   0.104
   44   K   0.100   0.105   0.104
   45   Y   0.102   0.098   0.104
   46   Q   0.103   0.097   0.105
   47   V   0.104   0.093   0.104
   48   F   0.100   0.093   0.102
   49   F   0.103   0.089   0.103
   50   F   0.100   0.087   0.100
   51   G   0.105   0.090   0.102
   52   T   0.102   0.089   0.100
   53   H   0.102   0.091   0.099
   54   E   0.103   0.093   0.099
   55   T   0.102   0.098   0.098
   56   A   0.103   0.093   0.099
   57   F   0.099   0.087   0.097
   58   L   0.102   0.090   0.097
   59   G   0.101   0.084   0.096
   60   P   0.100   0.095   0.095
   61   K   0.104   0.090   0.097
   62   D   0.102   0.095   0.096
   63   L   0.104   0.093   0.097
   64   F   0.100   0.096   0.095
   65   P   0.103   0.101   0.097
   66   Y   0.103   0.104   0.097
   67   E   0.102   0.106   0.098
   68   E   0.103   0.105   0.099
   69   S   0.099   0.107   0.097
   70   K   0.100   0.105   0.098
# Measure  Position  Value    Cutoff   signal peptide?
  max. C    35       0.107
  max. Y    35       0.108
  max. S     2       0.127
  mean S     1-34    0.099
       D     1-34    0.104   0.500   NO
Name=HDGF_HUMAN	SP='NO' D=0.104 D-cutoff=0.500 Networks=SignalP-TM
