# SignalP-4.1 euk predictions
# Name=HMDH_HUMAN	Length=70	Networks=SignalP-TM
# pos  aa    C       S       Y
    1   M   0.102   0.434   0.211
    2   L   0.102   0.383   0.211
    3   S   0.102   0.437   0.210
    4   R   0.101   0.458   0.209
    5   L   0.105   0.434   0.213
    6   F   0.100   0.495   0.208
    7   R   0.102   0.404   0.211
    8   M   0.105   0.416   0.214
    9   H   0.101   0.353   0.209
   10   G   0.103   0.457   0.210
   11   L   0.099   0.532   0.206
   12   F   0.101   0.545   0.210
   13   V   0.102   0.546   0.212
   14   A   0.102   0.430   0.214
   15   S   0.097   0.398   0.209
   16   H   0.107   0.375   0.219
   17   P   0.101   0.322   0.212
   18   W   0.117   0.298   0.227
   19   E   0.099   0.355   0.206
   20   V   0.098   0.366   0.204
   21   I   0.102   0.346   0.205
   22   V   0.101   0.339   0.204
   23   G   0.107   0.361   0.208
   24   T   0.173   0.333   0.265
   25   V   0.109   0.299   0.208
   26   T   0.101   0.285   0.196
   27   L   0.112   0.299   0.201
   28   T   0.100   0.223   0.185
   29   I   0.109   0.182   0.189
   30   C   0.105   0.208   0.181
   31   M   0.111   0.189   0.183
   32   M   0.103   0.185   0.173
   33   S   0.102   0.156   0.170
   34   M   0.106   0.123   0.169
   35   N   0.100   0.118   0.158
   36   M   0.103   0.097   0.156
   37   F   0.100   0.117   0.148
   38   T   0.103   0.122   0.144
   39   G   0.106   0.122   0.141
   40   N   0.104   0.112   0.134
   41   N   0.103   0.104   0.129
   42   K   0.103   0.104   0.123
   43   I   0.104   0.098   0.120
   44   C   0.103   0.095   0.117
   45   G   0.105   0.099   0.114
   46   W   0.104   0.103   0.111
   47   N   0.102   0.102   0.107
   48   Y   0.101   0.102   0.105
   49   E   0.100   0.099   0.103
   50   C   0.098   0.100   0.102
   51   P   0.099   0.099   0.102
   52   K   0.101   0.101   0.102
   53   F   0.100   0.096   0.102
   54   E   0.102   0.090   0.101
   55   E   0.101   0.088   0.100
   56   D   0.101   0.087   0.100
   57   V   0.101   0.078   0.099
   58   L   0.105   0.080   0.100
   59   S   0.105   0.081   0.100
   60   S   0.100   0.082   0.096
   61   D   0.102   0.075   0.097
   62   I   0.104   0.070   0.097
   63   I   0.101   0.072   0.094
   64   I   0.104   0.072   0.094
   65   L   0.103   0.080   0.093
   66   T   0.104   0.078   0.093
   67   I   0.101   0.084   0.090
   68   T   0.102   0.088   0.090
   69   R   0.098   0.094   0.088
   70   C   0.102   0.095   0.090
# Measure  Position  Value    Cutoff   signal peptide?
  max. C    24       0.173
  max. Y    24       0.265
  max. S    13       0.546
  mean S     1-23    0.412
       D     1-23    0.324   0.500   NO
Name=HMDH_HUMAN	SP='NO' D=0.324 D-cutoff=0.500 Networks=SignalP-TM
