# SignalP-4.1 euk predictions
# Name=HS71A_HUMAN	Length=70	Networks=SignalP-TM
# pos  aa    C       S       Y
    1   M   0.103   0.205   0.145
    2   A   0.103   0.192   0.145
    3   K   0.100   0.164   0.143
    4   A   0.105   0.160   0.146
    5   A   0.103   0.160   0.143
    6   A   0.101   0.182   0.140
    7   I   0.102   0.173   0.141
    8   G   0.102   0.161   0.140
    9   I   0.100   0.140   0.137
   10   D   0.103   0.130   0.137
   11   L   0.103   0.159   0.135
   12   G   0.103   0.136   0.134
   13   T   0.099   0.147   0.130
   14   T   0.104   0.173   0.131
   15   Y   0.105   0.160   0.131
   16   S   0.103   0.171   0.128
   17   C   0.145   0.136   0.151
   18   V   0.101   0.144   0.125
   19   G   0.103   0.153   0.126
   20   V   0.113   0.115   0.132
   21   F   0.106   0.098   0.126
   22   Q   0.105   0.098   0.123
   23   H   0.102   0.102   0.120
   24   G   0.099   0.102   0.116
   25   K   0.101   0.102   0.117
   26   V   0.101   0.102   0.115
   27   E   0.102   0.096   0.115
   28   I   0.102   0.100   0.113
   29   I   0.105   0.098   0.112
   30   A   0.103   0.107   0.109
   31   N   0.100   0.107   0.105
   32   D   0.104   0.108   0.106
   33   Q   0.101   0.103   0.104
   34   G   0.104   0.104   0.103
   35   N   0.099   0.106   0.101
   36   R   0.101   0.104   0.102
   37   T   0.104   0.102   0.104
   38   T   0.105   0.098   0.104
   39   P   0.100   0.101   0.102
   40   S   0.102   0.105   0.102
   41   Y   0.100   0.105   0.101
   42   V   0.102   0.107   0.103
   43   A   0.101   0.110   0.103
   44   F   0.098   0.109   0.101
   45   T   0.102   0.109   0.104
   46   D   0.103   0.110   0.104
   47   T   0.107   0.095   0.106
   48   E   0.101   0.102   0.103
   49   R   0.103   0.093   0.104
   50   L   0.104   0.095   0.104
   51   I   0.104   0.092   0.103
   52   G   0.103   0.096   0.102
   53   D   0.105   0.104   0.103
   54   A   0.104   0.103   0.103
   55   A   0.101   0.100   0.102
   56   K   0.099   0.102   0.100
   57   N   0.100   0.102   0.101
   58   Q   0.103   0.101   0.102
   59   V   0.104   0.102   0.102
   60   A   0.103   0.105   0.102
   61   L   0.098   0.103   0.099
   62   N   0.100   0.104   0.100
   63   P   0.101   0.104   0.100
   64   Q   0.105   0.102   0.103
   65   N   0.104   0.103   0.103
   66   T   0.103   0.099   0.103
   67   V   0.101   0.101   0.102
   68   F   0.102   0.101   0.102
   69   D   0.104   0.102   0.103
   70   A   0.101   0.106   0.101
# Measure  Position  Value    Cutoff   signal peptide?
  max. C    17       0.145
  max. Y    17       0.151
  max. S     1       0.205
  mean S     1-16    0.163
       D     1-16    0.156   0.500   NO
Name=HS71A_HUMAN	SP='NO' D=0.156 D-cutoff=0.500 Networks=SignalP-TM
