# SignalP-4.1 euk predictions
# Name=HXK3_HUMAN	Length=70	Networks=SignalP-noTM
# pos  aa    C       S       Y
    1   M   0.101   0.091   0.095
    2   D   0.101   0.088   0.096
    3   S   0.102   0.094   0.096
    4   I   0.101   0.088   0.096
    5   G   0.102   0.091   0.096
    6   S   0.097   0.087   0.094
    7   S   0.100   0.091   0.095
    8   G   0.100   0.089   0.095
    9   L   0.097   0.085   0.094
   10   R   0.100   0.084   0.095
   11   Q   0.103   0.079   0.096
   12   G   0.105   0.070   0.097
   13   E   0.097   0.078   0.093
   14   E   0.106   0.083   0.096
   15   T   0.097   0.084   0.092
   16   L   0.100   0.092   0.093
   17   S   0.098   0.097   0.093
   18   C   0.100   0.102   0.094
   19   S   0.101   0.095   0.094
   20   E   0.095   0.097   0.092
   21   E   0.099   0.090   0.094
   22   G   0.102   0.085   0.095
   23   L   0.099   0.090   0.094
   24   P   0.106   0.093   0.097
   25   G   0.100   0.099   0.094
   26   P   0.097   0.102   0.093
   27   S   0.107   0.102   0.098
   28   D   0.102   0.096   0.096
   29   S   0.098   0.106   0.094
   30   S   0.102   0.105   0.096
   31   E   0.099   0.105   0.095
   32   L   0.099   0.105   0.096
   33   V   0.103   0.100   0.098
   34   Q   0.103   0.099   0.099
   35   E   0.105   0.098   0.100
   36   C   0.097   0.098   0.097
   37   L   0.106   0.088   0.102
   38   Q   0.102   0.087   0.100
   39   Q   0.096   0.087   0.097
   40   F   0.103   0.085   0.100
   41   K   0.105   0.084   0.101
   42   V   0.100   0.086   0.098
   43   T   0.101   0.089   0.098
   44   R   0.103   0.099   0.099
   45   A   0.103   0.093   0.099
   46   Q   0.103   0.085   0.099
   47   L   0.100   0.096   0.098
   48   Q   0.099   0.092   0.097
   49   Q   0.101   0.091   0.098
   50   I   0.108   0.094   0.101
   51   Q   0.103   0.090   0.099
   52   A   0.103   0.094   0.098
   53   S   0.101   0.094   0.097
   54   L   0.098   0.108   0.095
   55   L   0.096   0.106   0.094
   56   G   0.100   0.101   0.096
   57   S   0.095   0.102   0.094
   58   M   0.101   0.100   0.097
   59   E   0.104   0.099   0.099
   60   Q   0.104   0.103   0.099
   61   A   0.101   0.099   0.098
   62   L   0.095   0.102   0.095
   63   R   0.101   0.102   0.098
   64   G   0.105   0.104   0.101
   65   Q   0.108   0.103   0.103
   66   A   0.103   0.105   0.101
   67   S   0.102   0.108   0.100
   68   P   0.104   0.104   0.101
   69   A   0.101   0.108   0.101
   70   P   0.097   0.106   0.099
# Measure  Position  Value    Cutoff   signal peptide?
  max. C    50       0.108
  max. Y    65       0.103
  max. S    69       0.108
  mean S     1-64    0.094
       D     1-64    0.098   0.450   NO
Name=HXK3_HUMAN	SP='NO' D=0.098 D-cutoff=0.450 Networks=SignalP-noTM
