# SignalP-4.1 euk predictions
# Name=IFFO1_HUMAN	Length=70	Networks=SignalP-noTM
# pos  aa    C       S       Y
    1   M   0.101   0.179   0.135
    2   N   0.102   0.167   0.135
    3   P   0.102   0.153   0.135
    4   L   0.103   0.148   0.135
    5   F   0.105   0.129   0.136
    6   G   0.102   0.148   0.133
    7   P   0.098   0.152   0.130
    8   N   0.105   0.152   0.134
    9   L   0.104   0.157   0.133
   10   F   0.103   0.152   0.132
   11   L   0.098   0.138   0.128
   12   L   0.107   0.126   0.133
   13   Q   0.100   0.118   0.127
   14   Q   0.102   0.136   0.128
   15   E   0.103   0.147   0.128
   16   Q   0.099   0.166   0.125
   17   Q   0.098   0.131   0.123
   18   G   0.098   0.143   0.123
   19   L   0.100   0.108   0.124
   20   A   0.093   0.135   0.118
   21   G   0.309   0.086   0.213
   22   P   0.100   0.086   0.120
   23   L   0.098   0.094   0.116
   24   G   0.102   0.095   0.117
   25   D   0.101   0.095   0.116
   26   S   0.096   0.092   0.112
   27   L   0.102   0.107   0.113
   28   G   0.103   0.102   0.114
   29   G   0.104   0.096   0.113
   30   D   0.103   0.104   0.111
   31   H   0.103   0.097   0.111
   32   F   0.106   0.096   0.111
   33   A   0.102   0.088   0.108
   34   G   0.095   0.098   0.103
   35   G   0.100   0.095   0.105
   36   G   0.107   0.097   0.108
   37   D   0.106   0.090   0.107
   38   L   0.097   0.092   0.101
   39   P   0.100   0.096   0.101
   40   P   0.106   0.091   0.103
   41   A   0.108   0.078   0.103
   42   P   0.100   0.098   0.098
   43   L   0.105   0.090   0.100
   44   S   0.100   0.079   0.097
   45   P   0.103   0.083   0.099
   46   A   0.107   0.085   0.100
   47   G   0.096   0.097   0.095
   48   P   0.105   0.101   0.099
   49   A   0.107   0.097   0.100
   50   A   0.100   0.100   0.097
   51   Y   0.100   0.105   0.096
   52   S   0.099   0.104   0.096
   53   P   0.100   0.101   0.097
   54   P   0.105   0.096   0.099
   55   G   0.106   0.089   0.099
   56   P   0.103   0.104   0.098
   57   G   0.109   0.096   0.101
   58   P   0.099   0.108   0.097
   59   A   0.106   0.105   0.100
   60   P   0.096   0.111   0.095
   61   P   0.115   0.110   0.105
   62   A   0.106   0.108   0.101
   63   A   0.105   0.110   0.101
   64   M   0.104   0.108   0.101
   65   A   0.109   0.106   0.104
   66   L   0.099   0.107   0.100
   67   R   0.109   0.103   0.105
   68   N   0.108   0.103   0.105
   69   D   0.110   0.101   0.107
   70   L   0.107   0.098   0.105
# Measure  Position  Value    Cutoff   signal peptide?
  max. C    21       0.309
  max. Y    21       0.213
  max. S     1       0.179
  mean S     1-20    0.144
       D     1-20    0.176   0.450   NO
Name=IFFO1_HUMAN	SP='NO' D=0.176 D-cutoff=0.450 Networks=SignalP-noTM
