# SignalP-4.1 euk predictions
# Name=IL23R_HUMAN	Length=70	Networks=SignalP-noTM
# pos  aa    C       S       Y
    1   M   0.101   0.771   0.280
    2   N   0.103   0.649   0.281
    3   Q   0.101   0.675   0.278
    4   V   0.100   0.677   0.276
    5   T   0.104   0.689   0.281
    6   I   0.105   0.727   0.281
    7   Q   0.095   0.638   0.266
    8   W   0.101   0.605   0.274
    9   D   0.101   0.625   0.273
   10   A   0.097   0.729   0.267
   11   V   0.096   0.759   0.264
   12   I   0.106   0.741   0.278
   13   A   0.099   0.731   0.269
   14   L   0.099   0.669   0.269
   15   Y   0.104   0.636   0.274
   16   I   0.100   0.553   0.267
   17   L   0.096   0.605   0.260
   18   F   0.101   0.709   0.266
   19   S   0.107   0.638   0.273
   20   W   0.107   0.729   0.271
   21   C   0.105   0.803   0.268
   22   H   0.185   0.483   0.357
   23   G   0.099   0.676   0.258
   24   G   0.476   0.262   0.565
   25   I   0.119   0.195   0.279
   26   T   0.120   0.190   0.275
   27   N   0.242   0.145   0.384
   28   I   0.146   0.119   0.292
   29   N   0.105   0.111   0.241
   30   C   0.105   0.140   0.237
   31   S   0.117   0.127   0.244
   32   G   0.107   0.139   0.229
   33   H   0.123   0.117   0.239
   34   I   0.104   0.117   0.212
   35   W   0.098   0.125   0.199
   36   V   0.100   0.116   0.194
   37   E   0.103   0.107   0.190
   38   P   0.105   0.110   0.186
   39   A   0.103   0.109   0.178
   40   T   0.098   0.122   0.167
   41   I   0.103   0.116   0.163
   42   F   0.101   0.119   0.154
   43   K   0.101   0.109   0.145
   44   M   0.101   0.105   0.133
   45   G   0.102   0.105   0.127
   46   M   0.100   0.107   0.115
   47   N   0.106   0.103   0.115
   48   I   0.108   0.108   0.114
   49   S   0.100   0.108   0.109
   50   I   0.100   0.118   0.108
   51   Y   0.100   0.118   0.108
   52   C   0.097   0.123   0.106
   53   Q   0.102   0.134   0.108
   54   A   0.107   0.140   0.111
   55   A   0.113   0.122   0.114
   56   I   0.096   0.118   0.105
   57   K   0.096   0.109   0.105
   58   N   0.100   0.103   0.107
   59   C   0.101   0.102   0.108
   60   Q   0.099   0.107   0.106
   61   P   0.104   0.103   0.109
   62   R   0.106   0.103   0.110
   63   K   0.101   0.099   0.107
   64   L   0.102   0.102   0.107
   65   H   0.098   0.103   0.104
   66   F   0.101   0.101   0.106
   67   Y   0.099   0.105   0.105
   68   K   0.103   0.106   0.107
   69   N   0.103   0.101   0.107
   70   G   0.105   0.101   0.108
# Measure  Position  Value    Cutoff   signal peptide?
  max. C    24       0.476
  max. Y    24       0.565
  max. S    21       0.803
  mean S     1-23    0.675
       D     1-23    0.624   0.450   YES
Name=IL23R_HUMAN	SP='YES' Cleavage site between pos. 23 and 24: CHG-GI D=0.624 D-cutoff=0.450 Networks=SignalP-noTM
