# SignalP-4.1 euk predictions
# Name=INSL4_HUMAN	Length=70	Networks=SignalP-TM
# pos  aa    C       S       Y
    1   M   0.103   0.813   0.289
    2   A   0.102   0.781   0.288
    3   S   0.100   0.815   0.284
    4   L   0.102   0.801   0.288
    5   F   0.101   0.815   0.286
    6   R   0.101   0.851   0.286
    7   S   0.104   0.887   0.291
    8   Y   0.100   0.817   0.286
    9   L   0.103   0.750   0.290
   10   P   0.104   0.773   0.291
   11   A   0.101   0.854   0.287
   12   I   0.099   0.821   0.284
   13   W   0.101   0.829   0.287
   14   L   0.100   0.805   0.286
   15   L   0.101   0.807   0.288
   16   L   0.100   0.824   0.285
   17   S   0.103   0.846   0.290
   18   Q   0.106   0.850   0.295
   19   L   0.105   0.851   0.294
   20   L   0.108   0.774   0.299
   21   R   0.101   0.782   0.288
   22   E   0.112   0.691   0.302
   23   S   0.108   0.744   0.294
   24   L   0.105   0.753   0.291
   25   A   0.104   0.759   0.289
   26   A   0.843   0.332   0.819
   27   E   0.192   0.171   0.382
   28   L   0.107   0.149   0.277
   29   R   0.106   0.118   0.266
   30   G   0.103   0.133   0.252
   31   C   0.105   0.137   0.244
   32   G   0.103   0.119   0.231
   33   P   0.102   0.109   0.218
   34   R   0.106   0.104   0.209
   35   F   0.103   0.106   0.193
   36   G   0.102   0.103   0.179
   37   K   0.102   0.091   0.167
   38   H   0.104   0.098   0.154
   39   L   0.102   0.108   0.135
   40   L   0.103   0.105   0.118
   41   S   0.102   0.098   0.110
   42   Y   0.102   0.100   0.107
   43   C   0.104   0.097   0.107
   44   P   0.100   0.096   0.104
   45   M   0.104   0.097   0.105
   46   P   0.102   0.091   0.102
   47   E   0.102   0.084   0.101
   48   K   0.101   0.092   0.100
   49   T   0.099   0.086   0.098
   50   F   0.098   0.088   0.097
   51   T   0.101   0.092   0.098
   52   T   0.108   0.094   0.102
   53   T   0.104   0.091   0.099
   54   P   0.103   0.096   0.098
   55   G   0.105   0.096   0.099
   56   G   0.098   0.096   0.095
   57   W   0.103   0.096   0.098
   58   L   0.105   0.097   0.099
   59   L   0.101   0.101   0.097
   60   E   0.102   0.100   0.098
   61   S   0.105   0.101   0.099
   62   G   0.102   0.101   0.098
   63   R   0.100   0.101   0.097
   64   P   0.105   0.104   0.100
   65   K   0.099   0.101   0.098
   66   E   0.100   0.100   0.099
   67   M   0.100   0.103   0.099
   68   V   0.100   0.103   0.100
   69   S   0.101   0.104   0.101
   70   T   0.102   0.102   0.101
# Measure  Position  Value    Cutoff   signal peptide?
  max. C    26       0.843
  max. Y    26       0.819
  max. S     7       0.887
  mean S     1-25    0.804
       D     1-25    0.813   0.500   YES
Name=INSL4_HUMAN	SP='YES' Cleavage site between pos. 25 and 26: SLA-AE D=0.813 D-cutoff=0.500 Networks=SignalP-TM
