# SignalP-4.1 euk predictions
# Name=IWS1_HUMAN	Length=70	Networks=SignalP-noTM
# pos  aa    C       S       Y
    1   M   0.100   0.078   0.089
    2   D   0.102   0.084   0.089
    3   S   0.101   0.092   0.089
    4   E   0.099   0.087   0.089
    5   Y   0.102   0.092   0.090
    6   Y   0.098   0.094   0.089
    7   S   0.099   0.098   0.090
    8   G   0.099   0.095   0.090
    9   D   0.100   0.099   0.091
   10   Q   0.098   0.094   0.091
   11   S   0.100   0.088   0.092
   12   D   0.099   0.075   0.091
   13   D   0.099   0.069   0.092
   14   G   0.104   0.079   0.093
   15   G   0.100   0.083   0.092
   16   A   0.101   0.090   0.092
   17   T   0.099   0.103   0.092
   18   P   0.104   0.106   0.095
   19   V   0.096   0.101   0.092
   20   Q   0.097   0.100   0.093
   21   D   0.108   0.091   0.098
   22   E   0.094   0.098   0.092
   23   R   0.106   0.108   0.098
   24   D   0.105   0.101   0.098
   25   S   0.105   0.100   0.099
   26   G   0.101   0.102   0.097
   27   S   0.102   0.103   0.098
   28   D   0.102   0.107   0.098
   29   G   0.100   0.110   0.097
   30   E   0.096   0.115   0.096
   31   D   0.103   0.114   0.100
   32   D   0.106   0.115   0.101
   33   V   0.104   0.113   0.101
   34   N   0.100   0.112   0.099
   35   E   0.107   0.105   0.104
   36   Q   0.100   0.108   0.101
   37   H   0.105   0.108   0.104
   38   S   0.102   0.104   0.104
   39   G   0.099   0.106   0.102
   40   S   0.100   0.103   0.103
   41   D   0.103   0.102   0.104
   42   T   0.103   0.101   0.104
   43   G   0.101   0.098   0.103
   44   S   0.099   0.101   0.102
   45   V   0.103   0.102   0.105
   46   E   0.098   0.101   0.102
   47   R   0.105   0.104   0.105
   48   H   0.097   0.105   0.102
   49   S   0.105   0.111   0.105
   50   E   0.102   0.112   0.104
   51   N   0.101   0.112   0.104
   52   E   0.103   0.116   0.105
   53   T   0.102   0.104   0.105
   54   S   0.106   0.097   0.106
   55   D   0.104   0.094   0.105
   56   R   0.100   0.093   0.103
   57   E   0.104   0.090   0.104
   58   D   0.104   0.096   0.104
   59   G   0.105   0.095   0.104
   60   L   0.104   0.104   0.103
   61   P   0.109   0.100   0.106
   62   K   0.105   0.103   0.103
   63   G   0.107   0.103   0.105
   64   H   0.103   0.104   0.102
   65   H   0.109   0.103   0.105
   66   V   0.100   0.101   0.101
   67   T   0.098   0.102   0.100
   68   D   0.104   0.105   0.103
   69   S   0.103   0.103   0.103
   70   E   0.102   0.107   0.102
# Measure  Position  Value    Cutoff   signal peptide?
  max. C    61       0.109
  max. Y    54       0.106
  max. S    52       0.116
  mean S     1-53    0.100
       D     1-53    0.103   0.450   NO
Name=IWS1_HUMAN	SP='NO' D=0.103 D-cutoff=0.450 Networks=SignalP-noTM
