# SignalP-4.1 euk predictions
# Name=JIP3_HUMAN	Length=70	Networks=SignalP-TM
# pos  aa    C       S       Y
    1   M   0.101   0.080   0.090
    2   M   0.101   0.084   0.090
    3   E   0.102   0.082   0.090
    4   I   0.103   0.078   0.091
    5   Q   0.100   0.075   0.090
    6   M   0.103   0.075   0.090
    7   D   0.101   0.074   0.089
    8   E   0.103   0.075   0.090
    9   G   0.102   0.077   0.089
   10   G   0.100   0.072   0.088
   11   G   0.101   0.073   0.088
   12   V   0.101   0.065   0.089
   13   V   0.101   0.082   0.088
   14   V   0.101   0.089   0.088
   15   Y   0.100   0.087   0.088
   16   Q   0.101   0.091   0.089
   17   D   0.103   0.096   0.090
   18   D   0.101   0.098   0.089
   19   Y   0.101   0.088   0.090
   20   C   0.099   0.094   0.090
   21   S   0.101   0.094   0.092
   22   G   0.100   0.090   0.092
   23   S   0.106   0.094   0.095
   24   V   0.099   0.097   0.093
   25   M   0.101   0.096   0.095
   26   S   0.102   0.101   0.096
   27   E   0.104   0.102   0.098
   28   R   0.103   0.103   0.099
   29   V   0.106   0.095   0.100
   30   S   0.104   0.099   0.100
   31   G   0.103   0.099   0.100
   32   L   0.103   0.098   0.100
   33   A   0.106   0.095   0.101
   34   G   0.099   0.097   0.098
   35   S   0.104   0.094   0.101
   36   I   0.102   0.092   0.100
   37   Y   0.107   0.096   0.102
   38   R   0.101   0.097   0.099
   39   E   0.100   0.099   0.098
   40   F   0.104   0.098   0.101
   41   E   0.103   0.099   0.100
   42   R   0.102   0.101   0.100
   43   L   0.102   0.101   0.099
   44   I   0.105   0.105   0.101
   45   H   0.101   0.102   0.099
   46   C   0.105   0.098   0.101
   47   Y   0.106   0.101   0.102
   48   D   0.103   0.101   0.101
   49   E   0.101   0.095   0.100
   50   E   0.102   0.095   0.101
   51   V   0.102   0.097   0.100
   52   V   0.101   0.098   0.100
   53   K   0.102   0.096   0.100
   54   E   0.099   0.093   0.099
   55   L   0.102   0.095   0.100
   56   M   0.105   0.097   0.102
   57   P   0.103   0.094   0.100
   58   L   0.103   0.097   0.100
   59   V   0.104   0.100   0.100
   60   V   0.107   0.097   0.102
   61   N   0.104   0.098   0.101
   62   V   0.100   0.105   0.098
   63   L   0.099   0.098   0.098
   64   E   0.105   0.096   0.101
   65   N   0.097   0.097   0.097
   66   L   0.101   0.093   0.099
   67   D   0.104   0.095   0.100
   68   S   0.103   0.095   0.100
   69   V   0.103   0.094   0.100
   70   L   0.099   0.093   0.098
# Measure  Position  Value    Cutoff   signal peptide?
  max. C    60       0.107
  max. Y    47       0.102
  max. S    44       0.105
  mean S     1-46    0.091
       D     1-46    0.097   0.500   NO
Name=JIP3_HUMAN	SP='NO' D=0.097 D-cutoff=0.500 Networks=SignalP-TM
