# SignalP-4.1 euk predictions
# Name=KCD17_HUMAN	Length=70	Networks=SignalP-TM
# pos  aa    C       S       Y
    1   M   0.102   0.165   0.130
    2   Q   0.101   0.151   0.129
    3   T   0.102   0.124   0.130
    4   P   0.101   0.109   0.128
    5   R   0.103   0.106   0.127
    6   P   0.104   0.097   0.126
    7   A   0.103   0.098   0.123
    8   M   0.096   0.101   0.117
    9   R   0.103   0.095   0.119
   10   M   0.101   0.087   0.116
   11   E   0.105   0.082   0.116
   12   A   0.105   0.073   0.113
   13   G   0.099   0.093   0.107
   14   E   0.104   0.106   0.107
   15   A   0.104   0.112   0.105
   16   A   0.113   0.108   0.108
   17   P   0.100   0.116   0.100
   18   P   0.104   0.116   0.101
   19   A   0.106   0.110   0.102
   20   G   0.102   0.116   0.101
   21   A   0.104   0.128   0.102
   22   G   0.104   0.122   0.103
   23   G   0.109   0.119   0.107
   24   R   0.107   0.110   0.106
   25   A   0.107   0.118   0.107
   26   A   0.103   0.115   0.107
   27   G   0.102   0.113   0.107
   28   G   0.102   0.111   0.108
   29   W   0.103   0.104   0.109
   30   G   0.105   0.121   0.110
   31   K   0.104   0.124   0.110
   32   W   0.103   0.152   0.109
   33   V   0.103   0.144   0.110
   34   R   0.103   0.148   0.112
   35   L   0.105   0.184   0.114
   36   N   0.104   0.174   0.115
   37   V   0.103   0.158   0.116
   38   G   0.106   0.162   0.119
   39   G   0.103   0.194   0.119
   40   T   0.103   0.142   0.121
   41   V   0.107   0.150   0.125
   42   F   0.103   0.143   0.123
   43   L   0.102   0.123   0.123
   44   T   0.101   0.116   0.123
   45   T   0.105   0.117   0.126
   46   R   0.106   0.113   0.127
   47   Q   0.099   0.095   0.121
   48   T   0.105   0.099   0.123
   49   L   0.101   0.091   0.119
   50   C   0.100   0.106   0.116
   51   R   0.110   0.100   0.119
   52   E   0.105   0.099   0.115
   53   Q   0.100   0.097   0.110
   54   K   0.103   0.097   0.108
   55   S   0.102   0.102   0.106
   56   F   0.099   0.099   0.103
   57   L   0.102   0.098   0.103
   58   S   0.100   0.102   0.101
   59   R   0.099   0.100   0.100
   60   L   0.104   0.100   0.102
   61   C   0.102   0.102   0.101
   62   Q   0.103   0.103   0.101
   63   G   0.103   0.103   0.102
   64   E   0.102   0.102   0.101
   65   E   0.103   0.100   0.102
   66   L   0.100   0.102   0.100
   67   Q   0.100   0.102   0.100
   68   S   0.101   0.103   0.101
   69   D   0.099   0.106   0.100
   70   R   0.100   0.103   0.101
# Measure  Position  Value    Cutoff   signal peptide?
  max. C    16       0.113
  max. Y    46       0.127
  max. S    39       0.194
  mean S     1-45    0.123
       D     1-45    0.125   0.500   NO
Name=KCD17_HUMAN	SP='NO' D=0.125 D-cutoff=0.500 Networks=SignalP-TM
