# SignalP-4.1 euk predictions
# Name=KHNYN_HUMAN	Length=70	Networks=SignalP-noTM
# pos  aa    C       S       Y
    1   M   0.101   0.198   0.142
    2   P   0.103   0.158   0.143
    3   T   0.104   0.123   0.143
    4   W   0.103   0.123   0.141
    5   G   0.107   0.129   0.143
    6   A   0.102   0.114   0.138
    7   R   0.096   0.117   0.133
    8   P   0.107   0.109   0.138
    9   A   0.105   0.103   0.136
   10   S   0.096   0.097   0.128
   11   P   0.107   0.095   0.133
   12   D   0.101   0.082   0.128
   13   R   0.102   0.072   0.126
   14   F   0.104   0.084   0.125
   15   A   0.103   0.088   0.122
   16   V   0.099   0.096   0.118
   17   S   0.106   0.105   0.120
   18   A   0.105   0.108   0.118
   19   E   0.099   0.107   0.112
   20   A   0.103   0.107   0.112
   21   E   0.119   0.102   0.119
   22   N   0.104   0.103   0.109
   23   K   0.101   0.105   0.105
   24   V   0.103   0.110   0.104
   25   R   0.105   0.106   0.104
   26   E   0.108   0.112   0.106
   27   Q   0.110   0.107   0.106
   28   Q   0.103   0.103   0.102
   29   P   0.103   0.098   0.102
   30   H   0.101   0.102   0.100
   31   V   0.104   0.095   0.102
   32   E   0.100   0.100   0.100
   33   R   0.103   0.102   0.101
   34   I   0.100   0.097   0.100
   35   F   0.102   0.101   0.101
   36   S   0.108   0.092   0.105
   37   V   0.099   0.092   0.100
   38   G   0.104   0.097   0.103
   39   V   0.101   0.094   0.102
   40   S   0.105   0.094   0.104
   41   V   0.100   0.091   0.101
   42   L   0.100   0.097   0.100
   43   P   0.102   0.093   0.101
   44   K   0.100   0.092   0.100
   45   D   0.101   0.088   0.100
   46   C   0.107   0.095   0.103
   47   P   0.102   0.094   0.100
   48   D   0.108   0.097   0.102
   49   N   0.096   0.094   0.096
   50   P   0.103   0.101   0.099
   51   H   0.098   0.099   0.097
   52   I   0.102   0.105   0.099
   53   W   0.095   0.102   0.095
   54   L   0.103   0.104   0.100
   55   Q   0.101   0.097   0.099
   56   L   0.108   0.106   0.102
   57   E   0.107   0.100   0.101
   58   G   0.102   0.104   0.099
   59   P   0.098   0.102   0.097
   60   K   0.111   0.107   0.104
   61   E   0.104   0.101   0.101
   62   N   0.100   0.101   0.099
   63   A   0.093   0.102   0.096
   64   S   0.096   0.104   0.097
   65   R   0.098   0.103   0.098
   66   A   0.103   0.107   0.101
   67   K   0.098   0.107   0.099
   68   E   0.104   0.107   0.103
   69   Y   0.095   0.106   0.098
   70   L   0.103   0.102   0.103
# Measure  Position  Value    Cutoff   signal peptide?
  max. C    21       0.119
  max. Y    11       0.133
  max. S     1       0.198
  mean S     1-10    0.127
       D     1-10    0.130   0.450   NO
Name=KHNYN_HUMAN	SP='NO' D=0.130 D-cutoff=0.450 Networks=SignalP-noTM
