# SignalP-4.1 euk predictions
# Name=KI13B_HUMAN	Length=70	Networks=SignalP-TM
# pos  aa    C       S       Y
    1   M   0.102   0.099   0.101
    2   G   0.102   0.125   0.101
    3   D   0.100   0.109   0.101
    4   S   0.103   0.108   0.102
    5   K   0.101   0.099   0.102
    6   V   0.100   0.097   0.101
    7   K   0.100   0.104   0.101
    8   V   0.105   0.097   0.104
    9   A   0.101   0.093   0.102
   10   V   0.100   0.083   0.101
   11   R   0.103   0.085   0.102
   12   I   0.102   0.095   0.101
   13   R   0.099   0.108   0.100
   14   P   0.104   0.111   0.102
   15   M   0.105   0.106   0.103
   16   N   0.102   0.100   0.102
   17   R   0.103   0.116   0.101
   18   R   0.102   0.110   0.101
   19   E   0.106   0.110   0.103
   20   T   0.100   0.108   0.101
   21   D   0.103   0.106   0.103
   22   L   0.101   0.113   0.102
   23   H   0.101   0.107   0.102
   24   T   0.103   0.106   0.103
   25   K   0.103   0.098   0.104
   26   C   0.104   0.103   0.105
   27   V   0.102   0.100   0.105
   28   V   0.104   0.097   0.105
   29   D   0.101   0.096   0.103
   30   V   0.100   0.093   0.103
   31   D   0.100   0.093   0.102
   32   A   0.104   0.093   0.103
   33   N   0.100   0.089   0.101
   34   K   0.100   0.088   0.100
   35   V   0.100   0.085   0.100
   36   I   0.102   0.085   0.100
   37   L   0.101   0.085   0.098
   38   N   0.100   0.092   0.097
   39   P   0.101   0.084   0.097
   40   V   0.105   0.096   0.098
   41   N   0.102   0.097   0.096
   42   T   0.104   0.098   0.097
   43   N   0.103   0.099   0.097
   44   L   0.102   0.099   0.096
   45   S   0.100   0.097   0.096
   46   K   0.101   0.103   0.096
   47   G   0.103   0.102   0.097
   48   D   0.103   0.106   0.098
   49   A   0.104   0.104   0.099
   50   R   0.103   0.106   0.099
   51   G   0.105   0.105   0.101
   52   Q   0.103   0.108   0.101
   53   P   0.103   0.103   0.102
   54   K   0.100   0.106   0.101
   55   V   0.104   0.102   0.103
   56   F   0.104   0.104   0.103
   57   A   0.104   0.102   0.104
   58   Y   0.098   0.100   0.101
   59   D   0.105   0.101   0.104
   60   H   0.102   0.103   0.103
   61   C   0.105   0.099   0.104
   62   F   0.103   0.100   0.103
   63   W   0.102   0.099   0.103
   64   S   0.103   0.102   0.103
   65   M   0.099   0.101   0.101
   66   D   0.103   0.099   0.102
   67   E   0.102   0.102   0.102
   68   S   0.101   0.104   0.101
   69   V   0.098   0.105   0.100
   70   K   0.105   0.102   0.103
# Measure  Position  Value    Cutoff   signal peptide?
  max. C    19       0.106
  max. Y    26       0.105
  max. S     2       0.125
  mean S     1-25    0.104
       D     1-25    0.105   0.500   NO
Name=KI13B_HUMAN	SP='NO' D=0.105 D-cutoff=0.500 Networks=SignalP-TM
