# SignalP-4.1 euk predictions
# Name=KPBB_HUMAN	Length=70	Networks=SignalP-noTM
# pos  aa    C       S       Y
    1   M   0.103   0.121   0.112
    2   A   0.104   0.148   0.112
    3   G   0.100   0.111   0.111
    4   A   0.104   0.119   0.113
    5   A   0.100   0.107   0.110
    6   G   0.099   0.109   0.109
    7   L   0.100   0.111   0.110
    8   T   0.103   0.097   0.111
    9   A   0.107   0.100   0.113
   10   E   0.100   0.106   0.108
   11   V   0.100   0.101   0.108
   12   S   0.102   0.102   0.109
   13   W   0.101   0.128   0.108
   14   K   0.100   0.120   0.108
   15   V   0.098   0.123   0.107
   16   L   0.103   0.128   0.109
   17   E   0.100   0.146   0.108
   18   R   0.102   0.123   0.110
   19   R   0.110   0.122   0.114
   20   A   0.107   0.113   0.112
   21   R   0.099   0.106   0.107
   22   T   0.107   0.109   0.112
   23   K   0.110   0.108   0.113
   24   R   0.104   0.111   0.110
   25   S   0.106   0.107   0.110
   26   G   0.101   0.108   0.107
   27   S   0.103   0.100   0.108
   28   V   0.103   0.095   0.108
   29   Y   0.101   0.098   0.107
   30   E   0.103   0.097   0.107
   31   P   0.095   0.097   0.103
   32   L   0.106   0.098   0.109
   33   K   0.105   0.099   0.108
   34   S   0.102   0.098   0.106
   35   I   0.104   0.104   0.107
   36   N   0.103   0.098   0.106
   37   L   0.104   0.095   0.106
   38   P   0.099   0.093   0.103
   39   R   0.103   0.102   0.104
   40   P   0.107   0.095   0.105
   41   D   0.105   0.093   0.104
   42   N   0.099   0.101   0.100
   43   E   0.101   0.098   0.101
   44   T   0.098   0.101   0.099
   45   L   0.103   0.100   0.102
   46   W   0.099   0.103   0.099
   47   D   0.101   0.101   0.100
   48   K   0.099   0.101   0.099
   49   L   0.102   0.098   0.100
   50   D   0.109   0.093   0.104
   51   H   0.102   0.088   0.100
   52   Y   0.100   0.092   0.099
   53   Y   0.100   0.087   0.099
   54   R   0.101   0.082   0.099
   55   I   0.104   0.094   0.100
   56   V   0.097   0.100   0.097
   57   K   0.099   0.098   0.098
   58   S   0.096   0.095   0.096
   59   T   0.097   0.093   0.096
   60   L   0.103   0.096   0.099
   61   L   0.102   0.095   0.099
   62   L   0.100   0.094   0.098
   63   Y   0.106   0.091   0.101
   64   Q   0.097   0.094   0.096
   65   S   0.107   0.093   0.101
   66   P   0.098   0.093   0.097
   67   T   0.103   0.092   0.099
   68   T   0.099   0.093   0.097
   69   G   0.098   0.098   0.096
   70   L   0.104   0.097   0.099
# Measure  Position  Value    Cutoff   signal peptide?
  max. C    19       0.110
  max. Y    19       0.114
  max. S     2       0.148
  mean S     1-18    0.117
       D     1-18    0.115   0.450   NO
Name=KPBB_HUMAN	SP='NO' D=0.115 D-cutoff=0.450 Networks=SignalP-noTM
