# SignalP-4.1 euk predictions
# Name=KRBX1_HUMAN	Length=70	Networks=SignalP-TM
# pos  aa    C       S       Y
    1   M   0.101   0.129   0.114
    2   M   0.102   0.114   0.115
    3   T   0.104   0.100   0.115
    4   A   0.104   0.108   0.114
    5   V   0.099   0.102   0.111
    6   S   0.103   0.117   0.112
    7   L   0.100   0.107   0.110
    8   T   0.101   0.095   0.110
    9   T   0.104   0.097   0.110
   10   R   0.102   0.110   0.109
   11   P   0.103   0.104   0.108
   12   Q   0.104   0.103   0.108
   13   E   0.101   0.085   0.105
   14   S   0.101   0.093   0.104
   15   V   0.102   0.091   0.103
   16   A   0.103   0.107   0.102
   17   F   0.261   0.082   0.163
   18   E   0.104   0.094   0.102
   19   D   0.102   0.097   0.100
   20   V   0.102   0.099   0.101
   21   A   0.102   0.104   0.100
   22   V   0.097   0.111   0.097
   23   Y   0.102   0.108   0.100
   24   F   0.101   0.107   0.100
   25   T   0.103   0.090   0.101
   26   T   0.104   0.099   0.101
   27   K   0.104   0.106   0.101
   28   E   0.102   0.104   0.100
   29   W   0.100   0.109   0.100
   30   A   0.101   0.113   0.101
   31   I   0.104   0.105   0.103
   32   M   0.102   0.104   0.103
   33   V   0.100   0.104   0.102
   34   P   0.105   0.112   0.105
   35   A   0.106   0.119   0.106
   36   E   0.103   0.113   0.105
   37   R   0.105   0.119   0.106
   38   A   0.104   0.114   0.106
   39   L   0.098   0.113   0.103
   40   Y   0.104   0.120   0.107
   41   R   0.106   0.109   0.109
   42   D   0.106   0.097   0.109
   43   V   0.102   0.097   0.106
   44   M   0.103   0.106   0.106
   45   L   0.104   0.105   0.107
   46   E   0.102   0.097   0.106
   47   N   0.102   0.098   0.105
   48   Y   0.102   0.094   0.105
   49   E   0.102   0.099   0.105
   50   A   0.106   0.094   0.106
   51   V   0.099   0.096   0.102
   52   A   0.103   0.099   0.103
   53   F   0.098   0.091   0.100
   54   V   0.103   0.087   0.101
   55   V   0.103   0.095   0.100
   56   P   0.104   0.094   0.100
   57   P   0.102   0.091   0.099
   58   T   0.104   0.099   0.100
   59   S   0.106   0.100   0.101
   60   K   0.100   0.096   0.098
   61   P   0.100   0.101   0.097
   62   A   0.103   0.103   0.099
   63   L   0.099   0.104   0.098
   64   V   0.105   0.102   0.101
   65   S   0.100   0.104   0.098
   66   H   0.105   0.103   0.101
   67   L   0.101   0.104   0.099
   68   E   0.104   0.105   0.101
   69   Q   0.104   0.104   0.102
   70   G   0.103   0.101   0.102
# Measure  Position  Value    Cutoff   signal peptide?
  max. C    17       0.261
  max. Y    17       0.163
  max. S     1       0.129
  mean S     1-16    0.104
       D     1-16    0.139   0.500   NO
Name=KRBX1_HUMAN	SP='NO' D=0.139 D-cutoff=0.500 Networks=SignalP-TM
