# SignalP-4.1 euk predictions
# Name=LAD1_HUMAN	Length=70	Networks=SignalP-TM
# pos  aa    C       S       Y
    1   M   0.103   0.201   0.144
    2   A   0.103   0.170   0.144
    3   V   0.098   0.177   0.140
    4   S   0.103   0.168   0.143
    5   R   0.101   0.197   0.140
    6   K   0.101   0.170   0.140
    7   D   0.102   0.173   0.140
    8   W   0.101   0.106   0.139
    9   S   0.103   0.116   0.137
   10   A   0.101   0.103   0.134
   11   L   0.098   0.093   0.129
   12   S   0.102   0.075   0.129
   13   S   0.098   0.078   0.123
   14   L   0.103   0.096   0.122
   15   A   0.103   0.123   0.119
   16   R   0.100   0.108   0.115
   17   Q   0.101   0.143   0.114
   18   R   0.103   0.134   0.114
   19   T   0.106   0.171   0.114
   20   L   0.103   0.200   0.112
   21   E   0.101   0.168   0.111
   22   D   0.111   0.130   0.117
   23   E   0.103   0.126   0.113
   24   E   0.101   0.118   0.112
   25   E   0.103   0.121   0.114
   26   Q   0.101   0.123   0.114
   27   E   0.102   0.117   0.116
   28   R   0.101   0.123   0.117
   29   E   0.103   0.125   0.119
   30   R   0.103   0.132   0.118
   31   R   0.102   0.125   0.119
   32   R   0.106   0.127   0.120
   33   R   0.104   0.117   0.119
   34   H   0.105   0.123   0.118
   35   R   0.102   0.115   0.114
   36   N   0.104   0.110   0.113
   37   L   0.103   0.110   0.112
   38   S   0.104   0.113   0.112
   39   S   0.103   0.110   0.111
   40   T   0.102   0.107   0.110
   41   T   0.103   0.103   0.111
   42   D   0.104   0.100   0.110
   43   D   0.102   0.097   0.109
   44   E   0.103   0.097   0.108
   45   A   0.103   0.094   0.107
   46   P   0.098   0.101   0.103
   47   R   0.102   0.102   0.104
   48   L   0.103   0.101   0.104
   49   S   0.105   0.101   0.105
   50   Q   0.099   0.100   0.101
   51   N   0.103   0.103   0.103
   52   G   0.099   0.101   0.100
   53   D   0.101   0.104   0.101
   54   R   0.106   0.102   0.103
   55   Q   0.105   0.102   0.103
   56   A   0.104   0.098   0.102
   57   S   0.096   0.107   0.098
   58   A   0.103   0.105   0.102
   59   S   0.097   0.104   0.099
   60   E   0.101   0.106   0.102
   61   R   0.101   0.105   0.102
   62   L   0.102   0.104   0.103
   63   P   0.104   0.104   0.104
   64   S   0.103   0.104   0.103
   65   V   0.104   0.105   0.104
   66   E   0.105   0.102   0.104
   67   E   0.105   0.103   0.104
   68   A   0.101   0.106   0.102
   69   E   0.099   0.107   0.102
   70   V   0.107   0.103   0.106
# Measure  Position  Value    Cutoff   signal peptide?
  max. C    22       0.111
  max. Y    11       0.129
  max. S     1       0.201
  mean S     1-10    0.158
       D     1-10    0.141   0.500   NO
Name=LAD1_HUMAN	SP='NO' D=0.141 D-cutoff=0.500 Networks=SignalP-TM
