# SignalP-4.1 euk predictions
# Name=LARP4_HUMAN	Length=70	Networks=SignalP-TM
# pos  aa    C       S       Y
    1   M   0.102   0.182   0.136
    2   L   0.102   0.154   0.136
    3   L   0.102   0.165   0.136
    4   F   0.102   0.158   0.135
    5   V   0.103   0.161   0.135
    6   E   0.103   0.143   0.134
    7   Q   0.104   0.162   0.134
    8   V   0.102   0.162   0.132
    9   A   0.102   0.164   0.132
   10   S   0.097   0.145   0.128
   11   K   0.109   0.108   0.134
   12   G   0.100   0.130   0.127
   13   T   0.099   0.131   0.125
   14   G   0.102   0.113   0.125
   15   L   0.111   0.104   0.128
   16   N   0.105   0.098   0.122
   17   P   0.099   0.104   0.117
   18   N   0.102   0.105   0.117
   19   A   0.101   0.106   0.115
   20   K   0.099   0.105   0.112
   21   V   0.104   0.107   0.114
   22   W   0.100   0.104   0.110
   23   Q   0.103   0.103   0.109
   24   E   0.105   0.103   0.108
   25   I   0.102   0.098   0.106
   26   A   0.104   0.099   0.106
   27   P   0.096   0.108   0.101
   28   G   0.104   0.103   0.104
   29   N   0.100   0.107   0.101
   30   T   0.104   0.114   0.104
   31   D   0.104   0.112   0.105
   32   A   0.101   0.111   0.103
   33   T   0.121   0.105   0.113
   34   P   0.106   0.104   0.106
   35   V   0.103   0.103   0.104
   36   T   0.103   0.105   0.104
   37   H   0.103   0.105   0.104
   38   G   0.101   0.101   0.103
   39   T   0.108   0.106   0.106
   40   E   0.103   0.103   0.105
   41   S   0.103   0.103   0.104
   42   S   0.102   0.106   0.104
   43   W   0.101   0.101   0.103
   44   H   0.101   0.103   0.103
   45   E   0.101   0.108   0.103
   46   I   0.105   0.104   0.105
   47   A   0.104   0.102   0.104
   48   A   0.099   0.102   0.101
   49   T   0.099   0.105   0.101
   50   S   0.103   0.108   0.103
   51   G   0.103   0.107   0.103
   52   A   0.103   0.105   0.104
   53   H   0.099   0.105   0.102
   54   P   0.104   0.105   0.104
   55   E   0.103   0.105   0.104
   56   G   0.105   0.102   0.105
   57   N   0.104   0.105   0.104
   58   A   0.104   0.104   0.104
   59   E   0.107   0.107   0.106
   60   L   0.103   0.108   0.104
   61   S   0.100   0.110   0.103
   62   E   0.105   0.107   0.105
   63   D   0.104   0.109   0.105
   64   I   0.103   0.110   0.105
   65   C   0.105   0.109   0.106
   66   K   0.104   0.108   0.105
   67   E   0.103   0.104   0.105
   68   Y   0.103   0.106   0.105
   69   E   0.102   0.106   0.104
   70   V   0.102   0.105   0.104
# Measure  Position  Value    Cutoff   signal peptide?
  max. C    33       0.121
  max. Y    11       0.134
  max. S     1       0.182
  mean S     1-10    0.160
       D     1-10    0.144   0.500   NO
Name=LARP4_HUMAN	SP='NO' D=0.144 D-cutoff=0.500 Networks=SignalP-TM
