# SignalP-4.1 euk predictions
# Name=LIPL_HUMAN	Length=70	Networks=SignalP-noTM
# pos  aa    C       S       Y
    1   M   0.101   0.887   0.299
    2   E   0.101   0.867   0.299
    3   S   0.102   0.888   0.300
    4   K   0.101   0.902   0.299
    5   A   0.104   0.902   0.303
    6   L   0.095   0.912   0.291
    7   L   0.104   0.914   0.304
    8   V   0.099   0.914   0.297
    9   L   0.105   0.908   0.305
   10   T   0.106   0.915   0.308
   11   L   0.100   0.924   0.300
   12   A   0.110   0.935   0.314
   13   V   0.097   0.922   0.296
   14   W   0.100   0.942   0.300
   15   L   0.099   0.925   0.298
   16   Q   0.104   0.885   0.306
   17   S   0.102   0.879   0.304
   18   L   0.110   0.884   0.315
   19   T   0.100   0.910   0.300
   20   A   0.120   0.898   0.330
   21   S   0.497   0.707   0.671
   22   R   0.227   0.504   0.451
   23   G   0.110   0.674   0.310
   24   G   0.184   0.521   0.399
   25   V   0.107   0.492   0.303
   26   A   0.105   0.532   0.296
   27   A   0.183   0.370   0.387
   28   A   0.211   0.165   0.409
   29   D   0.134   0.113   0.319
   30   Q   0.103   0.106   0.273
   31   R   0.108   0.115   0.272
   32   R   0.108   0.104   0.265
   33   D   0.106   0.100   0.255
   34   F   0.099   0.107   0.239
   35   I   0.105   0.099   0.238
   36   D   0.106   0.101   0.231
   37   I   0.107   0.094   0.222
   38   E   0.100   0.099   0.206
   39   S   0.104   0.098   0.201
   40   K   0.100   0.092   0.188
   41   F   0.103   0.095   0.181
   42   A   0.103   0.098   0.171
   43   L   0.098   0.102   0.155
   44   R   0.102   0.099   0.149
   45   T   0.107   0.099   0.146
   46   P   0.104   0.099   0.134
   47   E   0.102   0.100   0.125
   48   D   0.103   0.093   0.118
   49   T   0.103   0.095   0.109
   50   A   0.098   0.099   0.101
   51   E   0.097   0.106   0.098
   52   D   0.102   0.099   0.101
   53   T   0.097   0.100   0.098
   54   C   0.104   0.098   0.101
   55   H   0.103   0.091   0.101
   56   L   0.098   0.099   0.098
   57   I   0.102   0.095   0.100
   58   P   0.100   0.100   0.099
   59   G   0.108   0.097   0.102
   60   V   0.102   0.099   0.100
   61   A   0.110   0.097   0.104
   62   E   0.095   0.098   0.096
   63   S   0.098   0.102   0.098
   64   V   0.098   0.098   0.098
   65   A   0.106   0.097   0.102
   66   T   0.095   0.099   0.096
   67   C   0.103   0.103   0.100
   68   H   0.099   0.097   0.098
   69   F   0.104   0.099   0.101
   70   N   0.101   0.099   0.100
# Measure  Position  Value    Cutoff   signal peptide?
  max. C    21       0.497
  max. Y    21       0.671
  max. S    14       0.942
  mean S     1-20    0.906
       D     1-20    0.797   0.450   YES
Name=LIPL_HUMAN	SP='YES' Cleavage site between pos. 20 and 21: LTA-SR D=0.797 D-cutoff=0.450 Networks=SignalP-noTM
