# SignalP-4.1 euk predictions
# Name=MAGI3_HUMAN	Length=70	Networks=SignalP-TM
# pos  aa    C       S       Y
    1   M   0.101   0.150   0.123
    2   S   0.102   0.148   0.124
    3   K   0.101   0.150   0.123
    4   T   0.102   0.144   0.124
    5   L   0.102   0.157   0.123
    6   K   0.101   0.190   0.123
    7   K   0.100   0.218   0.124
    8   K   0.102   0.257   0.127
    9   K   0.102   0.190   0.130
   10   H   0.103   0.149   0.132
   11   W   0.102   0.129   0.131
   12   L   0.101   0.114   0.130
   13   S   0.100   0.122   0.128
   14   K   0.098   0.146   0.126
   15   V   0.101   0.158   0.128
   16   Q   0.101   0.157   0.128
   17   E   0.102   0.172   0.129
   18   C   0.100   0.149   0.129
   19   A   0.101   0.162   0.129
   20   V   0.095   0.165   0.125
   21   S   0.099   0.147   0.127
   22   W   0.100   0.159   0.126
   23   A   0.101   0.154   0.123
   24   G   0.122   0.114   0.135
   25   P   0.098   0.110   0.120
   26   P   0.099   0.117   0.120
   27   G   0.105   0.118   0.124
   28   D   0.100   0.126   0.120
   29   F   0.101   0.127   0.120
   30   G   0.105   0.122   0.122
   31   A   0.123   0.118   0.131
   32   E   0.101   0.114   0.117
   33   I   0.107   0.107   0.119
   34   R   0.102   0.107   0.115
   35   G   0.106   0.104   0.115
   36   G   0.105   0.107   0.113
   37   A   0.104   0.103   0.110
   38   E   0.101   0.104   0.107
   39   R   0.103   0.106   0.108
   40   G   0.104   0.106   0.108
   41   E   0.101   0.108   0.106
   42   F   0.106   0.105   0.109
   43   P   0.105   0.110   0.107
   44   Y   0.102   0.103   0.105
   45   L   0.104   0.102   0.105
   46   G   0.106   0.100   0.106
   47   R   0.101   0.105   0.103
   48   L   0.107   0.102   0.106
   49   R   0.102   0.098   0.103
   50   E   0.104   0.092   0.104
   51   E   0.104   0.099   0.103
   52   P   0.104   0.097   0.103
   53   G   0.107   0.096   0.104
   54   G   0.102   0.095   0.102
   55   G   0.102   0.095   0.101
   56   T   0.100   0.096   0.100
   57   C   0.103   0.097   0.101
   58   C   0.100   0.094   0.099
   59   V   0.102   0.095   0.100
   60   V   0.101   0.099   0.099
   61   S   0.104   0.102   0.101
   62   G   0.103   0.101   0.100
   63   K   0.100   0.104   0.099
   64   A   0.105   0.101   0.101
   65   P   0.097   0.102   0.098
   66   S   0.104   0.101   0.101
   67   P   0.102   0.102   0.100
   68   G   0.106   0.100   0.102
   69   D   0.099   0.100   0.099
   70   V   0.102   0.104   0.101
# Measure  Position  Value    Cutoff   signal peptide?
  max. C    31       0.123
  max. Y    24       0.135
  max. S     8       0.257
  mean S     1-23    0.160
       D     1-23    0.145   0.500   NO
Name=MAGI3_HUMAN	SP='NO' D=0.145 D-cutoff=0.500 Networks=SignalP-TM
