# SignalP-4.1 euk predictions
# Name=MC4R_HUMAN	Length=70	Networks=SignalP-noTM
# pos  aa    C       S       Y
    1   M   0.101   0.124   0.112
    2   V   0.101   0.114   0.112
    3   N   0.101   0.140   0.111
    4   S   0.104   0.153   0.114
    5   T   0.101   0.146   0.113
    6   H   0.103   0.120   0.114
    7   R   0.102   0.124   0.114
    8   G   0.100   0.116   0.112
    9   M   0.098   0.102   0.111
   10   H   0.103   0.102   0.113
   11   T   0.106   0.098   0.114
   12   S   0.099   0.116   0.110
   13   L   0.098   0.114   0.110
   14   H   0.101   0.105   0.111
   15   L   0.101   0.109   0.111
   16   W   0.100   0.106   0.110
   17   N   0.097   0.110   0.108
   18   R   0.102   0.122   0.110
   19   S   0.104   0.127   0.111
   20   S   0.098   0.113   0.108
   21   Y   0.104   0.115   0.111
   22   R   0.103   0.106   0.110
   23   L   0.102   0.126   0.110
   24   H   0.100   0.127   0.108
   25   S   0.102   0.108   0.110
   26   N   0.103   0.110   0.110
   27   A   0.101   0.137   0.107
   28   S   0.101   0.094   0.108
   29   E   0.107   0.098   0.110
   30   S   0.100   0.085   0.105
   31   L   0.102   0.098   0.106
   32   G   0.103   0.097   0.107
   33   K   0.100   0.096   0.105
   34   G   0.107   0.097   0.108
   35   Y   0.104   0.095   0.107
   36   S   0.108   0.093   0.108
   37   D   0.100   0.090   0.104
   38   G   0.099   0.097   0.103
   39   G   0.103   0.097   0.105
   40   C   0.102   0.097   0.104
   41   Y   0.105   0.095   0.105
   42   E   0.102   0.091   0.102
   43   Q   0.097   0.099   0.100
   44   L   0.101   0.098   0.101
   45   F   0.105   0.093   0.103
   46   V   0.102   0.093   0.101
   47   S   0.103   0.094   0.101
   48   P   0.103   0.098   0.100
   49   E   0.104   0.099   0.100
   50   V   0.106   0.098   0.100
   51   F   0.098   0.094   0.097
   52   V   0.102   0.099   0.099
   53   T   0.100   0.117   0.098
   54   L   0.102   0.121   0.099
   55   G   0.103   0.115   0.100
   56   V   0.101   0.111   0.100
   57   I   0.105   0.104   0.102
   58   S   0.102   0.100   0.101
   59   L   0.102   0.100   0.101
   60   L   0.096   0.098   0.098
   61   E   0.104   0.101   0.102
   62   N   0.103   0.101   0.102
   63   I   0.106   0.097   0.103
   64   L   0.099   0.095   0.100
   65   V   0.104   0.104   0.103
   66   I   0.097   0.105   0.099
   67   V   0.101   0.113   0.101
   68   A   0.101   0.112   0.102
   69   I   0.107   0.100   0.105
   70   A   0.100   0.101   0.102
# Measure  Position  Value    Cutoff   signal peptide?
  max. C    36       0.108
  max. Y    11       0.114
  max. S     4       0.153
  mean S     1-10    0.124
       D     1-10    0.120   0.450   NO
Name=MC4R_HUMAN	SP='NO' D=0.120 D-cutoff=0.450 Networks=SignalP-noTM
