# SignalP-4.1 euk predictions
# Name=MEF2D_HUMAN	Length=70	Networks=SignalP-noTM
# pos  aa    C       S       Y
    1   M   0.102   0.113   0.108
    2   G   0.103   0.113   0.108
    3   R   0.098   0.104   0.105
    4   K   0.104   0.096   0.108
    5   K   0.103   0.102   0.107
    6   I   0.101   0.096   0.106
    7   Q   0.100   0.103   0.105
    8   I   0.107   0.107   0.109
    9   Q   0.099   0.114   0.104
   10   R   0.102   0.116   0.106
   11   I   0.102   0.116   0.106
   12   T   0.101   0.110   0.106
   13   D   0.102   0.129   0.106
   14   E   0.098   0.111   0.104
   15   R   0.097   0.105   0.104
   16   N   0.103   0.100   0.106
   17   R   0.098   0.099   0.104
   18   Q   0.100   0.102   0.105
   19   V   0.099   0.109   0.104
   20   T   0.099   0.108   0.104
   21   F   0.102   0.107   0.105
   22   T   0.094   0.099   0.101
   23   K   0.101   0.105   0.104
   24   R   0.102   0.101   0.105
   25   K   0.101   0.097   0.104
   26   F   0.103   0.091   0.105
   27   G   0.103   0.090   0.105
   28   L   0.101   0.092   0.103
   29   M   0.102   0.093   0.104
   30   K   0.098   0.093   0.101
   31   K   0.106   0.096   0.105
   32   A   0.097   0.094   0.100
   33   Y   0.101   0.100   0.101
   34   E   0.101   0.106   0.101
   35   L   0.099   0.104   0.100
   36   S   0.098   0.100   0.099
   37   V   0.099   0.103   0.099
   38   L   0.100   0.101   0.100
   39   C   0.103   0.102   0.101
   40   D   0.100   0.097   0.100
   41   C   0.101   0.101   0.100
   42   E   0.102   0.089   0.100
   43   I   0.103   0.101   0.101
   44   A   0.100   0.094   0.099
   45   L   0.093   0.084   0.096
   46   I   0.102   0.084   0.100
   47   I   0.097   0.088   0.097
   48   F   0.098   0.086   0.097
   49   N   0.100   0.086   0.098
   50   H   0.095   0.097   0.095
   51   S   0.105   0.107   0.100
   52   N   0.100   0.108   0.098
   53   K   0.101   0.109   0.099
   54   L   0.097   0.104   0.097
   55   F   0.102   0.105   0.100
   56   Q   0.104   0.103   0.101
   57   Y   0.101   0.104   0.099
   58   A   0.095   0.101   0.096
   59   S   0.096   0.103   0.097
   60   T   0.097   0.100   0.097
   61   D   0.102   0.104   0.100
   62   M   0.097   0.101   0.098
   63   D   0.100   0.104   0.099
   64   K   0.096   0.097   0.097
   65   V   0.100   0.100   0.099
   66   L   0.107   0.102   0.103
   67   L   0.105   0.099   0.102
   68   K   0.098   0.100   0.099
   69   Y   0.101   0.096   0.101
   70   T   0.102   0.098   0.102
# Measure  Position  Value    Cutoff   signal peptide?
  max. C     8       0.107
  max. Y    16       0.106
  max. S    13       0.129
  mean S     1-15    0.109
       D     1-15    0.108   0.450   NO
Name=MEF2D_HUMAN	SP='NO' D=0.108 D-cutoff=0.450 Networks=SignalP-noTM
