# SignalP-4.1 euk predictions
# Name=MEMO1_HUMAN	Length=70	Networks=SignalP-noTM
# pos  aa    C       S       Y
    1   M   0.100   0.121   0.110
    2   S   0.103   0.112   0.112
    3   N   0.099   0.113   0.109
    4   R   0.100   0.118   0.110
    5   V   0.104   0.112   0.112
    6   V   0.100   0.117   0.110
    7   C   0.103   0.121   0.111
    8   R   0.102   0.119   0.110
    9   E   0.104   0.111   0.111
   10   A   0.101   0.106   0.109
   11   S   0.097   0.132   0.107
   12   H   0.104   0.144   0.111
   13   A   0.100   0.143   0.109
   14   G   0.097   0.117   0.108
   15   S   0.099   0.113   0.109
   16   W   0.099   0.111   0.109
   17   Y   0.103   0.103   0.111
   18   T   0.100   0.102   0.109
   19   A   0.100   0.107   0.109
   20   S   0.093   0.115   0.104
   21   G   0.107   0.113   0.112
   22   P   0.113   0.111   0.115
   23   Q   0.107   0.107   0.111
   24   L   0.102   0.102   0.108
   25   N   0.103   0.120   0.109
   26   A   0.102   0.124   0.109
   27   Q   0.109   0.116   0.112
   28   L   0.108   0.111   0.112
   29   E   0.105   0.106   0.110
   30   G   0.105   0.104   0.110
   31   W   0.099   0.099   0.106
   32   L   0.104   0.106   0.109
   33   S   0.101   0.105   0.107
   34   Q   0.099   0.100   0.105
   35   V   0.101   0.115   0.105
   36   Q   0.102   0.115   0.105
   37   S   0.103   0.111   0.106
   38   T   0.111   0.107   0.110
   39   K   0.100   0.105   0.104
   40   R   0.098   0.117   0.104
   41   P   0.098   0.110   0.104
   42   A   0.104   0.118   0.107
   43   R   0.098   0.108   0.104
   44   A   0.108   0.109   0.109
   45   I   0.111   0.105   0.111
   46   I   0.108   0.099   0.109
   47   A   0.102   0.090   0.106
   48   P   0.098   0.092   0.103
   49   H   0.110   0.088   0.108
   50   A   0.104   0.102   0.105
   51   G   0.102   0.098   0.103
   52   Y   0.103   0.095   0.104
   53   T   0.104   0.096   0.104
   54   Y   0.107   0.104   0.106
   55   C   0.105   0.108   0.105
   56   G   0.100   0.097   0.102
   57   S   0.100   0.102   0.102
   58   C   0.106   0.103   0.105
   59   A   0.105   0.099   0.104
   60   A   0.099   0.104   0.101
   61   H   0.099   0.106   0.101
   62   A   0.101   0.104   0.101
   63   Y   0.095   0.105   0.098
   64   K   0.108   0.106   0.105
   65   Q   0.099   0.105   0.100
   66   V   0.102   0.101   0.101
   67   D   0.106   0.102   0.103
   68   P   0.100   0.102   0.100
   69   S   0.104   0.102   0.102
   70   I   0.107   0.102   0.104
# Measure  Position  Value    Cutoff   signal peptide?
  max. C    22       0.113
  max. Y    22       0.115
  max. S    12       0.144
  mean S     1-21    0.117
       D     1-21    0.116   0.450   NO
Name=MEMO1_HUMAN	SP='NO' D=0.116 D-cutoff=0.450 Networks=SignalP-noTM
