# SignalP-4.1 euk predictions
# Name=MIRO1_HUMAN	Length=70	Networks=SignalP-noTM
# pos  aa    C       S       Y
    1   M   0.101   0.128   0.114
    2   K   0.100   0.123   0.113
    3   K   0.100   0.117   0.113
    4   D   0.103   0.125   0.114
    5   V   0.101   0.129   0.113
    6   R   0.102   0.122   0.114
    7   I   0.107   0.107   0.117
    8   L   0.098   0.106   0.111
    9   L   0.104   0.105   0.114
   10   V   0.102   0.094   0.112
   11   G   0.102   0.092   0.112
   12   E   0.103   0.076   0.112
   13   P   0.100   0.080   0.109
   14   R   0.104   0.090   0.110
   15   V   0.106   0.091   0.110
   16   G   0.095   0.086   0.104
   17   K   0.097   0.093   0.103
   18   T   0.097   0.096   0.103
   19   S   0.116   0.114   0.112
   20   L   0.101   0.114   0.104
   21   I   0.100   0.111   0.103
   22   M   0.101   0.103   0.103
   23   S   0.103   0.104   0.104
   24   L   0.101   0.102   0.102
   25   V   0.100   0.104   0.101
   26   S   0.104   0.137   0.103
   27   E   0.105   0.116   0.104
   28   E   0.100   0.107   0.101
   29   F   0.104   0.101   0.102
   30   P   0.101   0.117   0.101
   31   E   0.103   0.107   0.102
   32   E   0.100   0.104   0.101
   33   V   0.101   0.110   0.102
   34   P   0.100   0.115   0.102
   35   P   0.101   0.124   0.103
   36   R   0.102   0.109   0.104
   37   A   0.109   0.107   0.108
   38   E   0.099   0.116   0.104
   39   E   0.098   0.110   0.104
   40   I   0.101   0.111   0.105
   41   T   0.104   0.108   0.107
   42   I   0.111   0.102   0.111
   43   P   0.104   0.101   0.107
   44   A   0.107   0.107   0.108
   45   D   0.100   0.100   0.105
   46   V   0.105   0.095   0.107
   47   T   0.099   0.095   0.104
   48   P   0.107   0.094   0.108
   49   E   0.103   0.094   0.105
   50   R   0.102   0.094   0.104
   51   V   0.105   0.093   0.105
   52   P   0.101   0.094   0.103
   53   T   0.102   0.094   0.103
   54   H   0.102   0.095   0.103
   55   I   0.105   0.097   0.104
   56   V   0.099   0.110   0.101
   57   D   0.100   0.101   0.101
   58   Y   0.100   0.105   0.100
   59   S   0.103   0.106   0.102
   60   E   0.107   0.109   0.104
   61   A   0.103   0.106   0.102
   62   E   0.101   0.109   0.101
   63   Q   0.102   0.108   0.101
   64   S   0.103   0.111   0.102
   65   D   0.102   0.108   0.102
   66   E   0.103   0.106   0.102
   67   Q   0.096   0.106   0.098
   68   L   0.103   0.107   0.102
   69   H   0.105   0.105   0.104
   70   Q   0.102   0.107   0.102
# Measure  Position  Value    Cutoff   signal peptide?
  max. C    19       0.116
  max. Y    19       0.112
  max. S    26       0.137
  mean S     1-18    0.103
       D     1-18    0.107   0.450   NO
Name=MIRO1_HUMAN	SP='NO' D=0.107 D-cutoff=0.450 Networks=SignalP-noTM
