# SignalP-4.1 euk predictions
# Name=MMSA_HUMAN	Length=70	Networks=SignalP-TM
# pos  aa    C       S       Y
    1   M   0.104   0.469   0.221
    2   A   0.105   0.453   0.222
    3   A   0.100   0.434   0.216
    4   L   0.100   0.432   0.216
    5   L   0.104   0.418   0.220
    6   A   0.104   0.365   0.218
    7   A   0.102   0.347   0.215
    8   A   0.103   0.380   0.214
    9   A   0.100   0.358   0.209
   10   V   0.101   0.352   0.208
   11   R   0.104   0.351   0.209
   12   A   0.104   0.367   0.207
   13   R   0.113   0.235   0.214
   14   I   0.104   0.264   0.201
   15   L   0.104   0.217   0.197
   16   Q   0.103   0.200   0.191
   17   V   0.110   0.228   0.192
   18   S   0.105   0.222   0.184
   19   S   0.104   0.220   0.179
   20   K   0.194   0.152   0.238
   21   V   0.108   0.139   0.173
   22   K   0.102   0.146   0.164
   23   S   0.102   0.146   0.159
   24   S   0.159   0.112   0.192
   25   P   0.102   0.119   0.148
   26   T   0.105   0.129   0.144
   27   W   0.099   0.135   0.134
   28   Y   0.102   0.154   0.133
   29   S   0.102   0.147   0.130
   30   A   0.100   0.119   0.127
   31   S   0.096   0.123   0.122
   32   S   0.103   0.116   0.123
   33   F   0.099   0.114   0.118
   34   S   0.106   0.110   0.118
   35   S   0.103   0.099   0.115
   36   S   0.100   0.087   0.112
   37   V   0.101   0.090   0.111
   38   P   0.102   0.093   0.110
   39   T   0.106   0.089   0.111
   40   V   0.101   0.094   0.108
   41   K   0.104   0.096   0.108
   42   L   0.102   0.090   0.106
   43   F   0.105   0.091   0.105
   44   I   0.103   0.085   0.102
   45   G   0.107   0.092   0.103
   46   G   0.102   0.085   0.099
   47   K   0.103   0.087   0.098
   48   F   0.105   0.092   0.098
   49   V   0.103   0.094   0.097
   50   E   0.100   0.099   0.095
   51   S   0.102   0.107   0.096
   52   K   0.101   0.105   0.097
   53   S   0.103   0.106   0.098
   54   D   0.104   0.100   0.099
   55   K   0.100   0.099   0.097
   56   W   0.101   0.102   0.098
   57   I   0.100   0.101   0.098
   58   D   0.101   0.102   0.099
   59   I   0.103   0.103   0.100
   60   H   0.100   0.105   0.100
   61   N   0.103   0.106   0.102
   62   P   0.102   0.105   0.102
   63   A   0.103   0.105   0.103
   64   T   0.100   0.102   0.102
   65   N   0.105   0.103   0.104
   66   E   0.098   0.104   0.101
   67   V   0.103   0.105   0.103
   68   I   0.104   0.105   0.104
   69   G   0.105   0.103   0.104
   70   R   0.098   0.103   0.101
# Measure  Position  Value    Cutoff   signal peptide?
  max. C    20       0.194
  max. Y    20       0.238
  max. S     1       0.469
  mean S     1-19    0.332
       D     1-19    0.276   0.500   NO
Name=MMSA_HUMAN	SP='NO' D=0.276 D-cutoff=0.500 Networks=SignalP-TM
