# SignalP-4.1 euk predictions
# Name=MTF1_HUMAN	Length=70	Networks=SignalP-TM
# pos  aa    C       S       Y
    1   M   0.102   0.112   0.107
    2   G   0.103   0.104   0.107
    3   E   0.101   0.092   0.106
    4   H   0.102   0.090   0.106
    5   S   0.101   0.090   0.105
    6   P   0.099   0.082   0.103
    7   D   0.100   0.085   0.102
    8   N   0.102   0.085   0.102
    9   N   0.102   0.084   0.101
   10   I   0.101   0.080   0.100
   11   I   0.101   0.062   0.099
   12   Y   0.103   0.047   0.098
   13   F   0.101   0.063   0.095
   14   E   0.104   0.092   0.094
   15   A   0.104   0.108   0.093
   16   E   0.099   0.106   0.091
   17   E   0.101   0.116   0.092
   18   D   0.101   0.108   0.092
   19   E   0.102   0.106   0.094
   20   L   0.101   0.109   0.094
   21   T   0.101   0.111   0.095
   22   P   0.101   0.109   0.096
   23   D   0.104   0.107   0.098
   24   D   0.100   0.109   0.097
   25   K   0.102   0.106   0.099
   26   M   0.101   0.105   0.101
   27   L   0.101   0.110   0.102
   28   R   0.100   0.106   0.104
   29   F   0.103   0.107   0.105
   30   V   0.104   0.107   0.106
   31   D   0.103   0.106   0.106
   32   K   0.105   0.100   0.106
   33   N   0.100   0.095   0.103
   34   G   0.105   0.088   0.106
   35   L   0.098   0.087   0.101
   36   V   0.102   0.086   0.103
   37   P   0.101   0.087   0.101
   38   S   0.104   0.088   0.102
   39   S   0.098   0.094   0.098
   40   S   0.103   0.098   0.100
   41   G   0.100   0.093   0.099
   42   T   0.114   0.090   0.104
   43   V   0.100   0.080   0.097
   44   Y   0.101   0.085   0.097
   45   D   0.102   0.087   0.096
   46   R   0.098   0.089   0.094
   47   T   0.104   0.097   0.096
   48   T   0.103   0.093   0.096
   49   V   0.102   0.093   0.095
   50   L   0.103   0.086   0.096
   51   I   0.103   0.090   0.096
   52   E   0.101   0.092   0.096
   53   Q   0.104   0.099   0.097
   54   D   0.106   0.100   0.098
   55   P   0.105   0.098   0.098
   56   G   0.105   0.099   0.098
   57   T   0.099   0.099   0.096
   58   L   0.103   0.102   0.098
   59   E   0.101   0.105   0.098
   60   D   0.101   0.109   0.098
   61   E   0.099   0.111   0.098
   62   D   0.101   0.113   0.100
   63   D   0.102   0.111   0.101
   64   D   0.103   0.110   0.102
   65   G   0.102   0.110   0.103
   66   Q   0.101   0.111   0.103
   67   C   0.105   0.108   0.105
   68   G   0.101   0.110   0.103
   69   E   0.101   0.110   0.104
   70   H   0.101   0.112   0.104
# Measure  Position  Value    Cutoff   signal peptide?
  max. C    42       0.114
  max. Y    32       0.106
  max. S    17       0.116
  mean S     1-31    0.097
       D     1-31    0.103   0.500   NO
Name=MTF1_HUMAN	SP='NO' D=0.103 D-cutoff=0.500 Networks=SignalP-TM
