# SignalP-4.1 euk predictions
# Name=NALP8_HUMAN	Length=70	Networks=SignalP-noTM
# pos  aa    C       S       Y
    1   M   0.100   0.103   0.101
    2   S   0.102   0.099   0.102
    3   D   0.101   0.098   0.102
    4   V   0.100   0.098   0.101
    5   N   0.100   0.092   0.101
    6   P   0.102   0.095   0.102
    7   P   0.098   0.101   0.100
    8   S   0.106   0.091   0.104
    9   D   0.102   0.093   0.101
   10   T   0.096   0.090   0.098
   11   P   0.099   0.101   0.099
   12   I   0.104   0.094   0.102
   13   P   0.103   0.090   0.101
   14   F   0.103   0.096   0.101
   15   S   0.102   0.099   0.100
   16   S   0.100   0.094   0.099
   17   S   0.097   0.100   0.097
   18   S   0.101   0.098   0.099
   19   T   0.098   0.098   0.098
   20   H   0.097   0.100   0.097
   21   S   0.099   0.099   0.098
   22   S   0.111   0.090   0.104
   23   H   0.098   0.092   0.097
   24   I   0.098   0.091   0.097
   25   P   0.098   0.086   0.097
   26   P   0.097   0.092   0.096
   27   W   0.100   0.098   0.097
   28   T   0.106   0.095   0.100
   29   F   0.097   0.095   0.096
   30   S   0.100   0.103   0.097
   31   C   0.105   0.103   0.100
   32   Y   0.106   0.104   0.101
   33   P   0.103   0.107   0.100
   34   G   0.105   0.098   0.101
   35   S   0.101   0.094   0.099
   36   P   0.103   0.103   0.100
   37   C   0.105   0.111   0.101
   38   E   0.111   0.089   0.104
   39   N   0.097   0.095   0.097
   40   G   0.105   0.095   0.101
   41   V   0.098   0.096   0.098
   42   M   0.105   0.095   0.101
   43   L   0.104   0.093   0.101
   44   Y   0.095   0.100   0.096
   45   M   0.100   0.100   0.098
   46   R   0.109   0.099   0.103
   47   N   0.109   0.092   0.103
   48   V   0.099   0.091   0.099
   49   S   0.103   0.098   0.101
   50   H   0.104   0.092   0.101
   51   E   0.098   0.092   0.098
   52   E   0.103   0.091   0.100
   53   L   0.101   0.092   0.099
   54   Q   0.097   0.092   0.097
   55   R   0.103   0.094   0.100
   56   F   0.103   0.098   0.099
   57   K   0.104   0.099   0.100
   58   Q   0.102   0.095   0.099
   59   L   0.106   0.091   0.100
   60   L   0.101   0.095   0.098
   61   L   0.104   0.092   0.099
   62   T   0.100   0.089   0.097
   63   E   0.101   0.092   0.098
   64   L   0.103   0.092   0.099
   65   S   0.101   0.089   0.098
   66   T   0.100   0.091   0.097
   67   G   0.102   0.093   0.097
   68   T   0.091   0.093   0.092
   69   M   0.100   0.094   0.097
   70   P   0.100   0.096   0.096
# Measure  Position  Value    Cutoff   signal peptide?
  max. C    38       0.111
  max. Y    38       0.104
  max. S    37       0.111
  mean S     1-37    0.097
       D     1-37    0.100   0.450   NO
Name=NALP8_HUMAN	SP='NO' D=0.100 D-cutoff=0.450 Networks=SignalP-noTM
