# SignalP-4.1 euk predictions
# Name=NANP_HUMAN	Length=70	Networks=SignalP-TM
# pos  aa    C       S       Y
    1   M   0.102   0.285   0.170
    2   G   0.103   0.248   0.172
    3   L   0.099   0.243   0.168
    4   S   0.104   0.252   0.170
    5   R   0.101   0.206   0.168
    6   V   0.103   0.156   0.167
    7   R   0.101   0.159   0.162
    8   A   0.106   0.138   0.164
    9   V   0.105   0.122   0.160
   10   F   0.102   0.123   0.154
   11   F   0.102   0.115   0.150
   12   D   0.100   0.090   0.144
   13   L   0.101   0.138   0.140
   14   D   0.103   0.157   0.138
   15   N   0.101   0.227   0.133
   16   T   0.103   0.233   0.132
   17   L   0.101   0.190   0.130
   18   I   0.103   0.202   0.130
   19   D   0.104   0.150   0.130
   20   T   0.100   0.195   0.125
   21   A   0.109   0.219   0.132
   22   G   0.103   0.172   0.130
   23   A   0.112   0.155   0.137
   24   S   0.154   0.115   0.162
   25   R   0.103   0.108   0.132
   26   R   0.102   0.105   0.131
   27   G   0.102   0.099   0.131
   28   M   0.101   0.104   0.129
   29   L   0.101   0.098   0.128
   30   E   0.102   0.099   0.125
   31   V   0.103   0.095   0.122
   32   I   0.102   0.092   0.118
   33   K   0.104   0.097   0.116
   34   L   0.104   0.096   0.114
   35   L   0.105   0.098   0.111
   36   Q   0.102   0.097   0.106
   37   S   0.102   0.096   0.103
   38   K   0.104   0.098   0.102
   39   Y   0.102   0.096   0.100
   40   H   0.103   0.100   0.100
   41   Y   0.100   0.105   0.099
   42   K   0.097   0.105   0.098
   43   E   0.100   0.105   0.099
   44   E   0.098   0.105   0.098
   45   A   0.098   0.108   0.099
   46   E   0.096   0.101   0.098
   47   I   0.103   0.107   0.102
   48   I   0.099   0.106   0.100
   49   C   0.104   0.110   0.103
   50   D   0.101   0.104   0.102
   51   K   0.103   0.110   0.103
   52   V   0.104   0.101   0.104
   53   Q   0.105   0.102   0.105
   54   V   0.105   0.101   0.105
   55   K   0.099   0.101   0.102
   56   L   0.104   0.100   0.104
   57   S   0.101   0.102   0.103
   58   K   0.099   0.102   0.102
   59   E   0.103   0.099   0.104
   60   C   0.099   0.099   0.101
   61   F   0.102   0.099   0.103
   62   H   0.101   0.100   0.102
   63   P   0.101   0.099   0.101
   64   Y   0.102   0.097   0.102
   65   N   0.100   0.101   0.100
   66   T   0.100   0.101   0.100
   67   C   0.100   0.102   0.100
   68   I   0.100   0.101   0.100
   69   T   0.100   0.103   0.100
   70   D   0.103   0.101   0.102
# Measure  Position  Value    Cutoff   signal peptide?
  max. C    24       0.154
  max. Y    24       0.162
  max. S     1       0.285
  mean S     1-23    0.182
       D     1-23    0.170   0.500   NO
Name=NANP_HUMAN	SP='NO' D=0.170 D-cutoff=0.500 Networks=SignalP-TM
