# SignalP-4.1 euk predictions
# Name=NEUM_HUMAN	Length=70	Networks=SignalP-TM
# pos  aa    C       S       Y
    1   M   0.102   0.088   0.095
    2   L   0.102   0.087   0.095
    3   C   0.102   0.095   0.095
    4   C   0.102   0.089   0.095
    5   M   0.103   0.103   0.095
    6   R   0.099   0.120   0.094
    7   R   0.102   0.119   0.097
    8   T   0.102   0.095   0.098
    9   K   0.101   0.103   0.098
   10   Q   0.100   0.113   0.098
   11   V   0.102   0.092   0.100
   12   E   0.099   0.066   0.098
   13   K   0.101   0.064   0.098
   14   N   0.102   0.078   0.098
   15   D   0.101   0.088   0.097
   16   D   0.102   0.108   0.098
   17   D   0.100   0.106   0.097
   18   Q   0.099   0.108   0.097
   19   K   0.102   0.104   0.100
   20   I   0.099   0.111   0.098
   21   E   0.102   0.106   0.099
   22   Q   0.100   0.114   0.098
   23   D   0.100   0.115   0.099
   24   G   0.100   0.118   0.099
   25   I   0.097   0.110   0.097
   26   K   0.101   0.112   0.100
   27   P   0.101   0.116   0.102
   28   E   0.102   0.118   0.104
   29   D   0.105   0.112   0.107
   30   K   0.104   0.111   0.107
   31   A   0.103   0.117   0.107
   32   H   0.095   0.111   0.103
   33   K   0.104   0.112   0.108
   34   A   0.103   0.109   0.108
   35   A   0.101   0.108   0.107
   36   T   0.098   0.107   0.105
   37   K   0.103   0.110   0.107
   38   I   0.105   0.102   0.108
   39   Q   0.103   0.107   0.107
   40   A   0.103   0.104   0.107
   41   S   0.099   0.103   0.104
   42   F   0.104   0.101   0.106
   43   R   0.101   0.098   0.104
   44   G   0.103   0.103   0.105
   45   H   0.099   0.106   0.103
   46   I   0.104   0.098   0.105
   47   T   0.102   0.103   0.104
   48   R   0.101   0.103   0.102
   49   K   0.100   0.105   0.102
   50   K   0.102   0.107   0.103
   51   L   0.102   0.107   0.103
   52   K   0.102   0.110   0.103
   53   G   0.102   0.107   0.103
   54   E   0.102   0.108   0.103
   55   K   0.105   0.108   0.104
   56   K   0.101   0.106   0.103
   57   D   0.102   0.105   0.104
   58   D   0.101   0.105   0.103
   59   V   0.104   0.105   0.105
   60   Q   0.105   0.104   0.105
   61   A   0.105   0.108   0.106
   62   A   0.097   0.108   0.101
   63   E   0.100   0.107   0.103
   64   A   0.103   0.110   0.105
   65   E   0.097   0.111   0.102
   66   A   0.105   0.109   0.106
   67   N   0.094   0.109   0.100
   68   K   0.105   0.108   0.106
   69   K   0.101   0.109   0.104
   70   D   0.105   0.108   0.106
# Measure  Position  Value    Cutoff   signal peptide?
  max. C    61       0.105
  max. Y    38       0.108
  max. S     6       0.120
  mean S     1-37    0.104
       D     1-37    0.107   0.500   NO
Name=NEUM_HUMAN	SP='NO' D=0.107 D-cutoff=0.500 Networks=SignalP-TM
