# SignalP-4.1 euk predictions
# Name=NHP2_HUMAN	Length=70	Networks=SignalP-TM
# pos  aa    C       S       Y
    1   M   0.102   0.082   0.091
    2   T   0.101   0.079   0.091
    3   K   0.102   0.083   0.091
    4   I   0.103   0.077   0.091
    5   K   0.102   0.077   0.091
    6   A   0.102   0.080   0.091
    7   D   0.106   0.089   0.093
    8   P   0.104   0.105   0.092
    9   D   0.101   0.112   0.092
   10   G   0.103   0.113   0.094
   11   P   0.100   0.126   0.094
   12   E   0.104   0.137   0.097
   13   A   0.104   0.163   0.099
   14   Q   0.098   0.118   0.099
   15   A   0.103   0.124   0.103
   16   E   0.100   0.112   0.103
   17   A   0.104   0.112   0.106
   18   C   0.101   0.110   0.106
   19   S   0.104   0.107   0.108
   20   G   0.100   0.106   0.107
   21   E   0.101   0.107   0.109
   22   R   0.102   0.107   0.110
   23   T   0.103   0.109   0.110
   24   Y   0.103   0.105   0.110
   25   Q   0.102   0.103   0.109
   26   E   0.104   0.104   0.110
   27   L   0.102   0.100   0.107
   28   L   0.103   0.102   0.106
   29   V   0.103   0.096   0.105
   30   N   0.104   0.098   0.105
   31   Q   0.103   0.099   0.104
   32   N   0.100   0.098   0.102
   33   P   0.106   0.096   0.104
   34   I   0.106   0.090   0.104
   35   A   0.102   0.095   0.101
   36   Q   0.097   0.094   0.099
   37   P   0.100   0.106   0.100
   38   L   0.101   0.100   0.100
   39   A   0.104   0.111   0.101
   40   S   0.099   0.103   0.099
   41   R   0.099   0.102   0.099
   42   R   0.102   0.097   0.101
   43   L   0.102   0.105   0.101
   44   T   0.104   0.099   0.102
   45   R   0.102   0.099   0.101
   46   K   0.106   0.098   0.103
   47   L   0.102   0.097   0.101
   48   Y   0.102   0.095   0.101
   49   K   0.101   0.096   0.101
   50   C   0.104   0.092   0.102
   51   I   0.101   0.095   0.101
   52   K   0.103   0.100   0.101
   53   K   0.100   0.100   0.099
   54   A   0.103   0.101   0.101
   55   V   0.098   0.101   0.098
   56   K   0.104   0.100   0.101
   57   Q   0.099   0.097   0.098
   58   K   0.100   0.100   0.099
   59   Q   0.103   0.103   0.100
   60   I   0.104   0.102   0.101
   61   R   0.099   0.103   0.099
   62   R   0.104   0.101   0.101
   63   G   0.101   0.102   0.100
   64   V   0.097   0.104   0.099
   65   K   0.105   0.101   0.103
   66   E   0.103   0.101   0.102
   67   V   0.098   0.104   0.100
   68   Q   0.101   0.106   0.101
   69   K   0.106   0.104   0.104
   70   F   0.098   0.103   0.100
# Measure  Position  Value    Cutoff   signal peptide?
  max. C    33       0.106
  max. Y    24       0.110
  max. S    13       0.163
  mean S     1-23    0.106
       D     1-23    0.109   0.500   NO
Name=NHP2_HUMAN	SP='NO' D=0.109 D-cutoff=0.500 Networks=SignalP-TM
