# SignalP-4.1 euk predictions
# Name=NINL_HUMAN	Length=70	Networks=SignalP-TM
# pos  aa    C       S       Y
    1   M   0.101   0.096   0.099
    2   D   0.102   0.092   0.099
    3   E   0.102   0.090   0.099
    4   E   0.101   0.087   0.098
    5   E   0.102   0.083   0.098
    6   N   0.101   0.082   0.098
    7   H   0.100   0.094   0.096
    8   Y   0.101   0.089   0.097
    9   V   0.101   0.083   0.097
   10   S   0.104   0.078   0.097
   11   Q   0.102   0.076   0.096
   12   L   0.100   0.065   0.094
   13   R   0.101   0.098   0.093
   14   E   0.105   0.093   0.095
   15   V   0.100   0.092   0.093
   16   Y   0.101   0.093   0.093
   17   S   0.105   0.093   0.095
   18   S   0.102   0.097   0.094
   19   C   0.098   0.102   0.092
   20   D   0.100   0.096   0.094
   21   T   0.098   0.102   0.093
   22   T   0.104   0.094   0.097
   23   G   0.102   0.103   0.096
   24   T   0.100   0.101   0.096
   25   G   0.103   0.105   0.098
   26   F   0.101   0.106   0.098
   27   L   0.103   0.103   0.101
   28   D   0.103   0.097   0.101
   29   R   0.103   0.102   0.101
   30   Q   0.105   0.100   0.102
   31   E   0.106   0.098   0.103
   32   L   0.103   0.099   0.102
   33   T   0.104   0.097   0.102
   34   Q   0.102   0.093   0.101
   35   L   0.102   0.098   0.101
   36   C   0.100   0.099   0.100
   37   L   0.101   0.100   0.100
   38   K   0.102   0.098   0.101
   39   L   0.100   0.096   0.100
   40   H   0.103   0.101   0.101
   41   L   0.102   0.117   0.100
   42   E   0.102   0.110   0.101
   43   Q   0.099   0.100   0.100
   44   Q   0.100   0.093   0.100
   45   L   0.100   0.092   0.100
   46   P   0.102   0.105   0.101
   47   V   0.098   0.111   0.099
   48   L   0.099   0.098   0.100
   49   L   0.101   0.117   0.101
   50   Q   0.100   0.098   0.101
   51   T   0.105   0.099   0.104
   52   L   0.102   0.110   0.102
   53   L   0.101   0.110   0.102
   54   G   0.100   0.107   0.102
   55   N   0.100   0.095   0.102
   56   D   0.101   0.095   0.102
   57   H   0.101   0.101   0.101
   58   F   0.102   0.099   0.102
   59   A   0.100   0.104   0.101
   60   R   0.095   0.100   0.099
   61   V   0.100   0.103   0.101
   62   N   0.098   0.103   0.100
   63   F   0.102   0.103   0.103
   64   E   0.101   0.105   0.102
   65   E   0.101   0.105   0.102
   66   F   0.103   0.105   0.103
   67   K   0.101   0.102   0.102
   68   E   0.103   0.104   0.102
   69   G   0.105   0.103   0.103
   70   F   0.100   0.104   0.101
# Measure  Position  Value    Cutoff   signal peptide?
  max. C    31       0.106
  max. Y    51       0.104
  max. S    49       0.117
  mean S     1-50    0.096
       D     1-50    0.101   0.500   NO
Name=NINL_HUMAN	SP='NO' D=0.101 D-cutoff=0.500 Networks=SignalP-TM
