# SignalP-4.1 euk predictions
# Name=NKG7_HUMAN	Length=70	Networks=SignalP-noTM
# pos  aa    C       S       Y
    1   M   0.102   0.873   0.298
    2   E   0.104   0.891   0.301
    3   L   0.101   0.916   0.298
    4   C   0.102   0.921   0.298
    5   R   0.101   0.921   0.298
    6   S   0.105   0.919   0.305
    7   L   0.101   0.923   0.298
    8   A   0.105   0.939   0.305
    9   L   0.098   0.944   0.296
   10   L   0.101   0.923   0.300
   11   G   0.099   0.923   0.297
   12   G   0.103   0.922   0.303
   13   S   0.103   0.946   0.304
   14   L   0.100   0.948   0.300
   15   G   0.100   0.951   0.300
   16   L   0.178   0.920   0.402
   17   M   0.099   0.937   0.300
   18   F   0.101   0.931   0.303
   19   C   0.107   0.904   0.312
   20   L   0.124   0.850   0.337
   21   I   0.104   0.901   0.308
   22   A   0.104   0.813   0.309
   23   L   0.135   0.686   0.352
   24   S   0.110   0.732   0.315
   25   T   0.304   0.613   0.522
   26   D   0.124   0.510   0.331
   27   F   0.116   0.417   0.317
   28   W   0.115   0.386   0.311
   29   F   0.103   0.450   0.291
   30   E   0.106   0.416   0.291
   31   A   0.106   0.494   0.287
   32   V   0.121   0.230   0.302
   33   G   0.104   0.193   0.274
   34   P   0.111   0.128   0.276
   35   T   0.131   0.111   0.292
   36   H   0.100   0.108   0.248
   37   S   0.101   0.154   0.241
   38   A   0.155   0.131   0.290
   39   H   0.102   0.117   0.227
   40   S   0.105   0.109   0.222
   41   G   0.117   0.110   0.224
   42   L   0.098   0.096   0.197
   43   W   0.102   0.102   0.191
   44   P   0.100   0.102   0.180
   45   T   0.103   0.104   0.173
   46   G   0.105   0.100   0.166
   47   H   0.102   0.111   0.155
   48   G   0.105   0.105   0.150
   49   D   0.116   0.115   0.150
   50   I   0.104   0.120   0.137
   51   I   0.104   0.117   0.133
   52   S   0.102   0.109   0.125
   53   G   0.099   0.113   0.117
   54   Y   0.103   0.111   0.112
   55   I   0.105   0.118   0.111
   56   H   0.102   0.125   0.108
   57   V   0.100   0.125   0.106
   58   T   0.099   0.118   0.106
   59   Q   0.104   0.107   0.109
   60   T   0.101   0.106   0.106
   61   F   0.128   0.103   0.119
   62   S   0.101   0.113   0.105
   63   I   0.097   0.117   0.104
   64   M   0.105   0.101   0.108
   65   A   0.103   0.100   0.107
   66   V   0.096   0.104   0.103
   67   L   0.103   0.099   0.107
   68   W   0.102   0.100   0.106
   69   A   0.099   0.099   0.105
   70   L   0.101   0.102   0.106
# Measure  Position  Value    Cutoff   signal peptide?
  max. C    25       0.304
  max. Y    25       0.522
  max. S    15       0.951
  mean S     1-24    0.897
       D     1-24    0.725   0.450   YES
Name=NKG7_HUMAN	SP='YES' Cleavage site between pos. 24 and 25: ALS-TD D=0.725 D-cutoff=0.450 Networks=SignalP-noTM
