# SignalP-4.1 euk predictions
# Name=NLRP3_HUMAN	Length=70	Networks=SignalP-noTM
# pos  aa    C       S       Y
    1   M   0.100   0.126   0.112
    2   K   0.101   0.146   0.113
    3   M   0.104   0.108   0.115
    4   A   0.103   0.098   0.114
    5   S   0.099   0.097   0.111
    6   T   0.101   0.088   0.112
    7   R   0.099   0.092   0.110
    8   C   0.104   0.088   0.112
    9   K   0.100   0.090   0.109
   10   L   0.102   0.084   0.109
   11   A   0.102   0.087   0.108
   12   R   0.100   0.097   0.107
   13   Y   0.106   0.072   0.109
   14   L   0.098   0.074   0.104
   15   E   0.106   0.078   0.106
   16   D   0.103   0.069   0.104
   17   L   0.096   0.080   0.099
   18   E   0.099   0.087   0.099
   19   D   0.101   0.086   0.100
   20   V   0.099   0.088   0.098
   21   D   0.099   0.088   0.097
   22   L   0.102   0.099   0.097
   23   K   0.104   0.088   0.098
   24   K   0.100   0.093   0.095
   25   F   0.101   0.087   0.094
   26   K   0.095   0.082   0.091
   27   M   0.101   0.094   0.093
   28   H   0.106   0.091   0.095
   29   L   0.096   0.100   0.091
   30   E   0.099   0.100   0.092
   31   D   0.100   0.099   0.093
   32   Y   0.097   0.091   0.092
   33   P   0.098   0.094   0.093
   34   P   0.103   0.100   0.095
   35   Q   0.102   0.104   0.095
   36   K   0.103   0.102   0.096
   37   G   0.098   0.104   0.094
   38   C   0.097   0.098   0.095
   39   I   0.102   0.101   0.098
   40   P   0.101   0.098   0.098
   41   L   0.101   0.102   0.098
   42   P   0.101   0.104   0.098
   43   R   0.106   0.102   0.101
   44   G   0.109   0.099   0.103
   45   Q   0.094   0.102   0.096
   46   T   0.100   0.099   0.099
   47   E   0.105   0.097   0.102
   48   K   0.102   0.101   0.100
   49   A   0.098   0.101   0.098
   50   D   0.100   0.095   0.100
   51   H   0.102   0.095   0.101
   52   V   0.100   0.099   0.100
   53   D   0.102   0.091   0.101
   54   L   0.107   0.089   0.103
   55   A   0.099   0.099   0.099
   56   T   0.097   0.103   0.098
   57   L   0.105   0.102   0.102
   58   M   0.096   0.100   0.098
   59   I   0.106   0.099   0.103
   60   D   0.106   0.098   0.102
   61   F   0.102   0.098   0.100
   62   N   0.103   0.092   0.101
   63   G   0.102   0.096   0.100
   64   E   0.094   0.102   0.096
   65   E   0.102   0.102   0.100
   66   K   0.100   0.102   0.099
   67   A   0.098   0.105   0.098
   68   W   0.094   0.107   0.096
   69   A   0.104   0.109   0.101
   70   M   0.117   0.107   0.108
# Measure  Position  Value    Cutoff   signal peptide?
  max. C    70       0.117
  max. Y    13       0.109
  max. S     2       0.146
  mean S     1-12    0.100
       D     1-12    0.104   0.450   NO
Name=NLRP3_HUMAN	SP='NO' D=0.104 D-cutoff=0.450 Networks=SignalP-noTM
