# SignalP-4.1 euk predictions
# Name=NPAT_HUMAN	Length=70	Networks=SignalP-TM
# pos  aa    C       S       Y
    1   M   0.102   0.275   0.168
    2   L   0.102   0.230   0.167
    3   L   0.102   0.213   0.166
    4   P   0.102   0.205   0.165
    5   S   0.104   0.194   0.165
    6   D   0.102   0.170   0.162
    7   V   0.105   0.155   0.161
    8   A   0.102   0.138   0.157
    9   R   0.097   0.157   0.150
   10   L   0.101   0.162   0.150
   11   V   0.101   0.186   0.147
   12   L   0.103   0.205   0.146
   13   G   0.101   0.191   0.143
   14   Y   0.115   0.189   0.150
   15   L   0.106   0.207   0.143
   16   Q   0.105   0.178   0.140
   17   Q   0.101   0.149   0.136
   18   E   0.113   0.124   0.141
   19   N   0.098   0.115   0.130
   20   L   0.100   0.130   0.129
   21   I   0.102   0.129   0.129
   22   S   0.103   0.098   0.129
   23   T   0.103   0.107   0.128
   24   C   0.108   0.115   0.130
   25   Q   0.107   0.099   0.127
   26   T   0.103   0.091   0.122
   27   F   0.129   0.086   0.133
   28   I   0.101   0.085   0.115
   29   L   0.101   0.089   0.111
   30   E   0.098   0.098   0.106
   31   S   0.100   0.106   0.104
   32   S   0.103   0.111   0.104
   33   D   0.101   0.112   0.103
   34   L   0.102   0.114   0.103
   35   K   0.100   0.114   0.101
   36   E   0.100   0.116   0.101
   37   Y   0.103   0.122   0.103
   38   A   0.102   0.121   0.103
   39   E   0.104   0.110   0.104
   40   H   0.100   0.109   0.103
   41   C   0.098   0.104   0.102
   42   T   0.100   0.094   0.104
   43   D   0.102   0.090   0.105
   44   E   0.098   0.080   0.103
   45   G   0.101   0.081   0.104
   46   F   0.097   0.065   0.101
   47   I   0.106   0.066   0.104
   48   P   0.107   0.069   0.103
   49   A   0.105   0.059   0.100
   50   C   0.099   0.056   0.095
   51   L   0.106   0.048   0.096
   52   L   0.102   0.057   0.091
   53   S   0.102   0.060   0.089
   54   L   0.100   0.077   0.086
   55   F   0.106   0.088   0.087
   56   G   0.104   0.100   0.086
   57   K   0.102   0.101   0.085
   58   N   0.101   0.109   0.085
   59   L   0.102   0.104   0.087
   60   T   0.101   0.104   0.087
   61   T   0.100   0.101   0.089
   62   I   0.102   0.084   0.091
   63   L   0.099   0.086   0.090
   64   N   0.099   0.105   0.091
   65   E   0.100   0.116   0.094
   66   Y   0.101   0.108   0.096
   67   V   0.100   0.105   0.098
   68   A   0.102   0.106   0.101
   69   M   0.096   0.101   0.099
   70   K   0.100   0.094   0.101
# Measure  Position  Value    Cutoff   signal peptide?
  max. C    27       0.129
  max. Y    14       0.150
  max. S     1       0.275
  mean S     1-13    0.191
       D     1-13    0.166   0.500   NO
Name=NPAT_HUMAN	SP='NO' D=0.166 D-cutoff=0.500 Networks=SignalP-TM
