# SignalP-4.1 euk predictions
# Name=O51B6_HUMAN	Length=70	Networks=SignalP-noTM
# pos  aa    C       S       Y
    1   M   0.102   0.126   0.114
    2   G   0.103   0.111   0.114
    3   L   0.099   0.106   0.111
    4   N   0.103   0.107   0.113
    5   K   0.101   0.110   0.112
    6   S   0.104   0.117   0.113
    7   A   0.099   0.117   0.110
    8   S   0.099   0.121   0.110
    9   T   0.102   0.134   0.111
   10   F   0.098   0.165   0.109
   11   Q   0.100   0.162   0.111
   12   L   0.101   0.174   0.113
   13   T   0.098   0.155   0.112
   14   G   0.100   0.138   0.114
   15   F   0.100   0.163   0.114
   16   P   0.102   0.168   0.116
   17   G   0.103   0.243   0.117
   18   M   0.097   0.405   0.116
   19   E   0.098   0.449   0.121
   20   K   0.100   0.529   0.129
   21   A   0.105   0.436   0.139
   22   H   0.107   0.320   0.146
   23   H   0.104   0.341   0.147
   24   W   0.106   0.360   0.152
   25   I   0.100   0.402   0.151
   26   F   0.100   0.474   0.156
   27   I   0.103   0.515   0.163
   28   P   0.102   0.373   0.168
   29   L   0.104   0.363   0.173
   30   L   0.106   0.532   0.178
   31   A   0.109   0.560   0.186
   32   A   0.107   0.545   0.190
   33   Y   0.112   0.418   0.200
   34   I   0.098   0.429   0.190
   35   S   0.102   0.416   0.197
   36   I   0.101   0.522   0.199
   37   L   0.102   0.569   0.204
   38   L   0.105   0.537   0.212
   39   G   0.104   0.532   0.214
   40   N   0.198   0.313   0.300
   41   G   0.103   0.354   0.215
   42   T   0.146   0.245   0.256
   43   L   0.111   0.213   0.220
   44   L   0.106   0.174   0.212
   45   F   0.109   0.127   0.214
   46   L   0.101   0.142   0.203
   47   I   0.107   0.133   0.207
   48   R   0.104   0.118   0.200
   49   N   0.106   0.148   0.198
   50   D   0.103   0.122   0.191
   51   H   0.100   0.102   0.185
   52   N   0.100   0.098   0.181
   53   L   0.099   0.091   0.175
   54   H   0.095   0.099   0.165
   55   E   0.103   0.096   0.166
   56   P   0.100   0.103   0.160
   57   M   0.102   0.099   0.156
   58   Y   0.099   0.100   0.149
   59   Y   0.097   0.099   0.141
   60   F   0.097   0.101   0.134
   61   L   0.103   0.099   0.130
   62   A   0.105   0.103   0.123
   63   M   0.096   0.106   0.114
   64   L   0.108   0.099   0.116
   65   A   0.106   0.099   0.111
   66   A   0.100   0.096   0.106
   67   T   0.100   0.097   0.104
   68   D   0.100   0.096   0.103
   69   L   0.101   0.095   0.103
   70   G   0.106   0.094   0.105
# Measure  Position  Value    Cutoff   signal peptide?
  max. C    40       0.198
  max. Y    40       0.300
  max. S    37       0.569
  mean S     1-39    0.319
       D     1-39    0.310   0.450   NO
Name=O51B6_HUMAN	SP='NO' D=0.310 D-cutoff=0.450 Networks=SignalP-noTM
