# SignalP-4.1 euk predictions
# Name=ODFP1_HUMAN	Length=70	Networks=SignalP-TM
# pos  aa    C       S       Y
    1   M   0.104   0.152   0.125
    2   A   0.104   0.133   0.126
    3   A   0.100   0.104   0.122
    4   L   0.100   0.107   0.121
    5   S   0.103   0.133   0.121
    6   C   0.100   0.145   0.120
    7   L   0.103   0.130   0.121
    8   L   0.100   0.141   0.119
    9   D   0.101   0.136   0.119
   10   S   0.103   0.128   0.119
   11   V   0.101   0.129   0.118
   12   R   0.102   0.185   0.118
   13   R   0.102   0.185   0.118
   14   D   0.118   0.100   0.128
   15   I   0.100   0.110   0.117
   16   K   0.101   0.115   0.116
   17   K   0.098   0.137   0.114
   18   V   0.104   0.129   0.118
   19   D   0.101   0.115   0.117
   20   R   0.101   0.108   0.117
   21   E   0.108   0.086   0.119
   22   L   0.102   0.113   0.115
   23   R   0.102   0.105   0.114
   24   Q   0.102   0.094   0.113
   25   L   0.104   0.100   0.112
   26   R   0.102   0.098   0.111
   27   C   0.105   0.098   0.110
   28   I   0.103   0.097   0.105
   29   D   0.102   0.093   0.105
   30   E   0.102   0.095   0.104
   31   F   0.099   0.094   0.102
   32   S   0.098   0.090   0.100
   33   T   0.099   0.086   0.099
   34   R   0.099   0.086   0.098
   35   C   0.101   0.090   0.098
   36   L   0.100   0.086   0.098
   37   C   0.101   0.094   0.098
   38   D   0.113   0.087   0.103
   39   L   0.102   0.092   0.097
   40   Y   0.099   0.093   0.095
   41   M   0.101   0.093   0.096
   42   H   0.101   0.097   0.096
   43   P   0.100   0.092   0.096
   44   Y   0.103   0.087   0.097
   45   C   0.099   0.092   0.095
   46   C   0.098   0.096   0.094
   47   C   0.100   0.097   0.095
   48   D   0.119   0.092   0.104
   49   L   0.099   0.088   0.096
   50   H   0.101   0.088   0.096
   51   P   0.101   0.097   0.096
   52   Y   0.103   0.094   0.098
   53   P   0.101   0.100   0.097
   54   Y   0.103   0.097   0.098
   55   C   0.101   0.101   0.097
   56   L   0.100   0.100   0.097
   57   C   0.101   0.099   0.098
   58   Y   0.106   0.100   0.100
   59   S   0.101   0.101   0.098
   60   K   0.100   0.097   0.098
   61   R   0.102   0.096   0.099
   62   S   0.103   0.098   0.100
   63   R   0.098   0.094   0.097
   64   S   0.104   0.095   0.101
   65   C   0.101   0.096   0.099
   66   G   0.101   0.094   0.099
   67   L   0.101   0.096   0.099
   68   C   0.100   0.095   0.099
   69   D   0.103   0.097   0.100
   70   L   0.103   0.095   0.100
# Measure  Position  Value    Cutoff   signal peptide?
  max. C    48       0.119
  max. Y    14       0.128
  max. S    12       0.185
  mean S     1-13    0.139
       D     1-13    0.132   0.500   NO
Name=ODFP1_HUMAN	SP='NO' D=0.132 D-cutoff=0.500 Networks=SignalP-TM
