# SignalP-4.1 euk predictions
# Name=OR2B8_HUMAN	Length=70	Networks=SignalP-TM
# pos  aa    C       S       Y
    1   M   0.101   0.211   0.146
    2   D   0.103   0.204   0.148
    3   Q   0.101   0.238   0.146
    4   K   0.102   0.237   0.148
    5   N   0.102   0.237   0.148
    6   G   0.102   0.199   0.148
    7   S   0.099   0.227   0.146
    8   S   0.103   0.165   0.149
    9   F   0.099   0.145   0.145
   10   T   0.100   0.113   0.144
   11   G   0.101   0.107   0.143
   12   F   0.101   0.183   0.140
   13   I   0.105   0.198   0.142
   14   L   0.104   0.199   0.141
   15   L   0.102   0.169   0.139
   16   G   0.101   0.147   0.138
   17   F   0.101   0.136   0.136
   18   S   0.104   0.106   0.135
   19   D   0.107   0.065   0.134
   20   R   0.099   0.050   0.124
   21   P   0.101   0.053   0.120
   22   Q   0.103   0.042   0.116
   23   L   0.102   0.045   0.112
   24   E   0.106   0.043   0.111
   25   L   0.101   0.041   0.106
   26   V   0.105   0.025   0.105
   27   L   0.100   0.026   0.097
   28   F   0.106   0.015   0.093
   29   V   0.103   0.016   0.084
   30   V   0.103   0.018   0.077
   31   L   0.103   0.011   0.071
   32   L   0.101   0.016   0.063
   33   I   0.102   0.019   0.058
   34   F   0.102   0.028   0.055
   35   Y   0.102   0.026   0.054
   36   I   0.098   0.021   0.051
   37   F   0.101   0.019   0.050
   38   T   0.102   0.024   0.049
   39   L   0.111   0.024   0.049
   40   L   0.098   0.033   0.045
   41   G   0.112   0.033   0.049
   42   N   0.176   0.029   0.062
   43   K   0.108   0.036   0.049
   44   T   0.107   0.041   0.051
   45   I   0.111   0.048   0.053
   46   I   0.103   0.040   0.054
   47   V   0.101   0.057   0.055
   48   L   0.099   0.044   0.057
   49   S   0.102   0.051   0.059
   50   H   0.109   0.080   0.062
   51   L   0.100   0.136   0.063
   52   D   0.101   0.133   0.070
   53   P   0.101   0.144   0.075
   54   H   0.102   0.151   0.081
   55   L   0.101   0.139   0.086
   56   H   0.102   0.142   0.091
   57   T   0.098   0.149   0.093
   58   P   0.098   0.133   0.097
   59   M   0.102   0.128   0.103
   60   Y   0.102   0.131   0.105
   61   F   0.099   0.143   0.107
   62   F   0.098   0.129   0.109
   63   F   0.101   0.116   0.114
   64   S   0.103   0.106   0.117
   65   N   0.103   0.103   0.118
   66   L   0.105   0.111   0.118
   67   S   0.102   0.100   0.115
   68   F   0.100   0.093   0.113
   69   L   0.102   0.094   0.112
   70   D   0.103   0.088   0.111
# Measure  Position  Value    Cutoff   signal peptide?
  max. C    42       0.176
  max. Y    11       0.143
  max. S     3       0.238
  mean S     1-10    0.198
       D     1-10    0.165   0.500   NO
Name=OR2B8_HUMAN	SP='NO' D=0.165 D-cutoff=0.500 Networks=SignalP-TM
