# SignalP-4.1 euk predictions
# Name=OR4P4_HUMAN	Length=70	Networks=SignalP-TM
# pos  aa    C       S       Y
    1   M   0.102   0.188   0.138
    2   E   0.101   0.176   0.138
    3   K   0.101   0.164   0.138
    4   S   0.101   0.183   0.137
    5   N   0.101   0.240   0.137
    6   N   0.101   0.173   0.138
    7   S   0.101   0.152   0.138
    8   T   0.101   0.147   0.137
    9   L   0.103   0.107   0.137
   10   F   0.101   0.126   0.134
   11   I   0.102   0.122   0.133
   12   L   0.103   0.202   0.131
   13   L   0.103   0.249   0.132
   14   G   0.104   0.181   0.134
   15   F   0.101   0.173   0.132
   16   S   0.104   0.141   0.134
   17   Q   0.103   0.107   0.132
   18   N   0.099   0.093   0.128
   19   K   0.108   0.084   0.131
   20   N   0.097   0.095   0.119
   21   I   0.104   0.085   0.121
   22   E   0.120   0.070   0.128
   23   V   0.103   0.061   0.116
   24   L   0.110   0.034   0.119
   25   C   0.101   0.027   0.111
   26   F   0.111   0.030   0.113
   27   V   0.105   0.026   0.103
   28   L   0.101   0.025   0.093
   29   F   0.102   0.026   0.088
   30   L   0.102   0.025   0.081
   31   F   0.105   0.028   0.077
   32   C   0.103   0.014   0.072
   33   Y   0.102   0.015   0.068
   34   I   0.101   0.015   0.064
   35   A   0.102   0.013   0.059
   36   I   0.102   0.016   0.055
   37   W   0.102   0.014   0.051
   38   M   0.103   0.014   0.048
   39   G   0.108   0.013   0.047
   40   N   0.139   0.017   0.052
   41   L   0.101   0.019   0.044
   42   L   0.107   0.017   0.044
   43   I   0.105   0.022   0.043
   44   M   0.104   0.020   0.042
   45   I   0.101   0.026   0.041
   46   S   0.103   0.028   0.042
   47   I   0.106   0.065   0.043
   48   T   0.105   0.092   0.047
   49   C   0.103   0.087   0.053
   50   T   0.104   0.143   0.058
   51   Q   0.140   0.118   0.076
   52   L   0.100   0.128   0.070
   53   I   0.116   0.118   0.081
   54   H   0.099   0.165   0.080
   55   Q   0.100   0.149   0.086
   56   P   0.101   0.143   0.092
   57   M   0.100   0.138   0.096
   58   Y   0.101   0.189   0.101
   59   F   0.100   0.172   0.106
   60   F   0.099   0.149   0.111
   61   L   0.103   0.151   0.117
   62   N   0.100   0.155   0.118
   63   Y   0.103   0.151   0.121
   64   L   0.101   0.148   0.122
   65   S   0.103   0.122   0.123
   66   L   0.100   0.118   0.122
   67   S   0.101   0.115   0.122
   68   D   0.098   0.096   0.120
   69   L   0.102   0.097   0.121
   70   C   0.104   0.085   0.120
# Measure  Position  Value    Cutoff   signal peptide?
  max. C    51       0.140
  max. Y    14       0.134
  max. S    13       0.249
  mean S     1-13    0.172
       D     1-13    0.149   0.500   NO
Name=OR4P4_HUMAN	SP='NO' D=0.149 D-cutoff=0.500 Networks=SignalP-TM
