# SignalP-4.1 euk predictions
# Name=OREX_HUMAN	Length=70	Networks=SignalP-TM
# pos  aa    C       S       Y
    1   M   0.102   0.858   0.296
    2   N   0.102   0.855   0.295
    3   L   0.101   0.851   0.295
    4   P   0.102   0.851   0.295
    5   S   0.104   0.862   0.298
    6   T   0.102   0.848   0.295
    7   K   0.102   0.800   0.295
    8   V   0.101   0.834   0.293
    9   S   0.101   0.868   0.293
   10   W   0.100   0.877   0.292
   11   A   0.101   0.828   0.294
   12   A   0.103   0.812   0.296
   13   V   0.097   0.860   0.286
   14   T   0.101   0.890   0.292
   15   L   0.104   0.907   0.298
   16   L   0.103   0.903   0.296
   17   L   0.104   0.924   0.298
   18   L   0.100   0.920   0.294
   19   L   0.103   0.921   0.299
   20   L   0.104   0.930   0.301
   21   L   0.107   0.922   0.307
   22   L   0.108   0.923   0.309
   23   P   0.104   0.955   0.304
   24   P   0.105   0.966   0.308
   25   A   0.107   0.970   0.312
   26   L   0.110   0.973   0.317
   27   L   0.106   0.969   0.313
   28   S   0.520   0.941   0.697
   29   S   0.406   0.918   0.617
   30   G   0.185   0.890   0.416
   31   A   0.177   0.806   0.407
   32   A   0.137   0.621   0.357
   33   A   0.417   0.354   0.615
   34   Q   0.619   0.115   0.732
   35   P   0.102   0.126   0.287
   36   L   0.112   0.107   0.290
   37   P   0.101   0.125   0.264
   38   D   0.105   0.120   0.258
   39   C   0.102   0.112   0.242
   40   C   0.105   0.112   0.232
   41   R   0.104   0.112   0.216
   42   Q   0.112   0.106   0.209
   43   K   0.104   0.099   0.186
   44   T   0.102   0.093   0.166
   45   C   0.106   0.090   0.151
   46   S   0.102   0.089   0.129
   47   C   0.102   0.099   0.113
   48   R   0.102   0.101   0.105
   49   L   0.105   0.098   0.106
   50   Y   0.101   0.092   0.103
   51   E   0.101   0.090   0.102
   52   L   0.103   0.079   0.102
   53   L   0.102   0.079   0.100
   54   H   0.106   0.081   0.101
   55   G   0.104   0.076   0.099
   56   A   0.102   0.073   0.096
   57   G   0.101   0.079   0.094
   58   N   0.100   0.081   0.093
   59   H   0.101   0.087   0.093
   60   A   0.100   0.091   0.093
   61   A   0.101   0.085   0.093
   62   G   0.097   0.079   0.091
   63   I   0.101   0.078   0.092
   64   L   0.101   0.081   0.091
   65   T   0.103   0.080   0.092
   66   L   0.103   0.087   0.091
   67   G   0.102   0.092   0.091
   68   K   0.101   0.094   0.091
   69   R   0.104   0.099   0.093
   70   R   0.105   0.095   0.094
# Measure  Position  Value    Cutoff   signal peptide?
  max. C    34       0.619
  max. Y    34       0.732
  max. S    26       0.973
  mean S     1-33    0.867
       D     1-33    0.786   0.500   YES
Name=OREX_HUMAN	SP='YES' Cleavage site between pos. 33 and 34: AAA-QP D=0.786 D-cutoff=0.500 Networks=SignalP-TM
