# SignalP-4.1 euk predictions
# Name=P210L_HUMAN	Length=70	Networks=SignalP-TM
# pos  aa    C       S       Y
    1   M   0.102   0.515   0.229
    2   T   0.103   0.508   0.230
    3   G   0.103   0.489   0.230
    4   C   0.100   0.627   0.227
    5   P   0.104   0.701   0.232
    6   A   0.102   0.731   0.234
    7   S   0.097   0.688   0.231
    8   S   0.102   0.539   0.240
    9   R   0.098   0.512   0.235
   10   R   0.102   0.443   0.240
   11   R   0.102   0.317   0.239
   12   G   0.103   0.339   0.237
   13   F   0.101   0.383   0.232
   14   G   0.105   0.422   0.234
   15   L   0.100   0.466   0.227
   16   F   0.103   0.545   0.230
   17   F   0.101   0.631   0.228
   18   F   0.106   0.658   0.236
   19   L   0.103   0.521   0.233
   20   R   0.105   0.583   0.232
   21   L   0.105   0.448   0.230
   22   H   0.103   0.449   0.224
   23   R   0.101   0.504   0.220
   24   L   0.105   0.492   0.224
   25   L   0.102   0.420   0.222
   26   L   0.101   0.414   0.222
   27   L   0.108   0.338   0.231
   28   F   0.105   0.272   0.227
   29   L   0.103   0.341   0.222
   30   V   0.101   0.349   0.219
   31   L   0.099   0.335   0.213
   32   R   0.102   0.491   0.211
   33   G   0.106   0.364   0.212
   34   T   0.116   0.391   0.219
   35   L   0.101   0.446   0.201
   36   A   0.106   0.473   0.206
   37   N   0.770   0.144   0.556
   38   K   0.111   0.147   0.205
   39   L   0.110   0.097   0.197
   40   N   0.103   0.116   0.184
   41   V   0.106   0.119   0.180
   42   P   0.099   0.137   0.170
   43   Q   0.103   0.136   0.171
   44   V   0.101   0.142   0.164
   45   L   0.103   0.133   0.161
   46   L   0.102   0.134   0.156
   47   P   0.099   0.116   0.145
   48   F   0.104   0.097   0.143
   49   G   0.106   0.089   0.136
   50   R   0.100   0.097   0.122
   51   E   0.103   0.104   0.112
   52   P   0.101   0.099   0.109
   53   G   0.102   0.091   0.109
   54   R   0.097   0.099   0.106
   55   V   0.101   0.101   0.107
   56   P   0.102   0.099   0.107
   57   F   0.103   0.101   0.106
   58   L   0.101   0.102   0.104
   59   L   0.107   0.100   0.106
   60   E   0.105   0.100   0.104
   61   A   0.103   0.106   0.101
   62   Q   0.098   0.098   0.099
   63   R   0.107   0.095   0.103
   64   G   0.106   0.096   0.103
   65   C   0.100   0.098   0.100
   66   Y   0.102   0.097   0.101
   67   T   0.101   0.097   0.100
   68   W   0.101   0.097   0.100
   69   H   0.097   0.098   0.098
   70   S   0.101   0.100   0.100
# Measure  Position  Value    Cutoff   signal peptide?
  max. C    37       0.770
  max. Y    37       0.556
  max. S     6       0.731
  mean S     1-36    0.476
       D     1-36    0.524   0.500   YES
Name=P210L_HUMAN	SP='YES' Cleavage site between pos. 36 and 37: TLA-NK D=0.524 D-cutoff=0.500 Networks=SignalP-TM
