# SignalP-4.1 euk predictions
# Name=P2RX2_HUMAN	Length=70	Networks=SignalP-TM
# pos  aa    C       S       Y
    1   M   0.103   0.136   0.119
    2   A   0.104   0.126   0.119
    3   A   0.101   0.130   0.117
    4   A   0.102   0.173   0.117
    5   Q   0.105   0.266   0.120
    6   P   0.102   0.265   0.122
    7   K   0.101   0.249   0.126
    8   Y   0.104   0.179   0.130
    9   P   0.104   0.145   0.132
   10   A   0.103   0.138   0.132
   11   G   0.100   0.167   0.130
   12   A   0.103   0.168   0.132
   13   T   0.100   0.154   0.131
   14   A   0.107   0.127   0.136
   15   R   0.103   0.127   0.133
   16   R   0.105   0.116   0.134
   17   L   0.105   0.118   0.134
   18   A   0.104   0.108   0.133
   19   R   0.104   0.107   0.131
   20   G   0.106   0.107   0.128
   21   C   0.108   0.105   0.124
   22   W   0.105   0.121   0.118
   23   S   0.105   0.130   0.117
   24   A   0.116   0.127   0.122
   25   L   0.097   0.115   0.111
   26   W   0.101   0.120   0.112
   27   D   0.100   0.117   0.110
   28   Y   0.102   0.108   0.110
   29   E   0.102   0.102   0.109
   30   T   0.102   0.094   0.108
   31   P   0.102   0.079   0.107
   32   K   0.101   0.087   0.106
   33   V   0.103   0.105   0.106
   34   I   0.102   0.111   0.105
   35   V   0.102   0.124   0.105
   36   V   0.104   0.078   0.107
   37   R   0.104   0.055   0.106
   38   N   0.105   0.046   0.103
   39   R   0.102   0.048   0.099
   40   R   0.103   0.041   0.097
   41   L   0.104   0.027   0.094
   42   G   0.102   0.015   0.090
   43   V   0.102   0.014   0.086
   44   L   0.104   0.013   0.083
   45   Y   0.104   0.014   0.079
   46   R   0.102   0.015   0.075
   47   A   0.104   0.010   0.072
   48   V   0.101   0.013   0.066
   49   Q   0.102   0.015   0.061
   50   L   0.101   0.018   0.054
   51   L   0.100   0.019   0.050
   52   I   0.105   0.018   0.048
   53   L   0.102   0.016   0.045
   54   L   0.102   0.018   0.043
   55   Y   0.105   0.017   0.041
   56   F   0.102   0.022   0.040
   57   V   0.101   0.029   0.040
   58   W   0.100   0.037   0.041
   59   Y   0.101   0.053   0.043
   60   V   0.099   0.060   0.046
   61   F   0.100   0.082   0.050
   62   I   0.101   0.098   0.055
   63   V   0.108   0.128   0.062
   64   Q   0.100   0.142   0.066
   65   K   0.102   0.150   0.074
   66   S   0.101   0.124   0.079
   67   Y   0.101   0.128   0.084
   68   Q   0.100   0.111   0.088
   69   E   0.123   0.095   0.102
   70   S   0.100   0.100   0.095
# Measure  Position  Value    Cutoff   signal peptide?
  max. C    69       0.123
  max. Y    14       0.136
  max. S     5       0.266
  mean S     1-13    0.177
       D     1-13    0.152   0.500   NO
Name=P2RX2_HUMAN	SP='NO' D=0.152 D-cutoff=0.500 Networks=SignalP-TM
