# SignalP-4.1 euk predictions
# Name=PCAT1_HUMAN	Length=70	Networks=SignalP-noTM
# pos  aa    C       S       Y
    1   M   0.101   0.154   0.125
    2   R   0.103   0.124   0.126
    3   L   0.104   0.171   0.126
    4   R   0.104   0.261   0.126
    5   G   0.106   0.230   0.130
    6   C   0.100   0.212   0.127
    7   G   0.103   0.162   0.130
    8   P   0.100   0.153   0.129
    9   R   0.105   0.128   0.131
   10   A   0.104   0.112   0.131
   11   A   0.098   0.098   0.126
   12   P   0.097   0.095   0.124
   13   A   0.101   0.111   0.125
   14   S   0.094   0.107   0.121
   15   S   0.109   0.112   0.129
   16   A   0.100   0.119   0.123
   17   G   0.098   0.122   0.121
   18   A   0.102   0.112   0.122
   19   S   0.099   0.117   0.120
   20   D   0.107   0.114   0.124
   21   A   0.104   0.124   0.121
   22   R   0.119   0.103   0.129
   23   L   0.109   0.099   0.123
   24   L   0.104   0.100   0.119
   25   A   0.106   0.093   0.120
   26   P   0.103   0.104   0.116
   27   P   0.107   0.102   0.115
   28   G   0.103   0.103   0.110
   29   R   0.104   0.114   0.109
   30   N   0.108   0.107   0.110
   31   P   0.099   0.131   0.104
   32   F   0.102   0.106   0.105
   33   V   0.105   0.120   0.107
   34   H   0.104   0.125   0.107
   35   E   0.107   0.128   0.109
   36   L   0.104   0.122   0.108
   37   R   0.101   0.106   0.107
   38   L   0.107   0.111   0.110
   39   S   0.102   0.117   0.107
   40   A   0.104   0.126   0.108
   41   L   0.102   0.141   0.107
   42   Q   0.105   0.121   0.109
   43   K   0.103   0.125   0.108
   44   A   0.105   0.143   0.109
   45   Q   0.096   0.162   0.105
   46   V   0.103   0.182   0.110
   47   A   0.099   0.180   0.110
   48   L   0.092   0.181   0.108
   49   M   0.100   0.194   0.114
   50   T   0.101   0.214   0.116
   51   L   0.104   0.169   0.120
   52   T   0.101   0.151   0.119
   53   L   0.100   0.153   0.120
   54   F   0.104   0.171   0.122
   55   P   0.104   0.148   0.124
   56   V   0.105   0.136   0.125
   57   R   0.100   0.143   0.122
   58   L   0.105   0.160   0.125
   59   L   0.105   0.157   0.126
   60   V   0.102   0.150   0.125
   61   A   0.106   0.146   0.128
   62   A   0.129   0.116   0.142
   63   A   0.102   0.112   0.126
   64   M   0.124   0.109   0.139
   65   M   0.106   0.118   0.128
   66   L   0.101   0.108   0.125
   67   L   0.104   0.122   0.126
   68   A   0.097   0.122   0.121
   69   W   0.108   0.115   0.127
   70   P   0.105   0.120   0.124
# Measure  Position  Value    Cutoff   signal peptide?
  max. C    62       0.129
  max. Y    62       0.142
  max. S     4       0.261
  mean S     1-61    0.137
       D     1-61    0.140   0.450   NO
Name=PCAT1_HUMAN	SP='NO' D=0.140 D-cutoff=0.450 Networks=SignalP-noTM
