# SignalP-4.1 euk predictions
# Name=PDE1C_HUMAN	Length=70	Networks=SignalP-TM
# pos  aa    C       S       Y
    1   M   0.102   0.093   0.097
    2   E   0.101   0.086   0.097
    3   S   0.101   0.088   0.097
    4   P   0.100   0.083   0.096
    5   T   0.103   0.078   0.097
    6   K   0.101   0.083   0.095
    7   E   0.102   0.079   0.096
    8   I   0.101   0.080   0.095
    9   E   0.101   0.089   0.094
   10   E   0.101   0.074   0.094
   11   F   0.101   0.065   0.093
   12   E   0.102   0.083   0.093
   13   S   0.104   0.098   0.093
   14   N   0.100   0.110   0.092
   15   S   0.103   0.108   0.094
   16   L   0.101   0.105   0.093
   17   K   0.101   0.104   0.094
   18   Y   0.101   0.101   0.094
   19   L   0.102   0.099   0.095
   20   Q   0.100   0.101   0.095
   21   P   0.102   0.102   0.097
   22   E   0.103   0.100   0.098
   23   Q   0.100   0.102   0.098
   24   I   0.102   0.095   0.099
   25   E   0.097   0.098   0.098
   26   K   0.098   0.099   0.099
   27   I   0.101   0.100   0.101
   28   W   0.101   0.103   0.101
   29   L   0.104   0.099   0.102
   30   R   0.102   0.100   0.101
   31   L   0.102   0.099   0.101
   32   R   0.103   0.093   0.102
   33   G   0.104   0.097   0.102
   34   L   0.099   0.095   0.099
   35   R   0.104   0.093   0.101
   36   K   0.103   0.098   0.101
   37   Y   0.100   0.097   0.099
   38   K   0.099   0.085   0.098
   39   K   0.102   0.081   0.100
   40   T   0.101   0.090   0.099
   41   S   0.102   0.088   0.098
   42   Q   0.099   0.084   0.097
   43   R   0.101   0.091   0.097
   44   L   0.100   0.092   0.096
   45   R   0.098   0.097   0.095
   46   S   0.103   0.099   0.097
   47   L   0.102   0.097   0.097
   48   V   0.105   0.090   0.098
   49   K   0.104   0.094   0.098
   50   Q   0.102   0.090   0.097
   51   L   0.102   0.095   0.096
   52   E   0.105   0.094   0.098
   53   R   0.103   0.094   0.097
   54   G   0.099   0.096   0.095
   55   E   0.099   0.096   0.096
   56   A   0.103   0.097   0.098
   57   S   0.102   0.098   0.098
   58   V   0.101   0.099   0.098
   59   V   0.098   0.100   0.097
   60   D   0.102   0.100   0.099
   61   L   0.102   0.103   0.099
   62   K   0.101   0.105   0.099
   63   K   0.103   0.101   0.100
   64   N   0.103   0.104   0.100
   65   L   0.104   0.100   0.101
   66   E   0.105   0.101   0.102
   67   Y   0.106   0.101   0.103
   68   A   0.103   0.099   0.101
   69   A   0.099   0.100   0.100
   70   T   0.100   0.100   0.101
# Measure  Position  Value    Cutoff   signal peptide?
  max. C    67       0.106
  max. Y    67       0.103
  max. S    14       0.110
  mean S     1-66    0.095
       D     1-66    0.099   0.500   NO
Name=PDE1C_HUMAN	SP='NO' D=0.099 D-cutoff=0.500 Networks=SignalP-TM
