# SignalP-4.1 euk predictions
# Name=PED1A_HUMAN	Length=70	Networks=SignalP-TM
# pos  aa    C       S       Y
    1   M   0.101   0.082   0.091
    2   V   0.103   0.079   0.092
    3   F   0.102   0.099   0.091
    4   C   0.104   0.087   0.093
    5   L   0.101   0.080   0.092
    6   S   0.103   0.088   0.092
    7   S   0.102   0.084   0.092
    8   E   0.101   0.084   0.092
    9   E   0.099   0.092   0.091
   10   P   0.100   0.115   0.092
   11   R   0.101   0.130   0.093
   12   R   0.101   0.123   0.096
   13   P   0.103   0.107   0.098
   14   L   0.101   0.114   0.098
   15   R   0.099   0.126   0.098
   16   S   0.104   0.114   0.102
   17   D   0.114   0.112   0.108
   18   M   0.101   0.110   0.103
   19   V   0.104   0.100   0.105
   20   H   0.101   0.104   0.104
   21   F   0.103   0.102   0.106
   22   Q   0.101   0.099   0.105
   23   A   0.105   0.098   0.108
   24   S   0.098   0.096   0.104
   25   E   0.100   0.096   0.105
   26   V   0.102   0.097   0.105
   27   Q   0.102   0.093   0.104
   28   Q   0.104   0.096   0.104
   29   L   0.106   0.097   0.104
   30   L   0.102   0.105   0.102
   31   H   0.101   0.107   0.101
   32   N   0.101   0.101   0.100
   33   K   0.101   0.102   0.100
   34   F   0.101   0.115   0.100
   35   V   0.105   0.113   0.102
   36   V   0.102   0.099   0.101
   37   I   0.102   0.106   0.101
   38   L   0.099   0.133   0.100
   39   G   0.099   0.130   0.101
   40   D   0.103   0.097   0.105
   41   S   0.104   0.091   0.105
   42   I   0.102   0.081   0.104
   43   Q   0.102   0.090   0.104
   44   R   0.101   0.107   0.103
   45   A   0.102   0.097   0.103
   46   V   0.098   0.114   0.101
   47   Y   0.102   0.105   0.104
   48   K   0.102   0.105   0.104
   49   D   0.100   0.096   0.102
   50   L   0.101   0.097   0.103
   51   V   0.103   0.093   0.104
   52   L   0.103   0.088   0.103
   53   L   0.106   0.095   0.102
   54   L   0.101   0.093   0.099
   55   Q   0.105   0.090   0.101
   56   K   0.105   0.093   0.101
   57   D   0.102   0.093   0.100
   58   S   0.105   0.092   0.101
   59   L   0.099   0.098   0.098
   60   L   0.100   0.103   0.098
   61   T   0.101   0.114   0.098
   62   A   0.104   0.114   0.100
   63   A   0.098   0.111   0.097
   64   Q   0.098   0.100   0.098
   65   L   0.100   0.106   0.099
   66   K   0.098   0.105   0.099
   67   A   0.099   0.104   0.099
   68   K   0.098   0.102   0.100
   69   G   0.101   0.100   0.101
   70   E   0.101   0.098   0.102
# Measure  Position  Value    Cutoff   signal peptide?
  max. C    17       0.114
  max. Y    17       0.108
  max. S    38       0.133
  mean S     1-16    0.100
       D     1-16    0.105   0.500   NO
Name=PED1A_HUMAN	SP='NO' D=0.105 D-cutoff=0.500 Networks=SignalP-TM
