# SignalP-4.1 euk predictions
# Name=PGK2_HUMAN	Length=70	Networks=SignalP-TM
# pos  aa    C       S       Y
    1   M   0.102   0.084   0.092
    2   S   0.102   0.078   0.093
    3   L   0.101   0.078   0.092
    4   S   0.102   0.080   0.092
    5   K   0.101   0.077   0.091
    6   K   0.101   0.079   0.091
    7   L   0.100   0.078   0.091
    8   T   0.104   0.075   0.092
    9   L   0.103   0.073   0.091
   10   D   0.102   0.068   0.090
   11   K   0.099   0.064   0.088
   12   L   0.102   0.057   0.089
   13   D   0.100   0.061   0.087
   14   V   0.103   0.065   0.087
   15   R   0.102   0.070   0.086
   16   G   0.102   0.078   0.086
   17   K   0.102   0.075   0.085
   18   R   0.101   0.085   0.085
   19   V   0.102   0.086   0.086
   20   I   0.097   0.086   0.084
   21   M   0.101   0.107   0.086
   22   R   0.098   0.100   0.086
   23   V   0.104   0.100   0.089
   24   D   0.102   0.107   0.090
   25   F   0.100   0.101   0.090
   26   N   0.102   0.105   0.093
   27   V   0.101   0.099   0.094
   28   P   0.102   0.101   0.096
   29   M   0.103   0.100   0.098
   30   K   0.101   0.095   0.098
   31   K   0.104   0.103   0.100
   32   N   0.103   0.106   0.101
   33   Q   0.100   0.102   0.100
   34   I   0.101   0.102   0.101
   35   T   0.102   0.101   0.102
   36   N   0.103   0.099   0.102
   37   N   0.099   0.106   0.100
   38   Q   0.100   0.102   0.101
   39   R   0.103   0.100   0.102
   40   I   0.103   0.107   0.102
   41   K   0.100   0.099   0.101
   42   A   0.102   0.094   0.102
   43   S   0.100   0.098   0.101
   44   I   0.102   0.088   0.102
   45   P   0.100   0.093   0.100
   46   S   0.102   0.095   0.101
   47   I   0.099   0.096   0.099
   48   K   0.101   0.090   0.100
   49   Y   0.100   0.091   0.099
   50   C   0.100   0.094   0.099
   51   L   0.099   0.094   0.098
   52   D   0.104   0.094   0.100
   53   N   0.103   0.090   0.099
   54   G   0.105   0.090   0.100
   55   A   0.099   0.092   0.096
   56   K   0.103   0.096   0.098
   57   A   0.103   0.100   0.098
   58   V   0.099   0.096   0.096
   59   V   0.104   0.099   0.099
   60   L   0.103   0.098   0.099
   61   M   0.101   0.097   0.098
   62   S   0.103   0.099   0.099
   63   H   0.103   0.099   0.099
   64   L   0.103   0.100   0.099
   65   G   0.102   0.098   0.099
   66   R   0.098   0.101   0.097
   67   P   0.105   0.100   0.101
   68   D   0.103   0.100   0.100
   69   G   0.104   0.098   0.101
   70   V   0.100   0.099   0.099
# Measure  Position  Value    Cutoff   signal peptide?
  max. C    54       0.105
  max. Y    36       0.102
  max. S    40       0.107
  mean S     1-35    0.086
       D     1-35    0.096   0.500   NO
Name=PGK2_HUMAN	SP='NO' D=0.096 D-cutoff=0.500 Networks=SignalP-TM
