# SignalP-4.1 euk predictions
# Name=PHF23_HUMAN	Length=70	Networks=SignalP-noTM
# pos  aa    C       S       Y
    1   M   0.102   0.102   0.102
    2   L   0.103   0.097   0.103
    3   E   0.104   0.098   0.103
    4   A   0.103   0.101   0.102
    5   M   0.102   0.102   0.102
    6   A   0.104   0.098   0.103
    7   E   0.100   0.099   0.101
    8   P   0.103   0.097   0.102
    9   S   0.102   0.100   0.102
   10   P   0.100   0.098   0.101
   11   E   0.101   0.099   0.101
   12   D   0.099   0.101   0.100
   13   P   0.099   0.103   0.100
   14   P   0.101   0.118   0.101
   15   P   0.106   0.110   0.104
   16   T   0.108   0.108   0.105
   17   L   0.100   0.119   0.101
   18   K   0.098   0.129   0.100
   19   P   0.098   0.129   0.101
   20   E   0.105   0.137   0.105
   21   T   0.107   0.127   0.107
   22   Q   0.106   0.124   0.107
   23   P   0.105   0.122   0.107
   24   P   0.102   0.122   0.106
   25   E   0.104   0.110   0.108
   26   K   0.104   0.110   0.108
   27   R   0.099   0.117   0.105
   28   R   0.099   0.107   0.106
   29   R   0.101   0.107   0.107
   30   T   0.107   0.107   0.110
   31   I   0.105   0.103   0.109
   32   E   0.098   0.106   0.106
   33   D   0.099   0.107   0.106
   34   F   0.100   0.124   0.107
   35   N   0.106   0.121   0.111
   36   K   0.104   0.112   0.110
   37   F   0.100   0.126   0.108
   38   C   0.103   0.143   0.110
   39   S   0.106   0.120   0.112
   40   F   0.098   0.106   0.108
   41   V   0.099   0.109   0.108
   42   L   0.103   0.111   0.110
   43   A   0.102   0.130   0.109
   44   Y   0.099   0.107   0.107
   45   A   0.107   0.127   0.111
   46   G   0.118   0.100   0.116
   47   Y   0.096   0.101   0.105
   48   I   0.098   0.106   0.106
   49   P   0.096   0.105   0.104
   50   P   0.102   0.120   0.108
   51   S   0.098   0.109   0.106
   52   K   0.098   0.115   0.106
   53   E   0.101   0.147   0.107
   54   E   0.141   0.115   0.128
   55   S   0.100   0.100   0.108
   56   D   0.103   0.100   0.110
   57   W   0.099   0.103   0.107
   58   P   0.104   0.112   0.109
   59   A   0.103   0.113   0.108
   60   S   0.102   0.112   0.108
   61   G   0.105   0.108   0.108
   62   S   0.099   0.109   0.105
   63   S   0.099   0.105   0.105
   64   S   0.103   0.108   0.107
   65   P   0.104   0.106   0.107
   66   L   0.100   0.105   0.105
   67   R   0.109   0.102   0.109
   68   G   0.106   0.100   0.107
   69   E   0.098   0.104   0.103
   70   S   0.107   0.101   0.108
# Measure  Position  Value    Cutoff   signal peptide?
  max. C    54       0.141
  max. Y    54       0.128
  max. S    53       0.147
  mean S     1-53    0.112
       D     1-53    0.119   0.450   NO
Name=PHF23_HUMAN	SP='NO' D=0.119 D-cutoff=0.450 Networks=SignalP-noTM
