# SignalP-4.1 euk predictions
# Name=PRP39_HUMAN	Length=70	Networks=SignalP-TM
# pos  aa    C       S       Y
    1   M   0.102   0.082   0.091
    2   Q   0.101   0.082   0.091
    3   N   0.102   0.083   0.091
    4   S   0.101   0.083   0.091
    5   H   0.099   0.083   0.090
    6   M   0.101   0.087   0.091
    7   D   0.101   0.085   0.091
    8   E   0.100   0.089   0.091
    9   Y   0.100   0.096   0.091
   10   R   0.101   0.095   0.092
   11   N   0.104   0.089   0.094
   12   S   0.100   0.069   0.093
   13   S   0.098   0.094   0.091
   14   N   0.101   0.090   0.093
   15   G   0.103   0.077   0.094
   16   S   0.102   0.089   0.094
   17   T   0.101   0.091   0.094
   18   G   0.103   0.091   0.095
   19   N   0.101   0.091   0.094
   20   S   0.099   0.091   0.093
   21   S   0.101   0.098   0.094
   22   E   0.103   0.097   0.096
   23   V   0.101   0.092   0.095
   24   V   0.101   0.097   0.095
   25   V   0.103   0.093   0.096
   26   E   0.101   0.097   0.095
   27   H   0.103   0.097   0.097
   28   P   0.103   0.096   0.097
   29   T   0.102   0.094   0.097
   30   D   0.103   0.096   0.099
   31   F   0.102   0.095   0.098
   32   S   0.103   0.097   0.099
   33   T   0.102   0.099   0.098
   34   E   0.102   0.097   0.099
   35   I   0.101   0.099   0.099
   36   M   0.103   0.103   0.099
   37   N   0.103   0.100   0.099
   38   V   0.100   0.099   0.099
   39   T   0.103   0.096   0.100
   40   E   0.104   0.091   0.101
   41   M   0.102   0.095   0.100
   42   E   0.105   0.100   0.101
   43   Q   0.102   0.103   0.099
   44   S   0.101   0.106   0.100
   45   P   0.101   0.105   0.100
   46   D   0.101   0.105   0.100
   47   D   0.101   0.110   0.101
   48   S   0.100   0.110   0.100
   49   P   0.100   0.114   0.101
   50   N   0.102   0.120   0.102
   51   V   0.103   0.116   0.103
   52   N   0.103   0.118   0.104
   53   A   0.103   0.106   0.105
   54   S   0.097   0.110   0.102
   55   T   0.103   0.107   0.106
   56   E   0.102   0.105   0.106
   57   E   0.102   0.101   0.106
   58   T   0.103   0.103   0.106
   59   E   0.104   0.099   0.107
   60   M   0.106   0.096   0.107
   61   A   0.102   0.099   0.105
   62   S   0.102   0.100   0.105
   63   A   0.103   0.103   0.105
   64   V   0.100   0.100   0.103
   65   D   0.104   0.100   0.105
   66   L   0.103   0.101   0.103
   67   P   0.102   0.100   0.102
   68   V   0.106   0.101   0.104
   69   T   0.107   0.100   0.104
   70   L   0.105   0.099   0.103
# Measure  Position  Value    Cutoff   signal peptide?
  max. C    69       0.107
  max. Y    60       0.107
  max. S    50       0.120
  mean S     1-59    0.097
       D     1-59    0.103   0.500   NO
Name=PRP39_HUMAN	SP='NO' D=0.103 D-cutoff=0.500 Networks=SignalP-TM
