# SignalP-4.1 euk predictions
# Name=PRPF3_HUMAN	Length=70	Networks=SignalP-noTM
# pos  aa    C       S       Y
    1   M   0.103   0.099   0.101
    2   A   0.104   0.097   0.101
    3   L   0.096   0.116   0.098
    4   S   0.105   0.107   0.102
    5   K   0.099   0.116   0.100
    6   R   0.102   0.107   0.102
    7   E   0.103   0.099   0.102
    8   L   0.102   0.098   0.101
    9   D   0.103   0.090   0.102
   10   E   0.101   0.089   0.101
   11   L   0.101   0.103   0.101
   12   K   0.101   0.090   0.100
   13   P   0.100   0.088   0.100
   14   W   0.103   0.099   0.101
   15   I   0.100   0.101   0.100
   16   E   0.098   0.097   0.099
   17   K   0.099   0.099   0.099
   18   T   0.094   0.099   0.097
   19   V   0.098   0.104   0.099
   20   K   0.099   0.100   0.099
   21   R   0.103   0.100   0.102
   22   V   0.098   0.096   0.099
   23   L   0.098   0.096   0.099
   24   G   0.107   0.100   0.103
   25   F   0.107   0.097   0.103
   26   S   0.103   0.097   0.101
   27   E   0.104   0.100   0.101
   28   P   0.100   0.097   0.099
   29   T   0.102   0.095   0.100
   30   V   0.103   0.115   0.100
   31   V   0.095   0.136   0.097
   32   T   0.101   0.230   0.100
   33   A   0.104   0.194   0.105
   34   A   0.135   0.125   0.122
   35   L   0.134   0.090   0.123
   36   N   0.100   0.089   0.106
   37   C   0.102   0.086   0.107
   38   V   0.106   0.094   0.109
   39   G   0.103   0.106   0.107
   40   K   0.101   0.101   0.106
   41   G   0.101   0.115   0.106
   42   M   0.102   0.110   0.107
   43   D   0.105   0.117   0.108
   44   K   0.096   0.110   0.104
   45   K   0.099   0.110   0.106
   46   K   0.104   0.120   0.109
   47   A   0.107   0.131   0.111
   48   A   0.104   0.130   0.110
   49   D   0.106   0.113   0.112
   50   H   0.099   0.103   0.109
   51   L   0.096   0.108   0.107
   52   K   0.104   0.102   0.112
   53   P   0.107   0.095   0.113
   54   F   0.107   0.087   0.112
   55   L   0.106   0.088   0.108
   56   D   0.107   0.093   0.107
   57   D   0.102   0.094   0.103
   58   S   0.102   0.094   0.103
   59   T   0.101   0.091   0.103
   60   L   0.103   0.094   0.104
   61   R   0.096   0.094   0.100
   62   F   0.096   0.093   0.100
   63   V   0.096   0.095   0.100
   64   D   0.101   0.097   0.102
   65   K   0.107   0.092   0.105
   66   L   0.094   0.096   0.098
   67   F   0.104   0.098   0.102
   68   E   0.104   0.092   0.102
   69   A   0.102   0.094   0.100
   70   V   0.094   0.093   0.096
# Measure  Position  Value    Cutoff   signal peptide?
  max. C    34       0.135
  max. Y    35       0.123
  max. S    32       0.230
  mean S     1-34    0.108
       D     1-34    0.115   0.450   NO
Name=PRPF3_HUMAN	SP='NO' D=0.115 D-cutoff=0.450 Networks=SignalP-noTM
