# SignalP-4.1 euk predictions
# Name=PSPHL_HUMAN	Length=70	Networks=SignalP-TM
# pos  aa    C       S       Y
    1   M   0.103   0.096   0.100
    2   A   0.103   0.113   0.100
    3   S   0.100   0.099   0.099
    4   A   0.103   0.089   0.100
    5   S   0.101   0.092   0.099
    6   C   0.101   0.090   0.099
    7   S   0.102   0.084   0.099
    8   P   0.101   0.085   0.098
    9   G   0.103   0.087   0.099
   10   G   0.101   0.095   0.097
   11   A   0.102   0.147   0.098
   12   L   0.101   0.138   0.099
   13   A   0.103   0.128   0.102
   14   S   0.159   0.121   0.128
   15   P   0.104   0.115   0.104
   16   E   0.105   0.112   0.105
   17   P   0.105   0.110   0.105
   18   G   0.104   0.110   0.105
   19   R   0.099   0.112   0.103
   20   K   0.103   0.113   0.106
   21   I   0.105   0.112   0.108
   22   L   0.103   0.111   0.108
   23   P   0.103   0.108   0.109
   24   R   0.105   0.107   0.111
   25   M   0.107   0.106   0.112
   26   I   0.104   0.107   0.109
   27   S   0.103   0.111   0.108
   28   H   0.101   0.113   0.106
   29   S   0.102   0.111   0.106
   30   E   0.102   0.095   0.106
   31   L   0.102   0.107   0.105
   32   R   0.099   0.105   0.104
   33   K   0.103   0.116   0.106
   34   L   0.103   0.109   0.106
   35   F   0.100   0.111   0.104
   36   Y   0.104   0.118   0.106
   37   S   0.104   0.119   0.106
   38   A   0.101   0.107   0.105
   39   D   0.098   0.104   0.104
   40   A   0.104   0.102   0.107
   41   V   0.101   0.092   0.105
   42   C   0.102   0.093   0.105
   43   F   0.102   0.089   0.104
   44   D   0.097   0.081   0.101
   45   V   0.101   0.081   0.102
   46   D   0.102   0.086   0.102
   47   S   0.101   0.084   0.101
   48   T   0.101   0.089   0.100
   49   V   0.103   0.076   0.100
   50   I   0.101   0.091   0.098
   51   S   0.101   0.100   0.097
   52   E   0.099   0.095   0.095
   53   E   0.102   0.098   0.096
   54   G   0.104   0.095   0.097
   55   I   0.098   0.094   0.093
   56   G   0.103   0.093   0.096
   57   C   0.103   0.091   0.096
   58   F   0.104   0.086   0.096
   59   H   0.102   0.085   0.096
   60   W   0.101   0.089   0.095
   61   I   0.101   0.084   0.096
   62   W   0.101   0.096   0.095
   63   R   0.103   0.100   0.097
   64   K   0.100   0.101   0.096
   65   C   0.102   0.103   0.097
   66   D   0.103   0.101   0.098
   67   Q   0.105   0.103   0.099
   68   A   0.100   0.102   0.097
   69   T   0.098   0.105   0.096
   70   S   0.104   0.100   0.100
# Measure  Position  Value    Cutoff   signal peptide?
  max. C    14       0.159
  max. Y    14       0.128
  max. S    11       0.147
  mean S     1-13    0.103
       D     1-13    0.118   0.500   NO
Name=PSPHL_HUMAN	SP='NO' D=0.118 D-cutoff=0.500 Networks=SignalP-TM
