# SignalP-4.1 euk predictions
# Name=PTPRN_HUMAN	Length=70	Networks=SignalP-TM
# pos  aa    C       S       Y
    1   M   0.101   0.606   0.248
    2   R   0.101   0.723   0.248
    3   R   0.103   0.767   0.252
    4   P   0.104   0.819   0.255
    5   R   0.103   0.823   0.257
    6   R   0.104   0.847   0.261
    7   P   0.105   0.855   0.266
    8   G   0.104   0.806   0.268
    9   G   0.101   0.777   0.268
   10   L   0.102   0.812   0.270
   11   G   0.106   0.852   0.279
   12   G   0.101   0.890   0.275
   13   S   0.101   0.895   0.279
   14   G   0.105   0.892   0.289
   15   G   0.105   0.899   0.292
   16   L   0.101   0.918   0.290
   17   R   0.102   0.935   0.294
   18   L   0.103   0.954   0.298
   19   L   0.104   0.950   0.300
   20   L   0.101   0.960   0.297
   21   C   0.106   0.933   0.306
   22   L   0.104   0.891   0.305
   23   L   0.104   0.917   0.305
   24   L   0.102   0.927   0.305
   25   L   0.102   0.919   0.305
   26   S   0.100   0.923   0.303
   27   S   0.104   0.868   0.309
   28   R   0.113   0.794   0.322
   29   P   0.100   0.796   0.303
   30   G   0.114   0.783   0.321
   31   G   0.107   0.821   0.310
   32   C   0.110   0.787   0.313
   33   S   0.167   0.719   0.383
   34   A   0.266   0.552   0.478
   35   V   0.809   0.187   0.820
   36   S   0.104   0.197   0.284
   37   A   0.104   0.154   0.276
   38   H   0.109   0.104   0.271
   39   G   0.103   0.105   0.252
   40   C   0.101   0.104   0.237
   41   L   0.104   0.103   0.227
   42   F   0.106   0.105   0.216
   43   D   0.105   0.093   0.204
   44   R   0.103   0.093   0.188
   45   R   0.104   0.099   0.175
   46   L   0.105   0.103   0.160
   47   C   0.104   0.113   0.142
   48   S   0.105   0.099   0.126
   49   H   0.102   0.099   0.110
   50   L   0.101   0.087   0.107
   51   E   0.100   0.091   0.102
   52   V   0.101   0.098   0.101
   53   C   0.103   0.102   0.101
   54   I   0.104   0.102   0.102
   55   Q   0.100   0.100   0.099
   56   D   0.102   0.097   0.100
   57   G   0.100   0.096   0.099
   58   L   0.098   0.095   0.098
   59   F   0.104   0.096   0.101
   60   G   0.101   0.097   0.100
   61   Q   0.098   0.098   0.098
   62   C   0.103   0.101   0.100
   63   Q   0.101   0.099   0.099
   64   V   0.104   0.104   0.100
   65   G   0.097   0.104   0.098
   66   V   0.098   0.102   0.099
   67   G   0.101   0.101   0.100
   68   Q   0.103   0.103   0.101
   69   A   0.102   0.100   0.101
   70   R   0.097   0.101   0.098
# Measure  Position  Value    Cutoff   signal peptide?
  max. C    35       0.809
  max. Y    35       0.820
  max. S    20       0.960
  mean S     1-34    0.841
       D     1-34    0.829   0.500   YES
Name=PTPRN_HUMAN	SP='YES' Cleavage site between pos. 34 and 35: CSA-VS D=0.829 D-cutoff=0.500 Networks=SignalP-TM
