# SignalP-4.1 euk predictions
# Name=RAB3B_HUMAN	Length=70	Networks=SignalP-TM
# pos  aa    C       S       Y
    1   M   0.103   0.068   0.084
    2   A   0.102   0.067   0.084
    3   S   0.099   0.066   0.082
    4   V   0.102   0.070   0.083
    5   T   0.101   0.085   0.083
    6   D   0.103   0.105   0.085
    7   G   0.100   0.103   0.085
    8   K   0.103   0.099   0.088
    9   T   0.104   0.099   0.089
   10   G   0.102   0.092   0.090
   11   V   0.100   0.109   0.090
   12   K   0.101   0.104   0.092
   13   D   0.105   0.111   0.095
   14   A   0.099   0.104   0.094
   15   S   0.101   0.108   0.096
   16   D   0.104   0.104   0.099
   17   Q   0.102   0.110   0.099
   18   N   0.102   0.101   0.101
   19   F   0.099   0.101   0.101
   20   D   0.101   0.097   0.102
   21   Y   0.102   0.095   0.102
   22   M   0.103   0.097   0.103
   23   F   0.100   0.092   0.101
   24   K   0.104   0.085   0.103
   25   L   0.102   0.080   0.102
   26   L   0.103   0.078   0.101
   27   I   0.103   0.088   0.100
   28   I   0.105   0.090   0.100
   29   G   0.103   0.099   0.099
   30   N   0.098   0.115   0.096
   31   S   0.104   0.114   0.099
   32   S   0.101   0.153   0.098
   33   V   0.099   0.144   0.099
   34   G   0.098   0.177   0.100
   35   K   0.110   0.122   0.109
   36   T   0.099   0.138   0.104
   37   S   0.108   0.129   0.110
   38   F   0.103   0.119   0.109
   39   L   0.104   0.114   0.111
   40   F   0.099   0.116   0.109
   41   R   0.097   0.114   0.109
   42   Y   0.105   0.127   0.114
   43   A   0.102   0.115   0.114
   44   D   0.101   0.098   0.114
   45   D   0.103   0.080   0.114
   46   T   0.098   0.068   0.111
   47   F   0.103   0.060   0.111
   48   T   0.104   0.060   0.108
   49   P   0.102   0.058   0.103
   50   A   0.103   0.049   0.101
   51   F   0.097   0.060   0.095
   52   V   0.104   0.066   0.096
   53   S   0.101   0.069   0.092
   54   T   0.101   0.062   0.091
   55   V   0.102   0.055   0.089
   56   G   0.103   0.061   0.087
   57   I   0.102   0.060   0.084
   58   D   0.100   0.073   0.080
   59   F   0.103   0.077   0.080
   60   K   0.104   0.071   0.081
   61   V   0.098   0.071   0.079
   62   K   0.103   0.082   0.081
   63   T   0.104   0.089   0.082
   64   V   0.101   0.089   0.083
   65   Y   0.103   0.093   0.085
   66   R   0.101   0.099   0.086
   67   H   0.101   0.103   0.087
   68   E   0.099   0.106   0.088
   69   K   0.103   0.102   0.091
   70   R   0.101   0.102   0.092
# Measure  Position  Value    Cutoff   signal peptide?
  max. C    35       0.110
  max. Y    45       0.114
  max. S    34       0.177
  mean S     1-44    0.105
       D     1-44    0.111   0.500   NO
Name=RAB3B_HUMAN	SP='NO' D=0.111 D-cutoff=0.500 Networks=SignalP-TM
