# SignalP-4.1 euk predictions
# Name=RALA_HUMAN	Length=70	Networks=SignalP-TM
# pos  aa    C       S       Y
    1   M   0.103   0.165   0.130
    2   A   0.104   0.181   0.131
    3   A   0.101   0.177   0.129
    4   N   0.099   0.189   0.128
    5   K   0.102   0.168   0.131
    6   P   0.100   0.167   0.130
    7   K   0.105   0.135   0.133
    8   G   0.104   0.137   0.132
    9   Q   0.099   0.162   0.128
   10   N   0.102   0.173   0.130
   11   S   0.102   0.157   0.130
   12   L   0.102   0.142   0.130
   13   A   0.103   0.167   0.129
   14   L   0.099   0.183   0.127
   15   H   0.103   0.160   0.130
   16   K   0.099   0.177   0.128
   17   V   0.104   0.163   0.131
   18   I   0.104   0.182   0.130
   19   M   0.102   0.235   0.129
   20   V   0.100   0.277   0.130
   21   G   0.100   0.273   0.132
   22   S   0.100   0.321   0.136
   23   G   0.105   0.287   0.144
   24   G   0.110   0.240   0.151
   25   V   0.102   0.294   0.147
   26   G   0.100   0.258   0.149
   27   K   0.105   0.219   0.155
   28   S   0.104   0.200   0.155
   29   A   0.112   0.141   0.162
   30   L   0.112   0.101   0.161
   31   T   0.104   0.094   0.154
   32   L   0.108   0.084   0.155
   33   Q   0.104   0.079   0.150
   34   F   0.104   0.070   0.146
   35   M   0.101   0.065   0.139
   36   Y   0.102   0.073   0.134
   37   D   0.102   0.086   0.127
   38   E   0.101   0.087   0.120
   39   F   0.102   0.096   0.116
   40   V   0.101   0.101   0.109
   41   E   0.099   0.112   0.103
   42   D   0.103   0.110   0.101
   43   Y   0.101   0.105   0.097
   44   E   0.102   0.105   0.096
   45   P   0.101   0.110   0.096
   46   T   0.103   0.109   0.097
   47   K   0.103   0.115   0.098
   48   A   0.104   0.117   0.100
   49   D   0.105   0.121   0.102
   50   S   0.104   0.119   0.103
   51   Y   0.102   0.116   0.104
   52   R   0.103   0.112   0.106
   53   K   0.103   0.115   0.106
   54   K   0.101   0.106   0.106
   55   V   0.104   0.102   0.108
   56   V   0.104   0.104   0.108
   57   L   0.106   0.100   0.108
   58   D   0.104   0.102   0.107
   59   G   0.101   0.102   0.106
   60   E   0.103   0.099   0.107
   61   E   0.105   0.099   0.107
   62   V   0.104   0.094   0.106
   63   Q   0.102   0.098   0.104
   64   I   0.102   0.095   0.104
   65   D   0.101   0.097   0.102
   66   I   0.104   0.098   0.103
   67   L   0.101   0.098   0.101
   68   D   0.102   0.099   0.101
   69   T   0.103   0.099   0.101
   70   A   0.104   0.102   0.101
# Measure  Position  Value    Cutoff   signal peptide?
  max. C    29       0.112
  max. Y    29       0.162
  max. S    22       0.321
  mean S     1-28    0.200
       D     1-28    0.177   0.500   NO
Name=RALA_HUMAN	SP='NO' D=0.177 D-cutoff=0.500 Networks=SignalP-TM
