# SignalP-4.1 euk predictions
# Name=RBM45_HUMAN	Length=70	Networks=SignalP-noTM
# pos  aa    C       S       Y
    1   M   0.101   0.121   0.111
    2   D   0.103   0.110   0.112
    3   E   0.103   0.100   0.112
    4   A   0.103   0.094   0.111
    5   G   0.097   0.097   0.107
    6   S   0.099   0.088   0.108
    7   S   0.101   0.090   0.108
    8   A   0.101   0.091   0.108
    9   S   0.098   0.098   0.105
   10   G   0.097   0.098   0.104
   11   G   0.098   0.103   0.104
   12   G   0.105   0.099   0.107
   13   F   0.100   0.098   0.105
   14   R   0.102   0.098   0.105
   15   P   0.103   0.091   0.105
   16   G   0.105   0.093   0.105
   17   V   0.097   0.092   0.101
   18   D   0.107   0.089   0.105
   19   S   0.102   0.092   0.102
   20   L   0.117   0.099   0.108
   21   D   0.102   0.098   0.101
   22   E   0.104   0.097   0.101
   23   P   0.104   0.101   0.100
   24   P   0.107   0.095   0.101
   25   N   0.107   0.091   0.101
   26   S   0.106   0.085   0.101
   27   R   0.096   0.092   0.096
   28   I   0.102   0.090   0.098
   29   F   0.101   0.090   0.098
   30   L   0.101   0.088   0.098
   31   V   0.103   0.092   0.099
   32   I   0.104   0.092   0.099
   33   S   0.106   0.088   0.100
   34   K   0.098   0.088   0.095
   35   Y   0.101   0.085   0.097
   36   T   0.102   0.084   0.097
   37   P   0.097   0.090   0.094
   38   E   0.102   0.090   0.096
   39   S   0.100   0.098   0.096
   40   V   0.098   0.102   0.095
   41   L   0.097   0.117   0.095
   42   R   0.104   0.116   0.098
   43   E   0.116   0.090   0.105
   44   R   0.104   0.098   0.099
   45   F   0.100   0.096   0.097
   46   S   0.104   0.093   0.098
   47   P   0.101   0.100   0.097
   48   F   0.106   0.104   0.100
   49   G   0.105   0.098   0.099
   50   D   0.102   0.097   0.098
   51   I   0.100   0.101   0.098
   52   Q   0.098   0.101   0.097
   53   D   0.105   0.102   0.101
   54   I   0.097   0.098   0.097
   55   W   0.102   0.097   0.100
   56   V   0.103   0.106   0.100
   57   V   0.097   0.102   0.097
   58   R   0.102   0.105   0.100
   59   D   0.104   0.102   0.102
   60   K   0.099   0.110   0.100
   61   H   0.102   0.103   0.102
   62   T   0.102   0.101   0.102
   63   K   0.097   0.102   0.099
   64   E   0.101   0.103   0.101
   65   S   0.100   0.102   0.100
   66   K   0.100   0.103   0.100
   67   G   0.102   0.104   0.102
   68   I   0.101   0.105   0.101
   69   A   0.103   0.101   0.103
   70   F   0.096   0.104   0.099
# Measure  Position  Value    Cutoff   signal peptide?
  max. C    20       0.117
  max. Y    20       0.108
  max. S     1       0.121
  mean S     1-19    0.097
       D     1-19    0.102   0.450   NO
Name=RBM45_HUMAN	SP='NO' D=0.102 D-cutoff=0.450 Networks=SignalP-noTM
