# SignalP-4.1 euk predictions
# Name=RBMX2_HUMAN	Length=70	Networks=SignalP-noTM
# pos  aa    C       S       Y
    1   M   0.101   0.102   0.101
    2   N   0.102   0.101   0.102
    3   P   0.102   0.100   0.102
    4   L   0.102   0.091   0.102
    5   T   0.105   0.089   0.103
    6   K   0.102   0.082   0.101
    7   V   0.100   0.086   0.100
    8   K   0.100   0.091   0.099
    9   L   0.104   0.090   0.101
   10   I   0.102   0.088   0.100
   11   N   0.101   0.086   0.099
   12   E   0.105   0.080   0.101
   13   L   0.097   0.073   0.096
   14   N   0.105   0.081   0.099
   15   E   0.101   0.088   0.097
   16   R   0.098   0.101   0.095
   17   E   0.100   0.099   0.096
   18   V   0.101   0.103   0.097
   19   Q   0.095   0.105   0.094
   20   L   0.098   0.108   0.095
   21   G   0.098   0.107   0.095
   22   V   0.100   0.106   0.097
   23   A   0.103   0.108   0.098
   24   D   0.108   0.101   0.100
   25   K   0.099   0.101   0.097
   26   V   0.097   0.100   0.096
   27   S   0.105   0.098   0.100
   28   W   0.099   0.105   0.097
   29   H   0.095   0.103   0.095
   30   S   0.099   0.099   0.098
   31   E   0.100   0.097   0.098
   32   Y   0.095   0.099   0.096
   33   K   0.098   0.104   0.098
   34   D   0.103   0.100   0.101
   35   S   0.102   0.101   0.101
   36   A   0.103   0.103   0.102
   37   W   0.096   0.104   0.099
   38   I   0.107   0.103   0.105
   39   F   0.099   0.098   0.101
   40   L   0.108   0.094   0.105
   41   G   0.107   0.097   0.104
   42   G   0.101   0.102   0.101
   43   L   0.102   0.104   0.102
   44   P   0.108   0.098   0.105
   45   Y   0.108   0.098   0.104
   46   E   0.103   0.111   0.102
   47   L   0.101   0.105   0.101
   48   T   0.101   0.111   0.101
   49   E   0.102   0.109   0.102
   50   G   0.102   0.111   0.102
   51   D   0.238   0.089   0.156
   52   I   0.104   0.091   0.103
   53   I   0.102   0.091   0.102
   54   C   0.096   0.096   0.099
   55   V   0.098   0.104   0.099
   56   F   0.101   0.102   0.101
   57   S   0.103   0.098   0.102
   58   Q   0.097   0.095   0.099
   59   Y   0.101   0.097   0.101
   60   G   0.100   0.094   0.100
   61   E   0.096   0.099   0.098
   62   I   0.099   0.099   0.099
   63   V   0.107   0.100   0.103
   64   N   0.099   0.099   0.099
   65   I   0.099   0.099   0.099
   66   N   0.099   0.101   0.100
   67   L   0.105   0.101   0.102
   68   V   0.100   0.099   0.100
   69   R   0.098   0.102   0.099
   70   D   0.107   0.098   0.103
# Measure  Position  Value    Cutoff   signal peptide?
  max. C    51       0.238
  max. Y    51       0.156
  max. S    46       0.111
  mean S     1-50    0.098
       D     1-50    0.125   0.450   NO
Name=RBMX2_HUMAN	SP='NO' D=0.125 D-cutoff=0.450 Networks=SignalP-noTM
