# SignalP-4.1 euk predictions
# Name=RHOG_HUMAN	Length=70	Networks=SignalP-TM
# pos  aa    C       S       Y
    1   M   0.102   0.185   0.137
    2   Q   0.101   0.200   0.136
    3   S   0.103   0.179   0.138
    4   I   0.101   0.179   0.137
    5   K   0.101   0.170   0.137
    6   C   0.100   0.150   0.136
    7   V   0.101   0.145   0.136
    8   V   0.103   0.147   0.135
    9   V   0.102   0.134   0.134
   10   G   0.100   0.144   0.131
   11   D   0.098   0.176   0.129
   12   G   0.104   0.137   0.132
   13   A   0.101   0.141   0.129
   14   V   0.099   0.136   0.126
   15   G   0.101   0.147   0.127
   16   K   0.107   0.146   0.129
   17   T   0.100   0.165   0.124
   18   C   0.106   0.174   0.127
   19   L   0.106   0.161   0.126
   20   L   0.105   0.125   0.126
   21   I   0.102   0.113   0.123
   22   C   0.101   0.102   0.121
   23   Y   0.105   0.113   0.123
   24   T   0.102   0.130   0.120
   25   T   0.108   0.118   0.123
   26   N   0.103   0.115   0.119
   27   A   0.101   0.131   0.116
   28   F   0.169   0.095   0.151
   29   P   0.100   0.105   0.115
   30   K   0.122   0.093   0.125
   31   E   0.101   0.094   0.112
   32   Y   0.101   0.105   0.110
   33   I   0.101   0.101   0.107
   34   P   0.101   0.101   0.105
   35   T   0.101   0.108   0.105
   36   V   0.103   0.102   0.105
   37   F   0.102   0.110   0.105
   38   D   0.103   0.098   0.105
   39   N   0.098   0.107   0.102
   40   Y   0.101   0.106   0.103
   41   S   0.106   0.100   0.105
   42   A   0.103   0.099   0.102
   43   Q   0.099   0.097   0.100
   44   S   0.104   0.097   0.103
   45   A   0.099   0.099   0.100
   46   V   0.098   0.094   0.100
   47   D   0.102   0.105   0.102
   48   G   0.100   0.098   0.101
   49   R   0.097   0.099   0.099
   50   T   0.106   0.096   0.103
   51   V   0.104   0.095   0.102
   52   N   0.101   0.101   0.100
   53   L   0.103   0.099   0.101
   54   N   0.102   0.098   0.100
   55   L   0.104   0.098   0.101
   56   W   0.104   0.104   0.101
   57   D   0.102   0.101   0.100
   58   T   0.107   0.101   0.103
   59   A   0.105   0.101   0.102
   60   G   0.100   0.104   0.100
   61   Q   0.102   0.104   0.101
   62   E   0.102   0.104   0.101
   63   E   0.100   0.104   0.100
   64   Y   0.101   0.103   0.101
   65   D   0.097   0.105   0.099
   66   R   0.103   0.104   0.103
   67   L   0.104   0.105   0.103
   68   R   0.102   0.106   0.102
   69   T   0.105   0.104   0.104
   70   L   0.105   0.103   0.104
# Measure  Position  Value    Cutoff   signal peptide?
  max. C    28       0.169
  max. Y    28       0.151
  max. S     2       0.200
  mean S     1-27    0.147
       D     1-27    0.149   0.500   NO
Name=RHOG_HUMAN	SP='NO' D=0.149 D-cutoff=0.500 Networks=SignalP-TM
