# SignalP-4.1 euk predictions
# Name=RNF5_HUMAN	Length=70	Networks=SignalP-noTM
# pos  aa    C       S       Y
    1   M   0.103   0.111   0.107
    2   A   0.106   0.105   0.109
    3   A   0.100   0.112   0.106
    4   A   0.100   0.106   0.105
    5   E   0.103   0.121   0.107
    6   E   0.100   0.111   0.106
    7   E   0.100   0.117   0.106
    8   D   0.104   0.114   0.108
    9   G   0.102   0.126   0.107
   10   G   0.100   0.127   0.106
   11   P   0.103   0.158   0.108
   12   E   0.108   0.136   0.111
   13   G   0.102   0.128   0.109
   14   P   0.097   0.135   0.106
   15   N   0.105   0.123   0.111
   16   R   0.104   0.120   0.111
   17   E   0.104   0.125   0.111
   18   R   0.100   0.123   0.109
   19   G   0.109   0.117   0.115
   20   G   0.101   0.110   0.110
   21   A   0.103   0.106   0.111
   22   G   0.105   0.118   0.113
   23   A   0.104   0.112   0.112
   24   T   0.097   0.113   0.108
   25   F   0.106   0.100   0.113
   26   E   0.104   0.104   0.112
   27   C   0.102   0.098   0.111
   28   N   0.107   0.102   0.113
   29   I   0.103   0.099   0.111
   30   C   0.101   0.102   0.109
   31   L   0.102   0.101   0.110
   32   E   0.102   0.101   0.109
   33   T   0.100   0.103   0.107
   34   A   0.102   0.127   0.107
   35   R   0.094   0.113   0.103
   36   E   0.108   0.120   0.110
   37   A   0.100   0.108   0.105
   38   V   0.096   0.106   0.103
   39   V   0.103   0.109   0.106
   40   S   0.098   0.094   0.103
   41   V   0.100   0.106   0.104
   42   C   0.102   0.106   0.105
   43   G   0.107   0.111   0.107
   44   H   0.093   0.107   0.100
   45   L   0.103   0.102   0.105
   46   Y   0.102   0.100   0.104
   47   C   0.097   0.104   0.101
   48   W   0.100   0.108   0.103
   49   P   0.105   0.115   0.105
   50   C   0.102   0.121   0.104
   51   L   0.103   0.121   0.105
   52   H   0.099   0.123   0.104
   53   Q   0.107   0.110   0.108
   54   W   0.102   0.114   0.106
   55   L   0.097   0.125   0.103
   56   E   0.107   0.114   0.109
   57   T   0.104   0.109   0.107
   58   R   0.102   0.115   0.106
   59   P   0.106   0.106   0.108
   60   E   0.105   0.108   0.107
   61   R   0.101   0.109   0.106
   62   Q   0.101   0.107   0.106
   63   E   0.098   0.106   0.104
   64   C   0.100   0.107   0.105
   65   P   0.098   0.105   0.104
   66   V   0.102   0.105   0.106
   67   C   0.100   0.104   0.105
   68   K   0.104   0.100   0.107
   69   A   0.100   0.103   0.105
   70   G   0.098   0.102   0.104
# Measure  Position  Value    Cutoff   signal peptide?
  max. C    19       0.109
  max. Y    19       0.115
  max. S    11       0.158
  mean S     1-18    0.122
       D     1-18    0.119   0.450   NO
Name=RNF5_HUMAN	SP='NO' D=0.119 D-cutoff=0.450 Networks=SignalP-noTM
