# SignalP-4.1 euk predictions
# Name=RPTOR_HUMAN	Length=70	Networks=SignalP-noTM
# pos  aa    C       S       Y
    1   M   0.101   0.113   0.107
    2   E   0.102   0.098   0.108
    3   S   0.101   0.096   0.107
    4   E   0.098   0.100   0.105
    5   M   0.102   0.100   0.107
    6   L   0.101   0.095   0.105
    7   Q   0.099   0.094   0.104
    8   S   0.102   0.095   0.105
    9   P   0.102   0.105   0.105
   10   L   0.102   0.107   0.105
   11   L   0.104   0.105   0.106
   12   G   0.103   0.112   0.105
   13   L   0.097   0.107   0.102
   14   G   0.105   0.107   0.106
   15   E   0.100   0.092   0.103
   16   E   0.103   0.097   0.104
   17   D   0.097   0.094   0.101
   18   E   0.101   0.097   0.102
   19   A   0.099   0.102   0.101
   20   D   0.098   0.101   0.100
   21   L   0.095   0.096   0.099
   22   T   0.099   0.091   0.100
   23   D   0.103   0.092   0.102
   24   W   0.101   0.091   0.100
   25   N   0.098   0.091   0.099
   26   L   0.099   0.094   0.099
   27   P   0.102   0.088   0.100
   28   L   0.106   0.098   0.102
   29   A   0.108   0.100   0.103
   30   F   0.094   0.099   0.096
   31   M   0.106   0.099   0.102
   32   K   0.100   0.098   0.099
   33   K   0.099   0.098   0.099
   34   R   0.099   0.090   0.098
   35   H   0.105   0.096   0.101
   36   C   0.099   0.096   0.097
   37   E   0.115   0.098   0.105
   38   K   0.101   0.094   0.098
   39   I   0.102   0.098   0.099
   40   E   0.101   0.095   0.098
   41   G   0.098   0.099   0.097
   42   S   0.107   0.101   0.101
   43   K   0.097   0.111   0.096
   44   S   0.102   0.114   0.099
   45   L   0.101   0.114   0.099
   46   A   0.106   0.128   0.102
   47   Q   0.097   0.122   0.098
   48   S   0.109   0.131   0.105
   49   W   0.093   0.126   0.098
   50   R   0.100   0.143   0.102
   51   M   0.102   0.183   0.104
   52   K   0.096   0.135   0.103
   53   D   0.097   0.121   0.105
   54   R   0.100   0.112   0.106
   55   M   0.101   0.107   0.107
   56   K   0.102   0.113   0.108
   57   T   0.099   0.108   0.107
   58   V   0.102   0.114   0.108
   59   S   0.106   0.112   0.111
   60   V   0.103   0.114   0.110
   61   A   0.097   0.115   0.107
   62   L   0.102   0.121   0.110
   63   V   0.106   0.121   0.113
   64   L   0.103   0.115   0.112
   65   C   0.113   0.108   0.117
   66   L   0.103   0.118   0.112
   67   N   0.106   0.104   0.114
   68   V   0.104   0.106   0.112
   69   G   0.100   0.112   0.109
   70   V   0.097   0.117   0.108
# Measure  Position  Value    Cutoff   signal peptide?
  max. C    37       0.115
  max. Y    65       0.117
  max. S    51       0.183
  mean S     1-64    0.106
       D     1-64    0.111   0.450   NO
Name=RPTOR_HUMAN	SP='NO' D=0.111 D-cutoff=0.450 Networks=SignalP-noTM
