# SignalP-4.1 euk predictions
# Name=RWDD3_HUMAN	Length=70	Networks=SignalP-noTM
# pos  aa    C       S       Y
    1   M   0.104   0.117   0.110
    2   A   0.103   0.132   0.109
    3   E   0.101   0.113   0.109
    4   P   0.105   0.116   0.111
    5   V   0.103   0.123   0.110
    6   Q   0.104   0.121   0.110
    7   E   0.104   0.126   0.110
    8   E   0.097   0.118   0.107
    9   L   0.100   0.112   0.109
   10   S   0.103   0.113   0.110
   11   V   0.099   0.125   0.108
   12   L   0.108   0.105   0.113
   13   A   0.107   0.091   0.112
   14   A   0.098   0.113   0.107
   15   I   0.103   0.107   0.109
   16   F   0.099   0.101   0.107
   17   C   0.100   0.103   0.107
   18   R   0.105   0.102   0.109
   19   P   0.102   0.112   0.107
   20   H   0.102   0.113   0.107
   21   E   0.102   0.179   0.108
   22   W   0.100   0.159   0.108
   23   E   0.111   0.144   0.114
   24   V   0.098   0.145   0.108
   25   L   0.099   0.130   0.109
   26   S   0.104   0.126   0.112
   27   R   0.107   0.125   0.114
   28   S   0.110   0.112   0.115
   29   E   0.112   0.116   0.116
   30   T   0.104   0.106   0.112
   31   D   0.104   0.098   0.112
   32   G   0.100   0.102   0.109
   33   T   0.107   0.097   0.113
   34   V   0.103   0.097   0.110
   35   F   0.100   0.102   0.108
   36   R   0.104   0.096   0.111
   37   I   0.096   0.092   0.106
   38   H   0.102   0.096   0.109
   39   T   0.103   0.088   0.109
   40   K   0.104   0.095   0.109
   41   A   0.099   0.094   0.107
   42   E   0.102   0.095   0.108
   43   G   0.108   0.085   0.111
   44   F   0.094   0.090   0.101
   45   M   0.104   0.096   0.105
   46   D   0.102   0.091   0.103
   47   V   0.098   0.092   0.100
   48   D   0.100   0.089   0.100
   49   I   0.107   0.084   0.102
   50   P   0.099   0.089   0.098
   51   L   0.105   0.092   0.100
   52   E   0.103   0.095   0.098
   53   L   0.102   0.104   0.097
   54   V   0.099   0.105   0.096
   55   F   0.101   0.101   0.097
   56   H   0.103   0.097   0.098
   57   L   0.104   0.097   0.099
   58   P   0.104   0.091   0.099
   59   V   0.102   0.090   0.098
   60   N   0.099   0.092   0.096
   61   Y   0.102   0.095   0.098
   62   P   0.096   0.092   0.095
   63   S   0.102   0.094   0.098
   64   C   0.095   0.096   0.094
   65   L   0.101   0.096   0.097
   66   P   0.096   0.097   0.095
   67   G   0.101   0.097   0.098
   68   I   0.096   0.099   0.095
   69   S   0.104   0.098   0.099
   70   I   0.102   0.099   0.099
# Measure  Position  Value    Cutoff   signal peptide?
  max. C    29       0.112
  max. Y    29       0.116
  max. S    21       0.179
  mean S     1-28    0.121
       D     1-28    0.119   0.450   NO
Name=RWDD3_HUMAN	SP='NO' D=0.119 D-cutoff=0.450 Networks=SignalP-noTM
