# SignalP-4.1 euk predictions
# Name=RXFP2_HUMAN	Length=70	Networks=SignalP-TM
# pos  aa    C       S       Y
    1   M   0.102   0.433   0.210
    2   I   0.103   0.427   0.211
    3   V   0.102   0.358   0.210
    4   F   0.102   0.279   0.209
    5   L   0.104   0.211   0.208
    6   V   0.101   0.190   0.201
    7   F   0.102   0.164   0.198
    8   K   0.105   0.164   0.195
    9   H   0.098   0.158   0.183
   10   L   0.104   0.140   0.183
   11   F   0.103   0.134   0.177
   12   S   0.101   0.150   0.169
   13   L   0.101   0.061   0.163
   14   R   0.100   0.106   0.153
   15   L   0.101   0.052   0.147
   16   I   0.102   0.066   0.138
   17   T   0.101   0.078   0.127
   18   M   0.107   0.093   0.122
   19   F   0.113   0.083   0.119
   20   F   0.101   0.069   0.109
   21   L   0.100   0.070   0.104
   22   L   0.103   0.080   0.102
   23   H   0.101   0.107   0.098
   24   F   0.103   0.188   0.097
   25   I   0.105   0.217   0.100
   26   V   0.100   0.350   0.101
   27   L   0.100   0.540   0.108
   28   I   0.127   0.506   0.138
   29   N   0.106   0.493   0.137
   30   V   0.101   0.542   0.146
   31   K   0.142   0.376   0.186
   32   D   0.104   0.450   0.166
   33   F   0.106   0.411   0.176
   34   A   0.114   0.351   0.189
   35   L   0.106   0.247   0.188
   36   T   0.102   0.225   0.188
   37   Q   0.168   0.181   0.245
   38   G   0.102   0.217   0.192
   39   S   0.160   0.153   0.241
   40   M   0.100   0.153   0.190
   41   I   0.103   0.122   0.189
   42   T   0.104   0.103   0.181
   43   P   0.100   0.109   0.170
   44   S   0.104   0.108   0.165
   45   C   0.102   0.110   0.153
   46   Q   0.101   0.107   0.145
   47   K   0.099   0.114   0.136
   48   G   0.101   0.107   0.129
   49   Y   0.100   0.093   0.121
   50   F   0.102   0.095   0.118
   51   P   0.104   0.093   0.115
   52   C   0.101   0.096   0.110
   53   G   0.103   0.101   0.107
   54   N   0.103   0.100   0.105
   55   L   0.104   0.097   0.104
   56   T   0.101   0.095   0.102
   57   K   0.102   0.093   0.102
   58   C   0.101   0.095   0.101
   59   L   0.102   0.096   0.101
   60   P   0.105   0.098   0.102
   61   R   0.107   0.099   0.102
   62   A   0.104   0.100   0.101
   63   F   0.097   0.097   0.097
   64   H   0.104   0.098   0.100
   65   C   0.097   0.099   0.097
   66   D   0.101   0.102   0.099
   67   G   0.103   0.100   0.101
   68   K   0.096   0.101   0.097
   69   D   0.102   0.101   0.100
   70   D   0.101   0.102   0.100
# Measure  Position  Value    Cutoff   signal peptide?
  max. C    37       0.168
  max. Y    37       0.245
  max. S    30       0.542
  mean S     1-36    0.238
       D     1-36    0.242   0.500   NO
Name=RXFP2_HUMAN	SP='NO' D=0.242 D-cutoff=0.500 Networks=SignalP-TM
