# SignalP-4.1 euk predictions
# Name=S39A4_HUMAN	Length=70	Networks=SignalP-TM
# pos  aa    C       S       Y
    1   M   0.103   0.852   0.297
    2   A   0.103   0.869   0.296
    3   S   0.099   0.888   0.291
    4   L   0.102   0.891   0.295
    5   V   0.101   0.907   0.294
    6   S   0.102   0.917   0.297
    7   L   0.102   0.934   0.298
    8   E   0.100   0.929   0.296
    9   L   0.103   0.910   0.302
   10   G   0.104   0.908   0.303
   11   L   0.098   0.878   0.294
   12   L   0.106   0.827   0.306
   13   L   0.103   0.797   0.303
   14   A   0.103   0.799   0.301
   15   V   0.108   0.780   0.308
   16   L   0.103   0.855   0.301
   17   V   0.102   0.873   0.299
   18   V   0.105   0.855   0.302
   19   T   0.104   0.803   0.300
   20   A   0.126   0.833   0.330
   21   T   0.235   0.671   0.448
   22   A   0.163   0.600   0.369
   23   S   0.639   0.275   0.721
   24   P   0.122   0.231   0.306
   25   P   0.106   0.283   0.276
   26   A   0.109   0.340   0.272
   27   G   0.104   0.287   0.258
   28   L   0.116   0.232   0.265
   29   L   0.125   0.226   0.266
   30   S   0.111   0.187   0.241
   31   L   0.124   0.181   0.244
   32   L   0.103   0.164   0.210
   33   T   0.105   0.170   0.200
   34   S   0.109   0.155   0.191
   35   G   0.105   0.152   0.173
   36   Q   0.104   0.144   0.161
   37   G   0.106   0.174   0.151
   38   A   0.133   0.143   0.167
   39   L   0.102   0.125   0.144
   40   D   0.105   0.115   0.142
   41   Q   0.113   0.094   0.140
   42   E   0.103   0.096   0.129
   43   A   0.101   0.103   0.124
   44   L   0.098   0.109   0.119
   45   G   0.104   0.106   0.120
   46   G   0.104   0.105   0.117
   47   L   0.101   0.097   0.114
   48   L   0.104   0.096   0.113
   49   N   0.103   0.095   0.111
   50   T   0.105   0.090   0.110
   51   L   0.104   0.093   0.107
   52   A   0.107   0.096   0.106
   53   D   0.101   0.094   0.101
   54   R   0.100   0.094   0.100
   55   V   0.101   0.093   0.100
   56   H   0.103   0.098   0.100
   57   C   0.103   0.101   0.100
   58   A   0.124   0.100   0.110
   59   N   0.097   0.100   0.097
   60   G   0.102   0.096   0.099
   61   P   0.096   0.101   0.096
   62   C   0.107   0.099   0.101
   63   G   0.102   0.102   0.099
   64   K   0.098   0.102   0.097
   65   C   0.101   0.104   0.099
   66   L   0.104   0.102   0.101
   67   S   0.104   0.104   0.102
   68   V   0.100   0.105   0.100
   69   E   0.104   0.104   0.102
   70   D   0.102   0.104   0.102
# Measure  Position  Value    Cutoff   signal peptide?
  max. C    23       0.639
  max. Y    23       0.721
  max. S     7       0.934
  mean S     1-22    0.844
       D     1-22    0.770   0.500   YES
Name=S39A4_HUMAN	SP='YES' Cleavage site between pos. 22 and 23: ATA-SP D=0.770 D-cutoff=0.500 Networks=SignalP-TM
