# SignalP-4.1 euk predictions
# Name=SAMD1_HUMAN	Length=70	Networks=SignalP-TM
# pos  aa    C       S       Y
    1   M   0.103   0.156   0.127
    2   A   0.103   0.135   0.127
    3   G   0.099   0.120   0.124
    4   P   0.101   0.123   0.124
    5   P   0.105   0.110   0.125
    6   A   0.104   0.096   0.124
    7   L   0.098   0.106   0.118
    8   P   0.101   0.115   0.118
    9   P   0.101   0.125   0.117
   10   P   0.104   0.109   0.118
   11   E   0.105   0.094   0.117
   12   T   0.107   0.132   0.116
   13   A   0.105   0.113   0.114
   14   A   0.101   0.082   0.110
   15   A   0.105   0.075   0.110
   16   A   0.106   0.090   0.108
   17   T   0.100   0.093   0.103
   18   T   0.107   0.103   0.106
   19   A   0.106   0.113   0.105
   20   A   0.103   0.108   0.103
   21   A   0.103   0.116   0.104
   22   A   0.107   0.111   0.106
   23   S   0.107   0.105   0.106
   24   S   0.106   0.121   0.105
   25   S   0.108   0.135   0.106
   26   A   0.108   0.150   0.107
   27   A   0.131   0.130   0.119
   28   S   0.136   0.118   0.122
   29   P   0.103   0.113   0.108
   30   H   0.107   0.109   0.111
   31   Y   0.105   0.108   0.111
   32   Q   0.101   0.116   0.109
   33   E   0.104   0.109   0.111
   34   W   0.101   0.109   0.109
   35   I   0.104   0.113   0.111
   36   L   0.102   0.113   0.109
   37   D   0.105   0.111   0.111
   38   T   0.103   0.106   0.110
   39   I   0.106   0.106   0.112
   40   D   0.106   0.104   0.110
   41   S   0.105   0.104   0.108
   42   L   0.101   0.110   0.105
   43   R   0.102   0.113   0.106
   44   S   0.103   0.110   0.106
   45   R   0.103   0.107   0.106
   46   K   0.104   0.114   0.106
   47   A   0.103   0.113   0.106
   48   R   0.099   0.104   0.104
   49   P   0.103   0.104   0.106
   50   D   0.106   0.105   0.107
   51   L   0.103   0.110   0.105
   52   E   0.099   0.113   0.103
   53   R   0.100   0.111   0.104
   54   I   0.104   0.112   0.106
   55   C   0.102   0.107   0.106
   56   R   0.105   0.106   0.107
   57   M   0.105   0.104   0.107
   58   V   0.102   0.104   0.105
   59   R   0.106   0.102   0.107
   60   R   0.104   0.103   0.106
   61   R   0.103   0.101   0.105
   62   H   0.105   0.105   0.105
   63   G   0.102   0.104   0.104
   64   P   0.098   0.105   0.102
   65   E   0.104   0.105   0.105
   66   P   0.103   0.108   0.104
   67   E   0.102   0.108   0.104
   68   R   0.101   0.108   0.103
   69   T   0.106   0.108   0.106
   70   R   0.104   0.107   0.104
# Measure  Position  Value    Cutoff   signal peptide?
  max. C    28       0.136
  max. Y    28       0.122
  max. S     1       0.156
  mean S     1-27    0.114
       D     1-27    0.119   0.500   NO
Name=SAMD1_HUMAN	SP='NO' D=0.119 D-cutoff=0.500 Networks=SignalP-TM
