# SignalP-4.1 euk predictions
# Name=SDHL_HUMAN	Length=70	Networks=SignalP-TM
# pos  aa    C       S       Y
    1   M   0.101   0.119   0.110
    2   M   0.102   0.112   0.110
    3   S   0.103   0.108   0.111
    4   G   0.102   0.114   0.110
    5   E   0.101   0.107   0.109
    6   P   0.103   0.111   0.109
    7   L   0.102   0.115   0.109
    8   H   0.103   0.106   0.109
    9   V   0.100   0.104   0.107
   10   K   0.101   0.102   0.107
   11   T   0.102   0.095   0.107
   12   P   0.103   0.079   0.107
   13   I   0.105   0.096   0.106
   14   R   0.102   0.102   0.104
   15   D   0.102   0.090   0.104
   16   S   0.099   0.102   0.101
   17   M   0.102   0.100   0.102
   18   A   0.103   0.105   0.102
   19   L   0.107   0.111   0.104
   20   S   0.101   0.114   0.101
   21   K   0.098   0.112   0.100
   22   M   0.105   0.121   0.103
   23   A   0.105   0.120   0.104
   24   G   0.098   0.107   0.101
   25   T   0.103   0.102   0.103
   26   S   0.104   0.103   0.104
   27   V   0.102   0.106   0.104
   28   Y   0.103   0.104   0.105
   29   L   0.098   0.109   0.102
   30   K   0.101   0.110   0.104
   31   M   0.102   0.109   0.105
   32   D   0.105   0.109   0.107
   33   S   0.104   0.120   0.107
   34   A   0.106   0.118   0.108
   35   Q   0.118   0.105   0.114
   36   P   0.102   0.121   0.106
   37   S   0.102   0.105   0.106
   38   G   0.101   0.120   0.105
   39   S   0.098   0.115   0.104
   40   F   0.105   0.108   0.108
   41   K   0.099   0.108   0.105
   42   I   0.100   0.105   0.106
   43   R   0.105   0.103   0.108
   44   G   0.106   0.106   0.109
   45   I   0.101   0.109   0.106
   46   G   0.105   0.100   0.108
   47   H   0.100   0.106   0.105
   48   F   0.102   0.098   0.106
   49   C   0.102   0.096   0.105
   50   K   0.102   0.095   0.104
   51   R   0.103   0.094   0.104
   52   W   0.103   0.098   0.104
   53   A   0.106   0.097   0.104
   54   K   0.098   0.100   0.100
   55   Q   0.102   0.108   0.102
   56   G   0.100   0.108   0.100
   57   C   0.102   0.108   0.102
   58   A   0.103   0.102   0.102
   59   H   0.099   0.101   0.100
   60   F   0.100   0.090   0.101
   61   V   0.099   0.096   0.099
   62   C   0.104   0.100   0.102
   63   S   0.105   0.098   0.102
   64   S   0.102   0.104   0.101
   65   A   0.102   0.102   0.101
   66   G   0.099   0.097   0.100
   67   N   0.099   0.098   0.100
   68   A   0.102   0.102   0.101
   69   G   0.100   0.094   0.101
   70   M   0.101   0.096   0.101
# Measure  Position  Value    Cutoff   signal peptide?
  max. C    35       0.118
  max. Y    35       0.114
  max. S    22       0.121
  mean S     1-34    0.107
       D     1-34    0.111   0.500   NO
Name=SDHL_HUMAN	SP='NO' D=0.111 D-cutoff=0.500 Networks=SignalP-TM
