# SignalP-4.1 euk predictions
# Name=SIA8E_HUMAN	Length=70	Networks=SignalP-noTM
# pos  aa    C       S       Y
    1   M   0.100   0.263   0.162
    2   R   0.102   0.270   0.164
    3   Y   0.106   0.330   0.168
    4   A   0.101   0.423   0.164
    5   D   0.098   0.512   0.163
    6   P   0.104   0.539   0.172
    7   S   0.103   0.529   0.175
    8   A   0.105   0.708   0.180
    9   N   0.096   0.770   0.178
   10   R   0.099   0.832   0.187
   11   D   0.100   0.837   0.195
   12   L   0.105   0.857   0.206
   13   L   0.106   0.857   0.214
   14   G   0.106   0.855   0.221
   15   S   0.100   0.864   0.220
   16   R   0.104   0.899   0.231
   17   T   0.105   0.911   0.239
   18   L   0.102   0.881   0.242
   19   L   0.097   0.833   0.241
   20   F   0.099   0.850   0.249
   21   I   0.101   0.879   0.256
   22   F   0.098   0.843   0.259
   23   I   0.106   0.896   0.273
   24   C   0.103   0.922   0.275
   25   A   0.103   0.954   0.281
   26   F   0.095   0.920   0.274
   27   A   0.105   0.886   0.293
   28   L   0.406   0.711   0.582
   29   V   0.097   0.841   0.285
   30   T   0.115   0.811   0.314
   31   L   0.108   0.850   0.304
   32   L   0.128   0.840   0.333
   33   Q   0.207   0.636   0.422
   34   Q   0.164   0.440   0.374
   35   I   0.142   0.294   0.344
   36   L   0.104   0.308   0.290
   37   Y   0.103   0.427   0.284
   38   G   0.137   0.299   0.323
   39   R   0.169   0.147   0.353
   40   N   0.099   0.130   0.264
   41   Y   0.105   0.114   0.265
   42   I   0.097   0.122   0.248
   43   K   0.096   0.110   0.240
   44   R   0.099   0.100   0.237
   45   Y   0.104   0.097   0.236
   46   F   0.099   0.098   0.222
   47   E   0.102   0.096   0.217
   48   F   0.102   0.086   0.208
   49   Y   0.100   0.102   0.196
   50   E   0.104   0.093   0.190
   51   G   0.103   0.098   0.182
   52   P   0.097   0.097   0.167
   53   F   0.105   0.095   0.163
   54   E   0.102   0.091   0.150
   55   Y   0.104   0.098   0.139
   56   N   0.098   0.103   0.126
   57   S   0.104   0.095   0.123
   58   T   0.098   0.099   0.115
   59   R   0.104   0.100   0.115
   60   C   0.102   0.102   0.107
   61   L   0.100   0.103   0.101
   62   E   0.100   0.098   0.101
   63   L   0.098   0.102   0.099
   64   R   0.105   0.100   0.102
   65   H   0.101   0.098   0.100
   66   E   0.107   0.099   0.102
   67   I   0.105   0.096   0.101
   68   L   0.099   0.096   0.098
   69   E   0.106   0.095   0.102
   70   V   0.098   0.094   0.098
# Measure  Position  Value    Cutoff   signal peptide?
  max. C    28       0.406
  max. Y    28       0.582
  max. S    25       0.954
  mean S     1-27    0.745
       D     1-27    0.670   0.450   YES
Name=SIA8E_HUMAN	SP='YES' Cleavage site between pos. 27 and 28: AFA-LV D=0.670 D-cutoff=0.450 Networks=SignalP-noTM
