# SignalP-4.1 euk predictions
# Name=SMAG2_HUMAN	Length=70	Networks=SignalP-noTM
# pos  aa    C       S       Y
    1   M   0.100   0.173   0.132
    2   M   0.103   0.157   0.133
    3   F   0.100   0.164   0.131
    4   R   0.101   0.165   0.132
    5   D   0.106   0.159   0.135
    6   Q   0.101   0.183   0.132
    7   V   0.100   0.210   0.131
    8   G   0.104   0.165   0.134
    9   I   0.099   0.185   0.131
   10   L   0.100   0.296   0.131
   11   A   0.104   0.223   0.136
   12   G   0.097   0.205   0.133
   13   W   0.095   0.171   0.132
   14   F   0.101   0.204   0.136
   15   K   0.104   0.169   0.138
   16   G   0.103   0.203   0.137
   17   W   0.094   0.232   0.132
   18   N   0.102   0.279   0.138
   19   E   0.107   0.177   0.143
   20   C   0.106   0.144   0.143
   21   E   0.121   0.133   0.152
   22   Q   0.097   0.141   0.136
   23   T   0.111   0.117   0.145
   24   V   0.105   0.124   0.140
   25   A   0.101   0.137   0.136
   26   L   0.112   0.130   0.143
   27   L   0.100   0.119   0.135
   28   S   0.101   0.114   0.135
   29   L   0.107   0.113   0.137
   30   L   0.103   0.113   0.133
   31   K   0.103   0.122   0.132
   32   R   0.103   0.125   0.131
   33   V   0.104   0.132   0.128
   34   T   0.098   0.139   0.123
   35   R   0.105   0.243   0.126
   36   T   0.129   0.141   0.142
   37   Q   0.123   0.102   0.137
   38   A   0.100   0.120   0.122
   39   R   0.257   0.080   0.193
   40   F   0.103   0.086   0.119
   41   L   0.103   0.094   0.115
   42   Q   0.103   0.094   0.114
   43   L   0.104   0.102   0.113
   44   C   0.104   0.107   0.113
   45   L   0.101   0.106   0.110
   46   E   0.103   0.105   0.111
   47   H   0.100   0.101   0.109
   48   S   0.104   0.115   0.111
   49   L   0.100   0.114   0.108
   50   A   0.100   0.122   0.108
   51   D   0.111   0.091   0.114
   52   C   0.098   0.099   0.106
   53   N   0.135   0.097   0.125
   54   D   0.100   0.111   0.107
   55   I   0.099   0.106   0.106
   56   H   0.096   0.110   0.104
   57   L   0.101   0.105   0.106
   58   L   0.097   0.100   0.101
   59   E   0.099   0.105   0.101
   60   S   0.100   0.104   0.102
   61   E   0.105   0.104   0.104
   62   A   0.105   0.099   0.104
   63   N   0.098   0.103   0.101
   64   S   0.103   0.105   0.104
   65   A   0.097   0.103   0.101
   66   A   0.099   0.102   0.102
   67   I   0.100   0.101   0.103
   68   V   0.093   0.102   0.098
   69   S   0.100   0.104   0.102
   70   Q   0.103   0.101   0.104
# Measure  Position  Value    Cutoff   signal peptide?
  max. C    39       0.257
  max. Y    39       0.193
  max. S    10       0.296
  mean S     1-38    0.164
       D     1-38    0.177   0.450   NO
Name=SMAG2_HUMAN	SP='NO' D=0.177 D-cutoff=0.450 Networks=SignalP-noTM
