# SignalP-4.1 euk predictions
# Name=SNTB2_HUMAN	Length=70	Networks=SignalP-TM
# pos  aa    C       S       Y
    1   M   0.101   0.222   0.150
    2   R   0.102   0.224   0.150
    3   V   0.105   0.217   0.152
    4   A   0.105   0.188   0.152
    5   A   0.101   0.195   0.149
    6   A   0.100   0.188   0.147
    7   T   0.101   0.262   0.148
    8   A   0.107   0.254   0.152
    9   A   0.100   0.210   0.148
   10   A   0.101   0.253   0.149
   11   G   0.101   0.353   0.149
   12   A   0.102   0.324   0.153
   13   G   0.101   0.230   0.155
   14   P   0.103   0.222   0.157
   15   A   0.105   0.220   0.158
   16   M   0.103   0.218   0.157
   17   A   0.105   0.268   0.158
   18   V   0.210   0.203   0.225
   19   W   0.105   0.217   0.159
   20   T   0.107   0.213   0.162
   21   R   0.113   0.189   0.167
   22   A   0.107   0.211   0.160
   23   T   0.115   0.159   0.166
   24   K   0.106   0.172   0.158
   25   A   0.104   0.163   0.154
   26   G   0.143   0.161   0.175
   27   L   0.104   0.171   0.145
   28   V   0.104   0.146   0.144
   29   E   0.105   0.144   0.143
   30   L   0.105   0.148   0.140
   31   L   0.104   0.127   0.138
   32   L   0.106   0.151   0.136
   33   R   0.104   0.147   0.133
   34   E   0.104   0.131   0.131
   35   R   0.103   0.119   0.128
   36   W   0.103   0.140   0.126
   37   V   0.101   0.140   0.123
   38   R   0.098   0.128   0.120
   39   V   0.104   0.149   0.122
   40   V   0.097   0.146   0.118
   41   A   0.102   0.152   0.121
   42   E   0.141   0.112   0.141
   43   L   0.100   0.121   0.118
   44   S   0.104   0.116   0.119
   45   G   0.101   0.119   0.117
   46   E   0.099   0.106   0.115
   47   S   0.102   0.107   0.116
   48   L   0.102   0.108   0.114
   49   S   0.105   0.101   0.115
   50   L   0.102   0.095   0.113
   51   T   0.104   0.106   0.113
   52   G   0.103   0.104   0.111
   53   D   0.101   0.104   0.109
   54   A   0.103   0.111   0.108
   55   A   0.101   0.111   0.106
   56   A   0.102   0.109   0.105
   57   A   0.102   0.103   0.105
   58   E   0.099   0.098   0.103
   59   L   0.103   0.097   0.104
   60   E   0.101   0.096   0.102
   61   P   0.106   0.097   0.105
   62   A   0.105   0.097   0.104
   63   L   0.100   0.097   0.101
   64   G   0.108   0.097   0.105
   65   P   0.101   0.102   0.102
   66   A   0.107   0.101   0.104
   67   A   0.102   0.111   0.102
   68   A   0.104   0.106   0.103
   69   A   0.099   0.107   0.100
   70   F   0.099   0.105   0.100
# Measure  Position  Value    Cutoff   signal peptide?
  max. C    18       0.210
  max. Y    18       0.225
  max. S    11       0.353
  mean S     1-17    0.238
       D     1-17    0.230   0.500   NO
Name=SNTB2_HUMAN	SP='NO' D=0.230 D-cutoff=0.500 Networks=SignalP-TM
