# SignalP-4.1 euk predictions
# Name=SNX1_HUMAN	Length=70	Networks=SignalP-noTM
# pos  aa    C       S       Y
    1   M   0.103   0.175   0.134
    2   A   0.103   0.145   0.135
    3   S   0.098   0.122   0.131
    4   G   0.104   0.120   0.133
    5   G   0.100   0.106   0.130
    6   G   0.101   0.100   0.130
    7   G   0.100   0.108   0.127
    8   C   0.099   0.105   0.126
    9   S   0.104   0.105   0.127
   10   A   0.100   0.104   0.124
   11   S   0.098   0.111   0.121
   12   E   0.101   0.104   0.122
   13   R   0.098   0.088   0.119
   14   L   0.103   0.091   0.120
   15   P   0.100   0.089   0.117
   16   P   0.100   0.096   0.115
   17   P   0.107   0.097   0.117
   18   F   0.103   0.093   0.113
   19   P   0.106   0.092   0.113
   20   G   0.103   0.088   0.110
   21   L   0.098   0.093   0.105
   22   E   0.106   0.098   0.108
   23   P   0.104   0.096   0.105
   24   E   0.104   0.094   0.103
   25   S   0.104   0.095   0.102
   26   E   0.106   0.095   0.102
   27   G   0.106   0.110   0.102
   28   A   0.099   0.107   0.099
   29   A   0.099   0.106   0.098
   30   G   0.099   0.113   0.099
   31   G   0.102   0.108   0.100
   32   S   0.098   0.104   0.098
   33   E   0.103   0.103   0.101
   34   P   0.102   0.113   0.100
   35   E   0.103   0.110   0.101
   36   A   0.104   0.108   0.102
   37   G   0.098   0.115   0.099
   38   D   0.100   0.116   0.101
   39   S   0.105   0.112   0.104
   40   D   0.104   0.109   0.104
   41   T   0.104   0.109   0.104
   42   E   0.101   0.106   0.103
   43   G   0.107   0.101   0.106
   44   E   0.099   0.105   0.102
   45   D   0.110   0.102   0.108
   46   I   0.105   0.101   0.106
   47   F   0.102   0.094   0.105
   48   T   0.108   0.097   0.107
   49   G   0.112   0.088   0.109
   50   A   0.104   0.081   0.105
   51   A   0.100   0.095   0.102
   52   V   0.099   0.097   0.101
   53   V   0.099   0.092   0.101
   54   S   0.102   0.091   0.102
   55   K   0.103   0.100   0.103
   56   H   0.102   0.097   0.102
   57   Q   0.097   0.098   0.099
   58   S   0.100   0.100   0.100
   59   P   0.099   0.098   0.099
   60   K   0.104   0.103   0.102
   61   I   0.104   0.098   0.101
   62   T   0.098   0.096   0.098
   63   T   0.099   0.100   0.098
   64   S   0.103   0.101   0.100
   65   L   0.100   0.104   0.098
   66   L   0.101   0.104   0.099
   67   P   0.100   0.100   0.099
   68   I   0.107   0.100   0.102
   69   N   0.106   0.098   0.101
   70   N   0.112   0.098   0.104
# Measure  Position  Value    Cutoff   signal peptide?
  max. C    70       0.112
  max. Y    12       0.122
  max. S     1       0.175
  mean S     1-11    0.118
       D     1-11    0.120   0.450   NO
Name=SNX1_HUMAN	SP='NO' D=0.120 D-cutoff=0.450 Networks=SignalP-noTM
