# SignalP-4.1 euk predictions
# Name=SNX5_HUMAN	Length=70	Networks=SignalP-noTM
# pos  aa    C       S       Y
    1   M   0.104   0.072   0.087
    2   A   0.106   0.066   0.087
    3   A   0.099   0.076   0.085
    4   V   0.099   0.083   0.084
    5   P   0.102   0.101   0.086
    6   E   0.103   0.099   0.087
    7   L   0.101   0.102   0.087
    8   L   0.105   0.092   0.089
    9   Q   0.103   0.094   0.089
   10   Q   0.103   0.090   0.090
   11   Q   0.105   0.095   0.091
   12   E   0.105   0.077   0.092
   13   E   0.102   0.072   0.091
   14   D   0.097   0.081   0.089
   15   R   0.094   0.090   0.087
   16   S   0.101   0.091   0.091
   17   K   0.094   0.091   0.088
   18   L   0.093   0.101   0.088
   19   R   0.099   0.103   0.091
   20   S   0.099   0.099   0.092
   21   V   0.099   0.101   0.093
   22   S   0.104   0.097   0.096
   23   V   0.102   0.096   0.096
   24   D   0.094   0.100   0.092
   25   L   0.104   0.094   0.098
   26   N   0.104   0.091   0.098
   27   V   0.100   0.092   0.097
   28   D   0.102   0.092   0.097
   29   P   0.103   0.089   0.098
   30   S   0.106   0.090   0.099
   31   L   0.101   0.093   0.097
   32   Q   0.103   0.096   0.097
   33   I   0.117   0.092   0.104
   34   D   0.098   0.096   0.095
   35   I   0.096   0.095   0.095
   36   P   0.106   0.101   0.100
   37   D   0.109   0.097   0.102
   38   A   0.099   0.113   0.097
   39   L   0.097   0.104   0.097
   40   S   0.103   0.106   0.100
   41   E   0.100   0.110   0.099
   42   R   0.099   0.108   0.098
   43   D   0.107   0.103   0.103
   44   K   0.101   0.100   0.099
   45   V   0.102   0.100   0.100
   46   K   0.099   0.095   0.099
   47   F   0.102   0.085   0.100
   48   T   0.100   0.092   0.099
   49   V   0.102   0.089   0.100
   50   H   0.106   0.088   0.101
   51   T   0.098   0.093   0.098
   52   K   0.098   0.094   0.098
   53   T   0.103   0.090   0.100
   54   T   0.102   0.091   0.100
   55   L   0.100   0.098   0.099
   56   P   0.102   0.100   0.100
   57   T   0.103   0.102   0.101
   58   F   0.105   0.094   0.102
   59   Q   0.100   0.096   0.099
   60   S   0.104   0.095   0.101
   61   P   0.095   0.097   0.096
   62   E   0.097   0.098   0.097
   63   F   0.097   0.099   0.097
   64   S   0.101   0.104   0.098
   65   V   0.096   0.103   0.096
   66   T   0.102   0.104   0.099
   67   R   0.104   0.102   0.100
   68   Q   0.099   0.104   0.098
   69   H   0.097   0.102   0.097
   70   E   0.102   0.101   0.099
# Measure  Position  Value    Cutoff   signal peptide?
  max. C    33       0.117
  max. Y    33       0.104
  max. S    38       0.113
  mean S     1-32    0.091
       D     1-32    0.097   0.450   NO
Name=SNX5_HUMAN	SP='NO' D=0.097 D-cutoff=0.450 Networks=SignalP-noTM
