# SignalP-4.1 euk predictions
# Name=SPNS3_HUMAN	Length=70	Networks=SignalP-TM
# pos  aa    C       S       Y
    1   M   0.103   0.095   0.099
    2   A   0.104   0.098   0.099
    3   G   0.099   0.087   0.097
    4   G   0.101   0.080   0.098
    5   M   0.100   0.080   0.097
    6   S   0.105   0.079   0.099
    7   A   0.104   0.075   0.098
    8   E   0.103   0.076   0.096
    9   C   0.102   0.076   0.095
   10   P   0.100   0.076   0.094
   11   E   0.103   0.083   0.094
   12   P   0.103   0.075   0.093
   13   G   0.103   0.073   0.093
   14   P   0.101   0.083   0.091
   15   G   0.105   0.109   0.092
   16   G   0.105   0.095   0.093
   17   L   0.103   0.096   0.092
   18   Q   0.105   0.091   0.093
   19   G   0.105   0.098   0.094
   20   Q   0.103   0.101   0.093
   21   S   0.105   0.102   0.095
   22   P   0.104   0.103   0.096
   23   G   0.104   0.103   0.097
   24   P   0.098   0.106   0.095
   25   G   0.104   0.101   0.099
   26   R   0.101   0.101   0.098
   27   Q   0.103   0.104   0.100
   28   C   0.102   0.103   0.101
   29   P   0.100   0.106   0.101
   30   P   0.101   0.109   0.101
   31   P   0.105   0.106   0.103
   32   I   0.104   0.108   0.103
   33   T   0.103   0.099   0.103
   34   P   0.104   0.106   0.104
   35   T   0.104   0.117   0.104
   36   S   0.104   0.110   0.105
   37   W   0.103   0.114   0.104
   38   S   0.103   0.121   0.105
   39   L   0.100   0.133   0.104
   40   P   0.103   0.150   0.106
   41   P   0.105   0.159   0.109
   42   W   0.106   0.142   0.112
   43   R   0.105   0.099   0.112
   44   A   0.105   0.071   0.112
   45   Y   0.098   0.074   0.107
   46   V   0.102   0.062   0.108
   47   A   0.102   0.054   0.107
   48   A   0.104   0.053   0.106
   49   A   0.106   0.056   0.105
   50   V   0.103   0.039   0.101
   51   L   0.105   0.043   0.100
   52   C   0.103   0.049   0.096
   53   Y   0.103   0.033   0.094
   54   I   0.105   0.040   0.090
   55   N   0.103   0.036   0.085
   56   L   0.103   0.038   0.079
   57   L   0.104   0.046   0.074
   58   N   0.104   0.058   0.072
   59   Y   0.101   0.050   0.070
   60   M   0.100   0.061   0.069
   61   N   0.102   0.075   0.069
   62   W   0.102   0.088   0.070
   63   F   0.101   0.099   0.072
   64   I   0.102   0.117   0.074
   65   I   0.103   0.149   0.078
   66   A   0.101   0.180   0.082
   67   G   0.098   0.164   0.087
   68   V   0.102   0.137   0.094
   69   L   0.103   0.116   0.098
   70   L   0.103   0.111   0.101
# Measure  Position  Value    Cutoff   signal peptide?
  max. C    49       0.106
  max. Y    43       0.112
  max. S    66       0.180
  mean S     1-42    0.101
       D     1-42    0.108   0.500   NO
Name=SPNS3_HUMAN	SP='NO' D=0.108 D-cutoff=0.500 Networks=SignalP-TM
