# SignalP-4.1 euk predictions
# Name=SRSF1_HUMAN	Length=70	Networks=SignalP-noTM
# pos  aa    C       S       Y
    1   M   0.101   0.102   0.102
    2   S   0.104   0.098   0.103
    3   G   0.101   0.137   0.102
    4   G   0.099   0.114   0.101
    5   G   0.102   0.102   0.103
    6   V   0.099   0.093   0.101
    7   I   0.104   0.099   0.104
    8   R   0.100   0.093   0.102
    9   G   0.104   0.092   0.104
   10   P   0.100   0.085   0.101
   11   A   0.110   0.088   0.106
   12   G   0.099   0.088   0.100
   13   N   0.099   0.077   0.100
   14   N   0.097   0.078   0.098
   15   D   0.103   0.086   0.101
   16   C   0.102   0.102   0.100
   17   R   0.103   0.098   0.100
   18   I   0.104   0.093   0.101
   19   Y   0.101   0.089   0.099
   20   V   0.099   0.096   0.097
   21   G   0.103   0.092   0.099
   22   N   0.103   0.097   0.099
   23   L   0.099   0.095   0.097
   24   P   0.100   0.096   0.098
   25   P   0.105   0.103   0.100
   26   D   0.105   0.099   0.099
   27   I   0.106   0.094   0.099
   28   R   0.104   0.094   0.098
   29   T   0.100   0.098   0.096
   30   K   0.113   0.098   0.102
   31   D   0.105   0.095   0.098
   32   I   0.098   0.095   0.095
   33   E   0.097   0.099   0.095
   34   D   0.100   0.099   0.097
   35   V   0.098   0.093   0.096
   36   F   0.102   0.103   0.098
   37   Y   0.106   0.096   0.101
   38   K   0.096   0.100   0.096
   39   Y   0.104   0.104   0.100
   40   G   0.106   0.100   0.101
   41   A   0.100   0.100   0.099
   42   I   0.099   0.101   0.098
   43   R   0.099   0.105   0.098
   44   D   0.099   0.102   0.099
   45   I   0.097   0.098   0.098
   46   D   0.105   0.102   0.102
   47   L   0.100   0.099   0.100
   48   K   0.100   0.095   0.099
   49   N   0.100   0.100   0.099
   50   R   0.105   0.097   0.102
   51   R   0.104   0.099   0.101
   52   G   0.109   0.095   0.104
   53   G   0.098   0.093   0.098
   54   P   0.098   0.092   0.099
   55   P   0.104   0.098   0.102
   56   F   0.103   0.110   0.101
   57   A   0.104   0.106   0.102
   58   F   0.095   0.106   0.097
   59   V   0.105   0.106   0.102
   60   E   0.100   0.110   0.100
   61   F   0.107   0.106   0.104
   62   E   0.097   0.106   0.099
   63   D   0.106   0.103   0.103
   64   P   0.104   0.104   0.103
   65   R   0.105   0.105   0.103
   66   D   0.111   0.099   0.106
   67   A   0.101   0.102   0.101
   68   E   0.099   0.106   0.100
   69   D   0.105   0.105   0.103
   70   A   0.096   0.105   0.099
# Measure  Position  Value    Cutoff   signal peptide?
  max. C    30       0.113
  max. Y    66       0.106
  max. S     3       0.137
  mean S     1-65    0.098
       D     1-65    0.102   0.450   NO
Name=SRSF1_HUMAN	SP='NO' D=0.102 D-cutoff=0.450 Networks=SignalP-noTM
