# SignalP-4.1 euk predictions
# Name=SYSM_HUMAN	Length=70	Networks=SignalP-TM
# pos  aa    C       S       Y
    1   M   0.103   0.372   0.196
    2   A   0.104   0.317   0.197
    3   A   0.099   0.309   0.191
    4   S   0.100   0.310   0.190
    5   M   0.103   0.245   0.192
    6   A   0.102   0.209   0.189
    7   R   0.100   0.193   0.184
    8   R   0.104   0.160   0.184
    9   L   0.102   0.155   0.178
   10   W   0.102   0.157   0.174
   11   P   0.103   0.150   0.170
   12   L   0.104   0.136   0.165
   13   L   0.103   0.173   0.160
   14   T   0.105   0.164   0.156
   15   R   0.103   0.172   0.150
   16   R   0.105   0.176   0.146
   17   G   0.106   0.133   0.143
   18   F   0.102   0.127   0.136
   19   R   0.100   0.119   0.130
   20   P   0.102   0.129   0.127
   21   R   0.107   0.123   0.128
   22   G   0.103   0.145   0.124
   23   G   0.102   0.135   0.122
   24   C   0.100   0.132   0.121
   25   I   0.110   0.105   0.126
   26   S   0.103   0.104   0.120
   27   N   0.099   0.105   0.117
   28   D   0.100   0.103   0.115
   29   S   0.102   0.108   0.115
   30   P   0.103   0.106   0.113
   31   R   0.102   0.103   0.110
   32   R   0.102   0.104   0.109
   33   S   0.104   0.102   0.110
   34   F   0.099   0.102   0.107
   35   T   0.101   0.102   0.107
   36   T   0.105   0.099   0.108
   37   E   0.102   0.103   0.105
   38   K   0.101   0.102   0.103
   39   R   0.102   0.102   0.103
   40   N   0.104   0.104   0.104
   41   R   0.103   0.104   0.103
   42   N   0.103   0.105   0.103
   43   L   0.104   0.102   0.104
   44   L   0.104   0.102   0.103
   45   Y   0.105   0.099   0.104
   46   E   0.102   0.099   0.102
   47   Y   0.107   0.092   0.104
   48   A   0.104   0.091   0.102
   49   R   0.099   0.093   0.100
   50   E   0.104   0.094   0.102
   51   G   0.099   0.093   0.099
   52   Y   0.098   0.096   0.098
   53   S   0.105   0.098   0.101
   54   A   0.100   0.098   0.099
   55   L   0.097   0.100   0.097
   56   P   0.103   0.100   0.100
   57   Q   0.102   0.098   0.099
   58   L   0.104   0.100   0.100
   59   D   0.103   0.103   0.100
   60   I   0.102   0.100   0.099
   61   E   0.101   0.104   0.099
   62   R   0.103   0.103   0.100
   63   F   0.106   0.101   0.102
   64   C   0.106   0.099   0.103
   65   A   0.102   0.100   0.101
   66   C   0.098   0.101   0.099
   67   P   0.101   0.103   0.101
   68   E   0.101   0.102   0.101
   69   E   0.103   0.104   0.102
   70   A   0.104   0.103   0.103
# Measure  Position  Value    Cutoff   signal peptide?
  max. C    25       0.110
  max. Y    11       0.170
  max. S     1       0.372
  mean S     1-10    0.243
       D     1-10    0.199   0.500   NO
Name=SYSM_HUMAN	SP='NO' D=0.199 D-cutoff=0.500 Networks=SignalP-TM
