# SignalP-4.1 euk predictions
# Name=TATD1_HUMAN	Length=70	Networks=SignalP-TM
# pos  aa    C       S       Y
    1   M   0.101   0.136   0.117
    2   S   0.102   0.125   0.117
    3   R   0.101   0.115   0.117
    4   F   0.102   0.103   0.117
    5   K   0.102   0.102   0.116
    6   F   0.101   0.108   0.114
    7   I   0.103   0.096   0.114
    8   D   0.103   0.086   0.113
    9   I   0.104   0.086   0.112
   10   G   0.100   0.091   0.108
   11   I   0.100   0.086   0.107
   12   N   0.103   0.077   0.106
   13   L   0.099   0.091   0.103
   14   T   0.099   0.099   0.101
   15   D   0.101   0.083   0.101
   16   P   0.103   0.101   0.100
   17   M   0.109   0.100   0.101
   18   F   0.100   0.130   0.097
   19   R   0.102   0.121   0.098
   20   G   0.103   0.121   0.100
   21   I   0.102   0.111   0.100
   22   Y   0.100   0.110   0.099
   23   R   0.100   0.116   0.100
   24   G   0.104   0.106   0.103
   25   V   0.099   0.110   0.102
   26   Q   0.102   0.112   0.104
   27   K   0.105   0.107   0.107
   28   H   0.102   0.109   0.106
   29   Q   0.101   0.100   0.105
   30   D   0.103   0.098   0.107
   31   D   0.102   0.098   0.106
   32   L   0.101   0.095   0.106
   33   Q   0.101   0.092   0.105
   34   D   0.101   0.091   0.104
   35   V   0.102   0.089   0.103
   36   I   0.102   0.086   0.102
   37   G   0.104   0.090   0.102
   38   R   0.097   0.096   0.098
   39   A   0.105   0.093   0.101
   40   V   0.099   0.089   0.098
   41   E   0.101   0.095   0.098
   42   I   0.101   0.085   0.098
   43   G   0.102   0.090   0.097
   44   V   0.101   0.090   0.097
   45   K   0.103   0.092   0.097
   46   K   0.102   0.085   0.097
   47   F   0.098   0.079   0.094
   48   M   0.103   0.077   0.096
   49   I   0.105   0.072   0.096
   50   T   0.104   0.077   0.095
   51   G   0.105   0.085   0.095
   52   G   0.102   0.091   0.094
   53   N   0.101   0.095   0.093
   54   L   0.103   0.099   0.094
   55   Q   0.099   0.100   0.093
   56   D   0.103   0.098   0.095
   57   S   0.100   0.099   0.094
   58   K   0.104   0.098   0.096
   59   D   0.106   0.099   0.097
   60   A   0.102   0.101   0.096
   61   L   0.098   0.102   0.094
   62   H   0.103   0.099   0.097
   63   L   0.101   0.102   0.097
   64   A   0.103   0.104   0.099
   65   Q   0.095   0.102   0.097
   66   T   0.104   0.101   0.102
   67   N   0.100   0.100   0.100
   68   G   0.105   0.097   0.103
   69   M   0.098   0.099   0.099
   70   F   0.102   0.098   0.101
# Measure  Position  Value    Cutoff   signal peptide?
  max. C    17       0.109
  max. Y    11       0.107
  max. S     1       0.136
  mean S     1-10    0.105
       D     1-10    0.106   0.500   NO
Name=TATD1_HUMAN	SP='NO' D=0.106 D-cutoff=0.500 Networks=SignalP-TM
