# SignalP-4.1 euk predictions
# Name=TESP1_HUMAN	Length=70	Networks=SignalP-noTM
# pos  aa    C       S       Y
    1   M   0.101   0.142   0.120
    2   E   0.104   0.114   0.121
    3   A   0.102   0.110   0.120
    4   S   0.098   0.118   0.117
    5   V   0.102   0.116   0.118
    6   L   0.096   0.110   0.115
    7   S   0.104   0.102   0.118
    8   P   0.096   0.123   0.113
    9   T   0.105   0.168   0.118
   10   S   0.104   0.148   0.118
   11   W   0.099   0.120   0.115
   12   E   0.102   0.134   0.116
   13   K   0.094   0.155   0.112
   14   R   0.099   0.128   0.115
   15   R   0.105   0.139   0.118
   16   A   0.105   0.132   0.118
   17   W   0.102   0.122   0.116
   18   L   0.102   0.120   0.116
   19   R   0.103   0.115   0.116
   20   Q   0.102   0.105   0.115
   21   S   0.101   0.103   0.114
   22   R   0.102   0.111   0.113
   23   N   0.109   0.111   0.117
   24   W   0.105   0.108   0.113
   25   Q   0.098   0.109   0.110
   26   T   0.102   0.101   0.112
   27   Q   0.103   0.104   0.112
   28   V   0.097   0.106   0.109
   29   L   0.095   0.112   0.107
   30   E   0.100   0.122   0.110
   31   E   0.100   0.114   0.110
   32   E   0.104   0.106   0.111
   33   A   0.107   0.118   0.112
   34   A   0.094   0.126   0.105
   35   A   0.101   0.132   0.109
   36   A   0.103   0.136   0.109
   37   L   0.107   0.115   0.111
   38   Q   0.101   0.107   0.108
   39   D   0.100   0.105   0.107
   40   V   0.105   0.093   0.109
   41   P   0.100   0.100   0.106
   42   D   0.106   0.099   0.108
   43   P   0.101   0.101   0.106
   44   E   0.104   0.105   0.107
   45   P   0.103   0.111   0.106
   46   S   0.100   0.106   0.105
   47   S   0.101   0.114   0.105
   48   L   0.097   0.123   0.104
   49   D   0.101   0.125   0.106
   50   D   0.101   0.120   0.106
   51   V   0.106   0.115   0.110
   52   F   0.105   0.105   0.109
   53   Q   0.109   0.105   0.111
   54   E   0.104   0.096   0.108
   55   G   0.104   0.090   0.108
   56   N   0.098   0.086   0.104
   57   P   0.105   0.095   0.107
   58   I   0.103   0.099   0.105
   59   N   0.100   0.101   0.103
   60   K   0.101   0.105   0.103
   61   I   0.099   0.107   0.102
   62   E   0.102   0.102   0.103
   63   D   0.102   0.102   0.103
   64   W   0.099   0.105   0.102
   65   L   0.101   0.103   0.103
   66   Q   0.104   0.102   0.104
   67   D   0.102   0.103   0.104
   68   C   0.105   0.103   0.105
   69   G   0.103   0.102   0.104
   70   Y   0.100   0.103   0.102
# Measure  Position  Value    Cutoff   signal peptide?
  max. C    23       0.109
  max. Y    15       0.118
  max. S     9       0.168
  mean S     1-14    0.128
       D     1-14    0.123   0.450   NO
Name=TESP1_HUMAN	SP='NO' D=0.123 D-cutoff=0.450 Networks=SignalP-noTM
