# SignalP-4.1 euk predictions
# Name=TM260_HUMAN	Length=70	Networks=SignalP-noTM
# pos  aa    C       S       Y
    1   M   0.100   0.163   0.128
    2   S   0.103   0.149   0.130
    3   P   0.102   0.163   0.129
    4   H   0.102   0.148   0.129
    5   G   0.104   0.150   0.130
    6   D   0.097   0.147   0.125
    7   G   0.102   0.142   0.128
    8   R   0.100   0.135   0.126
    9   G   0.109   0.123   0.131
   10   Q   0.098   0.130   0.124
   11   A   0.108   0.168   0.129
   12   Q   0.097   0.186   0.123
   13   G   0.105   0.204   0.128
   14   R   0.096   0.163   0.123
   15   A   0.111   0.144   0.133
   16   V   0.096   0.158   0.123
   17   R   0.101   0.177   0.126
   18   V   0.102   0.217   0.127
   19   G   0.103   0.211   0.129
   20   L   0.101   0.226   0.128
   21   R   0.101   0.219   0.129
   22   R   0.105   0.167   0.132
   23   S   0.109   0.170   0.135
   24   G   0.100   0.299   0.129
   25   G   0.107   0.282   0.137
   26   I   0.108   0.251   0.140
   27   R   0.101   0.276   0.136
   28   G   0.106   0.338   0.142
   29   G   0.101   0.367   0.142
   30   V   0.101   0.441   0.146
   31   A   0.108   0.513   0.155
   32   V   0.107   0.594   0.161
   33   F   0.099   0.626   0.161
   34   A   0.108   0.618   0.175
   35   A   0.105   0.624   0.179
   36   V   0.101   0.394   0.180
   37   A   0.105   0.447   0.187
   38   A   0.103   0.405   0.189
   39   V   0.108   0.399   0.196
   40   F   0.103   0.382   0.195
   41   T   0.104   0.472   0.198
   42   F   0.121   0.364   0.216
   43   T   0.107   0.295   0.205
   44   L   0.113   0.213   0.212
   45   P   0.103   0.299   0.203
   46   P   0.110   0.292   0.211
   47   S   0.108   0.344   0.209
   48   V   0.103   0.235   0.205
   49   P   0.103   0.273   0.204
   50   G   0.114   0.222   0.215
   51   G   0.152   0.117   0.247
   52   D   0.103   0.111   0.200
   53   S   0.105   0.105   0.198
   54   G   0.115   0.101   0.202
   55   E   0.108   0.106   0.189
   56   L   0.105   0.108   0.180
   57   I   0.108   0.107   0.176
   58   T   0.108   0.104   0.168
   59   A   0.106   0.100   0.162
   60   A   0.100   0.099   0.153
   61   H   0.098   0.099   0.147
   62   E   0.103   0.098   0.146
   63   L   0.099   0.097   0.138
   64   G   0.105   0.094   0.136
   65   V   0.100   0.095   0.129
   66   A   0.108   0.096   0.129
   67   H   0.100   0.097   0.122
   68   P   0.100   0.098   0.119
   69   P   0.101   0.098   0.115
   70   G   0.109   0.097   0.115
# Measure  Position  Value    Cutoff   signal peptide?
  max. C    51       0.152
  max. Y    51       0.247
  max. S    33       0.626
  mean S     1-50    0.283
       D     1-50    0.266   0.450   NO
Name=TM260_HUMAN	SP='NO' D=0.266 D-cutoff=0.450 Networks=SignalP-noTM
