# SignalP-4.1 euk predictions
# Name=TMM71_HUMAN	Length=70	Networks=SignalP-noTM
# pos  aa    C       S       Y
    1   M   0.101   0.122   0.111
    2   Y   0.101   0.118   0.111
    3   R   0.100   0.124   0.110
    4   I   0.104   0.115   0.113
    5   S   0.104   0.113   0.112
    6   Q   0.098   0.121   0.109
    7   L   0.098   0.107   0.109
    8   M   0.100   0.107   0.110
    9   S   0.100   0.100   0.109
   10   T   0.099   0.099   0.108
   11   P   0.102   0.094   0.109
   12   V   0.107   0.109   0.111
   13   A   0.098   0.115   0.107
   14   S   0.093   0.157   0.104
   15   S   0.097   0.144   0.107
   16   S   0.123   0.118   0.120
   17   R   0.110   0.117   0.114
   18   L   0.101   0.117   0.109
   19   E   0.102   0.115   0.109
   20   R   0.099   0.112   0.108
   21   E   0.111   0.107   0.114
   22   Y   0.103   0.112   0.109
   23   A   0.102   0.123   0.109
   24   G   0.115   0.109   0.115
   25   E   0.104   0.096   0.110
   26   L   0.103   0.102   0.108
   27   S   0.099   0.096   0.106
   28   P   0.103   0.095   0.108
   29   T   0.103   0.092   0.107
   30   C   0.107   0.095   0.109
   31   I   0.107   0.094   0.109
   32   F   0.102   0.085   0.106
   33   P   0.096   0.090   0.102
   34   S   0.102   0.087   0.106
   35   F   0.102   0.082   0.105
   36   T   0.101   0.091   0.104
   37   C   0.100   0.091   0.102
   38   D   0.100   0.089   0.101
   39   S   0.100   0.090   0.100
   40   L   0.103   0.093   0.101
   41   D   0.097   0.096   0.097
   42   G   0.101   0.100   0.099
   43   Y   0.110   0.097   0.103
   44   H   0.102   0.094   0.099
   45   S   0.104   0.095   0.099
   46   F   0.104   0.089   0.099
   47   E   0.095   0.093   0.094
   48   C   0.097   0.099   0.095
   49   G   0.100   0.092   0.096
   50   S   0.096   0.092   0.094
   51   I   0.099   0.095   0.095
   52   D   0.100   0.099   0.096
   53   P   0.099   0.097   0.096
   54   L   0.101   0.090   0.097
   55   T   0.104   0.097   0.098
   56   G   0.102   0.104   0.097
   57   S   0.103   0.098   0.098
   58   H   0.098   0.101   0.096
   59   Y   0.103   0.101   0.099
   60   T   0.103   0.106   0.099
   61   C   0.101   0.101   0.098
   62   R   0.100   0.100   0.098
   63   R   0.104   0.101   0.101
   64   S   0.103   0.101   0.100
   65   P   0.098   0.101   0.098
   66   R   0.101   0.101   0.100
   67   L   0.105   0.098   0.101
   68   L   0.101   0.100   0.100
   69   T   0.097   0.097   0.098
   70   N   0.106   0.099   0.103
# Measure  Position  Value    Cutoff   signal peptide?
  max. C    16       0.123
  max. Y    16       0.120
  max. S    14       0.157
  mean S     1-15    0.116
       D     1-15    0.118   0.450   NO
Name=TMM71_HUMAN	SP='NO' D=0.118 D-cutoff=0.450 Networks=SignalP-noTM
