# SignalP-4.1 euk predictions
# Name=TMM78_HUMAN	Length=70	Networks=SignalP-TM
# pos  aa    C       S       Y
    1   M   0.102   0.288   0.171
    2   W   0.101   0.295   0.171
    3   L   0.101   0.306   0.171
    4   D   0.102   0.329   0.172
    5   T   0.102   0.311   0.173
    6   R   0.102   0.305   0.173
    7   N   0.104   0.306   0.175
    8   L   0.102   0.266   0.174
    9   G   0.102   0.251   0.174
   10   I   0.098   0.225   0.169
   11   V   0.102   0.282   0.172
   12   I   0.102   0.284   0.171
   13   S   0.101   0.349   0.170
   14   C   0.100   0.326   0.171
   15   W   0.101   0.336   0.172
   16   K   0.101   0.324   0.174
   17   G   0.098   0.284   0.171
   18   V   0.104   0.215   0.176
   19   C   0.100   0.234   0.170
   20   V   0.115   0.164   0.181
   21   P   0.102   0.171   0.167
   22   Q   0.129   0.110   0.185
   23   T   0.102   0.110   0.161
   24   T   0.103   0.097   0.159
   25   T   0.102   0.122   0.155
   26   L   0.195   0.087   0.209
   27   E   0.109   0.085   0.151
   28   M   0.104   0.090   0.140
   29   F   0.103   0.085   0.134
   30   Y   0.102   0.092   0.126
   31   N   0.102   0.105   0.119
   32   D   0.102   0.101   0.113
   33   N   0.100   0.111   0.109
   34   D   0.102   0.107   0.106
   35   R   0.099   0.112   0.102
   36   V   0.104   0.113   0.103
   37   E   0.100   0.117   0.101
   38   E   0.101   0.115   0.101
   39   S   0.099   0.116   0.101
   40   S   0.101   0.113   0.102
   41   N   0.101   0.112   0.103
   42   S   0.099   0.112   0.103
   43   Y   0.101   0.110   0.105
   44   Q   0.103   0.103   0.107
   45   I   0.104   0.099   0.107
   46   R   0.100   0.107   0.105
   47   R   0.104   0.100   0.107
   48   E   0.102   0.099   0.106
   49   F   0.103   0.069   0.106
   50   L   0.103   0.076   0.105
   51   L   0.103   0.091   0.103
   52   P   0.106   0.102   0.104
   53   A   0.106   0.104   0.103
   54   C   0.103   0.124   0.101
   55   L   0.107   0.143   0.104
   56   P   0.104   0.121   0.104
   57   A   0.102   0.157   0.103
   58   F   0.098   0.179   0.102
   59   L   0.103   0.190   0.108
   60   S   0.102   0.167   0.110
   61   F   0.100   0.169   0.111
   62   S   0.101   0.160   0.114
   63   T   0.100   0.149   0.115
   64   S   0.103   0.158   0.119
   65   F   0.102   0.190   0.121
   66   S   0.099   0.151   0.122
   67   F   0.098   0.141   0.123
   68   F   0.099   0.151   0.125
   69   L   0.102   0.135   0.128
   70   S   0.102   0.108   0.127
# Measure  Position  Value    Cutoff   signal peptide?
  max. C    26       0.195
  max. Y    26       0.209
  max. S    13       0.349
  mean S     1-25    0.252
       D     1-25    0.226   0.500   NO
Name=TMM78_HUMAN	SP='NO' D=0.226 D-cutoff=0.500 Networks=SignalP-TM
