# SignalP-4.1 euk predictions
# Name=TRAIP_HUMAN	Length=70	Networks=SignalP-noTM
# pos  aa    C       S       Y
    1   M   0.101   0.142   0.120
    2   P   0.103   0.143   0.121
    3   I   0.104   0.159   0.122
    4   R   0.104   0.140   0.122
    5   A   0.109   0.140   0.125
    6   L   0.097   0.141   0.118
    7   C   0.103   0.138   0.121
    8   T   0.103   0.131   0.121
    9   I   0.105   0.116   0.122
   10   C   0.097   0.105   0.117
   11   S   0.101   0.116   0.119
   12   D   0.099   0.115   0.117
   13   F   0.096   0.134   0.114
   14   F   0.096   0.140   0.114
   15   D   0.099   0.165   0.116
   16   H   0.100   0.144   0.117
   17   S   0.098   0.145   0.116
   18   R   0.099   0.166   0.117
   19   D   0.103   0.172   0.120
   20   V   0.095   0.127   0.116
   21   A   0.099   0.169   0.118
   22   A   0.106   0.159   0.122
   23   I   0.249   0.113   0.187
   24   H   0.103   0.104   0.120
   25   C   0.102   0.109   0.119
   26   G   0.104   0.116   0.119
   27   H   0.097   0.128   0.115
   28   T   0.100   0.126   0.116
   29   F   0.105   0.128   0.119
   30   H   0.100   0.136   0.116
   31   L   0.106   0.132   0.119
   32   Q   0.101   0.132   0.116
   33   C   0.102   0.125   0.118
   34   L   0.105   0.142   0.119
   35   I   0.102   0.126   0.118
   36   Q   0.099   0.134   0.116
   37   W   0.102   0.159   0.118
   38   F   0.096   0.146   0.114
   39   E   0.102   0.167   0.118
   40   T   0.099   0.305   0.116
   41   A   0.105   0.189   0.123
   42   P   0.094   0.158   0.116
   43   S   0.103   0.137   0.123
   44   R   0.106   0.120   0.123
   45   T   0.103   0.126   0.121
   46   C   0.143   0.110   0.143
   47   P   0.100   0.124   0.119
   48   Q   0.107   0.119   0.124
   49   C   0.104   0.112   0.122
   50   R   0.102   0.106   0.121
   51   I   0.105   0.105   0.122
   52   Q   0.096   0.098   0.117
   53   V   0.103   0.096   0.120
   54   G   0.099   0.094   0.117
   55   K   0.099   0.096   0.116
   56   R   0.101   0.094   0.117
   57   T   0.103   0.101   0.117
   58   I   0.109   0.108   0.120
   59   I   0.101   0.098   0.115
   60   N   0.101   0.099   0.113
   61   K   0.103   0.095   0.114
   62   L   0.096   0.095   0.108
   63   F   0.104   0.092   0.108
   64   F   0.103   0.093   0.106
   65   D   0.103   0.094   0.104
   66   L   0.101   0.094   0.102
   67   A   0.108   0.093   0.105
   68   Q   0.096   0.098   0.099
   69   E   0.099   0.095   0.100
   70   E   0.098   0.096   0.099
# Measure  Position  Value    Cutoff   signal peptide?
  max. C    23       0.249
  max. Y    23       0.187
  max. S    40       0.305
  mean S     1-22    0.141
       D     1-22    0.163   0.450   NO
Name=TRAIP_HUMAN	SP='NO' D=0.163 D-cutoff=0.450 Networks=SignalP-noTM
