# SignalP-4.1 euk predictions
# Name=TRDV1_HUMAN	Length=70	Networks=SignalP-noTM
# pos  aa    C       S       Y
    1   M   0.101   0.936   0.307
    2   L   0.102   0.913   0.309
    3   F   0.101   0.877   0.307
    4   S   0.102   0.894   0.309
    5   S   0.104   0.901   0.311
    6   L   0.099   0.913   0.304
    7   L   0.100   0.931   0.305
    8   C   0.101   0.944   0.307
    9   V   0.099   0.943   0.303
   10   F   0.100   0.944   0.305
   11   V   0.102   0.931   0.308
   12   A   0.099   0.904   0.303
   13   F   0.094   0.820   0.295
   14   S   0.098   0.803   0.301
   15   Y   0.106   0.772   0.311
   16   S   0.101   0.824   0.303
   17   G   0.259   0.738   0.483
   18   S   0.113   0.636   0.318
   19   S   0.147   0.626   0.360
   20   V   0.147   0.590   0.357
   21   A   0.114   0.596   0.312
   22   Q   0.673   0.206   0.749
   23   K   0.154   0.150   0.352
   24   V   0.111   0.119   0.292
   25   T   0.108   0.127   0.280
   26   Q   0.107   0.137   0.273
   27   A   0.108   0.128   0.268
   28   Q   0.161   0.108   0.318
   29   S   0.106   0.112   0.250
   30   S   0.118   0.105   0.255
   31   V   0.100   0.099   0.227
   32   S   0.099   0.104   0.217
   33   M   0.108   0.104   0.218
   34   P   0.097   0.101   0.197
   35   V   0.105   0.113   0.196
   36   R   0.105   0.111   0.187
   37   K   0.106   0.135   0.178
   38   A   0.102   0.124   0.166
   39   V   0.102   0.110   0.157
   40   T   0.104   0.111   0.148
   41   L   0.111   0.103   0.144
   42   N   0.105   0.105   0.131
   43   C   0.107   0.101   0.123
   44   L   0.106   0.101   0.112
   45   Y   0.104   0.101   0.109
   46   E   0.105   0.094   0.108
   47   T   0.105   0.100   0.108
   48   S   0.102   0.117   0.106
   49   W   0.100   0.136   0.104
   50   W   0.101   0.111   0.105
   51   S   0.099   0.092   0.104
   52   Y   0.098   0.097   0.103
   53   Y   0.099   0.100   0.103
   54   I   0.099   0.102   0.103
   55   F   0.099   0.113   0.103
   56   W   0.097   0.118   0.102
   57   Y   0.100   0.111   0.105
   58   K   0.103   0.099   0.106
   59   Q   0.098   0.101   0.103
   60   L   0.100   0.103   0.103
   61   P   0.099   0.103   0.102
   62   S   0.106   0.102   0.106
   63   K   0.108   0.102   0.106
   64   E   0.098   0.097   0.101
   65   M   0.100   0.098   0.102
   66   I   0.102   0.097   0.103
   67   F   0.097   0.097   0.101
   68   L   0.106   0.099   0.105
   69   I   0.100   0.099   0.102
   70   R   0.100   0.099   0.102
# Measure  Position  Value    Cutoff   signal peptide?
  max. C    22       0.673
  max. Y    22       0.749
  max. S    10       0.944
  mean S     1-21    0.830
       D     1-21    0.793   0.450   YES
Name=TRDV1_HUMAN	SP='YES' Cleavage site between pos. 21 and 22: SVA-QK D=0.793 D-cutoff=0.450 Networks=SignalP-noTM
