# SignalP-4.1 euk predictions
# Name=TRGC1_HUMAN	Length=70	Networks=SignalP-noTM
# pos  aa    C       S       Y
    1   D   0.101   0.117   0.109
    2   K   0.102   0.116   0.109
    3   Q   0.100   0.102   0.108
    4   L   0.103   0.116   0.109
    5   D   0.105   0.115   0.110
    6   A   0.100   0.110   0.108
    7   D   0.098   0.116   0.106
    8   V   0.101   0.103   0.108
    9   S   0.100   0.104   0.107
   10   P   0.102   0.087   0.108
   11   K   0.096   0.090   0.104
   12   P   0.100   0.081   0.106
   13   T   0.100   0.087   0.105
   14   I   0.101   0.098   0.105
   15   F   0.101   0.096   0.104
   16   L   0.101   0.095   0.104
   17   P   0.099   0.094   0.102
   18   S   0.102   0.093   0.104
   19   I   0.105   0.095   0.105
   20   A   0.100   0.096   0.102
   21   E   0.101   0.097   0.101
   22   T   0.100   0.098   0.100
   23   K   0.102   0.099   0.101
   24   L   0.105   0.101   0.102
   25   Q   0.100   0.094   0.099
   26   K   0.103   0.091   0.101
   27   A   0.103   0.095   0.100
   28   G   0.100   0.104   0.098
   29   T   0.103   0.093   0.099
   30   Y   0.109   0.092   0.102
   31   L   0.099   0.096   0.097
   32   C   0.100   0.100   0.097
   33   L   0.096   0.087   0.095
   34   L   0.105   0.107   0.100
   35   E   0.099   0.095   0.098
   36   K   0.103   0.096   0.099
   37   F   0.099   0.085   0.097
   38   F   0.103   0.096   0.099
   39   P   0.101   0.107   0.098
   40   D   0.104   0.097   0.100
   41   V   0.098   0.100   0.097
   42   I   0.102   0.112   0.099
   43   K   0.096   0.107   0.097
   44   I   0.108   0.093   0.103
   45   H   0.100   0.087   0.099
   46   W   0.100   0.105   0.099
   47   Q   0.097   0.099   0.097
   48   E   0.098   0.092   0.098
   49   K   0.097   0.098   0.097
   50   K   0.097   0.104   0.097
   51   S   0.101   0.108   0.099
   52   N   0.099   0.111   0.099
   53   T   0.100   0.104   0.100
   54   I   0.101   0.098   0.100
   55   L   0.098   0.103   0.098
   56   G   0.104   0.111   0.102
   57   S   0.096   0.110   0.098
   58   Q   0.102   0.109   0.101
   59   E   0.103   0.102   0.102
   60   G   0.103   0.101   0.103
   61   N   0.091   0.104   0.097
   62   T   0.107   0.102   0.105
   63   M   0.099   0.102   0.101
   64   K   0.100   0.103   0.102
   65   T   0.096   0.106   0.099
   66   N   0.101   0.105   0.102
   67   D   0.103   0.102   0.103
   68   T   0.099   0.103   0.101
   69   Y   0.102   0.104   0.103
   70   M   0.099   0.104   0.102
# Measure  Position  Value    Cutoff   signal peptide?
  max. C    30       0.109
  max. Y    12       0.106
  max. S     1       0.117
  mean S     1-11    0.107
       D     1-11    0.106   0.450   NO
Name=TRGC1_HUMAN	SP='NO' D=0.106 D-cutoff=0.450 Networks=SignalP-noTM
