# SignalP-4.1 euk predictions
# Name=TRGV5_HUMAN	Length=70	Networks=SignalP-TM
# pos  aa    C       S       Y
    1   M   0.101   0.945   0.309
    2   R   0.102   0.937   0.311
    3   W   0.104   0.941   0.314
    4   A   0.103   0.934   0.312
    5   L   0.098   0.937   0.305
    6   L   0.104   0.950   0.314
    7   V   0.100   0.943   0.307
    8   L   0.105   0.937   0.314
    9   L   0.105   0.928   0.315
   10   A   0.103   0.903   0.311
   11   F   0.101   0.896   0.308
   12   L   0.103   0.895   0.311
   13   S   0.099   0.874   0.304
   14   P   0.102   0.910   0.308
   15   A   0.105   0.859   0.311
   16   S   0.128   0.791   0.342
   17   Q   0.121   0.763   0.331
   18   K   0.545   0.649   0.698
   19   S   0.268   0.470   0.484
   20   S   0.247   0.239   0.456
   21   N   0.228   0.149   0.424
   22   L   0.146   0.113   0.327
   23   E   0.112   0.125   0.275
   24   G   0.103   0.116   0.252
   25   G   0.107   0.108   0.245
   26   T   0.102   0.106   0.227
   27   K   0.104   0.106   0.216
   28   S   0.103   0.110   0.201
   29   V   0.103   0.108   0.186
   30   T   0.104   0.105   0.171
   31   R   0.105   0.100   0.157
   32   P   0.102   0.099   0.138
   33   T   0.103   0.091   0.123
   34   R   0.103   0.091   0.111
   35   S   0.104   0.086   0.107
   36   S   0.102   0.083   0.103
   37   A   0.101   0.075   0.102
   38   E   0.109   0.076   0.104
   39   I   0.105   0.067   0.100
   40   T   0.103   0.060   0.098
   41   C   0.105   0.063   0.097
   42   D   0.104   0.066   0.095
   43   L   0.102   0.056   0.092
   44   T   0.101   0.045   0.090
   45   V   0.102   0.040   0.088
   46   I   0.105   0.036   0.086
   47   N   0.104   0.045   0.083
   48   A   0.104   0.055   0.081
   49   F   0.103   0.058   0.079
   50   Y   0.104   0.060   0.078
   51   I   0.100   0.060   0.076
   52   H   0.101   0.082   0.075
   53   W   0.100   0.085   0.075
   54   Y   0.100   0.084   0.076
   55   L   0.101   0.088   0.077
   56   H   0.102   0.101   0.079
   57   Q   0.099   0.102   0.080
   58   E   0.099   0.104   0.082
   59   G   0.098   0.106   0.084
   60   K   0.102   0.101   0.088
   61   A   0.105   0.099   0.092
   62   P   0.098   0.100   0.091
   63   Q   0.103   0.097   0.095
   64   R   0.099   0.099   0.095
   65   L   0.104   0.103   0.099
   66   L   0.104   0.102   0.100
   67   Y   0.100   0.102   0.099
   68   Y   0.102   0.101   0.100
   69   D   0.103   0.102   0.102
   70   V   0.103   0.099   0.102
# Measure  Position  Value    Cutoff   signal peptide?
  max. C    18       0.545
  max. Y    18       0.698
  max. S     6       0.950
  mean S     1-17    0.903
       D     1-17    0.780   0.500   YES
Name=TRGV5_HUMAN	SP='YES' Cleavage site between pos. 17 and 18: ASQ-KS D=0.780 D-cutoff=0.500 Networks=SignalP-TM
