# SignalP-4.1 euk predictions
# Name=TRMO_HUMAN	Length=70	Networks=SignalP-noTM
# pos  aa    C       S       Y
    1   M   0.101   0.135   0.117
    2   R   0.103   0.132   0.118
    3   G   0.106   0.186   0.120
    4   L   0.099   0.161   0.117
    5   E   0.105   0.147   0.120
    6   E   0.101   0.127   0.118
    7   S   0.102   0.119   0.119
    8   G   0.100   0.143   0.117
    9   P   0.099   0.179   0.117
   10   R   0.103   0.174   0.120
   11   P   0.105   0.132   0.122
   12   T   0.105   0.095   0.122
   13   A   0.100   0.089   0.118
   14   T   0.098   0.099   0.116
   15   P   0.100   0.094   0.117
   16   C   0.103   0.103   0.118
   17   G   0.100   0.099   0.115
   18   C   0.102   0.092   0.116
   19   V   0.098   0.099   0.112
   20   K   0.099   0.099   0.112
   21   P   0.102   0.098   0.113
   22   A   0.105   0.098   0.114
   23   L   0.101   0.093   0.112
   24   E   0.107   0.090   0.114
   25   T   0.100   0.095   0.109
   26   G   0.105   0.093   0.110
   27   N   0.101   0.100   0.106
   28   L   0.105   0.097   0.108
   29   L   0.097   0.095   0.103
   30   T   0.102   0.100   0.104
   31   E   0.110   0.098   0.107
   32   P   0.107   0.098   0.104
   33   V   0.105   0.094   0.101
   34   G   0.103   0.105   0.100
   35   Y   0.097   0.097   0.097
   36   L   0.096   0.093   0.097
   37   E   0.101   0.096   0.099
   38   S   0.099   0.100   0.098
   39   C   0.096   0.102   0.097
   40   F   0.099   0.105   0.098
   41   S   0.109   0.111   0.103
   42   A   0.103   0.110   0.101
   43   K   0.093   0.094   0.096
   44   N   0.100   0.097   0.099
   45   G   0.097   0.100   0.098
   46   T   0.099   0.104   0.099
   47   P   0.106   0.114   0.103
   48   R   0.106   0.109   0.103
   49   Q   0.101   0.105   0.101
   50   P   0.097   0.101   0.099
   51   S   0.103   0.101   0.102
   52   I   0.101   0.105   0.101
   53   C   0.101   0.107   0.102
   54   S   0.103   0.097   0.103
   55   Y   0.097   0.092   0.099
   56   S   0.101   0.090   0.102
   57   R   0.102   0.098   0.102
   58   A   0.107   0.111   0.104
   59   C   0.095   0.101   0.098
   60   L   0.098   0.102   0.100
   61   R   0.106   0.100   0.104
   62   I   0.106   0.098   0.104
   63   R   0.101   0.097   0.102
   64   K   0.103   0.095   0.102
   65   R   0.103   0.096   0.102
   66   I   0.106   0.096   0.103
   67   F   0.101   0.098   0.101
   68   N   0.103   0.094   0.102
   69   N   0.100   0.098   0.100
   70   P   0.101   0.096   0.100
# Measure  Position  Value    Cutoff   signal peptide?
  max. C    31       0.110
  max. Y    12       0.122
  max. S     3       0.186
  mean S     1-11    0.149
       D     1-11    0.136   0.450   NO
Name=TRMO_HUMAN	SP='NO' D=0.136 D-cutoff=0.450 Networks=SignalP-noTM
