# SignalP-4.1 euk predictions
# Name=TSHB_HUMAN	Length=70	Networks=SignalP-TM
# pos  aa    C       S       Y
    1   M   0.102   0.907   0.304
    2   T   0.104   0.923   0.307
    3   A   0.104   0.891   0.307
    4   L   0.099   0.898   0.300
    5   F   0.103   0.905   0.305
    6   L   0.099   0.930   0.300
    7   M   0.103   0.929   0.306
    8   S   0.103   0.938   0.306
    9   M   0.102   0.934   0.306
   10   L   0.103   0.929   0.306
   11   F   0.102   0.927   0.306
   12   G   0.101   0.947   0.304
   13   L   0.102   0.917   0.306
   14   T   0.100   0.939   0.303
   15   C   0.104   0.947   0.309
   16   G   0.140   0.931   0.360
   17   Q   0.625   0.823   0.761
   18   A   0.110   0.805   0.319
   19   M   0.609   0.498   0.746
   20   S   0.105   0.374   0.305
   21   F   0.485   0.208   0.640
   22   C   0.109   0.151   0.294
   23   I   0.150   0.125   0.333
   24   P   0.102   0.170   0.263
   25   T   0.124   0.153   0.278
   26   E   0.101   0.146   0.240
   27   Y   0.101   0.167   0.228
   28   T   0.101   0.145   0.216
   29   M   0.108   0.129   0.208
   30   H   0.101   0.121   0.186
   31   I   0.113   0.112   0.180
   32   E   0.102   0.106   0.155
   33   R   0.102   0.100   0.138
   34   R   0.106   0.094   0.129
   35   E   0.103   0.092   0.119
   36   C   0.103   0.086   0.115
   37   A   0.105   0.083   0.114
   38   Y   0.098   0.077   0.109
   39   C   0.102   0.059   0.108
   40   L   0.105   0.060   0.106
   41   T   0.104   0.058   0.103
   42   I   0.102   0.064   0.098
   43   N   0.101   0.061   0.095
   44   T   0.100   0.067   0.092
   45   T   0.104   0.052   0.091
   46   I   0.105   0.056   0.089
   47   C   0.101   0.054   0.086
   48   A   0.102   0.062   0.084
   49   G   0.098   0.069   0.081
   50   Y   0.100   0.051   0.080
   51   C   0.102   0.066   0.080
   52   M   0.105   0.046   0.080
   53   T   0.099   0.064   0.077
   54   R   0.102   0.088   0.078
   55   D   0.101   0.088   0.079
   56   I   0.103   0.083   0.081
   57   N   0.102   0.089   0.081
   58   G   0.101   0.095   0.082
   59   K   0.104   0.097   0.085
   60   L   0.105   0.092   0.087
   61   F   0.102   0.089   0.087
   62   L   0.103   0.095   0.089
   63   P   0.104   0.097   0.091
   64   K   0.104   0.098   0.092
   65   Y   0.107   0.099   0.095
   66   A   0.105   0.097   0.096
   67   L   0.096   0.099   0.094
   68   S   0.104   0.099   0.099
   69   Q   0.098   0.096   0.096
   70   D   0.102   0.094   0.098
# Measure  Position  Value    Cutoff   signal peptide?
  max. C    17       0.625
  max. Y    17       0.761
  max. S    15       0.947
  mean S     1-16    0.924
       D     1-16    0.826   0.500   YES
Name=TSHB_HUMAN	SP='YES' Cleavage site between pos. 16 and 17: TCG-QA D=0.826 D-cutoff=0.500 Networks=SignalP-TM
