# SignalP-4.1 euk predictions
# Name=TSP2_HUMAN	Length=70	Networks=SignalP-noTM
# pos  aa    C       S       Y
    1   M   0.102   0.957   0.313
    2   V   0.102   0.942   0.313
    3   W   0.099   0.910   0.308
    4   R   0.102   0.901   0.312
    5   L   0.103   0.915   0.313
    6   V   0.102   0.927   0.311
    7   L   0.103   0.943   0.312
    8   L   0.108   0.952   0.320
    9   A   0.103   0.938   0.313
   10   L   0.102   0.915   0.311
   11   W   0.106   0.894   0.317
   12   V   0.096   0.876   0.301
   13   W   0.101   0.904   0.308
   14   P   0.098   0.918   0.302
   15   S   0.100   0.927   0.305
   16   T   0.104   0.922   0.312
   17   Q   0.116   0.914   0.328
   18   A   0.242   0.863   0.474
   19   G   0.873   0.476   0.899
   20   H   0.264   0.235   0.488
   21   Q   0.157   0.175   0.370
   22   D   0.193   0.192   0.401
   23   K   0.106   0.129   0.292
   24   D   0.105   0.117   0.283
   25   T   0.107   0.114   0.279
   26   T   0.106   0.113   0.270
   27   F   0.104   0.112   0.260
   28   D   0.101   0.106   0.249
   29   L   0.103   0.102   0.244
   30   F   0.099   0.102   0.232
   31   S   0.103   0.098   0.228
   32   I   0.101   0.095   0.217
   33   S   0.100   0.090   0.207
   34   N   0.100   0.090   0.198
   35   I   0.104   0.084   0.192
   36   N   0.097   0.093   0.175
   37   R   0.100   0.093   0.167
   38   K   0.103   0.084   0.157
   39   T   0.095   0.095   0.139
   40   I   0.103   0.108   0.131
   41   G   0.100   0.116   0.115
   42   A   0.107   0.098   0.111
   43   K   0.109   0.108   0.109
   44   Q   0.100   0.101   0.103
   45   F   0.098   0.100   0.100
   46   R   0.100   0.101   0.100
   47   G   0.109   0.100   0.105
   48   P   0.098   0.098   0.099
   49   D   0.105   0.090   0.102
   50   P   0.105   0.096   0.101
   51   G   0.103   0.098   0.100
   52   V   0.095   0.101   0.096
   53   P   0.108   0.096   0.102
   54   A   0.103   0.100   0.100
   55   Y   0.097   0.098   0.097
   56   R   0.100   0.100   0.099
   57   F   0.105   0.098   0.102
   58   V   0.104   0.101   0.101
   59   R   0.106   0.104   0.103
   60   F   0.107   0.100   0.103
   61   D   0.102   0.099   0.101
   62   Y   0.108   0.100   0.104
   63   I   0.104   0.099   0.102
   64   P   0.103   0.099   0.101
   65   P   0.108   0.098   0.104
   66   V   0.099   0.094   0.099
   67   N   0.106   0.097   0.102
   68   A   0.103   0.102   0.101
   69   D   0.160   0.103   0.125
   70   D   0.106   0.103   0.102
# Measure  Position  Value    Cutoff   signal peptide?
  max. C    19       0.873
  max. Y    19       0.899
  max. S     1       0.957
  mean S     1-18    0.918
       D     1-18    0.909   0.450   YES
Name=TSP2_HUMAN	SP='YES' Cleavage site between pos. 18 and 19: TQA-GH D=0.909 D-cutoff=0.450 Networks=SignalP-noTM
