# SignalP-4.1 euk predictions
# Name=TVB79_HUMAN	Length=70	Networks=SignalP-TM
# pos  aa    C       S       Y
    1   M   0.102   0.956   0.312
    2   G   0.103   0.938   0.313
    3   T   0.100   0.933   0.309
    4   S   0.104   0.925   0.315
    5   L   0.102   0.925   0.312
    6   L   0.101   0.938   0.309
    7   C   0.099   0.948   0.307
    8   W   0.101   0.946   0.309
    9   M   0.104   0.937   0.313
   10   A   0.102   0.925   0.311
   11   L   0.100   0.908   0.307
   12   C   0.103   0.914   0.310
   13   L   0.099   0.907   0.305
   14   L   0.103   0.911   0.309
   15   G   0.103   0.919   0.310
   16   A   0.129   0.874   0.346
   17   D   0.139   0.800   0.359
   18   H   0.105   0.794   0.309
   19   A   0.179   0.617   0.403
   20   D   0.451   0.267   0.631
   21   T   0.104   0.389   0.294
   22   G   0.453   0.185   0.600
   23   V   0.115   0.173   0.291
   24   S   0.113   0.182   0.279
   25   Q   0.283   0.130   0.422
   26   N   0.113   0.111   0.255
   27   P   0.102   0.113   0.230
   28   R   0.103   0.110   0.218
   29   H   0.101   0.110   0.202
   30   K   0.102   0.113   0.188
   31   I   0.102   0.115   0.173
   32   T   0.103   0.109   0.159
   33   K   0.104   0.115   0.142
   34   R   0.105   0.112   0.129
   35   G   0.103   0.109   0.123
   36   Q   0.100   0.111   0.113
   37   N   0.101   0.107   0.111
   38   V   0.103   0.103   0.110
   39   T   0.104   0.102   0.108
   40   F   0.106   0.097   0.108
   41   R   0.102   0.096   0.106
   42   C   0.102   0.096   0.105
   43   D   0.102   0.096   0.105
   44   P   0.101   0.097   0.103
   45   I   0.104   0.096   0.105
   46   S   0.102   0.098   0.103
   47   E   0.100   0.095   0.101
   48   H   0.099   0.097   0.100
   49   N   0.098   0.097   0.099
   50   R   0.101   0.107   0.100
   51   L   0.104   0.106   0.101
   52   Y   0.104   0.103   0.101
   53   W   0.100   0.106   0.100
   54   Y   0.104   0.104   0.101
   55   R   0.101   0.101   0.100
   56   Q   0.105   0.098   0.102
   57   T   0.104   0.098   0.102
   58   L   0.104   0.089   0.102
   59   G   0.102   0.094   0.101
   60   Q   0.098   0.096   0.099
   61   G   0.102   0.094   0.101
   62   P   0.097   0.096   0.098
   63   E   0.106   0.094   0.103
   64   F   0.102   0.099   0.101
   65   L   0.103   0.097   0.101
   66   T   0.102   0.095   0.100
   67   Y   0.102   0.091   0.100
   68   F   0.101   0.089   0.099
   69   Q   0.103   0.097   0.099
   70   N   0.103   0.097   0.099
# Measure  Position  Value    Cutoff   signal peptide?
  max. C    22       0.453
  max. Y    20       0.631
  max. S     1       0.956
  mean S     1-19    0.896
       D     1-19    0.737   0.500   YES
Name=TVB79_HUMAN	SP='YES' Cleavage site between pos. 19 and 20: DHA-DT D=0.737 D-cutoff=0.500 Networks=SignalP-TM
