# SignalP-4.1 euk predictions
# Name=UBP30_HUMAN	Length=70	Networks=SignalP-noTM
# pos  aa    C       S       Y
    1   M   0.101   0.172   0.132
    2   L   0.101   0.153   0.132
    3   S   0.102   0.146   0.132
    4   S   0.100   0.171   0.131
    5   R   0.103   0.183   0.132
    6   A   0.103   0.184   0.133
    7   E   0.099   0.153   0.130
    8   A   0.106   0.137   0.134
    9   A   0.103   0.118   0.132
   10   M   0.098   0.118   0.128
   11   T   0.104   0.121   0.130
   12   A   0.102   0.152   0.128
   13   A   0.098   0.152   0.125
   14   D   0.102   0.144   0.128
   15   R   0.100   0.119   0.126
   16   A   0.107   0.113   0.129
   17   I   0.103   0.106   0.126
   18   Q   0.101   0.121   0.123
   19   R   0.105   0.120   0.125
   20   F   0.106   0.119   0.124
   21   L   0.104   0.109   0.122
   22   R   0.100   0.116   0.118
   23   T   0.109   0.105   0.122
   24   G   0.107   0.129   0.120
   25   A   0.103   0.144   0.118
   26   A   0.106   0.132   0.119
   27   V   0.103   0.122   0.117
   28   R   0.097   0.132   0.112
   29   Y   0.103   0.123   0.114
   30   K   0.099   0.116   0.111
   31   V   0.101   0.132   0.112
   32   M   0.103   0.152   0.113
   33   K   0.108   0.178   0.117
   34   N   0.098   0.162   0.112
   35   W   0.100   0.157   0.113
   36   G   0.105   0.179   0.117
   37   V   0.109   0.167   0.120
   38   I   0.104   0.187   0.118
   39   G   0.102   0.237   0.118
   40   G   0.103   0.213   0.121
   41   I   0.101   0.258   0.122
   42   A   0.113   0.495   0.132
   43   A   0.104   0.344   0.133
   44   A   0.101   0.260   0.135
   45   L   0.101   0.253   0.138
   46   A   0.111   0.339   0.147
   47   A   0.133   0.176   0.165
   48   G   0.108   0.130   0.149
   49   I   0.123   0.111   0.159
   50   Y   0.103   0.181   0.145
   51   V   0.105   0.121   0.147
   52   I   0.102   0.115   0.145
   53   W   0.100   0.139   0.144
   54   G   0.107   0.136   0.149
   55   P   0.112   0.123   0.152
   56   I   0.108   0.117   0.148
   57   T   0.100   0.119   0.142
   58   E   0.106   0.125   0.145
   59   R   0.102   0.115   0.142
   60   K   0.107   0.116   0.144
   61   K   0.101   0.119   0.139
   62   R   0.103   0.110   0.138
   63   R   0.108   0.110   0.140
   64   K   0.109   0.108   0.138
   65   G   0.105   0.106   0.129
   66   L   0.101   0.102   0.122
   67   V   0.106   0.100   0.122
   68   P   0.104   0.102   0.117
   69   G   0.109   0.098   0.115
   70   L   0.097   0.097   0.107
# Measure  Position  Value    Cutoff   signal peptide?
  max. C    47       0.133
  max. Y    47       0.165
  max. S    42       0.495
  mean S     1-46    0.168
       D     1-46    0.167   0.450   NO
Name=UBP30_HUMAN	SP='NO' D=0.167 D-cutoff=0.450 Networks=SignalP-noTM
