# SignalP-4.1 euk predictions
# Name=ULBP1_HUMAN	Length=70	Networks=SignalP-noTM
# pos  aa    C       S       Y
    1   M   0.104   0.942   0.313
    2   A   0.106   0.928   0.316
    3   A   0.100   0.910   0.307
    4   A   0.102   0.891   0.309
    5   A   0.099   0.937   0.305
    6   S   0.098   0.959   0.304
    7   P   0.103   0.955   0.310
    8   A   0.104   0.963   0.313
    9   F   0.098   0.946   0.303
   10   L   0.105   0.944   0.314
   11   L   0.102   0.931   0.309
   12   C   0.106   0.943   0.316
   13   L   0.108   0.940   0.318
   14   P   0.106   0.947   0.316
   15   L   0.103   0.968   0.311
   16   L   0.108   0.974   0.319
   17   H   0.100   0.966   0.306
   18   L   0.100   0.964   0.308
   19   L   0.122   0.953   0.339
   20   S   0.100   0.928   0.308
   21   G   0.117   0.944   0.333
   22   W   0.174   0.867   0.405
   23   S   0.103   0.878   0.311
   24   R   0.167   0.850   0.396
   25   A   0.123   0.730   0.338
   26   G   0.538   0.257   0.706
   27   W   0.105   0.209   0.307
   28   V   0.184   0.155   0.399
   29   D   0.129   0.113   0.327
   30   T   0.104   0.119   0.286
   31   H   0.145   0.111   0.330
   32   C   0.105   0.116   0.273
   33   L   0.137   0.101   0.304
   34   C   0.101   0.112   0.254
   35   Y   0.122   0.105   0.271
   36   D   0.106   0.095   0.244
   37   F   0.102   0.096   0.231
   38   I   0.106   0.100   0.226
   39   I   0.099   0.109   0.210
   40   T   0.101   0.114   0.202
   41   P   0.102   0.119   0.194
   42   K   0.100   0.119   0.182
   43   S   0.098   0.130   0.169
   44   R   0.098   0.111   0.158
   45   P   0.100   0.112   0.148
   46   E   0.146   0.103   0.164
   47   P   0.102   0.119   0.124
   48   Q   0.105   0.105   0.114
   49   W   0.097   0.093   0.107
   50   C   0.098   0.097   0.105
   51   E   0.096   0.100   0.103
   52   V   0.100   0.098   0.104
   53   Q   0.098   0.101   0.103
   54   G   0.106   0.093   0.106
   55   L   0.096   0.098   0.101
   56   V   0.106   0.107   0.106
   57   D   0.102   0.102   0.104
   58   E   0.103   0.102   0.104
   59   R   0.099   0.103   0.102
   60   P   0.108   0.100   0.107
   61   F   0.105   0.099   0.106
   62   L   0.103   0.097   0.104
   63   H   0.100   0.097   0.102
   64   Y   0.099   0.099   0.102
   65   D   0.101   0.100   0.102
   66   C   0.098   0.100   0.100
   67   V   0.102   0.100   0.102
   68   N   0.106   0.103   0.103
   69   H   0.097   0.101   0.099
   70   K   0.094   0.103   0.097
# Measure  Position  Value    Cutoff   signal peptide?
  max. C    26       0.538
  max. Y    26       0.706
  max. S    16       0.974
  mean S     1-25    0.926
       D     1-25    0.825   0.450   YES
Name=ULBP1_HUMAN	SP='YES' Cleavage site between pos. 25 and 26: SRA-GW D=0.825 D-cutoff=0.450 Networks=SignalP-noTM
