# SignalP-4.1 euk predictions
# Name=UMPS_HUMAN	Length=70	Networks=SignalP-TM
# pos  aa    C       S       Y
    1   M   0.103   0.250   0.160
    2   A   0.104   0.208   0.161
    3   V   0.100   0.197   0.157
    4   A   0.104   0.190   0.159
    5   R   0.100   0.196   0.155
    6   A   0.105   0.180   0.157
    7   A   0.103   0.210   0.154
    8   L   0.101   0.228   0.152
    9   G   0.102   0.196   0.152
   10   P   0.099   0.187   0.148
   11   L   0.107   0.221   0.153
   12   V   0.104   0.255   0.149
   13   T   0.104   0.263   0.150
   14   G   0.105   0.261   0.151
   15   L   0.105   0.196   0.151
   16   Y   0.105   0.176   0.150
   17   D   0.103   0.166   0.147
   18   V   0.102   0.151   0.146
   19   Q   0.103   0.146   0.146
   20   A   0.104   0.200   0.145
   21   F   0.186   0.138   0.195
   22   K   0.104   0.130   0.144
   23   F   0.101   0.124   0.139
   24   G   0.101   0.124   0.137
   25   D   0.101   0.110   0.136
   26   F   0.103   0.111   0.134
   27   V   0.104   0.107   0.131
   28   L   0.101   0.094   0.124
   29   K   0.103   0.100   0.120
   30   S   0.101   0.088   0.116
   31   G   0.103   0.098   0.115
   32   L   0.100   0.090   0.111
   33   S   0.102   0.085   0.110
   34   S   0.110   0.109   0.112
   35   P   0.099   0.097   0.103
   36   I   0.105   0.087   0.105
   37   Y   0.102   0.091   0.102
   38   I   0.098   0.101   0.099
   39   D   0.100   0.111   0.099
   40   L   0.100   0.127   0.099
   41   R   0.099   0.116   0.099
   42   G   0.102   0.129   0.101
   43   I   0.102   0.123   0.102
   44   V   0.103   0.110   0.103
   45   S   0.104   0.106   0.105
   46   R   0.104   0.091   0.105
   47   P   0.100   0.105   0.103
   48   R   0.103   0.108   0.105
   49   L   0.104   0.115   0.106
   50   L   0.103   0.111   0.106
   51   S   0.102   0.100   0.106
   52   Q   0.103   0.099   0.107
   53   V   0.102   0.104   0.106
   54   A   0.102   0.100   0.106
   55   D   0.100   0.101   0.104
   56   I   0.099   0.095   0.103
   57   L   0.101   0.093   0.103
   58   F   0.105   0.098   0.104
   59   Q   0.099   0.099   0.101
   60   T   0.103   0.111   0.102
   61   A   0.104   0.115   0.104
   62   Q   0.099   0.109   0.101
   63   N   0.104   0.109   0.104
   64   A   0.100   0.105   0.101
   65   G   0.095   0.102   0.099
   66   I   0.105   0.098   0.104
   67   S   0.098   0.102   0.100
   68   F   0.101   0.100   0.102
   69   D   0.101   0.102   0.102
   70   T   0.100   0.101   0.102
# Measure  Position  Value    Cutoff   signal peptide?
  max. C    21       0.186
  max. Y    21       0.195
  max. S    13       0.263
  mean S     1-20    0.204
       D     1-20    0.199   0.500   NO
Name=UMPS_HUMAN	SP='NO' D=0.199 D-cutoff=0.500 Networks=SignalP-TM
