# SignalP-4.1 euk predictions
# Name=WASH4_HUMAN	Length=70	Networks=SignalP-noTM
# pos  aa    C       S       Y
    1   M   0.101   0.113   0.107
    2   S   0.103   0.121   0.108
    3   G   0.101   0.124   0.107
    4   V   0.097   0.142   0.105
    5   M   0.103   0.147   0.109
    6   C   0.102   0.158   0.109
    7   L   0.100   0.144   0.109
    8   K   0.103   0.133   0.111
    9   A   0.103   0.135   0.112
   10   S   0.096   0.139   0.108
   11   D   0.102   0.156   0.112
   12   T   0.101   0.154   0.112
   13   W   0.102   0.182   0.114
   14   A   0.098   0.211   0.113
   15   S   0.121   0.125   0.128
   16   G   0.103   0.142   0.118
   17   I   0.112   0.114   0.124
   18   R   0.102   0.115   0.118
   19   S   0.102   0.122   0.118
   20   Q   0.158   0.108   0.147
   21   P   0.103   0.108   0.119
   22   Q   0.108   0.110   0.121
   23   G   0.100   0.120   0.117
   24   C   0.095   0.123   0.114
   25   L   0.104   0.121   0.119
   26   G   0.104   0.128   0.119
   27   K   0.143   0.106   0.140
   28   W   0.096   0.106   0.114
   29   R   0.102   0.120   0.116
   30   S   0.106   0.105   0.118
   31   M   0.101   0.103   0.115
   32   R   0.101   0.134   0.114
   33   C   0.106   0.153   0.116
   34   K   0.102   0.125   0.114
   35   H   0.105   0.114   0.115
   36   T   0.100   0.102   0.111
   37   R   0.098   0.108   0.108
   38   M   0.103   0.103   0.110
   39   H   0.103   0.105   0.109
   40   L   0.103   0.112   0.109
   41   A   0.104   0.113   0.109
   42   H   0.101   0.125   0.108
   43   L   0.106   0.111   0.111
   44   G   0.103   0.110   0.109
   45   N   0.099   0.107   0.107
   46   S   0.105   0.110   0.110
   47   R   0.104   0.109   0.109
   48   Q   0.102   0.101   0.108
   49   L   0.101   0.102   0.107
   50   I   0.098   0.093   0.105
   51   S   0.100   0.093   0.106
   52   L   0.099   0.102   0.105
   53   G   0.100   0.100   0.105
   54   P   0.097   0.101   0.104
   55   P   0.103   0.104   0.106
   56   R   0.100   0.104   0.103
   57   T   0.104   0.099   0.105
   58   R   0.099   0.099   0.102
   59   E   0.100   0.105   0.103
   60   D   0.101   0.106   0.103
   61   G   0.102   0.108   0.104
   62   S   0.100   0.109   0.103
   63   R   0.103   0.106   0.104
   64   I   0.103   0.107   0.104
   65   S   0.102   0.108   0.103
   66   Q   0.101   0.105   0.102
   67   Q   0.102   0.102   0.103
   68   V   0.102   0.102   0.103
   69   E   0.105   0.103   0.104
   70   Q   0.104   0.101   0.104
# Measure  Position  Value    Cutoff   signal peptide?
  max. C    20       0.158
  max. Y    20       0.147
  max. S    14       0.211
  mean S     1-19    0.141
       D     1-19    0.144   0.450   NO
Name=WASH4_HUMAN	SP='NO' D=0.144 D-cutoff=0.450 Networks=SignalP-noTM
