# SignalP-4.1 euk predictions
# Name=WDR35_HUMAN	Length=70	Networks=SignalP-noTM
# pos  aa    C       S       Y
    1   M   0.101   0.121   0.111
    2   F   0.101   0.134   0.111
    3   F   0.101   0.121   0.111
    4   Y   0.103   0.111   0.112
    5   L   0.103   0.105   0.112
    6   S   0.102   0.110   0.111
    7   K   0.098   0.113   0.108
    8   K   0.102   0.107   0.110
    9   I   0.098   0.100   0.108
   10   S   0.101   0.116   0.109
   11   I   0.101   0.116   0.109
   12   P   0.094   0.145   0.105
   13   N   0.099   0.145   0.108
   14   N   0.097   0.120   0.108
   15   V   0.095   0.114   0.107
   16   K   0.099   0.115   0.109
   17   L   0.101   0.105   0.110
   18   Q   0.111   0.100   0.115
   19   C   0.103   0.098   0.110
   20   V   0.099   0.096   0.108
   21   S   0.099   0.107   0.107
   22   W   0.101   0.102   0.107
   23   N   0.101   0.101   0.107
   24   K   0.099   0.096   0.106
   25   E   0.096   0.101   0.103
   26   Q   0.097   0.098   0.104
   27   G   0.100   0.105   0.105
   28   F   0.098   0.099   0.104
   29   I   0.108   0.098   0.108
   30   A   0.098   0.099   0.103
   31   C   0.102   0.100   0.105
   32   G   0.100   0.096   0.104
   33   G   0.099   0.101   0.103
   34   E   0.104   0.097   0.105
   35   D   0.105   0.096   0.105
   36   G   0.100   0.096   0.101
   37   L   0.099   0.100   0.100
   38   L   0.103   0.104   0.102
   39   K   0.103   0.099   0.101
   40   V   0.101   0.099   0.100
   41   L   0.103   0.098   0.101
   42   K   0.105   0.092   0.102
   43   L   0.099   0.090   0.099
   44   E   0.104   0.092   0.101
   45   T   0.103   0.094   0.101
   46   Q   0.103   0.087   0.100
   47   T   0.100   0.090   0.099
   48   D   0.097   0.091   0.097
   49   D   0.102   0.093   0.099
   50   A   0.095   0.086   0.095
   51   K   0.096   0.087   0.096
   52   L   0.097   0.089   0.096
   53   R   0.093   0.091   0.094
   54   G   0.105   0.098   0.099
   55   L   0.107   0.098   0.100
   56   A   0.103   0.098   0.098
   57   A   0.099   0.108   0.097
   58   P   0.097   0.103   0.096
   59   S   0.102   0.106   0.098
   60   N   0.103   0.100   0.099
   61   L   0.106   0.100   0.100
   62   S   0.095   0.099   0.095
   63   M   0.098   0.099   0.096
   64   N   0.104   0.100   0.099
   65   Q   0.101   0.098   0.098
   66   T   0.105   0.098   0.100
   67   L   0.104   0.101   0.100
   68   E   0.100   0.100   0.098
   69   G   0.102   0.099   0.099
   70   H   0.101   0.104   0.099
# Measure  Position  Value    Cutoff   signal peptide?
  max. C    18       0.111
  max. Y    18       0.115
  max. S    12       0.145
  mean S     1-17    0.117
       D     1-17    0.116   0.450   NO
Name=WDR35_HUMAN	SP='NO' D=0.116 D-cutoff=0.450 Networks=SignalP-noTM
