# SignalP-4.1 euk predictions
# Name=XPO6_HUMAN	Length=70	Networks=SignalP-TM
# pos  aa    C       S       Y
    1   M   0.103   0.126   0.114
    2   A   0.103   0.122   0.114
    3   S   0.100   0.145   0.112
    4   E   0.102   0.151   0.114
    5   E   0.101   0.118   0.114
    6   A   0.102   0.115   0.114
    7   S   0.098   0.098   0.112
    8   L   0.102   0.097   0.113
    9   R   0.102   0.098   0.112
   10   A   0.105   0.094   0.113
   11   L   0.100   0.079   0.109
   12   E   0.103   0.057   0.109
   13   S   0.102   0.060   0.106
   14   L   0.102   0.083   0.104
   15   M   0.102   0.105   0.103
   16   T   0.100   0.108   0.101
   17   E   0.105   0.106   0.103
   18   F   0.100   0.104   0.099
   19   F   0.103   0.104   0.099
   20   H   0.099   0.115   0.096
   21   D   0.098   0.116   0.096
   22   C   0.101   0.128   0.098
   23   T   0.102   0.125   0.100
   24   T   0.101   0.156   0.100
   25   N   0.118   0.120   0.111
   26   E   0.103   0.120   0.105
   27   R   0.100   0.118   0.105
   28   K   0.101   0.115   0.108
   29   R   0.100   0.113   0.109
   30   E   0.104   0.112   0.111
   31   I   0.104   0.111   0.111
   32   E   0.102   0.106   0.110
   33   E   0.103   0.110   0.110
   34   L   0.100   0.099   0.109
   35   L   0.102   0.094   0.109
   36   N   0.104   0.074   0.110
   37   N   0.104   0.081   0.108
   38   F   0.102   0.074   0.105
   39   A   0.106   0.066   0.105
   40   Q   0.101   0.069   0.100
   41   Q   0.103   0.053   0.099
   42   I   0.098   0.044   0.095
   43   G   0.104   0.047   0.095
   44   A   0.097   0.055   0.089
   45   W   0.098   0.061   0.087
   46   R   0.100   0.072   0.086
   47   F   0.098   0.069   0.084
   48   C   0.100   0.072   0.083
   49   L   0.101   0.091   0.082
   50   Y   0.103   0.094   0.083
   51   F   0.100   0.109   0.082
   52   L   0.104   0.118   0.085
   53   S   0.102   0.145   0.086
   54   S   0.103   0.157   0.090
   55   T   0.103   0.155   0.093
   56   R   0.103   0.127   0.097
   57   N   0.102   0.147   0.100
   58   D   0.104   0.144   0.105
   59   Y   0.098   0.125   0.105
   60   V   0.101   0.096   0.108
   61   M   0.100   0.097   0.108
   62   M   0.100   0.112   0.109
   63   Y   0.102   0.098   0.112
   64   S   0.102   0.099   0.112
   65   L   0.101   0.095   0.111
   66   T   0.101   0.102   0.111
   67   V   0.102   0.107   0.111
   68   F   0.102   0.101   0.110
   69   E   0.104   0.099   0.109
   70   N   0.103   0.098   0.107
# Measure  Position  Value    Cutoff   signal peptide?
  max. C    25       0.118
  max. Y    64       0.112
  max. S    54       0.157
  mean S     1-63    0.103
       D     1-63    0.108   0.500   NO
Name=XPO6_HUMAN	SP='NO' D=0.108 D-cutoff=0.500 Networks=SignalP-TM
