# SignalP-4.1 euk predictions
# Name=YJ016_HUMAN	Length=70	Networks=SignalP-TM
# pos  aa    C       S       Y
    1   M   0.102   0.098   0.100
    2   R   0.103   0.092   0.101
    3   A   0.104   0.087   0.101
    4   V   0.099   0.086   0.098
    5   S   0.105   0.089   0.101
    6   A   0.102   0.093   0.099
    7   N   0.102   0.088   0.098
    8   Y   0.104   0.085   0.099
    9   S   0.099   0.083   0.096
   10   T   0.101   0.076   0.097
   11   G   0.104   0.076   0.097
   12   S   0.100   0.059   0.094
   13   P   0.101   0.075   0.093
   14   A   0.104   0.089   0.094
   15   V   0.099   0.092   0.091
   16   K   0.102   0.093   0.092
   17   S   0.101   0.098   0.092
   18   R   0.113   0.101   0.098
   19   I   0.107   0.104   0.095
   20   E   0.103   0.102   0.095
   21   L   0.101   0.105   0.094
   22   D   0.103   0.104   0.096
   23   R   0.104   0.098   0.097
   24   I   0.106   0.101   0.098
   25   Q   0.101   0.104   0.097
   26   T   0.105   0.100   0.100
   27   I   0.105   0.105   0.101
   28   M   0.102   0.102   0.101
   29   E   0.102   0.100   0.101
   30   S   0.099   0.100   0.100
   31   M   0.099   0.101   0.100
   32   G   0.103   0.106   0.103
   33   S   0.101   0.113   0.101
   34   K   0.101   0.116   0.102
   35   L   0.100   0.111   0.102
   36   S   0.101   0.113   0.103
   37   P   0.100   0.110   0.102
   38   G   0.105   0.110   0.105
   39   A   0.103   0.106   0.105
   40   Q   0.100   0.103   0.103
   41   Q   0.103   0.103   0.105
   42   L   0.100   0.098   0.103
   43   I   0.100   0.100   0.103
   44   N   0.102   0.104   0.104
   45   M   0.103   0.103   0.105
   46   V   0.101   0.106   0.104
   47   R   0.105   0.103   0.106
   48   F   0.105   0.107   0.106
   49   Q   0.101   0.099   0.103
   50   Q   0.101   0.103   0.103
   51   W   0.101   0.107   0.103
   52   N   0.097   0.105   0.100
   53   C   0.102   0.100   0.103
   54   I   0.104   0.097   0.103
   55   P   0.102   0.093   0.102
   56   I   0.103   0.096   0.102
   57   E   0.099   0.096   0.100
   58   E   0.102   0.095   0.102
   59   Q   0.100   0.095   0.100
   60   L   0.102   0.097   0.101
   61   Q   0.101   0.100   0.100
   62   L   0.104   0.098   0.102
   63   V   0.104   0.097   0.101
   64   L   0.103   0.094   0.101
   65   G   0.107   0.097   0.102
   66   N   0.099   0.098   0.098
   67   A   0.105   0.104   0.101
   68   G   0.097   0.100   0.097
   69   Y   0.098   0.099   0.097
   70   K   0.098   0.098   0.098
# Measure  Position  Value    Cutoff   signal peptide?
  max. C    18       0.113
  max. Y    47       0.106
  max. S    34       0.116
  mean S     1-46    0.098
       D     1-46    0.103   0.500   NO
Name=YJ016_HUMAN	SP='NO' D=0.103 D-cutoff=0.500 Networks=SignalP-TM
