# SignalP-4.1 euk predictions
# Name=ZN335_HUMAN	Length=70	Networks=SignalP-TM
# pos  aa    C       S       Y
    1   M   0.102   0.078   0.089
    2   E   0.101   0.076   0.089
    3   E   0.101   0.076   0.089
    4   N   0.101   0.080   0.088
    5   E   0.102   0.079   0.089
    6   V   0.101   0.085   0.089
    7   E   0.101   0.092   0.089
    8   S   0.103   0.096   0.090
    9   S   0.099   0.098   0.089
   10   S   0.101   0.108   0.091
   11   D   0.102   0.120   0.093
   12   A   0.103   0.093   0.095
   13   A   0.097   0.101   0.093
   14   P   0.100   0.115   0.095
   15   G   0.104   0.109   0.098
   16   P   0.100   0.112   0.097
   17   G   0.103   0.105   0.100
   18   R   0.097   0.106   0.098
   19   P   0.104   0.103   0.102
   20   E   0.102   0.101   0.103
   21   E   0.102   0.102   0.103
   22   P   0.104   0.105   0.104
   23   S   0.105   0.108   0.105
   24   E   0.105   0.105   0.106
   25   S   0.105   0.108   0.105
   26   G   0.103   0.107   0.104
   27   L   0.102   0.103   0.104
   28   G   0.105   0.101   0.106
   29   V   0.101   0.096   0.103
   30   G   0.108   0.092   0.106
   31   T   0.101   0.093   0.102
   32   S   0.105   0.092   0.104
   33   E   0.104   0.090   0.103
   34   A   0.103   0.084   0.101
   35   V   0.096   0.089   0.098
   36   S   0.106   0.093   0.102
   37   A   0.101   0.093   0.099
   38   D   0.104   0.089   0.100
   39   S   0.104   0.097   0.100
   40   S   0.100   0.096   0.097
   41   D   0.103   0.097   0.098
   42   A   0.104   0.112   0.098
   43   A   0.103   0.108   0.098
   44   A   0.102   0.104   0.098
   45   A   0.103   0.104   0.099
   46   P   0.102   0.102   0.099
   47   G   0.107   0.100   0.102
   48   Q   0.100   0.100   0.099
   49   A   0.107   0.091   0.103
   50   E   0.103   0.099   0.101
   51   A   0.104   0.100   0.102
   52   D   0.110   0.111   0.105
   53   D   0.107   0.108   0.104
   54   S   0.105   0.110   0.104
   55   G   0.103   0.110   0.103
   56   V   0.104   0.105   0.104
   57   G   0.106   0.104   0.105
   58   Q   0.099   0.106   0.101
   59   S   0.103   0.106   0.103
   60   S   0.103   0.109   0.104
   61   D   0.104   0.107   0.104
   62   R   0.100   0.109   0.102
   63   G   0.106   0.106   0.105
   64   S   0.101   0.109   0.104
   65   R   0.104   0.105   0.105
   66   S   0.106   0.105   0.107
   67   Q   0.098   0.108   0.103
   68   E   0.102   0.109   0.104
   69   E   0.101   0.111   0.104
   70   V   0.104   0.108   0.106
# Measure  Position  Value    Cutoff   signal peptide?
  max. C    52       0.110
  max. Y    66       0.107
  max. S    11       0.120
  mean S     1-65    0.100
       D     1-65    0.104   0.500   NO
Name=ZN335_HUMAN	SP='NO' D=0.104 D-cutoff=0.500 Networks=SignalP-TM
