# SignalP-4.1 euk predictions
# Name=ZN484_HUMAN	Length=70	Networks=SignalP-TM
# pos  aa    C       S       Y
    1   M   0.102   0.088   0.094
    2   T   0.102   0.084   0.094
    3   K   0.102   0.087   0.095
    4   S   0.103   0.076   0.095
    5   L   0.102   0.086   0.094
    6   E   0.101   0.079   0.093
    7   S   0.100   0.094   0.093
    8   V   0.101   0.087   0.093
    9   S   0.102   0.088   0.094
   10   F   0.100   0.080   0.093
   11   K   0.100   0.082   0.092
   12   D   0.100   0.076   0.092
   13   V   0.101   0.081   0.092
   14   T   0.100   0.084   0.092
   15   V   0.102   0.095   0.093
   16   D   0.100   0.098   0.092
   17   F   0.101   0.100   0.093
   18   S   0.098   0.108   0.092
   19   R   0.100   0.106   0.094
   20   D   0.102   0.105   0.096
   21   E   0.101   0.103   0.096
   22   W   0.100   0.110   0.096
   23   Q   0.104   0.105   0.099
   24   Q   0.103   0.106   0.099
   25   L   0.101   0.102   0.099
   26   D   0.099   0.109   0.099
   27   L   0.103   0.114   0.102
   28   A   0.104   0.111   0.104
   29   Q   0.100   0.109   0.102
   30   K   0.104   0.103   0.105
   31   S   0.100   0.098   0.103
   32   L   0.103   0.095   0.104
   33   Y   0.102   0.091   0.104
   34   R   0.098   0.093   0.101
   35   E   0.102   0.087   0.103
   36   V   0.099   0.090   0.101
   37   M   0.101   0.095   0.101
   38   L   0.103   0.093   0.102
   39   E   0.101   0.097   0.100
   40   N   0.100   0.097   0.099
   41   Y   0.102   0.098   0.100
   42   F   0.100   0.105   0.098
   43   N   0.105   0.096   0.101
   44   L   0.102   0.101   0.099
   45   I   0.103   0.111   0.099
   46   S   0.102   0.106   0.099
   47   V   0.102   0.109   0.100
   48   G   0.101   0.105   0.100
   49   C   0.101   0.098   0.100
   50   Q   0.100   0.096   0.100
   51   V   0.102   0.098   0.101
   52   P   0.100   0.100   0.101
   53   K   0.100   0.100   0.101
   54   P   0.098   0.099   0.100
   55   E   0.103   0.097   0.102
   56   V   0.102   0.101   0.102
   57   I   0.098   0.101   0.100
   58   F   0.102   0.104   0.102
   59   S   0.100   0.104   0.101
   60   L   0.102   0.106   0.102
   61   E   0.106   0.107   0.104
   62   Q   0.101   0.107   0.101
   63   E   0.103   0.105   0.102
   64   E   0.101   0.104   0.102
   65   P   0.106   0.100   0.104
   66   C   0.105   0.100   0.104
   67   M   0.100   0.102   0.101
   68   L   0.101   0.101   0.102
   69   D   0.101   0.103   0.102
   70   G   0.100   0.104   0.101
# Measure  Position  Value    Cutoff   signal peptide?
  max. C    61       0.106
  max. Y    30       0.105
  max. S    27       0.114
  mean S     1-29    0.095
       D     1-29    0.101   0.500   NO
Name=ZN484_HUMAN	SP='NO' D=0.101 D-cutoff=0.500 Networks=SignalP-TM
