# SignalP-4.1 euk predictions
# Name=ZNF57_HUMAN	Length=70	Networks=SignalP-TM
# pos  aa    C       S       Y
    1   M   0.101   0.182   0.136
    2   D   0.101   0.128   0.136
    3   S   0.102   0.132   0.135
    4   V   0.101   0.119   0.133
    5   V   0.103   0.101   0.132
    6   F   0.101   0.092   0.129
    7   E   0.100   0.096   0.125
    8   D   0.100   0.094   0.123
    9   V   0.104   0.085   0.123
   10   A   0.103   0.083   0.119
   11   V   0.097   0.079   0.113
   12   D   0.101   0.055   0.112
   13   F   0.101   0.067   0.108
   14   T   0.103   0.080   0.105
   15   L   0.102   0.090   0.101
   16   E   0.102   0.091   0.097
   17   E   0.102   0.092   0.096
   18   W   0.101   0.104   0.094
   19   A   0.101   0.112   0.093
   20   L   0.101   0.123   0.094
   21   L   0.103   0.121   0.096
   22   D   0.102   0.114   0.096
   23   S   0.105   0.122   0.099
   24   A   0.109   0.120   0.102
   25   Q   0.104   0.111   0.101
   26   R   0.104   0.110   0.102
   27   D   0.107   0.097   0.106
   28   L   0.099   0.096   0.102
   29   Y   0.100   0.100   0.104
   30   R   0.099   0.102   0.103
   31   D   0.104   0.098   0.106
   32   V   0.099   0.104   0.104
   33   M   0.104   0.103   0.106
   34   L   0.104   0.098   0.106
   35   E   0.101   0.100   0.104
   36   T   0.101   0.094   0.103
   37   F   0.101   0.096   0.103
   38   R   0.103   0.097   0.103
   39   N   0.107   0.098   0.103
   40   L   0.104   0.093   0.102
   41   A   0.101   0.089   0.100
   42   S   0.100   0.090   0.099
   43   V   0.103   0.091   0.100
   44   D   0.101   0.097   0.099
   45   D   0.102   0.094   0.099
   46   G   0.100   0.096   0.098
   47   T   0.101   0.095   0.098
   48   Q   0.104   0.094   0.099
   49   F   0.100   0.094   0.097
   50   K   0.099   0.094   0.096
   51   A   0.101   0.095   0.097
   52   N   0.099   0.099   0.096
   53   G   0.103   0.092   0.099
   54   S   0.099   0.097   0.096
   55   V   0.102   0.097   0.098
   56   S   0.103   0.099   0.099
   57   L   0.100   0.102   0.098
   58   Q   0.099   0.101   0.097
   59   D   0.104   0.102   0.100
   60   M   0.105   0.103   0.101
   61   Y   0.102   0.104   0.100
   62   G   0.105   0.102   0.102
   63   Q   0.100   0.103   0.099
   64   E   0.102   0.103   0.101
   65   K   0.100   0.105   0.100
   66   S   0.100   0.105   0.100
   67   K   0.098   0.106   0.099
   68   E   0.103   0.107   0.103
   69   Q   0.100   0.107   0.101
   70   T   0.104   0.108   0.104
# Measure  Position  Value    Cutoff   signal peptide?
  max. C    24       0.109
  max. Y    11       0.113
  max. S     1       0.182
  mean S     1-10    0.111
       D     1-10    0.112   0.500   NO
Name=ZNF57_HUMAN	SP='NO' D=0.112 D-cutoff=0.500 Networks=SignalP-TM
