# SignalP-4.1 euk predictions
# Name=5HT2B_HUMAN_TRANSMEM1	Length=70	Networks=SignalP-noTM
# pos  aa    C       S       Y
    1   A   0.105   0.870   0.303
    2   A   0.100   0.885   0.294
    3   L   0.099   0.899   0.293
    4   L   0.104   0.893   0.300
    5   I   0.102   0.883   0.299
    6   L   0.103   0.837   0.299
    7   M   0.104   0.790   0.302
    8   V   0.103   0.774   0.299
    9   I   0.107   0.721   0.304
   10   I   0.102   0.742   0.296
   11   P   0.098   0.717   0.288
   12   T   0.104   0.749   0.296
   13   I   0.100   0.814   0.290
   14   G   0.095   0.859   0.282
   15   G   0.217   0.768   0.426
   16   N   0.448   0.471   0.610
   17   T   0.113   0.388   0.303
   18   L   0.230   0.309   0.426
   19   V   0.114   0.228   0.296
   20   I   0.110   0.170   0.284
   21   L   0.105   0.224   0.272
   22   A   0.108   0.205   0.270
   23   V   0.185   0.120   0.346
   24   S   0.106   0.152   0.255
   25   L   0.113   0.129   0.255
   26   E   0.101   0.114   0.234
   27   K   0.103   0.132   0.229
   28   K   0.098   0.123   0.216
   29   L   0.098   0.167   0.207
   30   Q   0.105   0.190   0.208
   31   Y   0.110   0.141   0.206
   32   A   0.103   0.128   0.193
   33   T   0.136   0.116   0.213
   34   N   0.104   0.123   0.178
   35   Y   0.108   0.133   0.173
   36   F   0.097   0.114   0.154
   37   L   0.099   0.138   0.145
   38   M   0.099   0.126   0.134
   39   S   0.104   0.145   0.132
   40   L   0.102   0.186   0.126
   41   A   0.108   0.174   0.127
   42   V   0.102   0.167   0.123
   43   A   0.107   0.202   0.125
   44   D   0.111   0.187   0.127
   45   L   0.100   0.224   0.120
   46   L   0.106   0.315   0.126
   47   V   0.101   0.419   0.126
   48   G   0.103   0.445   0.132
   49   L   0.127   0.327   0.154
   50   F   0.102   0.381   0.141
   51   V   0.107   0.234   0.148
   52   M   0.104   0.140   0.148
   53   P   0.099   0.153   0.144
   54   I   0.106   0.151   0.149
   55   A   0.104   0.148   0.148
   56   L   0.102   0.122   0.146
   57   L   0.112   0.111   0.154
   58   T   0.113   0.107   0.154
   59   I   0.109   0.098   0.151
   60   M   0.106   0.097   0.149
   61   F   0.101   0.104   0.144
   62   E   0.105   0.100   0.146
   63   A   0.108   0.102   0.147
   64   M   0.103   0.097   0.143
   65   W   0.100   0.097   0.139
   66   P   0.097   0.100   0.135
   67   L   0.117   0.099   0.147
   68   P   0.102   0.107   0.135
   69   L   0.101   0.111   0.131
   70   V   0.103   0.110   0.127
# Measure  Position  Value    Cutoff   signal peptide?
  max. C    16       0.448
  max. Y    16       0.610
  max. S     3       0.899
  mean S     1-15    0.813
       D     1-15    0.720   0.450   YES
Name=5HT2B_HUMAN_TRANSMEM1	SP='YES' Cleavage site between pos. 15 and 16: IGG-NT D=0.720 D-cutoff=0.450 Networks=SignalP-noTM
