# SignalP-4.1 euk predictions
# Name=AA2AR_HUMAN_TRANSMEM4	Length=70	Networks=SignalP-TM
# pos  aa    C       S       Y
    1   A   0.102   0.677   0.263
    2   K   0.099   0.748   0.259
    3   G   0.103   0.656   0.266
    4   I   0.101   0.692   0.262
    5   I   0.106   0.693   0.268
    6   A   0.104   0.785   0.266
    7   I   0.098   0.742   0.260
    8   C   0.103   0.796   0.268
    9   W   0.101   0.846   0.266
   10   V   0.102   0.819   0.270
   11   L   0.099   0.857   0.268
   12   S   0.104   0.892   0.277
   13   F   0.098   0.824   0.272
   14   A   0.104   0.875   0.282
   15   I   0.107   0.796   0.288
   16   G   0.103   0.763   0.284
   17   L   0.179   0.632   0.376
   18   T   0.102   0.602   0.284
   19   P   0.104   0.628   0.285
   20   M   0.122   0.536   0.307
   21   L   0.131   0.363   0.316
   22   G   0.104   0.498   0.276
   23   W   0.418   0.272   0.545
   24   N   0.111   0.190   0.272
   25   N   0.122   0.160   0.275
   26   C   0.103   0.199   0.243
   27   G   0.113   0.162   0.243
   28   Q   0.111   0.120   0.230
   29   P   0.105   0.125   0.211
   30   K   0.117   0.122   0.209
   31   E   0.101   0.120   0.182
   32   G   0.099   0.135   0.170
   33   K   0.124   0.122   0.180
   34   N   0.102   0.116   0.151
   35   H   0.105   0.117   0.142
   36   S   0.103   0.109   0.134
   37   Q   0.101   0.108   0.122
   38   G   0.104   0.101   0.119
   39   C   0.099   0.103   0.113
   40   G   0.103   0.093   0.114
   41   E   0.100   0.095   0.109
   42   G   0.103   0.086   0.108
   43   Q   0.099   0.090   0.105
   44   V   0.105   0.079   0.107
   45   A   0.102   0.073   0.104
   46   C   0.101   0.081   0.102
   47   L   0.099   0.081   0.099
   48   F   0.104   0.080   0.099
   49   E   0.102   0.085   0.097
   50   D   0.103   0.068   0.097
   51   V   0.103   0.078   0.095
   52   V   0.103   0.104   0.094
   53   P   0.104   0.110   0.094
   54   M   0.103   0.109   0.094
   55   N   0.101   0.149   0.094
   56   Y   0.105   0.125   0.098
   57   M   0.098   0.126   0.096
   58   V   0.101   0.132   0.099
   59   Y   0.102   0.157   0.101
   60   F   0.102   0.161   0.104
   61   N   0.102   0.163   0.107
   62   F   0.103   0.183   0.110
   63   F   0.104   0.163   0.114
   64   A   0.103   0.163   0.116
   65   C   0.101   0.134   0.118
   66   V   0.103   0.094   0.121
   67   L   0.102   0.104   0.120
   68   V   0.104   0.108   0.121
   69   P   0.101   0.102   0.119
   70   L   0.105   0.101   0.120
# Measure  Position  Value    Cutoff   signal peptide?
  max. C    23       0.418
  max. Y    23       0.545
  max. S    12       0.892
  mean S     1-22    0.715
       D     1-22    0.613   0.500   YES
Name=AA2AR_HUMAN_TRANSMEM4	SP='YES' Cleavage site between pos. 22 and 23: MLG-WN D=0.613 D-cutoff=0.500 Networks=SignalP-TM
