# SignalP-4.1 euk predictions
# Name=AAAT_HUMAN_TRANSMEM5	Length=70	Networks=SignalP-noTM
# pos  aa    C       S       Y
    1   F   0.100   0.402   0.200
    2   F   0.101   0.576   0.202
    3   N   0.102   0.593   0.204
    4   S   0.103   0.659   0.208
    5   F   0.099   0.704   0.206
    6   N   0.103   0.595   0.214
    7   E   0.103   0.596   0.216
    8   A   0.099   0.690   0.214
    9   T   0.096   0.734   0.213
   10   M   0.104   0.754   0.225
   11   V   0.096   0.611   0.220
   12   L   0.099   0.617   0.226
   13   V   0.099   0.602   0.228
   14   S   0.098   0.530   0.229
   15   W   0.101   0.483   0.234
   16   I   0.099   0.468   0.232
   17   M   0.100   0.557   0.233
   18   W   0.102   0.677   0.237
   19   Y   0.098   0.744   0.236
   20   A   0.105   0.651   0.247
   21   P   0.099   0.513   0.242
   22   V   0.109   0.550   0.256
   23   G   0.104   0.499   0.251
   24   I   0.111   0.481   0.261
   25   M   0.140   0.382   0.291
   26   F   0.167   0.305   0.315
   27   L   0.107   0.319   0.249
   28   V   0.110   0.344   0.248
   29   A   0.109   0.477   0.245
   30   G   0.129   0.385   0.266
   31   K   0.151   0.196   0.283
   32   I   0.118   0.152   0.244
   33   V   0.106   0.184   0.225
   34   E   0.105   0.233   0.219
   35   M   0.105   0.209   0.215
   36   E   0.187   0.115   0.282
   37   D   0.105   0.141   0.206
   38   V   0.104   0.115   0.201
   39   G   0.102   0.116   0.195
   40   L   0.102   0.108   0.190
   41   L   0.103   0.105   0.184
   42   F   0.102   0.100   0.175
   43   A   0.103   0.108   0.168
   44   R   0.103   0.107   0.162
   45   L   0.111   0.102   0.162
   46   G   0.107   0.101   0.153
   47   K   0.100   0.097   0.142
   48   Y   0.103   0.104   0.139
   49   I   0.101   0.106   0.134
   50   L   0.099   0.107   0.129
   51   C   0.099   0.108   0.125
   52   C   0.107   0.101   0.123
   53   L   0.102   0.104   0.114
   54   L   0.097   0.113   0.109
   55   G   0.101   0.109   0.111
   56   H   0.097   0.103   0.107
   57   A   0.103   0.105   0.108
   58   I   0.106   0.098   0.107
   59   H   0.103   0.098   0.105
   60   G   0.097   0.097   0.101
   61   L   0.115   0.104   0.110
   62   L   0.103   0.113   0.103
   63   V   0.100   0.107   0.102
   64   L   0.103   0.102   0.104
   65   P   0.099   0.102   0.102
   66   L   0.107   0.116   0.105
   67   I   0.108   0.100   0.106
   68   Y   0.103   0.098   0.104
   69   F   0.094   0.103   0.099
   70   L   0.102   0.105   0.103
# Measure  Position  Value    Cutoff   signal peptide?
  max. C    36       0.187
  max. Y    26       0.315
  max. S    10       0.754
  mean S     1-25    0.587
       D     1-25    0.462   0.450   YES
Name=AAAT_HUMAN_TRANSMEM5	SP='YES' Cleavage site between pos. 25 and 26: GIM-FL D=0.462 D-cutoff=0.450 Networks=SignalP-noTM
