# SignalP-4.1 euk predictions
# Name=ABCD4_HUMAN_TRANSMEM5	Length=70	Networks=SignalP-noTM
# pos  aa    C       S       Y
    1   A   0.102   0.638   0.256
    2   F   0.099   0.656   0.251
    3   V   0.102   0.639   0.255
    4   C   0.101   0.706   0.254
    5   I   0.105   0.718   0.260
    6   Y   0.097   0.755   0.250
    7   L   0.101   0.792   0.256
    8   I   0.103   0.788   0.260
    9   S   0.099   0.767   0.256
   10   C   0.101   0.703   0.260
   11   F   0.098   0.674   0.257
   12   T   0.102   0.642   0.263
   13   Q   0.108   0.576   0.270
   14   L   0.098   0.604   0.257
   15   I   0.101   0.465   0.260
   16   D   0.097   0.492   0.254
   17   L   0.104   0.521   0.261
   18   S   0.152   0.267   0.315
   19   T   0.112   0.307   0.266
   20   T   0.111   0.310   0.262
   21   L   0.170   0.150   0.320
   22   S   0.097   0.157   0.237
   23   D   0.136   0.130   0.276
   24   V   0.099   0.143   0.230
   25   A   0.105   0.163   0.233
   26   G   0.103   0.123   0.226
   27   Y   0.253   0.091   0.343
   28   T   0.103   0.097   0.213
   29   H   0.102   0.095   0.204
   30   R   0.096   0.108   0.190
   31   I   0.106   0.098   0.191
   32   G   0.102   0.108   0.179
   33   Q   0.101   0.103   0.170
   34   L   0.107   0.096   0.167
   35   R   0.103   0.096   0.156
   36   E   0.102   0.100   0.148
   37   T   0.100   0.097   0.138
   38   L   0.105   0.093   0.136
   39   L   0.108   0.092   0.130
   40   D   0.100   0.091   0.117
   41   M   0.101   0.092   0.115
   42   S   0.104   0.088   0.112
   43   L   0.100   0.092   0.105
   44   K   0.102   0.092   0.105
   45   S   0.102   0.092   0.103
   46   Q   0.097   0.090   0.100
   47   D   0.100   0.093   0.100
   48   C   0.098   0.090   0.097
   49   E   0.100   0.089   0.098
   50   I   0.096   0.102   0.095
   51   L   0.097   0.103   0.096
   52   G   0.105   0.107   0.100
   53   E   0.095   0.104   0.095
   54   S   0.098   0.099   0.097
   55   E   0.095   0.101   0.095
   56   W   0.104   0.108   0.100
   57   G   0.100   0.112   0.098
   58   L   0.095   0.110   0.096
   59   D   0.106   0.105   0.101
   60   T   0.100   0.105   0.099
   61   P   0.101   0.106   0.100
   62   P   0.105   0.104   0.102
   63   G   0.106   0.102   0.103
   64   W   0.096   0.106   0.098
   65   P   0.106   0.108   0.103
   66   A   0.103   0.106   0.102
   67   A   0.092   0.108   0.097
   68   E   0.096   0.112   0.099
   69   P   0.107   0.112   0.105
   70   A   0.107   0.108   0.106
# Measure  Position  Value    Cutoff   signal peptide?
  max. C    27       0.253
  max. Y    27       0.343
  max. S     7       0.792
  mean S     1-26    0.496
       D     1-26    0.425   0.450   NO
Name=ABCD4_HUMAN_TRANSMEM5	SP='NO' D=0.425 D-cutoff=0.450 Networks=SignalP-noTM
