# SignalP-4.1 euk predictions
# Name=ACE_HUMAN_TRANSMEM1	Length=50	Networks=SignalP-TM
# pos  aa    C       S       Y
    1   V   0.102   0.729   0.273
    2   G   0.104   0.792   0.275
    3   Q   0.101   0.723   0.272
    4   W   0.102   0.561   0.273
    5   L   0.102   0.406   0.271
    6   L   0.102   0.431   0.267
    7   L   0.100   0.375   0.260
    8   F   0.104   0.382   0.260
    9   L   0.104   0.392   0.255
   10   G   0.106   0.348   0.252
   11   I   0.103   0.357   0.243
   12   A   0.104   0.245   0.239
   13   L   0.096   0.272   0.222
   14   L   0.101   0.316   0.220
   15   V   0.104   0.216   0.217
   16   A   0.102   0.349   0.206
   17   T   0.162   0.345   0.249
   18   L   0.152   0.254   0.233
   19   G   0.110   0.226   0.192
   20   L   0.326   0.139   0.324
   21   S   0.112   0.137   0.183
   22   Q   0.376   0.070   0.327
   23   R   0.114   0.068   0.172
   24   L   0.141   0.070   0.184
   25   F   0.102   0.086   0.150
   26   S   0.103   0.102   0.143
   27   I   0.120   0.093   0.151
   28   R   0.100   0.104   0.133
   29   H   0.101   0.100   0.128
   30   R   0.098   0.108   0.123
   31   S   0.104   0.106   0.119
   32   L   0.102   0.104   0.110
   33   H   0.100   0.105   0.104
   34   R   0.099   0.101   0.099
   35   H   0.101   0.102   0.099
   36   S   0.104   0.099   0.099
   37   H   0.101   0.100   0.099
   38   G   0.105   0.097   0.102
   39   P   0.097   0.100   0.099
   40   Q   0.101   0.100   0.101
   41   F   0.102   0.102   0.102
   42   G   0.102   0.101   0.102
   43   S   0.099   0.100   0.101
   44   E   0.101   0.106   0.101
   45   V   0.103   0.104   0.102
   46   E   0.104   0.103   0.103
   47   L   0.103   0.103   0.102
   48   R   0.101   0.103   0.101
   49   H   0.105   0.102   0.103
   50   S   0.106   0.102   0.104
# Measure  Position  Value    Cutoff   signal peptide?
  max. C    22       0.376
  max. Y    22       0.327
  max. S     2       0.792
  mean S     1-21    0.381
       D     1-21    0.348   0.500   NO
Name=ACE_HUMAN_TRANSMEM1	SP='NO' D=0.348 D-cutoff=0.500 Networks=SignalP-TM
