# SignalP-4.1 euk predictions
# Name=ACHB4_HUMAN_TRANSMEM4	Length=38	Networks=SignalP-TM
# pos  aa    C       S       Y
    1   L   0.102   0.762   0.279
    2   F   0.102   0.540   0.279
    3   L   0.102   0.346   0.276
    4   W   0.103   0.338   0.272
    5   V   0.102   0.382   0.264
    6   F   0.102   0.386   0.259
    7   M   0.104   0.342   0.256
    8   F   0.100   0.441   0.245
    9   V   0.102   0.419   0.243
   10   C   0.101   0.494   0.236
   11   V   0.100   0.609   0.232
   12   L   0.098   0.683   0.226
   13   G   0.100   0.562   0.228
   14   T   0.122   0.461   0.248
   15   V   0.104   0.448   0.224
   16   G   0.104   0.435   0.218
   17   L   0.167   0.299   0.275
   18   F   0.147   0.235   0.257
   19   L   0.113   0.156   0.224
   20   P   0.105   0.163   0.212
   21   P   0.099   0.155   0.202
   22   L   0.106   0.168   0.205
   23   F   0.103   0.212   0.197
   24   Q   0.101   0.221   0.192
   25   T   0.108   0.207   0.192
   26   H   0.107   0.160   0.183
   27   A   0.102   0.167   0.168
   28   A   0.121   0.122   0.174
   29   S   0.101   0.112   0.151
   30   E   0.104   0.105   0.145
   31   G   0.103   0.105   0.135
   32   P   0.097   0.106   0.126
   33   Y   0.104   0.106   0.127
   34   A   0.103   0.110   0.124
   35   A   0.101   0.109   0.122
   36   Q   0.098   0.109   0.119
   37   R   0.102   0.111   0.119
   38   D   0.103   0.109   0.116
# Measure  Position  Value    Cutoff   signal peptide?
  max. C    17       0.167
  max. Y    17       0.275
  max. S     1       0.762
  mean S     1-16    0.478
       D     1-16    0.356   0.500   NO
Name=ACHB4_HUMAN_TRANSMEM4	SP='NO' D=0.356 D-cutoff=0.500 Networks=SignalP-TM
