# SignalP-4.1 euk predictions
# Name=ADA33_HUMAN_TRANSMEM1	Length=70	Networks=SignalP-TM
# pos  aa    C       S       Y
    1   F   0.102   0.951   0.311
    2   L   0.103   0.953   0.313
    3   L   0.104   0.953   0.314
    4   A   0.104   0.931   0.314
    5   M   0.100   0.924   0.308
    6   L   0.104   0.881   0.314
    7   L   0.101   0.888   0.309
    8   S   0.105   0.895   0.314
    9   V   0.101   0.886   0.308
   10   L   0.099   0.874   0.304
   11   L   0.101   0.891   0.306
   12   P   0.099   0.915   0.302
   13   L   0.107   0.878   0.313
   14   L   0.101   0.904   0.304
   15   P   0.101   0.918   0.303
   16   G   0.114   0.895   0.322
   17   A   0.157   0.851   0.377
   18   G   0.127   0.812   0.337
   19   L   0.185   0.756   0.405
   20   A   0.197   0.474   0.415
   21   W   0.742   0.241   0.792
   22   C   0.106   0.242   0.291
   23   C   0.217   0.194   0.404
   24   Y   0.104   0.214   0.271
   25   R   0.105   0.234   0.263
   26   L   0.117   0.153   0.267
   27   P   0.102   0.178   0.238
   28   G   0.106   0.176   0.231
   29   A   0.107   0.162   0.220
   30   H   0.105   0.130   0.205
   31   L   0.106   0.125   0.191
   32   Q   0.182   0.097   0.231
   33   R   0.101   0.097   0.156
   34   C   0.105   0.104   0.143
   35   S   0.102   0.103   0.131
   36   W   0.100   0.114   0.125
   37   G   0.109   0.107   0.127
   38   C   0.112   0.102   0.126
   39   R   0.101   0.101   0.116
   40   R   0.100   0.102   0.112
   41   D   0.103   0.103   0.112
   42   P   0.101   0.100   0.108
   43   A   0.104   0.109   0.107
   44   C   0.099   0.106   0.103
   45   S   0.103   0.110   0.104
   46   G   0.107   0.109   0.105
   47   P   0.100   0.112   0.102
   48   K   0.104   0.109   0.105
   49   D   0.104   0.109   0.105
   50   G   0.105   0.103   0.106
   51   P   0.099   0.106   0.102
   52   H   0.105   0.107   0.105
   53   R   0.103   0.104   0.105
   54   D   0.104   0.102   0.105
   55   H   0.100   0.103   0.103
   56   P   0.106   0.100   0.106
   57   L   0.104   0.100   0.105
   58   G   0.106   0.101   0.106
   59   G   0.102   0.099   0.104
   60   V   0.102   0.101   0.103
   61   H   0.105   0.098   0.105
   62   P   0.106   0.099   0.105
   63   M   0.101   0.100   0.101
   64   E   0.105   0.097   0.103
   65   L   0.107   0.098   0.104
   66   G   0.100   0.098   0.100
   67   P   0.101   0.102   0.100
   68   T   0.107   0.100   0.103
   69   A   0.105   0.099   0.102
   70   T   0.101   0.100   0.100
# Measure  Position  Value    Cutoff   signal peptide?
  max. C    21       0.742
  max. Y    21       0.792
  max. S     2       0.953
  mean S     1-20    0.872
       D     1-20    0.824   0.500   YES
Name=ADA33_HUMAN_TRANSMEM1	SP='YES' Cleavage site between pos. 20 and 21: GLA-WC D=0.824 D-cutoff=0.500 Networks=SignalP-TM
