# SignalP-4.1 euk predictions
# Name=ADT1_HUMAN_TRANSMEM3	Length=70	Networks=SignalP-noTM
# pos  aa    C       S       Y
    1   W   0.099   0.477   0.217
    2   R   0.099   0.507   0.218
    3   Y   0.104   0.460   0.223
    4   F   0.104   0.415   0.222
    5   A   0.103   0.514   0.221
    6   G   0.099   0.465   0.217
    7   N   0.100   0.480   0.218
    8   L   0.104   0.483   0.223
    9   A   0.104   0.304   0.223
   10   S   0.097   0.307   0.213
   11   G   0.101   0.234   0.216
   12   G   0.100   0.257   0.212
   13   A   0.105   0.391   0.215
   14   A   0.103   0.327   0.212
   15   G   0.101   0.262   0.209
   16   A   0.118   0.195   0.222
   17   T   0.113   0.168   0.215
   18   S   0.104   0.166   0.202
   19   L   0.107   0.173   0.201
   20   C   0.111   0.161   0.201
   21   F   0.111   0.139   0.197
   22   V   0.101   0.138   0.184
   23   Y   0.103   0.123   0.181
   24   P   0.106   0.163   0.180
   25   L   0.125   0.137   0.189
   26   D   0.106   0.158   0.170
   27   F   0.101   0.235   0.163
   28   A   0.115   0.220   0.169
   29   R   0.112   0.163   0.163
   30   T   0.109   0.199   0.156
   31   R   0.119   0.134   0.158
   32   L   0.108   0.190   0.147
   33   A   0.109   0.185   0.147
   34   A   0.157   0.112   0.175
   35   D   0.108   0.102   0.142
   36   V   0.103   0.091   0.134
   37   G   0.103   0.088   0.130
   38   K   0.106   0.094   0.129
   39   G   0.101   0.107   0.124
   40   A   0.102   0.101   0.123
   41   A   0.102   0.131   0.122
   42   Q   0.110   0.105   0.126
   43   R   0.106   0.106   0.123
   44   E   0.103   0.099   0.120
   45   F   0.106   0.095   0.121
   46   H   0.102   0.094   0.118
   47   G   0.103   0.101   0.118
   48   L   0.097   0.102   0.113
   49   G   0.106   0.098   0.117
   50   D   0.101   0.096   0.112
   51   C   0.107   0.093   0.112
   52   I   0.101   0.095   0.108
   53   I   0.106   0.094   0.108
   54   K   0.100   0.089   0.104
   55   I   0.104   0.099   0.104
   56   F   0.098   0.096   0.099
   57   K   0.102   0.092   0.101
   58   S   0.099   0.095   0.099
   59   D   0.096   0.094   0.097
   60   G   0.103   0.095   0.101
   61   L   0.106   0.096   0.103
   62   R   0.102   0.095   0.100
   63   G   0.102   0.092   0.100
   64   L   0.097   0.099   0.097
   65   Y   0.103   0.094   0.100
   66   Q   0.104   0.097   0.100
   67   G   0.102   0.096   0.099
   68   F   0.094   0.098   0.095
   69   N   0.105   0.097   0.100
   70   V   0.100   0.096   0.098
# Measure  Position  Value    Cutoff   signal peptide?
  max. C    34       0.157
  max. Y    16       0.222
  max. S     5       0.514
  mean S     1-15    0.392
       D     1-15    0.314   0.450   NO
Name=ADT1_HUMAN_TRANSMEM3	SP='NO' D=0.314 D-cutoff=0.450 Networks=SignalP-noTM
