# SignalP-4.1 euk predictions
# Name=ADT2_HUMAN_TRANSMEM3	Length=70	Networks=SignalP-TM
# pos  aa    C       S       Y
    1   W   0.101   0.294   0.172
    2   L   0.101   0.307   0.172
    3   Y   0.102   0.315   0.173
    4   F   0.103   0.349   0.174
    5   A   0.104   0.366   0.176
    6   G   0.098   0.447   0.173
    7   N   0.102   0.422   0.180
    8   L   0.104   0.386   0.184
    9   A   0.102   0.275   0.184
   10   S   0.098   0.304   0.180
   11   G   0.100   0.346   0.182
   12   G   0.100   0.476   0.183
   13   A   0.103   0.538   0.190
   14   A   0.110   0.465   0.201
   15   G   0.109   0.377   0.203
   16   A   0.132   0.266   0.225
   17   T   0.124   0.227   0.217
   18   S   0.107   0.192   0.200
   19   L   0.114   0.176   0.203
   20   C   0.105   0.143   0.192
   21   F   0.109   0.113   0.189
   22   V   0.103   0.118   0.177
   23   Y   0.104   0.066   0.172
   24   P   0.106   0.107   0.169
   25   L   0.114   0.092   0.171
   26   D   0.105   0.123   0.159
   27   F   0.103   0.153   0.148
   28   A   0.107   0.159   0.141
   29   R   0.106   0.144   0.132
   30   T   0.107   0.148   0.126
   31   R   0.120   0.115   0.130
   32   L   0.105   0.168   0.118
   33   A   0.107   0.158   0.118
   34   A   0.131   0.122   0.130
   35   D   0.104   0.107   0.115
   36   V   0.103   0.109   0.114
   37   G   0.103   0.106   0.114
   38   K   0.105   0.112   0.117
   39   A   0.102   0.116   0.115
   40   G   0.101   0.117   0.115
   41   A   0.102   0.115   0.116
   42   E   0.109   0.108   0.118
   43   R   0.105   0.108   0.114
   44   E   0.103   0.103   0.112
   45   F   0.102   0.104   0.110
   46   R   0.103   0.104   0.110
   47   G   0.105   0.104   0.109
   48   L   0.101   0.104   0.105
   49   G   0.106   0.096   0.107
   50   D   0.102   0.100   0.105
   51   C   0.106   0.092   0.107
   52   L   0.102   0.099   0.104
   53   V   0.106   0.093   0.106
   54   K   0.102   0.092   0.103
   55   I   0.105   0.092   0.103
   56   Y   0.100   0.094   0.100
   57   K   0.102   0.097   0.101
   58   S   0.102   0.094   0.100
   59   D   0.099   0.094   0.098
   60   G   0.103   0.092   0.100
   61   I   0.100   0.095   0.098
   62   K   0.102   0.095   0.098
   63   G   0.102   0.095   0.098
   64   L   0.098   0.096   0.096
   65   Y   0.104   0.097   0.099
   66   Q   0.103   0.096   0.099
   67   G   0.102   0.094   0.098
   68   F   0.096   0.099   0.095
   69   N   0.106   0.099   0.100
   70   V   0.105   0.096   0.100
# Measure  Position  Value    Cutoff   signal peptide?
  max. C    16       0.132
  max. Y    16       0.225
  max. S    13       0.538
  mean S     1-15    0.378
       D     1-15    0.286   0.500   NO
Name=ADT2_HUMAN_TRANSMEM3	SP='NO' D=0.286 D-cutoff=0.500 Networks=SignalP-TM
