# SignalP-4.1 euk predictions
# Name=ADT2_HUMAN_TRANSMEM2	Length=70	Networks=SignalP-noTM
# pos  aa    C       S       Y
    1   L   0.102   0.109   0.106
    2   A   0.103   0.096   0.106
    3   N   0.098   0.104   0.103
    4   V   0.106   0.105   0.107
    5   I   0.099   0.098   0.103
    6   R   0.104   0.099   0.106
    7   Y   0.104   0.105   0.105
    8   F   0.097   0.096   0.102
    9   P   0.104   0.099   0.105
   10   T   0.104   0.097   0.105
   11   Q   0.104   0.096   0.105
   12   A   0.100   0.106   0.102
   13   L   0.109   0.081   0.107
   14   N   0.100   0.085   0.102
   15   F   0.099   0.099   0.101
   16   A   0.102   0.094   0.102
   17   F   0.096   0.090   0.099
   18   K   0.102   0.101   0.101
   19   D   0.103   0.089   0.101
   20   K   0.102   0.100   0.100
   21   Y   0.102   0.098   0.100
   22   K   0.099   0.101   0.098
   23   Q   0.099   0.093   0.098
   24   I   0.103   0.098   0.100
   25   F   0.100   0.104   0.098
   26   L   0.100   0.107   0.099
   27   G   0.100   0.102   0.099
   28   G   0.099   0.099   0.098
   29   V   0.095   0.096   0.096
   30   D   0.103   0.100   0.100
   31   K   0.103   0.105   0.100
   32   R   0.099   0.101   0.098
   33   T   0.105   0.104   0.101
   34   Q   0.103   0.099   0.100
   35   F   0.099   0.102   0.098
   36   W   0.097   0.100   0.098
   37   L   0.093   0.103   0.096
   38   Y   0.101   0.105   0.100
   39   F   0.100   0.106   0.100
   40   A   0.103   0.114   0.102
   41   G   0.100   0.118   0.100
   42   N   0.100   0.133   0.101
   43   L   0.103   0.147   0.104
   44   A   0.104   0.192   0.105
   45   S   0.100   0.178   0.105
   46   G   0.102   0.258   0.108
   47   G   0.101   0.276   0.111
   48   A   0.104   0.296   0.116
   49   A   0.111   0.195   0.124
   50   G   0.114   0.143   0.127
   51   A   0.118   0.118   0.131
   52   T   0.123   0.105   0.133
   53   S   0.105   0.098   0.123
   54   L   0.099   0.103   0.120
   55   C   0.105   0.109   0.123
   56   F   0.106   0.108   0.124
   57   V   0.103   0.102   0.122
   58   Y   0.101   0.100   0.121
   59   P   0.108   0.095   0.125
   60   L   0.109   0.097   0.126
   61   D   0.107   0.097   0.125
   62   F   0.102   0.094   0.122
   63   A   0.104   0.102   0.122
   64   R   0.101   0.099   0.120
   65   T   0.110   0.097   0.124
   66   R   0.104   0.101   0.120
   67   L   0.109   0.105   0.121
   68   A   0.107   0.107   0.119
   69   A   0.103   0.106   0.113
   70   D   0.103   0.104   0.110
# Measure  Position  Value    Cutoff   signal peptide?
  max. C    52       0.123
  max. Y    52       0.133
  max. S    48       0.296
  mean S     1-51    0.118
       D     1-51    0.125   0.450   NO
Name=ADT2_HUMAN_TRANSMEM2	SP='NO' D=0.125 D-cutoff=0.450 Networks=SignalP-noTM
