# SignalP-4.1 euk predictions
# Name=AG10B_HUMAN_TRANSMEM1	Length=70	Networks=SignalP-TM
# pos  aa    C       S       Y
    1   Y   0.101   0.695   0.265
    2   C   0.102   0.683   0.266
    3   F   0.101   0.647   0.265
    4   S   0.105   0.658   0.269
    5   A   0.103   0.658   0.266
    6   A   0.097   0.594   0.258
    7   L   0.099   0.693   0.259
    8   S   0.102   0.784   0.262
    9   C   0.099   0.754   0.261
   10   T   0.102   0.715   0.266
   11   F   0.102   0.796   0.265
   12   L   0.101   0.793   0.265
   13   V   0.100   0.778   0.266
   14   S   0.101   0.692   0.268
   15   C   0.102   0.668   0.269
   16   L   0.120   0.699   0.291
   17   L   0.101   0.758   0.268
   18   F   0.125   0.717   0.299
   19   S   0.106   0.631   0.276
   20   A   0.106   0.713   0.276
   21   F   0.112   0.612   0.286
   22   S   0.110   0.663   0.282
   23   R   0.157   0.502   0.335
   24   A   0.110   0.575   0.277
   25   L   0.472   0.238   0.569
   26   R   0.100   0.248   0.255
   27   E   0.312   0.131   0.435
   28   P   0.104   0.123   0.242
   29   Y   0.108   0.113   0.237
   30   M   0.102   0.143   0.222
   31   D   0.110   0.122   0.220
   32   E   0.101   0.123   0.200
   33   I   0.100   0.115   0.188
   34   F   0.103   0.108   0.180
   35   H   0.104   0.107   0.168
   36   L   0.102   0.108   0.155
   37   P   0.103   0.110   0.143
   38   Q   0.104   0.105   0.132
   39   A   0.108   0.108   0.121
   40   Q   0.101   0.109   0.113
   41   R   0.103   0.107   0.109
   42   Y   0.102   0.102   0.108
   43   C   0.101   0.097   0.106
   44   E   0.101   0.104   0.106
   45   G   0.102   0.104   0.105
   46   H   0.104   0.101   0.106
   47   F   0.103   0.101   0.104
   48   S   0.100   0.102   0.102
   49   L   0.100   0.100   0.102
   50   S   0.102   0.114   0.103
   51   Q   0.100   0.103   0.102
   52   W   0.102   0.110   0.103
   53   D   0.100   0.117   0.102
   54   P   0.102   0.116   0.104
   55   M   0.104   0.120   0.105
   56   I   0.101   0.118   0.104
   57   T   0.103   0.126   0.105
   58   T   0.102   0.111   0.106
   59   L   0.101   0.117   0.106
   60   P   0.103   0.125   0.107
   61   G   0.102   0.128   0.107
   62   L   0.100   0.136   0.107
   63   Y   0.105   0.132   0.111
   64   L   0.103   0.119   0.111
   65   V   0.105   0.126   0.112
   66   S   0.102   0.127   0.111
   67   V   0.105   0.130   0.114
   68   G   0.103   0.105   0.113
   69   V   0.099   0.093   0.110
   70   V   0.101   0.097   0.111
# Measure  Position  Value    Cutoff   signal peptide?
  max. C    25       0.472
  max. Y    25       0.569
  max. S    11       0.796
  mean S     1-24    0.687
       D     1-24    0.616   0.500   YES
Name=AG10B_HUMAN_TRANSMEM1	SP='YES' Cleavage site between pos. 24 and 25: SRA-LR D=0.616 D-cutoff=0.500 Networks=SignalP-TM
