# SignalP-4.1 euk predictions
# Name=AGRG6_HUMAN_TRANSMEM1	Length=70	Networks=SignalP-TM
# pos  aa    C       S       Y
    1   V   0.101   0.308   0.177
    2   L   0.102   0.323   0.177
    3   T   0.103   0.324   0.179
    4   F   0.101   0.253   0.177
    5   I   0.104   0.216   0.179
    6   S   0.101   0.236   0.174
    7   Y   0.100   0.187   0.172
    8   I   0.102   0.199   0.171
    9   G   0.101   0.150   0.168
   10   C   0.098   0.158   0.162
   11   G   0.102   0.189   0.161
   12   I   0.098   0.169   0.156
   13   S   0.101   0.168   0.155
   14   A   0.108   0.089   0.157
   15   I   0.107   0.130   0.150
   16   F   0.101   0.138   0.142
   17   S   0.102   0.213   0.138
   18   A   0.129   0.194   0.151
   19   A   0.110   0.161   0.138
   20   T   0.113   0.113   0.139
   21   L   0.109   0.074   0.132
   22   L   0.108   0.067   0.129
   23   T   0.104   0.080   0.122
   24   Y   0.105   0.111   0.121
   25   V   0.104   0.120   0.119
   26   A   0.107   0.114   0.118
   27   F   0.107   0.127   0.116
   28   E   0.120   0.094   0.122
   29   K   0.104   0.103   0.113
   30   L   0.102   0.120   0.111
   31   R   0.102   0.100   0.111
   32   R   0.101   0.098   0.107
   33   D   0.109   0.107   0.107
   34   Y   0.102   0.080   0.102
   35   P   0.102   0.071   0.101
   36   S   0.104   0.096   0.102
   37   K   0.099   0.110   0.100
   38   I   0.102   0.078   0.103
   39   L   0.099   0.053   0.100
   40   M   0.102   0.048   0.099
   41   N   0.103   0.051   0.097
   42   L   0.105   0.035   0.095
   43   S   0.104   0.039   0.092
   44   T   0.105   0.033   0.090
   45   A   0.105   0.041   0.086
   46   L   0.097   0.067   0.081
   47   L   0.103   0.031   0.082
   48   F   0.100   0.055   0.077
   49   L   0.102   0.051   0.077
   50   N   0.103   0.068   0.076
   51   L   0.099   0.087   0.073
   52   L   0.103   0.065   0.074
   53   F   0.102   0.067   0.073
   54   L   0.101   0.090   0.073
   55   L   0.101   0.112   0.075
   56   D   0.100   0.134   0.077
   57   G   0.102   0.104   0.083
   58   W   0.118   0.125   0.092
   59   I   0.098   0.144   0.088
   60   T   0.101   0.164   0.093
   61   S   0.103   0.156   0.098
   62   F   0.113   0.143   0.107
   63   N   0.100   0.163   0.104
   64   V   0.098   0.159   0.107
   65   D   0.100   0.148   0.111
   66   G   0.102   0.145   0.114
   67   L   0.100   0.124   0.115
   68   C   0.104   0.131   0.119
   69   I   0.103   0.108   0.120
   70   A   0.101   0.101   0.119
# Measure  Position  Value    Cutoff   signal peptide?
  max. C    18       0.129
  max. Y    11       0.161
  max. S     3       0.324
  mean S     1-10    0.235
       D     1-10    0.191   0.500   NO
Name=AGRG6_HUMAN_TRANSMEM1	SP='NO' D=0.191 D-cutoff=0.500 Networks=SignalP-TM
