# SignalP-4.1 euk predictions
# Name=ALG12_HUMAN_TRANSMEM12	Length=66	Networks=SignalP-TM
# pos  aa    C       S       Y
    1   G   0.103   0.479   0.222
    2   T   0.100   0.352   0.219
    3   G   0.104   0.297   0.221
    4   M   0.101   0.323   0.215
    5   L   0.104   0.320   0.215
    6   A   0.101   0.299   0.209
    7   Y   0.098   0.239   0.203
    8   T   0.105   0.226   0.206
    9   H   0.101   0.252   0.198
   10   I   0.105   0.275   0.197
   11   L   0.100   0.255   0.189
   12   M   0.101   0.246   0.185
   13   E   0.101   0.218   0.181
   14   A   0.105   0.247   0.179
   15   A   0.100   0.194   0.170
   16   P   0.102   0.226   0.165
   17   G   0.105   0.257   0.165
   18   L   0.102   0.257   0.162
   19   L   0.106   0.344   0.163
   20   A   0.119   0.241   0.173
   21   L   0.204   0.180   0.225
   22   Y   0.104   0.161   0.159
   23   R   0.103   0.133   0.157
   24   D   0.107   0.161   0.158
   25   T   0.104   0.114   0.152
   26   H   0.103   0.150   0.148
   27   R   0.100   0.164   0.144
   28   V   0.110   0.161   0.149
   29   L   0.101   0.181   0.141
   30   A   0.103   0.187   0.141
   31   S   0.220   0.133   0.206
   32   V   0.103   0.121   0.138
   33   V   0.102   0.124   0.133
   34   G   0.101   0.136   0.126
   35   T   0.102   0.148   0.124
   36   T   0.105   0.112   0.124
   37   G   0.106   0.135   0.124
   38   V   0.099   0.133   0.120
   39   S   0.099   0.098   0.119
   40   L   0.103   0.097   0.121
   41   N   0.106   0.076   0.121
   42   L   0.102   0.058   0.116
   43   T   0.105   0.082   0.114
   44   Q   0.105   0.072   0.111
   45   L   0.104   0.085   0.106
   46   P   0.101   0.113   0.103
   47   P   0.103   0.137   0.104
   48   F   0.103   0.140   0.104
   49   N   0.103   0.115   0.105
   50   V   0.102   0.115   0.103
   51   H   0.101   0.120   0.103
   52   L   0.100   0.111   0.101
   53   Q   0.100   0.098   0.101
   54   T   0.102   0.096   0.102
   55   K   0.103   0.092   0.102
   56   L   0.102   0.098   0.102
   57   V   0.101   0.100   0.103
   58   L   0.102   0.101   0.104
   59   L   0.105   0.099   0.107
   60   E   0.100   0.096   0.105
   61   R   0.104   0.097   0.106
   62   L   0.103   0.096   0.104
   63   P   0.102   0.098   0.102
   64   R   0.101   0.100   0.101
   65   P   0.102   0.100   0.101
   66   S   0.102   0.097   0.100
# Measure  Position  Value    Cutoff   signal peptide?
  max. C    31       0.220
  max. Y    21       0.225
  max. S     1       0.479
  mean S     1-20    0.277
       D     1-20    0.246   0.500   NO
Name=ALG12_HUMAN_TRANSMEM12	SP='NO' D=0.246 D-cutoff=0.500 Networks=SignalP-TM
