# SignalP-4.1 euk predictions
# Name=APLD1_HUMAN_TRANSMEM2	Length=70	Networks=SignalP-TM
# pos  aa    C       S       Y
    1   G   0.102   0.273   0.167
    2   L   0.100   0.290   0.165
    3   G   0.105   0.253   0.169
    4   V   0.101   0.285   0.166
    5   A   0.105   0.222   0.170
    6   T   0.100   0.250   0.164
    7   A   0.105   0.288   0.168
    8   G   0.101   0.280   0.165
    9   G   0.103   0.204   0.167
   10   A   0.099   0.224   0.162
   11   V   0.099   0.240   0.161
   12   T   0.103   0.198   0.163
   13   I   0.101   0.163   0.160
   14   T   0.101   0.154   0.158
   15   S   0.105   0.155   0.158
   16   D   0.105   0.129   0.155
   17   L   0.101   0.135   0.148
   18   S   0.102   0.134   0.146
   19   L   0.104   0.125   0.144
   20   I   0.107   0.112   0.143
   21   F   0.104   0.105   0.137
   22   C   0.106   0.121   0.134
   23   N   0.112   0.121   0.133
   24   S   0.102   0.150   0.124
   25   R   0.112   0.126   0.128
   26   E   0.101   0.124   0.118
   27   L   0.101   0.135   0.116
   28   R   0.101   0.130   0.115
   29   R   0.101   0.134   0.114
   30   V   0.108   0.131   0.117
   31   Q   0.103   0.115   0.114
   32   E   0.103   0.127   0.114
   33   I   0.105   0.118   0.115
   34   A   0.102   0.117   0.113
   35   A   0.099   0.114   0.111
   36   T   0.101   0.112   0.113
   37   C   0.103   0.115   0.114
   38   Q   0.101   0.106   0.112
   39   D   0.103   0.106   0.112
   40   Q   0.098   0.103   0.109
   41   M   0.102   0.103   0.110
   42   R   0.100   0.101   0.108
   43   E   0.103   0.105   0.109
   44   I   0.100   0.098   0.106
   45   L   0.102   0.100   0.106
   46   S   0.105   0.102   0.107
   47   C   0.101   0.109   0.104
   48   L   0.101   0.098   0.104
   49   E   0.102   0.100   0.103
   50   F   0.101   0.099   0.102
   51   F   0.104   0.094   0.103
   52   C   0.102   0.099   0.102
   53   R   0.105   0.101   0.103
   54   W   0.103   0.099   0.102
   55   Q   0.098   0.099   0.099
   56   G   0.102   0.093   0.101
   57   C   0.097   0.098   0.098
   58   G   0.099   0.101   0.099
   59   D   0.100   0.103   0.100
   60   R   0.101   0.102   0.100
   61   Q   0.101   0.105   0.100
   62   L   0.104   0.104   0.101
   63   L   0.101   0.104   0.100
   64   Q   0.102   0.104   0.101
   65   C   0.101   0.104   0.101
   66   G   0.105   0.103   0.103
   67   R   0.101   0.102   0.101
   68   N   0.106   0.100   0.104
   69   A   0.101   0.100   0.101
   70   S   0.095   0.099   0.098
# Measure  Position  Value    Cutoff   signal peptide?
  max. C    23       0.112
  max. Y    12       0.163
  max. S     2       0.290
  mean S     1-11    0.255
       D     1-11    0.200   0.500   NO
Name=APLD1_HUMAN_TRANSMEM2	SP='NO' D=0.200 D-cutoff=0.500 Networks=SignalP-TM
