# SignalP-4.1 euk predictions
# Name=ASTER_HUMAN_TRANSMEM2	Length=27	Networks=SignalP-noTM
# pos  aa    C       S       Y
    1   M   0.100   0.619   0.249
    2   M   0.101   0.531   0.250
    3   S   0.102   0.585   0.251
    4   S   0.101   0.629   0.248
    5   F   0.098   0.662   0.245
    6   M   0.101   0.694   0.249
    7   L   0.099   0.751   0.247
    8   S   0.103   0.546   0.254
    9   I   0.099   0.400   0.248
   10   S   0.106   0.251   0.255
   11   A   0.101   0.181   0.246
   12   V   0.096   0.156   0.235
   13   V   0.099   0.150   0.234
   14   M   0.097   0.136   0.228
   15   S   0.101   0.113   0.227
   16   Y   0.106   0.108   0.227
   17   L   0.101   0.109   0.217
   18   Q   0.107   0.106   0.217
   19   N   0.102   0.103   0.207
   20   P   0.102   0.100   0.200
   21   Q   0.104   0.100   0.196
   22   P   0.103   0.106   0.189
   23   M   0.107   0.103   0.187
   24   T   0.099   0.110   0.172
   25   P   0.101   0.110   0.169
   26   P   0.100   0.108   0.161
   27   W   0.103   0.106   0.156
# Measure  Position  Value    Cutoff   signal peptide?
  max. C    23       0.107
  max. Y    11       0.246
  max. S     7       0.751
  mean S     1-10    0.567
       D     1-10    0.419   0.450   NO
Name=ASTER_HUMAN_TRANSMEM2	SP='NO' D=0.419 D-cutoff=0.450 Networks=SignalP-noTM
