# SignalP-4.1 euk predictions
# Name=AT10A_HUMAN_TRANSMEM4	Length=70	Networks=SignalP-noTM
# pos  aa    C       S       Y
    1   L   0.101   0.846   0.293
    2   T   0.101   0.839   0.293
    3   M   0.102   0.821   0.294
    4   I   0.105   0.851   0.298
    5   I   0.102   0.889   0.293
    6   V   0.101   0.868   0.292
    7   L   0.102   0.871   0.294
    8   Q   0.102   0.882   0.295
    9   V   0.098   0.824   0.288
   10   L   0.101   0.827   0.292
   11   I   0.100   0.860   0.291
   12   P   0.095   0.908   0.284
   13   I   0.106   0.897   0.300
   14   S   0.098   0.882   0.289
   15   L   0.098   0.857   0.290
   16   Y   0.110   0.852   0.307
   17   V   0.142   0.714   0.349
   18   S   0.103   0.555   0.296
   19   I   0.190   0.301   0.399
   20   E   0.143   0.217   0.341
   21   I   0.107   0.292   0.290
   22   V   0.117   0.148   0.298
   23   K   0.100   0.241   0.269
   24   A   0.103   0.347   0.269
   25   C   0.448   0.115   0.551
   26   Q   0.109   0.104   0.265
   27   V   0.118   0.101   0.269
   28   Y   0.122   0.098   0.265
   29   F   0.102   0.117   0.235
   30   I   0.101   0.102   0.226
   31   N   0.104   0.108   0.221
   32   Q   0.097   0.115   0.206
   33   D   0.103   0.110   0.205
   34   M   0.107   0.112   0.199
   35   Q   0.102   0.110   0.185
   36   L   0.099   0.115   0.172
   37   Y   0.099   0.105   0.162
   38   D   0.098   0.120   0.151
   39   E   0.103   0.120   0.143
   40   E   0.101   0.109   0.131
   41   T   0.100   0.113   0.122
   42   D   0.099   0.108   0.118
   43   S   0.100   0.109   0.117
   44   Q   0.097   0.107   0.112
   45   L   0.105   0.099   0.115
   46   Q   0.099   0.104   0.109
   47   C   0.100   0.097   0.105
   48   R   0.103   0.099   0.106
   49   A   0.105   0.095   0.107
   50   L   0.096   0.090   0.101
   51   N   0.101   0.089   0.104
   52   I   0.096   0.091   0.101
   53   T   0.099   0.088   0.102
   54   E   0.104   0.092   0.104
   55   D   0.100   0.097   0.102
   56   L   0.100   0.099   0.101
   57   G   0.106   0.094   0.104
   58   Q   0.095   0.098   0.098
   59   I   0.109   0.094   0.105
   60   Q   0.095   0.099   0.098
   61   Y   0.104   0.099   0.102
   62   I   0.099   0.098   0.099
   63   F   0.098   0.098   0.098
   64   S   0.104   0.100   0.101
   65   D   0.100   0.101   0.099
   66   K   0.096   0.099   0.097
   67   T   0.098   0.099   0.097
   68   G   0.103   0.099   0.099
   69   T   0.096   0.100   0.096
   70   L   0.103   0.101   0.099
# Measure  Position  Value    Cutoff   signal peptide?
  max. C    25       0.448
  max. Y    25       0.551
  max. S    12       0.908
  mean S     1-24    0.691
       D     1-24    0.627   0.450   YES
Name=AT10A_HUMAN_TRANSMEM4	SP='YES' Cleavage site between pos. 24 and 25: VKA-CQ D=0.627 D-cutoff=0.450 Networks=SignalP-noTM
