# SignalP-4.1 euk predictions
# Name=AT11A_HUMAN_TRANSMEM6	Length=70	Networks=SignalP-noTM
# pos  aa    C       S       Y
    1   A   0.103   0.466   0.219
    2   Y   0.098   0.402   0.214
    3   L   0.103   0.371   0.218
    4   T   0.101   0.297   0.216
    5   L   0.103   0.351   0.215
    6   Y   0.104   0.422   0.215
    7   N   0.098   0.414   0.209
    8   I   0.105   0.427   0.215
    9   S   0.100   0.393   0.210
   10   F   0.100   0.309   0.209
   11   T   0.099   0.293   0.206
   12   S   0.101   0.281   0.206
   13   L   0.094   0.294   0.198
   14   P   0.097   0.383   0.198
   15   I   0.101   0.376   0.201
   16   L   0.099   0.384   0.198
   17   L   0.101   0.514   0.200
   18   Y   0.102   0.436   0.201
   19   S   0.103   0.328   0.202
   20   L   0.127   0.271   0.222
   21   M   0.105   0.321   0.200
   22   E   0.112   0.249   0.205
   23   Q   0.105   0.305   0.195
   24   H   0.109   0.232   0.197
   25   V   0.100   0.315   0.186
   26   G   0.098   0.359   0.184
   27   I   0.136   0.196   0.217
   28   D   0.112   0.120   0.195
   29   V   0.105   0.119   0.186
   30   L   0.101   0.124   0.178
   31   K   0.098   0.114   0.171
   32   R   0.099   0.099   0.168
   33   D   0.110   0.108   0.175
   34   P   0.105   0.103   0.168
   35   T   0.106   0.095   0.166
   36   L   0.106   0.118   0.164
   37   Y   0.097   0.130   0.152
   38   R   0.099   0.119   0.151
   39   D   0.106   0.155   0.152
   40   V   0.100   0.147   0.141
   41   A   0.104   0.134   0.140
   42   K   0.098   0.126   0.132
   43   N   0.102   0.139   0.133
   44   A   0.104   0.151   0.131
   45   L   0.096   0.129   0.124
   46   L   0.102   0.132   0.125
   47   R   0.101   0.133   0.122
   48   W   0.107   0.129   0.122
   49   R   0.103   0.140   0.115
   50   V   0.104   0.189   0.114
   51   F   0.103   0.223   0.115
   52   I   0.099   0.203   0.115
   53   Y   0.097   0.225   0.115
   54   W   0.100   0.230   0.119
   55   T   0.104   0.202   0.124
   56   L   0.099   0.157   0.123
   57   L   0.101   0.189   0.125
   58   G   0.102   0.161   0.127
   59   L   0.100   0.147   0.127
   60   F   0.103   0.129   0.129
   61   D   0.110   0.135   0.134
   62   A   0.105   0.122   0.130
   63   L   0.121   0.106   0.139
   64   V   0.107   0.121   0.130
   65   F   0.102   0.116   0.127
   66   F   0.100   0.126   0.125
   67   F   0.114   0.105   0.134
   68   G   0.105   0.110   0.128
   69   A   0.097   0.102   0.123
   70   Y   0.097   0.098   0.122
# Measure  Position  Value    Cutoff   signal peptide?
  max. C    27       0.136
  max. Y    20       0.222
  max. S    17       0.514
  mean S     1-19    0.376
       D     1-19    0.305   0.450   NO
Name=AT11A_HUMAN_TRANSMEM6	SP='NO' D=0.305 D-cutoff=0.450 Networks=SignalP-noTM
