# SignalP-4.1 euk predictions
# Name=AT133_HUMAN_TRANSMEM7	Length=70	Networks=SignalP-noTM
# pos  aa    C       S       Y
    1   L   0.101   0.865   0.296
    2   G   0.102   0.859   0.297
    3   D   0.100   0.906   0.294
    4   F   0.105   0.902   0.302
    5   Q   0.103   0.926   0.298
    6   F   0.103   0.928   0.299
    7   L   0.100   0.936   0.296
    8   F   0.101   0.909   0.298
    9   I   0.102   0.896   0.300
   10   D   0.101   0.876   0.299
   11   L   0.101   0.906   0.298
   12   A   0.101   0.926   0.299
   13   I   0.095   0.922   0.289
   14   I   0.098   0.936   0.296
   15   L   0.097   0.920   0.295
   16   V   0.096   0.912   0.293
   17   V   0.098   0.896   0.297
   18   V   0.098   0.917   0.296
   19   F   0.114   0.856   0.320
   20   T   0.113   0.777   0.318
   21   M   0.200   0.557   0.423
   22   S   0.105   0.654   0.304
   23   L   0.262   0.413   0.478
   24   N   0.107   0.460   0.302
   25   P   0.107   0.550   0.298
   26   A   0.128   0.568   0.323
   27   W   0.132   0.360   0.326
   28   K   0.104   0.362   0.284
   29   E   0.323   0.192   0.492
   30   L   0.098   0.207   0.265
   31   V   0.102   0.223   0.264
   32   A   0.108   0.215   0.266
   33   Q   0.125   0.143   0.279
   34   R   0.124   0.123   0.270
   35   P   0.106   0.134   0.243
   36   P   0.108   0.142   0.236
   37   S   0.103   0.145   0.222
   38   G   0.100   0.157   0.211
   39   L   0.097   0.155   0.200
   40   I   0.099   0.193   0.194
   41   S   0.102   0.237   0.188
   42   G   0.107   0.216   0.185
   43   A   0.105   0.222   0.175
   44   L   0.099   0.231   0.165
   45   L   0.101   0.270   0.161
   46   F   0.101   0.308   0.159
   47   S   0.104   0.308   0.159
   48   V   0.107   0.256   0.158
   49   L   0.103   0.323   0.150
   50   S   0.106   0.446   0.152
   51   Q   0.134   0.192   0.172
   52   I   0.110   0.184   0.156
   53   I   0.102   0.183   0.150
   54   I   0.094   0.152   0.143
   55   C   0.097   0.119   0.144
   56   I   0.119   0.096   0.159
   57   G   0.103   0.122   0.148
   58   F   0.118   0.094   0.158
   59   Q   0.100   0.092   0.145
   60   S   0.100   0.096   0.144
   61   L   0.100   0.100   0.143
   62   G   0.102   0.103   0.143
   63   F   0.108   0.100   0.146
   64   F   0.105   0.101   0.142
   65   W   0.101   0.100   0.137
   66   V   0.101   0.097   0.135
   67   K   0.103   0.096   0.134
   68   Q   0.098   0.100   0.128
   69   Q   0.098   0.102   0.124
   70   P   0.103   0.099   0.124
# Measure  Position  Value    Cutoff   signal peptide?
  max. C    29       0.323
  max. Y    29       0.492
  max. S    14       0.936
  mean S     1-28    0.782
       D     1-28    0.649   0.450   YES
Name=AT133_HUMAN_TRANSMEM7	SP='YES' Cleavage site between pos. 28 and 29: AWK-EL D=0.649 D-cutoff=0.450 Networks=SignalP-noTM
