# SignalP-4.1 euk predictions
# Name=AT132_HUMAN_TRANSMEM10	Length=63	Networks=SignalP-noTM
# pos  aa    C       S       Y
    1   L   0.102   0.933   0.308
    2   L   0.103   0.912   0.310
    3   L   0.103   0.889   0.310
    4   L   0.105   0.924   0.312
    5   G   0.105   0.907   0.312
    6   L   0.101   0.906   0.306
    7   V   0.107   0.921   0.315
    8   T   0.101   0.926   0.306
    9   L   0.103   0.924   0.309
   10   N   0.096   0.908   0.298
   11   F   0.097   0.912   0.299
   12   V   0.099   0.888   0.302
   13   G   0.097   0.879   0.299
   14   A   0.100   0.855   0.303
   15   F   0.225   0.549   0.454
   16   M   0.102   0.652   0.302
   17   L   0.121   0.453   0.328
   18   E   0.121   0.246   0.324
   19   S   0.106   0.288   0.298
   20   V   0.109   0.265   0.296
   21   L   0.103   0.385   0.282
   22   D   0.113   0.311   0.290
   23   Q   0.172   0.163   0.352
   24   C   0.108   0.163   0.272
   25   L   0.107   0.128   0.264
   26   P   0.102   0.171   0.250
   27   A   0.149   0.116   0.294
   28   C   0.099   0.117   0.232
   29   L   0.103   0.125   0.229
   30   R   0.096   0.125   0.213
   31   R   0.114   0.114   0.223
   32   L   0.102   0.107   0.202
   33   R   0.099   0.105   0.190
   34   P   0.106   0.111   0.186
   35   K   0.105   0.107   0.175
   36   R   0.100   0.106   0.161
   37   A   0.107   0.110   0.154
   38   S   0.103   0.101   0.145
   39   K   0.100   0.100   0.134
   40   K   0.097   0.098   0.125
   41   R   0.097   0.101   0.123
   42   F   0.104   0.092   0.124
   43   K   0.107   0.093   0.122
   44   Q   0.102   0.097   0.113
   45   L   0.105   0.098   0.110
   46   E   0.101   0.096   0.107
   47   R   0.104   0.102   0.107
   48   E   0.107   0.096   0.108
   49   L   0.104   0.104   0.104
   50   A   0.105   0.100   0.105
   51   E   0.096   0.100   0.100
   52   Q   0.100   0.101   0.102
   53   P   0.100   0.100   0.101
   54   W   0.101   0.098   0.101
   55   P   0.104   0.097   0.102
   56   P   0.098   0.099   0.099
   57   L   0.101   0.101   0.101
   58   P   0.106   0.102   0.103
   59   A   0.105   0.103   0.102
   60   G   0.094   0.106   0.097
   61   P   0.101   0.105   0.100
   62   L   0.101   0.106   0.100
   63   R   0.109   0.104   0.104
# Measure  Position  Value    Cutoff   signal peptide?
  max. C    15       0.225
  max. Y    15       0.454
  max. S     1       0.933
  mean S     1-14    0.906
       D     1-14    0.698   0.450   YES
Name=AT132_HUMAN_TRANSMEM10	SP='YES' Cleavage site between pos. 14 and 15: VGA-FM D=0.698 D-cutoff=0.450 Networks=SignalP-noTM
