# SignalP-4.1 euk predictions
# Name=ATP7B_HUMAN_TRANSMEM4	Length=70	Networks=SignalP-TM
# pos  aa    C       S       Y
    1   D   0.101   0.552   0.237
    2   T   0.101   0.554   0.237
    3   P   0.102   0.477   0.237
    4   P   0.103   0.447   0.238
    5   M   0.103   0.441   0.235
    6   L   0.102   0.478   0.233
    7   F   0.101   0.454   0.231
    8   V   0.102   0.389   0.230
    9   F   0.103   0.343   0.229
   10   I   0.106   0.270   0.229
   11   A   0.104   0.232   0.222
   12   L   0.102   0.174   0.214
   13   G   0.103   0.194   0.209
   14   R   0.098   0.238   0.197
   15   W   0.105   0.383   0.199
   16   L   0.102   0.299   0.192
   17   E   0.101   0.266   0.187
   18   H   0.101   0.257   0.183
   19   L   0.104   0.272   0.181
   20   A   0.107   0.244   0.180
   21   K   0.182   0.190   0.228
   22   S   0.111   0.220   0.173
   23   K   0.276   0.170   0.266
   24   T   0.101   0.191   0.157
   25   S   0.119   0.169   0.169
   26   E   0.104   0.157   0.156
   27   A   0.104   0.171   0.155
   28   L   0.124   0.141   0.169
   29   A   0.101   0.140   0.151
   30   K   0.105   0.116   0.147
   31   L   0.104   0.119   0.141
   32   M   0.101   0.121   0.136
   33   S   0.104   0.130   0.134
   34   L   0.104   0.132   0.130
   35   Q   0.102   0.111   0.126
   36   A   0.104   0.126   0.125
   37   T   0.102   0.135   0.120
   38   E   0.102   0.123   0.119
   39   A   0.102   0.130   0.117
   40   T   0.186   0.097   0.157
   41   V   0.100   0.098   0.113
   42   V   0.100   0.094   0.111
   43   T   0.104   0.092   0.111
   44   L   0.102   0.100   0.109
   45   G   0.104   0.102   0.109
   46   E   0.105   0.092   0.110
   47   D   0.103   0.099   0.107
   48   N   0.102   0.095   0.106
   49   L   0.104   0.095   0.105
   50   I   0.102   0.093   0.104
   51   I   0.103   0.103   0.103
   52   R   0.101   0.101   0.101
   53   E   0.103   0.103   0.101
   54   E   0.101   0.100   0.099
   55   Q   0.101   0.101   0.099
   56   V   0.101   0.100   0.099
   57   P   0.099   0.102   0.099
   58   M   0.105   0.099   0.102
   59   E   0.100   0.100   0.099
   60   L   0.105   0.099   0.102
   61   V   0.104   0.099   0.101
   62   Q   0.101   0.099   0.100
   63   R   0.105   0.100   0.102
   64   G   0.100   0.098   0.100
   65   D   0.102   0.098   0.101
   66   I   0.105   0.098   0.102
   67   V   0.100   0.098   0.100
   68   K   0.104   0.098   0.101
   69   V   0.102   0.097   0.100
   70   V   0.102   0.098   0.100
# Measure  Position  Value    Cutoff   signal peptide?
  max. C    23       0.276
  max. Y    23       0.266
  max. S     2       0.554
  mean S     1-22    0.335
       D     1-22    0.293   0.500   NO
Name=ATP7B_HUMAN_TRANSMEM4	SP='NO' D=0.293 D-cutoff=0.500 Networks=SignalP-TM
