# SignalP-4.1 euk predictions
# Name=B3A4_HUMAN_TRANSMEM5	Length=70	Networks=SignalP-TM
# pos  aa    C       S       Y
    1   G   0.103   0.560   0.240
    2   F   0.100   0.560   0.237
    3   C   0.105   0.519   0.243
    4   A   0.103   0.536   0.240
    5   L   0.098   0.514   0.234
    6   I   0.101   0.535   0.236
    7   S   0.101   0.490   0.236
    8   L   0.103   0.605   0.237
    9   I   0.102   0.555   0.236
   10   F   0.100   0.580   0.234
   11   I   0.102   0.569   0.237
   12   Y   0.100   0.492   0.235
   13   D   0.104   0.442   0.238
   14   A   0.101   0.508   0.233
   15   V   0.101   0.393   0.232
   16   G   0.100   0.490   0.228
   17   K   0.227   0.299   0.343
   18   M   0.111   0.267   0.235
   19   L   0.128   0.174   0.248
   20   N   0.104   0.163   0.218
   21   L   0.108   0.128   0.216
   22   T   0.105   0.142   0.206
   23   H   0.106   0.121   0.199
   24   T   0.104   0.150   0.188
   25   Y   0.225   0.109   0.264
   26   P   0.101   0.118   0.168
   27   I   0.115   0.102   0.170
   28   Q   0.098   0.108   0.149
   29   K   0.100   0.105   0.140
   30   P   0.099   0.107   0.133
   31   G   0.102   0.103   0.124
   32   S   0.100   0.110   0.116
   33   S   0.105   0.103   0.114
   34   A   0.103   0.108   0.111
   35   Y   0.103   0.099   0.109
   36   G   0.098   0.095   0.105
   37   C   0.101   0.098   0.105
   38   L   0.103   0.093   0.106
   39   C   0.105   0.094   0.105
   40   Q   0.102   0.090   0.103
   41   Y   0.102   0.090   0.102
   42   P   0.102   0.087   0.101
   43   G   0.106   0.082   0.102
   44   P   0.101   0.097   0.099
   45   G   0.103   0.092   0.100
   46   G   0.099   0.095   0.097
   47   N   0.102   0.105   0.098
   48   E   0.101   0.105   0.098
   49   S   0.104   0.106   0.099
   50   Q   0.102   0.103   0.098
   51   W   0.103   0.114   0.099
   52   I   0.103   0.114   0.100
   53   R   0.104   0.111   0.101
   54   T   0.104   0.109   0.102
   55   R   0.103   0.106   0.102
   56   P   0.106   0.101   0.104
   57   K   0.101   0.103   0.102
   58   D   0.103   0.102   0.104
   59   R   0.104   0.101   0.104
   60   D   0.102   0.103   0.104
   61   D   0.106   0.099   0.106
   62   I   0.103   0.096   0.104
   63   V   0.104   0.094   0.104
   64   S   0.105   0.095   0.105
   65   M   0.103   0.094   0.103
   66   D   0.101   0.094   0.102
   67   L   0.106   0.095   0.103
   68   G   0.103   0.095   0.101
   69   L   0.100   0.097   0.099
   70   I   0.108   0.097   0.103
# Measure  Position  Value    Cutoff   signal peptide?
  max. C    17       0.227
  max. Y    17       0.343
  max. S     8       0.605
  mean S     1-16    0.522
       D     1-16    0.414   0.500   NO
Name=B3A4_HUMAN_TRANSMEM5	SP='NO' D=0.414 D-cutoff=0.500 Networks=SignalP-TM
