# SignalP-4.1 euk predictions
# Name=C56D2_HUMAN_TRANSMEM2	Length=70	Networks=SignalP-noTM
# pos  aa    C       S       Y
    1   W   0.100   0.933   0.306
    2   H   0.100   0.945   0.306
    3   P   0.102   0.944   0.309
    4   V   0.101   0.947   0.308
    5   L   0.102   0.942   0.308
    6   M   0.103   0.931   0.311
    7   S   0.101   0.937   0.307
    8   L   0.105   0.928   0.313
    9   A   0.102   0.897   0.308
   10   F   0.095   0.880   0.298
   11   S   0.107   0.875   0.316
   12   F   0.102   0.861   0.307
   13   L   0.103   0.857   0.309
   14   M   0.103   0.882   0.309
   15   T   0.097   0.908   0.299
   16   E   0.106   0.909   0.312
   17   A   0.110   0.882   0.317
   18   L   0.455   0.591   0.645
   19   L   0.104   0.727   0.307
   20   V   0.175   0.486   0.395
   21   F   0.142   0.326   0.352
   22   S   0.113   0.285   0.309
   23   P   0.114   0.283   0.304
   24   E   0.105   0.306   0.287
   25   S   0.101   0.470   0.275
   26   S   0.103   0.331   0.275
   27   L   0.105   0.299   0.272
   28   L   0.106   0.307   0.267
   29   H   0.126   0.229   0.286
   30   S   0.101   0.203   0.250
   31   L   0.107   0.191   0.249
   32   S   0.104   0.260   0.239
   33   R   0.102   0.422   0.231
   34   K   0.101   0.561   0.225
   35   G   0.097   0.616   0.217
   36   R   0.101   0.581   0.219
   37   A   0.114   0.699   0.230
   38   R   0.162   0.661   0.271
   39   C   0.107   0.744   0.217
   40   H   0.117   0.802   0.226
   41   W   0.101   0.817   0.212
   42   V   0.101   0.860   0.213
   43   L   0.095   0.869   0.211
   44   Q   0.104   0.861   0.226
   45   L   0.104   0.862   0.232
   46   L   0.111   0.893   0.245
   47   A   0.106   0.909   0.246
   48   L   0.101   0.911   0.244
   49   L   0.110   0.952   0.260
   50   C   0.104   0.963   0.259
   51   A   0.108   0.855   0.270
   52   L   0.106   0.697   0.273
   53   L   0.099   0.591   0.269
   54   G   0.106   0.561   0.281
   55   L   0.142   0.355   0.328
   56   G   0.106   0.269   0.282
   57   L   0.166   0.209   0.351
   58   V   0.108   0.124   0.280
   59   I   0.125   0.100   0.296
   60   L   0.106   0.112   0.268
   61   H   0.137   0.097   0.299
   62   K   0.104   0.101   0.254
   63   E   0.108   0.097   0.252
   64   Q   0.098   0.103   0.234
   65   L   0.102   0.102   0.231
   66   G   0.106   0.102   0.227
   67   K   0.101   0.099   0.213
   68   A   0.100   0.105   0.205
   69   H   0.126   0.101   0.219
   70   L   0.103   0.100   0.188
# Measure  Position  Value    Cutoff   signal peptide?
  max. C    18       0.455
  max. Y    18       0.645
  max. S    50       0.963
  mean S     1-17    0.909
       D     1-17    0.788   0.450   YES
Name=C56D2_HUMAN_TRANSMEM2	SP='YES' Cleavage site between pos. 17 and 18: TEA-LL D=0.788 D-cutoff=0.450 Networks=SignalP-noTM
