# SignalP-4.1 euk predictions
# Name=C56D2_HUMAN_TRANSMEM4	Length=70	Networks=SignalP-noTM
# pos  aa    C       S       Y
    1   A   0.103   0.893   0.304
    2   G   0.098   0.876   0.296
    3   L   0.100   0.787   0.299
    4   L   0.104   0.734   0.304
    5   A   0.106   0.728   0.305
    6   V   0.098   0.718   0.293
    7   L   0.103   0.602   0.298
    8   W   0.107   0.665   0.302
    9   A   0.104   0.670   0.296
   10   G   0.101   0.561   0.290
   11   L   0.099   0.603   0.284
   12   Q   0.099   0.630   0.282
   13   C   0.102   0.727   0.284
   14   S   0.108   0.700   0.291
   15   G   0.099   0.705   0.277
   16   G   0.120   0.600   0.303
   17   V   0.166   0.234   0.354
   18   G   0.099   0.344   0.267
   19   L   0.268   0.208   0.433
   20   L   0.142   0.146   0.308
   21   Y   0.118   0.143   0.274
   22   P   0.104   0.117   0.249
   23   K   0.112   0.113   0.252
   24   L   0.108   0.122   0.239
   25   L   0.110   0.138   0.233
   26   P   0.099   0.134   0.215
   27   R   0.109   0.122   0.218
   28   W   0.106   0.118   0.208
   29   P   0.104   0.114   0.199
   30   L   0.101   0.109   0.191
   31   A   0.102   0.125   0.185
   32   K   0.101   0.111   0.177
   33   L   0.104   0.113   0.174
   34   K   0.102   0.116   0.165
   35   L   0.100   0.122   0.156
   36   Y   0.109   0.133   0.153
   37   H   0.100   0.146   0.138
   38   A   0.107   0.151   0.133
   39   T   0.104   0.121   0.123
   40   S   0.100   0.166   0.118
   41   G   0.107   0.172   0.119
   42   L   0.129   0.157   0.130
   43   V   0.101   0.236   0.115
   44   G   0.097   0.248   0.114
   45   Y   0.105   0.266   0.122
   46   L   0.099   0.327   0.121
   47   L   0.108   0.365   0.130
   48   G   0.104   0.431   0.132
   49   S   0.100   0.414   0.134
   50   A   0.102   0.394   0.141
   51   S   0.106   0.279   0.148
   52   L   0.105   0.206   0.150
   53   L   0.100   0.185   0.147
   54   L   0.105   0.180   0.152
   55   G   0.102   0.133   0.151
   56   M   0.106   0.125   0.154
   57   C   0.104   0.141   0.153
   58   S   0.113   0.134   0.160
   59   L   0.104   0.125   0.153
   60   W   0.102   0.106   0.152
   61   F   0.098   0.114   0.148
   62   T   0.098   0.128   0.148
   63   A   0.108   0.136   0.154
   64   S   0.099   0.128   0.147
   65   V   0.115   0.119   0.158
   66   T   0.101   0.125   0.146
   67   G   0.108   0.138   0.150
   68   A   0.148   0.108   0.173
   69   A   0.142   0.103   0.165
   70   W   0.102   0.105   0.135
# Measure  Position  Value    Cutoff   signal peptide?
  max. C    19       0.268
  max. Y    19       0.433
  max. S     1       0.893
  mean S     1-18    0.654
       D     1-18    0.552   0.450   YES
Name=C56D2_HUMAN_TRANSMEM4	SP='YES' Cleavage site between pos. 18 and 19: GVG-LL D=0.552 D-cutoff=0.450 Networks=SignalP-noTM
