# SignalP-4.1 euk predictions
# Name=CAC1H_HUMAN_TRANSMEM3	Length=70	Networks=SignalP-TM
# pos  aa    C       S       Y
    1   T   0.102   0.262   0.163
    2   W   0.102   0.265   0.163
    3   N   0.101   0.262   0.163
    4   R   0.100   0.228   0.162
    5   L   0.101   0.240   0.162
    6   D   0.102   0.204   0.162
    7   F   0.102   0.218   0.161
    8   F   0.103   0.204   0.161
    9   I   0.104   0.197   0.160
   10   V   0.104   0.212   0.159
   11   V   0.104   0.241   0.157
   12   A   0.104   0.248   0.157
   13   G   0.097   0.184   0.151
   14   M   0.098   0.197   0.150
   15   M   0.101   0.223   0.151
   16   E   0.101   0.213   0.150
   17   Y   0.101   0.221   0.149
   18   S   0.102   0.176   0.149
   19   L   0.104   0.213   0.149
   20   D   0.103   0.235   0.147
   21   G   0.128   0.166   0.165
   22   H   0.243   0.134   0.225
   23   N   0.102   0.145   0.145
   24   V   0.105   0.137   0.145
   25   S   0.102   0.132   0.141
   26   L   0.101   0.137   0.138
   27   S   0.104   0.128   0.137
   28   A   0.104   0.109   0.135
   29   I   0.101   0.106   0.131
   30   R   0.101   0.099   0.127
   31   T   0.104   0.087   0.126
   32   V   0.105   0.089   0.123
   33   R   0.101   0.081   0.118
   34   V   0.101   0.090   0.114
   35   L   0.100   0.087   0.108
   36   R   0.102   0.099   0.106
   37   P   0.105   0.112   0.107
   38   L   0.105   0.123   0.106
   39   R   0.107   0.138   0.106
   40   A   0.105   0.158   0.105
   41   I   0.109   0.129   0.108
   42   N   0.102   0.120   0.105
   43   R   0.101   0.108   0.105
   44   V   0.104   0.116   0.106
   45   P   0.103   0.117   0.106
   46   S   0.102   0.095   0.107
   47   M   0.101   0.092   0.106
   48   R   0.101   0.105   0.107
   49   I   0.105   0.093   0.109
   50   L   0.100   0.077   0.107
   51   V   0.104   0.074   0.109
   52   T   0.104   0.070   0.107
   53   L   0.106   0.074   0.106
   54   L   0.101   0.082   0.101
   55   L   0.102   0.084   0.099
   56   D   0.105   0.080   0.099
   57   T   0.102   0.066   0.096
   58   L   0.103   0.069   0.095
   59   P   0.104   0.103   0.094
   60   M   0.103   0.089   0.093
   61   L   0.102   0.090   0.092
   62   G   0.100   0.084   0.091
   63   N   0.104   0.089   0.092
   64   V   0.102   0.085   0.091
   65   L   0.098   0.085   0.089
   66   L   0.102   0.097   0.091
   67   L   0.098   0.113   0.091
   68   C   0.102   0.110   0.094
   69   F   0.102   0.117   0.095
   70   F   0.102   0.098   0.096
# Measure  Position  Value    Cutoff   signal peptide?
  max. C    22       0.243
  max. Y    22       0.225
  max. S     2       0.265
  mean S     1-21    0.219
       D     1-21    0.223   0.500   NO
Name=CAC1H_HUMAN_TRANSMEM3	SP='NO' D=0.223 D-cutoff=0.500 Networks=SignalP-TM
