# SignalP-4.1 euk predictions
# Name=CAC1G_HUMAN_TRANSMEM23	Length=70	Networks=SignalP-TM
# pos  aa    C       S       Y
    1   L   0.102   0.787   0.284
    2   G   0.103   0.844   0.285
    3   L   0.100   0.712   0.281
    4   L   0.105   0.791   0.287
    5   F   0.102   0.815   0.283
    6   M   0.104   0.878   0.286
    7   L   0.102   0.932   0.284
    8   L   0.104   0.948   0.290
    9   F   0.102   0.948   0.289
   10   F   0.101   0.950   0.289
   11   I   0.100   0.968   0.290
   12   F   0.102   0.972   0.295
   13   A   0.102   0.970   0.297
   14   A   0.114   0.962   0.317
   15   L   0.106   0.959   0.308
   16   G   0.113   0.956   0.319
   17   V   0.603   0.932   0.742
   18   E   0.111   0.898   0.321
   19   L   0.152   0.796   0.377
   20   F   0.195   0.561   0.426
   21   G   0.122   0.445   0.334
   22   D   0.243   0.272   0.461
   23   L   0.108   0.201   0.299
   24   E   0.108   0.188   0.290
   25   C   0.104   0.173   0.274
   26   D   0.298   0.125   0.445
   27   E   0.100   0.138   0.245
   28   T   0.103   0.139   0.237
   29   H   0.109   0.129   0.229
   30   P   0.099   0.135   0.205
   31   C   0.109   0.111   0.200
   32   E   0.100   0.107   0.175
   33   G   0.103   0.108   0.161
   34   L   0.119   0.102   0.155
   35   G   0.104   0.107   0.133
   36   R   0.098   0.113   0.119
   37   H   0.108   0.097   0.120
   38   A   0.101   0.100   0.113
   39   T   0.100   0.101   0.110
   40   F   0.104   0.109   0.109
   41   R   0.103   0.119   0.108
   42   N   0.103   0.114   0.108
   43   F   0.101   0.106   0.106
   44   G   0.101   0.107   0.105
   45   M   0.103   0.112   0.105
   46   A   0.105   0.098   0.106
   47   F   0.100   0.093   0.103
   48   L   0.103   0.082   0.104
   49   T   0.102   0.093   0.103
   50   L   0.104   0.092   0.104
   51   F   0.104   0.090   0.103
   52   R   0.102   0.111   0.102
   53   V   0.105   0.117   0.103
   54   S   0.102   0.128   0.103
   55   T   0.102   0.144   0.103
   56   G   0.104   0.123   0.105
   57   D   0.128   0.095   0.117
   58   N   0.101   0.097   0.103
   59   W   0.098   0.093   0.102
   60   N   0.098   0.098   0.101
   61   G   0.100   0.094   0.102
   62   I   0.098   0.100   0.101
   63   M   0.100   0.104   0.103
   64   K   0.099   0.104   0.103
   65   D   0.099   0.097   0.103
   66   T   0.104   0.104   0.106
   67   L   0.103   0.103   0.105
   68   R   0.105   0.099   0.106
   69   D   0.103   0.103   0.103
   70   C   0.104   0.099   0.102
# Measure  Position  Value    Cutoff   signal peptide?
  max. C    17       0.603
  max. Y    17       0.742
  max. S    12       0.972
  mean S     1-16    0.900
       D     1-16    0.805   0.500   YES
Name=CAC1G_HUMAN_TRANSMEM23	SP='YES' Cleavage site between pos. 16 and 17: ALG-VE D=0.805 D-cutoff=0.500 Networks=SignalP-TM
