# SignalP-4.1 euk predictions
# Name=CAC1S_HUMAN_TRANSMEM7	Length=70	Networks=SignalP-TM
# pos  aa    C       S       Y
    1   V   0.102   0.846   0.294
    2   F   0.102   0.832   0.293
    3   Y   0.104   0.838   0.296
    4   W   0.099   0.848   0.290
    5   L   0.103   0.896   0.294
    6   V   0.103   0.879   0.295
    7   I   0.102   0.829   0.294
    8   L   0.104   0.826   0.297
    9   I   0.102   0.839   0.294
   10   V   0.103   0.847   0.295
   11   A   0.104   0.869   0.298
   12   L   0.104   0.890   0.297
   13   N   0.101   0.867   0.293
   14   T   0.100   0.846   0.293
   15   L   0.108   0.816   0.304
   16   S   0.103   0.869   0.297
   17   I   0.169   0.811   0.380
   18   A   0.133   0.747   0.336
   19   S   0.392   0.495   0.576
   20   E   0.381   0.217   0.557
   21   H   0.223   0.218   0.414
   22   H   0.129   0.188   0.306
   23   N   0.109   0.141   0.272
   24   Q   0.119   0.121   0.274
   25   P   0.101   0.141   0.241
   26   L   0.107   0.144   0.237
   27   W   0.103   0.134   0.220
   28   L   0.099   0.135   0.204
   29   T   0.102   0.124   0.194
   30   R   0.103   0.110   0.182
   31   L   0.106   0.118   0.168
   32   Q   0.103   0.117   0.149
   33   D   0.105   0.107   0.134
   34   I   0.103   0.114   0.122
   35   A   0.101   0.131   0.117
   36   N   0.098   0.132   0.113
   37   R   0.104   0.155   0.114
   38   V   0.100   0.111   0.113
   39   L   0.103   0.115   0.114
   40   L   0.101   0.120   0.112
   41   S   0.101   0.118   0.111
   42   L   0.102   0.122   0.112
   43   F   0.102   0.101   0.111
   44   T   0.102   0.076   0.110
   45   T   0.104   0.085   0.110
   46   E   0.102   0.066   0.108
   47   M   0.101   0.050   0.106
   48   L   0.099   0.081   0.103
   49   M   0.097   0.088   0.101
   50   K   0.098   0.106   0.100
   51   M   0.102   0.137   0.101
   52   Y   0.101   0.142   0.099
   53   G   0.105   0.159   0.103
   54   L   0.107   0.157   0.105
   55   G   0.102   0.135   0.104
   56   L   0.106   0.132   0.107
   57   R   0.102   0.137   0.105
   58   Q   0.101   0.133   0.106
   59   Y   0.105   0.139   0.110
   60   F   0.099   0.128   0.108
   61   M   0.104   0.125   0.113
   62   S   0.103   0.124   0.115
   63   I   0.101   0.103   0.115
   64   F   0.099   0.098   0.114
   65   N   0.101   0.096   0.116
   66   R   0.099   0.096   0.113
   67   F   0.099   0.103   0.112
   68   D   0.101   0.091   0.111
   69   C   0.100   0.094   0.108
   70   F   0.100   0.092   0.107
# Measure  Position  Value    Cutoff   signal peptide?
  max. C    19       0.392
  max. Y    19       0.576
  max. S     5       0.896
  mean S     1-18    0.844
       D     1-18    0.683   0.500   YES
Name=CAC1S_HUMAN_TRANSMEM7	SP='YES' Cleavage site between pos. 18 and 19: SIA-SE D=0.683 D-cutoff=0.500 Networks=SignalP-TM
