# SignalP-4.1 euk predictions
# Name=CAMLG_HUMAN_TRANSMEM2	Length=56	Networks=SignalP-noTM
# pos  aa    C       S       Y
    1   T   0.102   0.517   0.230
    2   V   0.101   0.535   0.228
    3   L   0.102   0.579   0.230
    4   T   0.107   0.574   0.236
    5   A   0.103   0.597   0.232
    6   A   0.100   0.629   0.230
    7   L   0.100   0.574   0.231
    8   L   0.102   0.579   0.233
    9   L   0.101   0.536   0.233
   10   S   0.105   0.526   0.238
   11   G   0.101   0.477   0.233
   12   I   0.101   0.391   0.233
   13   P   0.103   0.591   0.233
   14   A   0.104   0.683   0.235
   15   E   0.145   0.247   0.280
   16   V   0.096   0.288   0.226
   17   I   0.101   0.257   0.229
   18   N   0.100   0.198   0.225
   19   R   0.165   0.114   0.285
   20   S   0.117   0.120   0.236
   21   M   0.107   0.132   0.221
   22   D   0.102   0.124   0.212
   23   T   0.103   0.122   0.208
   24   Y   0.101   0.128   0.201
   25   S   0.107   0.129   0.203
   26   K   0.103   0.113   0.194
   27   M   0.104   0.116   0.189
   28   G   0.100   0.112   0.179
   29   E   0.098   0.108   0.171
   30   V   0.104   0.101   0.170
   31   F   0.100   0.102   0.160
   32   T   0.107   0.104   0.158
   33   D   0.101   0.113   0.148
   34   L   0.106   0.118   0.146
   35   C   0.105   0.109   0.140
   36   V   0.101   0.123   0.129
   37   Y   0.102   0.114   0.119
   38   F   0.099   0.101   0.115
   39   F   0.099   0.125   0.112
   40   T   0.100   0.117   0.110
   41   F   0.101   0.117   0.108
   42   I   0.101   0.096   0.108
   43   F   0.097   0.098   0.105
   44   C   0.102   0.090   0.108
   45   H   0.111   0.090   0.111
   46   E   0.099   0.092   0.104
   47   L   0.097   0.093   0.103
   48   L   0.098   0.094   0.102
   49   D   0.098   0.095   0.102
   50   Y   0.099   0.095   0.102
   51   W   0.099   0.101   0.101
   52   G   0.100   0.099   0.102
   53   S   0.100   0.100   0.102
   54   E   0.102   0.101   0.103
   55   V   0.094   0.105   0.099
   56   P   0.098   0.109   0.101
# Measure  Position  Value    Cutoff   signal peptide?
  max. C    19       0.165
  max. Y    19       0.285
  max. S    14       0.683
  mean S     1-18    0.488
       D     1-18    0.395   0.450   NO
Name=CAMLG_HUMAN_TRANSMEM2	SP='NO' D=0.395 D-cutoff=0.450 Networks=SignalP-noTM
