# SignalP-4.1 euk predictions
# Name=CD151_HUMAN_TRANSMEM4	Length=32	Networks=SignalP-noTM
# pos  aa    C       S       Y
    1   V   0.101   0.638   0.255
    2   I   0.103   0.779   0.257
    3   G   0.106   0.822   0.261
    4   A   0.101   0.761   0.257
    5   V   0.099   0.633   0.256
    6   G   0.106   0.584   0.264
    7   I   0.098   0.609   0.254
    8   G   0.103   0.545   0.259
    9   I   0.105   0.522   0.261
   10   A   0.104   0.431   0.259
   11   C   0.095   0.307   0.246
   12   V   0.104   0.289   0.254
   13   Q   0.096   0.181   0.240
   14   V   0.103   0.149   0.246
   15   F   0.099   0.152   0.236
   16   G   0.102   0.139   0.235
   17   M   0.128   0.130   0.257
   18   I   0.102   0.110   0.224
   19   F   0.103   0.105   0.220
   20   T   0.102   0.096   0.213
   21   C   0.108   0.099   0.213
   22   C   0.104   0.095   0.203
   23   L   0.105   0.097   0.198
   24   Y   0.100   0.096   0.187
   25   R   0.104   0.094   0.181
   26   S   0.105   0.097   0.172
   27   L   0.104   0.098   0.162
   28   K   0.100   0.098   0.151
   29   L   0.103   0.098   0.146
   30   E   0.107   0.099   0.140
   31   H   0.101   0.097   0.128
   32   Y   0.104   0.097   0.122
# Measure  Position  Value    Cutoff   signal peptide?
  max. C    17       0.128
  max. Y    17       0.257
  max. S     3       0.822
  mean S     1-16    0.471
       D     1-16    0.373   0.450   NO
Name=CD151_HUMAN_TRANSMEM4	SP='NO' D=0.373 D-cutoff=0.450 Networks=SignalP-noTM
