# SignalP-4.1 euk predictions
# Name=CD44_HUMAN_TRANSMEM1	Length=70	Networks=SignalP-TM
# pos  aa    C       S       Y
    1   W   0.101   0.854   0.293
    2   L   0.102   0.851   0.295
    3   I   0.102   0.815   0.296
    4   I   0.103   0.760   0.296
    5   L   0.104   0.725   0.297
    6   A   0.103   0.724   0.293
    7   S   0.099   0.816   0.287
    8   L   0.105   0.853   0.294
    9   L   0.099   0.855   0.286
   10   A   0.102   0.837   0.289
   11   L   0.101   0.889   0.288
   12   A   0.103   0.860   0.291
   13   L   0.109   0.769   0.299
   14   I   0.105   0.809   0.294
   15   L   0.120   0.725   0.313
   16   A   0.103   0.796   0.288
   17   V   0.586   0.740   0.686
   18   C   0.104   0.753   0.288
   19   I   0.208   0.704   0.407
   20   A   0.158   0.617   0.355
   21   V   0.662   0.217   0.722
   22   N   0.107   0.494   0.282
   23   S   0.114   0.508   0.286
   24   R   0.404   0.318   0.530
   25   R   0.157   0.162   0.321
   26   R   0.120   0.161   0.270
   27   C   0.111   0.150   0.248
   28   G   0.119   0.143   0.246
   29   Q   0.145   0.118   0.259
   30   K   0.113   0.107   0.218
   31   K   0.106   0.108   0.199
   32   K   0.102   0.104   0.182
   33   L   0.103   0.111   0.170
   34   V   0.104   0.106   0.157
   35   I   0.104   0.107   0.144
   36   N   0.104   0.099   0.141
   37   S   0.102   0.091   0.129
   38   G   0.102   0.091   0.117
   39   N   0.105   0.094   0.111
   40   G   0.103   0.093   0.108
   41   A   0.099   0.091   0.104
   42   V   0.099   0.090   0.102
   43   E   0.102   0.094   0.101
   44   D   0.102   0.098   0.101
   45   R   0.097   0.101   0.098
   46   K   0.103   0.104   0.100
   47   P   0.103   0.107   0.100
   48   S   0.101   0.107   0.099
   49   G   0.101   0.105   0.100
   50   L   0.101   0.107   0.099
   51   N   0.106   0.105   0.102
   52   G   0.103   0.106   0.101
   53   E   0.104   0.104   0.102
   54   A   0.106   0.103   0.103
   55   S   0.101   0.104   0.101
   56   K   0.103   0.103   0.103
   57   S   0.101   0.101   0.102
   58   Q   0.103   0.101   0.103
   59   E   0.105   0.099   0.104
   60   M   0.101   0.102   0.103
   61   V   0.103   0.100   0.103
   62   H   0.103   0.103   0.103
   63   L   0.102   0.102   0.102
   64   V   0.102   0.102   0.103
   65   N   0.103   0.103   0.103
   66   K   0.104   0.103   0.103
   67   E   0.098   0.103   0.100
   68   S   0.107   0.101   0.105
   69   S   0.103   0.102   0.103
   70   E   0.100   0.103   0.101
# Measure  Position  Value    Cutoff   signal peptide?
  max. C    21       0.662
  max. Y    21       0.722
  max. S    11       0.889
  mean S     1-20    0.788
       D     1-20    0.748   0.500   YES
Name=CD44_HUMAN_TRANSMEM1	SP='YES' Cleavage site between pos. 20 and 21: CIA-VN D=0.748 D-cutoff=0.500 Networks=SignalP-TM
