# SignalP-4.1 euk predictions
# Name=CF050_HUMAN_TRANSMEM1	Length=67	Networks=SignalP-noTM
# pos  aa    C       S       Y
    1   I   0.102   0.917   0.307
    2   I   0.101   0.857   0.304
    3   S   0.102   0.848   0.305
    4   L   0.101   0.836   0.303
    5   L   0.102   0.759   0.305
    6   A   0.102   0.791   0.304
    7   I   0.098   0.817   0.297
    8   F   0.103   0.837   0.303
    9   I   0.101   0.816   0.299
   10   K   0.103   0.811   0.301
   11   M   0.101   0.870   0.297
   12   C   0.096   0.847   0.290
   13   L   0.100   0.873   0.295
   14   W   0.095   0.870   0.288
   15   L   0.129   0.683   0.335
   16   W   0.098   0.649   0.290
   17   K   0.106   0.730   0.300
   18   Q   0.107   0.640   0.299
   19   F   0.106   0.615   0.296
   20   L   0.102   0.393   0.287
   21   K   0.109   0.335   0.293
   22   R   0.107   0.272   0.285
   23   G   0.111   0.242   0.284
   24   S   0.127   0.145   0.299
   25   K   0.101   0.147   0.260
   26   C   0.106   0.181   0.259
   27   S   0.221   0.125   0.366
   28   E   0.104   0.107   0.245
   29   T   0.100   0.100   0.234
   30   S   0.109   0.100   0.236
   31   E   0.096   0.103   0.214
   32   L   0.098   0.112   0.209
   33   L   0.099   0.104   0.203
   34   E   0.100   0.107   0.195
   35   K   0.102   0.103   0.188
   36   V   0.100   0.098   0.176
   37   K   0.107   0.093   0.172
   38   L   0.111   0.100   0.166
   39   Q   0.099   0.092   0.149
   40   L   0.104   0.097   0.143
   41   A   0.107   0.090   0.135
   42   F   0.093   0.090   0.117
   43   T   0.104   0.086   0.118
   44   A   0.104   0.084   0.113
   45   Y   0.095   0.086   0.104
   46   K   0.097   0.086   0.102
   47   Y   0.094   0.080   0.099
   48   V   0.094   0.089   0.097
   49   D   0.100   0.090   0.098
   50   I   0.102   0.101   0.099
   51   C   0.102   0.109   0.098
   52   F   0.102   0.111   0.099
   53   P   0.101   0.110   0.098
   54   E   0.104   0.101   0.100
   55   Q   0.101   0.105   0.098
   56   M   0.103   0.104   0.100
   57   A   0.100   0.107   0.098
   58   Y   0.098   0.112   0.097
   59   S   0.101   0.114   0.099
   60   R   0.113   0.112   0.105
   61   Y   0.106   0.108   0.102
   62   I   0.098   0.108   0.098
   63   R   0.096   0.104   0.098
   64   W   0.106   0.107   0.103
   65   Y   0.102   0.103   0.101
   66   I   0.101   0.101   0.101
   67   H   0.102   0.099   0.102
# Measure  Position  Value    Cutoff   signal peptide?
  max. C    27       0.221
  max. Y    27       0.366
  max. S     1       0.917
  mean S     1-26    0.645
       D     1-26    0.517   0.450   YES
Name=CF050_HUMAN_TRANSMEM1	SP='YES' Cleavage site between pos. 26 and 27: SKC-SE D=0.517 D-cutoff=0.450 Networks=SignalP-noTM
