# SignalP-4.1 euk predictions
# Name=CKLF5_HUMAN_TRANSMEM4	Length=38	Networks=SignalP-noTM
# pos  aa    C       S       Y
    1   A   0.104   0.851   0.298
    2   A   0.099   0.813   0.290
    3   I   0.101   0.821   0.293
    4   A   0.104   0.837   0.296
    5   A   0.099   0.816   0.290
    6   F   0.099   0.837   0.289
    7   V   0.101   0.862   0.293
    8   F   0.101   0.834   0.293
    9   G   0.108   0.786   0.302
   10   I   0.101   0.777   0.292
   11   I   0.107   0.799   0.299
   12   L   0.104   0.805   0.295
   13   V   0.100   0.730   0.288
   14   S   0.098   0.735   0.284
   15   I   0.104   0.732   0.293
   16   F   0.104   0.753   0.292
   17   A   0.105   0.768   0.292
   18   Y   0.268   0.437   0.466
   19   D   0.103   0.278   0.285
   20   A   0.103   0.196   0.280
   21   F   0.172   0.128   0.356
   22   K   0.103   0.130   0.270
   23   I   0.109   0.134   0.269
   24   Y   0.106   0.119   0.260
   25   R   0.104   0.110   0.250
   26   T   0.110   0.106   0.251
   27   E   0.099   0.109   0.231
   28   M   0.103   0.113   0.228
   29   A   0.109   0.109   0.227
   30   P   0.098   0.114   0.208
   31   G   0.107   0.107   0.209
   32   A   0.100   0.111   0.195
   33   S   0.101   0.113   0.187
   34   Q   0.101   0.115   0.178
   35   G   0.098   0.110   0.167
   36   D   0.101   0.112   0.160
   37   Q   0.108   0.110   0.157
   38   Q   0.103   0.107   0.144
# Measure  Position  Value    Cutoff   signal peptide?
  max. C    18       0.268
  max. Y    18       0.466
  max. S     7       0.862
  mean S     1-17    0.797
       D     1-17    0.645   0.450   YES
Name=CKLF5_HUMAN_TRANSMEM4	SP='YES' Cleavage site between pos. 17 and 18: IFA-YD D=0.645 D-cutoff=0.450 Networks=SignalP-noTM
