# SignalP-4.1 euk predictions
# Name=CKLF_HUMAN_TRANSMEM1	Length=70	Networks=SignalP-TM
# pos  aa    C       S       Y
    1   Y   0.102   0.239   0.156
    2   I   0.102   0.213   0.156
    3   V   0.102   0.192   0.155
    4   I   0.103   0.178   0.155
    5   T   0.103   0.126   0.154
    6   G   0.101   0.084   0.149
    7   F   0.101   0.060   0.146
    8   E   0.103   0.068   0.143
    9   V   0.099   0.053   0.136
   10   T   0.101   0.027   0.132
   11   V   0.103   0.018   0.127
   12   I   0.103   0.010   0.120
   13   L   0.102   0.011   0.113
   14   F   0.100   0.009   0.104
   15   F   0.100   0.007   0.096
   16   I   0.105   0.008   0.089
   17   L   0.098   0.010   0.077
   18   L   0.103   0.012   0.070
   19   Y   0.103   0.015   0.061
   20   V   0.101   0.029   0.053
   21   L   0.103   0.028   0.050
   22   R   0.102   0.088   0.047
   23   L   0.121   0.069   0.053
   24   D   0.131   0.068   0.056
   25   R   0.103   0.063   0.053
   26   L   0.112   0.061   0.058
   27   M   0.114   0.048   0.062
   28   K   0.101   0.036   0.061
   29   W   0.108   0.035   0.064
   30   L   0.105   0.034   0.065
   31   F   0.102   0.035   0.066
   32   W   0.102   0.034   0.067
   33   P   0.097   0.035   0.067
   34   L   0.099   0.031   0.068
   35   L   0.101   0.024   0.069
   36   D   0.103   0.022   0.070
   37   I   0.101   0.019   0.065
   38   I   0.102   0.017   0.063
   39   N   0.102   0.025   0.060
   40   S   0.103   0.019   0.058
   41   L   0.104   0.018   0.055
   42   V   0.100   0.015   0.052
   43   T   0.105   0.012   0.052
   44   T   0.103   0.011   0.050
   45   V   0.116   0.013   0.051
   46   F   0.101   0.019   0.046
   47   M   0.102   0.032   0.045
   48   L   0.113   0.029   0.047
   49   I   0.101   0.020   0.045
   50   V   0.100   0.033   0.044
   51   S   0.102   0.050   0.045
   52   V   0.103   0.061   0.048
   53   L   0.102   0.083   0.051
   54   A   0.104   0.091   0.055
   55   L   0.165   0.059   0.076
   56   I   0.103   0.076   0.062
   57   P   0.101   0.105   0.065
   58   E   0.104   0.147   0.071
   59   T   0.103   0.150   0.077
   60   T   0.102   0.122   0.083
   61   T   0.102   0.129   0.088
   62   L   0.129   0.123   0.103
   63   T   0.109   0.128   0.099
   64   V   0.103   0.135   0.100
   65   G   0.103   0.139   0.104
   66   G   0.106   0.127   0.108
   67   G   0.101   0.112   0.108
   68   V   0.103   0.100   0.110
   69   F   0.105   0.097   0.111
   70   A   0.100   0.092   0.110
# Measure  Position  Value    Cutoff   signal peptide?
  max. C    55       0.165
  max. Y    11       0.127
  max. S     1       0.239
  mean S     1-10    0.124
       D     1-10    0.126   0.500   NO
Name=CKLF_HUMAN_TRANSMEM1	SP='NO' D=0.126 D-cutoff=0.500 Networks=SignalP-TM
