# SignalP-4.1 euk predictions
# Name=CLCN2_HUMAN_TRANSMEM7	Length=70	Networks=SignalP-noTM
# pos  aa    C       S       Y
    1   F   0.101   0.906   0.302
    2   L   0.102   0.903   0.304
    3   M   0.103   0.913   0.305
    4   R   0.103   0.930   0.305
    5   K   0.106   0.951   0.309
    6   R   0.101   0.950   0.303
    7   L   0.105   0.947   0.310
    8   L   0.103   0.932   0.307
    9   F   0.099   0.904   0.301
   10   P   0.103   0.886   0.307
   11   A   0.103   0.913   0.306
   12   L   0.097   0.933   0.298
   13   V   0.104   0.957   0.308
   14   T   0.097   0.952   0.298
   15   L   0.102   0.928   0.306
   16   L   0.097   0.914   0.298
   17   I   0.099   0.919   0.302
   18   S   0.100   0.884   0.304
   19   T   0.134   0.750   0.351
   20   L   0.119   0.708   0.329
   21   T   0.106   0.804   0.309
   22   F   0.256   0.522   0.480
   23   P   0.095   0.577   0.289
   24   P   0.143   0.347   0.352
   25   G   0.103   0.534   0.294
   26   F   0.104   0.442   0.293
   27   G   0.104   0.447   0.289
   28   Q   0.602   0.209   0.685
   29   F   0.107   0.149   0.283
   30   M   0.108   0.133   0.276
   31   A   0.104   0.167   0.264
   32   G   0.105   0.122   0.259
   33   Q   0.107   0.105   0.255
   34   L   0.105   0.110   0.245
   35   S   0.103   0.112   0.233
   36   Q   0.098   0.105   0.220
   37   K   0.097   0.105   0.210
   38   E   0.104   0.095   0.208
   39   T   0.101   0.102   0.196
   40   L   0.105   0.090   0.189
   41   V   0.099   0.091   0.174
   42   T   0.099   0.092   0.166
   43   L   0.101   0.091   0.159
   44   F   0.093   0.093   0.141
   45   D   0.105   0.086   0.144
   46   N   0.103   0.093   0.134
   47   R   0.097   0.090   0.126
   48   T   0.108   0.091   0.124
   49   W   0.101   0.103   0.113
   50   V   0.097   0.112   0.104
   51   R   0.099   0.101   0.103
   52   Q   0.104   0.098   0.104
   53   G   0.098   0.110   0.100
   54   L   0.100   0.116   0.100
   55   V   0.103   0.117   0.101
   56   E   0.102   0.116   0.101
   57   E   0.106   0.107   0.103
   58   L   0.095   0.107   0.097
   59   E   0.104   0.106   0.102
   60   P   0.105   0.104   0.103
   61   P   0.102   0.109   0.101
   62   S   0.102   0.100   0.102
   63   T   0.104   0.103   0.103
   64   S   0.102   0.107   0.102
   65   Q   0.102   0.108   0.102
   66   A   0.101   0.106   0.102
   67   W   0.100   0.106   0.102
   68   N   0.102   0.109   0.104
   69   P   0.098   0.108   0.102
   70   P   0.103   0.107   0.105
# Measure  Position  Value    Cutoff   signal peptide?
  max. C    28       0.602
  max. Y    28       0.685
  max. S    13       0.957
  mean S     1-27    0.806
       D     1-27    0.750   0.450   YES
Name=CLCN2_HUMAN_TRANSMEM7	SP='YES' Cleavage site between pos. 27 and 28: GFG-QF D=0.750 D-cutoff=0.450 Networks=SignalP-noTM
