# SignalP-4.1 euk predictions
# Name=CLCN2_HUMAN_TRANSMEM1	Length=70	Networks=SignalP-noTM
# pos  aa    C       S       Y
    1   G   0.102   0.918   0.306
    2   E   0.101   0.943   0.304
    3   D   0.103   0.968   0.307
    4   W   0.100   0.980   0.303
    5   I   0.102   0.982   0.307
    6   F   0.096   0.983   0.299
    7   L   0.106   0.983   0.313
    8   V   0.102   0.982   0.309
    9   L   0.104   0.984   0.312
   10   L   0.105   0.979   0.314
   11   G   0.102   0.980   0.309
   12   L   0.100   0.983   0.307
   13   L   0.105   0.991   0.315
   14   M   0.101   0.993   0.310
   15   A   0.105   0.992   0.317
   16   L   0.146   0.985   0.374
   17   V   0.100   0.988   0.309
   18   S   0.115   0.981   0.333
   19   W   0.159   0.967   0.391
   20   V   0.325   0.894   0.561
   21   M   0.152   0.864   0.384
   22   D   0.115   0.864   0.334
   23   Y   0.225   0.732   0.465
   24   A   0.112   0.765   0.327
   25   I   0.138   0.712   0.361
   26   A   0.113   0.767   0.325
   27   A   0.548   0.308   0.712
   28   C   0.122   0.255   0.330
   29   L   0.139   0.264   0.346
   30   Q   0.108   0.305   0.299
   31   A   0.123   0.230   0.314
   32   Q   0.262   0.183   0.447
   33   Q   0.104   0.203   0.275
   34   W   0.102   0.277   0.266
   35   M   0.106   0.220   0.265
   36   S   0.099   0.259   0.248
   37   R   0.107   0.412   0.252
   38   G   0.105   0.302   0.244
   39   L   0.118   0.256   0.252
   40   N   0.098   0.218   0.221
   41   T   0.104   0.287   0.220
   42   S   0.104   0.243   0.212
   43   I   0.104   0.276   0.205
   44   L   0.100   0.275   0.195
   45   L   0.104   0.253   0.191
   46   Q   0.102   0.359   0.184
   47   Y   0.107   0.329   0.183
   48   L   0.106   0.277   0.177
   49   A   0.102   0.256   0.167
   50   W   0.099   0.273   0.163
   51   V   0.105   0.164   0.168
   52   T   0.095   0.147   0.159
   53   Y   0.105   0.145   0.165
   54   P   0.092   0.136   0.153
   55   V   0.108   0.118   0.165
   56   V   0.099   0.118   0.157
   57   L   0.104   0.115   0.159
   58   I   0.108   0.098   0.160
   59   T   0.101   0.095   0.152
   60   F   0.109   0.098   0.153
   61   S   0.103   0.096   0.146
   62   A   0.108   0.097   0.147
   63   G   0.100   0.098   0.139
   64   F   0.124   0.097   0.151
   65   T   0.104   0.098   0.136
   66   Q   0.115   0.099   0.140
   67   I   0.103   0.099   0.129
   68   L   0.102   0.097   0.126
   69   A   0.100   0.104   0.120
   70   P   0.109   0.104   0.120
# Measure  Position  Value    Cutoff   signal peptide?
  max. C    27       0.548
  max. Y    27       0.712
  max. S    14       0.993
  mean S     1-26    0.929
       D     1-26    0.829   0.450   YES
Name=CLCN2_HUMAN_TRANSMEM1	SP='YES' Cleavage site between pos. 26 and 27: AIA-AC D=0.829 D-cutoff=0.450 Networks=SignalP-noTM
