# SignalP-4.1 euk predictions
# Name=CLD25_HUMAN_TRANSMEM3	Length=70	Networks=SignalP-noTM
# pos  aa    C       S       Y
    1   L   0.101   0.421   0.207
    2   E   0.104   0.346   0.209
    3   A   0.102   0.262   0.207
    4   S   0.100   0.242   0.203
    5   A   0.103   0.269   0.204
    6   S   0.097   0.251   0.196
    7   A   0.103   0.258   0.200
    8   T   0.097   0.387   0.192
    9   T   0.104   0.379   0.198
   10   L   0.098   0.337   0.192
   11   L   0.100   0.303   0.193
   12   P   0.102   0.272   0.194
   13   V   0.099   0.246   0.189
   14   S   0.104   0.299   0.192
   15   W   0.105   0.420   0.190
   16   V   0.102   0.464   0.188
   17   A   0.103   0.431   0.190
   18   H   0.099   0.334   0.186
   19   A   0.111   0.245   0.196
   20   T   0.159   0.172   0.231
   21   I   0.107   0.238   0.187
   22   Q   0.133   0.185   0.205
   23   D   0.129   0.138   0.199
   24   F   0.104   0.126   0.175
   25   W   0.096   0.154   0.165
   26   D   0.103   0.141   0.170
   27   D   0.113   0.127   0.177
   28   S   0.106   0.120   0.169
   29   I   0.104   0.115   0.165
   30   P   0.098   0.129   0.159
   31   D   0.112   0.122   0.165
   32   I   0.097   0.132   0.151
   33   I   0.101   0.154   0.150
   34   P   0.102   0.233   0.149
   35   R   0.105   0.253   0.150
   36   W   0.099   0.204   0.146
   37   E   0.102   0.356   0.147
   38   F   0.101   0.398   0.145
   39   G   0.103   0.467   0.146
   40   G   0.097   0.394   0.141
   41   A   0.107   0.446   0.149
   42   L   0.103   0.444   0.150
   43   Y   0.105   0.417   0.156
   44   L   0.097   0.597   0.152
   45   G   0.105   0.694   0.165
   46   W   0.102   0.661   0.170
   47   A   0.109   0.634   0.183
   48   A   0.110   0.670   0.190
   49   G   0.100   0.774   0.188
   50   I   0.107   0.753   0.202
   51   F   0.100   0.632   0.203
   52   L   0.105   0.591   0.213
   53   A   0.107   0.569   0.221
   54   L   0.100   0.580   0.218
   55   G   0.107   0.411   0.231
   56   G   0.115   0.333   0.242
   57   L   0.105   0.218   0.232
   58   L   0.111   0.177   0.238
   59   L   0.102   0.182   0.228
   60   I   0.106   0.159   0.230
   61   F   0.100   0.139   0.222
   62   S   0.110   0.175   0.229
   63   A   0.119   0.147   0.236
   64   C   0.103   0.125   0.216
   65   L   0.108   0.120   0.217
   66   G   0.098   0.111   0.204
   67   K   0.259   0.098   0.323
   68   E   0.105   0.101   0.198
   69   D   0.098   0.103   0.185
   70   V   0.101   0.104   0.182
# Measure  Position  Value    Cutoff   signal peptide?
  max. C    67       0.259
  max. Y    67       0.323
  max. S    49       0.774
  mean S     1-66    0.323
       D     1-66    0.323   0.450   NO
Name=CLD25_HUMAN_TRANSMEM3	SP='NO' D=0.323 D-cutoff=0.450 Networks=SignalP-noTM
