# SignalP-4.1 euk predictions
# Name=CLD2_HUMAN_TRANSMEM4	Length=68	Networks=SignalP-noTM
# pos  aa    C       S       Y
    1   A   0.103   0.876   0.300
    2   L   0.098   0.900   0.293
    3   Y   0.105   0.929   0.303
    4   L   0.100   0.925   0.296
    5   G   0.106   0.933   0.306
    6   I   0.100   0.947   0.297
    7   I   0.105   0.917   0.306
    8   S   0.102   0.917   0.301
    9   S   0.099   0.904   0.298
   10   L   0.097   0.904   0.294
   11   F   0.097   0.940   0.294
   12   S   0.098   0.930   0.296
   13   L   0.100   0.941   0.299
   14   I   0.100   0.955   0.301
   15   A   0.102   0.942   0.304
   16   G   0.108   0.914   0.313
   17   I   0.333   0.836   0.551
   18   I   0.106   0.755   0.311
   19   L   0.099   0.846   0.300
   20   C   0.110   0.818   0.314
   21   F   0.356   0.606   0.566
   22   S   0.105   0.785   0.306
   23   C   0.189   0.700   0.408
   24   S   0.110   0.672   0.310
   25   S   0.125   0.682   0.329
   26   Q   0.268   0.315   0.479
   27   R   0.135   0.209   0.334
   28   N   0.128   0.131   0.318
   29   R   0.103   0.138   0.279
   30   S   0.104   0.135   0.274
   31   N   0.155   0.119   0.326
   32   Y   0.102   0.112   0.257
   33   Y   0.098   0.114   0.245
   34   D   0.100   0.115   0.240
   35   A   0.104   0.111   0.236
   36   Y   0.096   0.109   0.219
   37   Q   0.108   0.109   0.223
   38   A   0.105   0.103   0.211
   39   Q   0.097   0.109   0.194
   40   P   0.106   0.102   0.193
   41   L   0.103   0.105   0.183
   42   A   0.110   0.098   0.179
   43   T   0.096   0.102   0.158
   44   R   0.104   0.106   0.157
   45   S   0.105   0.103   0.147
   46   S   0.103   0.101   0.135
   47   P   0.100   0.097   0.123
   48   R   0.097   0.105   0.110
   49   P   0.104   0.098   0.110
   50   G   0.108   0.100   0.109
   51   Q   0.097   0.102   0.103
   52   P   0.108   0.097   0.108
   53   P   0.100   0.089   0.103
   54   K   0.106   0.091   0.105
   55   V   0.101   0.093   0.102
   56   K   0.106   0.094   0.104
   57   S   0.106   0.099   0.104
   58   E   0.100   0.101   0.100
   59   F   0.106   0.100   0.103
   60   N   0.106   0.099   0.103
   61   S   0.106   0.097   0.103
   62   Y   0.103   0.096   0.101
   63   S   0.105   0.096   0.102
   64   L   0.103   0.093   0.101
   65   T   0.101   0.094   0.099
   66   G   0.104   0.094   0.101
   67   Y   0.097   0.094   0.097
   68   V   0.104   0.093   0.100
# Measure  Position  Value    Cutoff   signal peptide?
  max. C    21       0.356
  max. Y    21       0.566
  max. S    14       0.955
  mean S     1-20    0.902
       D     1-20    0.747   0.450   YES
Name=CLD2_HUMAN_TRANSMEM4	SP='YES' Cleavage site between pos. 20 and 21: ILC-FS D=0.747 D-cutoff=0.450 Networks=SignalP-noTM
