# SignalP-4.1 euk predictions
# Name=CMC1_HUMAN_TRANSMEM4	Length=70	Networks=SignalP-noTM
# pos  aa    C       S       Y
    1   G   0.104   0.254   0.163
    2   A   0.100   0.187   0.160
    3   K   0.100   0.255   0.159
    4   A   0.104   0.209   0.162
    5   C   0.100   0.235   0.158
    6   F   0.103   0.232   0.160
    7   L   0.101   0.285   0.158
    8   R   0.102   0.273   0.159
    9   D   0.106   0.249   0.162
   10   I   0.100   0.196   0.158
   11   P   0.103   0.164   0.160
   12   F   0.105   0.151   0.159
   13   S   0.102   0.142   0.156
   14   A   0.099   0.123   0.152
   15   I   0.094   0.129   0.146
   16   Y   0.098   0.140   0.148
   17   F   0.097   0.118   0.145
   18   P   0.099   0.127   0.144
   19   V   0.106   0.134   0.147
   20   Y   0.104   0.189   0.143
   21   A   0.102   0.254   0.141
   22   H   0.259   0.124   0.225
   23   C   0.104   0.131   0.140
   24   K   0.130   0.110   0.154
   25   L   0.103   0.114   0.136
   26   L   0.101   0.114   0.133
   27   L   0.101   0.118   0.131
   28   A   0.106   0.133   0.132
   29   D   0.136   0.094   0.147
   30   E   0.107   0.101   0.127
   31   N   0.101   0.093   0.120
   32   G   0.104   0.101   0.119
   33   H   0.100   0.102   0.115
   34   V   0.099   0.121   0.113
   35   G   0.099   0.123   0.112
   36   G   0.096   0.135   0.110
   37   L   0.127   0.125   0.127
   38   N   0.109   0.122   0.118
   39   L   0.102   0.124   0.114
   40   L   0.102   0.117   0.113
   41   A   0.104   0.126   0.115
   42   A   0.101   0.133   0.113
   43   G   0.104   0.137   0.113
   44   A   0.101   0.120   0.109
   45   M   0.104   0.121   0.111
   46   A   0.103   0.128   0.110
   47   G   0.102   0.126   0.110
   48   V   0.100   0.117   0.109
   49   P   0.105   0.136   0.112
   50   A   0.108   0.369   0.114
   51   A   0.118   0.137   0.124
   52   S   0.108   0.120   0.120
   53   L   0.110   0.124   0.121
   54   V   0.101   0.124   0.117
   55   T   0.107   0.122   0.120
   56   P   0.107   0.119   0.121
   57   A   0.110   0.108   0.123
   58   D   0.108   0.103   0.121
   59   V   0.108   0.104   0.120
   60   I   0.099   0.106   0.115
   61   K   0.107   0.098   0.119
   62   T   0.101   0.099   0.115
   63   R   0.105   0.099   0.117
   64   L   0.106   0.100   0.117
   65   Q   0.101   0.100   0.114
   66   V   0.107   0.101   0.116
   67   A   0.107   0.102   0.116
   68   A   0.099   0.105   0.111
   69   R   0.097   0.102   0.109
   70   A   0.111   0.102   0.117
# Measure  Position  Value    Cutoff   signal peptide?
  max. C    22       0.259
  max. Y    22       0.225
  max. S    50       0.369
  mean S     1-21    0.193
       D     1-21    0.207   0.450   NO
Name=CMC1_HUMAN_TRANSMEM4	SP='NO' D=0.207 D-cutoff=0.450 Networks=SignalP-noTM
