# SignalP-4.1 euk predictions
# Name=CTL5_HUMAN_TRANSMEM7	Length=70	Networks=SignalP-TM
# pos  aa    C       S       Y
    1   L   0.102   0.869   0.297
    2   F   0.102   0.872   0.298
    3   V   0.103   0.797   0.299
    4   F   0.104   0.762   0.299
    5   L   0.104   0.754   0.299
    6   W   0.101   0.700   0.292
    7   L   0.103   0.715   0.293
    8   I   0.102   0.527   0.291
    9   N   0.099   0.552   0.282
   10   F   0.101   0.563   0.280
   11   V   0.099   0.569   0.274
   12   I   0.104   0.600   0.276
   13   A   0.101   0.588   0.269
   14   L   0.291   0.420   0.450
   15   G   0.103   0.490   0.261
   16   Q   0.394   0.400   0.501
   17   C   0.106   0.444   0.253
   18   A   0.386   0.404   0.472
   19   L   0.119   0.318   0.256
   20   A   0.138   0.357   0.268
   21   G   0.247   0.149   0.350
   22   A   0.129   0.138   0.242
   23   F   0.248   0.069   0.326
   24   A   0.105   0.095   0.204
   25   T   0.218   0.068   0.280
   26   Y   0.106   0.052   0.185
   27   Y   0.103   0.065   0.171
   28   W   0.102   0.072   0.159
   29   A   0.101   0.103   0.150
   30   M   0.165   0.102   0.179
   31   K   0.102   0.106   0.133
   32   K   0.104   0.103   0.125
   33   P   0.105   0.111   0.116
   34   D   0.110   0.095   0.112
   35   D   0.103   0.100   0.099
   36   I   0.103   0.093   0.097
   37   P   0.101   0.095   0.094
   38   R   0.103   0.096   0.096
   39   Y   0.104   0.089   0.097
   40   P   0.104   0.083   0.098
   41   L   0.103   0.076   0.098
   42   F   0.102   0.080   0.098
   43   T   0.104   0.078   0.099
   44   A   0.108   0.081   0.100
   45   F   0.100   0.084   0.096
   46   G   0.105   0.083   0.097
   47   R   0.101   0.084   0.095
   48   A   0.105   0.086   0.096
   49   I   0.098   0.091   0.092
   50   R   0.101   0.103   0.093
   51   Y   0.101   0.091   0.093
   52   H   0.100   0.087   0.093
   53   T   0.103   0.082   0.094
   54   G   0.102   0.094   0.093
   55   S   0.100   0.105   0.093
   56   L   0.102   0.105   0.095
   57   A   0.102   0.141   0.096
   58   F   0.098   0.159   0.096
   59   G   0.105   0.117   0.102
   60   S   0.098   0.121   0.100
   61   L   0.106   0.084   0.105
   62   I   0.106   0.084   0.105
   63   I   0.102   0.075   0.103
   64   A   0.103   0.074   0.103
   65   L   0.099   0.067   0.100
   66   I   0.104   0.062   0.102
   67   Q   0.099   0.078   0.099
   68   M   0.102   0.104   0.100
   69   F   0.099   0.108   0.099
   70   K   0.102   0.102   0.100
# Measure  Position  Value    Cutoff   signal peptide?
  max. C    16       0.394
  max. Y    16       0.501
  max. S     2       0.872
  mean S     1-15    0.652
       D     1-15    0.561   0.500   YES
Name=CTL5_HUMAN_TRANSMEM7	SP='YES' Cleavage site between pos. 15 and 16: ALG-QC D=0.561 D-cutoff=0.500 Networks=SignalP-TM
