# SignalP-4.1 euk predictions
# Name=CTR3_HUMAN_TRANSMEM7	Length=70	Networks=SignalP-noTM
# pos  aa    C       S       Y
    1   M   0.101   0.901   0.302
    2   G   0.103   0.920   0.305
    3   I   0.100   0.942   0.300
    4   V   0.103   0.953   0.305
    5   I   0.103   0.954   0.306
    6   S   0.100   0.926   0.302
    7   L   0.097   0.926   0.297
    8   S   0.105   0.924   0.309
    9   V   0.100   0.937   0.301
   10   C   0.099   0.952   0.300
   11   F   0.102   0.969   0.306
   12   L   0.101   0.974   0.304
   13   A   0.104   0.960   0.309
   14   Y   0.094   0.950   0.295
   15   F   0.100   0.955   0.305
   16   A   0.106   0.922   0.314
   17   V   0.105   0.893   0.313
   18   S   0.104   0.909   0.311
   19   S   0.160   0.878   0.386
   20   A   0.156   0.783   0.380
   21   L   0.610   0.373   0.751
   22   T   0.112   0.322   0.318
   23   L   0.235   0.156   0.453
   24   M   0.106   0.267   0.298
   25   M   0.144   0.179   0.342
   26   P   0.103   0.278   0.283
   27   Y   0.112   0.257   0.289
   28   Y   0.106   0.324   0.274
   29   Q   0.102   0.400   0.264
   30   L   0.106   0.390   0.265
   31   Q   0.120   0.218   0.276
   32   P   0.102   0.162   0.249
   33   E   0.131   0.148   0.273
   34   S   0.103   0.168   0.234
   35   P   0.103   0.140   0.226
   36   L   0.111   0.104   0.226
   37   P   0.100   0.101   0.204
   38   E   0.101   0.106   0.196
   39   A   0.104   0.118   0.189
   40   F   0.097   0.108   0.173
   41   L   0.104   0.096   0.168
   42   Y   0.102   0.090   0.155
   43   I   0.101   0.091   0.144
   44   G   0.105   0.116   0.142
   45   W   0.096   0.124   0.133
   46   A   0.106   0.120   0.139
   47   P   0.098   0.112   0.131
   48   A   0.108   0.127   0.136
   49   R   0.096   0.108   0.126
   50   Y   0.107   0.123   0.130
   51   V   0.098   0.110   0.121
   52   V   0.102   0.116   0.118
   53   A   0.103   0.132   0.112
   54   V   0.120   0.134   0.120
   55   G   0.102   0.125   0.110
   56   S   0.108   0.108   0.112
   57   L   0.104   0.112   0.109
   58   C   0.107   0.107   0.110
   59   A   0.107   0.100   0.110
   60   L   0.097   0.101   0.105
   61   S   0.108   0.096   0.110
   62   T   0.103   0.097   0.107
   63   S   0.110   0.096   0.111
   64   L   0.106   0.098   0.109
   65   L   0.099   0.098   0.105
   66   G   0.100   0.096   0.106
   67   S   0.110   0.101   0.111
   68   M   0.108   0.097   0.109
   69   F   0.102   0.096   0.105
   70   P   0.107   0.098   0.108
# Measure  Position  Value    Cutoff   signal peptide?
  max. C    21       0.610
  max. Y    21       0.751
  max. S    12       0.974
  mean S     1-20    0.926
       D     1-20    0.846   0.450   YES
Name=CTR3_HUMAN_TRANSMEM7	SP='YES' Cleavage site between pos. 20 and 21: SSA-LT D=0.846 D-cutoff=0.450 Networks=SignalP-noTM
