# SignalP-4.1 euk predictions
# Name=CTSR2_HUMAN_TRANSMEM3	Length=70	Networks=SignalP-TM
# pos  aa    C       S       Y
    1   V   0.102   0.444   0.212
    2   F   0.101   0.478   0.212
    3   D   0.103   0.421   0.215
    4   F   0.100   0.476   0.211
    5   V   0.104   0.522   0.215
    6   V   0.103   0.542   0.216
    7   T   0.104   0.380   0.218
    8   M   0.102   0.322   0.216
    9   L   0.101   0.418   0.212
   10   S   0.103   0.345   0.214
   11   L   0.098   0.350   0.207
   12   L   0.101   0.238   0.209
   13   P   0.100   0.225   0.204
   14   E   0.103   0.249   0.203
   15   V   0.103   0.311   0.200
   16   V   0.101   0.306   0.195
   17   V   0.102   0.315   0.193
   18   L   0.135   0.147   0.220
   19   V   0.157   0.083   0.229
   20   G   0.106   0.094   0.179
   21   V   0.112   0.090   0.174
   22   T   0.104   0.091   0.161
   23   G   0.109   0.085   0.159
   24   Q   0.205   0.061   0.207
   25   S   0.106   0.063   0.142
   26   V   0.103   0.054   0.131
   27   W   0.098   0.055   0.124
   28   L   0.109   0.076   0.125
   29   Q   0.115   0.045   0.123
   30   L   0.105   0.054   0.109
   31   L   0.102   0.055   0.098
   32   R   0.102   0.080   0.088
   33   I   0.105   0.066   0.086
   34   C   0.104   0.056   0.085
   35   R   0.103   0.053   0.083
   36   V   0.105   0.054   0.082
   37   L   0.104   0.054   0.080
   38   R   0.101   0.068   0.077
   39   S   0.104   0.060   0.079
   40   L   0.117   0.055   0.083
   41   K   0.103   0.067   0.078
   42   L   0.101   0.094   0.078
   43   L   0.105   0.069   0.081
   44   A   0.103   0.069   0.081
   45   Q   0.101   0.043   0.081
   46   F   0.103   0.029   0.081
   47   R   0.099   0.023   0.077
   48   Q   0.105   0.021   0.077
   49   I   0.103   0.015   0.075
   50   Q   0.096   0.013   0.070
   51   I   0.102   0.022   0.070
   52   I   0.098   0.031   0.068
   53   I   0.101   0.033   0.067
   54   L   0.101   0.025   0.065
   55   V   0.101   0.022   0.063
   56   L   0.101   0.032   0.061
   57   V   0.103   0.034   0.057
   58   R   0.098   0.053   0.054
   59   A   0.107   0.062   0.055
   60   L   0.105   0.055   0.056
   61   K   0.104   0.067   0.057
   62   S   0.100   0.064   0.059
   63   M   0.101   0.066   0.062
   64   T   0.101   0.064   0.065
   65   F   0.103   0.065   0.068
   66   L   0.100   0.067   0.069
   67   L   0.100   0.076   0.071
   68   M   0.101   0.090   0.074
   69   L   0.100   0.108   0.076
   70   L   0.102   0.106   0.081
# Measure  Position  Value    Cutoff   signal peptide?
  max. C    24       0.205
  max. Y    19       0.229
  max. S     6       0.542
  mean S     1-18    0.361
       D     1-18    0.281   0.500   NO
Name=CTSR2_HUMAN_TRANSMEM3	SP='NO' D=0.281 D-cutoff=0.500 Networks=SignalP-TM
