# SignalP-4.1 euk predictions
# Name=CXB7_HUMAN_TRANSMEM1	Length=70	Networks=SignalP-noTM
# pos  aa    C       S       Y
    1   T   0.103   0.966   0.315
    2   G   0.103   0.978   0.315
    3   W   0.098   0.982   0.307
    4   I   0.103   0.984   0.316
    5   W   0.098   0.984   0.308
    6   L   0.101   0.969   0.313
    7   A   0.100   0.958   0.311
    8   V   0.098   0.936   0.308
    9   V   0.104   0.943   0.317
   10   F   0.102   0.956   0.313
   11   V   0.100   0.969   0.311
   12   F   0.102   0.980   0.313
   13   R   0.100   0.985   0.311
   14   L   0.101   0.986   0.312
   15   L   0.103   0.983   0.315
   16   V   0.103   0.976   0.316
   17   Y   0.105   0.960   0.319
   18   M   0.108   0.961   0.324
   19   V   0.144   0.949   0.374
   20   A   0.109   0.954   0.325
   21   A   0.399   0.879   0.621
   22   E   0.895   0.310   0.929
   23   H   0.122   0.304   0.337
   24   V   0.130   0.249   0.343
   25   W   0.099   0.218   0.294
   26   K   0.104   0.271   0.295
   27   D   0.176   0.139   0.376
   28   E   0.110   0.143   0.290
   29   Q   0.104   0.169   0.274
   30   K   0.121   0.138   0.290
   31   E   0.103   0.124   0.260
   32   F   0.106   0.126   0.255
   33   E   0.101   0.117   0.242
   34   C   0.103   0.121   0.236
   35   N   0.102   0.122   0.227
   36   S   0.101   0.116   0.216
   37   R   0.097   0.110   0.203
   38   Q   0.106   0.111   0.202
   39   P   0.105   0.105   0.191
   40   G   0.103   0.106   0.178
   41   C   0.098   0.103   0.162
   42   K   0.102   0.101   0.153
   43   N   0.103   0.102   0.140
   44   V   0.094   0.098   0.121
   45   C   0.098   0.109   0.119
   46   F   0.105   0.104   0.119
   47   D   0.097   0.108   0.112
   48   D   0.102   0.110   0.113
   49   F   0.101   0.111   0.109
   50   F   0.104   0.111   0.110
   51   P   0.107   0.095   0.111
   52   I   0.102   0.095   0.106
   53   S   0.104   0.096   0.107
   54   Q   0.099   0.110   0.104
   55   V   0.099   0.098   0.103
   56   R   0.097   0.097   0.102
   57   L   0.104   0.097   0.105
   58   W   0.097   0.099   0.100
   59   A   0.101   0.095   0.102
   60   L   0.102   0.097   0.102
   61   Q   0.098   0.098   0.100
   62   L   0.103   0.093   0.102
   63   I   0.103   0.093   0.102
   64   M   0.096   0.096   0.098
   65   V   0.100   0.097   0.100
   66   S   0.099   0.097   0.100
   67   T   0.099   0.097   0.100
   68   P   0.099   0.101   0.099
   69   S   0.101   0.100   0.100
   70   L   0.100   0.105   0.099
# Measure  Position  Value    Cutoff   signal peptide?
  max. C    22       0.895
  max. Y    22       0.929
  max. S    14       0.986
  mean S     1-21    0.964
       D     1-21    0.948   0.450   YES
Name=CXB7_HUMAN_TRANSMEM1	SP='YES' Cleavage site between pos. 21 and 22: VAA-EH D=0.948 D-cutoff=0.450 Networks=SignalP-noTM
