# SignalP-4.1 euk predictions
# Name=CYB_HUMAN_TRANSMEM7	Length=61	Networks=SignalP-TM
# pos  aa    C       S       Y
    1   L   0.102   0.544   0.235
    2   S   0.103   0.555   0.237
    3   Q   0.101   0.689   0.234
    4   S   0.104   0.652   0.240
    5   L   0.100   0.701   0.237
    6   Y   0.103   0.622   0.243
    7   W   0.099   0.645   0.240
    8   L   0.101   0.580   0.244
    9   L   0.103   0.605   0.246
   10   A   0.104   0.533   0.248
   11   A   0.098   0.503   0.241
   12   D   0.100   0.442   0.243
   13   L   0.099   0.612   0.240
   14   L   0.103   0.733   0.246
   15   I   0.101   0.715   0.247
   16   L   0.100   0.699   0.248
   17   T   0.102   0.598   0.253
   18   W   0.107   0.528   0.257
   19   I   0.106   0.555   0.254
   20   G   0.123   0.377   0.272
   21   G   0.120   0.274   0.264
   22   Q   0.250   0.195   0.372
   23   P   0.104   0.191   0.234
   24   V   0.172   0.140   0.292
   25   S   0.102   0.110   0.219
   26   Y   0.111   0.088   0.221
   27   P   0.101   0.083   0.205
   28   F   0.123   0.085   0.216
   29   T   0.100   0.088   0.182
   30   I   0.104   0.103   0.173
   31   I   0.103   0.086   0.159
   32   G   0.103   0.056   0.146
   33   Q   0.101   0.048   0.133
   34   V   0.105   0.047   0.120
   35   A   0.103   0.047   0.109
   36   S   0.099   0.047   0.098
   37   V   0.104   0.046   0.095
   38   L   0.101   0.038   0.088
   39   Y   0.106   0.034   0.086
   40   F   0.100   0.027   0.080
   41   T   0.104   0.031   0.079
   42   T   0.104   0.032   0.076
   43   I   0.102   0.031   0.073
   44   L   0.101   0.030   0.070
   45   I   0.102   0.025   0.066
   46   L   0.100   0.036   0.062
   47   M   0.101   0.058   0.061
   48   P   0.100   0.055   0.062
   49   T   0.105   0.077   0.063
   50   I   0.104   0.098   0.065
   51   S   0.103   0.119   0.068
   52   L   0.105   0.131   0.072
   53   I   0.106   0.091   0.077
   54   E   0.102   0.102   0.078
   55   N   0.100   0.105   0.081
   56   K   0.099   0.087   0.084
   57   M   0.103   0.114   0.088
   58   L   0.102   0.117   0.091
   59   K   0.100   0.104   0.093
   60   W   0.100   0.101   0.096
   61   A   0.102   0.092   0.099
# Measure  Position  Value    Cutoff   signal peptide?
  max. C    22       0.250
  max. Y    22       0.372
  max. S    14       0.733
  mean S     1-21    0.579
       D     1-21    0.455   0.500   NO
Name=CYB_HUMAN_TRANSMEM7	SP='NO' D=0.455 D-cutoff=0.500 Networks=SignalP-TM
