# SignalP-4.1 euk predictions
# Name=DPP6_HUMAN_TRANSMEM1	Length=70	Networks=SignalP-TM
# pos  aa    C       S       Y
    1   I   0.103   0.547   0.237
    2   A   0.103   0.445   0.238
    3   I   0.100   0.409   0.233
    4   A   0.104   0.450   0.235
    5   L   0.098   0.454   0.226
    6   L   0.104   0.602   0.232
    7   V   0.101   0.695   0.229
    8   I   0.104   0.749   0.235
    9   L   0.103   0.822   0.237
   10   V   0.101   0.781   0.238
   11   I   0.104   0.806   0.246
   12   C   0.103   0.778   0.249
   13   S   0.105   0.704   0.254
   14   L   0.105   0.748   0.257
   15   I   0.108   0.762   0.263
   16   V   0.105   0.829   0.263
   17   T   0.101   0.851   0.263
   18   S   0.282   0.739   0.449
   19   V   0.243   0.604   0.423
   20   I   0.119   0.475   0.299
   21   L   0.167   0.246   0.351
   22   L   0.198   0.181   0.374
   23   T   0.127   0.185   0.290
   24   P   0.106   0.314   0.257
   25   A   0.116   0.316   0.261
   26   E   0.177   0.147   0.312
   27   D   0.104   0.178   0.230
   28   N   0.169   0.125   0.282
   29   S   0.102   0.131   0.208
   30   L   0.109   0.123   0.204
   31   S   0.106   0.120   0.187
   32   Q   0.114   0.108   0.178
   33   K   0.103   0.106   0.154
   34   K   0.102   0.102   0.142
   35   K   0.103   0.104   0.133
   36   V   0.103   0.099   0.128
   37   T   0.100   0.100   0.124
   38   V   0.103   0.097   0.123
   39   E   0.099   0.102   0.115
   40   D   0.102   0.103   0.110
   41   L   0.101   0.109   0.107
   42   F   0.101   0.103   0.105
   43   S   0.103   0.099   0.105
   44   E   0.099   0.102   0.102
   45   D   0.105   0.102   0.104
   46   F   0.101   0.100   0.102
   47   K   0.104   0.102   0.103
   48   I   0.102   0.106   0.102
   49   H   0.101   0.104   0.101
   50   D   0.101   0.105   0.101
   51   P   0.099   0.105   0.101
   52   E   0.102   0.106   0.103
   53   A   0.102   0.106   0.103
   54   K   0.098   0.107   0.101
   55   W   0.102   0.106   0.103
   56   I   0.098   0.107   0.101
   57   S   0.101   0.109   0.103
   58   D   0.103   0.105   0.104
   59   T   0.103   0.105   0.104
   60   E   0.103   0.105   0.104
   61   F   0.102   0.108   0.104
   62   I   0.102   0.108   0.104
   63   Y   0.103   0.105   0.105
   64   R   0.102   0.104   0.104
   65   E   0.104   0.104   0.105
   66   Q   0.102   0.104   0.104
   67   K   0.103   0.102   0.104
   68   G   0.102   0.101   0.104
   69   T   0.100   0.102   0.103
   70   V   0.105   0.101   0.105
# Measure  Position  Value    Cutoff   signal peptide?
  max. C    18       0.282
  max. Y    18       0.449
  max. S    17       0.851
  mean S     1-17    0.673
       D     1-17    0.539   0.500   YES
Name=DPP6_HUMAN_TRANSMEM1	SP='YES' Cleavage site between pos. 17 and 18: IVT-SV D=0.539 D-cutoff=0.500 Networks=SignalP-TM
