# SignalP-4.1 euk predictions
# Name=EDNRA_HUMAN_TRANSMEM5	Length=70	Networks=SignalP-noTM
# pos  aa    C       S       Y
    1   W   0.100   0.955   0.309
    2   W   0.100   0.961   0.308
    3   L   0.100   0.976   0.309
    4   F   0.101   0.983   0.310
    5   G   0.103   0.982   0.314
    6   F   0.098   0.981   0.307
    7   Y   0.106   0.983   0.319
    8   F   0.103   0.983   0.315
    9   C   0.102   0.961   0.314
   10   M   0.097   0.936   0.306
   11   P   0.101   0.965   0.312
   12   L   0.105   0.972   0.318
   13   V   0.096   0.975   0.304
   14   C   0.098   0.973   0.307
   15   T   0.118   0.956   0.337
   16   A   0.285   0.872   0.524
   17   I   0.266   0.564   0.506
   18   F   0.163   0.395   0.392
   19   Y   0.113   0.435   0.323
   20   T   0.106   0.407   0.308
   21   L   0.122   0.209   0.326
   22   M   0.102   0.272   0.292
   23   T   0.113   0.282   0.301
   24   C   0.122   0.391   0.307
   25   E   0.212   0.181   0.398
   26   M   0.105   0.224   0.274
   27   L   0.145   0.133   0.313
   28   N   0.099   0.147   0.252
   29   R   0.102   0.125   0.247
   30   R   0.117   0.129   0.256
   31   N   0.105   0.129   0.234
   32   G   0.100   0.123   0.221
   33   S   0.110   0.104   0.222
   34   L   0.109   0.104   0.211
   35   R   0.102   0.109   0.194
   36   I   0.104   0.107   0.185
   37   A   0.097   0.110   0.168
   38   L   0.099   0.105   0.158
   39   S   0.108   0.094   0.153
   40   E   0.099   0.099   0.140
   41   H   0.100   0.103   0.135
   42   L   0.097   0.137   0.127
   43   K   0.100   0.138   0.125
   44   Q   0.099   0.155   0.123
   45   R   0.102   0.188   0.123
   46   R   0.103   0.307   0.121
   47   E   0.104   0.227   0.120
   48   V   0.099   0.340   0.118
   49   A   0.096   0.316   0.118
   50   K   0.097   0.198   0.123
   51   T   0.100   0.164   0.125
   52   V   0.101   0.174   0.127
   53   F   0.103   0.144   0.129
   54   C   0.101   0.139   0.127
   55   L   0.098   0.229   0.126
   56   V   0.109   0.170   0.135
   57   V   0.104   0.170   0.133
   58   I   0.106   0.121   0.136
   59   F   0.103   0.115   0.134
   60   A   0.106   0.123   0.136
   61   L   0.101   0.119   0.133
   62   C   0.099   0.108   0.132
   63   W   0.105   0.115   0.136
   64   F   0.105   0.139   0.136
   65   P   0.097   0.121   0.131
   66   L   0.106   0.121   0.137
   67   H   0.098   0.153   0.131
   68   L   0.098   0.196   0.131
   69   S   0.118   0.147   0.141
   70   R   0.177   0.109   0.171
# Measure  Position  Value    Cutoff   signal peptide?
  max. C    16       0.285
  max. Y    16       0.524
  max. S     7       0.983
  mean S     1-15    0.969
       D     1-15    0.764   0.450   YES
Name=EDNRA_HUMAN_TRANSMEM5	SP='YES' Cleavage site between pos. 15 and 16: VCT-AI D=0.764 D-cutoff=0.450 Networks=SignalP-noTM
