# SignalP-4.1 euk predictions
# Name=ELFN1_HUMAN_TRANSMEM1	Length=70	Networks=SignalP-noTM
# pos  aa    C       S       Y
    1   I   0.101   0.956   0.310
    2   M   0.100   0.969   0.309
    3   T   0.104   0.969   0.315
    4   I   0.103   0.963   0.315
    5   L   0.102   0.926   0.313
    6   G   0.103   0.886   0.314
    7   C   0.098   0.888   0.306
    8   L   0.104   0.904   0.315
    9   F   0.101   0.908   0.310
   10   G   0.099   0.915   0.307
   11   M   0.101   0.919   0.308
   12   V   0.102   0.944   0.310
   13   L   0.101   0.936   0.308
   14   V   0.100   0.898   0.306
   15   L   0.105   0.883   0.314
   16   G   0.107   0.901   0.316
   17   A   0.385   0.782   0.599
   18   V   0.189   0.509   0.417
   19   Y   0.114   0.442   0.321
   20   Y   0.120   0.439   0.325
   21   C   0.115   0.291   0.314
   22   L   0.115   0.202   0.308
   23   R   0.102   0.263   0.284
   24   R   0.181   0.184   0.372
   25   R   0.111   0.174   0.283
   26   R   0.105   0.180   0.269
   27   R   0.108   0.196   0.266
   28   Q   0.109   0.170   0.259
   29   E   0.115   0.159   0.260
   30   E   0.100   0.130   0.236
   31   K   0.103   0.128   0.231
   32   H   0.098   0.121   0.218
   33   K   0.104   0.115   0.216
   34   K   0.103   0.100   0.206
   35   A   0.105   0.096   0.198
   36   A   0.100   0.091   0.183
   37   S   0.104   0.092   0.176
   38   A   0.102   0.094   0.164
   39   A   0.101   0.096   0.151
   40   A   0.105   0.089   0.143
   41   A   0.099   0.093   0.131
   42   G   0.096   0.091   0.124
   43   S   0.102   0.085   0.121
   44   L   0.101   0.092   0.116
   45   K   0.099   0.092   0.113
   46   K   0.100   0.090   0.110
   47   T   0.105   0.091   0.111
   48   I   0.109   0.087   0.111
   49   I   0.108   0.087   0.108
   50   E   0.103   0.093   0.103
   51   L   0.098   0.093   0.099
   52   K   0.099   0.092   0.098
   53   Y   0.104   0.101   0.100
   54   G   0.103   0.102   0.099
   55   P   0.101   0.104   0.097
   56   E   0.106   0.106   0.099
   57   L   0.107   0.108   0.100
   58   E   0.105   0.099   0.099
   59   A   0.099   0.097   0.097
   60   P   0.098   0.101   0.096
   61   G   0.105   0.100   0.100
   62   L   0.101   0.100   0.098
   63   A   0.108   0.100   0.101
   64   P   0.093   0.103   0.095
   65   L   0.104   0.100   0.100
   66   S   0.100   0.099   0.098
   67   Q   0.103   0.097   0.100
   68   G   0.106   0.100   0.102
   69   P   0.096   0.100   0.097
   70   L   0.105   0.097   0.102
# Measure  Position  Value    Cutoff   signal peptide?
  max. C    17       0.385
  max. Y    17       0.599
  max. S     2       0.969
  mean S     1-16    0.923
       D     1-16    0.774   0.450   YES
Name=ELFN1_HUMAN_TRANSMEM1	SP='YES' Cleavage site between pos. 16 and 17: VLG-AV D=0.774 D-cutoff=0.450 Networks=SignalP-noTM
