# SignalP-4.1 euk predictions
# Name=ENTP4_HUMAN_TRANSMEM2	Length=57	Networks=SignalP-noTM
# pos  aa    C       S       Y
    1   F   0.101   0.899   0.301
    2   V   0.100   0.890   0.300
    3   Y   0.102   0.899   0.303
    4   N   0.104   0.919   0.306
    5   H   0.098   0.925   0.297
    6   Y   0.102   0.928   0.303
    7   L   0.101   0.934   0.302
    8   F   0.098   0.938   0.298
    9   S   0.103   0.942   0.306
   10   G   0.101   0.906   0.303
   11   C   0.096   0.850   0.295
   12   F   0.102   0.790   0.304
   13   L   0.099   0.822   0.298
   14   V   0.097   0.882   0.295
   15   V   0.098   0.929   0.296
   16   L   0.103   0.963   0.304
   17   L   0.101   0.966   0.301
   18   A   0.107   0.952   0.311
   19   I   0.141   0.933   0.358
   20   L   0.104   0.896   0.307
   21   L   0.111   0.818   0.317
   22   Y   0.100   0.863   0.300
   23   L   0.108   0.866   0.312
   24   L   0.128   0.822   0.339
   25   R   0.107   0.877   0.311
   26   L   0.136   0.826   0.349
   27   R   0.206   0.666   0.429
   28   R   0.108   0.643   0.308
   29   I   0.130   0.523   0.336
   30   H   0.126   0.320   0.327
   31   R   0.100   0.362   0.287
   32   R   0.271   0.189   0.464
   33   T   0.112   0.146   0.293
   34   P   0.101   0.139   0.271
   35   R   0.102   0.133   0.267
   36   S   0.097   0.133   0.255
   37   S   0.097   0.131   0.248
   38   S   0.099   0.138   0.243
   39   A   0.106   0.147   0.244
   40   A   0.102   0.114   0.231
   41   A   0.101   0.107   0.221
   42   L   0.098   0.112   0.209
   43   W   0.104   0.114   0.208
   44   M   0.103   0.104   0.198
   45   E   0.104   0.097   0.190
   46   E   0.104   0.097   0.180
   47   G   0.101   0.097   0.168
   48   L   0.103   0.099   0.158
   49   P   0.109   0.099   0.151
   50   A   0.108   0.100   0.141
   51   Q   0.100   0.101   0.126
   52   N   0.104   0.100   0.121
   53   A   0.103   0.102   0.116
   54   P   0.096   0.104   0.107
   55   G   0.106   0.106   0.110
   56   T   0.102   0.105   0.107
   57   L   0.107   0.102   0.109
# Measure  Position  Value    Cutoff   signal peptide?
  max. C    32       0.271
  max. Y    32       0.464
  max. S    17       0.966
  mean S     1-31    0.831
       D     1-31    0.662   0.450   YES
Name=ENTP4_HUMAN_TRANSMEM2	SP='YES' Cleavage site between pos. 31 and 32: IHR-RT D=0.662 D-cutoff=0.450 Networks=SignalP-noTM
