# SignalP-4.1 euk predictions
# Name=ERGI1_HUMAN_TRANSMEM1	Length=70	Networks=SignalP-TM
# pos  aa    C       S       Y
    1   I   0.102   0.760   0.279
    2   I   0.101   0.748   0.277
    3   S   0.102   0.768   0.278
    4   I   0.101   0.776   0.277
    5   C   0.102   0.812   0.278
    6   C   0.101   0.776   0.277
    7   C   0.100   0.710   0.277
    8   L   0.101   0.798   0.277
    9   F   0.100   0.899   0.277
   10   I   0.100   0.839   0.279
   11   L   0.101   0.824   0.281
   12   F   0.101   0.772   0.281
   13   L   0.100   0.781   0.281
   14   F   0.102   0.815   0.284
   15   L   0.099   0.835   0.281
   16   S   0.106   0.885   0.290
   17   E   0.111   0.869   0.299
   18   L   0.109   0.879   0.298
   19   T   0.127   0.811   0.323
   20   G   0.122   0.722   0.317
   21   F   0.627   0.452   0.716
   22   I   0.179   0.378   0.379
   23   T   0.106   0.377   0.286
   24   T   0.174   0.319   0.356
   25   E   0.352   0.203   0.494
   26   V   0.101   0.196   0.257
   27   V   0.111   0.119   0.261
   28   N   0.099   0.151   0.235
   29   E   0.106   0.116   0.233
   30   L   0.112   0.108   0.228
   31   Y   0.105   0.110   0.207
   32   V   0.102   0.108   0.190
   33   D   0.102   0.118   0.174
   34   D   0.102   0.114   0.159
   35   P   0.101   0.109   0.144
   36   D   0.105   0.111   0.137
   37   K   0.102   0.109   0.128
   38   D   0.100   0.113   0.119
   39   S   0.100   0.113   0.113
   40   G   0.098   0.114   0.109
   41   G   0.099   0.113   0.107
   42   K   0.102   0.111   0.108
   43   I   0.103   0.101   0.108
   44   D   0.103   0.096   0.107
   45   V   0.103   0.097   0.107
   46   S   0.104   0.106   0.106
   47   L   0.104   0.106   0.106
   48   N   0.103   0.097   0.106
   49   I   0.105   0.096   0.106
   50   S   0.104   0.091   0.105
   51   L   0.101   0.089   0.103
   52   P   0.105   0.087   0.104
   53   N   0.103   0.090   0.102
   54   L   0.103   0.085   0.101
   55   H   0.101   0.089   0.099
   56   C   0.102   0.090   0.099
   57   E   0.103   0.092   0.099
   58   L   0.100   0.093   0.097
   59   V   0.102   0.093   0.097
   60   G   0.101   0.096   0.097
   61   L   0.097   0.099   0.095
   62   D   0.101   0.101   0.097
   63   I   0.102   0.103   0.097
   64   Q   0.102   0.099   0.097
   65   D   0.101   0.100   0.097
   66   E   0.103   0.102   0.098
   67   M   0.102   0.102   0.098
   68   G   0.099   0.104   0.097
   69   R   0.098   0.099   0.097
   70   H   0.103   0.103   0.100
# Measure  Position  Value    Cutoff   signal peptide?
  max. C    21       0.627
  max. Y    21       0.716
  max. S     9       0.899
  mean S     1-20    0.804
       D     1-20    0.751   0.500   YES
Name=ERGI1_HUMAN_TRANSMEM1	SP='YES' Cleavage site between pos. 20 and 21: LTG-FI D=0.751 D-cutoff=0.500 Networks=SignalP-TM
