# SignalP-4.1 euk predictions
# Name=ERMP1_HUMAN_TRANSMEM2	Length=70	Networks=SignalP-TM
# pos  aa    C       S       Y
    1   V   0.102   0.312   0.178
    2   F   0.102   0.299   0.178
    3   F   0.103   0.287   0.179
    4   D   0.102   0.243   0.177
    5   V   0.104   0.282   0.178
    6   L   0.104   0.272   0.177
    7   G   0.104   0.258   0.176
    8   L   0.099   0.262   0.171
    9   F   0.103   0.261   0.174
   10   V   0.102   0.316   0.171
   11   I   0.103   0.313   0.173
   12   A   0.101   0.171   0.171
   13   Y   0.099   0.101   0.166
   14   P   0.103   0.138   0.164
   15   S   0.110   0.110   0.166
   16   R   0.098   0.136   0.152
   17   I   0.103   0.129   0.152
   18   G   0.112   0.086   0.155
   19   S   0.120   0.066   0.156
   20   I   0.143   0.074   0.164
   21   I   0.117   0.073   0.142
   22   N   0.100   0.103   0.127
   23   Y   0.102   0.118   0.123
   24   M   0.101   0.121   0.118
   25   V   0.105   0.114   0.114
   26   V   0.103   0.120   0.107
   27   M   0.102   0.105   0.104
   28   G   0.101   0.089   0.104
   29   V   0.109   0.085   0.106
   30   V   0.105   0.108   0.103
   31   L   0.105   0.102   0.102
   32   Y   0.101   0.081   0.099
   33   L   0.101   0.061   0.099
   34   G   0.105   0.101   0.101
   35   K   0.103   0.101   0.101
   36   K   0.104   0.117   0.102
   37   F   0.104   0.111   0.103
   38   L   0.104   0.105   0.102
   39   Q   0.105   0.097   0.102
   40   P   0.100   0.085   0.099
   41   K   0.106   0.087   0.101
   42   H   0.100   0.089   0.098
   43   K   0.100   0.088   0.097
   44   T   0.100   0.087   0.098
   45   G   0.102   0.102   0.098
   46   N   0.097   0.070   0.095
   47   Y   0.103   0.064   0.098
   48   K   0.097   0.057   0.095
   49   K   0.100   0.056   0.095
   50   D   0.102   0.043   0.094
   51   F   0.105   0.035   0.092
   52   L   0.105   0.042   0.089
   53   C   0.105   0.035   0.087
   54   G   0.102   0.044   0.083
   55   L   0.100   0.047   0.080
   56   G   0.106   0.040   0.081
   57   I   0.102   0.037   0.077
   58   T   0.105   0.043   0.075
   59   L   0.101   0.043   0.072
   60   I   0.102   0.044   0.069
   61   S   0.100   0.039   0.067
   62   W   0.101   0.046   0.066
   63   F   0.099   0.042   0.065
   64   T   0.100   0.050   0.064
   65   S   0.101   0.069   0.065
   66   L   0.098   0.066   0.066
   67   V   0.100   0.087   0.068
   68   T   0.098   0.114   0.070
   69   V   0.103   0.114   0.075
   70   L   0.099   0.102   0.077
# Measure  Position  Value    Cutoff   signal peptide?
  max. C    20       0.143
  max. Y    11       0.173
  max. S    10       0.316
  mean S     1-10    0.279
       D     1-10    0.215   0.500   NO
Name=ERMP1_HUMAN_TRANSMEM2	SP='NO' D=0.215 D-cutoff=0.500 Networks=SignalP-TM
