# SignalP-4.1 euk predictions
# Name=FCRL1_HUMAN_TRANSMEM1	Length=70	Networks=SignalP-noTM
# pos  aa    C       S       Y
    1   G   0.102   0.612   0.250
    2   V   0.099   0.537   0.246
    3   I   0.105   0.617   0.252
    4   E   0.104   0.535   0.251
    5   G   0.100   0.410   0.246
    6   L   0.097   0.402   0.241
    7   L   0.107   0.361   0.250
    8   S   0.103   0.355   0.243
    9   T   0.103   0.330   0.241
   10   L   0.099   0.297   0.234
   11   G   0.107   0.276   0.239
   12   P   0.100   0.243   0.228
   13   A   0.104   0.279   0.229
   14   T   0.094   0.269   0.214
   15   V   0.105   0.315   0.223
   16   A   0.099   0.217   0.214
   17   L   0.126   0.153   0.236
   18   L   0.109   0.154   0.215
   19   F   0.109   0.142   0.209
   20   C   0.105   0.163   0.199
   21   Y   0.111   0.127   0.199
   22   G   0.101   0.184   0.185
   23   L   0.108   0.138   0.185
   24   K   0.107   0.260   0.178
   25   R   0.110   0.203   0.177
   26   K   0.116   0.169   0.175
   27   I   0.101   0.201   0.159
   28   G   0.103   0.243   0.157
   29   R   0.140   0.146   0.180
   30   R   0.106   0.155   0.153
   31   S   0.106   0.146   0.150
   32   A   0.102   0.146   0.144
   33   R   0.131   0.108   0.160
   34   D   0.106   0.100   0.142
   35   P   0.100   0.103   0.135
   36   L   0.108   0.098   0.137
   37   R   0.106   0.097   0.133
   38   S   0.102   0.087   0.127
   39   L   0.101   0.098   0.123
   40   P   0.099   0.093   0.121
   41   S   0.109   0.091   0.126
   42   P   0.103   0.088   0.121
   43   L   0.105   0.090   0.121
   44   P   0.104   0.084   0.120
   45   Q   0.101   0.088   0.116
   46   E   0.101   0.091   0.115
   47   F   0.103   0.085   0.113
   48   T   0.100   0.085   0.109
   49   Y   0.100   0.088   0.107
   50   L   0.098   0.092   0.104
   51   N   0.101   0.091   0.102
   52   S   0.101   0.095   0.101
   53   P   0.098   0.095   0.098
   54   T   0.104   0.095   0.099
   55   P   0.106   0.101   0.099
   56   G   0.104   0.105   0.098
   57   Q   0.096   0.099   0.094
   58   L   0.103   0.094   0.098
   59   Q   0.106   0.100   0.099
   60   P   0.099   0.097   0.095
   61   I   0.103   0.104   0.098
   62   Y   0.101   0.099   0.097
   63   E   0.105   0.101   0.099
   64   N   0.101   0.100   0.097
   65   V   0.095   0.100   0.095
   66   N   0.100   0.100   0.097
   67   V   0.104   0.096   0.100
   68   V   0.096   0.099   0.096
   69   S   0.107   0.097   0.102
   70   G   0.102   0.100   0.099
# Measure  Position  Value    Cutoff   signal peptide?
  max. C    29       0.140
  max. Y    11       0.239
  max. S     3       0.617
  mean S     1-10    0.446
       D     1-10    0.351   0.450   NO
Name=FCRL1_HUMAN_TRANSMEM1	SP='NO' D=0.351 D-cutoff=0.450 Networks=SignalP-noTM
