# SignalP-4.1 euk predictions
# Name=FIS1_HUMAN_TRANSMEM1	Length=30	Networks=SignalP-noTM
# pos  aa    C       S       Y
    1   L   0.103   0.811   0.289
    2   V   0.102   0.778   0.287
    3   G   0.102   0.800   0.288
    4   M   0.103   0.795   0.289
    5   A   0.104   0.842   0.289
    6   I   0.100   0.863   0.285
    7   V   0.104   0.782   0.291
    8   G   0.097   0.780   0.281
    9   G   0.102   0.690   0.288
   10   M   0.101   0.665   0.284
   11   A   0.105   0.399   0.289
   12   L   0.102   0.312   0.282
   13   G   0.099   0.284   0.274
   14   V   0.100   0.236   0.271
   15   A   0.111   0.160   0.280
   16   G   0.106   0.122   0.267
   17   L   0.120   0.130   0.278
   18   A   0.105   0.118   0.254
   19   G   0.111   0.107   0.254
   20   L   0.112   0.105   0.248
   21   I   0.105   0.101   0.233
   22   G   0.106   0.100   0.227
   23   L   0.107   0.106   0.220
   24   A   0.102   0.102   0.207
   25   V   0.101   0.098   0.198
   26   S   0.108   0.100   0.196
   27   K   0.124   0.097   0.202
   28   S   0.098   0.098   0.169
   29   K   0.109   0.099   0.168
   30   S   0.101   0.102   0.152
# Measure  Position  Value    Cutoff   signal peptide?
  max. C    27       0.124
  max. Y    11       0.289
  max. S     6       0.863
  mean S     1-10    0.781
       D     1-10    0.555   0.450   YES
Name=FIS1_HUMAN_TRANSMEM1	SP='YES' Cleavage site between pos. 10 and 11: GGM-AL D=0.555 D-cutoff=0.450 Networks=SignalP-noTM
