# SignalP-4.1 euk predictions
# Name=FITM2_HUMAN_TRANSMEM6	Length=44	Networks=SignalP-noTM
# pos  aa    C       S       Y
    1   K   0.101   0.610   0.249
    2   V   0.101   0.499   0.249
    3   F   0.101   0.480   0.247
    4   G   0.106   0.479   0.252
    5   T   0.101   0.562   0.245
    6   L   0.106   0.536   0.250
    7   F   0.103   0.514   0.246
    8   G   0.102   0.411   0.243
    9   L   0.098   0.387   0.238
   10   L   0.105   0.447   0.243
   11   S   0.105   0.416   0.242
   12   W   0.098   0.471   0.232
   13   Y   0.096   0.404   0.228
   14   G   0.100   0.509   0.231
   15   T   0.098   0.363   0.227
   16   Y   0.099   0.451   0.226
   17   G   0.098   0.466   0.223
   18   F   0.285   0.256   0.378
   19   W   0.100   0.220   0.221
   20   Y   0.111   0.127   0.228
   21   P   0.095   0.113   0.206
   22   K   0.102   0.135   0.208
   23   A   0.107   0.191   0.207
   24   F   0.107   0.131   0.203
   25   S   0.103   0.132   0.194
   26   P   0.109   0.114   0.195
   27   G   0.106   0.116   0.188
   28   L   0.102   0.113   0.179
   29   P   0.102   0.114   0.174
   30   P   0.105   0.107   0.170
   31   Q   0.108   0.107   0.168
   32   S   0.103   0.105   0.161
   33   C   0.101   0.100   0.154
   34   S   0.100   0.102   0.148
   35   L   0.106   0.106   0.147
   36   N   0.097   0.103   0.136
   37   L   0.100   0.103   0.131
   38   K   0.103   0.105   0.128
   39   Q   0.097   0.101   0.118
   40   D   0.106   0.100   0.116
   41   S   0.101   0.101   0.110
   42   Y   0.101   0.102   0.108
   43   K   0.098   0.101   0.105
   44   K   0.096   0.099   0.104
# Measure  Position  Value    Cutoff   signal peptide?
  max. C    18       0.285
  max. Y    18       0.378
  max. S     1       0.610
  mean S     1-17    0.471
       D     1-17    0.428   0.450   NO
Name=FITM2_HUMAN_TRANSMEM6	SP='NO' D=0.428 D-cutoff=0.450 Networks=SignalP-noTM
