# SignalP-4.1 euk predictions
# Name=GALT4_HUMAN_TRANSMEM1	Length=70	Networks=SignalP-noTM
# pos  aa    C       S       Y
    1   L   0.101   0.911   0.304
    2   L   0.103   0.915   0.306
    3   L   0.104   0.902   0.308
    4   A   0.106   0.906   0.311
    5   F   0.099   0.916   0.300
    6   L   0.105   0.918   0.310
    7   T   0.103   0.925   0.307
    8   V   0.105   0.950   0.310
    9   A   0.101   0.943   0.303
   10   Y   0.098   0.918   0.300
   11   I   0.096   0.931   0.297
   12   F   0.105   0.897   0.310
   13   V   0.098   0.897   0.300
   14   E   0.099   0.822   0.301
   15   L   0.099   0.871   0.301
   16   L   0.110   0.847   0.316
   17   V   0.103   0.835   0.305
   18   S   0.111   0.785   0.316
   19   T   0.154   0.568   0.372
   20   F   0.119   0.611   0.324
   21   H   0.112   0.692   0.311
   22   A   0.114   0.572   0.313
   23   S   0.122   0.411   0.321
   24   A   0.109   0.523   0.299
   25   G   0.149   0.327   0.345
   26   A   0.134   0.177   0.323
   27   G   0.140   0.138   0.322
   28   R   0.116   0.172   0.287
   29   A   0.110   0.175   0.272
   30   R   0.208   0.132   0.364
   31   E   0.106   0.124   0.253
   32   L   0.101   0.125   0.239
   33   G   0.109   0.115   0.240
   34   S   0.106   0.105   0.228
   35   R   0.105   0.108   0.218
   36   R   0.106   0.103   0.211
   37   L   0.106   0.098   0.202
   38   S   0.104   0.097   0.191
   39   D   0.102   0.098   0.180
   40   L   0.105   0.095   0.173
   41   Q   0.104   0.094   0.162
   42   K   0.102   0.093   0.154
   43   N   0.104   0.094   0.147
   44   T   0.103   0.097   0.136
   45   E   0.102   0.098   0.127
   46   D   0.104   0.096   0.123
   47   L   0.090   0.096   0.107
   48   S   0.101   0.094   0.108
   49   R   0.096   0.099   0.104
   50   P   0.108   0.099   0.109
   51   L   0.102   0.096   0.104
   52   Y   0.103   0.102   0.103
   53   K   0.099   0.094   0.100
   54   K   0.099   0.089   0.100
   55   P   0.102   0.089   0.100
   56   P   0.102   0.096   0.099
   57   A   0.107   0.102   0.102
   58   D   0.100   0.108   0.098
   59   S   0.102   0.104   0.099
   60   R   0.097   0.106   0.097
   61   A   0.106   0.104   0.101
   62   L   0.098   0.105   0.098
   63   G   0.103   0.103   0.101
   64   E   0.099   0.104   0.099
   65   W   0.110   0.102   0.104
   66   G   0.106   0.102   0.102
   67   K   0.102   0.099   0.101
   68   A   0.102   0.098   0.101
   69   S   0.097   0.101   0.098
   70   K   0.104   0.102   0.102
# Measure  Position  Value    Cutoff   signal peptide?
  max. C    30       0.208
  max. Y    19       0.372
  max. S     8       0.950
  mean S     1-18    0.894
       D     1-18    0.654   0.450   YES
Name=GALT4_HUMAN_TRANSMEM1	SP='YES' Cleavage site between pos. 18 and 19: LVS-TF D=0.654 D-cutoff=0.450 Networks=SignalP-noTM
