# SignalP-4.1 euk predictions
# Name=GHC1_HUMAN_TRANSMEM3	Length=70	Networks=SignalP-TM
# pos  aa    C       S       Y
    1   M   0.102   0.260   0.163
    2   L   0.103   0.232   0.164
    3   A   0.104   0.240   0.164
    4   G   0.099   0.234   0.159
    5   C   0.103   0.282   0.162
    6   G   0.103   0.260   0.162
    7   A   0.102   0.252   0.161
    8   G   0.105   0.231   0.164
    9   T   0.099   0.197   0.158
   10   C   0.102   0.152   0.160
   11   Q   0.103   0.146   0.158
   12   V   0.101   0.141   0.154
   13   I   0.098   0.153   0.149
   14   V   0.103   0.142   0.149
   15   T   0.100   0.134   0.145
   16   T   0.109   0.126   0.148
   17   P   0.101   0.117   0.140
   18   M   0.105   0.098   0.139
   19   E   0.102   0.112   0.133
   20   M   0.100   0.129   0.127
   21   L   0.102   0.115   0.125
   22   K   0.105   0.124   0.122
   23   I   0.104   0.120   0.118
   24   Q   0.105   0.123   0.116
   25   L   0.103   0.129   0.115
   26   Q   0.107   0.123   0.116
   27   D   0.106   0.121   0.115
   28   A   0.101   0.143   0.111
   29   G   0.106   0.110   0.114
   30   R   0.099   0.116   0.110
   31   I   0.105   0.104   0.112
   32   A   0.103   0.118   0.111
   33   A   0.099   0.109   0.109
   34   Q   0.111   0.096   0.115
   35   R   0.101   0.094   0.109
   36   K   0.100   0.101   0.108
   37   I   0.101   0.102   0.107
   38   L   0.102   0.100   0.107
   39   A   0.106   0.104   0.109
   40   A   0.104   0.093   0.107
   41   Q   0.101   0.095   0.104
   42   G   0.103   0.087   0.105
   43   Q   0.102   0.093   0.102
   44   L   0.104   0.089   0.103
   45   S   0.103   0.090   0.101
   46   A   0.101   0.101   0.099
   47   Q   0.097   0.105   0.097
   48   G   0.103   0.113   0.100
   49   G   0.101   0.097   0.100
   50   A   0.102   0.103   0.100
   51   Q   0.106   0.104   0.102
   52   P   0.102   0.103   0.100
   53   S   0.099   0.105   0.099
   54   V   0.099   0.103   0.099
   55   E   0.104   0.107   0.102
   56   A   0.103   0.107   0.101
   57   P   0.099   0.106   0.100
   58   A   0.108   0.105   0.105
   59   A   0.101   0.106   0.102
   60   P   0.102   0.107   0.103
   61   R   0.103   0.107   0.104
   62   P   0.106   0.105   0.106
   63   T   0.107   0.104   0.106
   64   A   0.106   0.103   0.106
   65   T   0.103   0.103   0.104
   66   Q   0.105   0.107   0.105
   67   L   0.104   0.106   0.105
   68   T   0.102   0.109   0.104
   69   R   0.105   0.105   0.105
   70   D   0.106   0.104   0.106
# Measure  Position  Value    Cutoff   signal peptide?
  max. C    34       0.111
  max. Y    11       0.158
  max. S     5       0.282
  mean S     1-10    0.234
       D     1-10    0.188   0.500   NO
Name=GHC1_HUMAN_TRANSMEM3	SP='NO' D=0.188 D-cutoff=0.500 Networks=SignalP-TM
