# SignalP-4.1 euk predictions
# Name=GIMA1_HUMAN_TRANSMEM1	Length=34	Networks=SignalP-noTM
# pos  aa    C       S       Y
    1   S   0.102   0.953   0.312
    2   W   0.098   0.946   0.306
    3   R   0.101   0.958   0.309
    4   L   0.103   0.975   0.313
    5   G   0.104   0.980   0.315
    6   L   0.099   0.976   0.307
    7   A   0.109   0.970   0.323
    8   L   0.102   0.972   0.313
    9   L   0.108   0.970   0.322
   10   L   0.097   0.963   0.305
   11   G   0.109   0.977   0.323
   12   G   0.104   0.984   0.316
   13   A   0.100   0.980   0.310
   14   L   0.098   0.977   0.307
   15   L   0.104   0.930   0.317
   16   F   0.117   0.719   0.335
   17   W   0.098   0.624   0.306
   18   V   0.105   0.498   0.314
   19   L   0.097   0.383   0.297
   20   L   0.103   0.401   0.303
   21   H   0.126   0.220   0.330
   22   R   0.115   0.168   0.310
   23   R   0.111   0.143   0.297
   24   W   0.105   0.143   0.282
   25   S   0.098   0.148   0.266
   26   E   0.137   0.125   0.307
   27   A   0.104   0.138   0.260
   28   V   0.148   0.111   0.300
   29   A   0.101   0.119   0.240
   30   E   0.230   0.110   0.350
   31   V   0.104   0.108   0.227
   32   G   0.101   0.109   0.214
   33   P   0.104   0.111   0.208
   34   D   0.101   0.105   0.195
# Measure  Position  Value    Cutoff   signal peptide?
  max. C    30       0.230
  max. Y    30       0.350
  max. S    12       0.984
  mean S     1-29    0.636
       D     1-29    0.504   0.450   YES
Name=GIMA1_HUMAN_TRANSMEM1	SP='YES' Cleavage site between pos. 29 and 30: AVA-EV D=0.504 D-cutoff=0.450 Networks=SignalP-noTM
