# SignalP-4.1 euk predictions
# Name=GP148_HUMAN_TRANSMEM7	Length=48	Networks=SignalP-noTM
# pos  aa    C       S       Y
    1   L   0.102   0.468   0.218
    2   L   0.106   0.540   0.222
    3   A   0.105   0.671   0.222
    4   A   0.102   0.497   0.221
    5   N   0.099   0.425   0.219
    6   S   0.101   0.249   0.220
    7   E   0.102   0.222   0.219
    8   V   0.103   0.223   0.217
    9   L   0.096   0.226   0.207
   10   M   0.099   0.221   0.208
   11   M   0.098   0.189   0.204
   12   L   0.105   0.192   0.208
   13   P   0.104   0.179   0.204
   14   R   0.102   0.188   0.199
   15   A   0.108   0.222   0.201
   16   M   0.099   0.169   0.189
   17   L   0.099   0.206   0.186
   18   T   0.117   0.147   0.199
   19   Y   0.120   0.141   0.197
   20   L   0.107   0.162   0.181
   21   Y   0.106   0.123   0.177
   22   L   0.103   0.167   0.170
   23   L   0.111   0.134   0.171
   24   R   0.100   0.140   0.158
   25   Y   0.106   0.186   0.156
   26   R   0.106   0.198   0.149
   27   Q   0.104   0.153   0.143
   28   L   0.104   0.175   0.138
   29   L   0.101   0.108   0.135
   30   G   0.095   0.145   0.129
   31   M   0.107   0.121   0.135
   32   V   0.107   0.116   0.133
   33   R   0.096   0.110   0.124
   34   G   0.108   0.107   0.131
   35   H   0.147   0.100   0.151
   36   L   0.102   0.096   0.124
   37   P   0.100   0.102   0.121
   38   S   0.099   0.104   0.118
   39   R   0.099   0.103   0.117
   40   R   0.109   0.101   0.121
   41   H   0.108   0.100   0.119
   42   Q   0.102   0.102   0.115
   43   A   0.100   0.101   0.113
   44   I   0.100   0.098   0.112
   45   F   0.101   0.098   0.111
   46   T   0.100   0.098   0.110
   47   I   0.105   0.097   0.112
   48   S   0.107   0.096   0.111
# Measure  Position  Value    Cutoff   signal peptide?
  max. C    35       0.147
  max. Y    12       0.208
  max. S     3       0.671
  mean S     1-11    0.357
       D     1-11    0.289   0.450   NO
Name=GP148_HUMAN_TRANSMEM7	SP='NO' D=0.289 D-cutoff=0.450 Networks=SignalP-noTM
