# SignalP-4.1 euk predictions
# Name=GP158_HUMAN_TRANSMEM7	Length=70	Networks=SignalP-TM
# pos  aa    C       S       Y
    1   L   0.101   0.414   0.205
    2   M   0.102   0.484   0.206
    3   L   0.101   0.444   0.206
    4   Y   0.104   0.393   0.210
    5   F   0.102   0.449   0.207
    6   A   0.105   0.426   0.211
    7   H   0.098   0.481   0.203
    8   T   0.105   0.518   0.212
    9   H   0.100   0.526   0.209
   10   L   0.101   0.572   0.211
   11   T   0.100   0.681   0.213
   12   V   0.100   0.584   0.218
   13   T   0.099   0.599   0.220
   14   V   0.109   0.595   0.233
   15   T   0.101   0.566   0.227
   16   I   0.110   0.486   0.239
   17   G   0.104   0.459   0.233
   18   L   0.178   0.372   0.305
   19   L   0.105   0.320   0.234
   20   L   0.098   0.300   0.224
   21   I   0.104   0.213   0.229
   22   P   0.100   0.259   0.220
   23   K   0.106   0.266   0.222
   24   F   0.103   0.473   0.215
   25   S   0.103   0.533   0.213
   26   H   0.117   0.340   0.224
   27   S   0.117   0.209   0.219
   28   S   0.396   0.114   0.391
   29   N   0.104   0.116   0.191
   30   N   0.112   0.111   0.189
   31   P   0.101   0.107   0.171
   32   R   0.102   0.105   0.165
   33   D   0.101   0.119   0.158
   34   D   0.099   0.117   0.152
   35   I   0.100   0.128   0.148
   36   A   0.103   0.127   0.149
   37   T   0.101   0.119   0.144
   38   E   0.106   0.124   0.143
   39   A   0.102   0.126   0.132
   40   Y   0.097   0.118   0.117
   41   E   0.103   0.114   0.113
   42   D   0.100   0.115   0.109
   43   E   0.104   0.118   0.110
   44   L   0.104   0.106   0.111
   45   D   0.105   0.103   0.111
   46   M   0.105   0.099   0.111
   47   G   0.104   0.100   0.110
   48   R   0.101   0.097   0.108
   49   S   0.106   0.096   0.110
   50   G   0.102   0.098   0.107
   51   S   0.098   0.098   0.104
   52   Y   0.099   0.104   0.104
   53   L   0.101   0.102   0.104
   54   N   0.101   0.102   0.103
   55   S   0.102   0.104   0.103
   56   S   0.104   0.100   0.103
   57   I   0.102   0.099   0.102
   58   N   0.105   0.097   0.103
   59   S   0.101   0.100   0.101
   60   A   0.100   0.097   0.100
   61   W   0.099   0.096   0.099
   62   S   0.104   0.101   0.101
   63   E   0.100   0.101   0.100
   64   H   0.101   0.104   0.100
   65   S   0.101   0.104   0.101
   66   L   0.100   0.104   0.100
   67   D   0.101   0.105   0.101
   68   P   0.100   0.106   0.101
   69   E   0.103   0.107   0.102
   70   D   0.104   0.106   0.103
# Measure  Position  Value    Cutoff   signal peptide?
  max. C    28       0.396
  max. Y    28       0.391
  max. S    11       0.681
  mean S     1-27    0.443
       D     1-27    0.412   0.500   NO
Name=GP158_HUMAN_TRANSMEM7	SP='NO' D=0.412 D-cutoff=0.500 Networks=SignalP-TM
