# SignalP-4.1 euk predictions
# Name=GP171_HUMAN_TRANSMEM6	Length=70	Networks=SignalP-noTM
# pos  aa    C       S       Y
    1   I   0.102   0.313   0.179
    2   L   0.101   0.316   0.177
    3   L   0.103   0.327   0.180
    4   V   0.101   0.311   0.178
    5   T   0.104   0.279   0.181
    6   T   0.106   0.298   0.181
    7   G   0.101   0.266   0.178
    8   Y   0.104   0.282   0.179
    9   I   0.103   0.236   0.178
   10   I   0.094   0.202   0.169
   11   C   0.099   0.215   0.172
   12   F   0.109   0.190   0.180
   13   V   0.097   0.201   0.167
   14   P   0.097   0.241   0.166
   15   Y   0.104   0.228   0.171
   16   H   0.097   0.195   0.164
   17   I   0.099   0.267   0.164
   18   V   0.099   0.218   0.163
   19   R   0.101   0.184   0.163
   20   I   0.117   0.138   0.174
   21   P   0.108   0.114   0.164
   22   Y   0.103   0.115   0.158
   23   T   0.103   0.134   0.155
   24   L   0.100   0.127   0.150
   25   S   0.106   0.180   0.151
   26   Q   0.281   0.117   0.243
   27   T   0.101   0.108   0.142
   28   E   0.127   0.101   0.157
   29   V   0.101   0.118   0.136
   30   I   0.103   0.099   0.135
   31   T   0.101   0.102   0.131
   32   D   0.100   0.097   0.128
   33   C   0.101   0.099   0.127
   34   S   0.100   0.100   0.124
   35   T   0.098   0.095   0.121
   36   R   0.102   0.098   0.121
   37   I   0.104   0.097   0.120
   38   S   0.097   0.093   0.113
   39   L   0.095   0.108   0.110
   40   F   0.099   0.124   0.109
   41   K   0.102   0.106   0.109
   42   A   0.105   0.126   0.109
   43   K   0.099   0.114   0.105
   44   E   0.105   0.102   0.109
   45   A   0.106   0.116   0.109
   46   T   0.098   0.121   0.104
   47   L   0.103   0.115   0.106
   48   L   0.099   0.111   0.103
   49   L   0.101   0.108   0.104
   50   A   0.105   0.127   0.106
   51   V   0.100   0.103   0.104
   52   S   0.106   0.109   0.107
   53   N   0.104   0.115   0.106
   54   L   0.101   0.114   0.105
   55   C   0.098   0.102   0.103
   56   F   0.099   0.095   0.104
   57   D   0.103   0.094   0.106
   58   P   0.098   0.096   0.103
   59   I   0.103   0.090   0.106
   60   L   0.097   0.098   0.103
   61   Y   0.102   0.099   0.105
   62   Y   0.113   0.097   0.110
   63   H   0.096   0.097   0.101
   64   L   0.097   0.105   0.102
   65   S   0.103   0.104   0.104
   66   K   0.101   0.104   0.103
   67   A   0.106   0.106   0.106
   68   F   0.106   0.103   0.105
   69   R   0.104   0.100   0.104
   70   S   0.106   0.099   0.105
# Measure  Position  Value    Cutoff   signal peptide?
  max. C    26       0.281
  max. Y    26       0.243
  max. S     3       0.327
  mean S     1-25    0.223
       D     1-25    0.232   0.450   NO
Name=GP171_HUMAN_TRANSMEM6	SP='NO' D=0.232 D-cutoff=0.450 Networks=SignalP-noTM
