# SignalP-4.1 euk predictions
# Name=GPAT3_HUMAN_TRANSMEM3	Length=70	Networks=SignalP-TM
# pos  aa    C       S       Y
    1   V   0.102   0.590   0.245
    2   T   0.103   0.687   0.247
    3   L   0.104   0.708   0.250
    4   A   0.102   0.747   0.249
    5   F   0.102   0.764   0.251
    6   I   0.105   0.707   0.257
    7   G   0.099   0.718   0.252
    8   I   0.104   0.752   0.259
    9   S   0.104   0.682   0.261
   10   L   0.100   0.657   0.258
   11   L   0.101   0.728   0.259
   12   V   0.100   0.758   0.260
   13   I   0.100   0.764   0.264
   14   G   0.102   0.773   0.268
   15   T   0.107   0.674   0.278
   16   T   0.111   0.671   0.283
   17   L   0.113   0.676   0.286
   18   V   0.112   0.683   0.284
   19   G   0.166   0.410   0.344
   20   Q   0.170   0.284   0.343
   21   L   0.156   0.163   0.320
   22   P   0.103   0.190   0.253
   23   D   0.112   0.147   0.255
   24   S   0.099   0.185   0.231
   25   S   0.102   0.196   0.228
   26   L   0.102   0.166   0.218
   27   K   0.129   0.145   0.235
   28   N   0.105   0.132   0.201
   29   W   0.102   0.136   0.186
   30   L   0.101   0.124   0.173
   31   S   0.103   0.136   0.164
   32   E   0.101   0.154   0.149
   33   L   0.099   0.143   0.135
   34   V   0.101   0.146   0.129
   35   H   0.104   0.136   0.127
   36   L   0.104   0.131   0.126
   37   T   0.102   0.106   0.123
   38   C   0.103   0.108   0.122
   39   C   0.104   0.126   0.120
   40   R   0.115   0.098   0.124
   41   I   0.103   0.101   0.116
   42   C   0.101   0.102   0.113
   43   V   0.099   0.116   0.111
   44   R   0.102   0.239   0.112
   45   A   0.110   0.171   0.121
   46   L   0.145   0.092   0.139
   47   S   0.103   0.100   0.116
   48   G   0.108   0.083   0.117
   49   T   0.104   0.082   0.113
   50   I   0.105   0.090   0.112
   51   H   0.102   0.099   0.108
   52   Y   0.101   0.097   0.108
   53   H   0.099   0.102   0.106
   54   N   0.102   0.103   0.107
   55   K   0.101   0.107   0.107
   56   Q   0.099   0.104   0.106
   57   Y   0.101   0.106   0.107
   58   R   0.100   0.103   0.106
   59   P   0.103   0.100   0.103
   60   Q   0.102   0.103   0.100
   61   K   0.103   0.102   0.101
   62   G   0.103   0.098   0.101
   63   G   0.100   0.098   0.100
   64   I   0.102   0.101   0.102
   65   C   0.105   0.101   0.103
   66   V   0.104   0.099   0.103
   67   A   0.105   0.101   0.103
   68   N   0.099   0.102   0.100
   69   H   0.104   0.104   0.103
   70   T   0.103   0.101   0.102
# Measure  Position  Value    Cutoff   signal peptide?
  max. C    20       0.170
  max. Y    19       0.344
  max. S    14       0.773
  mean S     1-18    0.708
       D     1-18    0.490   0.500   NO
Name=GPAT3_HUMAN_TRANSMEM3	SP='NO' D=0.490 D-cutoff=0.500 Networks=SignalP-TM
