# SignalP-4.1 euk predictions
# Name=GTR6_HUMAN_TRANSMEM8	Length=70	Networks=SignalP-TM
# pos  aa    C       S       Y
    1   A   0.103   0.528   0.233
    2   A   0.100   0.621   0.230
    3   I   0.100   0.660   0.231
    4   V   0.102   0.627   0.235
    5   G   0.104   0.646   0.240
    6   A   0.103   0.662   0.240
    7   V   0.099   0.629   0.237
    8   R   0.105   0.481   0.246
    9   L   0.103   0.370   0.243
   10   L   0.099   0.326   0.236
   11   S   0.105   0.343   0.240
   12   V   0.103   0.333   0.235
   13   L   0.102   0.434   0.231
   14   I   0.105   0.433   0.232
   15   A   0.103   0.304   0.229
   16   A   0.109   0.187   0.231
   17   L   0.118   0.206   0.232
   18   T   0.102   0.228   0.209
   19   M   0.130   0.207   0.227
   20   D   0.104   0.149   0.196
   21   L   0.107   0.114   0.188
   22   A   0.105   0.113   0.176
   23   G   0.141   0.133   0.195
   24   R   0.150   0.116   0.194
   25   K   0.128   0.084   0.174
   26   V   0.107   0.084   0.152
   27   L   0.103   0.071   0.143
   28   L   0.103   0.069   0.134
   29   F   0.112   0.060   0.128
   30   V   0.105   0.067   0.117
   31   S   0.106   0.077   0.114
   32   A   0.104   0.069   0.108
   33   A   0.105   0.062   0.103
   34   I   0.100   0.065   0.095
   35   M   0.102   0.073   0.093
   36   F   0.099   0.070   0.090
   37   A   0.103   0.079   0.090
   38   A   0.104   0.085   0.088
   39   N   0.102   0.082   0.086
   40   L   0.102   0.083   0.086
   41   T   0.103   0.093   0.087
   42   L   0.111   0.096   0.091
   43   G   0.103   0.092   0.088
   44   L   0.239   0.070   0.137
   45   Y   0.105   0.082   0.091
   46   I   0.112   0.099   0.094
   47   H   0.105   0.103   0.092
   48   F   0.102   0.097   0.092
   49   G   0.104   0.089   0.095
   50   P   0.097   0.090   0.092
   51   R   0.101   0.098   0.094
   52   P   0.102   0.105   0.096
   53   L   0.100   0.107   0.096
   54   S   0.099   0.105   0.096
   55   P   0.098   0.109   0.096
   56   N   0.107   0.103   0.101
   57   S   0.102   0.102   0.099
   58   T   0.103   0.103   0.100
   59   A   0.105   0.103   0.102
   60   G   0.099   0.103   0.100
   61   L   0.099   0.104   0.100
   62   E   0.103   0.102   0.102
   63   S   0.102   0.099   0.102
   64   E   0.103   0.103   0.102
   65   S   0.101   0.100   0.102
   66   W   0.103   0.101   0.103
   67   G   0.104   0.100   0.104
   68   D   0.098   0.102   0.100
   69   L   0.105   0.100   0.104
   70   A   0.102   0.102   0.102
# Measure  Position  Value    Cutoff   signal peptide?
  max. C    44       0.239
  max. Y    11       0.240
  max. S     6       0.662
  mean S     1-10    0.555
       D     1-10    0.366   0.500   NO
Name=GTR6_HUMAN_TRANSMEM8	SP='NO' D=0.366 D-cutoff=0.500 Networks=SignalP-TM
