# SignalP-4.1 euk predictions
# Name=HACD1_HUMAN_TRANSMEM3	Length=70	Networks=SignalP-TM
# pos  aa    C       S       Y
    1   G   0.103   0.260   0.164
    2   V   0.101   0.303   0.162
    3   Q   0.103   0.302   0.165
    4   V   0.103   0.279   0.166
    5   S   0.099   0.324   0.163
    6   S   0.100   0.388   0.165
    7   R   0.100   0.361   0.168
    8   I   0.103   0.337   0.172
    9   F   0.101   0.239   0.172
   10   M   0.101   0.178   0.172
   11   V   0.103   0.153   0.172
   12   W   0.103   0.204   0.170
   13   L   0.102   0.278   0.168
   14   I   0.099   0.338   0.165
   15   T   0.101   0.362   0.169
   16   H   0.103   0.372   0.172
   17   S   0.101   0.390   0.172
   18   I   0.123   0.317   0.192
   19   K   0.102   0.230   0.176
   20   P   0.101   0.255   0.173
   21   I   0.180   0.216   0.227
   22   Q   0.102   0.227   0.168
   23   N   0.104   0.281   0.167
   24   E   0.154   0.206   0.205
   25   E   0.108   0.153   0.172
   26   S   0.105   0.132   0.169
   27   V   0.104   0.109   0.167
   28   V   0.102   0.068   0.162
   29   L   0.099   0.075   0.153
   30   F   0.101   0.061   0.148
   31   L   0.104   0.073   0.142
   32   V   0.107   0.073   0.135
   33   A   0.104   0.080   0.127
   34   W   0.099   0.124   0.119
   35   T   0.100   0.114   0.116
   36   V   0.102   0.091   0.114
   37   T   0.102   0.110   0.110
   38   E   0.103   0.112   0.104
   39   I   0.097   0.090   0.098
   40   T   0.109   0.096   0.101
   41   R   0.103   0.094   0.097
   42   Y   0.107   0.072   0.098
   43   S   0.107   0.059   0.099
   44   F   0.100   0.052   0.094
   45   Y   0.103   0.049   0.096
   46   T   0.103   0.042   0.095
   47   F   0.102   0.042   0.093
   48   S   0.106   0.035   0.093
   49   L   0.102   0.033   0.088
   50   L   0.102   0.037   0.084
   51   D   0.101   0.042   0.082
   52   H   0.102   0.054   0.079
   53   L   0.102   0.053   0.076
   54   P   0.104   0.064   0.075
   55   Y   0.105   0.063   0.074
   56   F   0.100   0.070   0.071
   57   I   0.101   0.076   0.071
   58   K   0.101   0.083   0.072
   59   W   0.101   0.110   0.073
   60   A   0.099   0.129   0.075
   61   R   0.096   0.111   0.078
   62   Y   0.103   0.102   0.084
   63   N   0.098   0.126   0.085
   64   F   0.101   0.130   0.090
   65   F   0.100   0.107   0.093
   66   I   0.103   0.106   0.097
   67   I   0.105   0.119   0.100
   68   L   0.102   0.113   0.101
   69   Y   0.102   0.101   0.103
   70   P   0.102   0.091   0.104
# Measure  Position  Value    Cutoff   signal peptide?
  max. C    21       0.180
  max. Y    21       0.227
  max. S    17       0.390
  mean S     1-20    0.293
       D     1-20    0.254   0.500   NO
Name=HACD1_HUMAN_TRANSMEM3	SP='NO' D=0.254 D-cutoff=0.500 Networks=SignalP-TM
