# SignalP-4.1 euk predictions
# Name=HCN1_HUMAN_TRANSMEM3	Length=70	Networks=SignalP-noTM
# pos  aa    C       S       Y
    1   N   0.101   0.194   0.140
    2   Y   0.102   0.214   0.140
    3   L   0.100   0.235   0.139
    4   K   0.102   0.248   0.142
    5   S   0.102   0.206   0.143
    6   W   0.098   0.172   0.140
    7   F   0.099   0.178   0.141
    8   V   0.102   0.178   0.142
    9   V   0.100   0.171   0.140
   10   D   0.099   0.186   0.139
   11   F   0.098   0.206   0.138
   12   I   0.101   0.183   0.141
   13   S   0.100   0.241   0.140
   14   S   0.097   0.200   0.139
   15   I   0.105   0.229   0.145
   16   P   0.099   0.248   0.141
   17   V   0.101   0.307   0.143
   18   D   0.097   0.193   0.142
   19   Y   0.101   0.165   0.145
   20   I   0.125   0.123   0.160
   21   F   0.108   0.119   0.148
   22   L   0.105   0.114   0.145
   23   I   0.125   0.104   0.157
   24   V   0.101   0.123   0.139
   25   E   0.107   0.129   0.142
   26   K   0.103   0.116   0.137
   27   G   0.099   0.114   0.133
   28   M   0.103   0.113   0.133
   29   D   0.102   0.122   0.132
   30   S   0.106   0.128   0.133
   31   E   0.129   0.115   0.146
   32   V   0.096   0.114   0.125
   33   Y   0.103   0.113   0.128
   34   K   0.100   0.145   0.125
   35   T   0.099   0.118   0.123
   36   A   0.103   0.135   0.124
   37   R   0.098   0.144   0.119
   38   A   0.103   0.119   0.121
   39   L   0.117   0.117   0.126
   40   R   0.107   0.122   0.117
   41   I   0.108   0.103   0.115
   42   V   0.104   0.107   0.112
   43   R   0.105   0.115   0.112
   44   F   0.107   0.097   0.113
   45   T   0.101   0.123   0.109
   46   K   0.104   0.162   0.111
   47   I   0.102   0.144   0.111
   48   L   0.098   0.203   0.110
   49   S   0.105   0.179   0.115
   50   L   0.101   0.183   0.114
   51   L   0.107   0.126   0.119
   52   R   0.097   0.135   0.114
   53   L   0.106   0.142   0.119
   54   L   0.102   0.134   0.117
   55   R   0.103   0.125   0.118
   56   L   0.106   0.112   0.120
   57   S   0.104   0.100   0.118
   58   R   0.097   0.092   0.114
   59   L   0.105   0.096   0.117
   60   I   0.107   0.091   0.118
   61   R   0.098   0.095   0.112
   62   Y   0.102   0.091   0.114
   63   I   0.097   0.089   0.111
   64   H   0.099   0.095   0.111
   65   Q   0.096   0.097   0.109
   66   W   0.109   0.095   0.116
   67   E   0.097   0.098   0.109
   68   E   0.098   0.100   0.110
   69   I   0.100   0.096   0.109
   70   F   0.097   0.099   0.107
# Measure  Position  Value    Cutoff   signal peptide?
  max. C    31       0.129
  max. Y    20       0.160
  max. S    17       0.307
  mean S     1-19    0.208
       D     1-19    0.186   0.450   NO
Name=HCN1_HUMAN_TRANSMEM3	SP='NO' D=0.186 D-cutoff=0.450 Networks=SignalP-noTM
