# SignalP-4.1 euk predictions
# Name=HPHL1_HUMAN_TRANSMEM1	Length=45	Networks=SignalP-TM
# pos  aa    C       S       Y
    1   A   0.103   0.338   0.186
    2   L   0.099   0.257   0.183
    3   V   0.104   0.160   0.186
    4   I   0.101   0.202   0.180
    5   L   0.105   0.249   0.180
    6   F   0.100   0.257   0.175
    7   I   0.104   0.246   0.176
    8   I   0.106   0.259   0.176
    9   G   0.102   0.252   0.171
   10   L   0.100   0.254   0.167
   11   L   0.103   0.382   0.168
   12   L   0.101   0.244   0.167
   13   L   0.100   0.211   0.164
   14   I   0.103   0.240   0.164
   15   T   0.100   0.303   0.159
   16   T   0.107   0.392   0.164
   17   V   0.118   0.341   0.176
   18   I   0.112   0.495   0.175
   19   L   0.109   0.445   0.179
   20   S   0.143   0.368   0.210
   21   L   0.412   0.137   0.361
   22   R   0.108   0.191   0.182
   23   L   0.110   0.200   0.183
   24   C   0.105   0.283   0.177
   25   S   0.106   0.253   0.179
   26   A   0.105   0.329   0.175
   27   M   0.375   0.146   0.335
   28   K   0.108   0.128   0.178
   29   Q   0.105   0.110   0.174
   30   T   0.104   0.116   0.168
   31   D   0.103   0.107   0.161
   32   Y   0.100   0.112   0.154
   33   Q   0.107   0.106   0.149
   34   Q   0.101   0.103   0.137
   35   V   0.101   0.102   0.129
   36   Q   0.101   0.102   0.128
   37   S   0.104   0.100   0.128
   38   C   0.103   0.100   0.124
   39   A   0.103   0.101   0.119
   40   L   0.099   0.099   0.112
   41   P   0.102   0.098   0.106
   42   T   0.102   0.097   0.104
   43   D   0.107   0.096   0.105
   44   A   0.105   0.096   0.104
   45   L   0.096   0.101   0.099
# Measure  Position  Value    Cutoff   signal peptide?
  max. C    21       0.412
  max. Y    21       0.361
  max. S    18       0.495
  mean S     1-20    0.295
       D     1-20    0.335   0.500   NO
Name=HPHL1_HUMAN_TRANSMEM1	SP='NO' D=0.335 D-cutoff=0.500 Networks=SignalP-TM
