# SignalP-4.1 euk predictions
# Name=HRH1_HUMAN_TRANSMEM5	Length=70	Networks=SignalP-TM
# pos  aa    C       S       Y
    1   F   0.101   0.454   0.214
    2   K   0.102   0.502   0.215
    3   V   0.101   0.478   0.215
    4   M   0.103   0.384   0.218
    5   T   0.105   0.292   0.218
    6   A   0.102   0.225   0.213
    7   I   0.099   0.286   0.206
    8   I   0.103   0.292   0.207
    9   N   0.098   0.290   0.199
   10   F   0.100   0.310   0.198
   11   Y   0.102   0.276   0.197
   12   L   0.103   0.266   0.194
   13   P   0.102   0.293   0.190
   14   T   0.103   0.295   0.188
   15   L   0.104   0.266   0.185
   16   L   0.101   0.307   0.180
   17   M   0.107   0.268   0.181
   18   L   0.106   0.272   0.175
   19   W   0.104   0.249   0.171
   20   F   0.102   0.238   0.169
   21   Y   0.105   0.237   0.171
   22   A   0.102   0.231   0.168
   23   K   0.101   0.245   0.165
   24   I   0.099   0.402   0.163
   25   Y   0.116   0.281   0.178
   26   K   0.102   0.351   0.168
   27   A   0.115   0.340   0.180
   28   V   0.179   0.160   0.226
   29   R   0.102   0.176   0.167
   30   Q   0.183   0.110   0.222
   31   H   0.127   0.105   0.180
   32   C   0.104   0.118   0.158
   33   Q   0.107   0.108   0.158
   34   H   0.100   0.111   0.149
   35   R   0.105   0.101   0.149
   36   E   0.102   0.103   0.144
   37   L   0.100   0.105   0.139
   38   I   0.103   0.104   0.137
   39   N   0.102   0.107   0.129
   40   R   0.100   0.106   0.122
   41   S   0.104   0.099   0.117
   42   L   0.101   0.100   0.108
   43   P   0.104   0.092   0.107
   44   S   0.103   0.091   0.104
   45   F   0.099   0.082   0.101
   46   S   0.104   0.085   0.103
   47   E   0.101   0.085   0.100
   48   I   0.101   0.080   0.100
   49   K   0.099   0.086   0.097
   50   L   0.101   0.090   0.098
   51   R   0.101   0.098   0.097
   52   P   0.101   0.101   0.097
   53   E   0.104   0.103   0.098
   54   N   0.100   0.107   0.096
   55   P   0.103   0.106   0.098
   56   K   0.104   0.107   0.098
   57   G   0.103   0.106   0.099
   58   D   0.102   0.106   0.098
   59   A   0.101   0.105   0.099
   60   K   0.098   0.108   0.098
   61   K   0.103   0.109   0.101
   62   P   0.102   0.110   0.102
   63   G   0.106   0.106   0.104
   64   K   0.104   0.108   0.104
   65   E   0.103   0.109   0.104
   66   S   0.102   0.108   0.104
   67   P   0.101   0.107   0.104
   68   W   0.104   0.107   0.105
   69   E   0.106   0.107   0.107
   70   V   0.104   0.105   0.106
# Measure  Position  Value    Cutoff   signal peptide?
  max. C    30       0.183
  max. Y    28       0.226
  max. S     2       0.502
  mean S     1-27    0.309
       D     1-27    0.259   0.500   NO
Name=HRH1_HUMAN_TRANSMEM5	SP='NO' D=0.259 D-cutoff=0.500 Networks=SignalP-TM
