# SignalP-4.1 euk predictions
# Name=HRH3_HUMAN_TRANSMEM7	Length=50	Networks=SignalP-noTM
# pos  aa    C       S       Y
    1   T   0.101   0.609   0.248
    2   S   0.103   0.459   0.251
    3   F   0.099   0.464   0.245
    4   W   0.100   0.404   0.244
    5   L   0.100   0.322   0.242
    6   L   0.100   0.287   0.240
    7   W   0.102   0.282   0.239
    8   A   0.105   0.275   0.239
    9   N   0.097   0.232   0.227
   10   S   0.105   0.271   0.232
   11   A   0.100   0.287   0.223
   12   V   0.100   0.303   0.219
   13   N   0.096   0.280   0.212
   14   P   0.097   0.257   0.210
   15   V   0.113   0.192   0.222
   16   L   0.102   0.278   0.207
   17   Y   0.105   0.271   0.206
   18   P   0.109   0.134   0.206
   19   L   0.115   0.128   0.205
   20   C   0.107   0.140   0.192
   21   H   0.104   0.121   0.184
   22   H   0.100   0.148   0.173
   23   S   0.119   0.115   0.182
   24   F   0.101   0.096   0.161
   25   R   0.102   0.114   0.156
   26   R   0.106   0.116   0.154
   27   A   0.104   0.116   0.148
   28   F   0.106   0.092   0.146
   29   T   0.102   0.101   0.140
   30   K   0.119   0.092   0.148
   31   L   0.103   0.096   0.135
   32   L   0.101   0.092   0.131
   33   C   0.101   0.097   0.128
   34   P   0.103   0.104   0.126
   35   Q   0.105   0.101   0.123
   36   K   0.101   0.096   0.118
   37   L   0.103   0.094   0.115
   38   K   0.101   0.091   0.112
   39   I   0.098   0.092   0.107
   40   Q   0.105   0.096   0.107
   41   P   0.099   0.099   0.103
   42   H   0.100   0.095   0.102
   43   S   0.102   0.100   0.102
   44   S   0.095   0.104   0.098
   45   L   0.095   0.103   0.097
   46   E   0.097   0.101   0.098
   47   H   0.092   0.102   0.096
   48   C   0.102   0.103   0.101
   49   W   0.097   0.100   0.098
   50   K   0.104   0.099   0.101
# Measure  Position  Value    Cutoff   signal peptide?
  max. C    23       0.119
  max. Y    11       0.223
  max. S     1       0.609
  mean S     1-10    0.361
       D     1-10    0.297   0.450   NO
Name=HRH3_HUMAN_TRANSMEM7	SP='NO' D=0.297 D-cutoff=0.450 Networks=SignalP-noTM
