# SignalP-4.1 euk predictions
# Name=HRK_HUMAN_TRANSMEM1	Length=23	Networks=SignalP-TM
# pos  aa    C       S       Y
    1   W   0.100   0.607   0.247
    2   P   0.102   0.545   0.249
    3   W   0.101   0.506   0.247
    4   L   0.103   0.458   0.248
    5   C   0.104   0.419   0.246
    6   A   0.102   0.383   0.242
    7   A   0.100   0.354   0.236
    8   A   0.103   0.369   0.235
    9   Q   0.099   0.310   0.227
   10   V   0.105   0.308   0.228
   11   A   0.102   0.323   0.221
   12   A   0.100   0.253   0.214
   13   L   0.099   0.234   0.206
   14   A   0.105   0.208   0.207
   15   A   0.102   0.176   0.196
   16   W   0.101   0.141   0.187
   17   L   0.103   0.115   0.181
   18   L   0.102   0.103   0.172
   19   G   0.104   0.131   0.166
   20   R   0.104   0.115   0.159
   21   R   0.104   0.107   0.153
   22   N   0.104   0.107   0.147
   23   L   0.105   0.097   0.141
# Measure  Position  Value    Cutoff   signal peptide?
  max. C    14       0.105
  max. Y    11       0.221
  max. S     1       0.607
  mean S     1-10    0.426
       D     1-10    0.303   0.500   NO
Name=HRK_HUMAN_TRANSMEM1	SP='NO' D=0.303 D-cutoff=0.500 Networks=SignalP-TM
