# SignalP-4.1 euk predictions
# Name=IL23R_HUMAN_TRANSMEM1	Length=70	Networks=SignalP-TM
# pos  aa    C       S       Y
    1   L   0.102   0.425   0.209
    2   L   0.103   0.426   0.210
    3   L   0.102   0.350   0.209
    4   G   0.103   0.378   0.208
    5   M   0.101   0.321   0.205
    6   I   0.105   0.224   0.207
    7   V   0.103   0.225   0.202
    8   F   0.104   0.223   0.199
    9   A   0.102   0.179   0.193
   10   V   0.096   0.202   0.183
   11   M   0.102   0.260   0.184
   12   L   0.101   0.255   0.180
   13   S   0.099   0.254   0.175
   14   I   0.105   0.209   0.176
   15   L   0.102   0.221   0.170
   16   S   0.104   0.174   0.167
   17   L   0.124   0.133   0.175
   18   I   0.139   0.126   0.180
   19   G   0.108   0.151   0.152
   20   I   0.137   0.116   0.166
   21   F   0.135   0.079   0.162
   22   N   0.104   0.116   0.139
   23   R   0.110   0.145   0.139
   24   S   0.110   0.132   0.138
   25   F   0.108   0.145   0.135
   26   R   0.103   0.176   0.129
   27   T   0.117   0.144   0.135
   28   G   0.112   0.115   0.129
   29   I   0.106   0.122   0.122
   30   K   0.102   0.104   0.117
   31   R   0.101   0.121   0.114
   32   R   0.104   0.110   0.115
   33   I   0.103   0.111   0.115
   34   L   0.104   0.109   0.114
   35   L   0.104   0.104   0.113
   36   L   0.103   0.104   0.113
   37   I   0.104   0.103   0.113
   38   P   0.105   0.093   0.113
   39   K   0.105   0.097   0.111
   40   W   0.103   0.127   0.109
   41   L   0.102   0.142   0.107
   42   Y   0.098   0.161   0.104
   43   E   0.098   0.121   0.106
   44   D   0.099   0.086   0.106
   45   I   0.098   0.094   0.106
   46   P   0.100   0.101   0.106
   47   N   0.101   0.100   0.106
   48   M   0.098   0.104   0.104
   49   K   0.100   0.105   0.105
   50   N   0.096   0.106   0.103
   51   S   0.099   0.107   0.104
   52   N   0.101   0.110   0.106
   53   V   0.106   0.107   0.109
   54   V   0.101   0.106   0.107
   55   K   0.103   0.102   0.107
   56   M   0.100   0.101   0.104
   57   L   0.102   0.100   0.103
   58   Q   0.103   0.099   0.103
   59   E   0.103   0.100   0.103
   60   N   0.103   0.101   0.103
   61   S   0.104   0.102   0.103
   62   E   0.102   0.100   0.103
   63   L   0.102   0.100   0.102
   64   M   0.099   0.102   0.101
   65   N   0.101   0.101   0.102
   66   N   0.101   0.103   0.102
   67   N   0.100   0.103   0.101
   68   S   0.104   0.102   0.103
   69   S   0.101   0.104   0.101
   70   E   0.100   0.105   0.100
# Measure  Position  Value    Cutoff   signal peptide?
  max. C    18       0.139
  max. Y    11       0.184
  max. S     2       0.426
  mean S     1-10    0.295
       D     1-10    0.228   0.500   NO
Name=IL23R_HUMAN_TRANSMEM1	SP='NO' D=0.228 D-cutoff=0.500 Networks=SignalP-TM
