# SignalP-4.1 euk predictions
# Name=ITA4_HUMAN_TRANSMEM1	Length=55	Networks=SignalP-TM
# pos  aa    C       S       Y
    1   I   0.102   0.505   0.227
    2   V   0.102   0.410   0.227
    3   I   0.103   0.256   0.227
    4   I   0.103   0.257   0.222
    5   S   0.100   0.313   0.216
    6   S   0.101   0.340   0.213
    7   S   0.102   0.160   0.211
    8   L   0.099   0.109   0.202
    9   L   0.101   0.111   0.197
   10   L   0.100   0.086   0.188
   11   G   0.102   0.110   0.183
   12   L   0.101   0.062   0.174
   13   I   0.105   0.059   0.167
   14   V   0.100   0.056   0.153
   15   L   0.101   0.061   0.143
   16   L   0.102   0.056   0.132
   17   L   0.101   0.086   0.121
   18   I   0.103   0.114   0.117
   19   S   0.108   0.141   0.115
   20   Y   0.115   0.169   0.113
   21   V   0.103   0.208   0.101
   22   M   0.102   0.384   0.102
   23   W   0.100   0.541   0.110
   24   K   0.264   0.375   0.200
   25   A   0.122   0.235   0.145
   26   G   0.126   0.142   0.151
   27   F   0.127   0.105   0.155
   28   F   0.114   0.079   0.147
   29   K   0.112   0.083   0.147
   30   R   0.105   0.086   0.143
   31   Q   0.101   0.098   0.141
   32   Y   0.102   0.103   0.142
   33   K   0.102   0.104   0.142
   34   S   0.103   0.107   0.141
   35   I   0.102   0.111   0.139
   36   L   0.103   0.106   0.137
   37   Q   0.102   0.107   0.129
   38   E   0.103   0.108   0.116
   39   E   0.104   0.107   0.108
   40   N   0.101   0.108   0.102
   41   R   0.101   0.105   0.101
   42   R   0.101   0.100   0.101
   43   D   0.102   0.104   0.102
   44   S   0.104   0.105   0.104
   45   W   0.100   0.104   0.103
   46   S   0.101   0.105   0.103
   47   Y   0.099   0.107   0.102
   48   I   0.101   0.108   0.103
   49   N   0.100   0.107   0.103
   50   S   0.104   0.106   0.105
   51   K   0.098   0.107   0.102
   52   S   0.103   0.107   0.104
   53   N   0.100   0.107   0.103
   54   D   0.102   0.108   0.104
   55   D   0.103   0.105   0.104
# Measure  Position  Value    Cutoff   signal peptide?
  max. C    24       0.264
  max. Y    24       0.200
  max. S    23       0.541
  mean S     1-23    0.200
       D     1-23    0.200   0.500   NO
Name=ITA4_HUMAN_TRANSMEM1	SP='NO' D=0.200 D-cutoff=0.500 Networks=SignalP-TM
