# SignalP-4.1 euk predictions
# Name=ITB7_HUMAN_TRANSMEM1	Length=70	Networks=SignalP-TM
# pos  aa    C       S       Y
    1   T   0.103   0.403   0.204
    2   Q   0.103   0.381   0.204
    3   A   0.103   0.314   0.204
    4   I   0.105   0.251   0.203
    5   V   0.103   0.233   0.199
    6   L   0.099   0.210   0.192
    7   G   0.104   0.169   0.193
    8   C   0.099   0.179   0.184
    9   V   0.104   0.151   0.184
   10   G   0.102   0.118   0.177
   11   G   0.099   0.147   0.169
   12   I   0.100   0.091   0.164
   13   V   0.104   0.087   0.160
   14   A   0.104   0.163   0.153
   15   V   0.115   0.128   0.154
   16   G   0.102   0.136   0.138
   17   L   0.105   0.116   0.134
   18   G   0.105   0.149   0.128
   19   L   0.191   0.129   0.168
   20   V   0.106   0.119   0.122
   21   L   0.103   0.087   0.117
   22   A   0.107   0.150   0.117
   23   Y   0.488   0.079   0.249
   24   R   0.107   0.134   0.114
   25   L   0.111   0.109   0.117
   26   S   0.102   0.213   0.111
   27   V   0.113   0.122   0.121
   28   E   0.102   0.117   0.115
   29   I   0.106   0.101   0.117
   30   Y   0.109   0.107   0.117
   31   D   0.103   0.104   0.113
   32   R   0.103   0.107   0.112
   33   R   0.103   0.107   0.111
   34   E   0.100   0.112   0.109
   35   Y   0.100   0.116   0.109
   36   S   0.102   0.124   0.110
   37   R   0.102   0.124   0.109
   38   F   0.103   0.115   0.112
   39   E   0.102   0.120   0.111
   40   K   0.101   0.128   0.110
   41   E   0.105   0.116   0.109
   42   Q   0.104   0.110   0.109
   43   Q   0.105   0.109   0.109
   44   Q   0.102   0.110   0.108
   45   L   0.103   0.112   0.109
   46   N   0.103   0.100   0.109
   47   W   0.102   0.107   0.108
   48   K   0.102   0.101   0.108
   49   Q   0.101   0.103   0.107
   50   D   0.104   0.095   0.108
   51   S   0.100   0.098   0.106
   52   N   0.099   0.099   0.104
   53   P   0.102   0.095   0.105
   54   L   0.100   0.095   0.103
   55   Y   0.101   0.095   0.102
   56   K   0.101   0.098   0.102
   57   S   0.102   0.097   0.101
   58   A   0.101   0.098   0.101
   59   I   0.099   0.099   0.099
   60   T   0.103   0.099   0.101
   61   T   0.101   0.097   0.100
   62   T   0.103   0.095   0.100
   63   I   0.105   0.093   0.101
   64   N   0.100   0.095   0.098
   65   P   0.100   0.101   0.098
   66   R   0.101   0.100   0.099
   67   F   0.105   0.101   0.101
   68   Q   0.105   0.102   0.101
   69   E   0.103   0.101   0.100
   70   A   0.101   0.102   0.100
# Measure  Position  Value    Cutoff   signal peptide?
  max. C    23       0.488
  max. Y    23       0.249
  max. S     1       0.403
  mean S     1-22    0.178
       D     1-22    0.220   0.500   NO
Name=ITB7_HUMAN_TRANSMEM1	SP='NO' D=0.220 D-cutoff=0.500 Networks=SignalP-TM
