# SignalP-4.1 euk predictions
# Name=JKAMP_HUMAN_TRANSMEM7	Length=42	Networks=SignalP-TM
# pos  aa    C       S       Y
    1   R   0.101   0.209   0.146
    2   V   0.103   0.138   0.147
    3   D   0.102   0.217   0.144
    4   K   0.103   0.181   0.145
    5   L   0.100   0.166   0.143
    6   E   0.103   0.158   0.144
    7   Q   0.103   0.132   0.142
    8   D   0.102   0.091   0.140
    9   L   0.101   0.099   0.136
   10   P   0.105   0.089   0.135
   11   L   0.104   0.085   0.131
   12   L   0.105   0.083   0.128
   13   A   0.103   0.087   0.123
   14   L   0.097   0.109   0.116
   15   V   0.102   0.111   0.116
   16   P   0.100   0.143   0.111
   17   T   0.106   0.152   0.115
   18   P   0.100   0.177   0.110
   19   A   0.103   0.181   0.111
   20   L   0.097   0.212   0.108
   21   F   0.097   0.139   0.110
   22   Y   0.102   0.103   0.113
   23   L   0.103   0.104   0.114
   24   F   0.101   0.109   0.113
   25   T   0.103   0.157   0.115
   26   A   0.104   0.142   0.118
   27   K   0.100   0.121   0.118
   28   F   0.103   0.108   0.120
   29   T   0.101   0.115   0.119
   30   E   0.103   0.102   0.120
   31   P   0.102   0.103   0.118
   32   S   0.111   0.101   0.122
   33   R   0.100   0.102   0.113
   34   I   0.103   0.104   0.112
   35   L   0.101   0.104   0.108
   36   S   0.100   0.105   0.106
   37   E   0.104   0.104   0.108
   38   G   0.104   0.103   0.108
   39   A   0.100   0.107   0.106
   40   N   0.100   0.107   0.104
   41   G   0.104   0.106   0.105
   42   H   0.099   0.104   0.102
# Measure  Position  Value    Cutoff   signal peptide?
  max. C    32       0.111
  max. Y    11       0.131
  max. S     3       0.217
  mean S     1-10    0.148
       D     1-10    0.138   0.500   NO
Name=JKAMP_HUMAN_TRANSMEM7	SP='NO' D=0.138 D-cutoff=0.500 Networks=SignalP-TM
