# SignalP-4.1 euk predictions
# Name=KCNH7_HUMAN_TRANSMEM3	Length=70	Networks=SignalP-TM
# pos  aa    C       S       Y
    1   G   0.102   0.450   0.215
    2   W   0.099   0.460   0.211
    3   F   0.102   0.489   0.214
    4   L   0.102   0.510   0.215
    5   I   0.102   0.540   0.216
    6   D   0.099   0.565   0.215
    7   M   0.105   0.484   0.223
    8   V   0.104   0.372   0.223
    9   A   0.106   0.342   0.223
   10   A   0.098   0.367   0.213
   11   I   0.120   0.274   0.233
   12   P   0.100   0.356   0.211
   13   F   0.101   0.438   0.210
   14   D   0.102   0.427   0.211
   15   L   0.102   0.441   0.210
   16   L   0.101   0.360   0.209
   17   I   0.103   0.344   0.209
   18   F   0.105   0.316   0.209
   19   G   0.105   0.268   0.205
   20   S   0.107   0.231   0.203
   21   G   0.103   0.220   0.193
   22   S   0.152   0.174   0.227
   23   D   0.145   0.149   0.218
   24   E   0.107   0.125   0.183
   25   T   0.107   0.113   0.178
   26   T   0.104   0.106   0.172
   27   T   0.102   0.095   0.165
   28   L   0.120   0.091   0.170
   29   I   0.103   0.100   0.149
   30   G   0.100   0.103   0.139
   31   L   0.100   0.102   0.132
   32   L   0.103   0.105   0.127
   33   K   0.105   0.082   0.122
   34   T   0.108   0.067   0.118
   35   A   0.103   0.081   0.110
   36   R   0.101   0.077   0.104
   37   L   0.106   0.072   0.103
   38   L   0.101   0.067   0.098
   39   R   0.100   0.059   0.095
   40   L   0.103   0.061   0.094
   41   V   0.099   0.056   0.091
   42   R   0.102   0.067   0.091
   43   V   0.106   0.097   0.091
   44   A   0.103   0.068   0.090
   45   R   0.100   0.052   0.087
   46   K   0.103   0.044   0.086
   47   L   0.100   0.049   0.082
   48   D   0.102   0.044   0.082
   49   R   0.100   0.045   0.080
   50   Y   0.103   0.043   0.080
   51   S   0.102   0.067   0.077
   52   E   0.100   0.072   0.077
   53   Y   0.102   0.075   0.077
   54   G   0.101   0.068   0.078
   55   A   0.100   0.079   0.078
   56   A   0.101   0.092   0.079
   57   V   0.100   0.084   0.080
   58   L   0.103   0.071   0.081
   59   M   0.105   0.065   0.082
   60   L   0.103   0.066   0.081
   61   L   0.106   0.053   0.084
   62   M   0.104   0.052   0.083
   63   C   0.105   0.055   0.084
   64   I   0.105   0.055   0.084
   65   F   0.105   0.054   0.085
   66   A   0.105   0.060   0.084
   67   L   0.101   0.082   0.082
   68   I   0.102   0.096   0.083
   69   A   0.099   0.117   0.083
   70   H   0.100   0.112   0.085
# Measure  Position  Value    Cutoff   signal peptide?
  max. C    22       0.152
  max. Y    11       0.233
  max. S     6       0.565
  mean S     1-10    0.458
       D     1-10    0.323   0.500   NO
Name=KCNH7_HUMAN_TRANSMEM3	SP='NO' D=0.323 D-cutoff=0.500 Networks=SignalP-TM
