# SignalP-4.1 euk predictions
# Name=KCNQ1_HUMAN_TRANSMEM4	Length=70	Networks=SignalP-TM
# pos  aa    C       S       Y
    1   A   0.103   0.316   0.181
    2   I   0.099   0.342   0.177
    3   R   0.103   0.284   0.181
    4   G   0.103   0.246   0.180
    5   I   0.101   0.235   0.177
    6   R   0.103   0.216   0.177
    7   F   0.104   0.187   0.176
    8   L   0.103   0.171   0.172
    9   Q   0.102   0.196   0.168
   10   I   0.105   0.187   0.168
   11   L   0.102   0.154   0.163
   12   R   0.104   0.151   0.161
   13   M   0.101   0.195   0.155
   14   L   0.103   0.187   0.153
   15   H   0.101   0.184   0.149
   16   V   0.099   0.217   0.144
   17   D   0.107   0.184   0.147
   18   R   0.099   0.246   0.139
   19   Q   0.105   0.203   0.142
   20   G   0.108   0.186   0.144
   21   G   0.107   0.171   0.142
   22   T   0.099   0.158   0.137
   23   W   0.108   0.143   0.142
   24   R   0.104   0.111   0.138
   25   L   0.103   0.137   0.135
   26   L   0.101   0.134   0.134
   27   G   0.101   0.155   0.133
   28   S   0.103   0.145   0.133
   29   V   0.103   0.135   0.132
   30   V   0.105   0.129   0.132
   31   F   0.102   0.115   0.128
   32   I   0.101   0.132   0.125
   33   H   0.100   0.115   0.121
   34   R   0.104   0.072   0.121
   35   Q   0.102   0.084   0.116
   36   E   0.100   0.041   0.112
   37   L   0.100   0.026   0.108
   38   I   0.103   0.029   0.106
   39   T   0.101   0.030   0.102
   40   T   0.104   0.030   0.100
   41   L   0.107   0.035   0.097
   42   Y   0.104   0.044   0.091
   43   I   0.102   0.042   0.086
   44   G   0.102   0.038   0.082
   45   F   0.099   0.037   0.077
   46   L   0.104   0.045   0.075
   47   G   0.103   0.042   0.070
   48   L   0.100   0.036   0.065
   49   I   0.101   0.048   0.064
   50   F   0.099   0.054   0.061
   51   S   0.102   0.061   0.063
   52   S   0.109   0.091   0.067
   53   Y   0.100   0.061   0.067
   54   F   0.098   0.049   0.068
   55   V   0.100   0.062   0.070
   56   Y   0.098   0.072   0.070
   57   L   0.101   0.102   0.073
   58   A   0.101   0.112   0.076
   59   E   0.099   0.096   0.078
   60   K   0.103   0.103   0.083
   61   D   0.100   0.105   0.084
   62   A   0.105   0.104   0.089
   63   V   0.102   0.100   0.090
   64   N   0.102   0.105   0.092
   65   E   0.102   0.104   0.094
   66   S   0.102   0.106   0.096
   67   G   0.102   0.105   0.097
   68   R   0.101   0.107   0.098
   69   V   0.101   0.106   0.100
   70   E   0.102   0.107   0.102
# Measure  Position  Value    Cutoff   signal peptide?
  max. C    52       0.109
  max. Y    11       0.163
  max. S     2       0.342
  mean S     1-10    0.238
       D     1-10    0.193   0.500   NO
Name=KCNQ1_HUMAN_TRANSMEM4	SP='NO' D=0.193 D-cutoff=0.500 Networks=SignalP-TM
