# SignalP-4.1 euk predictions
# Name=KCNV1_HUMAN_TRANSMEM1	Length=70	Networks=SignalP-TM
# pos  aa    C       S       Y
    1   I   0.102   0.405   0.204
    2   F   0.102   0.450   0.203
    3   G   0.103   0.479   0.205
    4   V   0.100   0.390   0.204
    5   I   0.104   0.377   0.207
    6   S   0.103   0.321   0.205
    7   I   0.099   0.206   0.201
    8   I   0.100   0.337   0.198
    9   F   0.103   0.319   0.199
   10   V   0.101   0.338   0.196
   11   V   0.101   0.322   0.195
   12   V   0.102   0.230   0.194
   13   S   0.101   0.250   0.189
   14   I   0.104   0.230   0.190
   15   I   0.106   0.162   0.188
   16   N   0.102   0.272   0.179
   17   M   0.101   0.342   0.175
   18   A   0.115   0.288   0.183
   19   L   0.113   0.283   0.179
   20   M   0.104   0.385   0.170
   21   S   0.175   0.318   0.222
   22   A   0.137   0.240   0.200
   23   E   0.258   0.190   0.271
   24   L   0.105   0.215   0.170
   25   S   0.134   0.179   0.189
   26   W   0.106   0.207   0.165
   27   L   0.106   0.175   0.165
   28   D   0.112   0.125   0.167
   29   L   0.103   0.105   0.158
   30   Q   0.107   0.113   0.160
   31   L   0.102   0.130   0.152
   32   L   0.102   0.109   0.147
   33   E   0.106   0.114   0.145
   34   I   0.100   0.100   0.136
   35   L   0.104   0.064   0.132
   36   E   0.099   0.083   0.121
   37   Y   0.103   0.063   0.119
   38   V   0.103   0.054   0.114
   39   C   0.099   0.043   0.107
   40   I   0.101   0.060   0.103
   41   S   0.103   0.049   0.099
   42   W   0.102   0.042   0.094
   43   F   0.101   0.064   0.090
   44   T   0.099   0.057   0.087
   45   G   0.099   0.078   0.086
   46   E   0.099   0.062   0.083
   47   F   0.101   0.063   0.082
   48   V   0.101   0.057   0.080
   49   L   0.103   0.068   0.079
   50   R   0.102   0.055   0.078
   51   F   0.102   0.088   0.077
   52   L   0.104   0.090   0.079
   53   C   0.105   0.101   0.081
   54   V   0.104   0.099   0.083
   55   R   0.104   0.086   0.085
   56   D   0.104   0.071   0.086
   57   R   0.100   0.072   0.086
   58   C   0.102   0.084   0.087
   59   R   0.100   0.080   0.088
   60   F   0.100   0.100   0.088
   61   L   0.100   0.095   0.089
   62   R   0.099   0.087   0.090
   63   K   0.105   0.095   0.094
   64   V   0.100   0.101   0.093
   65   P   0.102   0.094   0.096
   66   N   0.104   0.097   0.097
   67   I   0.102   0.099   0.096
   68   I   0.103   0.099   0.096
   69   D   0.102   0.094   0.096
   70   L   0.101   0.091   0.096
# Measure  Position  Value    Cutoff   signal peptide?
  max. C    23       0.258
  max. Y    23       0.271
  max. S     3       0.479
  mean S     1-22    0.316
       D     1-22    0.289   0.500   NO
Name=KCNV1_HUMAN_TRANSMEM1	SP='NO' D=0.289 D-cutoff=0.500 Networks=SignalP-TM
