# SignalP-4.1 euk predictions
# Name=LFG3_HUMAN_TRANSMEM5	Length=70	Networks=SignalP-noTM
# pos  aa    C       S       Y
    1   G   0.102   0.960   0.313
    2   L   0.100   0.972   0.310
    3   F   0.103   0.971   0.314
    4   C   0.104   0.968   0.316
    5   V   0.104   0.959   0.316
    6   L   0.099   0.961   0.308
    7   G   0.106   0.952   0.319
    8   I   0.101   0.947   0.312
    9   V   0.102   0.969   0.313
   10   L   0.100   0.976   0.310
   11   L   0.099   0.976   0.309
   12   V   0.097   0.944   0.305
   13   T   0.101   0.963   0.312
   14   G   0.107   0.963   0.320
   15   I   0.162   0.919   0.395
   16   V   0.104   0.910   0.316
   17   T   0.099   0.914   0.308
   18   S   0.207   0.807   0.445
   19   I   0.535   0.455   0.712
   20   V   0.117   0.377   0.329
   21   L   0.121   0.325   0.330
   22   Y   0.109   0.369   0.307
   23   F   0.169   0.199   0.378
   24   Q   0.114   0.178   0.303
   25   Y   0.107   0.287   0.288
   26   V   0.096   0.344   0.267
   27   Y   0.100   0.305   0.268
   28   W   0.103   0.450   0.266
   29   L   0.176   0.275   0.341
   30   H   0.099   0.275   0.249
   31   M   0.102   0.425   0.247
   32   L   0.100   0.568   0.239
   33   Y   0.105   0.727   0.242
   34   A   0.104   0.793   0.238
   35   A   0.148   0.519   0.282
   36   L   0.099   0.491   0.226
   37   G   0.104   0.574   0.227
   38   A   0.268   0.339   0.359
   39   I   0.132   0.303   0.245
   40   C   0.105   0.360   0.212
   41   F   0.132   0.391   0.232
   42   T   0.109   0.459   0.210
   43   L   0.107   0.481   0.209
   44   F   0.102   0.597   0.206
   45   L   0.113   0.439   0.219
   46   A   0.104   0.459   0.213
   47   Y   0.268   0.231   0.347
   48   D   0.107   0.265   0.218
   49   T   0.107   0.195   0.218
   50   Q   0.107   0.237   0.216
   51   L   0.104   0.198   0.211
   52   V   0.103   0.124   0.209
   53   L   0.098   0.136   0.202
   54   G   0.107   0.134   0.207
   55   N   0.250   0.110   0.310
   56   R   0.101   0.112   0.190
   57   K   0.108   0.101   0.188
   58   H   0.095   0.103   0.171
   59   T   0.098   0.104   0.168
   60   I   0.098   0.104   0.162
   61   S   0.100   0.108   0.160
   62   P   0.098   0.107   0.156
   63   E   0.101   0.105   0.154
   64   D   0.098   0.108   0.148
   65   Y   0.102   0.104   0.145
   66   I   0.097   0.104   0.136
   67   T   0.104   0.099   0.132
   68   G   0.107   0.101   0.128
   69   A   0.102   0.102   0.118
   70   L   0.101   0.102   0.115
# Measure  Position  Value    Cutoff   signal peptide?
  max. C    19       0.535
  max. Y    19       0.712
  max. S    10       0.976
  mean S     1-18    0.946
       D     1-18    0.838   0.450   YES
Name=LFG3_HUMAN_TRANSMEM5	SP='YES' Cleavage site between pos. 18 and 19: VTS-IV D=0.838 D-cutoff=0.450 Networks=SignalP-noTM
