# SignalP-4.1 euk predictions
# Name=LIRB5_HUMAN_TRANSMEM1	Length=70	Networks=SignalP-TM
# pos  aa    C       S       Y
    1   V   0.102   0.460   0.217
    2   V   0.102   0.368   0.217
    3   T   0.104   0.305   0.217
    4   G   0.103   0.268   0.213
    5   V   0.100   0.357   0.207
    6   S   0.104   0.490   0.210
    7   V   0.102   0.515   0.208
    8   A   0.100   0.485   0.206
    9   F   0.100   0.426   0.207
   10   V   0.103   0.448   0.210
   11   L   0.101   0.420   0.208
   12   L   0.106   0.518   0.212
   13   L   0.100   0.658   0.206
   14   F   0.103   0.567   0.213
   15   L   0.102   0.412   0.214
   16   L   0.104   0.462   0.215
   17   L   0.104   0.434   0.217
   18   F   0.105   0.562   0.221
   19   L   0.106   0.633   0.226
   20   L   0.105   0.697   0.230
   21   L   0.109   0.694   0.237
   22   R   0.115   0.764   0.247
   23   H   0.138   0.725   0.276
   24   R   0.177   0.682   0.318
   25   H   0.136   0.608   0.283
   26   Q   0.139   0.512   0.289
   27   S   0.235   0.343   0.376
   28   K   0.429   0.222   0.498
   29   H   0.107   0.214   0.243
   30   R   0.130   0.141   0.265
   31   T   0.107   0.113   0.235
   32   S   0.102   0.120   0.225
   33   A   0.102   0.126   0.217
   34   H   0.107   0.118   0.213
   35   F   0.101   0.112   0.197
   36   Y   0.097   0.110   0.182
   37   R   0.103   0.107   0.175
   38   P   0.108   0.105   0.165
   39   A   0.108   0.099   0.151
   40   G   0.103   0.093   0.134
   41   A   0.103   0.108   0.122
   42   A   0.107   0.091   0.117
   43   G   0.102   0.095   0.110
   44   P   0.101   0.095   0.105
   45   E   0.103   0.101   0.105
   46   P   0.106   0.106   0.106
   47   K   0.103   0.111   0.104
   48   D   0.104   0.112   0.104
   49   Q   0.104   0.107   0.104
   50   G   0.105   0.108   0.104
   51   L   0.103   0.112   0.103
   52   Q   0.105   0.108   0.104
   53   K   0.104   0.105   0.104
   54   R   0.104   0.103   0.104
   55   A   0.105   0.102   0.104
   56   S   0.101   0.103   0.103
   57   P   0.104   0.100   0.105
   58   V   0.103   0.101   0.104
   59   A   0.104   0.097   0.105
   60   D   0.101   0.099   0.103
   61   I   0.101   0.100   0.103
   62   Q   0.101   0.099   0.103
   63   E   0.105   0.096   0.104
   64   E   0.099   0.100   0.101
   65   I   0.103   0.097   0.103
   66   L   0.103   0.097   0.102
   67   N   0.105   0.098   0.102
   68   A   0.105   0.100   0.102
   69   A   0.102   0.101   0.100
   70   V   0.102   0.101   0.100
# Measure  Position  Value    Cutoff   signal peptide?
  max. C    28       0.429
  max. Y    28       0.498
  max. S    22       0.764
  mean S     1-27    0.512
       D     1-27    0.503   0.500   YES
Name=LIRB5_HUMAN_TRANSMEM1	SP='YES' Cleavage site between pos. 27 and 28: HQS-KH D=0.503 D-cutoff=0.500 Networks=SignalP-TM
