# SignalP-4.1 euk predictions
# Name=LMBD1_HUMAN_TRANSMEM9	Length=54	Networks=SignalP-TM
# pos  aa    C       S       Y
    1   F   0.101   0.382   0.196
    2   W   0.101   0.380   0.197
    3   F   0.101   0.377   0.197
    4   F   0.102   0.278   0.197
    5   S   0.105   0.276   0.198
    6   A   0.103   0.259   0.194
    7   A   0.098   0.339   0.187
    8   Y   0.100   0.410   0.188
    9   Y   0.101   0.387   0.190
   10   F   0.097   0.379   0.186
   11   G   0.102   0.395   0.190
   12   N   0.099   0.339   0.189
   13   W   0.100   0.341   0.189
   14   A   0.103   0.317   0.190
   15   F   0.108   0.290   0.194
   16   L   0.102   0.419   0.186
   17   G   0.102   0.465   0.187
   18   V   0.103   0.450   0.190
   19   F   0.104   0.455   0.194
   20   L   0.104   0.365   0.197
   21   I   0.105   0.304   0.200
   22   G   0.103   0.319   0.198
   23   L   0.103   0.361   0.196
   24   I   0.102   0.420   0.195
   25   V   0.102   0.457   0.196
   26   S   0.104   0.482   0.198
   27   C   0.123   0.324   0.219
   28   C   0.106   0.295   0.203
   29   K   0.135   0.284   0.229
   30   G   0.113   0.219   0.209
   31   K   0.524   0.099   0.441
   32   K   0.099   0.101   0.185
   33   S   0.102   0.099   0.181
   34   V   0.108   0.101   0.179
   35   I   0.101   0.110   0.167
   36   E   0.105   0.104   0.166
   37   G   0.100   0.105   0.157
   38   V   0.101   0.108   0.152
   39   D   0.103   0.107   0.146
   40   E   0.102   0.105   0.136
   41   D   0.101   0.107   0.125
   42   S   0.102   0.107   0.119
   43   D   0.106   0.106   0.115
   44   I   0.102   0.106   0.107
   45   S   0.101   0.107   0.103
   46   D   0.100   0.106   0.102
   47   D   0.101   0.105   0.103
   48   E   0.099   0.107   0.102
   49   P   0.103   0.109   0.105
   50   S   0.103   0.107   0.105
   51   V   0.101   0.108   0.104
   52   Y   0.105   0.108   0.106
   53   S   0.104   0.106   0.105
   54   A   0.100   0.109   0.103
# Measure  Position  Value    Cutoff   signal peptide?
  max. C    31       0.524
  max. Y    31       0.441
  max. S    26       0.482
  mean S     1-30    0.359
       D     1-30    0.408   0.500   NO
Name=LMBD1_HUMAN_TRANSMEM9	SP='NO' D=0.408 D-cutoff=0.500 Networks=SignalP-TM
