# SignalP-4.1 euk predictions
# Name=LMBR1_HUMAN_TRANSMEM6	Length=70	Networks=SignalP-TM
# pos  aa    C       S       Y
    1   L   0.102   0.577   0.243
    2   V   0.102   0.578   0.242
    3   Y   0.101   0.670   0.242
    4   P   0.105   0.640   0.248
    5   A   0.102   0.628   0.245
    6   V   0.100   0.509   0.243
    7   M   0.105   0.515   0.249
    8   V   0.099   0.412   0.240
    9   L   0.101   0.319   0.240
   10   L   0.102   0.305   0.238
   11   L   0.101   0.313   0.232
   12   I   0.103   0.347   0.230
   13   E   0.102   0.368   0.225
   14   T   0.102   0.370   0.222
   15   S   0.105   0.276   0.222
   16   I   0.102   0.290   0.213
   17   S   0.107   0.287   0.213
   18   V   0.204   0.292   0.285
   19   L   0.107   0.326   0.200
   20   L   0.110   0.284   0.197
   21   V   0.115   0.270   0.197
   22   A   0.115   0.303   0.191
   23   C   0.164   0.274   0.226
   24   N   0.119   0.329   0.191
   25   I   0.106   0.328   0.181
   26   L   0.105   0.311   0.180
   27   C   0.101   0.407   0.176
   28   L   0.108   0.341   0.183
   29   L   0.103   0.446   0.178
   30   V   0.105   0.371   0.184
   31   D   0.107   0.248   0.187
   32   E   0.106   0.246   0.185
   33   T   0.110   0.185   0.187
   34   A   0.107   0.235   0.182
   35   M   0.134   0.143   0.202
   36   P   0.103   0.105   0.175
   37   K   0.112   0.107   0.178
   38   G   0.101   0.122   0.166
   39   T   0.106   0.106   0.165
   40   R   0.102   0.124   0.157
   41   G   0.107   0.104   0.156
   42   P   0.115   0.098   0.154
   43   G   0.103   0.091   0.139
   44   I   0.100   0.104   0.128
   45   G   0.106   0.087   0.123
   46   N   0.102   0.074   0.116
   47   A   0.105   0.057   0.113
   48   S   0.099   0.056   0.105
   49   L   0.106   0.065   0.102
   50   S   0.102   0.041   0.097
   51   T   0.102   0.054   0.095
   52   F   0.104   0.048   0.094
   53   G   0.104   0.051   0.091
   54   F   0.100   0.056   0.087
   55   V   0.103   0.060   0.085
   56   G   0.104   0.057   0.084
   57   A   0.104   0.037   0.082
   58   A   0.104   0.054   0.079
   59   L   0.100   0.051   0.076
   60   E   0.104   0.051   0.075
   61   I   0.097   0.048   0.071
   62   I   0.105   0.039   0.074
   63   L   0.103   0.044   0.072
   64   I   0.106   0.052   0.072
   65   F   0.101   0.055   0.071
   66   Y   0.104   0.052   0.072
   67   L   0.102   0.072   0.072
   68   M   0.103   0.093   0.073
   69   V   0.100   0.116   0.074
   70   S   0.103   0.135   0.078
# Measure  Position  Value    Cutoff   signal peptide?
  max. C    18       0.204
  max. Y    18       0.285
  max. S     3       0.670
  mean S     1-17    0.436
       D     1-17    0.345   0.500   NO
Name=LMBR1_HUMAN_TRANSMEM6	SP='NO' D=0.345 D-cutoff=0.500 Networks=SignalP-TM
