# SignalP-4.1 euk predictions
# Name=LRTM2_HUMAN_TRANSMEM1	Length=60	Networks=SignalP-TM
# pos  aa    C       S       Y
    1   V   0.101   0.413   0.205
    2   I   0.103   0.399   0.207
    3   I   0.105   0.419   0.208
    4   A   0.101   0.378   0.204
    5   G   0.100   0.331   0.202
    6   V   0.102   0.330   0.203
    7   V   0.101   0.344   0.200
    8   C   0.105   0.249   0.203
    9   G   0.103   0.208   0.198
   10   V   0.100   0.234   0.191
   11   V   0.104   0.224   0.192
   12   C   0.104   0.168   0.188
   13   I   0.103   0.139   0.183
   14   M   0.098   0.119   0.172
   15   M   0.102   0.129   0.170
   16   V   0.103   0.150   0.164
   17   V   0.102   0.216   0.158
   18   A   0.106   0.443   0.156
   19   A   0.202   0.255   0.218
   20   A   0.275   0.169   0.251
   21   Y   0.233   0.101   0.225
   22   G   0.109   0.092   0.148
   23   C   0.281   0.058   0.230
   24   I   0.107   0.072   0.138
   25   Y   0.105   0.081   0.132
   26   A   0.105   0.070   0.128
   27   S   0.225   0.054   0.183
   28   L   0.104   0.060   0.122
   29   M   0.105   0.065   0.121
   30   A   0.108   0.075   0.120
   31   K   0.125   0.082   0.127
   32   Y   0.105   0.090   0.112
   33   H   0.103   0.101   0.099
   34   R   0.103   0.104   0.093
   35   E   0.105   0.095   0.091
   36   L   0.100   0.101   0.088
   37   K   0.101   0.106   0.089
   38   K   0.103   0.106   0.092
   39   R   0.104   0.103   0.094
   40   Q   0.104   0.113   0.095
   41   P   0.104   0.106   0.097
   42   L   0.103   0.107   0.098
   43   M   0.104   0.103   0.100
   44   G   0.102   0.101   0.101
   45   D   0.101   0.105   0.101
   46   P   0.102   0.108   0.103
   47   E   0.105   0.104   0.105
   48   G   0.102   0.107   0.103
   49   E   0.097   0.107   0.101
   50   H   0.103   0.106   0.104
   51   E   0.099   0.106   0.102
   52   D   0.102   0.108   0.104
   53   Q   0.100   0.108   0.103
   54   K   0.105   0.107   0.106
   55   Q   0.102   0.106   0.104
   56   I   0.105   0.105   0.105
   57   S   0.102   0.106   0.104
   58   S   0.103   0.104   0.104
   59   V   0.101   0.104   0.104
   60   A   0.105   0.104   0.106
# Measure  Position  Value    Cutoff   signal peptide?
  max. C    23       0.281
  max. Y    20       0.251
  max. S    18       0.443
  mean S     1-19    0.271
       D     1-19    0.259   0.500   NO
Name=LRTM2_HUMAN_TRANSMEM1	SP='NO' D=0.259 D-cutoff=0.500 Networks=SignalP-TM
