# SignalP-4.1 euk predictions
# Name=MAL_HUMAN_TRANSMEM2	Length=70	Networks=SignalP-noTM
# pos  aa    C       S       Y
    1   W   0.100   0.955   0.309
    2   V   0.099   0.967   0.307
    3   M   0.099   0.967   0.308
    4   F   0.103   0.971   0.314
    5   V   0.097   0.962   0.305
    6   S   0.103   0.958   0.314
    7   V   0.103   0.967   0.314
    8   F   0.098   0.962   0.306
    9   C   0.103   0.975   0.315
   10   F   0.099   0.953   0.309
   11   V   0.102   0.971   0.312
   12   A   0.102   0.975   0.313
   13   T   0.097   0.976   0.305
   14   T   0.113   0.961   0.329
   15   T   0.113   0.951   0.330
   16   L   0.139   0.939   0.365
   17   I   0.121   0.912   0.341
   18   I   0.154   0.868   0.385
   19   L   0.110   0.828   0.324
   20   Y   0.140   0.689   0.365
   21   I   0.110   0.687   0.321
   22   I   0.102   0.814   0.307
   23   G   0.103   0.888   0.307
   24   A   0.227   0.826   0.456
   25   H   0.198   0.614   0.424
   26   G   0.104   0.693   0.304
   27   G   0.410   0.437   0.601
   28   E   0.153   0.215   0.362
   29   T   0.104   0.285   0.293
   30   S   0.223   0.179   0.420
   31   W   0.104   0.210   0.280
   32   V   0.120   0.143   0.295
   33   T   0.101   0.122   0.262
   34   L   0.102   0.163   0.256
   35   D   0.103   0.161   0.251
   36   A   0.105   0.149   0.245
   37   A   0.104   0.154   0.236
   38   Y   0.102   0.142   0.225
   39   H   0.100   0.149   0.215
   40   C   0.103   0.162   0.210
   41   T   0.106   0.178   0.205
   42   A   0.107   0.279   0.198
   43   A   0.114   0.319   0.199
   44   L   0.130   0.296   0.207
   45   F   0.101   0.283   0.176
   46   Y   0.099   0.307   0.166
   47   L   0.106   0.247   0.165
   48   S   0.105   0.234   0.159
   49   A   0.101   0.300   0.149
   50   S   0.105   0.271   0.150
   51   V   0.103   0.192   0.148
   52   L   0.101   0.154   0.146
   53   E   0.105   0.154   0.149
   54   A   0.101   0.130   0.144
   55   L   0.115   0.111   0.154
   56   A   0.108   0.108   0.149
   57   T   0.194   0.103   0.199
   58   I   0.111   0.099   0.149
   59   T   0.096   0.096   0.138
   60   M   0.107   0.100   0.145
   61   Q   0.103   0.100   0.142
   62   D   0.106   0.104   0.143
   63   G   0.101   0.103   0.138
   64   F   0.101   0.107   0.137
   65   T   0.105   0.106   0.136
   66   Y   0.109   0.103   0.135
   67   R   0.099   0.108   0.126
   68   H   0.101   0.108   0.124
   69   Y   0.102   0.108   0.121
   70   H   0.101   0.110   0.117
# Measure  Position  Value    Cutoff   signal peptide?
  max. C    27       0.410
  max. Y    27       0.601
  max. S    13       0.976
  mean S     1-26    0.893
       D     1-26    0.759   0.450   YES
Name=MAL_HUMAN_TRANSMEM2	SP='YES' Cleavage site between pos. 26 and 27: AHG-GE D=0.759 D-cutoff=0.450 Networks=SignalP-noTM
