# SignalP-4.1 euk predictions
# Name=MALL_HUMAN_TRANSMEM2	Length=70	Networks=SignalP-noTM
# pos  aa    C       S       Y
    1   V   0.099   0.898   0.298
    2   M   0.100   0.904   0.300
    3   Y   0.104   0.914   0.306
    4   V   0.098   0.931   0.297
    5   S   0.102   0.940   0.303
    6   L   0.102   0.920   0.304
    7   T   0.098   0.896   0.297
    8   S   0.103   0.870   0.306
    9   F   0.100   0.869   0.301
   10   L   0.100   0.883   0.300
   11   I   0.103   0.891   0.305
   12   S   0.101   0.912   0.302
   13   L   0.099   0.916   0.299
   14   M   0.099   0.918   0.299
   15   F   0.102   0.917   0.304
   16   L   0.099   0.915   0.299
   17   L   0.105   0.900   0.307
   18   S   0.102   0.875   0.303
   19   Y   0.144   0.849   0.361
   20   L   0.103   0.865   0.304
   21   F   0.152   0.824   0.369
   22   G   0.109   0.846   0.312
   23   F   0.452   0.478   0.636
   24   Y   0.100   0.583   0.296
   25   K   0.133   0.405   0.338
   26   R   0.113   0.218   0.308
   27   F   0.128   0.137   0.320
   28   E   0.104   0.177   0.283
   29   S   0.102   0.183   0.274
   30   W   0.219   0.115   0.392
   31   R   0.102   0.112   0.261
   32   V   0.102   0.106   0.254
   33   L   0.096   0.101   0.240
   34   D   0.104   0.108   0.242
   35   S   0.102   0.100   0.231
   36   L   0.101   0.100   0.222
   37   Y   0.106   0.103   0.218
   38   H   0.102   0.103   0.205
   39   G   0.105   0.097   0.199
   40   T   0.097   0.108   0.182
   41   T   0.106   0.116   0.180
   42   G   0.101   0.126   0.166
   43   I   0.141   0.104   0.183
   44   L   0.098   0.098   0.142
   45   Y   0.099   0.113   0.131
   46   M   0.098   0.117   0.123
   47   S   0.104   0.120   0.118
   48   A   0.103   0.139   0.112
   49   A   0.108   0.120   0.112
   50   V   0.099   0.131   0.107
   51   L   0.098   0.118   0.106
   52   Q   0.100   0.111   0.106
   53   V   0.104   0.110   0.108
   54   H   0.104   0.118   0.108
   55   A   0.106   0.113   0.109
   56   T   0.189   0.103   0.146
   57   I   0.109   0.099   0.111
   58   V   0.101   0.091   0.106
   59   S   0.102   0.091   0.107
   60   E   0.099   0.097   0.105
   61   K   0.097   0.100   0.104
   62   L   0.101   0.099   0.106
   63   L   0.105   0.102   0.108
   64   D   0.104   0.102   0.107
   65   P   0.104   0.100   0.107
   66   R   0.104   0.100   0.107
   67   I   0.109   0.100   0.109
   68   Y   0.102   0.097   0.105
   69   Y   0.103   0.101   0.105
   70   I   0.100   0.099   0.103
# Measure  Position  Value    Cutoff   signal peptide?
  max. C    23       0.452
  max. Y    23       0.636
  max. S     5       0.940
  mean S     1-22    0.893
       D     1-22    0.775   0.450   YES
Name=MALL_HUMAN_TRANSMEM2	SP='YES' Cleavage site between pos. 22 and 23: LFG-FY D=0.775 D-cutoff=0.450 Networks=SignalP-noTM
