# SignalP-4.1 euk predictions
# Name=MARH1_HUMAN_TRANSMEM1	Length=70	Networks=SignalP-noTM
# pos  aa    C       S       Y
    1   I   0.103   0.900   0.304
    2   F   0.099   0.933   0.298
    3   C   0.102   0.910   0.303
    4   S   0.103   0.932   0.304
    5   V   0.099   0.911   0.300
    6   T   0.098   0.908   0.298
    7   F   0.102   0.897   0.304
    8   H   0.096   0.909   0.294
    9   V   0.102   0.892   0.303
   10   I   0.101   0.880   0.303
   11   A   0.099   0.904   0.299
   12   I   0.105   0.886   0.308
   13   T   0.100   0.905   0.300
   14   C   0.101   0.913   0.302
   15   V   0.101   0.911   0.303
   16   V   0.098   0.927   0.298
   17   W   0.095   0.919   0.293
   18   S   0.113   0.876   0.320
   19   L   0.325   0.653   0.543
   20   Y   0.106   0.684   0.308
   21   V   0.102   0.680   0.301
   22   L   0.108   0.543   0.307
   23   I   0.111   0.607   0.308
   24   D   0.145   0.339   0.349
   25   R   0.105   0.535   0.293
   26   T   0.111   0.541   0.298
   27   A   0.127   0.471   0.315
   28   E   0.186   0.200   0.376
   29   E   0.118   0.182   0.294
   30   I   0.121   0.121   0.291
   31   K   0.104   0.113   0.262
   32   Q   0.101   0.150   0.252
   33   G   0.109   0.143   0.255
   34   N   0.115   0.117   0.254
   35   D   0.104   0.128   0.233
   36   N   0.100   0.127   0.221
   37   G   0.102   0.120   0.215
   38   V   0.098   0.122   0.202
   39   L   0.109   0.127   0.203
   40   E   0.105   0.140   0.190
   41   W   0.093   0.125   0.170
   42   P   0.101   0.151   0.170
   43   F   0.104   0.154   0.165
   44   W   0.104   0.142   0.157
   45   T   0.102   0.199   0.150
   46   K   0.100   0.253   0.142
   47   L   0.102   0.248   0.142
   48   V   0.100   0.249   0.136
   49   V   0.100   0.268   0.131
   50   V   0.105   0.374   0.130
   51   A   0.105   0.319   0.134
   52   I   0.104   0.246   0.135
   53   G   0.104   0.221   0.138
   54   F   0.106   0.179   0.141
   55   T   0.103   0.157   0.140
   56   G   0.106   0.134   0.142
   57   G   0.102   0.112   0.139
   58   L   0.116   0.098   0.148
   59   V   0.106   0.098   0.141
   60   F   0.111   0.099   0.144
   61   M   0.106   0.100   0.140
   62   Y   0.102   0.094   0.137
   63   V   0.103   0.099   0.137
   64   Q   0.101   0.095   0.135
   65   C   0.102   0.100   0.135
   66   K   0.127   0.095   0.149
   67   V   0.099   0.096   0.131
   68   Y   0.100   0.097   0.130
   69   V   0.096   0.098   0.125
   70   Q   0.099   0.099   0.124
# Measure  Position  Value    Cutoff   signal peptide?
  max. C    19       0.325
  max. Y    19       0.543
  max. S     2       0.933
  mean S     1-18    0.906
       D     1-18    0.739   0.450   YES
Name=MARH1_HUMAN_TRANSMEM1	SP='YES' Cleavage site between pos. 18 and 19: VWS-LY D=0.739 D-cutoff=0.450 Networks=SignalP-noTM
