# SignalP-4.1 euk predictions
# Name=MF14A_HUMAN_TRANSMEM1	Length=70	Networks=SignalP-TM
# pos  aa    C       S       Y
    1   V   0.102   0.554   0.237
    2   I   0.102   0.454   0.238
    3   V   0.103   0.414   0.237
    4   I   0.101   0.524   0.233
    5   F   0.103   0.540   0.234
    6   L   0.101   0.394   0.232
    7   E   0.102   0.457   0.230
    8   F   0.104   0.432   0.231
    9   F   0.102   0.424   0.228
   10   A   0.104   0.482   0.228
   11   W   0.097   0.488   0.219
   12   G   0.104   0.412   0.225
   13   L   0.100   0.338   0.219
   14   L   0.102   0.409   0.217
   15   T   0.104   0.351   0.217
   16   A   0.149   0.257   0.255
   17   P   0.118   0.215   0.224
   18   T   0.113   0.302   0.215
   19   L   0.111   0.318   0.209
   20   V   0.102   0.363   0.196
   21   V   0.120   0.303   0.212
   22   L   0.107   0.294   0.197
   23   H   0.137   0.199   0.220
   24   E   0.119   0.171   0.200
   25   T   0.110   0.189   0.186
   26   F   0.111   0.137   0.181
   27   P   0.102   0.129   0.167
   28   K   0.118   0.141   0.175
   29   H   0.097   0.153   0.153
   30   T   0.101   0.189   0.151
   31   F   0.106   0.146   0.153
   32   L   0.101   0.141   0.148
   33   M   0.107   0.140   0.148
   34   N   0.100   0.121   0.139
   35   G   0.100   0.149   0.132
   36   L   0.100   0.162   0.128
   37   I   0.107   0.158   0.129
   38   Q   0.104   0.167   0.126
   39   G   0.103   0.132   0.125
   40   V   0.098   0.141   0.120
   41   K   0.106   0.147   0.125
   42   G   0.101   0.103   0.123
   43   L   0.163   0.096   0.154
   44   L   0.102   0.101   0.121
   45   S   0.102   0.101   0.118
   46   F   0.103   0.095   0.117
   47   L   0.099   0.089   0.113
   48   S   0.104   0.058   0.114
   49   A   0.102   0.074   0.111
   50   P   0.098   0.046   0.107
   51   L   0.102   0.056   0.105
   52   I   0.101   0.082   0.101
   53   G   0.102   0.098   0.098
   54   A   0.100   0.117   0.096
   55   L   0.106   0.098   0.098
   56   S   0.103   0.102   0.094
   57   D   0.107   0.099   0.096
   58   V   0.102   0.100   0.094
   59   W   0.100   0.125   0.093
   60   G   0.102   0.149   0.095
   61   R   0.107   0.149   0.099
   62   K   0.104   0.122   0.100
   63   S   0.101   0.148   0.101
   64   F   0.100   0.155   0.103
   65   L   0.102   0.157   0.108
   66   L   0.105   0.149   0.113
   67   L   0.101   0.134   0.113
   68   T   0.104   0.121   0.116
   69   V   0.105   0.118   0.117
   70   F   0.105   0.102   0.117
# Measure  Position  Value    Cutoff   signal peptide?
  max. C    43       0.163
  max. Y    16       0.255
  max. S     1       0.554
  mean S     1-15    0.445
       D     1-15    0.331   0.500   NO
Name=MF14A_HUMAN_TRANSMEM1	SP='NO' D=0.331 D-cutoff=0.500 Networks=SignalP-TM
