# SignalP-4.1 euk predictions
# Name=MGT4A_HUMAN_TRANSMEM1	Length=70	Networks=SignalP-TM
# pos  aa    C       S       Y
    1   N   0.101   0.470   0.218
    2   G   0.102   0.487   0.219
    3   T   0.100   0.462   0.217
    4   V   0.105   0.410   0.222
    5   A   0.104   0.409   0.220
    6   T   0.100   0.519   0.215
    7   A   0.101   0.469   0.217
    8   L   0.100   0.512   0.216
    9   A   0.106   0.475   0.223
   10   F   0.097   0.356   0.213
   11   I   0.105   0.345   0.220
   12   T   0.102   0.274   0.214
   13   S   0.105   0.317   0.215
   14   F   0.102   0.331   0.209
   15   L   0.101   0.352   0.205
   16   T   0.101   0.515   0.203
   17   L   0.106   0.360   0.208
   18   S   0.106   0.273   0.207
   19   W   0.121   0.260   0.218
   20   Y   0.108   0.250   0.203
   21   T   0.136   0.194   0.222
   22   T   0.109   0.239   0.193
   23   W   0.107   0.266   0.186
   24   Q   0.156   0.167   0.220
   25   N   0.114   0.169   0.184
   26   G   0.106   0.166   0.173
   27   K   0.134   0.123   0.192
   28   E   0.102   0.122   0.163
   29   K   0.104   0.118   0.160
   30   L   0.102   0.117   0.153
   31   I   0.103   0.113   0.144
   32   A   0.103   0.118   0.138
   33   Y   0.105   0.106   0.135
   34   Q   0.102   0.097   0.129
   35   R   0.105   0.095   0.126
   36   E   0.102   0.097   0.121
   37   F   0.101   0.100   0.116
   38   L   0.101   0.094   0.111
   39   A   0.106   0.101   0.111
   40   L   0.095   0.099   0.103
   41   K   0.104   0.092   0.106
   42   E   0.100   0.090   0.103
   43   R   0.105   0.091   0.104
   44   L   0.103   0.098   0.102
   45   R   0.102   0.102   0.101
   46   I   0.102   0.107   0.100
   47   A   0.102   0.103   0.100
   48   E   0.097   0.098   0.097
   49   H   0.103   0.100   0.100
   50   R   0.098   0.102   0.098
   51   I   0.104   0.102   0.101
   52   S   0.101   0.103   0.100
   53   Q   0.098   0.105   0.099
   54   R   0.100   0.102   0.100
   55   S   0.101   0.103   0.100
   56   S   0.101   0.103   0.100
   57   E   0.098   0.106   0.100
   58   L   0.102   0.104   0.102
   59   N   0.101   0.104   0.102
   60   T   0.101   0.104   0.102
   61   I   0.104   0.101   0.103
   62   V   0.105   0.098   0.104
   63   Q   0.103   0.101   0.103
   64   Q   0.103   0.100   0.103
   65   F   0.097   0.101   0.100
   66   K   0.105   0.098   0.104
   67   R   0.103   0.099   0.102
   68   V   0.102   0.100   0.102
   69   G   0.104   0.098   0.103
   70   A   0.102   0.099   0.102
# Measure  Position  Value    Cutoff   signal peptide?
  max. C    24       0.156
  max. Y    21       0.222
  max. S     6       0.519
  mean S     1-20    0.392
       D     1-20    0.290   0.500   NO
Name=MGT4A_HUMAN_TRANSMEM1	SP='NO' D=0.290 D-cutoff=0.500 Networks=SignalP-TM
