# SignalP-4.1 euk predictions
# Name=MIC10_HUMAN_TRANSMEM1	Length=62	Networks=SignalP-TM
# pos  aa    C       S       Y
    1   A   0.103   0.284   0.171
    2   V   0.099   0.277   0.168
    3   V   0.102   0.230   0.170
    4   K   0.102   0.260   0.169
    5   I   0.102   0.200   0.169
    6   G   0.101   0.228   0.166
    7   T   0.102   0.216   0.165
    8   G   0.105   0.256   0.166
    9   F   0.099   0.224   0.161
   10   G   0.104   0.211   0.163
   11   L   0.099   0.197   0.158
   12   G   0.105   0.187   0.160
   13   I   0.101   0.157   0.155
   14   V   0.105   0.167   0.155
   15   F   0.100   0.111   0.149
   16   S   0.104   0.134   0.147
   17   L   0.109   0.142   0.147
   18   T   0.102   0.136   0.140
   19   F   0.111   0.142   0.143
   20   F   0.101   0.137   0.134
   21   K   0.106   0.130   0.135
   22   R   0.101   0.128   0.130
   23   R   0.103   0.210   0.127
   24   M   0.101   0.244   0.126
   25   W   0.103   0.246   0.128
   26   P   0.100   0.221   0.128
   27   L   0.107   0.213   0.133
   28   A   0.103   0.231   0.132
   29   F   0.099   0.217   0.131
   30   G   0.103   0.207   0.136
   31   S   0.116   0.182   0.147
   32   G   0.102   0.189   0.139
   33   M   0.103   0.181   0.141
   34   G   0.102   0.178   0.141
   35   L   0.101   0.150   0.141
   36   G   0.105   0.134   0.145
   37   M   0.106   0.123   0.145
   38   A   0.105   0.183   0.143
   39   Y   0.130   0.113   0.157
   40   S   0.104   0.094   0.137
   41   N   0.125   0.066   0.146
   42   C   0.101   0.088   0.127
   43   Q   0.113   0.090   0.130
   44   H   0.098   0.097   0.118
   45   D   0.103   0.095   0.117
   46   F   0.102   0.094   0.114
   47   Q   0.104   0.096   0.112
   48   A   0.104   0.096   0.109
   49   P   0.099   0.099   0.104
   50   Y   0.104   0.097   0.104
   51   L   0.102   0.099   0.102
   52   L   0.103   0.099   0.102
   53   H   0.102   0.100   0.098
   54   G   0.104   0.100   0.099
   55   K   0.098   0.106   0.096
   56   Y   0.105   0.103   0.101
   57   V   0.103   0.102   0.100
   58   K   0.102   0.103   0.100
   59   E   0.101   0.102   0.100
   60   Q   0.100   0.103   0.100
   61   E   0.100   0.104   0.100
   62   Q   0.101   0.104   0.101
# Measure  Position  Value    Cutoff   signal peptide?
  max. C    39       0.130
  max. Y    12       0.160
  max. S     1       0.284
  mean S     1-11    0.235
       D     1-11    0.190   0.500   NO
Name=MIC10_HUMAN_TRANSMEM1	SP='NO' D=0.190 D-cutoff=0.500 Networks=SignalP-TM
