# SignalP-4.1 euk predictions
# Name=MICU1_HUMAN_TRANSMEM1	Length=70	Networks=SignalP-TM
# pos  aa    C       S       Y
    1   M   0.101   0.575   0.241
    2   M   0.103   0.577   0.243
    3   V   0.103   0.526   0.244
    4   A   0.104   0.528   0.243
    5   F   0.100   0.596   0.238
    6   L   0.102   0.557   0.241
    7   G   0.103   0.549   0.242
    8   A   0.102   0.513   0.240
    9   S   0.101   0.539   0.238
   10   A   0.102   0.539   0.239
   11   V   0.101   0.492   0.237
   12   T   0.104   0.596   0.240
   13   A   0.103   0.488   0.238
   14   S   0.115   0.383   0.250
   15   T   0.110   0.311   0.242
   16   G   0.112   0.322   0.240
   17   L   0.174   0.261   0.293
   18   L   0.107   0.219   0.226
   19   W   0.106   0.202   0.219
   20   K   0.106   0.223   0.212
   21   R   0.102   0.215   0.203
   22   A   0.105   0.228   0.199
   23   H   0.105   0.184   0.194
   24   A   0.106   0.255   0.188
   25   E   0.590   0.118   0.430
   26   S   0.103   0.121   0.172
   27   P   0.120   0.109   0.174
   28   P   0.102   0.110   0.152
   29   C   0.103   0.110   0.146
   30   V   0.102   0.104   0.140
   31   D   0.102   0.113   0.134
   32   N   0.103   0.115   0.130
   33   L   0.104   0.110   0.128
   34   K   0.102   0.109   0.124
   35   S   0.105   0.106   0.123
   36   D   0.101   0.106   0.117
   37   I   0.102   0.093   0.114
   38   G   0.105   0.091   0.112
   39   D   0.101   0.105   0.105
   40   K   0.101   0.107   0.104
   41   G   0.101   0.103   0.103
   42   K   0.099   0.110   0.102
   43   N   0.099   0.111   0.103
   44   K   0.101   0.111   0.104
   45   D   0.101   0.112   0.104
   46   E   0.102   0.110   0.104
   47   G   0.104   0.108   0.105
   48   D   0.098   0.112   0.102
   49   V   0.103   0.113   0.105
   50   C   0.102   0.113   0.104
   51   N   0.105   0.110   0.106
   52   H   0.100   0.109   0.104
   53   E   0.102   0.109   0.105
   54   K   0.104   0.104   0.107
   55   K   0.101   0.105   0.105
   56   T   0.105   0.103   0.107
   57   A   0.106   0.102   0.108
   58   D   0.100   0.105   0.104
   59   L   0.104   0.108   0.106
   60   A   0.102   0.108   0.105
   61   P   0.097   0.109   0.102
   62   H   0.105   0.111   0.106
   63   P   0.102   0.110   0.105
   64   E   0.106   0.110   0.107
   65   E   0.102   0.109   0.104
   66   K   0.101   0.108   0.104
   67   K   0.102   0.106   0.105
   68   K   0.103   0.108   0.105
   69   K   0.101   0.110   0.104
   70   R   0.103   0.109   0.105
# Measure  Position  Value    Cutoff   signal peptide?
  max. C    25       0.590
  max. Y    25       0.430
  max. S    12       0.596
  mean S     1-24    0.412
       D     1-24    0.423   0.500   NO
Name=MICU1_HUMAN_TRANSMEM1	SP='NO' D=0.423 D-cutoff=0.500 Networks=SignalP-TM
