# SignalP-4.1 euk predictions
# Name=MIRO1_HUMAN_TRANSMEM1	Length=26	Networks=SignalP-TM
# pos  aa    C       S       Y
    1   W   0.101   0.403   0.202
    2   L   0.102   0.427   0.202
    3   R   0.102   0.382   0.203
    4   A   0.104   0.329   0.204
    5   S   0.099   0.323   0.198
    6   F   0.102   0.230   0.200
    7   G   0.103   0.211   0.198
    8   A   0.103   0.193   0.194
    9   T   0.098   0.163   0.186
   10   V   0.102   0.137   0.184
   11   F   0.102   0.123   0.179
   12   A   0.103   0.130   0.175
   13   V   0.096   0.144   0.163
   14   L   0.103   0.142   0.163
   15   G   0.105   0.126   0.158
   16   F   0.100   0.098   0.148
   17   A   0.106   0.100   0.144
   18   M   0.100   0.080   0.132
   19   Y   0.104   0.076   0.128
   20   K   0.102   0.082   0.119
   21   A   0.104   0.089   0.116
   22   L   0.100   0.093   0.110
   23   L   0.102   0.102   0.107
   24   K   0.102   0.101   0.105
   25   Q   0.102   0.096   0.104
   26   R   0.103   0.084   0.104
# Measure  Position  Value    Cutoff   signal peptide?
  max. C    17       0.106
  max. Y    11       0.179
  max. S     2       0.427
  mean S     1-10    0.280
       D     1-10    0.220   0.500   NO
Name=MIRO1_HUMAN_TRANSMEM1	SP='NO' D=0.220 D-cutoff=0.500 Networks=SignalP-TM
