# SignalP-4.1 euk predictions
# Name=MOT11_HUMAN_TRANSMEM3	Length=70	Networks=SignalP-TM
# pos  aa    C       S       Y
    1   P   0.102   0.453   0.215
    2   V   0.102   0.446   0.215
    3   V   0.102   0.422   0.215
    4   M   0.104   0.380   0.217
    5   V   0.101   0.373   0.211
    6   G   0.101   0.370   0.211
    7   G   0.103   0.325   0.211
    8   V   0.101   0.292   0.207
    9   L   0.105   0.384   0.208
   10   A   0.105   0.325   0.207
   11   S   0.107   0.276   0.207
   12   L   0.104   0.179   0.200
   13   G   0.102   0.140   0.194
   14   F   0.102   0.153   0.187
   15   V   0.104   0.177   0.183
   16   F   0.100   0.129   0.174
   17   S   0.105   0.167   0.172
   18   A   0.136   0.129   0.189
   19   F   0.110   0.107   0.164
   20   A   0.107   0.096   0.155
   21   S   0.305   0.058   0.250
   22   D   0.105   0.038   0.140
   23   L   0.103   0.031   0.132
   24   L   0.104   0.044   0.122
   25   H   0.102   0.051   0.112
   26   L   0.110   0.038   0.108
   27   Y   0.109   0.034   0.103
   28   L   0.101   0.047   0.095
   29   G   0.106   0.024   0.093
   30   L   0.111   0.033   0.089
   31   G   0.106   0.031   0.082
   32   L   0.110   0.025   0.077
   33   L   0.103   0.022   0.070
   34   A   0.107   0.031   0.066
   35   G   0.104   0.034   0.061
   36   F   0.109   0.029   0.061
   37   G   0.104   0.036   0.059
   38   W   0.102   0.034   0.059
   39   A   0.101   0.026   0.058
   40   L   0.316   0.021   0.100
   41   V   0.103   0.021   0.056
   42   F   0.102   0.026   0.055
   43   A   0.103   0.041   0.054
   44   P   0.106   0.056   0.056
   45   A   0.107   0.054   0.057
   46   L   0.105   0.051   0.058
   47   G   0.104   0.059   0.060
   48   T   0.134   0.049   0.071
   49   L   0.106   0.049   0.064
   50   S   0.106   0.063   0.065
   51   R   0.114   0.091   0.069
   52   Y   0.106   0.120   0.070
   53   F   0.101   0.133   0.072
   54   S   0.105   0.146   0.079
   55   R   0.100   0.122   0.083
   56   R   0.102   0.128   0.088
   57   R   0.101   0.130   0.092
   58   V   0.104   0.122   0.096
   59   L   0.103   0.113   0.099
   60   A   0.106   0.112   0.102
   61   V   0.097   0.096   0.100
   62   G   0.105   0.094   0.105
   63   L   0.103   0.101   0.105
   64   A   0.106   0.114   0.109
   65   L   0.101   0.117   0.108
   66   T   0.107   0.109   0.112
   67   G   0.100   0.101   0.108
   68   N   0.104   0.110   0.109
   69   G   0.105   0.110   0.108
   70   A   0.102   0.107   0.106
# Measure  Position  Value    Cutoff   signal peptide?
  max. C    40       0.316
  max. Y    21       0.250
  max. S     1       0.453
  mean S     1-20    0.266
       D     1-20    0.257   0.500   NO
Name=MOT11_HUMAN_TRANSMEM3	SP='NO' D=0.257 D-cutoff=0.500 Networks=SignalP-TM
