# SignalP-4.1 euk predictions
# Name=NALDL_HUMAN_TRANSMEM1	Length=70	Networks=SignalP-TM
# pos  aa    C       S       Y
    1   L   0.102   0.444   0.213
    2   G   0.104   0.370   0.214
    3   L   0.100   0.377   0.210
    4   G   0.106   0.279   0.214
    5   L   0.100   0.283   0.206
    6   G   0.107   0.314   0.210
    7   A   0.102   0.341   0.202
    8   A   0.104   0.376   0.202
    9   A   0.101   0.380   0.198
   10   L   0.098   0.473   0.194
   11   L   0.101   0.436   0.198
   12   G   0.102   0.419   0.198
   13   L   0.099   0.427   0.196
   14   G   0.103   0.406   0.199
   15   I   0.106   0.436   0.201
   16   I   0.104   0.385   0.199
   17   L   0.102   0.352   0.197
   18   G   0.102   0.302   0.197
   19   H   0.149   0.225   0.238
   20   F   0.102   0.275   0.196
   21   A   0.115   0.203   0.208
   22   I   0.146   0.162   0.231
   23   P   0.100   0.195   0.187
   24   K   0.114   0.166   0.195
   25   K   0.103   0.240   0.180
   26   A   0.103   0.212   0.175
   27   N   0.149   0.151   0.206
   28   S   0.106   0.143   0.168
   29   L   0.187   0.121   0.215
   30   A   0.106   0.111   0.154
   31   P   0.102   0.101   0.144
   32   Q   0.103   0.103   0.139
   33   D   0.101   0.101   0.132
   34   L   0.103   0.100   0.130
   35   D   0.104   0.104   0.125
   36   L   0.099   0.097   0.119
   37   E   0.103   0.097   0.120
   38   I   0.102   0.095   0.116
   39   L   0.101   0.098   0.113
   40   E   0.103   0.098   0.110
   41   T   0.101   0.100   0.105
   42   V   0.102   0.096   0.103
   43   M   0.101   0.101   0.101
   44   G   0.103   0.106   0.101
   45   Q   0.109   0.095   0.104
   46   L   0.101   0.103   0.100
   47   D   0.106   0.094   0.103
   48   A   0.102   0.098   0.100
   49   H   0.100   0.099   0.100
   50   R   0.102   0.098   0.100
   51   I   0.102   0.098   0.100
   52   R   0.099   0.105   0.099
   53   E   0.103   0.105   0.101
   54   N   0.103   0.106   0.101
   55   L   0.100   0.109   0.100
   56   R   0.102   0.105   0.101
   57   E   0.103   0.104   0.102
   58   L   0.105   0.107   0.103
   59   S   0.104   0.104   0.103
   60   R   0.104   0.099   0.104
   61   E   0.103   0.104   0.103
   62   P   0.101   0.103   0.102
   63   H   0.104   0.101   0.104
   64   L   0.106   0.100   0.105
   65   A   0.102   0.102   0.103
   66   S   0.097   0.104   0.101
   67   S   0.101   0.105   0.102
   68   P   0.097   0.104   0.101
   69   R   0.104   0.105   0.104
   70   D   0.103   0.104   0.103
# Measure  Position  Value    Cutoff   signal peptide?
  max. C    29       0.187
  max. Y    19       0.238
  max. S    10       0.473
  mean S     1-18    0.378
       D     1-18    0.294   0.500   NO
Name=NALDL_HUMAN_TRANSMEM1	SP='NO' D=0.294 D-cutoff=0.500 Networks=SignalP-TM
