# SignalP-4.1 euk predictions
# Name=NCKX3_HUMAN_TRANSMEM10	Length=29	Networks=SignalP-TM
# pos  aa    C       S       Y
    1   L   0.102   0.376   0.196
    2   L   0.102   0.389   0.196
    3   Y   0.102   0.310   0.197
    4   G   0.103   0.312   0.196
    5   V   0.101   0.288   0.192
    6   F   0.104   0.318   0.194
    7   L   0.104   0.284   0.193
    8   C   0.100   0.356   0.187
    9   F   0.099   0.320   0.186
   10   S   0.103   0.337   0.189
   11   I   0.097   0.346   0.182
   12   M   0.102   0.302   0.186
   13   T   0.099   0.297   0.182
   14   E   0.099   0.274   0.181
   15   F   0.099   0.271   0.179
   16   N   0.103   0.243   0.180
   17   V   0.100   0.224   0.174
   18   F   0.098   0.199   0.171
   19   T   0.103   0.194   0.173
   20   F   0.104   0.171   0.172
   21   V   0.104   0.145   0.169
   22   N   0.102   0.124   0.164
   23   L   0.101   0.113   0.157
   24   P   0.099   0.109   0.151
   25   M   0.104   0.107   0.150
   26   C   0.105   0.109   0.144
   27   G   0.099   0.102   0.135
   28   D   0.099   0.102   0.130
   29   H   0.101   0.098   0.126
# Measure  Position  Value    Cutoff   signal peptide?
  max. C    26       0.105
  max. Y    12       0.186
  max. S     2       0.389
  mean S     1-11    0.331
       D     1-11    0.244   0.500   NO
Name=NCKX3_HUMAN_TRANSMEM10	SP='NO' D=0.244 D-cutoff=0.500 Networks=SignalP-TM
