# SignalP-4.1 euk predictions
# Name=NTCP_HUMAN_TRANSMEM8	Length=67	Networks=SignalP-noTM
# pos  aa    C       S       Y
    1   F   0.101   0.896   0.300
    2   F   0.101   0.867   0.300
    3   F   0.102   0.879   0.302
    4   P   0.105   0.924   0.306
    5   L   0.105   0.914   0.306
    6   L   0.103   0.893   0.304
    7   Y   0.101   0.869   0.300
    8   M   0.101   0.825   0.301
    9   I   0.102   0.828   0.301
   10   F   0.099   0.865   0.297
   11   Q   0.102   0.892   0.300
   12   L   0.099   0.916   0.296
   13   G   0.098   0.935   0.295
   14   E   0.097   0.917   0.294
   15   G   0.101   0.911   0.299
   16   L   0.318   0.843   0.532
   17   L   0.098   0.822   0.295
   18   L   0.109   0.687   0.311
   19   I   0.111   0.424   0.312
   20   A   0.104   0.430   0.298
   21   I   0.119   0.253   0.314
   22   F   0.102   0.247   0.286
   23   W   0.100   0.406   0.278
   24   C   0.101   0.467   0.276
   25   Y   0.128   0.242   0.306
   26   E   0.094   0.272   0.257
   27   K   0.103   0.204   0.264
   28   F   0.107   0.170   0.262
   29   K   0.105   0.140   0.254
   30   T   0.107   0.125   0.249
   31   P   0.103   0.119   0.237
   32   K   0.108   0.123   0.236
   33   D   0.099   0.110   0.218
   34   K   0.101   0.111   0.212
   35   T   0.101   0.112   0.202
   36   K   0.105   0.108   0.197
   37   M   0.100   0.102   0.183
   38   I   0.099   0.105   0.171
   39   Y   0.104   0.105   0.165
   40   T   0.104   0.096   0.155
   41   A   0.103   0.089   0.145
   42   A   0.098   0.100   0.136
   43   T   0.096   0.096   0.129
   44   T   0.098   0.098   0.127
   45   E   0.101   0.101   0.127
   46   E   0.100   0.094   0.120
   47   T   0.097   0.086   0.111
   48   I   0.103   0.092   0.112
   49   P   0.104   0.092   0.108
   50   G   0.106   0.099   0.107
   51   A   0.098   0.101   0.102
   52   L   0.098   0.111   0.101
   53   G   0.105   0.100   0.103
   54   N   0.129   0.105   0.114
   55   G   0.101   0.107   0.101
   56   T   0.101   0.104   0.101
   57   Y   0.107   0.107   0.104
   58   K   0.102   0.110   0.101
   59   G   0.099   0.107   0.099
   60   E   0.096   0.107   0.098
   61   D   0.106   0.106   0.103
   62   C   0.099   0.105   0.100
   63   S   0.104   0.101   0.102
   64   P   0.095   0.105   0.098
   65   C   0.101   0.103   0.102
   66   T   0.105   0.098   0.104
   67   A   0.101   0.102   0.102
# Measure  Position  Value    Cutoff   signal peptide?
  max. C    16       0.318
  max. Y    16       0.532
  max. S    13       0.935
  mean S     1-15    0.889
       D     1-15    0.725   0.450   YES
Name=NTCP_HUMAN_TRANSMEM8	SP='YES' Cleavage site between pos. 15 and 16: GEG-LL D=0.725 D-cutoff=0.450 Networks=SignalP-noTM
