# SignalP-4.1 euk predictions
# Name=NU5M_HUMAN_TRANSMEM6	Length=70	Networks=SignalP-TM
# pos  aa    C       S       Y
    1   T   0.102   0.618   0.251
    2   P   0.103   0.532   0.253
    3   L   0.104   0.442   0.252
    4   L   0.103   0.459   0.249
    5   G   0.104   0.458   0.247
    6   L   0.099   0.449   0.239
    7   L   0.105   0.397   0.244
    8   L   0.105   0.423   0.240
    9   A   0.107   0.331   0.240
   10   A   0.099   0.406   0.226
   11   A   0.101   0.444   0.225
   12   G   0.100   0.494   0.221
   13   K   0.099   0.490   0.217
   14   S   0.101   0.570   0.218
   15   A   0.110   0.425   0.226
   16   Q   0.145   0.247   0.255
   17   L   0.116   0.280   0.224
   18   G   0.133   0.215   0.236
   19   L   0.125   0.202   0.225
   20   H   0.107   0.155   0.203
   21   P   0.103   0.159   0.193
   22   W   0.105   0.159   0.191
   23   L   0.099   0.157   0.180
   24   P   0.104   0.174   0.181
   25   S   0.106   0.171   0.178
   26   A   0.102   0.168   0.169
   27   M   0.107   0.144   0.165
   28   E   0.104   0.149   0.155
   29   G   0.106   0.160   0.146
   30   P   0.102   0.162   0.136
   31   T   0.106   0.179   0.136
   32   P   0.101   0.236   0.130
   33   V   0.102   0.230   0.131
   34   S   0.103   0.179   0.133
   35   A   0.107   0.178   0.136
   36   L   0.185   0.150   0.180
   37   L   0.107   0.102   0.137
   38   H   0.102   0.162   0.132
   39   S   0.102   0.167   0.132
   40   S   0.102   0.165   0.132
   41   T   0.104   0.175   0.132
   42   M   0.105   0.128   0.134
   43   V   0.101   0.141   0.131
   44   V   0.101   0.138   0.131
   45   A   0.103   0.158   0.131
   46   G   0.107   0.129   0.133
   47   I   0.112   0.093   0.133
   48   F   0.102   0.101   0.123
   49   L   0.103   0.127   0.121
   50   L   0.103   0.129   0.119
   51   I   0.102   0.167   0.118
   52   R   0.104   0.173   0.121
   53   F   0.105   0.198   0.122
   54   H   0.104   0.217   0.123
   55   P   0.106   0.261   0.125
   56   L   0.105   0.255   0.127
   57   A   0.100   0.254   0.128
   58   E   0.102   0.221   0.132
   59   N   0.104   0.214   0.136
   60   S   0.109   0.173   0.140
   61   P   0.101   0.176   0.136
   62   L   0.102   0.175   0.140
   63   I   0.101   0.167   0.141
   64   Q   0.101   0.144   0.141
   65   T   0.102   0.140   0.142
   66   L   0.102   0.116   0.142
   67   T   0.106   0.121   0.143
   68   L   0.102   0.106   0.139
   69   C   0.103   0.099   0.136
   70   L   0.100   0.095   0.130
# Measure  Position  Value    Cutoff   signal peptide?
  max. C    36       0.185
  max. Y    16       0.255
  max. S     1       0.618
  mean S     1-15    0.463
       D     1-15    0.338   0.500   NO
Name=NU5M_HUMAN_TRANSMEM6	SP='NO' D=0.338 D-cutoff=0.500 Networks=SignalP-TM
