# SignalP-4.1 euk predictions
# Name=O10AD_HUMAN_TRANSMEM5	Length=70	Networks=SignalP-TM
# pos  aa    C       S       Y
    1   A   0.102   0.438   0.212
    2   I   0.099   0.490   0.209
    3   F   0.104   0.415   0.214
    4   A   0.102   0.372   0.212
    5   D   0.101   0.343   0.210
    6   A   0.104   0.340   0.212
    7   I   0.099   0.329   0.204
    8   V   0.105   0.326   0.208
    9   V   0.101   0.289   0.202
   10   I   0.103   0.269   0.202
   11   L   0.101   0.312   0.197
   12   S   0.101   0.267   0.194
   13   P   0.100   0.269   0.190
   14   M   0.104   0.298   0.190
   15   V   0.100   0.268   0.185
   16   L   0.104   0.341   0.184
   17   T   0.104   0.374   0.182
   18   V   0.206   0.314   0.254
   19   T   0.104   0.365   0.179
   20   S   0.140   0.349   0.209
   21   Y   0.185   0.211   0.240
   22   V   0.122   0.200   0.193
   23   H   0.107   0.205   0.177
   24   I   0.101   0.220   0.171
   25   L   0.112   0.173   0.178
   26   A   0.103   0.220   0.168
   27   T   0.127   0.160   0.186
   28   I   0.106   0.165   0.167
   29   L   0.099   0.193   0.159
   30   S   0.105   0.223   0.162
   31   K   0.112   0.236   0.164
   32   A   0.101   0.278   0.153
   33   S   0.108   0.199   0.157
   34   S   0.105   0.163   0.151
   35   S   0.148   0.126   0.173
   36   G   0.109   0.141   0.146
   37   R   0.104   0.155   0.142
   38   G   0.106   0.150   0.142
   39   K   0.129   0.120   0.154
   40   T   0.103   0.129   0.137
   41   F   0.107   0.132   0.137
   42   S   0.102   0.126   0.133
   43   T   0.104   0.141   0.133
   44   C   0.105   0.111   0.132
   45   A   0.103   0.134   0.127
   46   S   0.101   0.141   0.123
   47   H   0.101   0.140   0.119
   48   L   0.101   0.152   0.117
   49   T   0.104   0.116   0.119
   50   V   0.101   0.104   0.117
   51   V   0.105   0.072   0.118
   52   I   0.105   0.061   0.115
   53   F   0.103   0.057   0.111
   54   L   0.102   0.069   0.109
   55   Y   0.102   0.070   0.106
   56   T   0.102   0.086   0.104
   57   S   0.103   0.094   0.103
   58   A   0.100   0.102   0.100
   59   M   0.103   0.066   0.101
   60   F   0.100   0.082   0.098
   61   S   0.100   0.101   0.095
   62   Y   0.105   0.090   0.096
   63   M   0.099   0.093   0.091
   64   N   0.101   0.086   0.091
   65   P   0.101   0.102   0.090
   66   H   0.104   0.110   0.093
   67   S   0.104   0.109   0.095
   68   T   0.103   0.107   0.096
   69   H   0.099   0.106   0.096
   70   G   0.099   0.105   0.097
# Measure  Position  Value    Cutoff   signal peptide?
  max. C    18       0.206
  max. Y    18       0.254
  max. S     2       0.490
  mean S     1-17    0.338
       D     1-17    0.287   0.500   NO
Name=O10AD_HUMAN_TRANSMEM5	SP='NO' D=0.287 D-cutoff=0.500 Networks=SignalP-TM
