# SignalP-4.1 euk predictions
# Name=O10J6_HUMAN_TRANSMEM6	Length=40	Networks=SignalP-TM
# pos  aa    C       S       Y
    1   F   0.102   0.372   0.195
    2   A   0.103   0.330   0.196
    3   T   0.099   0.377   0.191
    4   C   0.106   0.332   0.198
    5   A   0.102   0.381   0.194
    6   F   0.099   0.355   0.190
    7   H   0.101   0.325   0.193
    8   L   0.099   0.390   0.190
    9   T   0.104   0.416   0.194
   10   V   0.101   0.418   0.193
   11   V   0.103   0.476   0.195
   12   I   0.103   0.360   0.197
   13   V   0.101   0.295   0.195
   14   H   0.100   0.322   0.193
   15   Y   0.102   0.349   0.194
   16   G   0.100   0.303   0.191
   17   C   0.100   0.264   0.191
   18   A   0.102   0.261   0.191
   19   S   0.150   0.200   0.230
   20   I   0.105   0.156   0.188
   21   A   0.107   0.128   0.186
   22   Y   0.108   0.097   0.183
   23   L   0.099   0.085   0.169
   24   M   0.103   0.092   0.165
   25   P   0.101   0.105   0.156
   26   K   0.108   0.116   0.153
   27   S   0.102   0.115   0.142
   28   E   0.104   0.115   0.139
   29   N   0.104   0.116   0.133
   30   S   0.103   0.106   0.126
   31   I   0.100   0.105   0.118
   32   E   0.103   0.100   0.115
   33   Q   0.102   0.097   0.109
   34   D   0.102   0.100   0.106
   35   L   0.104   0.098   0.104
   36   L   0.103   0.095   0.103
   37   L   0.102   0.098   0.103
   38   S   0.103   0.097   0.103
   39   V   0.103   0.097   0.103
   40   T   0.106   0.096   0.105
# Measure  Position  Value    Cutoff   signal peptide?
  max. C    19       0.150
  max. Y    19       0.230
  max. S    11       0.476
  mean S     1-18    0.351
       D     1-18    0.278   0.500   NO
Name=O10J6_HUMAN_TRANSMEM6	SP='NO' D=0.278 D-cutoff=0.500 Networks=SignalP-TM
