# SignalP-4.1 euk predictions
# Name=O10J4_HUMAN_TRANSMEM5	Length=70	Networks=SignalP-noTM
# pos  aa    C       S       Y
    1   I   0.102   0.953   0.311
    2   S   0.102   0.960   0.312
    3   L   0.100   0.973   0.308
    4   C   0.102   0.975   0.312
    5   V   0.101   0.979   0.310
    6   L   0.102   0.971   0.313
    7   V   0.101   0.961   0.310
    8   L   0.099   0.951   0.308
    9   P   0.106   0.945   0.318
   10   M   0.100   0.950   0.309
   11   V   0.100   0.967   0.310
   12   L   0.102   0.978   0.312
   13   I   0.099   0.978   0.307
   14   F   0.103   0.968   0.315
   15   I   0.101   0.975   0.311
   16   S   0.107   0.971   0.320
   17   Y   0.102   0.954   0.313
   18   V   0.116   0.928   0.335
   19   L   0.137   0.816   0.363
   20   I   0.105   0.848   0.316
   21   V   0.390   0.591   0.609
   22   T   0.110   0.745   0.320
   23   T   0.134   0.755   0.352
   24   I   0.191   0.598   0.418
   25   L   0.123   0.539   0.333
   26   K   0.118   0.547   0.321
   27   I   0.104   0.651   0.299
   28   A   0.106   0.664   0.299
   29   S   0.110   0.537   0.302
   30   A   0.158   0.321   0.358
   31   E   0.484   0.134   0.615
   32   G   0.100   0.179   0.273
   33   R   0.198   0.124   0.375
   34   R   0.101   0.161   0.261
   35   K   0.108   0.151   0.261
   36   A   0.104   0.178   0.250
   37   F   0.109   0.128   0.248
   38   A   0.107   0.118   0.236
   39   T   0.110   0.109   0.231
   40   C   0.108   0.104   0.219
   41   A   0.102   0.107   0.204
   42   S   0.098   0.110   0.192
   43   H   0.100   0.110   0.185
   44   L   0.097   0.106   0.177
   45   T   0.105   0.108   0.175
   46   V   0.100   0.114   0.162
   47   V   0.105   0.118   0.159
   48   I   0.107   0.133   0.154
   49   V   0.104   0.129   0.145
   50   H   0.101   0.134   0.135
   51   Y   0.103   0.109   0.126
   52   G   0.099   0.104   0.116
   53   R   0.100   0.110   0.112
   54   T   0.105   0.111   0.114
   55   S   0.118   0.115   0.120
   56   F   0.098   0.114   0.109
   57   I   0.106   0.104   0.112
   58   Y   0.106   0.100   0.111
   59   L   0.095   0.097   0.104
   60   K   0.104   0.106   0.108
   61   P   0.101   0.104   0.106
   62   K   0.109   0.102   0.110
   63   S   0.102   0.102   0.106
   64   Q   0.101   0.101   0.106
   65   N   0.103   0.101   0.107
   66   S   0.100   0.103   0.105
   67   L   0.098   0.103   0.104
   68   Q   0.100   0.105   0.105
   69   D   0.101   0.102   0.105
   70   R   0.100   0.101   0.104
# Measure  Position  Value    Cutoff   signal peptide?
  max. C    31       0.484
  max. Y    31       0.615
  max. S     5       0.979
  mean S     1-30    0.832
       D     1-30    0.732   0.450   YES
Name=O10J4_HUMAN_TRANSMEM5	SP='YES' Cleavage site between pos. 30 and 31: ASA-EG D=0.732 D-cutoff=0.450 Networks=SignalP-noTM
