# SignalP-4.1 euk predictions
# Name=O12D3_HUMAN_TRANSMEM7	Length=46	Networks=SignalP-noTM
# pos  aa    C       S       Y
    1   R   0.101   0.382   0.197
    2   I   0.105   0.243   0.200
    3   M   0.103   0.201   0.197
    4   A   0.105   0.182   0.196
    5   I   0.097   0.176   0.186
    6   M   0.100   0.159   0.187
    7   Y   0.101   0.166   0.185
    8   S   0.104   0.156   0.185
    9   A   0.101   0.147   0.180
   10   V   0.094   0.132   0.170
   11   T   0.101   0.132   0.173
   12   P   0.101   0.154   0.169
   13   V   0.100   0.133   0.166
   14   L   0.102   0.160   0.164
   15   N   0.105   0.146   0.163
   16   P   0.100   0.121   0.156
   17   L   0.107   0.118   0.157
   18   I   0.105   0.111   0.151
   19   Y   0.104   0.115   0.147
   20   T   0.102   0.141   0.141
   21   L   0.137   0.115   0.159
   22   R   0.101   0.110   0.132
   23   N   0.105   0.112   0.129
   24   K   0.101   0.106   0.122
   25   E   0.100   0.094   0.118
   26   V   0.101   0.100   0.117
   27   M   0.098   0.104   0.114
   28   M   0.108   0.110   0.118
   29   A   0.101   0.113   0.113
   30   L   0.098   0.117   0.110
   31   K   0.102   0.105   0.111
   32   K   0.099   0.107   0.109
   33   I   0.106   0.107   0.112
   34   F   0.102   0.098   0.110
   35   G   0.106   0.097   0.110
   36   R   0.102   0.098   0.108
   37   K   0.106   0.103   0.109
   38   L   0.102   0.098   0.105
   39   F   0.103   0.096   0.106
   40   K   0.100   0.098   0.103
   41   D   0.102   0.100   0.104
   42   W   0.101   0.098   0.103
   43   Q   0.100   0.099   0.102
   44   Q   0.104   0.099   0.103
   45   H   0.099   0.097   0.101
   46   H   0.094   0.099   0.098
# Measure  Position  Value    Cutoff   signal peptide?
  max. C    21       0.137
  max. Y    11       0.173
  max. S     1       0.382
  mean S     1-10    0.194
       D     1-10    0.185   0.450   NO
Name=O12D3_HUMAN_TRANSMEM7	SP='NO' D=0.185 D-cutoff=0.450 Networks=SignalP-noTM
