# SignalP-4.1 euk predictions
# Name=O13C5_HUMAN_TRANSMEM5	Length=70	Networks=SignalP-TM
# pos  aa    C       S       Y
    1   I   0.102   0.524   0.232
    2   L   0.102   0.537   0.231
    3   L   0.103   0.433   0.232
    4   V   0.102   0.335   0.230
    5   T   0.103   0.217   0.228
    6   T   0.104   0.124   0.224
    7   T   0.102   0.121   0.215
    8   L   0.104   0.125   0.211
    9   F   0.101   0.106   0.201
   10   L   0.097   0.091   0.189
   11   L   0.101   0.100   0.184
   12   T   0.099   0.059   0.174
   13   P   0.103   0.051   0.168
   14   L   0.103   0.053   0.157
   15   L   0.101   0.065   0.144
   16   L   0.101   0.063   0.132
   17   I   0.119   0.057   0.128
   18   I   0.130   0.040   0.121
   19   V   0.102   0.048   0.096
   20   S   0.105   0.062   0.091
   21   Y   0.117   0.090   0.093
   22   T   0.111   0.081   0.089
   23   L   0.261   0.062   0.134
   24   I   0.101   0.095   0.081
   25   I   0.139   0.176   0.096
   26   L   0.100   0.149   0.085
   27   S   0.108   0.183   0.092
   28   I   0.128   0.185   0.105
   29   F   0.104   0.226   0.100
   30   K   0.105   0.197   0.107
   31   I   0.102   0.219   0.109
   32   S   0.102   0.280   0.115
   33   S   0.101   0.313   0.122
   34   S   0.133   0.230   0.148
   35   E   0.212   0.155   0.194
   36   G   0.099   0.204   0.135
   37   R   0.195   0.138   0.193
   38   S   0.101   0.126   0.141
   39   K   0.134   0.109   0.163
   40   P   0.101   0.121   0.140
   41   S   0.105   0.095   0.142
   42   S   0.101   0.092   0.137
   43   T   0.102   0.089   0.135
   44   C   0.102   0.081   0.131
   45   S   0.103   0.080   0.129
   46   A   0.100   0.067   0.123
   47   R   0.097   0.059   0.115
   48   L   0.106   0.052   0.111
   49   T   0.103   0.058   0.104
   50   V   0.104   0.049   0.101
   51   V   0.106   0.052   0.096
   52   I   0.105   0.050   0.092
   53   T   0.105   0.056   0.089
   54   F   0.104   0.047   0.086
   55   C   0.104   0.042   0.083
   56   G   0.101   0.058   0.079
   57   T   0.098   0.051   0.077
   58   I   0.103   0.041   0.077
   59   F   0.102   0.036   0.074
   60   L   0.100   0.037   0.072
   61   M   0.101   0.042   0.070
   62   Y   0.103   0.051   0.070
   63   M   0.099   0.063   0.069
   64   K   0.101   0.074   0.070
   65   P   0.102   0.089   0.071
   66   K   0.103   0.104   0.074
   67   S   0.103   0.120   0.076
   68   Q   0.102   0.095   0.079
   69   E   0.100   0.100   0.080
   70   T   0.100   0.098   0.083
# Measure  Position  Value    Cutoff   signal peptide?
  max. C    23       0.261
  max. Y    35       0.194
  max. S     2       0.537
  mean S     1-34    0.167
       D     1-34    0.183   0.500   NO
Name=O13C5_HUMAN_TRANSMEM5	SP='NO' D=0.183 D-cutoff=0.500 Networks=SignalP-TM
