# SignalP-4.1 euk predictions
# Name=O13C3_HUMAN_TRANSMEM2	Length=70	Networks=SignalP-TM
# pos  aa    C       S       Y
    1   F   0.102   0.482   0.221
    2   H   0.101   0.513   0.221
    3   T   0.101   0.505   0.222
    4   P   0.102   0.490   0.222
    5   M   0.102   0.536   0.223
    6   Y   0.102   0.592   0.223
    7   F   0.102   0.660   0.225
    8   F   0.101   0.587   0.227
    9   L   0.103   0.525   0.231
   10   G   0.102   0.538   0.231
   11   N   0.100   0.451   0.229
   12   L   0.106   0.471   0.235
   13   S   0.101   0.530   0.230
   14   F   0.101   0.576   0.231
   15   L   0.100   0.603   0.231
   16   D   0.101   0.517   0.234
   17   I   0.100   0.536   0.233
   18   C   0.106   0.456   0.240
   19   Y   0.101   0.449   0.233
   20   T   0.101   0.500   0.232
   21   S   0.313   0.314   0.407
   22   S   0.099   0.319   0.223
   23   S   0.143   0.252   0.263
   24   V   0.181   0.198   0.290
   25   P   0.098   0.194   0.208
   26   S   0.106   0.170   0.212
   27   T   0.105   0.143   0.205
   28   L   0.105   0.133   0.198
   29   V   0.102   0.128   0.187
   30   S   0.104   0.115   0.179
   31   L   0.104   0.109   0.170
   32   I   0.102   0.124   0.159
   33   S   0.107   0.111   0.155
   34   K   0.101   0.097   0.143
   35   K   0.099   0.100   0.131
   36   R   0.102   0.110   0.127
   37   N   0.104   0.137   0.121
   38   I   0.101   0.155   0.116
   39   S   0.101   0.151   0.115
   40   F   0.102   0.148   0.114
   41   S   0.101   0.126   0.113
   42   G   0.103   0.123   0.113
   43   C   0.097   0.135   0.110
   44   A   0.103   0.134   0.113
   45   V   0.099   0.142   0.112
   46   Q   0.102   0.095   0.114
   47   M   0.102   0.118   0.114
   48   F   0.101   0.103   0.113
   49   F   0.103   0.094   0.114
   50   G   0.104   0.111   0.115
   51   F   0.099   0.131   0.112
   52   A   0.104   0.130   0.115
   53   M   0.101   0.138   0.112
   54   G   0.102   0.122   0.112
   55   S   0.108   0.142   0.114
   56   T   0.103   0.143   0.112
   57   E   0.105   0.106   0.114
   58   C   0.102   0.153   0.111
   59   L   0.109   0.123   0.116
   60   L   0.102   0.103   0.112
   61   L   0.104   0.090   0.113
   62   G   0.104   0.091   0.112
   63   M   0.100   0.072   0.109
   64   M   0.106   0.083   0.112
   65   A   0.104   0.117   0.110
   66   F   0.098   0.119   0.106
   67   D   0.102   0.132   0.108
   68   R   0.098   0.113   0.106
   69   Y   0.102   0.109   0.108
   70   V   0.099   0.101   0.105
# Measure  Position  Value    Cutoff   signal peptide?
  max. C    21       0.313
  max. Y    21       0.407
  max. S     7       0.660
  mean S     1-20    0.526
       D     1-20    0.454   0.500   NO
Name=O13C3_HUMAN_TRANSMEM2	SP='NO' D=0.454 D-cutoff=0.500 Networks=SignalP-TM
