# SignalP-4.1 euk predictions
# Name=O2A14_HUMAN_TRANSMEM5	Length=70	Networks=SignalP-noTM
# pos  aa    C       S       Y
    1   Q   0.101   0.945   0.309
    2   V   0.101   0.948   0.309
    3   V   0.100   0.968   0.307
    4   I   0.105   0.971   0.315
    5   F   0.101   0.966   0.309
    6   A   0.104   0.964   0.315
    7   A   0.099   0.964   0.306
    8   C   0.098   0.965   0.306
    9   V   0.099   0.962   0.306
   10   F   0.100   0.952   0.309
   11   I   0.103   0.957   0.312
   12   L   0.100   0.926   0.308
   13   V   0.101   0.949   0.310
   14   G   0.102   0.967   0.311
   15   P   0.100   0.960   0.309
   16   L   0.112   0.958   0.327
   17   C   0.106   0.965   0.318
   18   L   0.127   0.963   0.348
   19   V   0.133   0.961   0.357
   20   L   0.127   0.940   0.349
   21   V   0.109   0.903   0.323
   22   S   0.139   0.710   0.365
   23   Y   0.108   0.718   0.320
   24   L   0.173   0.673   0.402
   25   R   0.126   0.561   0.340
   26   I   0.111   0.699   0.317
   27   L   0.108   0.712   0.311
   28   A   0.101   0.767   0.299
   29   A   0.150   0.548   0.361
   30   I   0.184   0.292   0.396
   31   L   0.110   0.216   0.300
   32   R   0.110   0.221   0.295
   33   I   0.113   0.253   0.291
   34   Q   0.105   0.210   0.275
   35   S   0.100   0.437   0.262
   36   G   0.130   0.303   0.294
   37   E   0.121   0.187   0.278
   38   G   0.105   0.276   0.251
   39   R   0.209   0.144   0.344
   40   R   0.103   0.186   0.235
   41   K   0.104   0.192   0.227
   42   A   0.102   0.259   0.217
   43   F   0.107   0.240   0.214
   44   S   0.104   0.186   0.204
   45   T   0.103   0.180   0.197
   46   C   0.104   0.213   0.192
   47   S   0.102   0.202   0.184
   48   S   0.101   0.248   0.178
   49   H   0.101   0.330   0.172
   50   L   0.101   0.332   0.167
   51   C   0.102   0.204   0.162
   52   V   0.097   0.179   0.153
   53   V   0.104   0.152   0.157
   54   G   0.107   0.138   0.158
   55   L   0.100   0.129   0.151
   56   F   0.100   0.111   0.150
   57   F   0.100   0.100   0.148
   58   G   0.102   0.105   0.144
   59   S   0.100   0.096   0.140
   60   A   0.105   0.100   0.142
   61   I   0.106   0.097   0.139
   62   V   0.099   0.100   0.134
   63   T   0.098   0.101   0.132
   64   Y   0.107   0.097   0.136
   65   M   0.099   0.102   0.128
   66   A   0.106   0.104   0.130
   67   P   0.095   0.103   0.122
   68   K   0.105   0.103   0.126
   69   S   0.104   0.102   0.123
   70   R   0.102   0.104   0.120
# Measure  Position  Value    Cutoff   signal peptide?
  max. C    39       0.209
  max. Y    24       0.402
  max. S     4       0.971
  mean S     1-23    0.934
       D     1-23    0.689   0.450   YES
Name=O2A14_HUMAN_TRANSMEM5	SP='YES' Cleavage site between pos. 23 and 24: VSY-LR D=0.689 D-cutoff=0.450 Networks=SignalP-noTM
