# SignalP-4.1 euk predictions
# Name=O51G1_HUMAN_TRANSMEM1	Length=70	Networks=SignalP-noTM
# pos  aa    C       S       Y
    1   W   0.100   0.924   0.304
    2   I   0.101   0.874   0.305
    3   S   0.100   0.904   0.303
    4   I   0.102   0.917   0.306
    5   P   0.100   0.957   0.303
    6   F   0.101   0.970   0.305
    7   C   0.101   0.961   0.305
    8   F   0.103   0.955   0.310
    9   I   0.100   0.948   0.305
   10   Y   0.097   0.921   0.300
   11   L   0.099   0.906   0.303
   12   T   0.101   0.922   0.306
   13   V   0.101   0.942   0.307
   14   I   0.103   0.955   0.309
   15   L   0.103   0.936   0.310
   16   G   0.103   0.943   0.309
   17   N   0.218   0.884   0.450
   18   L   0.103   0.870   0.309
   19   T   0.109   0.904   0.318
   20   I   0.142   0.759   0.362
   21   L   0.113   0.588   0.322
   22   H   0.116   0.525   0.323
   23   V   0.106   0.628   0.307
   24   I   0.131   0.484   0.338
   25   C   0.097   0.573   0.287
   26   T   0.145   0.317   0.349
   27   D   0.142   0.193   0.339
   28   A   0.103   0.218   0.283
   29   T   0.153   0.122   0.337
   30   L   0.107   0.158   0.275
   31   H   0.113   0.138   0.274
   32   G   0.111   0.129   0.264
   33   P   0.096   0.115   0.239
   34   M   0.106   0.137   0.243
   35   Y   0.103   0.155   0.232
   36   Y   0.101   0.197   0.222
   37   F   0.099   0.200   0.211
   38   L   0.102   0.186   0.207
   39   G   0.105   0.200   0.202
   40   M   0.102   0.192   0.190
   41   L   0.105   0.195   0.184
   42   A   0.106   0.199   0.175
   43   V   0.097   0.224   0.160
   44   T   0.103   0.263   0.160
   45   D   0.103   0.267   0.157
   46   L   0.101   0.330   0.149
   47   G   0.111   0.270   0.154
   48   L   0.100   0.372   0.142
   49   C   0.102   0.456   0.144
   50   L   0.162   0.309   0.187
   51   S   0.102   0.149   0.150
   52   T   0.120   0.130   0.163
   53   L   0.102   0.126   0.149
   54   P   0.098   0.115   0.146
   55   T   0.108   0.114   0.153
   56   V   0.099   0.102   0.147
   57   L   0.097   0.100   0.145
   58   G   0.105   0.097   0.150
   59   I   0.228   0.091   0.218
   60   F   0.099   0.092   0.142
   61   W   0.103   0.094   0.143
   62   F   0.099   0.092   0.139
   63   D   0.099   0.094   0.137
   64   T   0.102   0.094   0.137
   65   R   0.103   0.097   0.136
   66   E   0.103   0.100   0.135
   67   I   0.101   0.098   0.130
   68   G   0.099   0.103   0.126
   69   I   0.103   0.105   0.124
   70   P   0.097   0.103   0.117
# Measure  Position  Value    Cutoff   signal peptide?
  max. C    59       0.228
  max. Y    17       0.450
  max. S     6       0.970
  mean S     1-16    0.933
       D     1-16    0.711   0.450   YES
Name=O51G1_HUMAN_TRANSMEM1	SP='YES' Cleavage site between pos. 16 and 17: ILG-NL D=0.711 D-cutoff=0.450 Networks=SignalP-noTM
