# SignalP-4.1 euk predictions
# Name=O51G2_HUMAN_TRANSMEM3	Length=70	Networks=SignalP-TM
# pos  aa    C       S       Y
    1   Q   0.101   0.554   0.237
    2   L   0.102   0.575   0.238
    3   F   0.101   0.591   0.237
    4   F   0.102   0.504   0.239
    5   I   0.104   0.478   0.240
    6   H   0.100   0.532   0.235
    7   C   0.104   0.471   0.239
    8   F   0.101   0.566   0.234
    9   S   0.102   0.528   0.235
   10   F   0.098   0.557   0.230
   11   L   0.099   0.488   0.231
   12   E   0.097   0.477   0.228
   13   S   0.099   0.542   0.229
   14   S   0.105   0.374   0.236
   15   V   0.101   0.447   0.229
   16   L   0.103   0.465   0.230
   17   L   0.105   0.460   0.230
   18   S   0.118   0.399   0.241
   19   M   0.117   0.348   0.238
   20   A   0.107   0.336   0.225
   21   F   0.194   0.213   0.299
   22   D   0.104   0.161   0.215
   23   R   0.105   0.174   0.208
   24   F   0.102   0.226   0.199
   25   V   0.102   0.238   0.193
   26   A   0.100   0.280   0.186
   27   I   0.142   0.157   0.217
   28   C   0.113   0.139   0.186
   29   H   0.109   0.151   0.177
   30   P   0.104   0.144   0.167
   31   L   0.123   0.147   0.173
   32   H   0.101   0.158   0.150
   33   Y   0.100   0.166   0.143
   34   V   0.105   0.144   0.142
   35   S   0.102   0.139   0.135
   36   I   0.102   0.128   0.133
   37   L   0.113   0.121   0.139
   38   T   0.100   0.095   0.129
   39   N   0.100   0.111   0.126
   40   T   0.101   0.101   0.123
   41   V   0.103   0.084   0.118
   42   I   0.105   0.093   0.117
   43   G   0.102   0.078   0.114
   44   R   0.118   0.061   0.120
   45   I   0.104   0.083   0.110
   46   G   0.104   0.073   0.107
   47   L   0.098   0.060   0.102
   48   V   0.101   0.065   0.100
   49   S   0.103   0.047   0.098
   50   L   0.104   0.061   0.094
   51   G   0.102   0.082   0.091
   52   R   0.101   0.114   0.089
   53   S   0.107   0.110   0.092
   54   V   0.099   0.133   0.089
   55   A   0.103   0.127   0.092
   56   L   0.103   0.114   0.093
   57   I   0.101   0.099   0.093
   58   F   0.101   0.089   0.094
   59   P   0.105   0.096   0.097
   60   L   0.101   0.088   0.096
   61   P   0.106   0.148   0.099
   62   F   0.101   0.160   0.100
   63   M   0.102   0.160   0.103
   64   L   0.102   0.140   0.107
   65   K   0.103   0.144   0.111
   66   R   0.102   0.137   0.112
   67   F   0.103   0.126   0.114
   68   P   0.102   0.107   0.113
   69   Y   0.105   0.105   0.114
   70   C   0.103   0.094   0.112
# Measure  Position  Value    Cutoff   signal peptide?
  max. C    21       0.194
  max. Y    21       0.299
  max. S     3       0.591
  mean S     1-20    0.485
       D     1-20    0.374   0.500   NO
Name=O51G2_HUMAN_TRANSMEM3	SP='NO' D=0.374 D-cutoff=0.500 Networks=SignalP-TM
