# SignalP-4.1 euk predictions
# Name=O51I2_HUMAN_TRANSMEM2	Length=70	Networks=SignalP-noTM
# pos  aa    C       S       Y
    1   L   0.103   0.264   0.165
    2   H   0.102   0.255   0.164
    3   E   0.101   0.270   0.164
    4   P   0.102   0.322   0.164
    5   M   0.102   0.321   0.165
    6   Y   0.103   0.373   0.167
    7   Y   0.102   0.401   0.167
    8   F   0.098   0.365   0.165
    9   L   0.100   0.264   0.169
   10   S   0.100   0.276   0.169
   11   M   0.097   0.268   0.167
   12   L   0.101   0.330   0.170
   13   S   0.102   0.341   0.172
   14   F   0.094   0.354   0.166
   15   S   0.103   0.370   0.175
   16   D   0.101   0.314   0.174
   17   V   0.099   0.439   0.173
   18   A   0.108   0.383   0.183
   19   I   0.096   0.358   0.174
   20   S   0.106   0.275   0.184
   21   M   0.177   0.168   0.239
   22   A   0.104   0.184   0.182
   23   T   0.156   0.140   0.221
   24   L   0.106   0.144   0.180
   25   P   0.102   0.159   0.175
   26   T   0.114   0.144   0.184
   27   V   0.107   0.198   0.176
   28   L   0.099   0.201   0.167
   29   R   0.107   0.196   0.172
   30   T   0.144   0.130   0.196
   31   F   0.125   0.128   0.179
   32   C   0.104   0.122   0.161
   33   L   0.112   0.113   0.165
   34   N   0.105   0.136   0.157
   35   A   0.104   0.123   0.154
   36   R   0.107   0.104   0.152
   37   N   0.105   0.124   0.147
   38   I   0.106   0.103   0.143
   39   T   0.096   0.134   0.134
   40   F   0.099   0.141   0.131
   41   D   0.103   0.146   0.128
   42   A   0.106   0.100   0.126
   43   C   0.096   0.100   0.117
   44   L   0.106   0.109   0.121
   45   I   0.101   0.103   0.117
   46   Q   0.099   0.104   0.115
   47   M   0.106   0.103   0.119
   48   F   0.096   0.132   0.112
   49   L   0.098   0.178   0.113
   50   I   0.101   0.159   0.114
   51   H   0.100   0.117   0.113
   52   F   0.102   0.130   0.112
   53   F   0.100   0.129   0.111
   54   S   0.099   0.128   0.110
   55   M   0.096   0.128   0.109
   56   M   0.099   0.101   0.111
   57   E   0.098   0.101   0.110
   58   S   0.101   0.103   0.111
   59   G   0.110   0.098   0.115
   60   I   0.112   0.098   0.116
   61   L   0.100   0.098   0.110
   62   L   0.102   0.105   0.110
   63   A   0.101   0.099   0.109
   64   M   0.122   0.103   0.118
   65   S   0.107   0.102   0.111
   66   F   0.110   0.099   0.113
   67   D   0.103   0.095   0.108
   68   R   0.102   0.098   0.108
   69   Y   0.100   0.099   0.107
   70   V   0.101   0.098   0.107
# Measure  Position  Value    Cutoff   signal peptide?
  max. C    21       0.177
  max. Y    21       0.239
  max. S    17       0.439
  mean S     1-20    0.327
       D     1-20    0.287   0.450   NO
Name=O51I2_HUMAN_TRANSMEM2	SP='NO' D=0.287 D-cutoff=0.450 Networks=SignalP-noTM
