# SignalP-4.1 euk predictions
# Name=O51L1_HUMAN_TRANSMEM4	Length=70	Networks=SignalP-noTM
# pos  aa    C       S       Y
    1   V   0.102   0.814   0.288
    2   I   0.103   0.842   0.290
    3   G   0.102   0.850   0.289
    4   K   0.099   0.886   0.284
    5   I   0.105   0.797   0.293
    6   G   0.103   0.724   0.291
    7   L   0.101   0.767   0.287
    8   A   0.104   0.718   0.291
    9   C   0.099   0.691   0.283
   10   L   0.105   0.690   0.291
   11   L   0.096   0.656   0.277
   12   R   0.102   0.671   0.284
   13   S   0.104   0.807   0.285
   14   L   0.098   0.752   0.277
   15   G   0.100   0.763   0.280
   16   V   0.121   0.612   0.306
   17   V   0.100   0.538   0.278
   18   L   0.105   0.384   0.281
   19   P   0.102   0.334   0.274
   20   T   0.225   0.189   0.401
   21   P   0.103   0.252   0.266
   22   L   0.100   0.275   0.258
   23   L   0.101   0.295   0.253
   24   L   0.104   0.268   0.253
   25   R   0.115   0.181   0.260
   26   H   0.119   0.136   0.258
   27   Y   0.106   0.114   0.235
   28   H   0.105   0.103   0.227
   29   Y   0.102   0.129   0.217
   30   C   0.103   0.137   0.212
   31   H   0.111   0.122   0.213
   32   G   0.099   0.181   0.195
   33   N   0.171   0.104   0.248
   34   A   0.099   0.128   0.182
   35   L   0.106   0.096   0.181
   36   S   0.109   0.106   0.173
   37   H   0.097   0.101   0.155
   38   A   0.104   0.108   0.150
   39   F   0.110   0.108   0.146
   40   C   0.105   0.111   0.136
   41   L   0.108   0.110   0.132
   42   H   0.106   0.106   0.127
   43   Q   0.102   0.101   0.123
   44   D   0.099   0.098   0.118
   45   V   0.097   0.109   0.114
   46   L   0.102   0.118   0.113
   47   R   0.105   0.133   0.111
   48   L   0.102   0.120   0.109
   49   S   0.102   0.146   0.109
   50   C   0.096   0.118   0.106
   51   T   0.104   0.112   0.111
   52   D   0.106   0.109   0.111
   53   A   0.100   0.102   0.108
   54   R   0.114   0.093   0.114
   55   T   0.103   0.095   0.107
   56   N   0.107   0.096   0.109
   57   S   0.099   0.099   0.104
   58   I   0.100   0.101   0.104
   59   Y   0.102   0.104   0.105
   60   G   0.102   0.097   0.105
   61   L   0.104   0.097   0.106
   62   C   0.107   0.097   0.107
   63   V   0.102   0.095   0.105
   64   V   0.107   0.096   0.107
   65   I   0.103   0.091   0.105
   66   A   0.104   0.094   0.105
   67   T   0.096   0.095   0.101
   68   L   0.105   0.094   0.105
   69   G   0.097   0.096   0.101
   70   V   0.100   0.099   0.101
# Measure  Position  Value    Cutoff   signal peptide?
  max. C    20       0.225
  max. Y    20       0.401
  max. S     4       0.886
  mean S     1-19    0.700
       D     1-19    0.563   0.450   YES
Name=O51L1_HUMAN_TRANSMEM4	SP='YES' Cleavage site between pos. 19 and 20: VLP-TP D=0.563 D-cutoff=0.450 Networks=SignalP-noTM
