# SignalP-4.1 euk predictions
# Name=O51T1_HUMAN_TRANSMEM7	Length=52	Networks=SignalP-noTM
# pos  aa    C       S       Y
    1   S   0.102   0.334   0.184
    2   T   0.101   0.215   0.184
    3   L   0.103   0.217   0.184
    4   A   0.103   0.225   0.183
    5   N   0.098   0.269   0.177
    6   I   0.104   0.248   0.181
    7   Y   0.098   0.273   0.174
    8   L   0.108   0.219   0.183
    9   L   0.102   0.199   0.176
   10   L   0.097   0.173   0.170
   11   P   0.104   0.159   0.173
   12   P   0.104   0.185   0.171
   13   V   0.103   0.293   0.168
   14   L   0.101   0.455   0.166
   15   N   0.102   0.331   0.169
   16   P   0.103   0.184   0.169
   17   I   0.109   0.127   0.172
   18   I   0.097   0.120   0.160
   19   Y   0.096   0.145   0.155
   20   S   0.099   0.168   0.156
   21   L   0.166   0.106   0.198
   22   K   0.102   0.097   0.152
   23   T   0.101   0.100   0.147
   24   K   0.111   0.098   0.151
   25   T   0.100   0.124   0.141
   26   I   0.111   0.120   0.147
   27   R   0.104   0.129   0.141
   28   Q   0.107   0.103   0.140
   29   A   0.101   0.094   0.134
   30   M   0.095   0.095   0.127
   31   F   0.102   0.094   0.130
   32   Q   0.105   0.092   0.129
   33   L   0.102   0.095   0.126
   34   L   0.102   0.094   0.125
   35   Q   0.098   0.107   0.120
   36   S   0.102   0.113   0.119
   37   K   0.101   0.106   0.112
   38   G   0.102   0.105   0.108
   39   S   0.100   0.097   0.105
   40   W   0.099   0.101   0.104
   41   G   0.098   0.096   0.103
   42   F   0.192   0.097   0.143
   43   N   0.097   0.100   0.100
   44   V   0.099   0.098   0.101
   45   R   0.100   0.100   0.102
   46   G   0.105   0.104   0.104
   47   L   0.100   0.102   0.101
   48   R   0.105   0.102   0.103
   49   G   0.103   0.101   0.102
   50   R   0.097   0.102   0.099
   51   W   0.106   0.101   0.103
   52   D   0.109   0.100   0.104
# Measure  Position  Value    Cutoff   signal peptide?
  max. C    42       0.192
  max. Y    21       0.198
  max. S    14       0.455
  mean S     1-20    0.227
       D     1-20    0.214   0.450   NO
Name=O51T1_HUMAN_TRANSMEM7	SP='NO' D=0.214 D-cutoff=0.450 Networks=SignalP-noTM
