# SignalP-4.1 euk predictions
# Name=O52H1_HUMAN_TRANSMEM7	Length=39	Networks=SignalP-noTM
# pos  aa    C       S       Y
    1   I   0.101   0.330   0.182
    2   M   0.102   0.285   0.184
    3   F   0.104   0.258   0.184
    4   A   0.104   0.256   0.184
    5   N   0.097   0.271   0.177
    6   L   0.103   0.207   0.181
    7   Y   0.099   0.252   0.176
    8   I   0.104   0.222   0.180
    9   V   0.102   0.201   0.176
   10   I   0.100   0.204   0.173
   11   P   0.103   0.227   0.174
   12   P   0.102   0.250   0.171
   13   A   0.103   0.279   0.171
   14   L   0.096   0.256   0.165
   15   N   0.099   0.164   0.166
   16   P   0.097   0.138   0.162
   17   M   0.105   0.130   0.166
   18   V   0.101   0.132   0.160
   19   Y   0.102   0.169   0.158
   20   G   0.102   0.170   0.156
   21   V   0.340   0.103   0.280
   22   K   0.103   0.103   0.150
   23   T   0.105   0.105   0.148
   24   K   0.130   0.098   0.161
   25   Q   0.103   0.096   0.140
   26   I   0.105   0.100   0.139
   27   R   0.099   0.099   0.132
   28   D   0.108   0.101   0.135
   29   K   0.098   0.096   0.126
   30   V   0.102   0.095   0.127
   31   I   0.103   0.094   0.125
   32   L   0.104   0.094   0.123
   33   L   0.100   0.096   0.119
   34   F   0.101   0.094   0.116
   35   S   0.105   0.095   0.116
   36   K   0.101   0.093   0.110
   37   G   0.106   0.092   0.109
   38   T   0.100   0.092   0.104
   39   G   0.107   0.093   0.107
# Measure  Position  Value    Cutoff   signal peptide?
  max. C    21       0.340
  max. Y    21       0.280
  max. S     1       0.330
  mean S     1-20    0.220
       D     1-20    0.248   0.450   NO
Name=O52H1_HUMAN_TRANSMEM7	SP='NO' D=0.248 D-cutoff=0.450 Networks=SignalP-noTM
