# SignalP-4.1 euk predictions
# Name=O52Z1_HUMAN_TRANSMEM2	Length=70	Networks=SignalP-TM
# pos  aa    C       S       Y
    1   P   0.102   0.813   0.287
    2   M   0.102   0.857   0.289
    3   Y   0.103   0.836   0.290
    4   L   0.103   0.834   0.290
    5   F   0.102   0.816   0.288
    6   L   0.101   0.806   0.288
    7   S   0.103   0.753   0.291
    8   M   0.102   0.665   0.288
    9   L   0.105   0.589   0.291
   10   A   0.103   0.516   0.284
   11   S   0.098   0.574   0.274
   12   A   0.103   0.591   0.278
   13   D   0.109   0.517   0.283
   14   F   0.101   0.594   0.268
   15   L   0.104   0.510   0.269
   16   L   0.100   0.476   0.260
   17   A   0.103   0.516   0.259
   18   T   0.194   0.454   0.348
   19   A   0.107   0.523   0.253
   20   A   0.192   0.398   0.333
   21   A   0.303   0.267   0.407
   22   P   0.124   0.242   0.252
   23   K   0.117   0.238   0.237
   24   V   0.102   0.265   0.216
   25   L   0.104   0.264   0.214
   26   A   0.104   0.289   0.209
   27   I   0.279   0.217   0.333
   28   L   0.106   0.215   0.199
   29   W   0.103   0.162   0.190
   30   F   0.102   0.197   0.182
   31   H   0.103   0.178   0.177
   32   S   0.099   0.160   0.166
   33   M   0.101   0.152   0.162
   34   D   0.101   0.170   0.153
   35   I   0.101   0.219   0.147
   36   S   0.105   0.186   0.149
   37   F   0.103   0.170   0.146
   38   G   0.102   0.141   0.144
   39   S   0.116   0.104   0.150
   40   C   0.100   0.107   0.135
   41   V   0.128   0.119   0.147
   42   S   0.103   0.094   0.129
   43   Q   0.111   0.080   0.131
   44   M   0.100   0.156   0.122
   45   F   0.102   0.125   0.122
   46   F   0.103   0.113   0.121
   47   I   0.100   0.085   0.118
   48   H   0.102   0.104   0.117
   49   F   0.103   0.082   0.115
   50   I   0.102   0.078   0.110
   51   F   0.100   0.089   0.106
   52   V   0.103   0.098   0.104
   53   A   0.101   0.106   0.102
   54   E   0.098   0.102   0.100
   55   S   0.102   0.111   0.102
   56   A   0.110   0.105   0.106
   57   I   0.103   0.079   0.103
   58   L   0.101   0.103   0.102
   59   L   0.102   0.117   0.100
   60   A   0.101   0.115   0.100
   61   M   0.102   0.110   0.100
   62   A   0.105   0.108   0.102
   63   F   0.122   0.085   0.111
   64   D   0.104   0.143   0.102
   65   R   0.100   0.151   0.103
   66   Y   0.101   0.155   0.105
   67   V   0.101   0.151   0.107
   68   A   0.100   0.128   0.108
   69   I   0.099   0.109   0.108
   70   C   0.102   0.100   0.110
# Measure  Position  Value    Cutoff   signal peptide?
  max. C    21       0.303
  max. Y    21       0.407
  max. S     2       0.857
  mean S     1-20    0.632
       D     1-20    0.497   0.500   NO
Name=O52Z1_HUMAN_TRANSMEM2	SP='NO' D=0.497 D-cutoff=0.500 Networks=SignalP-TM
