# SignalP-4.1 euk predictions
# Name=O56B4_HUMAN_TRANSMEM3	Length=70	Networks=SignalP-TM
# pos  aa    C       S       Y
    1   Q   0.101   0.349   0.188
    2   I   0.103   0.390   0.189
    3   Y   0.102   0.400   0.189
    4   A   0.103   0.344   0.191
    5   I   0.101   0.334   0.190
    6   H   0.101   0.363   0.189
    7   C   0.100   0.324   0.189
    8   F   0.101   0.356   0.189
    9   F   0.101   0.363   0.189
   10   C   0.101   0.393   0.189
   11   I   0.101   0.322   0.191
   12   E   0.101   0.352   0.190
   13   S   0.100   0.343   0.189
   14   G   0.100   0.265   0.189
   15   I   0.100   0.295   0.187
   16   F   0.103   0.297   0.189
   17   L   0.101   0.335   0.185
   18   C   0.102   0.321   0.185
   19   M   0.107   0.273   0.188
   20   A   0.104   0.339   0.185
   21   V   0.259   0.154   0.291
   22   D   0.104   0.172   0.181
   23   R   0.103   0.189   0.176
   24   Y   0.103   0.198   0.173
   25   I   0.104   0.209   0.169
   26   A   0.102   0.187   0.165
   27   I   0.112   0.139   0.169
   28   C   0.103   0.140   0.158
   29   R   0.106   0.109   0.157
   30   P   0.104   0.108   0.151
   31   L   0.113   0.114   0.153
   32   Q   0.100   0.139   0.137
   33   Y   0.102   0.169   0.134
   34   P   0.099   0.144   0.129
   35   S   0.104   0.122   0.127
   36   I   0.101   0.134   0.124
   37   V   0.105   0.128   0.125
   38   T   0.098   0.107   0.120
   39   K   0.102   0.125   0.119
   40   A   0.100   0.147   0.116
   41   F   0.099   0.120   0.114
   42   V   0.104   0.128   0.116
   43   F   0.099   0.111   0.113
   44   K   0.106   0.084   0.117
   45   A   0.103   0.122   0.114
   46   T   0.100   0.115   0.113
   47   G   0.105   0.082   0.115
   48   F   0.102   0.083   0.110
   49   I   0.103   0.074   0.109
   50   M   0.101   0.105   0.106
   51   L   0.103   0.118   0.106
   52   R   0.102   0.135   0.105
   53   N   0.104   0.128   0.107
   54   G   0.105   0.150   0.108
   55   L   0.099   0.177   0.105
   56   L   0.104   0.202   0.110
   57   T   0.103   0.170   0.111
   58   I   0.108   0.140   0.116
   59   P   0.102   0.122   0.115
   60   V   0.103   0.118   0.115
   61   P   0.104   0.171   0.116
   62   I   0.103   0.191   0.118
   63   L   0.099   0.187   0.119
   64   A   0.104   0.172   0.126
   65   A   0.108   0.154   0.130
   66   Q   0.106   0.105   0.130
   67   R   0.101   0.111   0.125
   68   H   0.101   0.098   0.125
   69   Y   0.102   0.100   0.124
   70   C   0.100   0.095   0.121
# Measure  Position  Value    Cutoff   signal peptide?
  max. C    21       0.259
  max. Y    21       0.291
  max. S     3       0.400
  mean S     1-20    0.338
       D     1-20    0.310   0.500   NO
Name=O56B4_HUMAN_TRANSMEM3	SP='NO' D=0.310 D-cutoff=0.500 Networks=SignalP-TM
