# SignalP-4.1 euk predictions
# Name=O5AC1_HUMAN_TRANSMEM5	Length=70	Networks=SignalP-noTM
# pos  aa    C       S       Y
    1   I   0.103   0.970   0.316
    2   L   0.100   0.976   0.312
    3   L   0.103   0.964   0.316
    4   I   0.102   0.962   0.315
    5   F   0.102   0.966   0.314
    6   I   0.105   0.950   0.319
    7   F   0.100   0.952   0.311
    8   S   0.107   0.962   0.322
    9   A   0.100   0.951   0.311
   10   F   0.093   0.942   0.300
   11   I   0.099   0.932   0.310
   12   Q   0.102   0.863   0.314
   13   V   0.096   0.901   0.303
   14   F   0.107   0.876   0.320
   15   T   0.099   0.901   0.307
   16   F   0.169   0.822   0.400
   17   M   0.134   0.766   0.355
   18   T   0.130   0.708   0.348
   19   L   0.105   0.649   0.311
   20   I   0.108   0.677   0.313
   21   V   0.108   0.638   0.310
   22   S   0.101   0.681   0.298
   23   Y   0.139   0.546   0.346
   24   S   0.119   0.406   0.318
   25   Y   0.156   0.321   0.357
   26   I   0.105   0.293   0.288
   27   L   0.108   0.285   0.287
   28   S   0.104   0.565   0.275
   29   A   0.159   0.364   0.337
   30   I   0.157   0.209   0.327
   31   L   0.099   0.192   0.254
   32   K   0.110   0.141   0.260
   33   K   0.102   0.128   0.243
   34   K   0.102   0.146   0.236
   35   S   0.100   0.171   0.226
   36   E   0.116   0.146   0.235
   37   K   0.102   0.132   0.212
   38   G   0.104   0.125   0.206
   39   R   0.096   0.116   0.190
   40   S   0.108   0.137   0.194
   41   K   0.102   0.134   0.181
   42   A   0.100   0.176   0.172
   43   F   0.101   0.158   0.167
   44   S   0.105   0.151   0.163
   45   T   0.103   0.150   0.154
   46   C   0.107   0.166   0.150
   47   S   0.104   0.164   0.144
   48   A   0.100   0.155   0.139
   49   H   0.095   0.232   0.133
   50   L   0.105   0.197   0.139
   51   L   0.097   0.150   0.128
   52   S   0.101   0.136   0.126
   53   V   0.100   0.157   0.125
   54   S   0.105   0.144   0.127
   55   L   0.103   0.125   0.126
   56   F   0.100   0.106   0.124
   57   Y   0.104   0.103   0.125
   58   G   0.100   0.099   0.122
   59   T   0.104   0.090   0.123
   60   L   0.105   0.096   0.123
   61   F   0.103   0.094   0.121
   62   F   0.104   0.094   0.122
   63   M   0.100   0.098   0.118
   64   Y   0.106   0.095   0.121
   65   V   0.097   0.101   0.114
   66   S   0.098   0.109   0.114
   67   S   0.100   0.113   0.114
   68   R   0.124   0.104   0.126
   69   S   0.108   0.101   0.116
   70   G   0.108   0.103   0.115
# Measure  Position  Value    Cutoff   signal peptide?
  max. C    16       0.169
  max. Y    16       0.400
  max. S     2       0.976
  mean S     1-15    0.938
       D     1-15    0.691   0.450   YES
Name=O5AC1_HUMAN_TRANSMEM5	SP='YES' Cleavage site between pos. 15 and 16: VFT-FM D=0.691 D-cutoff=0.450 Networks=SignalP-noTM
