# SignalP-4.1 euk predictions
# Name=O5AU1_HUMAN_TRANSMEM4	Length=70	Networks=SignalP-noTM
# pos  aa    C       S       Y
    1   L   0.102   0.242   0.157
    2   I   0.104   0.221   0.158
    3   V   0.100   0.275   0.155
    4   G   0.104   0.229   0.159
    5   S   0.099   0.200   0.155
    6   Y   0.100   0.236   0.155
    7   S   0.105   0.247   0.158
    8   A   0.103   0.238   0.157
    9   G   0.093   0.223   0.149
   10   F   0.098   0.222   0.153
   11   L   0.098   0.263   0.153
   12   N   0.105   0.280   0.158
   13   S   0.098   0.303   0.153
   14   L   0.099   0.242   0.155
   15   I   0.106   0.190   0.161
   16   H   0.100   0.209   0.155
   17   T   0.104   0.244   0.158
   18   G   0.110   0.234   0.162
   19   C   0.102   0.267   0.156
   20   I   0.111   0.240   0.163
   21   F   0.105   0.149   0.159
   22   S   0.100   0.178   0.154
   23   L   0.135   0.158   0.177
   24   K   0.101   0.190   0.152
   25   F   0.102   0.272   0.152
   26   C   0.101   0.322   0.152
   27   G   0.108   0.267   0.159
   28   A   0.109   0.288   0.160
   29   H   0.166   0.148   0.199
   30   V   0.098   0.184   0.151
   31   V   0.149   0.130   0.186
   32   T   0.101   0.155   0.151
   33   H   0.107   0.128   0.155
   34   F   0.124   0.115   0.164
   35   F   0.105   0.114   0.148
   36   C   0.101   0.131   0.142
   37   D   0.105   0.121   0.143
   38   G   0.101   0.116   0.140
   39   P   0.099   0.105   0.137
   40   P   0.105   0.134   0.138
   41   I   0.103   0.137   0.136
   42   L   0.098   0.143   0.130
   43   S   0.097   0.201   0.127
   44   L   0.113   0.166   0.138
   45   S   0.104   0.173   0.133
   46   C   0.103   0.153   0.132
   47   V   0.103   0.153   0.132
   48   D   0.104   0.172   0.130
   49   T   0.100   0.148   0.125
   50   S   0.104   0.135   0.125
   51   L   0.098   0.124   0.119
   52   C   0.097   0.117   0.118
   53   E   0.108   0.172   0.123
   54   I   0.097   0.167   0.117
   55   L   0.101   0.155   0.120
   56   L   0.105   0.113   0.123
   57   F   0.099   0.102   0.119
   58   I   0.099   0.100   0.119
   59   F   0.099   0.095   0.119
   60   A   0.105   0.097   0.121
   61   G   0.106   0.096   0.121
   62   F   0.102   0.092   0.119
   63   N   0.099   0.095   0.116
   64   L   0.101   0.105   0.117
   65   L   0.097   0.099   0.113
   66   S   0.097   0.099   0.112
   67   C   0.103   0.101   0.114
   68   T   0.125   0.101   0.124
   69   L   0.104   0.099   0.112
   70   T   0.102   0.097   0.110
# Measure  Position  Value    Cutoff   signal peptide?
  max. C    29       0.166
  max. Y    29       0.199
  max. S    26       0.322
  mean S     1-28    0.237
       D     1-28    0.219   0.450   NO
Name=O5AU1_HUMAN_TRANSMEM4	SP='NO' D=0.219 D-cutoff=0.450 Networks=SignalP-noTM
