# SignalP-4.1 euk predictions
# Name=OPSD_HUMAN_TRANSMEM7	Length=64	Networks=SignalP-TM
# pos  aa    C       S       Y
    1   P   0.102   0.395   0.201
    2   I   0.103   0.314   0.202
    3   F   0.101   0.268   0.199
    4   M   0.103   0.266   0.198
    5   T   0.101   0.267   0.194
    6   I   0.102   0.231   0.192
    7   P   0.103   0.236   0.190
    8   A   0.104   0.249   0.188
    9   F   0.097   0.294   0.179
   10   F   0.104   0.298   0.183
   11   A   0.100   0.312   0.178
   12   K   0.098   0.295   0.174
   13   S   0.103   0.313   0.176
   14   A   0.103   0.305   0.174
   15   A   0.101   0.289   0.171
   16   I   0.182   0.226   0.226
   17   Y   0.119   0.194   0.181
   18   N   0.099   0.198   0.163
   19   P   0.101   0.195   0.164
   20   V   0.102   0.189   0.163
   21   I   0.102   0.207   0.161
   22   Y   0.101   0.236   0.161
   23   I   0.103   0.211   0.162
   24   M   0.102   0.193   0.159
   25   M   0.103   0.174   0.157
   26   N   0.103   0.162   0.154
   27   K   0.103   0.173   0.151
   28   Q   0.102   0.175   0.147
   29   F   0.103   0.167   0.144
   30   R   0.102   0.144   0.140
   31   N   0.103   0.124   0.139
   32   C   0.100   0.121   0.135
   33   M   0.102   0.102   0.134
   34   L   0.102   0.107   0.131
   35   T   0.106   0.098   0.132
   36   T   0.105   0.095   0.128
   37   I   0.104   0.092   0.123
   38   C   0.100   0.092   0.117
   39   C   0.102   0.097   0.115
   40   G   0.101   0.096   0.112
   41   K   0.104   0.093   0.112
   42   N   0.101   0.091   0.107
   43   P   0.100   0.094   0.104
   44   L   0.099   0.097   0.101
   45   G   0.100   0.096   0.100
   46   D   0.099   0.099   0.098
   47   D   0.103   0.101   0.100
   48   E   0.104   0.101   0.100
   49   A   0.100   0.102   0.098
   50   S   0.098   0.102   0.097
   51   A   0.102   0.102   0.099
   52   T   0.096   0.102   0.097
   53   V   0.104   0.104   0.101
   54   S   0.101   0.104   0.100
   55   K   0.101   0.103   0.100
   56   T   0.100   0.101   0.100
   57   E   0.102   0.104   0.101
   58   T   0.105   0.099   0.103
   59   S   0.102   0.102   0.102
   60   Q   0.102   0.100   0.102
   61   V   0.104   0.103   0.103
   62   A   0.103   0.104   0.103
   63   P   0.100   0.106   0.101
   64   A   0.105   0.106   0.104
# Measure  Position  Value    Cutoff   signal peptide?
  max. C    16       0.182
  max. Y    16       0.226
  max. S     1       0.395
  mean S     1-15    0.289
       D     1-15    0.251   0.500   NO
Name=OPSD_HUMAN_TRANSMEM7	SP='NO' D=0.251 D-cutoff=0.500 Networks=SignalP-TM
