# SignalP-4.1 euk predictions
# Name=OPSX_HUMAN_TRANSMEM2	Length=70	Networks=SignalP-noTM
# pos  aa    C       S       Y
    1   A   0.103   0.227   0.153
    2   I   0.100   0.287   0.151
    3   I   0.103   0.315   0.154
    4   I   0.100   0.309   0.153
    5   N   0.103   0.282   0.156
    6   L   0.103   0.231   0.157
    7   A   0.102   0.228   0.156
    8   V   0.097   0.214   0.153
    9   T   0.104   0.181   0.157
   10   D   0.103   0.168   0.156
   11   I   0.101   0.206   0.154
   12   G   0.104   0.204   0.156
   13   V   0.093   0.272   0.147
   14   S   0.096   0.264   0.150
   15   S   0.105   0.211   0.158
   16   I   0.124   0.138   0.171
   17   G   0.106   0.132   0.157
   18   Y   0.115   0.128   0.161
   19   P   0.096   0.149   0.146
   20   M   0.103   0.173   0.150
   21   S   0.103   0.335   0.150
   22   A   0.104   0.313   0.152
   23   A   0.117   0.265   0.163
   24   S   0.173   0.161   0.198
   25   D   0.120   0.113   0.163
   26   L   0.104   0.110   0.148
   27   Y   0.104   0.105   0.146
   28   G   0.101   0.101   0.141
   29   S   0.104   0.098   0.141
   30   W   0.104   0.108   0.138
   31   K   0.109   0.113   0.139
   32   F   0.100   0.105   0.132
   33   G   0.100   0.111   0.131
   34   Y   0.102   0.112   0.131
   35   A   0.107   0.143   0.133
   36   G   0.125   0.138   0.141
   37   C   0.102   0.122   0.125
   38   Q   0.122   0.149   0.135
   39   V   0.102   0.171   0.123
   40   Y   0.103   0.286   0.125
   41   A   0.101   0.229   0.127
   42   G   0.104   0.175   0.130
   43   L   0.104   0.192   0.130
   44   N   0.108   0.188   0.130
   45   I   0.102   0.187   0.124
   46   F   0.105   0.205   0.124
   47   F   0.100   0.304   0.122
   48   G   0.103   0.270   0.127
   49   M   0.105   0.196   0.131
   50   A   0.102   0.335   0.131
   51   S   0.101   0.230   0.135
   52   I   0.108   0.172   0.141
   53   G   0.100   0.184   0.137
   54   L   0.103   0.166   0.140
   55   L   0.104   0.127   0.142
   56   T   0.099   0.118   0.138
   57   V   0.105   0.110   0.143
   58   V   0.106   0.109   0.143
   59   A   0.103   0.107   0.141
   60   V   0.110   0.100   0.145
   61   D   0.110   0.094   0.144
   62   R   0.101   0.092   0.137
   63   Y   0.103   0.096   0.135
   64   L   0.099   0.097   0.130
   65   T   0.103   0.097   0.131
   66   I   0.106   0.099   0.131
   67   C   0.104   0.099   0.129
   68   L   0.105   0.096   0.128
   69   P   0.098   0.097   0.121
   70   D   0.107   0.098   0.123
# Measure  Position  Value    Cutoff   signal peptide?
  max. C    24       0.173
  max. Y    24       0.198
  max. S    21       0.335
  mean S     1-23    0.227
       D     1-23    0.214   0.450   NO
Name=OPSX_HUMAN_TRANSMEM2	SP='NO' D=0.214 D-cutoff=0.450 Networks=SignalP-noTM
