# SignalP-4.1 euk predictions
# Name=OR1P1_HUMAN_TRANSMEM5	Length=70	Networks=SignalP-TM
# pos  aa    C       S       Y
    1   L   0.102   0.251   0.160
    2   V   0.103   0.176   0.161
    3   L   0.102   0.121   0.158
    4   L   0.105   0.100   0.158
    5   F   0.101   0.091   0.151
    6   L   0.105   0.080   0.150
    7   G   0.106   0.063   0.146
    8   G   0.101   0.056   0.138
    9   A   0.103   0.042   0.134
   10   V   0.098   0.040   0.125
   11   I   0.101   0.038   0.121
   12   L   0.099   0.025   0.113
   13   I   0.100   0.024   0.106
   14   P   0.099   0.036   0.098
   15   F   0.102   0.031   0.091
   16   M   0.099   0.031   0.081
   17   L   0.102   0.045   0.075
   18   I   0.103   0.044   0.072
   19   L   0.113   0.046   0.072
   20   V   0.103   0.069   0.066
   21   S   0.121   0.072   0.071
   22   Y   0.107   0.104   0.068
   23   I   0.123   0.121   0.075
   24   R   0.114   0.162   0.077
   25   I   0.103   0.306   0.079
   26   V   0.113   0.399   0.095
   27   S   0.100   0.535   0.103
   28   A   0.117   0.435   0.130
   29   I   0.711   0.166   0.349
   30   L   0.100   0.203   0.135
   31   R   0.107   0.218   0.144
   32   A   0.110   0.194   0.151
   33   P   0.102   0.151   0.149
   34   S   0.103   0.247   0.152
   35   A   0.106   0.247   0.158
   36   Q   0.109   0.155   0.165
   37   G   0.106   0.175   0.164
   38   R   0.147   0.120   0.195
   39   R   0.104   0.121   0.163
   40   K   0.104   0.123   0.158
   41   A   0.102   0.149   0.150
   42   F   0.099   0.126   0.138
   43   S   0.105   0.098   0.134
   44   T   0.104   0.088   0.131
   45   C   0.104   0.088   0.128
   46   D   0.101   0.104   0.123
   47   S   0.104   0.087   0.122
   48   H   0.101   0.072   0.118
   49   L   0.103   0.082   0.113
   50   V   0.103   0.071   0.108
   51   V   0.102   0.069   0.104
   52   V   0.106   0.066   0.103
   53   A   0.103   0.065   0.100
   54   L   0.100   0.073   0.096
   55   F   0.105   0.079   0.096
   56   F   0.099   0.062   0.091
   57   G   0.104   0.085   0.091
   58   T   0.099   0.098   0.088
   59   V   0.105   0.080   0.091
   60   I   0.104   0.105   0.090
   61   R   0.101   0.155   0.089
   62   A   0.102   0.124   0.092
   63   Y   0.120   0.090   0.102
   64   L   0.101   0.081   0.094
   65   C   0.101   0.076   0.094
   66   P   0.101   0.098   0.095
   67   S   0.105   0.111   0.098
   68   S   0.101   0.116   0.098
   69   S   0.102   0.103   0.100
   70   S   0.103   0.100   0.101
# Measure  Position  Value    Cutoff   signal peptide?
  max. C    29       0.711
  max. Y    29       0.349
  max. S    27       0.535
  mean S     1-28    0.127
       D     1-28    0.260   0.500   NO
Name=OR1P1_HUMAN_TRANSMEM5	SP='NO' D=0.260 D-cutoff=0.500 Networks=SignalP-TM
