# SignalP-4.1 euk predictions
# Name=OR2I1_HUMAN_TRANSMEM4	Length=70	Networks=SignalP-TM
# pos  aa    C       S       Y
    1   L   0.102   0.492   0.224
    2   C   0.102   0.485   0.224
    3   R   0.101   0.467   0.223
    4   T   0.105   0.374   0.227
    5   L   0.103   0.357   0.223
    6   A   0.104   0.332   0.222
    7   S   0.100   0.306   0.215
    8   A   0.102   0.324   0.214
    9   S   0.098   0.371   0.207
   10   W   0.101   0.444   0.207
   11   L   0.099   0.514   0.205
   12   S   0.101   0.433   0.207
   13   G   0.098   0.423   0.203
   14   L   0.098   0.411   0.202
   15   T   0.101   0.409   0.203
   16   N   0.104   0.412   0.205
   17   S   0.109   0.384   0.208
   18   V   0.181   0.349   0.266
   19   A   0.105   0.433   0.203
   20   Q   0.184   0.354   0.270
   21   T   0.137   0.280   0.233
   22   A   0.143   0.274   0.238
   23   L   0.105   0.281   0.203
   24   L   0.105   0.215   0.202
   25   A   0.111   0.183   0.202
   26   E   0.130   0.142   0.212
   27   R   0.105   0.140   0.185
   28   P   0.103   0.143   0.177
   29   L   0.107   0.160   0.175
   30   C   0.103   0.209   0.166
   31   A   0.103   0.205   0.161
   32   P   0.100   0.171   0.155
   33   R   0.110   0.128   0.159
   34   L   0.104   0.151   0.146
   35   L   0.103   0.166   0.140
   36   D   0.103   0.155   0.137
   37   H   0.100   0.168   0.133
   38   F   0.100   0.163   0.129
   39   I   0.104   0.147   0.130
   40   C   0.104   0.127   0.129
   41   E   0.101   0.127   0.127
   42   L   0.103   0.127   0.128
   43   P   0.102   0.115   0.127
   44   A   0.101   0.151   0.125
   45   L   0.098   0.165   0.121
   46   L   0.101   0.158   0.122
   47   K   0.101   0.156   0.121
   48   L   0.105   0.121   0.125
   49   A   0.104   0.112   0.123
   50   C   0.097   0.114   0.117
   51   G   0.105   0.128   0.121
   52   G   0.114   0.132   0.125
   53   D   0.100   0.113   0.116
   54   G   0.102   0.110   0.116
   55   D   0.121   0.104   0.126
   56   T   0.099   0.108   0.113
   57   T   0.101   0.112   0.113
   58   E   0.100   0.106   0.113
   59   N   0.102   0.106   0.112
   60   Q   0.101   0.096   0.110
   61   M   0.099   0.103   0.107
   62   F   0.104   0.107   0.108
   63   A   0.106   0.105   0.108
   64   A   0.101   0.108   0.105
   65   R   0.102   0.098   0.106
   66   V   0.105   0.090   0.106
   67   V   0.104   0.089   0.105
   68   I   0.107   0.080   0.105
   69   L   0.103   0.083   0.102
   70   L   0.102   0.084   0.101
# Measure  Position  Value    Cutoff   signal peptide?
  max. C    20       0.184
  max. Y    20       0.270
  max. S    11       0.514
  mean S     1-19    0.406
       D     1-19    0.325   0.500   NO
Name=OR2I1_HUMAN_TRANSMEM4	SP='NO' D=0.325 D-cutoff=0.500 Networks=SignalP-TM
