# SignalP-4.1 euk predictions
# Name=OR2T3_HUMAN_TRANSMEM6	Length=70	Networks=SignalP-TM
# pos  aa    C       S       Y
    1   A   0.103   0.536   0.235
    2   L   0.100   0.576   0.232
    3   A   0.105   0.504   0.237
    4   T   0.101   0.436   0.233
    5   C   0.105   0.322   0.236
    6   S   0.101   0.451   0.228
    7   S   0.102   0.438   0.227
    8   H   0.101   0.534   0.224
    9   M   0.098   0.445   0.221
   10   I   0.100   0.407   0.223
   11   I   0.101   0.416   0.222
   12   V   0.101   0.507   0.220
   13   L   0.102   0.524   0.220
   14   L   0.103   0.554   0.221
   15   L   0.100   0.560   0.218
   16   F   0.103   0.577   0.221
   17   G   0.104   0.632   0.222
   18   A   0.116   0.563   0.238
   19   S   0.105   0.601   0.228
   20   F   0.119   0.575   0.247
   21   Y   0.116   0.450   0.247
   22   T   0.113   0.351   0.244
   23   Y   0.115   0.276   0.243
   24   M   0.103   0.274   0.227
   25   L   0.171   0.155   0.290
   26   P   0.100   0.212   0.217
   27   S   0.133   0.186   0.245
   28   S   0.102   0.198   0.209
   29   Y   0.103   0.200   0.203
   30   H   0.103   0.188   0.197
   31   T   0.107   0.184   0.193
   32   A   0.108   0.164   0.185
   33   E   0.105   0.134   0.174
   34   Q   0.103   0.131   0.161
   35   D   0.107   0.103   0.154
   36   M   0.100   0.085   0.140
   37   M   0.101   0.085   0.134
   38   V   0.102   0.080   0.129
   39   S   0.106   0.049   0.126
   40   A   0.104   0.053   0.122
   41   F   0.103   0.064   0.116
   42   Y   0.103   0.075   0.113
   43   T   0.102   0.052   0.108
   44   I   0.103   0.064   0.103
   45   F   0.101   0.051   0.098
   46   T   0.103   0.038   0.094
   47   P   0.104   0.041   0.089
   48   V   0.102   0.037   0.084
   49   L   0.104   0.033   0.081
   50   N   0.104   0.045   0.077
   51   P   0.099   0.055   0.074
   52   L   0.106   0.048   0.075
   53   I   0.104   0.046   0.072
   54   Y   0.104   0.057   0.072
   55   S   0.101   0.091   0.072
   56   L   0.101   0.106   0.073
   57   R   0.102   0.102   0.075
   58   N   0.100   0.100   0.076
   59   K   0.099   0.095   0.078
   60   D   0.100   0.097   0.080
   61   V   0.103   0.101   0.084
   62   T   0.101   0.101   0.085
   63   R   0.104   0.103   0.089
   64   A   0.101   0.107   0.091
   65   L   0.103   0.103   0.094
   66   R   0.103   0.100   0.096
   67   S   0.099   0.097   0.096
   68   M   0.102   0.098   0.099
   69   M   0.104   0.098   0.102
   70   Q   0.103   0.098   0.102
# Measure  Position  Value    Cutoff   signal peptide?
  max. C    25       0.171
  max. Y    25       0.290
  max. S    17       0.632
  mean S     1-24    0.480
       D     1-24    0.366   0.500   NO
Name=OR2T3_HUMAN_TRANSMEM6	SP='NO' D=0.366 D-cutoff=0.500 Networks=SignalP-TM
