# SignalP-4.1 euk predictions
# Name=OR5BC_HUMAN_TRANSMEM1	Length=70	Networks=SignalP-noTM
# pos  aa    C       S       Y
    1   P   0.102   0.958   0.312
    2   L   0.103   0.956   0.314
    3   F   0.103   0.955   0.314
    4   I   0.104   0.942   0.316
    5   V   0.102   0.955   0.312
    6   F   0.101   0.954   0.310
    7   L   0.103   0.940   0.314
    8   F   0.103   0.931   0.314
    9   I   0.103   0.946   0.313
   10   Y   0.102   0.942   0.312
   11   L   0.099   0.937   0.307
   12   I   0.101   0.954   0.310
   13   T   0.099   0.955   0.308
   14   L   0.102   0.961   0.312
   15   V   0.103   0.950   0.313
   16   G   0.111   0.929   0.325
   17   N   0.151   0.837   0.379
   18   L   0.283   0.666   0.517
   19   G   0.131   0.676   0.350
   20   M   0.305   0.457   0.529
   21   I   0.127   0.300   0.337
   22   E   0.109   0.284   0.307
   23   L   0.105   0.358   0.296
   24   I   0.162   0.167   0.362
   25   L   0.100   0.214   0.278
   26   L   0.099   0.244   0.271
   27   D   0.128   0.123   0.300
   28   S   0.103   0.140   0.262
   29   C   0.106   0.136   0.259
   30   L   0.113   0.124   0.259
   31   H   0.103   0.177   0.241
   32   T   0.134   0.100   0.265
   33   P   0.095   0.124   0.215
   34   M   0.099   0.124   0.211
   35   Y   0.100   0.121   0.203
   36   F   0.099   0.126   0.193
   37   F   0.098   0.111   0.181
   38   L   0.100   0.120   0.172
   39   S   0.100   0.126   0.162
   40   N   0.094   0.143   0.147
   41   L   0.101   0.134   0.144
   42   S   0.102   0.133   0.135
   43   L   0.101   0.135   0.129
   44   V   0.106   0.148   0.129
   45   D   0.099   0.153   0.123
   46   F   0.100   0.162   0.119
   47   G   0.105   0.136   0.122
   48   Y   0.098   0.158   0.117
   49   S   0.102   0.192   0.117
   50   S   0.146   0.131   0.142
   51   A   0.096   0.098   0.115
   52   V   0.160   0.097   0.147
   53   T   0.098   0.110   0.115
   54   P   0.100   0.116   0.114
   55   K   0.105   0.104   0.117
   56   V   0.100   0.116   0.115
   57   M   0.103   0.102   0.116
   58   V   0.098   0.099   0.113
   59   G   0.105   0.098   0.116
   60   F   0.105   0.097   0.116
   61   L   0.109   0.096   0.117
   62   T   0.107   0.092   0.116
   63   G   0.107   0.094   0.115
   64   D   0.098   0.097   0.109
   65   K   0.108   0.095   0.114
   66   F   0.105   0.094   0.111
   67   I   0.104   0.094   0.109
   68   L   0.100   0.094   0.106
   69   Y   0.104   0.098   0.107
   70   N   0.101   0.096   0.104
# Measure  Position  Value    Cutoff   signal peptide?
  max. C    20       0.305
  max. Y    20       0.529
  max. S    14       0.961
  mean S     1-19    0.913
       D     1-19    0.737   0.450   YES
Name=OR5BC_HUMAN_TRANSMEM1	SP='YES' Cleavage site between pos. 19 and 20: NLG-MI D=0.737 D-cutoff=0.450 Networks=SignalP-noTM
