# SignalP-4.1 euk predictions
# Name=OR5DG_HUMAN_TRANSMEM6	Length=70	Networks=SignalP-TM
# pos  aa    C       S       Y
    1   F   0.101   0.300   0.174
    2   S   0.103   0.283   0.176
    3   T   0.101   0.350   0.174
    4   C   0.104   0.364   0.178
    5   A   0.102   0.410   0.177
    6   S   0.098   0.410   0.176
    7   H   0.100   0.394   0.179
    8   L   0.099   0.393   0.181
    9   T   0.103   0.398   0.186
   10   A   0.101   0.439   0.186
   11   I   0.099   0.394   0.187
   12   T   0.103   0.420   0.193
   13   I   0.102   0.399   0.194
   14   F   0.102   0.445   0.196
   15   H   0.099   0.373   0.196
   16   G   0.102   0.378   0.200
   17   T   0.105   0.321   0.205
   18   I   0.103   0.355   0.202
   19   L   0.103   0.305   0.201
   20   F   0.113   0.227   0.209
   21   L   0.105   0.184   0.198
   22   Y   0.105   0.171   0.195
   23   C   0.100   0.177   0.185
   24   V   0.144   0.115   0.217
   25   P   0.102   0.207   0.176
   26   N   0.109   0.170   0.178
   27   S   0.101   0.169   0.166
   28   K   0.105   0.110   0.164
   29   N   0.100   0.140   0.152
   30   S   0.131   0.151   0.168
   31   R   0.139   0.121   0.167
   32   H   0.105   0.105   0.140
   33   T   0.104   0.128   0.132
   34   V   0.100   0.116   0.124
   35   K   0.101   0.116   0.122
   36   V   0.101   0.082   0.120
   37   A   0.102   0.078   0.118
   38   S   0.099   0.072   0.113
   39   V   0.103   0.062   0.114
   40   F   0.101   0.074   0.108
   41   Y   0.106   0.050   0.107
   42   T   0.101   0.045   0.100
   43   V   0.104   0.046   0.100
   44   V   0.105   0.047   0.097
   45   I   0.101   0.038   0.091
   46   P   0.100   0.043   0.087
   47   L   0.104   0.038   0.086
   48   L   0.105   0.034   0.083
   49   N   0.101   0.058   0.077
   50   P   0.100   0.044   0.074
   51   L   0.104   0.045   0.074
   52   I   0.105   0.061   0.072
   53   Y   0.104   0.088   0.071
   54   S   0.102   0.129   0.072
   55   L   0.110   0.101   0.077
   56   R   0.101   0.093   0.077
   57   N   0.100   0.090   0.079
   58   K   0.098   0.085   0.080
   59   D   0.100   0.087   0.082
   60   V   0.103   0.092   0.086
   61   K   0.102   0.089   0.087
   62   D   0.102   0.091   0.089
   63   A   0.098   0.097   0.090
   64   I   0.098   0.097   0.091
   65   R   0.104   0.096   0.096
   66   K   0.101   0.098   0.097
   67   I   0.102   0.099   0.099
   68   I   0.104   0.098   0.100
   69   N   0.103   0.100   0.099
   70   T   0.104   0.098   0.099
# Measure  Position  Value    Cutoff   signal peptide?
  max. C    24       0.144
  max. Y    24       0.217
  max. S    14       0.445
  mean S     1-23    0.343
       D     1-23    0.268   0.500   NO
Name=OR5DG_HUMAN_TRANSMEM6	SP='NO' D=0.268 D-cutoff=0.500 Networks=SignalP-TM
