# SignalP-4.1 euk predictions
# Name=OR5DE_HUMAN_TRANSMEM4	Length=70	Networks=SignalP-TM
# pos  aa    C       S       Y
    1   L   0.102   0.451   0.215
    2   C   0.104   0.500   0.217
    3   A   0.103   0.393   0.216
    4   L   0.100   0.390   0.212
    5   L   0.103   0.361   0.215
    6   V   0.102   0.292   0.212
    7   A   0.105   0.274   0.212
    8   G   0.100   0.244   0.204
    9   S   0.099   0.166   0.199
   10   Y   0.102   0.168   0.197
   11   L   0.101   0.232   0.191
   12   W   0.099   0.182   0.185
   13   G   0.096   0.207   0.176
   14   M   0.103   0.212   0.178
   15   F   0.101   0.218   0.172
   16   G   0.103   0.238   0.168
   17   P   0.113   0.251   0.170
   18   L   0.108   0.258   0.162
   19   V   0.103   0.293   0.156
   20   L   0.101   0.328   0.153
   21   L   0.107   0.360   0.158
   22   C   0.112   0.389   0.164
   23   Y   0.117   0.319   0.171
   24   A   0.108   0.355   0.168
   25   L   0.199   0.288   0.234
   26   R   0.104   0.365   0.170
   27   L   0.123   0.349   0.189
   28   N   0.102   0.249   0.176
   29   F   0.103   0.243   0.177
   30   S   0.105   0.242   0.179
   31   G   0.148   0.205   0.213
   32   P   0.100   0.223   0.174
   33   N   0.119   0.180   0.189
   34   V   0.099   0.230   0.171
   35   I   0.101   0.177   0.170
   36   N   0.102   0.181   0.166
   37   H   0.101   0.151   0.161
   38   F   0.104   0.137   0.159
   39   F   0.103   0.139   0.154
   40   C   0.101   0.138   0.149
   41   E   0.102   0.132   0.144
   42   Y   0.102   0.135   0.138
   43   T   0.103   0.093   0.136
   44   A   0.104   0.105   0.133
   45   L   0.097   0.101   0.124
   46   I   0.104   0.092   0.125
   47   S   0.100   0.077   0.119
   48   V   0.099   0.077   0.116
   49   S   0.104   0.084   0.113
   50   G   0.102   0.108   0.110
   51   S   0.103   0.136   0.107
   52   D   0.103   0.155   0.107
   53   I   0.101   0.154   0.106
   54   L   0.099   0.171   0.106
   55   I   0.100   0.182   0.108
   56   P   0.103   0.162   0.111
   57   H   0.103   0.162   0.112
   58   L   0.102   0.173   0.113
   59   L   0.103   0.162   0.116
   60   L   0.099   0.162   0.116
   61   F   0.102   0.171   0.120
   62   S   0.102   0.175   0.123
   63   F   0.106   0.177   0.128
   64   A   0.104   0.200   0.129
   65   T   0.100   0.159   0.129
   66   F   0.102   0.155   0.132
   67   N   0.099   0.113   0.129
   68   E   0.099   0.096   0.128
   69   M   0.096   0.101   0.124
   70   C   0.096   0.086   0.122
# Measure  Position  Value    Cutoff   signal peptide?
  max. C    25       0.199
  max. Y    25       0.234
  max. S     2       0.500
  mean S     1-24    0.295
       D     1-24    0.258   0.500   NO
Name=OR5DE_HUMAN_TRANSMEM4	SP='NO' D=0.258 D-cutoff=0.500 Networks=SignalP-TM
