# SignalP-4.1 euk predictions
# Name=OR5DE_HUMAN_TRANSMEM7	Length=41	Networks=SignalP-noTM
# pos  aa    C       S       Y
    1   K   0.102   0.165   0.130
    2   V   0.103   0.115   0.130
    3   A   0.102   0.104   0.129
    4   S   0.100   0.113   0.127
    5   V   0.100   0.115   0.125
    6   F   0.097   0.114   0.123
    7   Y   0.105   0.107   0.127
    8   T   0.098   0.129   0.122
    9   V   0.104   0.116   0.124
   10   V   0.104   0.098   0.124
   11   N   0.103   0.093   0.122
   12   P   0.098   0.097   0.117
   13   M   0.100   0.103   0.117
   14   L   0.107   0.128   0.120
   15   N   0.101   0.120   0.116
   16   P   0.097   0.121   0.113
   17   L   0.103   0.129   0.115
   18   I   0.104   0.158   0.115
   19   Y   0.104   0.158   0.115
   20   S   0.102   0.155   0.114
   21   L   0.123   0.113   0.125
   22   R   0.104   0.111   0.113
   23   N   0.105   0.103   0.113
   24   K   0.100   0.100   0.109
   25   D   0.101   0.102   0.109
   26   V   0.102   0.103   0.110
   27   K   0.101   0.107   0.109
   28   D   0.105   0.101   0.111
   29   A   0.097   0.099   0.106
   30   F   0.098   0.097   0.106
   31   W   0.101   0.099   0.107
   32   K   0.096   0.098   0.104
   33   L   0.100   0.095   0.107
   34   I   0.104   0.098   0.109
   35   H   0.102   0.093   0.107
   36   T   0.107   0.094   0.110
   37   Q   0.105   0.098   0.108
   38   V   0.102   0.098   0.106
   39   P   0.101   0.096   0.105
   40   F   0.104   0.096   0.106
   41   H   0.094   0.097   0.099
# Measure  Position  Value    Cutoff   signal peptide?
  max. C    21       0.123
  max. Y    21       0.125
  max. S     1       0.165
  mean S     1-20    0.122
       D     1-20    0.123   0.450   NO
Name=OR5DE_HUMAN_TRANSMEM7	SP='NO' D=0.123 D-cutoff=0.450 Networks=SignalP-noTM
