# SignalP-4.1 euk predictions
# Name=OR5H6_HUMAN_TRANSMEM7	Length=38	Networks=SignalP-noTM
# pos  aa    C       S       Y
    1   M   0.101   0.351   0.188
    2   M   0.102   0.237   0.190
    3   E   0.102   0.238   0.187
    4   S   0.102   0.224   0.187
    5   L   0.100   0.227   0.183
    6   F   0.100   0.207   0.182
    7   Y   0.100   0.212   0.180
    8   T   0.102   0.206   0.180
    9   V   0.102   0.183   0.178
   10   I   0.105   0.159   0.178
   11   V   0.102   0.157   0.173
   12   P   0.097   0.161   0.166
   13   L   0.102   0.147   0.168
   14   L   0.101   0.161   0.164
   15   N   0.098   0.141   0.159
   16   P   0.100   0.158   0.158
   17   M   0.105   0.167   0.159
   18   I   0.104   0.177   0.155
   19   Y   0.103   0.168   0.152
   20   S   0.096   0.137   0.144
   21   L   0.132   0.112   0.165
   22   R   0.101   0.110   0.140
   23   N   0.104   0.120   0.138
   24   K   0.103   0.110   0.134
   25   Q   0.099   0.105   0.129
   26   V   0.105   0.103   0.130
   27   I   0.104   0.097   0.127
   28   A   0.101   0.100   0.123
   29   S   0.102   0.098   0.121
   30   F   0.104   0.097   0.121
   31   T   0.099   0.096   0.115
   32   K   0.102   0.097   0.115
   33   M   0.102   0.095   0.114
   34   F   0.098   0.095   0.111
   35   K   0.101   0.093   0.111
   36   S   0.100   0.096   0.109
   37   N   0.101   0.097   0.109
   38   V   0.099   0.098   0.107
# Measure  Position  Value    Cutoff   signal peptide?
  max. C    21       0.132
  max. Y    11       0.173
  max. S     1       0.351
  mean S     1-10    0.224
       D     1-10    0.201   0.450   NO
Name=OR5H6_HUMAN_TRANSMEM7	SP='NO' D=0.201 D-cutoff=0.450 Networks=SignalP-noTM
