# SignalP-4.1 euk predictions
# Name=OR5K4_HUMAN_TRANSMEM3	Length=70	Networks=SignalP-noTM
# pos  aa    C       S       Y
    1   M   0.103   0.580   0.245
    2   A   0.104   0.552   0.246
    3   Q   0.097   0.597   0.237
    4   F   0.102   0.569   0.243
    5   Y   0.101   0.548   0.241
    6   F   0.102   0.572   0.243
    7   L   0.101   0.605   0.242
    8   C   0.103   0.539   0.244
    9   L   0.104   0.468   0.245
   10   A   0.101   0.510   0.241
   11   E   0.108   0.454   0.247
   12   T   0.104   0.423   0.242
   13   T   0.102   0.347   0.238
   14   D   0.100   0.469   0.233
   15   C   0.098   0.563   0.229
   16   F   0.187   0.302   0.318
   17   L   0.098   0.401   0.227
   18   L   0.110   0.247   0.238
   19   A   0.105   0.226   0.230
   20   T   0.105   0.133   0.226
   21   M   0.105   0.160   0.222
   22   A   0.102   0.168   0.213
   23   Y   0.165   0.113   0.266
   24   D   0.100   0.115   0.202
   25   R   0.103   0.122   0.200
   26   Y   0.104   0.133   0.195
   27   V   0.102   0.133   0.188
   28   A   0.098   0.131   0.180
   29   I   0.106   0.120   0.181
   30   C   0.118   0.102   0.183
   31   H   0.143   0.085   0.195
   32   P   0.101   0.083   0.158
   33   L   0.109   0.095   0.158
   34   Q   0.099   0.099   0.145
   35   Y   0.104   0.111   0.144
   36   H   0.107   0.108   0.141
   37   T   0.099   0.121   0.130
   38   M   0.101   0.108   0.123
   39   M   0.105   0.101   0.122
   40   S   0.095   0.096   0.110
   41   K   0.101   0.107   0.110
   42   T   0.099   0.105   0.107
   43   L   0.104   0.095   0.109
   44   C   0.101   0.091   0.106
   45   I   0.123   0.094   0.115
   46   R   0.102   0.114   0.104
   47   M   0.104   0.139   0.105
   48   T   0.099   0.119   0.103
   49   T   0.102   0.166   0.105
   50   G   0.105   0.224   0.107
   51   A   0.109   0.135   0.111
   52   F   0.097   0.111   0.105
   53   K   0.104   0.129   0.109
   54   A   0.103   0.120   0.109
   55   G   0.108   0.113   0.112
   56   N   0.101   0.123   0.110
   57   L   0.102   0.114   0.110
   58   H   0.096   0.112   0.107
   59   S   0.100   0.115   0.109
   60   M   0.104   0.111   0.111
   61   I   0.105   0.108   0.112
   62   H   0.101   0.100   0.110
   63   V   0.102   0.097   0.111
   64   G   0.098   0.100   0.108
   65   L   0.099   0.103   0.109
   66   L   0.100   0.098   0.110
   67   L   0.101   0.107   0.110
   68   R   0.103   0.107   0.112
   69   L   0.102   0.105   0.111
   70   T   0.108   0.107   0.113
# Measure  Position  Value    Cutoff   signal peptide?
  max. C    16       0.187
  max. Y    16       0.318
  max. S     7       0.605
  mean S     1-15    0.520
       D     1-15    0.427   0.450   NO
Name=OR5K4_HUMAN_TRANSMEM3	SP='NO' D=0.427 D-cutoff=0.450 Networks=SignalP-noTM
