# SignalP-4.1 euk predictions
# Name=OR6K2_HUMAN_TRANSMEM3	Length=70	Networks=SignalP-TM
# pos  aa    C       S       Y
    1   Q   0.100   0.364   0.191
    2   M   0.101   0.428   0.192
    3   Y   0.101   0.469   0.193
    4   F   0.102   0.413   0.196
    5   F   0.102   0.473   0.196
    6   H   0.101   0.457   0.198
    7   S   0.103   0.423   0.201
    8   T   0.100   0.490   0.199
    9   G   0.103   0.511   0.205
   10   I   0.098   0.542   0.202
   11   C   0.100   0.464   0.207
   12   E   0.101   0.380   0.210
   13   V   0.099   0.449   0.208
   14   C   0.100   0.403   0.211
   15   L   0.103   0.393   0.215
   16   L   0.102   0.467   0.214
   17   T   0.105   0.485   0.218
   18   V   0.103   0.465   0.216
   19   M   0.100   0.444   0.214
   20   A   0.105   0.512   0.218
   21   F   0.202   0.284   0.304
   22   D   0.106   0.302   0.219
   23   H   0.102   0.280   0.211
   24   Y   0.099   0.316   0.204
   25   L   0.102   0.323   0.202
   26   A   0.102   0.397   0.201
   27   I   0.159   0.240   0.250
   28   C   0.105   0.213   0.199
   29   S   0.121   0.197   0.210
   30   P   0.102   0.201   0.190
   31   L   0.131   0.193   0.209
   32   H   0.099   0.201   0.175
   33   Y   0.100   0.214   0.171
   34   P   0.101   0.196   0.167
   35   S   0.104   0.179   0.162
   36   I   0.101   0.215   0.158
   37   M   0.104   0.256   0.158
   38   T   0.098   0.207   0.153
   39   P   0.101   0.233   0.153
   40   K   0.102   0.213   0.151
   41   L   0.100   0.192   0.146
   42   C   0.104   0.212   0.147
   43   T   0.105   0.211   0.147
   44   Q   0.108   0.151   0.150
   45   L   0.103   0.172   0.145
   46   T   0.103   0.164   0.145
   47   L   0.102   0.150   0.143
   48   S   0.101   0.177   0.141
   49   C   0.104   0.133   0.142
   50   C   0.102   0.146   0.140
   51   V   0.101   0.167   0.138
   52   C   0.101   0.177   0.135
   53   G   0.102   0.148   0.135
   54   F   0.101   0.150   0.132
   55   I   0.100   0.173   0.130
   56   T   0.099   0.179   0.128
   57   P   0.096   0.192   0.125
   58   L   0.107   0.170   0.132
   59   P   0.104   0.205   0.131
   60   E   0.101   0.187   0.130
   61   I   0.102   0.212   0.131
   62   A   0.102   0.195   0.133
   63   W   0.096   0.190   0.129
   64   I   0.106   0.167   0.137
   65   S   0.102   0.128   0.135
   66   T   0.101   0.117   0.134
   67   L   0.103   0.109   0.133
   68   P   0.101   0.103   0.131
   69   F   0.100   0.100   0.129
   70   C   0.104   0.102   0.129
# Measure  Position  Value    Cutoff   signal peptide?
  max. C    21       0.202
  max. Y    21       0.304
  max. S    10       0.542
  mean S     1-20    0.452
       D     1-20    0.363   0.500   NO
Name=OR6K2_HUMAN_TRANSMEM3	SP='NO' D=0.363 D-cutoff=0.500 Networks=SignalP-TM
