# SignalP-4.1 euk predictions
# Name=OR6Y1_HUMAN_TRANSMEM5	Length=70	Networks=SignalP-TM
# pos  aa    C       S       Y
    1   V   0.101   0.734   0.272
    2   D   0.102   0.778   0.274
    3   F   0.103   0.726   0.275
    4   F   0.101   0.626   0.273
    5   L   0.105   0.435   0.277
    6   A   0.104   0.405   0.272
    7   L   0.096   0.430   0.256
    8   M   0.105   0.396   0.264
    9   V   0.101   0.355   0.254
   10   I   0.106   0.337   0.254
   11   A   0.103   0.278   0.245
   12   I   0.103   0.177   0.238
   13   P   0.101   0.225   0.227
   14   L   0.101   0.168   0.219
   15   C   0.099   0.186   0.208
   16   V   0.107   0.172   0.206
   17   V   0.101   0.228   0.188
   18   V   0.115   0.180   0.191
   19   A   0.117   0.197   0.182
   20   S   0.409   0.191   0.330
   21   Y   0.150   0.130   0.194
   22   A   0.111   0.160   0.160
   23   A   0.441   0.124   0.307
   24   I   0.119   0.137   0.153
   25   L   0.107   0.151   0.140
   26   A   0.104   0.178   0.134
   27   T   0.142   0.129   0.157
   28   I   0.108   0.134   0.134
   29   L   0.102   0.131   0.129
   30   R   0.106   0.166   0.130
   31   I   0.113   0.171   0.134
   32   P   0.102   0.163   0.126
   33   S   0.106   0.278   0.128
   34   A   0.108   0.254   0.132
   35   Q   0.142   0.138   0.153
   36   G   0.104   0.227   0.131
   37   R   0.270   0.155   0.214
   38   Q   0.103   0.148   0.133
   39   K   0.107   0.155   0.136
   40   A   0.101   0.138   0.132
   41   F   0.098   0.119   0.129
   42   S   0.103   0.088   0.132
   43   T   0.105   0.099   0.132
   44   C   0.105   0.086   0.131
   45   A   0.102   0.085   0.127
   46   S   0.100   0.087   0.123
   47   H   0.101   0.060   0.122
   48   L   0.100   0.071   0.114
   49   T   0.104   0.049   0.111
   50   V   0.100   0.035   0.106
   51   V   0.104   0.034   0.101
   52   I   0.104   0.027   0.097
   53   L   0.103   0.031   0.091
   54   F   0.102   0.036   0.086
   55   Y   0.101   0.038   0.081
   56   S   0.102   0.058   0.078
   57   M   0.099   0.062   0.075
   58   T   0.102   0.072   0.074
   59   L   0.104   0.098   0.074
   60   F   0.099   0.105   0.073
   61   T   0.102   0.122   0.075
   62   Y   0.107   0.123   0.080
   63   A   0.097   0.141   0.078
   64   R   0.149   0.098   0.102
   65   P   0.102   0.123   0.087
   66   K   0.113   0.105   0.096
   67   L   0.103   0.122   0.095
   68   M   0.104   0.117   0.098
   69   Y   0.099   0.111   0.099
   70   A   0.103   0.105   0.104
# Measure  Position  Value    Cutoff   signal peptide?
  max. C    23       0.441
  max. Y    20       0.330
  max. S     2       0.778
  mean S     1-19    0.370
       D     1-19    0.346   0.500   NO
Name=OR6Y1_HUMAN_TRANSMEM5	SP='NO' D=0.346 D-cutoff=0.500 Networks=SignalP-TM
