# SignalP-4.1 euk predictions
# Name=OR8G5_HUMAN_TRANSMEM7	Length=40	Networks=SignalP-noTM
# pos  aa    C       S       Y
    1   K   0.101   0.290   0.171
    2   V   0.100   0.175   0.170
    3   S   0.101   0.168   0.169
    4   S   0.103   0.178   0.170
    5   V   0.098   0.193   0.164
    6   F   0.098   0.208   0.163
    7   Y   0.102   0.201   0.165
    8   T   0.097   0.212   0.159
    9   I   0.106   0.167   0.166
   10   V   0.104   0.114   0.162
   11   V   0.100   0.106   0.156
   12   P   0.099   0.126   0.153
   13   M   0.100   0.123   0.152
   14   L   0.102   0.165   0.150
   15   N   0.103   0.156   0.149
   16   P   0.097   0.161   0.143
   17   L   0.103   0.156   0.145
   18   I   0.104   0.195   0.144
   19   Y   0.105   0.248   0.142
   20   S   0.103   0.250   0.140
   21   L   0.158   0.116   0.173
   22   R   0.103   0.108   0.137
   23   N   0.108   0.103   0.137
   24   K   0.104   0.099   0.131
   25   D   0.098   0.109   0.126
   26   V   0.103   0.110   0.128
   27   H   0.102   0.101   0.126
   28   V   0.104   0.100   0.125
   29   A   0.099   0.098   0.120
   30   L   0.097   0.103   0.117
   31   K   0.098   0.099   0.116
   32   K   0.097   0.095   0.114
   33   T   0.105   0.093   0.118
   34   L   0.104   0.097   0.117
   35   G   0.106   0.092   0.118
   36   K   0.102   0.093   0.115
   37   R   0.106   0.096   0.116
   38   T   0.103   0.095   0.113
   39   F   0.105   0.094   0.113
   40   L   0.102   0.093   0.110
# Measure  Position  Value    Cutoff   signal peptide?
  max. C    21       0.158
  max. Y    21       0.173
  max. S     1       0.290
  mean S     1-20    0.180
       D     1-20    0.177   0.450   NO
Name=OR8G5_HUMAN_TRANSMEM7	SP='NO' D=0.177 D-cutoff=0.450 Networks=SignalP-noTM
