# SignalP-4.1 euk predictions
# Name=OR8K3_HUMAN_TRANSMEM6	Length=70	Networks=SignalP-TM
# pos  aa    C       S       Y
    1   F   0.100   0.373   0.194
    2   S   0.103   0.284   0.196
    3   T   0.101   0.276   0.192
    4   C   0.104   0.270   0.193
    5   G   0.103   0.296   0.191
    6   A   0.100   0.293   0.186
    7   H   0.099   0.360   0.184
    8   L   0.102   0.397   0.186
    9   T   0.101   0.384   0.185
   10   V   0.099   0.441   0.185
   11   V   0.103   0.426   0.189
   12   I   0.103   0.378   0.190
   13   V   0.102   0.358   0.189
   14   F   0.101   0.446   0.188
   15   Y   0.102   0.404   0.191
   16   G   0.101   0.416   0.190
   17   T   0.101   0.382   0.192
   18   L   0.104   0.386   0.198
   19   L   0.102   0.379   0.198
   20   F   0.107   0.240   0.204
   21   M   0.106   0.231   0.203
   22   Y   0.109   0.227   0.202
   23   V   0.102   0.332   0.193
   24   Q   0.109   0.237   0.198
   25   P   0.102   0.293   0.188
   26   K   0.185   0.169   0.250
   27   S   0.101   0.220   0.180
   28   S   0.111   0.158   0.186
   29   H   0.256   0.140   0.273
   30   S   0.107   0.139   0.170
   31   F   0.182   0.109   0.215
   32   D   0.102   0.098   0.154
   33   T   0.101   0.110   0.146
   34   D   0.103   0.095   0.141
   35   K   0.102   0.108   0.137
   36   V   0.102   0.085   0.133
   37   A   0.101   0.086   0.129
   38   S   0.099   0.065   0.120
   39   I   0.103   0.062   0.118
   40   F   0.100   0.061   0.108
   41   Y   0.104   0.068   0.107
   42   T   0.102   0.049   0.100
   43   L   0.103   0.055   0.097
   44   V   0.105   0.036   0.095
   45   I   0.102   0.037   0.089
   46   P   0.102   0.039   0.086
   47   M   0.102   0.030   0.083
   48   L   0.105   0.029   0.081
   49   N   0.102   0.041   0.077
   50   P   0.098   0.049   0.072
   51   L   0.103   0.043   0.072
   52   I   0.103   0.054   0.070
   53   Y   0.103   0.081   0.069
   54   S   0.102   0.119   0.070
   55   L   0.118   0.103   0.079
   56   R   0.101   0.096   0.074
   57   N   0.102   0.091   0.077
   58   K   0.097   0.086   0.077
   59   D   0.101   0.093   0.080
   60   V   0.104   0.094   0.084
   61   K   0.103   0.088   0.086
   62   Y   0.104   0.093   0.089
   63   A   0.099   0.096   0.089
   64   L   0.098   0.096   0.091
   65   R   0.104   0.096   0.096
   66   R   0.099   0.097   0.095
   67   T   0.104   0.096   0.099
   68   W   0.103   0.098   0.099
   69   N   0.104   0.099   0.099
   70   N   0.101   0.100   0.098
# Measure  Position  Value    Cutoff   signal peptide?
  max. C    29       0.256
  max. Y    29       0.273
  max. S    14       0.446
  mean S     1-28    0.323
       D     1-28    0.293   0.500   NO
Name=OR8K3_HUMAN_TRANSMEM6	SP='NO' D=0.293 D-cutoff=0.500 Networks=SignalP-TM
