# SignalP-4.1 euk predictions
# Name=OR9Q2_HUMAN_TRANSMEM6	Length=70	Networks=SignalP-TM
# pos  aa    C       S       Y
    1   F   0.100   0.425   0.207
    2   S   0.103   0.367   0.209
    3   T   0.101   0.452   0.206
    4   C   0.104   0.374   0.210
    5   A   0.102   0.430   0.207
    6   S   0.098   0.423   0.203
    7   H   0.100   0.386   0.205
    8   L   0.099   0.421   0.203
    9   T   0.103   0.434   0.207
   10   A   0.101   0.522   0.206
   11   V   0.099   0.634   0.205
   12   A   0.104   0.606   0.213
   13   L   0.099   0.561   0.211
   14   F   0.102   0.570   0.217
   15   F   0.100   0.535   0.217
   16   G   0.106   0.523   0.225
   17   T   0.102   0.474   0.224
   18   L   0.104   0.501   0.226
   19   I   0.104   0.446   0.228
   20   F   0.106   0.374   0.231
   21   M   0.104   0.323   0.228
   22   Y   0.111   0.333   0.234
   23   L   0.101   0.390   0.222
   24   R   0.109   0.324   0.230
   25   D   0.115   0.221   0.233
   26   N   0.106   0.217   0.217
   27   T   0.104   0.251   0.207
   28   G   0.107   0.237   0.205
   29   Q   0.247   0.150   0.301
   30   S   0.112   0.158   0.196
   31   S   0.122   0.123   0.196
   32   E   0.104   0.108   0.173
   33   G   0.102   0.124   0.163
   34   D   0.114   0.099   0.165
   35   R   0.102   0.091   0.149
   36   V   0.103   0.079   0.144
   37   V   0.102   0.077   0.137
   38   S   0.102   0.067   0.129
   39   V   0.100   0.063   0.120
   40   L   0.101   0.070   0.115
   41   Y   0.105   0.071   0.113
   42   T   0.100   0.064   0.104
   43   V   0.104   0.062   0.100
   44   V   0.105   0.054   0.097
   45   T   0.104   0.046   0.093
   46   P   0.103   0.051   0.089
   47   M   0.102   0.042   0.086
   48   L   0.104   0.034   0.083
   49   N   0.101   0.046   0.079
   50   P   0.099   0.045   0.076
   51   L   0.104   0.038   0.077
   52   I   0.104   0.052   0.075
   53   Y   0.104   0.077   0.074
   54   S   0.103   0.089   0.074
   55   L   0.109   0.094   0.077
   56   R   0.102   0.098   0.076
   57   N   0.102   0.101   0.077
   58   K   0.100   0.100   0.079
   59   E   0.101   0.101   0.081
   60   V   0.104   0.102   0.085
   61   K   0.101   0.103   0.086
   62   E   0.103   0.102   0.089
   63   A   0.098   0.103   0.090
   64   T   0.099   0.102   0.092
   65   R   0.104   0.101   0.097
   66   K   0.101   0.103   0.098
   67   A   0.102   0.103   0.100
   68   L   0.099   0.105   0.099
   69   S   0.105   0.105   0.103
   70   K   0.101   0.105   0.101
# Measure  Position  Value    Cutoff   signal peptide?
  max. C    29       0.247
  max. Y    29       0.301
  max. S    11       0.634
  mean S     1-28    0.420
       D     1-28    0.349   0.500   NO
Name=OR9Q2_HUMAN_TRANSMEM6	SP='NO' D=0.349 D-cutoff=0.500 Networks=SignalP-TM
