# SignalP-4.1 euk predictions
# Name=ORNT2_HUMAN_TRANSMEM4	Length=70	Networks=SignalP-TM
# pos  aa    C       S       Y
    1   G   0.102   0.134   0.117
    2   F   0.100   0.139   0.116
    3   Y   0.104   0.152   0.119
    4   H   0.102   0.154   0.118
    5   G   0.103   0.157   0.119
    6   L   0.097   0.181   0.116
    7   S   0.105   0.154   0.122
    8   S   0.101   0.147   0.120
    9   T   0.102   0.164   0.121
   10   L   0.099   0.152   0.121
   11   L   0.103   0.149   0.123
   12   Q   0.101   0.103   0.123
   13   E   0.101   0.121   0.122
   14   V   0.101   0.142   0.121
   15   P   0.103   0.163   0.123
   16   G   0.102   0.193   0.123
   17   Y   0.112   0.189   0.130
   18   F   0.101   0.187   0.125
   19   F   0.101   0.166   0.126
   20   F   0.100   0.169   0.126
   21   F   0.099   0.157   0.125
   22   G   0.103   0.153   0.127
   23   G   0.102   0.140   0.127
   24   Y   0.102   0.134   0.126
   25   E   0.101   0.130   0.125
   26   L   0.101   0.114   0.124
   27   S   0.100   0.101   0.124
   28   R   0.100   0.114   0.124
   29   S   0.107   0.127   0.127
   30   F   0.114   0.110   0.130
   31   F   0.104   0.119   0.122
   32   A   0.106   0.120   0.121
   33   S   0.098   0.118   0.114
   34   G   0.101   0.133   0.114
   35   R   0.107   0.120   0.116
   36   S   0.102   0.118   0.112
   37   K   0.106   0.113   0.113
   38   D   0.099   0.102   0.109
   39   E   0.101   0.107   0.109
   40   L   0.102   0.118   0.108
   41   G   0.104   0.093   0.110
   42   P   0.100   0.113   0.107
   43   V   0.107   0.104   0.111
   44   H   0.104   0.081   0.109
   45   L   0.105   0.086   0.108
   46   M   0.100   0.101   0.104
   47   L   0.103   0.078   0.105
   48   S   0.105   0.061   0.105
   49   G   0.103   0.057   0.101
   50   G   0.105   0.050   0.100
   51   V   0.102   0.072   0.096
   52   A   0.104   0.081   0.096
   53   G   0.102   0.083   0.093
   54   I   0.105   0.073   0.094
   55   C   0.099   0.060   0.089
   56   L   0.104   0.054   0.090
   57   W   0.099   0.062   0.086
   58   L   0.101   0.078   0.085
   59   V   0.105   0.071   0.086
   60   V   0.102   0.098   0.085
   61   F   0.102   0.083   0.085
   62   P   0.101   0.100   0.084
   63   V   0.105   0.106   0.088
   64   D   0.106   0.121   0.090
   65   C   0.101   0.129   0.091
   66   I   0.105   0.123   0.095
   67   K   0.101   0.118   0.095
   68   S   0.101   0.092   0.096
   69   R   0.104   0.077   0.098
   70   I   0.103   0.081   0.098
# Measure  Position  Value    Cutoff   signal peptide?
  max. C    30       0.114
  max. Y    17       0.130
  max. S    16       0.193
  mean S     1-16    0.150
       D     1-16    0.138   0.500   NO
Name=ORNT2_HUMAN_TRANSMEM4	SP='NO' D=0.138 D-cutoff=0.500 Networks=SignalP-TM
