# SignalP-4.1 euk predictions
# Name=OTOP1_HUMAN_TRANSMEM6	Length=70	Networks=SignalP-noTM
# pos  aa    C       S       Y
    1   Y   0.102   0.239   0.156
    2   L   0.100   0.180   0.155
    3   Y   0.102   0.138   0.156
    4   P   0.102   0.152   0.154
    5   F   0.105   0.151   0.154
    6   N   0.103   0.120   0.152
    7   I   0.105   0.116   0.151
    8   E   0.099   0.117   0.145
    9   Y   0.101   0.134   0.144
   10   Q   0.098   0.130   0.141
   11   I   0.102   0.113   0.142
   12   L   0.101   0.126   0.139
   13   A   0.102   0.107   0.138
   14   S   0.099   0.133   0.134
   15   T   0.103   0.146   0.135
   16   M   0.100   0.138   0.131
   17   L   0.097   0.150   0.127
   18   Y   0.101   0.134   0.129
   19   V   0.095   0.131   0.123
   20   L   0.102   0.176   0.125
   21   W   0.105   0.238   0.125
   22   K   0.141   0.130   0.145
   23   N   0.107   0.119   0.125
   24   I   0.101   0.143   0.119
   25   G   0.098   0.206   0.117
   26   R   0.117   0.143   0.129
   27   K   0.119   0.138   0.129
   28   V   0.103   0.136   0.120
   29   D   0.100   0.135   0.119
   30   S   0.105   0.156   0.122
   31   H   0.177   0.124   0.160
   32   Q   0.104   0.124   0.122
   33   H   0.103   0.124   0.122
   34   Q   0.097   0.137   0.118
   35   K   0.098   0.164   0.119
   36   M   0.099   0.269   0.120
   37   Q   0.103   0.197   0.126
   38   F   0.100   0.215   0.124
   39   K   0.096   0.197   0.124
   40   S   0.103   0.268   0.129
   41   D   0.099   0.271   0.128
   42   G   0.101   0.331   0.132
   43   V   0.098   0.316   0.133
   44   M   0.103   0.408   0.137
   45   V   0.102   0.348   0.141
   46   G   0.099   0.410   0.143
   47   A   0.104   0.492   0.151
   48   V   0.099   0.515   0.152
   49   L   0.104   0.542   0.161
   50   G   0.106   0.484   0.169
   51   L   0.110   0.455   0.177
   52   T   0.111   0.316   0.182
   53   V   0.103   0.223   0.177
   54   L   0.108   0.174   0.183
   55   A   0.106   0.157   0.182
   56   A   0.107   0.154   0.183
   57   T   0.105   0.127   0.181
   58   I   0.107   0.112   0.182
   59   A   0.100   0.101   0.174
   60   V   0.144   0.099   0.208
   61   V   0.100   0.098   0.172
   62   V   0.099   0.106   0.170
   63   V   0.100   0.103   0.169
   64   Y   0.116   0.098   0.179
   65   L   0.103   0.099   0.166
   66   I   0.113   0.097   0.170
   67   H   0.105   0.104   0.159
   68   I   0.107   0.103   0.157
   69   G   0.101   0.105   0.148
   70   R   0.103   0.111   0.143
# Measure  Position  Value    Cutoff   signal peptide?
  max. C    31       0.177
  max. Y    60       0.208
  max. S    49       0.542
  mean S     1-59    0.206
       D     1-59    0.207   0.450   NO
Name=OTOP1_HUMAN_TRANSMEM6	SP='NO' D=0.207 D-cutoff=0.450 Networks=SignalP-noTM
