# SignalP-4.1 euk predictions
# Name=OX2R_HUMAN_TRANSMEM3	Length=70	Networks=SignalP-TM
# pos  aa    C       S       Y
    1   K   0.101   0.277   0.168
    2   V   0.102   0.283   0.168
    3   I   0.102   0.407   0.169
    4   P   0.103   0.427   0.172
    5   Y   0.102   0.367   0.175
    6   L   0.102   0.322   0.176
    7   Q   0.103   0.265   0.178
    8   T   0.101   0.287   0.176
    9   V   0.102   0.267   0.177
   10   S   0.101   0.317   0.176
   11   V   0.103   0.328   0.178
   12   S   0.099   0.304   0.176
   13   V   0.099   0.236   0.176
   14   S   0.100   0.208   0.176
   15   V   0.101   0.197   0.176
   16   L   0.099   0.201   0.173
   17   T   0.101   0.274   0.173
   18   L   0.110   0.267   0.177
   19   S   0.103   0.315   0.168
   20   C   0.111   0.284   0.173
   21   I   0.105   0.261   0.168
   22   A   0.103   0.279   0.166
   23   L   0.152   0.204   0.202
   24   D   0.109   0.230   0.170
   25   R   0.103   0.190   0.163
   26   W   0.104   0.261   0.160
   27   Y   0.108   0.206   0.162
   28   A   0.101   0.187   0.156
   29   I   0.144   0.138   0.186
   30   C   0.103   0.139   0.155
   31   H   0.127   0.117   0.171
   32   P   0.100   0.126   0.148
   33   L   0.113   0.143   0.154
   34   M   0.102   0.139   0.142
   35   F   0.100   0.131   0.137
   36   K   0.103   0.103   0.136
   37   S   0.102   0.099   0.130
   38   T   0.104   0.094   0.128
   39   A   0.108   0.138   0.126
   40   K   0.106   0.116   0.123
   41   R   0.102   0.135   0.117
   42   A   0.108   0.134   0.118
   43   R   0.103   0.104   0.114
   44   N   0.103   0.133   0.113
   45   S   0.105   0.126   0.113
   46   I   0.102   0.112   0.112
   47   V   0.104   0.106   0.113
   48   I   0.101   0.132   0.110
   49   I   0.104   0.146   0.111
   50   W   0.098   0.104   0.108
   51   I   0.105   0.090   0.112
   52   V   0.102   0.096   0.111
   53   S   0.101   0.081   0.110
   54   C   0.100   0.090   0.107
   55   I   0.101   0.122   0.107
   56   I   0.102   0.086   0.107
   57   M   0.102   0.096   0.105
   58   I   0.100   0.119   0.104
   59   P   0.103   0.158   0.105
   60   Q   0.102   0.133   0.106
   61   A   0.104   0.153   0.107
   62   I   0.111   0.158   0.113
   63   V   0.102   0.141   0.109
   64   M   0.104   0.123   0.110
   65   E   0.103   0.138   0.110
   66   C   0.101   0.132   0.111
   67   S   0.100   0.125   0.111
   68   T   0.102   0.120   0.114
   69   V   0.102   0.106   0.115
   70   F   0.103   0.096   0.114
# Measure  Position  Value    Cutoff   signal peptide?
  max. C    23       0.152
  max. Y    23       0.202
  max. S     4       0.427
  mean S     1-22    0.290
       D     1-22    0.237   0.500   NO
Name=OX2R_HUMAN_TRANSMEM3	SP='NO' D=0.237 D-cutoff=0.500 Networks=SignalP-TM
