# SignalP-4.1 euk predictions
# Name=P2RY4_HUMAN_TRANSMEM5	Length=70	Networks=SignalP-noTM
# pos  aa    C       S       Y
    1   Y   0.102   0.884   0.300
    2   V   0.101   0.897   0.299
    3   H   0.100   0.919   0.298
    4   F   0.102   0.929   0.301
    5   S   0.099   0.944   0.296
    6   S   0.102   0.933   0.301
    7   A   0.103   0.946   0.303
    8   V   0.098   0.958   0.296
    9   M   0.103   0.910   0.304
   10   G   0.100   0.859   0.300
   11   L   0.100   0.844   0.300
   12   L   0.107   0.873   0.309
   13   F   0.101   0.849   0.301
   14   G   0.100   0.893   0.298
   15   V   0.109   0.797   0.313
   16   P   0.107   0.865   0.309
   17   C   0.107   0.927   0.308
   18   L   0.117   0.865   0.323
   19   V   0.102   0.836   0.301
   20   T   0.113   0.775   0.318
   21   L   0.156   0.595   0.371
   22   V   0.113   0.485   0.314
   23   C   0.107   0.518   0.302
   24   Y   0.122   0.631   0.319
   25   G   0.116   0.415   0.309
   26   L   0.134   0.232   0.328
   27   M   0.107   0.442   0.287
   28   A   0.108   0.386   0.285
   29   R   0.144   0.238   0.323
   30   R   0.109   0.168   0.275
   31   L   0.111   0.172   0.269
   32   Y   0.107   0.165   0.258
   33   Q   0.116   0.150   0.261
   34   P   0.104   0.110   0.241
   35   L   0.110   0.122   0.240
   36   P   0.101   0.198   0.223
   37   G   0.103   0.154   0.217
   38   S   0.106   0.173   0.214
   39   A   0.104   0.153   0.204
   40   Q   0.101   0.120   0.192
   41   S   0.101   0.168   0.182
   42   S   0.093   0.186   0.167
   43   S   0.102   0.243   0.167
   44   R   0.103   0.218   0.162
   45   L   0.102   0.230   0.158
   46   R   0.095   0.225   0.148
   47   S   0.103   0.295   0.148
   48   L   0.104   0.248   0.147
   49   R   0.100   0.216   0.144
   50   T   0.106   0.205   0.145
   51   I   0.104   0.177   0.140
   52   A   0.104   0.183   0.139
   53   V   0.103   0.199   0.139
   54   V   0.101   0.170   0.138
   55   L   0.099   0.152   0.137
   56   T   0.103   0.151   0.139
   57   V   0.103   0.139   0.140
   58   F   0.109   0.113   0.144
   59   A   0.107   0.129   0.142
   60   V   0.104   0.105   0.139
   61   C   0.106   0.109   0.139
   62   F   0.108   0.098   0.140
   63   V   0.103   0.104   0.136
   64   P   0.101   0.096   0.134
   65   F   0.102   0.096   0.133
   66   H   0.099   0.098   0.128
   67   I   0.105   0.104   0.130
   68   T   0.099   0.107   0.124
   69   R   0.104   0.102   0.125
   70   T   0.105   0.105   0.122
# Measure  Position  Value    Cutoff   signal peptide?
  max. C    21       0.156
  max. Y    21       0.371
  max. S     8       0.958
  mean S     1-20    0.885
       D     1-20    0.649   0.450   YES
Name=P2RY4_HUMAN_TRANSMEM5	SP='YES' Cleavage site between pos. 20 and 21: LVT-LV D=0.649 D-cutoff=0.450 Networks=SignalP-noTM
