# SignalP-4.1 euk predictions
# Name=PAQR3_HUMAN_TRANSMEM2	Length=70	Networks=SignalP-TM
# pos  aa    C       S       Y
    1   V   0.102   0.789   0.284
    2   I   0.102   0.771   0.284
    3   C   0.102   0.643   0.283
    4   S   0.102   0.713   0.281
    5   I   0.101   0.784   0.280
    6   C   0.101   0.788   0.279
    7   L   0.100   0.794   0.277
    8   F   0.100   0.813   0.278
    9   C   0.100   0.802   0.278
   10   F   0.102   0.796   0.281
   11   Q   0.101   0.829   0.279
   12   V   0.102   0.871   0.281
   13   C   0.099   0.825   0.278
   14   M   0.099   0.771   0.279
   15   L   0.101   0.760   0.281
   16   C   0.135   0.644   0.325
   17   S   0.114   0.612   0.297
   18   V   0.126   0.546   0.312
   19   G   0.117   0.550   0.298
   20   Y   0.135   0.292   0.317
   21   H   0.109   0.245   0.278
   22   L   0.136   0.195   0.301
   23   F   0.104   0.179   0.255
   24   S   0.102   0.189   0.244
   25   C   0.114   0.147   0.247
   26   H   0.117   0.124   0.239
   27   R   0.101   0.151   0.210
   28   S   0.113   0.132   0.209
   29   E   0.121   0.106   0.203
   30   K   0.100   0.112   0.172
   31   T   0.106   0.102   0.164
   32   C   0.100   0.115   0.148
   33   R   0.103   0.121   0.139
   34   R   0.105   0.122   0.128
   35   W   0.103   0.112   0.122
   36   M   0.103   0.097   0.118
   37   A   0.102   0.076   0.115
   38   L   0.097   0.110   0.109
   39   D   0.103   0.098   0.109
   40   Y   0.105   0.070   0.109
   41   A   0.106   0.064   0.107
   42   G   0.101   0.042   0.102
   43   I   0.101   0.051   0.099
   44   S   0.102   0.040   0.097
   45   I   0.099   0.037   0.093
   46   G   0.103   0.028   0.092
   47   I   0.100   0.027   0.087
   48   L   0.104   0.027   0.085
   49   G   0.103   0.024   0.080
   50   C   0.100   0.022   0.075
   51   Y   0.105   0.025   0.074
   52   V   0.100   0.028   0.069
   53   S   0.101   0.023   0.065
   54   G   0.101   0.025   0.061
   55   V   0.100   0.024   0.057
   56   F   0.101   0.034   0.055
   57   Y   0.105   0.039   0.056
   58   A   0.101   0.042   0.054
   59   F   0.100   0.033   0.054
   60   Y   0.105   0.034   0.055
   61   C   0.100   0.039   0.054
   62   N   0.102   0.049   0.055
   63   N   0.101   0.070   0.056
   64   Y   0.101   0.070   0.059
   65   W   0.101   0.087   0.062
   66   R   0.102   0.099   0.066
   67   Q   0.103   0.101   0.070
   68   V   0.101   0.102   0.073
   69   Y   0.101   0.103   0.077
   70   L   0.106   0.096   0.083
# Measure  Position  Value    Cutoff   signal peptide?
  max. C    22       0.136
  max. Y    16       0.325
  max. S    12       0.871
  mean S     1-15    0.783
       D     1-15    0.508   0.500   YES
Name=PAQR3_HUMAN_TRANSMEM2	SP='YES' Cleavage site between pos. 15 and 16: CML-CS D=0.508 D-cutoff=0.500 Networks=SignalP-TM
