# SignalP-4.1 euk predictions
# Name=PD2R2_HUMAN_TRANSMEM6	Length=70	Networks=SignalP-TM
# pos  aa    C       S       Y
    1   V   0.103   0.338   0.187
    2   A   0.104   0.339   0.188
    3   A   0.100   0.407   0.184
    4   V   0.100   0.335   0.185
    5   V   0.104   0.340   0.189
    6   A   0.105   0.315   0.190
    7   A   0.100   0.339   0.185
    8   F   0.102   0.361   0.187
    9   A   0.105   0.358   0.190
   10   L   0.099   0.386   0.185
   11   C   0.104   0.419   0.190
   12   W   0.103   0.302   0.191
   13   G   0.104   0.296   0.191
   14   P   0.102   0.237   0.188
   15   Y   0.104   0.257   0.188
   16   H   0.101   0.323   0.184
   17   V   0.102   0.385   0.185
   18   F   0.122   0.289   0.201
   19   S   0.108   0.315   0.188
   20   L   0.219   0.222   0.268
   21   L   0.108   0.196   0.186
   22   E   0.105   0.207   0.180
   23   A   0.104   0.220   0.177
   24   R   0.126   0.188   0.191
   25   A   0.107   0.227   0.172
   26   H   0.137   0.172   0.189
   27   A   0.102   0.177   0.160
   28   N   0.313   0.113   0.276
   29   P   0.102   0.131   0.155
   30   G   0.104   0.151   0.154
   31   L   0.103   0.175   0.148
   32   R   0.103   0.166   0.143
   33   P   0.102   0.205   0.139
   34   L   0.103   0.209   0.137
   35   V   0.104   0.209   0.137
   36   W   0.105   0.216   0.138
   37   R   0.103   0.161   0.137
   38   G   0.104   0.191   0.136
   39   L   0.102   0.190   0.135
   40   P   0.107   0.197   0.137
   41   F   0.102   0.204   0.135
   42   V   0.103   0.216   0.136
   43   T   0.102   0.281   0.138
   44   S   0.104   0.234   0.143
   45   L   0.104   0.188   0.145
   46   A   0.103   0.151   0.145
   47   F   0.107   0.116   0.148
   48   F   0.101   0.107   0.141
   49   N   0.100   0.091   0.138
   50   S   0.105   0.096   0.138
   51   V   0.104   0.094   0.134
   52   A   0.102   0.109   0.131
   53   N   0.100   0.084   0.128
   54   P   0.100   0.078   0.125
   55   V   0.103   0.063   0.123
   56   L   0.104   0.095   0.119
   57   Y   0.103   0.118   0.115
   58   V   0.102   0.100   0.109
   59   L   0.104   0.086   0.105
   60   T   0.104   0.087   0.102
   61   C   0.103   0.072   0.099
   62   P   0.103   0.074   0.097
   63   D   0.104   0.072   0.096
   64   M   0.102   0.083   0.095
   65   L   0.101   0.082   0.093
   66   R   0.101   0.084   0.093
   67   K   0.104   0.088   0.094
   68   L   0.101   0.082   0.092
   69   R   0.100   0.082   0.092
   70   R   0.106   0.079   0.096
# Measure  Position  Value    Cutoff   signal peptide?
  max. C    28       0.313
  max. Y    28       0.276
  max. S    11       0.419
  mean S     1-27    0.294
       D     1-27    0.284   0.500   NO
Name=PD2R2_HUMAN_TRANSMEM6	SP='NO' D=0.284 D-cutoff=0.500 Networks=SignalP-TM
