# SignalP-4.1 euk predictions
# Name=PGAP6_HUMAN_TRANSMEM6	Length=70	Networks=SignalP-TM
# pos  aa    C       S       Y
    1   W   0.102   0.374   0.195
    2   A   0.103   0.367   0.196
    3   F   0.098   0.380   0.192
    4   Y   0.104   0.377   0.197
    5   L   0.100   0.395   0.193
    6   L   0.103   0.461   0.197
    7   P   0.103   0.475   0.199
    8   G   0.105   0.466   0.202
    9   V   0.099   0.418   0.198
   10   S   0.104   0.402   0.204
   11   M   0.103   0.413   0.203
   12   A   0.110   0.424   0.211
   13   S   0.121   0.290   0.222
   14   V   0.102   0.294   0.203
   15   G   0.100   0.271   0.199
   16   I   0.105   0.318   0.202
   17   A   0.107   0.282   0.203
   18   I   0.200   0.184   0.275
   19   Y   0.104   0.172   0.195
   20   T   0.101   0.127   0.187
   21   S   0.105   0.113   0.185
   22   M   0.104   0.149   0.176
   23   M   0.106   0.140   0.171
   24   T   0.106   0.142   0.164
   25   S   0.113   0.154   0.164
   26   D   0.120   0.137   0.162
   27   N   0.104   0.137   0.144
   28   Y   0.106   0.140   0.141
   29   Y   0.099   0.162   0.132
   30   Y   0.103   0.192   0.132
   31   T   0.102   0.220   0.128
   32   H   0.104   0.224   0.127
   33   S   0.103   0.241   0.127
   34   I   0.110   0.224   0.134
   35   W   0.101   0.256   0.131
   36   H   0.101   0.260   0.135
   37   I   0.103   0.232   0.139
   38   L   0.103   0.207   0.141
   39   L   0.106   0.205   0.145
   40   A   0.103   0.301   0.145
   41   G   0.100   0.266   0.147
   42   S   0.104   0.354   0.152
   43   A   0.104   0.314   0.157
   44   A   0.102   0.261   0.159
   45   L   0.108   0.161   0.165
   46   L   0.101   0.141   0.159
   47   L   0.105   0.145   0.160
   48   P   0.103   0.144   0.157
   49   P   0.103   0.136   0.154
   50   P   0.103   0.218   0.152
   51   D   0.105   0.170   0.152
   52   Q   0.101   0.193   0.148
   53   P   0.102   0.188   0.148
   54   A   0.119   0.132   0.159
   55   E   0.106   0.111   0.146
   56   P   0.103   0.113   0.140
   57   W   0.104   0.110   0.135
   58   A   0.104   0.108   0.129
   59   C   0.099   0.107   0.121
   60   S   0.104   0.108   0.123
   61   Q   0.098   0.109   0.118
   62   K   0.102   0.109   0.119
   63   F   0.103   0.106   0.119
   64   P   0.107   0.107   0.120
   65   C   0.106   0.100   0.116
   66   H   0.103   0.100   0.112
   67   Y   0.104   0.103   0.109
   68   Q   0.098   0.101   0.103
   69   I   0.102   0.100   0.104
   70   C   0.102   0.100   0.104
# Measure  Position  Value    Cutoff   signal peptide?
  max. C    18       0.200
  max. Y    18       0.275
  max. S     7       0.475
  mean S     1-17    0.377
       D     1-17    0.316   0.500   NO
Name=PGAP6_HUMAN_TRANSMEM6	SP='NO' D=0.316 D-cutoff=0.500 Networks=SignalP-TM
