# SignalP-4.1 euk predictions
# Name=PIGZ_HUMAN_TRANSMEM6	Length=70	Networks=SignalP-noTM
# pos  aa    C       S       Y
    1   Y   0.102   0.891   0.301
    2   L   0.102   0.837   0.301
    3   L   0.103   0.815   0.302
    4   L   0.103   0.813   0.302
    5   L   0.104   0.820   0.303
    6   Y   0.102   0.837   0.300
    7   F   0.102   0.796   0.299
    8   M   0.105   0.777   0.302
    9   P   0.104   0.845   0.300
   10   L   0.105   0.873   0.301
   11   A   0.099   0.916   0.292
   12   L   0.093   0.924   0.284
   13   L   0.097   0.945   0.290
   14   S   0.116   0.871   0.318
   15   A   0.114   0.842   0.315
   16   F   0.226   0.561   0.442
   17   S   0.102   0.669   0.295
   18   H   0.142   0.581   0.346
   19   Q   0.125   0.580   0.322
   20   E   0.132   0.510   0.327
   21   A   0.106   0.340   0.290
   22   R   0.147   0.228   0.336
   23   F   0.118   0.230   0.295
   24   L   0.143   0.315   0.318
   25   I   0.099   0.424   0.260
   26   P   0.101   0.555   0.260
   27   L   0.106   0.644   0.264
   28   L   0.102   0.600   0.258
   29   V   0.102   0.502   0.255
   30   P   0.107   0.551   0.258
   31   L   0.108   0.553   0.257
   32   V   0.100   0.634   0.246
   33   L   0.107   0.747   0.251
   34   L   0.106   0.840   0.248
   35   C   0.119   0.660   0.262
   36   S   0.130   0.382   0.271
   37   P   0.105   0.476   0.239
   38   Q   0.107   0.351   0.237
   39   T   0.102   0.485   0.229
   40   Q   0.170   0.202   0.294
   41   P   0.097   0.326   0.219
   42   V   0.214   0.221   0.321
   43   P   0.093   0.247   0.208
   44   W   0.098   0.247   0.212
   45   K   0.103   0.228   0.219
   46   G   0.099   0.178   0.214
   47   T   0.104   0.170   0.218
   48   V   0.101   0.181   0.212
   49   V   0.102   0.250   0.209
   50   L   0.103   0.301   0.205
   51   F   0.105   0.267   0.204
   52   N   0.106   0.262   0.203
   53   A   0.110   0.259   0.202
   54   L   0.098   0.289   0.187
   55   G   0.108   0.232   0.193
   56   A   0.100   0.165   0.179
   57   L   0.103   0.144   0.173
   58   L   0.107   0.127   0.168
   59   F   0.101   0.101   0.161
   60   G   0.107   0.109   0.159
   61   C   0.105   0.097   0.154
   62   L   0.104   0.102   0.148
   63   H   0.104   0.110   0.146
   64   Q   0.103   0.101   0.142
   65   G   0.102   0.098   0.139
   66   G   0.099   0.094   0.134
   67   L   0.100   0.098   0.133
   68   V   0.105   0.099   0.134
   69   P   0.095   0.103   0.125
   70   G   0.104   0.106   0.130
# Measure  Position  Value    Cutoff   signal peptide?
  max. C    16       0.226
  max. Y    16       0.442
  max. S    13       0.945
  mean S     1-15    0.854
       D     1-15    0.664   0.450   YES
Name=PIGZ_HUMAN_TRANSMEM6	SP='YES' Cleavage site between pos. 15 and 16: LSA-FS D=0.664 D-cutoff=0.450 Networks=SignalP-noTM
