# SignalP-4.1 euk predictions
# Name=PLPP1_HUMAN_TRANSMEM1	Length=70	Networks=SignalP-TM
# pos  aa    C       S       Y
    1   L   0.101   0.525   0.230
    2   P   0.102   0.507   0.232
    3   Y   0.103   0.541   0.232
    4   V   0.105   0.463   0.235
    5   A   0.103   0.442   0.232
    6   L   0.098   0.483   0.225
    7   D   0.103   0.585   0.229
    8   V   0.100   0.468   0.227
    9   L   0.105   0.492   0.232
   10   C   0.103   0.509   0.229
   11   V   0.099   0.567   0.225
   12   L   0.105   0.587   0.231
   13   L   0.103   0.572   0.230
   14   A   0.101   0.513   0.229
   15   G   0.101   0.486   0.229
   16   L   0.113   0.551   0.242
   17   P   0.100   0.673   0.227
   18   F   0.115   0.609   0.246
   19   A   0.106   0.614   0.239
   20   I   0.118   0.410   0.255
   21   L   0.101   0.519   0.235
   22   T   0.137   0.316   0.272
   23   S   0.145   0.191   0.277
   24   R   0.126   0.159   0.253
   25   H   0.121   0.139   0.241
   26   T   0.119   0.101   0.232
   27   P   0.103   0.101   0.208
   28   F   0.107   0.114   0.203
   29   Q   0.102   0.113   0.190
   30   R   0.104   0.107   0.185
   31   G   0.102   0.106   0.174
   32   V   0.104   0.107   0.164
   33   F   0.101   0.109   0.150
   34   C   0.105   0.106   0.140
   35   N   0.103   0.102   0.130
   36   D   0.100   0.102   0.116
   37   E   0.100   0.108   0.109
   38   S   0.103   0.103   0.108
   39   I   0.102   0.103   0.105
   40   K   0.101   0.100   0.104
   41   Y   0.101   0.101   0.103
   42   P   0.099   0.102   0.102
   43   Y   0.103   0.096   0.104
   44   K   0.104   0.094   0.104
   45   E   0.100   0.082   0.101
   46   D   0.099   0.068   0.100
   47   T   0.101   0.061   0.100
   48   I   0.104   0.058   0.099
   49   P   0.106   0.041   0.098
   50   Y   0.105   0.033   0.096
   51   A   0.103   0.026   0.092
   52   L   0.101   0.027   0.088
   53   L   0.106   0.025   0.087
   54   G   0.103   0.029   0.082
   55   G   0.102   0.027   0.078
   56   I   0.104   0.030   0.076
   57   I   0.105   0.038   0.072
   58   I   0.104   0.036   0.069
   59   P   0.101   0.053   0.065
   60   F   0.101   0.032   0.063
   61   S   0.104   0.044   0.062
   62   I   0.100   0.047   0.060
   63   I   0.099   0.040   0.059
   64   V   0.099   0.044   0.059
   65   I   0.101   0.053   0.060
   66   I   0.104   0.067   0.062
   67   L   0.100   0.084   0.063
   68   G   0.102   0.110   0.067
   69   E   0.103   0.091   0.072
   70   T   0.104   0.080   0.076
# Measure  Position  Value    Cutoff   signal peptide?
  max. C    23       0.145
  max. Y    23       0.277
  max. S    17       0.673
  mean S     1-22    0.520
       D     1-22    0.374   0.500   NO
Name=PLPP1_HUMAN_TRANSMEM1	SP='NO' D=0.374 D-cutoff=0.500 Networks=SignalP-TM
