# SignalP-4.1 euk predictions
# Name=PPR3F_HUMAN_TRANSMEM1	Length=31	Networks=SignalP-TM
# pos  aa    C       S       Y
    1   V   0.102   0.413   0.206
    2   L   0.104   0.389   0.207
    3   A   0.105   0.327   0.207
    4   G   0.100   0.372   0.201
    5   L   0.103   0.337   0.203
    6   V   0.103   0.308   0.202
    7   V   0.103   0.263   0.200
    8   V   0.104   0.241   0.199
    9   P   0.100   0.165   0.191
   10   V   0.105   0.135   0.192
   11   A   0.103   0.135   0.184
   12   L   0.098   0.095   0.174
   13   N   0.099   0.096   0.168
   14   S   0.100   0.089   0.162
   15   G   0.102   0.068   0.157
   16   V   0.102   0.076   0.149
   17   S   0.103   0.069   0.141
   18   L   0.107   0.085   0.137
   19   L   0.106   0.098   0.128
   20   V   0.103   0.089   0.119
   21   L   0.104   0.098   0.113
   22   A   0.104   0.100   0.107
   23   L   0.107   0.088   0.103
   24   C   0.107   0.088   0.101
   25   L   0.103   0.089   0.097
   26   S   0.105   0.117   0.096
   27   L   0.104   0.107   0.096
   28   A   0.102   0.136   0.096
   29   W   0.099   0.143   0.096
   30   F   0.100   0.148   0.100
   31   S   0.106   0.112   0.105
# Measure  Position  Value    Cutoff   signal peptide?
  max. C    23       0.107
  max. Y    11       0.184
  max. S     1       0.413
  mean S     1-10    0.295
       D     1-10    0.228   0.500   NO
Name=PPR3F_HUMAN_TRANSMEM1	SP='NO' D=0.228 D-cutoff=0.500 Networks=SignalP-TM
