# SignalP-4.1 euk predictions
# Name=PRRT4_HUMAN_TRANSMEM1	Length=70	Networks=SignalP-TM
# pos  aa    C       S       Y
    1   V   0.102   0.587   0.245
    2   G   0.104   0.564   0.247
    3   A   0.102   0.701   0.244
    4   L   0.099   0.766   0.243
    5   F   0.104   0.789   0.251
    6   G   0.101   0.757   0.251
    7   L   0.100   0.793   0.252
    8   V   0.107   0.826   0.264
    9   A   0.104   0.896   0.264
   10   L   0.101   0.902   0.264
   11   L   0.100   0.936   0.267
   12   A   0.103   0.827   0.275
   13   L   0.101   0.757   0.275
   14   L   0.102   0.845   0.279
   15   A   0.103   0.748   0.283
   16   L   0.109   0.684   0.294
   17   A   0.108   0.678   0.295
   18   L   0.264   0.448   0.460
   19   L   0.111   0.446   0.294
   20   P   0.124   0.435   0.305
   21   W   0.122   0.438   0.299
   22   R   0.108   0.520   0.276
   23   C   0.122   0.450   0.288
   24   P   0.115   0.413   0.274
   25   P   0.107   0.552   0.257
   26   G   0.151   0.334   0.298
   27   A   0.126   0.328   0.264
   28   P   0.099   0.284   0.228
   29   C   0.147   0.230   0.266
   30   L   0.131   0.196   0.242
   31   A   0.104   0.253   0.206
   32   L   0.111   0.273   0.205
   33   L   0.105   0.216   0.197
   34   D   0.103   0.246   0.191
   35   L   0.107   0.305   0.190
   36   L   0.106   0.279   0.186
   37   L   0.105   0.399   0.181
   38   L   0.106   0.333   0.180
   39   S   0.104   0.332   0.178
   40   A   0.101   0.312   0.170
   41   G   0.103   0.228   0.171
   42   T   0.108   0.210   0.173
   43   T   0.105   0.294   0.169
   44   R   0.114   0.199   0.178
   45   A   0.119   0.146   0.182
   46   F   0.509   0.050   0.370
   47   P   0.098   0.057   0.158
   48   L   0.113   0.045   0.166
   49   F   0.102   0.069   0.152
   50   Y   0.104   0.075   0.148
   51   D   0.103   0.117   0.142
   52   A   0.101   0.124   0.134
   53   Y   0.100   0.112   0.127
   54   G   0.106   0.119   0.124
   55   H   0.098   0.108   0.114
   56   R   0.105   0.098   0.114
   57   D   0.104   0.087   0.110
   58   R   0.098   0.098   0.099
   59   L   0.104   0.102   0.098
   60   P   0.107   0.098   0.098
   61   A   0.105   0.104   0.099
   62   L   0.103   0.118   0.100
   63   A   0.103   0.113   0.103
   64   W   0.098   0.096   0.102
   65   L   0.105   0.099   0.106
   66   L   0.102   0.090   0.103
   67   L   0.106   0.091   0.105
   68   Q   0.102   0.092   0.102
   69   D   0.102   0.091   0.101
   70   L   0.105   0.085   0.101
# Measure  Position  Value    Cutoff   signal peptide?
  max. C    46       0.509
  max. Y    18       0.460
  max. S    11       0.936
  mean S     1-17    0.768
       D     1-17    0.583   0.500   YES
Name=PRRT4_HUMAN_TRANSMEM1	SP='YES' Cleavage site between pos. 17 and 18: ALA-LL D=0.583 D-cutoff=0.500 Networks=SignalP-TM
