# SignalP-4.1 euk predictions
# Name=PTSS2_HUMAN_TRANSMEM3	Length=70	Networks=SignalP-TM
# pos  aa    C       S       Y
    1   F   0.101   0.496   0.224
    2   W   0.102   0.541   0.225
    3   L   0.102   0.628   0.225
    4   C   0.103   0.626   0.228
    5   V   0.101   0.662   0.228
    6   S   0.103   0.701   0.234
    7   V   0.101   0.633   0.234
    8   V   0.100   0.520   0.236
    9   Y   0.103   0.498   0.239
   10   E   0.098   0.456   0.233
   11   L   0.098   0.532   0.233
   12   F   0.102   0.489   0.238
   13   L   0.101   0.576   0.236
   14   I   0.102   0.652   0.240
   15   F   0.100   0.642   0.239
   16   I   0.105   0.667   0.247
   17   L   0.101   0.667   0.245
   18   F   0.102   0.613   0.246
   19   Q   0.129   0.437   0.276
   20   T   0.106   0.474   0.248
   21   V   0.106   0.421   0.244
   22   Q   0.102   0.419   0.236
   23   D   0.120   0.437   0.254
   24   G   0.295   0.187   0.397
   25   R   0.132   0.140   0.261
   26   Q   0.105   0.129   0.227
   27   F   0.173   0.104   0.283
   28   L   0.101   0.110   0.207
   29   K   0.099   0.099   0.197
   30   Y   0.100   0.094   0.187
   31   V   0.102   0.105   0.178
   32   D   0.100   0.105   0.164
   33   P   0.102   0.103   0.154
   34   K   0.103   0.109   0.147
   35   L   0.103   0.104   0.137
   36   G   0.104   0.093   0.129
   37   V   0.099   0.094   0.117
   38   P   0.104   0.097   0.108
   39   L   0.104   0.095   0.105
   40   P   0.102   0.094   0.103
   41   E   0.103   0.094   0.102
   42   R   0.104   0.094   0.102
   43   D   0.102   0.089   0.100
   44   Y   0.100   0.100   0.099
   45   G   0.100   0.096   0.099
   46   G   0.101   0.100   0.099
   47   N   0.102   0.103   0.100
   48   C   0.103   0.102   0.100
   49   L   0.100   0.104   0.099
   50   I   0.103   0.103   0.100
   51   Y   0.099   0.108   0.098
   52   D   0.103   0.105   0.101
   53   P   0.102   0.109   0.101
   54   D   0.106   0.106   0.103
   55   N   0.105   0.103   0.103
   56   E   0.100   0.104   0.101
   57   T   0.102   0.103   0.102
   58   D   0.103   0.103   0.103
   59   P   0.102   0.103   0.103
   60   F   0.102   0.102   0.103
   61   H   0.103   0.105   0.103
   62   N   0.104   0.106   0.104
   63   I   0.104   0.104   0.104
   64   W   0.101   0.104   0.103
   65   D   0.104   0.103   0.104
   66   K   0.102   0.103   0.103
   67   L   0.103   0.102   0.104
   68   D   0.104   0.103   0.104
   69   G   0.103   0.101   0.103
   70   F   0.102   0.103   0.103
# Measure  Position  Value    Cutoff   signal peptide?
  max. C    24       0.295
  max. Y    24       0.397
  max. S     6       0.701
  mean S     1-23    0.556
       D     1-23    0.461   0.500   NO
Name=PTSS2_HUMAN_TRANSMEM3	SP='NO' D=0.461 D-cutoff=0.500 Networks=SignalP-TM
