# SignalP-4.1 euk predictions
# Name=RHBL4_HUMAN_TRANSMEM1	Length=70	Networks=SignalP-noTM
# pos  aa    C       S       Y
    1   V   0.101   0.449   0.213
    2   G   0.103   0.600   0.215
    3   I   0.100   0.589   0.214
    4   N   0.100   0.540   0.215
    5   N   0.104   0.572   0.220
    6   I   0.100   0.518   0.217
    7   P   0.097   0.485   0.215
    8   P   0.109   0.415   0.228
    9   V   0.102   0.352   0.220
   10   T   0.104   0.305   0.221
   11   L   0.105   0.345   0.220
   12   A   0.102   0.468   0.216
   13   T   0.105   0.439   0.220
   14   L   0.106   0.376   0.221
   15   A   0.101   0.332   0.214
   16   L   0.104   0.369   0.216
   17   N   0.105   0.385   0.217
   18   I   0.102   0.369   0.213
   19   W   0.103   0.463   0.213
   20   F   0.101   0.469   0.212
   21   F   0.099   0.383   0.210
   22   L   0.101   0.462   0.211
   23   N   0.098   0.516   0.208
   24   P   0.101   0.501   0.212
   25   Q   0.136   0.443   0.244
   26   K   0.106   0.315   0.214
   27   P   0.098   0.355   0.203
   28   L   0.111   0.258   0.214
   29   Y   0.096   0.320   0.196
   30   S   0.109   0.169   0.207
   31   S   0.139   0.137   0.231
   32   C   0.104   0.128   0.196
   33   L   0.118   0.103   0.207
   34   S   0.103   0.097   0.191
   35   V   0.099   0.086   0.182
   36   E   0.100   0.091   0.179
   37   K   0.096   0.098   0.172
   38   C   0.098   0.107   0.170
   39   Y   0.102   0.093   0.170
   40   Q   0.101   0.101   0.166
   41   Q   0.107   0.095   0.167
   42   K   0.099   0.091   0.155
   43   D   0.094   0.085   0.145
   44   W   0.099   0.097   0.144
   45   Q   0.097   0.101   0.137
   46   R   0.104   0.104   0.135
   47   L   0.106   0.097   0.129
   48   L   0.098   0.101   0.118
   49   L   0.097   0.100   0.113
   50   S   0.107   0.093   0.114
   51   P   0.102   0.093   0.108
   52   L   0.107   0.093   0.105
   53   H   0.107   0.090   0.103
   54   H   0.105   0.097   0.101
   55   A   0.098   0.093   0.097
   56   D   0.094   0.096   0.095
   57   D   0.102   0.097   0.099
   58   W   0.100   0.093   0.098
   59   H   0.096   0.093   0.096
   60   L   0.099   0.097   0.098
   61   Y   0.097   0.100   0.096
   62   F   0.097   0.098   0.096
   63   N   0.102   0.101   0.099
   64   M   0.103   0.103   0.099
   65   A   0.105   0.102   0.101
   66   S   0.097   0.100   0.097
   67   M   0.100   0.102   0.099
   68   L   0.101   0.101   0.099
   69   W   0.099   0.100   0.098
   70   K   0.103   0.101   0.100
# Measure  Position  Value    Cutoff   signal peptide?
  max. C    31       0.139
  max. Y    25       0.244
  max. S     2       0.600
  mean S     1-24    0.446
       D     1-24    0.353   0.450   NO
Name=RHBL4_HUMAN_TRANSMEM1	SP='NO' D=0.353 D-cutoff=0.450 Networks=SignalP-noTM
