# SignalP-4.1 euk predictions
# Name=RHDF2_HUMAN_TRANSMEM6	Length=70	Networks=SignalP-TM
# pos  aa    C       S       Y
    1   I   0.102   0.442   0.213
    2   F   0.102   0.504   0.212
    3   G   0.104   0.523   0.215
    4   F   0.100   0.634   0.213
    5   L   0.105   0.599   0.221
    6   S   0.104   0.514   0.222
    7   G   0.101   0.408   0.221
    8   L   0.099   0.435   0.218
    9   L   0.104   0.409   0.223
   10   L   0.103   0.467   0.222
   11   A   0.103   0.412   0.222
   12   F   0.103   0.393   0.222
   13   A   0.105   0.425   0.223
   14   F   0.119   0.307   0.237
   15   L   0.102   0.306   0.217
   16   P   0.101   0.209   0.214
   17   Y   0.100   0.215   0.207
   18   I   0.099   0.304   0.202
   19   T   0.099   0.281   0.196
   20   F   0.108   0.311   0.198
   21   G   0.150   0.311   0.229
   22   T   0.331   0.123   0.336
   23   S   0.104   0.102   0.183
   24   D   0.305   0.084   0.301
   25   K   0.113   0.076   0.175
   26   Y   0.114   0.071   0.168
   27   R   0.101   0.066   0.150
   28   K   0.107   0.049   0.145
   29   R   0.101   0.042   0.135
   30   A   0.105   0.029   0.130
   31   L   0.098   0.034   0.120
   32   I   0.104   0.025   0.118
   33   L   0.102   0.021   0.108
   34   V   0.103   0.020   0.100
   35   S   0.104   0.016   0.088
   36   L   0.104   0.020   0.075
   37   L   0.104   0.016   0.070
   38   A   0.105   0.017   0.065
   39   F   0.099   0.016   0.060
   40   A   0.104   0.012   0.057
   41   G   0.098   0.011   0.052
   42   L   0.102   0.010   0.049
   43   F   0.102   0.008   0.046
   44   A   0.101   0.011   0.043
   45   A   0.135   0.010   0.048
   46   L   0.130   0.006   0.045
   47   V   0.104   0.009   0.038
   48   L   0.101   0.007   0.036
   49   W   0.104   0.014   0.035
   50   L   0.111   0.018   0.036
   51   Y   0.105   0.026   0.035
   52   I   0.101   0.050   0.036
   53   Y   0.102   0.050   0.039
   54   P   0.102   0.074   0.042
   55   I   0.113   0.098   0.049
   56   N   0.102   0.150   0.053
   57   W   0.098   0.160   0.061
   58   P   0.097   0.197   0.069
   59   W   0.104   0.199   0.080
   60   I   0.101   0.210   0.087
   61   E   0.100   0.210   0.095
   62   H   0.100   0.209   0.102
   63   L   0.102   0.161   0.110
   64   T   0.105   0.122   0.117
   65   C   0.103   0.111   0.119
   66   F   0.104   0.107   0.122
   67   P   0.101   0.106   0.122
   68   F   0.103   0.095   0.125
   69   T   0.103   0.101   0.125
   70   S   0.104   0.094   0.126
# Measure  Position  Value    Cutoff   signal peptide?
  max. C    22       0.331
  max. Y    22       0.336
  max. S     4       0.634
  mean S     1-21    0.400
       D     1-21    0.362   0.500   NO
Name=RHDF2_HUMAN_TRANSMEM6	SP='NO' D=0.362 D-cutoff=0.500 Networks=SignalP-TM
