# SignalP-4.1 euk predictions
# Name=S13A5_HUMAN_TRANSMEM12	Length=41	Networks=SignalP-noTM
# pos  aa    C       S       Y
    1   T   0.102   0.852   0.295
    2   G   0.104   0.766   0.298
    3   V   0.099   0.829   0.289
    4   I   0.102   0.838   0.294
    5   M   0.101   0.834   0.293
    6   N   0.099   0.856   0.289
    7   I   0.102   0.847   0.293
    8   I   0.104   0.806   0.297
    9   G   0.104   0.777   0.297
   10   V   0.098   0.676   0.287
   11   F   0.098   0.657   0.286
   12   C   0.105   0.707   0.294
   13   V   0.100   0.642   0.286
   14   F   0.098   0.701   0.281
   15   L   0.103   0.724   0.287
   16   A   0.103   0.620   0.286
   17   V   0.103   0.646   0.284
   18   N   0.102   0.691   0.281
   19   T   0.100   0.686   0.277
   20   W   0.112   0.597   0.292
   21   G   0.108   0.509   0.284
   22   R   0.226   0.156   0.406
   23   A   0.105   0.179   0.271
   24   I   0.240   0.144   0.401
   25   F   0.101   0.132   0.255
   26   D   0.109   0.120   0.258
   27   L   0.109   0.117   0.251
   28   D   0.109   0.110   0.243
   29   H   0.097   0.104   0.223
   30   F   0.100   0.104   0.218
   31   P   0.099   0.106   0.209
   32   D   0.108   0.106   0.212
   33   W   0.105   0.102   0.202
   34   A   0.102   0.102   0.192
   35   N   0.095   0.104   0.179
   36   V   0.100   0.101   0.177
   37   T   0.097   0.105   0.166
   38   H   0.107   0.102   0.165
   39   I   0.099   0.105   0.152
   40   E   0.101   0.107   0.145
   41   T   0.102   0.104   0.136
# Measure  Position  Value    Cutoff   signal peptide?
  max. C    24       0.240
  max. Y    22       0.406
  max. S     6       0.856
  mean S     1-21    0.727
       D     1-21    0.579   0.450   YES
Name=S13A5_HUMAN_TRANSMEM12	SP='YES' Cleavage site between pos. 21 and 22: TWG-RA D=0.579 D-cutoff=0.450 Networks=SignalP-noTM
