# SignalP-4.1 euk predictions
# Name=S15A2_HUMAN_TRANSMEM6	Length=70	Networks=SignalP-noTM
# pos  aa    C       S       Y
    1   A   0.104   0.905   0.306
    2   L   0.100   0.928   0.300
    3   A   0.106   0.930   0.309
    4   F   0.104   0.963   0.307
    5   G   0.108   0.959   0.314
    6   V   0.100   0.949   0.302
    7   P   0.108   0.911   0.315
    8   G   0.108   0.898   0.315
    9   L   0.095   0.907   0.295
   10   L   0.102   0.932   0.305
   11   M   0.102   0.942   0.306
   12   V   0.102   0.940   0.305
   13   I   0.102   0.948   0.306
   14   A   0.104   0.955   0.310
   15   L   0.107   0.920   0.315
   16   V   0.104   0.917   0.310
   17   V   0.098   0.907   0.301
   18   F   0.102   0.895   0.307
   19   A   0.121   0.859   0.334
   20   M   0.197   0.690   0.427
   21   G   0.110   0.794   0.316
   22   S   0.494   0.514   0.669
   23   K   0.111   0.508   0.314
   24   I   0.132   0.435   0.339
   25   Y   0.153   0.222   0.360
   26   N   0.106   0.223   0.294
   27   K   0.214   0.154   0.409
   28   P   0.106   0.152   0.282
   29   P   0.107   0.142   0.276
   30   P   0.099   0.147   0.258
   31   E   0.102   0.161   0.256
   32   G   0.100   0.145   0.247
   33   N   0.102   0.132   0.241
   34   I   0.106   0.128   0.238
   35   V   0.103   0.113   0.226
   36   A   0.109   0.109   0.224
   37   Q   0.096   0.113   0.202
   38   V   0.105   0.111   0.201
   39   F   0.102   0.104   0.189
   40   K   0.108   0.094   0.183
   41   C   0.095   0.094   0.162
   42   I   0.104   0.090   0.158
   43   W   0.104   0.101   0.149
   44   F   0.101   0.098   0.135
   45   A   0.101   0.103   0.128
   46   I   0.093   0.099   0.116
   47   S   0.102   0.135   0.115
   48   N   0.100   0.131   0.112
   49   R   0.096   0.140   0.108
   50   F   0.108   0.119   0.114
   51   K   0.100   0.114   0.109
   52   N   0.099   0.114   0.108
   53   R   0.100   0.124   0.108
   54   S   0.105   0.136   0.110
   55   G   0.106   0.117   0.110
   56   D   0.113   0.113   0.113
   57   I   0.104   0.108   0.108
   58   P   0.095   0.119   0.103
   59   K   0.101   0.109   0.107
   60   R   0.099   0.106   0.105
   61   Q   0.108   0.106   0.110
   62   H   0.104   0.107   0.108
   63   W   0.099   0.105   0.106
   64   L   0.099   0.106   0.106
   65   D   0.103   0.103   0.108
   66   W   0.107   0.100   0.110
   67   A   0.109   0.100   0.112
   68   A   0.094   0.105   0.104
   69   E   0.097   0.101   0.105
   70   K   0.100   0.103   0.106
# Measure  Position  Value    Cutoff   signal peptide?
  max. C    22       0.494
  max. Y    22       0.669
  max. S     4       0.963
  mean S     1-21    0.907
       D     1-21    0.798   0.450   YES
Name=S15A2_HUMAN_TRANSMEM6	SP='YES' Cleavage site between pos. 21 and 22: AMG-SK D=0.798 D-cutoff=0.450 Networks=SignalP-noTM
