# SignalP-4.1 euk predictions
# Name=S1PR5_HUMAN_TRANSMEM3	Length=70	Networks=SignalP-noTM
# pos  aa    C       S       Y
    1   E   0.102   0.802   0.286
    2   G   0.102   0.720   0.286
    3   G   0.099   0.766   0.281
    4   V   0.099   0.814   0.281
    5   F   0.104   0.840   0.287
    6   V   0.105   0.864   0.289
    7   A   0.098   0.891   0.280
    8   L   0.100   0.868   0.284
    9   T   0.106   0.816   0.292
   10   A   0.101   0.820   0.286
   11   S   0.101   0.835   0.286
   12   V   0.098   0.869   0.283
   13   L   0.097   0.895   0.281
   14   S   0.103   0.895   0.290
   15   L   0.107   0.849   0.296
   16   L   0.104   0.870   0.292
   17   A   0.104   0.865   0.294
   18   I   0.114   0.781   0.308
   19   A   0.106   0.810   0.296
   20   L   0.156   0.662   0.359
   21   E   0.111   0.733   0.302
   22   R   0.127   0.689   0.323
   23   S   0.117   0.524   0.308
   24   L   0.131   0.424   0.324
   25   T   0.101   0.499   0.282
   26   M   0.129   0.428   0.316
   27   A   0.110   0.482   0.289
   28   R   0.329   0.181   0.495
   29   R   0.106   0.206   0.274
   30   G   0.115   0.184   0.280
   31   P   0.101   0.155   0.257
   32   A   0.104   0.203   0.254
   33   P   0.098   0.189   0.241
   34   V   0.107   0.230   0.245
   35   S   0.096   0.231   0.226
   36   S   0.104   0.447   0.229
   37   R   0.104   0.557   0.224
   38   G   0.111   0.514   0.228
   39   R   0.098   0.531   0.211
   40   T   0.108   0.535   0.218
   41   L   0.105   0.582   0.212
   42   A   0.107   0.562   0.212
   43   M   0.104   0.456   0.207
   44   A   0.109   0.540   0.209
   45   A   0.099   0.723   0.197
   46   A   0.105   0.738   0.206
   47   A   0.104   0.628   0.208
   48   W   0.095   0.536   0.201
   49   G   0.101   0.564   0.208
   50   V   0.101   0.642   0.209
   51   S   0.107   0.477   0.220
   52   L   0.104   0.370   0.220
   53   L   0.106   0.268   0.224
   54   L   0.107   0.240   0.226
   55   G   0.111   0.221   0.231
   56   L   0.118   0.177   0.238
   57   L   0.108   0.158   0.228
   58   P   0.107   0.174   0.225
   59   A   0.120   0.157   0.236
   60   L   0.102   0.124   0.213
   61   G   0.107   0.159   0.213
   62   W   0.226   0.125   0.305
   63   N   0.103   0.113   0.201
   64   C   0.109   0.106   0.201
   65   L   0.103   0.103   0.190
   66   G   0.102   0.106   0.185
   67   R   0.116   0.102   0.191
   68   L   0.107   0.103   0.175
   69   D   0.103   0.102   0.162
   70   A   0.102   0.101   0.154
# Measure  Position  Value    Cutoff   signal peptide?
  max. C    28       0.329
  max. Y    28       0.495
  max. S    14       0.895
  mean S     1-27    0.752
       D     1-27    0.634   0.450   YES
Name=S1PR5_HUMAN_TRANSMEM3	SP='YES' Cleavage site between pos. 27 and 28: TMA-RR D=0.634 D-cutoff=0.450 Networks=SignalP-noTM
