# SignalP-4.1 euk predictions
# Name=S22AF_HUMAN_TRANSMEM10	Length=70	Networks=SignalP-noTM
# pos  aa    C       S       Y
    1   H   0.100   0.453   0.213
    2   S   0.102   0.454   0.215
    3   L   0.099   0.428   0.211
    4   S   0.103   0.450   0.216
    5   L   0.100   0.478   0.213
    6   L   0.103   0.507   0.216
    7   G   0.101   0.537   0.215
    8   K   0.100   0.515   0.214
    9   L   0.104   0.519   0.219
   10   T   0.102   0.511   0.217
   11   I   0.104   0.448   0.220
   12   S   0.101   0.481   0.218
   13   A   0.099   0.389   0.216
   14   A   0.095   0.357   0.210
   15   F   0.135   0.213   0.249
   16   N   0.100   0.204   0.213
   17   I   0.102   0.229   0.212
   18   V   0.097   0.208   0.205
   19   Y   0.099   0.215   0.203
   20   I   0.098   0.229   0.199
   21   Y   0.122   0.158   0.220
   22   T   0.102   0.177   0.198
   23   S   0.123   0.160   0.214
   24   E   0.105   0.148   0.194
   25   L   0.112   0.145   0.196
   26   Y   0.129   0.110   0.206
   27   P   0.098   0.114   0.176
   28   T   0.109   0.115   0.180
   29   V   0.105   0.121   0.172
   30   I   0.103   0.145   0.164
   31   R   0.103   0.122   0.159
   32   N   0.107   0.091   0.156
   33   V   0.105   0.095   0.148
   34   G   0.104   0.091   0.141
   35   L   0.100   0.100   0.132
   36   G   0.103   0.092   0.129
   37   T   0.106   0.098   0.126
   38   C   0.106   0.103   0.124
   39   S   0.103   0.094   0.120
   40   M   0.101   0.098   0.116
   41   F   0.098   0.091   0.112
   42   S   0.099   0.102   0.110
   43   R   0.100   0.105   0.108
   44   V   0.105   0.123   0.109
   45   G   0.099   0.127   0.105
   46   G   0.099   0.151   0.105
   47   I   0.118   0.104   0.114
   48   I   0.105   0.104   0.107
   49   A   0.105   0.110   0.107
   50   P   0.098   0.105   0.103
   51   F   0.102   0.102   0.105
   52   I   0.107   0.099   0.107
   53   P   0.108   0.108   0.106
   54   S   0.104   0.116   0.104
   55   L   0.098   0.111   0.101
   56   K   0.100   0.104   0.103
   57   Y   0.102   0.098   0.104
   58   V   0.102   0.097   0.104
   59   Q   0.099   0.094   0.103
   60   W   0.104   0.096   0.105
   61   S   0.106   0.097   0.106
   62   L   0.099   0.098   0.103
   63   P   0.098   0.096   0.102
   64   F   0.102   0.095   0.104
   65   I   0.102   0.094   0.104
   66   V   0.099   0.096   0.102
   67   F   0.106   0.099   0.105
   68   G   0.105   0.103   0.104
   69   A   0.097   0.100   0.099
   70   T   0.098   0.096   0.100
# Measure  Position  Value    Cutoff   signal peptide?
  max. C    15       0.135
  max. Y    15       0.249
  max. S     7       0.537
  mean S     1-14    0.466
       D     1-14    0.366   0.450   NO
Name=S22AF_HUMAN_TRANSMEM10	SP='NO' D=0.366 D-cutoff=0.450 Networks=SignalP-noTM
