# SignalP-4.1 euk predictions
# Name=S26A9_HUMAN_TRANSMEM6	Length=70	Networks=SignalP-noTM
# pos  aa    C       S       Y
    1   S   0.101   0.818   0.288
    2   L   0.100   0.833   0.286
    3   I   0.103   0.812   0.291
    4   F   0.102   0.791   0.289
    5   A   0.105   0.763   0.292
    6   L   0.097   0.769   0.282
    7   I   0.107   0.799   0.295
    8   S   0.101   0.747   0.287
    9   G   0.103   0.732   0.289
   10   A   0.099   0.647   0.282
   11   F   0.098   0.563   0.280
   12   L   0.102   0.648   0.283
   13   V   0.101   0.554   0.280
   14   L   0.096   0.602   0.271
   15   V   0.105   0.603   0.282
   16   K   0.114   0.483   0.292
   17   E   0.104   0.614   0.276
   18   L   0.164   0.346   0.344
   19   N   0.104   0.245   0.270
   20   A   0.107   0.333   0.269
   21   R   0.589   0.136   0.619
   22   Y   0.109   0.141   0.260
   23   M   0.103   0.130   0.246
   24   H   0.107   0.120   0.244
   25   K   0.101   0.129   0.230
   26   I   0.111   0.107   0.235
   27   R   0.098   0.117   0.213
   28   F   0.107   0.108   0.215
   29   P   0.101   0.122   0.202
   30   I   0.106   0.126   0.199
   31   P   0.105   0.124   0.190
   32   T   0.107   0.112   0.184
   33   E   0.100   0.122   0.172
   34   M   0.102   0.132   0.167
   35   I   0.101   0.138   0.159
   36   V   0.102   0.143   0.154
   37   V   0.096   0.149   0.142
   38   V   0.105   0.259   0.141
   39   V   0.103   0.324   0.136
   40   A   0.106   0.279   0.133
   41   T   0.113   0.163   0.136
   42   A   0.102   0.155   0.128
   43   I   0.105   0.132   0.126
   44   S   0.103   0.151   0.125
   45   G   0.107   0.157   0.127
   46   G   0.106   0.128   0.127
   47   C   0.109   0.103   0.130
   48   K   0.102   0.126   0.125
   49   M   0.105   0.114   0.127
   50   P   0.100   0.107   0.124
   51   K   0.103   0.106   0.126
   52   K   0.101   0.104   0.124
   53   Y   0.102   0.098   0.124
   54   H   0.099   0.100   0.122
   55   M   0.107   0.106   0.127
   56   Q   0.105   0.099   0.125
   57   I   0.107   0.110   0.126
   58   V   0.099   0.105   0.120
   59   G   0.107   0.104   0.124
   60   E   0.100   0.101   0.120
   61   I   0.107   0.097   0.120
   62   Q   0.100   0.096   0.112
   63   R   0.104   0.097   0.110
   64   G   0.103   0.094   0.108
   65   F   0.098   0.099   0.104
   66   P   0.103   0.096   0.106
   67   T   0.106   0.097   0.106
   68   P   0.098   0.093   0.101
   69   V   0.098   0.095   0.100
   70   S   0.102   0.100   0.102
# Measure  Position  Value    Cutoff   signal peptide?
  max. C    21       0.589
  max. Y    21       0.619
  max. S     2       0.833
  mean S     1-20    0.635
       D     1-20    0.628   0.450   YES
Name=S26A9_HUMAN_TRANSMEM6	SP='YES' Cleavage site between pos. 20 and 21: LNA-RY D=0.628 D-cutoff=0.450 Networks=SignalP-noTM
