# SignalP-4.1 euk predictions
# Name=S26A9_HUMAN_TRANSMEM10	Length=70	Networks=SignalP-TM
# pos  aa    C       S       Y
    1   L   0.101   0.129   0.114
    2   S   0.103   0.123   0.115
    3   V   0.101   0.150   0.114
    4   T   0.104   0.172   0.116
    5   L   0.104   0.207   0.118
    6   A   0.102   0.173   0.119
    7   V   0.103   0.163   0.121
    8   D   0.105   0.161   0.123
    9   G   0.101   0.159   0.122
   10   A   0.101   0.238   0.123
   11   G   0.099   0.374   0.125
   12   G   0.102   0.297   0.133
   13   K   0.101   0.178   0.137
   14   S   0.102   0.195   0.139
   15   Q   0.105   0.160   0.143
   16   V   0.103   0.118   0.142
   17   A   0.102   0.108   0.141
   18   S   0.103   0.135   0.141
   19   L   0.114   0.097   0.147
   20   C   0.105   0.099   0.139
   21   V   0.103   0.097   0.135
   22   S   0.103   0.085   0.133
   23   L   0.104   0.070   0.132
   24   V   0.103   0.049   0.129
   25   V   0.103   0.056   0.123
   26   M   0.104   0.053   0.114
   27   I   0.102   0.028   0.105
   28   T   0.103   0.039   0.100
   29   M   0.106   0.044   0.095
   30   L   0.104   0.053   0.089
   31   V   0.103   0.070   0.086
   32   L   0.103   0.046   0.084
   33   G   0.105   0.049   0.081
   34   I   0.238   0.052   0.119
   35   Y   0.106   0.060   0.077
   36   L   0.106   0.072   0.076
   37   Y   0.122   0.112   0.081
   38   P   0.099   0.114   0.074
   39   L   0.107   0.090   0.081
   40   P   0.100   0.141   0.079
   41   K   0.105   0.197   0.085
   42   S   0.103   0.191   0.091
   43   V   0.102   0.140   0.097
   44   L   0.102   0.131   0.100
   45   G   0.104   0.122   0.104
   46   A   0.142   0.097   0.124
   47   L   0.102   0.077   0.107
   48   I   0.105   0.076   0.110
   49   A   0.101   0.079   0.108
   50   V   0.101   0.074   0.109
   51   N   0.102   0.084   0.110
   52   L   0.102   0.094   0.108
   53   K   0.100   0.095   0.106
   54   N   0.101   0.092   0.108
   55   S   0.102   0.090   0.106
   56   L   0.100   0.098   0.101
   57   K   0.104   0.096   0.100
   58   Q   0.104   0.093   0.098
   59   L   0.101   0.095   0.096
   60   T   0.099   0.090   0.094
   61   D   0.104   0.086   0.096
   62   P   0.102   0.089   0.095
   63   Y   0.101   0.089   0.095
   64   Y   0.103   0.098   0.096
   65   L   0.102   0.099   0.097
   66   W   0.101   0.100   0.097
   67   R   0.099   0.098   0.096
   68   K   0.101   0.098   0.097
   69   S   0.102   0.097   0.098
   70   K   0.104   0.095   0.099
# Measure  Position  Value    Cutoff   signal peptide?
  max. C    34       0.238
  max. Y    19       0.147
  max. S    11       0.374
  mean S     1-18    0.180
       D     1-18    0.160   0.500   NO
Name=S26A9_HUMAN_TRANSMEM10	SP='NO' D=0.160 D-cutoff=0.500 Networks=SignalP-TM
