# SignalP-4.1 euk predictions
# Name=S28A1_HUMAN_TRANSMEM6	Length=70	Networks=SignalP-TM
# pos  aa    C       S       Y
    1   F   0.102   0.479   0.221
    2   A   0.104   0.475   0.223
    3   F   0.100   0.575   0.219
    4   Q   0.104   0.444   0.225
    5   V   0.101   0.396   0.221
    6   L   0.102   0.356   0.220
    7   P   0.104   0.271   0.220
    8   I   0.101   0.271   0.214
    9   I   0.103   0.243   0.213
   10   V   0.102   0.157   0.207
   11   F   0.099   0.189   0.199
   12   F   0.102   0.131   0.197
   13   S   0.099   0.101   0.187
   14   C   0.102   0.065   0.182
   15   V   0.100   0.063   0.172
   16   I   0.099   0.059   0.162
   17   S   0.102   0.056   0.156
   18   V   0.198   0.039   0.199
   19   L   0.105   0.049   0.134
   20   Y   0.103   0.056   0.123
   21   H   0.156   0.043   0.140
   22   V   0.122   0.051   0.115
   23   G   0.105   0.051   0.099
   24   L   0.105   0.073   0.091
   25   M   0.105   0.092   0.088
   26   Q   0.154   0.119   0.101
   27   W   0.104   0.123   0.082
   28   V   0.103   0.103   0.083
   29   I   0.103   0.130   0.085
   30   L   0.102   0.164   0.087
   31   K   0.104   0.189   0.093
   32   I   0.102   0.198   0.097
   33   A   0.105   0.200   0.104
   34   W   0.103   0.204   0.108
   35   L   0.103   0.183   0.113
   36   M   0.110   0.163   0.121
   37   Q   0.102   0.166   0.120
   38   V   0.104   0.195   0.125
   39   T   0.099   0.247   0.126
   40   M   0.105   0.353   0.134
   41   G   0.115   0.329   0.147
   42   T   0.165   0.210   0.183
   43   T   0.104   0.226   0.148
   44   A   0.114   0.217   0.157
   45   T   0.307   0.121   0.260
   46   E   0.119   0.089   0.160
   47   T   0.102   0.123   0.145
   48   L   0.107   0.096   0.147
   49   S   0.104   0.107   0.142
   50   V   0.106   0.102   0.141
   51   A   0.103   0.086   0.138
   52   G   0.101   0.089   0.134
   53   N   0.104   0.085   0.134
   54   I   0.105   0.076   0.130
   55   F   0.102   0.077   0.119
   56   V   0.103   0.094   0.112
   57   S   0.100   0.098   0.106
   58   Q   0.101   0.104   0.102
   59   T   0.101   0.102   0.099
   60   E   0.103   0.108   0.099
   61   A   0.102   0.112   0.099
   62   P   0.098   0.104   0.097
   63   L   0.105   0.097   0.100
   64   L   0.101   0.097   0.098
   65   I   0.104   0.091   0.099
   66   R   0.103   0.098   0.099
   67   P   0.105   0.101   0.100
   68   Y   0.105   0.097   0.101
   69   L   0.106   0.101   0.102
   70   A   0.104   0.096   0.102
# Measure  Position  Value    Cutoff   signal peptide?
  max. C    45       0.307
  max. Y    45       0.260
  max. S     3       0.575
  mean S     1-44    0.193
       D     1-44    0.233   0.500   NO
Name=S28A1_HUMAN_TRANSMEM6	SP='NO' D=0.233 D-cutoff=0.500 Networks=SignalP-TM
