# SignalP-4.1 euk predictions
# Name=S35D3_HUMAN_TRANSMEM3	Length=70	Networks=SignalP-noTM
# pos  aa    C       S       Y
    1   L   0.102   0.617   0.251
    2   I   0.105   0.582   0.255
    3   A   0.102   0.601   0.251
    4   V   0.099   0.722   0.247
    5   P   0.103   0.598   0.252
    6   P   0.104   0.565   0.254
    7   F   0.102   0.531   0.251
    8   G   0.105   0.527   0.253
    9   L   0.096   0.504   0.241
   10   S   0.102   0.520   0.248
   11   L   0.101   0.539   0.246
   12   A   0.106   0.529   0.251
   13   R   0.108   0.532   0.253
   14   S   0.110   0.410   0.254
   15   F   0.109   0.418   0.251
   16   A   0.102   0.437   0.241
   17   G   0.110   0.343   0.249
   18   V   0.102   0.327   0.236
   19   A   0.101   0.305   0.233
   20   V   0.107   0.215   0.236
   21   L   0.105   0.188   0.230
   22   S   0.112   0.209   0.232
   23   T   0.107   0.237   0.223
   24   L   0.109   0.231   0.221
   25   Q   0.102   0.315   0.210
   26   S   0.102   0.385   0.207
   27   S   0.124   0.280   0.224
   28   L   0.108   0.275   0.205
   29   T   0.106   0.441   0.199
   30   L   0.138   0.315   0.226
   31   W   0.105   0.307   0.195
   32   S   0.108   0.282   0.195
   33   L   0.106   0.222   0.190
   34   R   0.100   0.251   0.181
   35   G   0.103   0.251   0.180
   36   L   0.121   0.191   0.191
   37   S   0.103   0.188   0.174
   38   L   0.114   0.160   0.179
   39   P   0.102   0.171   0.166
   40   M   0.112   0.143   0.171
   41   Y   0.103   0.215   0.162
   42   V   0.107   0.259   0.163
   43   V   0.098   0.249   0.157
   44   F   0.102   0.269   0.161
   45   K   0.119   0.166   0.175
   46   R   0.102   0.162   0.160
   47   C   0.110   0.226   0.166
   48   L   0.121   0.256   0.172
   49   P   0.100   0.350   0.155
   50   L   0.110   0.241   0.163
   51   V   0.105   0.205   0.159
   52   T   0.104   0.150   0.155
   53   M   0.104   0.150   0.152
   54   L   0.103   0.149   0.149
   55   I   0.104   0.123   0.148
   56   G   0.104   0.107   0.146
   57   V   0.097   0.103   0.139
   58   L   0.101   0.115   0.140
   59   V   0.103   0.156   0.139
   60   L   0.103   0.104   0.139
   61   K   0.105   0.100   0.140
   62   N   0.100   0.097   0.135
   63   G   0.103   0.103   0.136
   64   A   0.135   0.098   0.153
   65   P   0.094   0.096   0.126
   66   S   0.117   0.095   0.137
   67   P   0.093   0.097   0.119
   68   G   0.103   0.101   0.124
   69   V   0.097   0.099   0.119
   70   L   0.099   0.104   0.118
# Measure  Position  Value    Cutoff   signal peptide?
  max. C    30       0.138
  max. Y    14       0.254
  max. S     4       0.722
  mean S     1-13    0.567
       D     1-13    0.423   0.450   NO
Name=S35D3_HUMAN_TRANSMEM3	SP='NO' D=0.423 D-cutoff=0.450 Networks=SignalP-noTM
