# SignalP-4.1 euk predictions
# Name=S35F1_HUMAN_TRANSMEM6	Length=70	Networks=SignalP-TM
# pos  aa    C       S       Y
    1   L   0.102   0.213   0.148
    2   L   0.103   0.191   0.148
    3   V   0.103   0.192   0.148
    4   L   0.104   0.219   0.148
    5   G   0.106   0.223   0.149
    6   G   0.100   0.211   0.146
    7   A   0.104   0.192   0.149
    8   T   0.101   0.184   0.145
    9   L   0.101   0.182   0.145
   10   Y   0.099   0.179   0.142
   11   G   0.098   0.211   0.141
   12   I   0.100   0.164   0.142
   13   S   0.099   0.158   0.140
   14   N   0.103   0.143   0.142
   15   V   0.102   0.141   0.139
   16   W   0.103   0.119   0.138
   17   E   0.099   0.124   0.134
   18   E   0.144   0.135   0.159
   19   Y   0.105   0.123   0.133
   20   I   0.102   0.105   0.129
   21   I   0.103   0.096   0.126
   22   R   0.102   0.086   0.123
   23   T   0.106   0.070   0.122
   24   L   0.105   0.083   0.118
   25   S   0.102   0.052   0.113
   26   R   0.104   0.075   0.109
   27   V   0.106   0.056   0.107
   28   E   0.103   0.069   0.102
   29   F   0.104   0.074   0.100
   30   L   0.103   0.070   0.096
   31   G   0.103   0.094   0.095
   32   M   0.101   0.093   0.092
   33   I   0.101   0.078   0.091
   34   G   0.102   0.068   0.090
   35   L   0.101   0.075   0.087
   36   F   0.103   0.079   0.087
   37   G   0.102   0.126   0.087
   38   A   0.100   0.113   0.089
   39   F   0.099   0.140   0.089
   40   F   0.102   0.148   0.094
   41   S   0.102   0.119   0.097
   42   G   0.102   0.109   0.099
   43   I   0.102   0.109   0.101
   44   Q   0.101   0.117   0.101
   45   L   0.102   0.111   0.103
   46   A   0.107   0.094   0.106
   47   I   0.102   0.101   0.104
   48   M   0.103   0.119   0.105
   49   E   0.107   0.085   0.109
   50   H   0.101   0.093   0.106
   51   K   0.101   0.114   0.107
   52   E   0.100   0.127   0.106
   53   L   0.103   0.132   0.108
   54   L   0.099   0.107   0.106
   55   K   0.103   0.114   0.106
   56   V   0.102   0.122   0.106
   57   P   0.104   0.100   0.107
   58   W   0.103   0.112   0.106
   59   D   0.103   0.095   0.106
   60   W   0.100   0.092   0.104
   61   Q   0.100   0.095   0.104
   62   I   0.099   0.090   0.103
   63   G   0.102   0.100   0.104
   64   L   0.099   0.101   0.103
   65   L   0.104   0.094   0.106
   66   Y   0.100   0.095   0.103
   67   V   0.102   0.096   0.103
   68   G   0.100   0.118   0.101
   69   F   0.098   0.103   0.100
   70   S   0.103   0.106   0.102
# Measure  Position  Value    Cutoff   signal peptide?
  max. C    18       0.144
  max. Y    18       0.159
  max. S     5       0.223
  mean S     1-17    0.179
       D     1-17    0.167   0.500   NO
Name=S35F1_HUMAN_TRANSMEM6	SP='NO' D=0.167 D-cutoff=0.500 Networks=SignalP-TM
