# SignalP-4.1 euk predictions
# Name=S39A3_HUMAN_TRANSMEM2	Length=70	Networks=SignalP-TM
# pos  aa    C       S       Y
    1   I   0.102   0.365   0.193
    2   L   0.101   0.407   0.192
    3   S   0.103   0.433   0.195
    4   L   0.100   0.413   0.194
    5   C   0.103   0.415   0.197
    6   N   0.100   0.379   0.195
    7   T   0.103   0.343   0.198
    8   F   0.102   0.320   0.197
    9   G   0.104   0.293   0.198
   10   G   0.099   0.365   0.192
   11   G   0.098   0.451   0.191
   12   V   0.097   0.444   0.192
   13   F   0.101   0.347   0.197
   14   L   0.101   0.325   0.196
   15   A   0.105   0.299   0.199
   16   T   0.101   0.258   0.194
   17   C   0.104   0.268   0.195
   18   F   0.121   0.227   0.206
   19   N   0.105   0.264   0.188
   20   A   0.107   0.248   0.187
   21   L   0.105   0.176   0.183
   22   L   0.103   0.202   0.178
   23   P   0.102   0.217   0.175
   24   A   0.116   0.171   0.184
   25   V   0.104   0.163   0.171
   26   R   0.104   0.176   0.164
   27   E   0.111   0.137   0.163
   28   K   0.142   0.112   0.178
   29   L   0.105   0.109   0.148
   30   Q   0.102   0.108   0.141
   31   K   0.102   0.097   0.137
   32   V   0.104   0.123   0.134
   33   L   0.101   0.113   0.129
   34   S   0.106   0.102   0.128
   35   L   0.118   0.102   0.130
   36   G   0.102   0.100   0.119
   37   H   0.098   0.094   0.113
   38   I   0.101   0.106   0.111
   39   S   0.100   0.079   0.108
   40   T   0.102   0.067   0.107
   41   D   0.103   0.068   0.103
   42   Y   0.097   0.048   0.098
   43   P   0.100   0.064   0.097
   44   L   0.102   0.062   0.096
   45   A   0.098   0.082   0.093
   46   E   0.103   0.074   0.094
   47   T   0.103   0.060   0.092
   48   I   0.107   0.046   0.092
   49   L   0.105   0.048   0.089
   50   L   0.102   0.062   0.085
   51   L   0.102   0.064   0.084
   52   G   0.105   0.066   0.084
   53   F   0.103   0.058   0.081
   54   F   0.105   0.061   0.081
   55   M   0.104   0.078   0.080
   56   T   0.102   0.083   0.080
   57   V   0.101   0.074   0.081
   58   F   0.100   0.073   0.081
   59   L   0.100   0.058   0.081
   60   E   0.106   0.072   0.083
   61   Q   0.098   0.073   0.079
   62   L   0.104   0.057   0.082
   63   I   0.100   0.072   0.081
   64   L   0.101   0.089   0.083
   65   T   0.103   0.087   0.085
   66   F   0.106   0.091   0.087
   67   R   0.103   0.097   0.087
   68   K   0.103   0.079   0.089
   69   E   0.099   0.087   0.087
   70   K   0.100   0.086   0.088
# Measure  Position  Value    Cutoff   signal peptide?
  max. C    28       0.142
  max. Y    18       0.206
  max. S    11       0.451
  mean S     1-17    0.360
       D     1-17    0.268   0.500   NO
Name=S39A3_HUMAN_TRANSMEM2	SP='NO' D=0.268 D-cutoff=0.500 Networks=SignalP-TM
