# SignalP-4.1 euk predictions
# Name=S46A3_HUMAN_TRANSMEM2	Length=70	Networks=SignalP-noTM
# pos  aa    C       S       Y
    1   F   0.101   0.942   0.308
    2   P   0.101   0.946   0.309
    3   M   0.104   0.952   0.313
    4   I   0.105   0.957   0.315
    5   L   0.101   0.956   0.308
    6   S   0.101   0.951   0.309
    7   S   0.100   0.954   0.307
    8   V   0.101   0.956   0.308
    9   G   0.103   0.975   0.313
   10   A   0.099   0.966   0.307
   11   L   0.101   0.962   0.309
   12   A   0.104   0.977   0.314
   13   T   0.102   0.950   0.312
   14   S   0.104   0.941   0.315
   15   V   0.099   0.914   0.308
   16   W   0.100   0.922   0.309
   17   L   0.103   0.952   0.313
   18   C   0.140   0.910   0.364
   19   L   0.123   0.883   0.341
   20   L   0.099   0.903   0.306
   21   C   0.132   0.788   0.353
   22   Y   0.108   0.907   0.319
   23   F   0.107   0.961   0.316
   24   A   0.130   0.875   0.348
   25   F   0.131   0.754   0.349
   26   P   0.101   0.914   0.306
   27   F   0.358   0.821   0.574
   28   Q   0.102   0.889   0.306
   29   L   0.122   0.850   0.333
   30   L   0.106   0.868   0.310
   31   I   0.105   0.855   0.308
   32   A   0.131   0.740   0.344
   33   S   0.414   0.367   0.606
   34   T   0.115   0.279   0.315
   35   F   0.131   0.288   0.330
   36   I   0.105   0.378   0.290
   37   G   0.105   0.326   0.285
   38   A   0.101   0.232   0.274
   39   F   0.118   0.197   0.290
   40   C   0.104   0.306   0.266
   41   G   0.155   0.157   0.318
   42   N   0.150   0.125   0.305
   43   Y   0.106   0.144   0.249
   44   T   0.099   0.195   0.235
   45   T   0.116   0.178   0.246
   46   F   0.101   0.169   0.222
   47   W   0.103   0.162   0.217
   48   G   0.104   0.144   0.211
   49   A   0.107   0.124   0.206
   50   C   0.099   0.120   0.190
   51   F   0.103   0.109   0.184
   52   A   0.103   0.126   0.174
   53   Y   0.122   0.125   0.178
   54   I   0.105   0.119   0.154
   55   V   0.097   0.114   0.139
   56   D   0.106   0.108   0.141
   57   Q   0.100   0.111   0.134
   58   C   0.103   0.112   0.133
   59   K   0.103   0.106   0.128
   60   E   0.101   0.104   0.123
   61   H   0.110   0.109   0.126
   62   K   0.102   0.106   0.119
   63   Q   0.100   0.108   0.114
   64   K   0.101   0.105   0.114
   65   T   0.098   0.105   0.112
   66   I   0.101   0.108   0.113
   67   R   0.103   0.106   0.112
   68   I   0.107   0.106   0.112
   69   A   0.097   0.104   0.106
   70   I   0.098   0.107   0.105
# Measure  Position  Value    Cutoff   signal peptide?
  max. C    33       0.414
  max. Y    33       0.606
  max. S    12       0.977
  mean S     1-32    0.909
       D     1-32    0.770   0.450   YES
Name=S46A3_HUMAN_TRANSMEM2	SP='YES' Cleavage site between pos. 32 and 33: LIA-ST D=0.770 D-cutoff=0.450 Networks=SignalP-noTM
