# SignalP-4.1 euk predictions
# Name=S47A2_HUMAN_TRANSMEM13	Length=24	Networks=SignalP-TM
# pos  aa    C       S       Y
    1   G   0.104   0.411   0.207
    2   A   0.102   0.397   0.205
    3   A   0.100   0.335   0.203
    4   L   0.100   0.289   0.202
    5   G   0.104   0.255   0.203
    6   A   0.100   0.260   0.196
    7   A   0.103   0.246   0.197
    8   S   0.102   0.236   0.192
    9   A   0.102   0.196   0.189
   10   T   0.097   0.139   0.180
   11   L   0.104   0.109   0.181
   12   M   0.102   0.138   0.173
   13   V   0.102   0.157   0.167
   14   G   0.104   0.146   0.163
   15   L   0.101   0.125   0.154
   16   T   0.105   0.105   0.150
   17   V   0.104   0.117   0.143
   18   R   0.104   0.133   0.137
   19   I   0.102   0.135   0.131
   20   L   0.103   0.137   0.128
   21   A   0.104   0.123   0.125
   22   T   0.104   0.095   0.122
   23   R   0.104   0.088   0.118
   24   H   0.103   0.091   0.113
# Measure  Position  Value    Cutoff   signal peptide?
  max. C    16       0.105
  max. Y    11       0.181
  max. S     1       0.411
  mean S     1-10    0.276
       D     1-10    0.219   0.500   NO
Name=S47A2_HUMAN_TRANSMEM13	SP='NO' D=0.219 D-cutoff=0.500 Networks=SignalP-TM
