# SignalP-4.1 euk predictions
# Name=S47A1_HUMAN_TRANSMEM6	Length=70	Networks=SignalP-TM
# pos  aa    C       S       Y
    1   A   0.103   0.572   0.243
    2   L   0.100   0.574   0.239
    3   A   0.104   0.534   0.244
    4   N   0.101   0.496   0.240
    5   L   0.105   0.470   0.243
    6   I   0.100   0.507   0.236
    7   S   0.105   0.542   0.240
    8   Q   0.102   0.565   0.237
    9   Y   0.100   0.447   0.234
   10   T   0.101   0.456   0.234
   11   L   0.103   0.539   0.234
   12   A   0.101   0.367   0.232
   13   L   0.117   0.428   0.246
   14   L   0.102   0.339   0.227
   15   L   0.100   0.374   0.221
   16   F   0.104   0.567   0.222
   17   L   0.102   0.578   0.220
   18   Y   0.102   0.641   0.221
   19   I   0.102   0.722   0.223
   20   L   0.103   0.651   0.228
   21   G   0.102   0.695   0.229
   22   K   0.359   0.395   0.435
   23   K   0.103   0.551   0.230
   24   L   0.111   0.417   0.241
   25   H   0.108   0.359   0.237
   26   Q   0.131   0.272   0.258
   27   A   0.144   0.284   0.268
   28   T   0.152   0.181   0.273
   29   W   0.104   0.206   0.223
   30   G   0.113   0.192   0.229
   31   G   0.120   0.158   0.230
   32   W   0.098   0.168   0.200
   33   S   0.099   0.148   0.193
   34   L   0.105   0.100   0.188
   35   E   0.100   0.116   0.172
   36   C   0.102   0.142   0.161
   37   L   0.103   0.148   0.155
   38   Q   0.102   0.155   0.145
   39   D   0.105   0.134   0.140
   40   W   0.103   0.188   0.133
   41   A   0.100   0.186   0.129
   42   S   0.100   0.177   0.126
   43   F   0.105   0.158   0.129
   44   L   0.098   0.158   0.123
   45   R   0.104   0.169   0.126
   46   L   0.103   0.096   0.126
   47   A   0.102   0.101   0.123
   48   I   0.100   0.106   0.120
   49   P   0.103   0.117   0.122
   50   S   0.102   0.127   0.122
   51   M   0.102   0.150   0.121
   52   L   0.102   0.159   0.122
   53   M   0.100   0.157   0.121
   54   L   0.101   0.152   0.121
   55   C   0.102   0.173   0.121
   56   M   0.105   0.169   0.122
   57   E   0.103   0.198   0.121
   58   W   0.102   0.197   0.121
   59   W   0.100   0.222   0.121
   60   A   0.101   0.211   0.124
   61   Y   0.103   0.225   0.128
   62   E   0.100   0.212   0.130
   63   V   0.100   0.211   0.133
   64   G   0.103   0.181   0.137
   65   S   0.103   0.159   0.138
   66   F   0.103   0.128   0.139
   67   L   0.102   0.131   0.137
   68   S   0.102   0.122   0.137
   69   G   0.098   0.109   0.133
   70   I   0.104   0.100   0.136
# Measure  Position  Value    Cutoff   signal peptide?
  max. C    22       0.359
  max. Y    22       0.435
  max. S    19       0.722
  mean S     1-21    0.527
       D     1-21    0.471   0.500   NO
Name=S47A1_HUMAN_TRANSMEM6	SP='NO' D=0.471 D-cutoff=0.500 Networks=SignalP-TM
