# SignalP-4.1 euk predictions
# Name=S4A4_HUMAN_TRANSMEM11	Length=70	Networks=SignalP-TM
# pos  aa    C       S       Y
    1   V   0.102   0.435   0.211
    2   T   0.103   0.334   0.212
    3   G   0.104   0.268   0.211
    4   T   0.101   0.319   0.205
    5   L   0.104   0.281   0.206
    6   V   0.103   0.329   0.202
    7   F   0.099   0.335   0.197
    8   I   0.105   0.252   0.200
    9   L   0.101   0.266   0.193
   10   T   0.107   0.246   0.196
   11   G   0.103   0.262   0.188
   12   L   0.099   0.166   0.181
   13   S   0.102   0.133   0.178
   14   V   0.100   0.121   0.171
   15   F   0.100   0.093   0.163
   16   M   0.103   0.082   0.158
   17   A   0.110   0.078   0.158
   18   P   0.107   0.092   0.150
   19   I   0.106   0.092   0.144
   20   L   0.099   0.068   0.134
   21   K   0.101   0.073   0.129
   22   F   0.130   0.084   0.137
   23   I   0.114   0.062   0.123
   24   P   0.099   0.068   0.108
   25   M   0.109   0.066   0.107
   26   P   0.102   0.070   0.097
   27   V   0.103   0.074   0.093
   28   L   0.101   0.090   0.090
   29   Y   0.105   0.086   0.090
   30   G   0.107   0.076   0.091
   31   V   0.123   0.074   0.097
   32   F   0.103   0.049   0.089
   33   L   0.104   0.049   0.088
   34   Y   0.101   0.063   0.085
   35   M   0.100   0.068   0.084
   36   G   0.103   0.075   0.085
   37   V   0.099   0.097   0.083
   38   A   0.104   0.119   0.087
   39   S   0.107   0.107   0.090
   40   L   0.136   0.087   0.103
   41   N   0.102   0.099   0.090
   42   G   0.103   0.121   0.091
   43   V   0.135   0.088   0.106
   44   Q   0.101   0.071   0.092
   45   F   0.103   0.068   0.093
   46   M   0.105   0.072   0.093
   47   D   0.102   0.094   0.093
   48   R   0.103   0.087   0.095
   49   L   0.105   0.083   0.097
   50   K   0.102   0.075   0.096
   51   L   0.102   0.102   0.096
   52   L   0.104   0.108   0.097
   53   L   0.102   0.113   0.096
   54   M   0.104   0.117   0.097
   55   P   0.104   0.114   0.098
   56   L   0.103   0.103   0.098
   57   K   0.104   0.105   0.098
   58   H   0.104   0.113   0.099
   59   Q   0.100   0.115   0.098
   60   P   0.099   0.112   0.100
   61   D   0.100   0.108   0.102
   62   F   0.099   0.123   0.101
   63   I   0.101   0.119   0.104
   64   Y   0.098   0.123   0.103
   65   L   0.097   0.116   0.105
   66   R   0.099   0.098   0.106
   67   H   0.103   0.093   0.108
   68   V   0.100   0.098   0.106
   69   P   0.101   0.097   0.106
   70   L   0.107   0.097   0.108
# Measure  Position  Value    Cutoff   signal peptide?
  max. C    40       0.136
  max. Y    11       0.188
  max. S     1       0.435
  mean S     1-10    0.307
       D     1-10    0.236   0.500   NO
Name=S4A4_HUMAN_TRANSMEM11	SP='NO' D=0.236 D-cutoff=0.500 Networks=SignalP-TM
