# SignalP-4.1 euk predictions
# Name=S52A2_HUMAN_TRANSMEM7	Length=70	Networks=SignalP-noTM
# pos  aa    C       S       Y
    1   A   0.103   0.804   0.287
    2   C   0.098   0.790   0.281
    3   L   0.103   0.758   0.288
    4   L   0.101   0.718   0.284
    5   G   0.103   0.707   0.286
    6   L   0.100   0.768   0.281
    7   L   0.107   0.696   0.291
    8   A   0.108   0.730   0.291
    9   A   0.101   0.627   0.281
   10   T   0.100   0.585   0.278
   11   N   0.104   0.616   0.282
   12   A   0.103   0.685   0.279
   13   L   0.142   0.485   0.326
   14   T   0.097   0.470   0.268
   15   N   0.116   0.356   0.289
   16   G   0.105   0.419   0.271
   17   V   0.227   0.238   0.394
   18   L   0.102   0.265   0.259
   19   P   0.101   0.286   0.253
   20   A   0.187   0.194   0.338
   21   V   0.108   0.145   0.251
   22   Q   0.101   0.147   0.236
   23   S   0.103   0.175   0.232
   24   F   0.214   0.110   0.325
   25   S   0.104   0.114   0.220
   26   C   0.102   0.112   0.210
   27   L   0.101   0.103   0.202
   28   P   0.101   0.120   0.195
   29   Y   0.107   0.133   0.193
   30   G   0.102   0.152   0.182
   31   R   0.098   0.135   0.171
   32   L   0.109   0.204   0.173
   33   A   0.111   0.175   0.169
   34   Y   0.131   0.142   0.177
   35   H   0.107   0.150   0.151
   36   L   0.107   0.133   0.145
   37   A   0.106   0.155   0.139
   38   V   0.102   0.159   0.133
   39   V   0.103   0.211   0.129
   40   L   0.106   0.258   0.130
   41   G   0.104   0.278   0.129
   42   S   0.114   0.185   0.135
   43   A   0.104   0.273   0.129
   44   A   0.125   0.197   0.144
   45   N   0.121   0.138   0.142
   46   P   0.099   0.176   0.128
   47   L   0.104   0.194   0.133
   48   A   0.106   0.364   0.135
   49   C   0.114   0.274   0.145
   50   F   0.113   0.165   0.147
   51   L   0.101   0.133   0.139
   52   A   0.108   0.120   0.145
   53   M   0.105   0.118   0.142
   54   G   0.108   0.116   0.144
   55   V   0.104   0.122   0.139
   56   L   0.106   0.111   0.140
   57   C   0.107   0.110   0.140
   58   R   0.112   0.103   0.142
   59   S   0.107   0.103   0.139
   60   L   0.108   0.106   0.139
   61   A   0.102   0.111   0.134
   62   G   0.114   0.101   0.140
   63   L   0.114   0.101   0.136
   64   G   0.104   0.098   0.127
   65   G   0.106   0.095   0.127
   66   L   0.106   0.095   0.123
   67   S   0.100   0.098   0.118
   68   L   0.100   0.099   0.117
   69   L   0.104   0.099   0.118
   70   G   0.101   0.099   0.114
# Measure  Position  Value    Cutoff   signal peptide?
  max. C    17       0.227
  max. Y    17       0.394
  max. S     1       0.804
  mean S     1-16    0.638
       D     1-16    0.526   0.450   YES
Name=S52A2_HUMAN_TRANSMEM7	SP='YES' Cleavage site between pos. 16 and 17: TNG-VL D=0.526 D-cutoff=0.450 Networks=SignalP-noTM
