# SignalP-4.1 euk predictions
# Name=S6A18_HUMAN_TRANSMEM6	Length=70	Networks=SignalP-noTM
# pos  aa    C       S       Y
    1   W   0.099   0.709   0.265
    2   L   0.101   0.739   0.267
    3   D   0.104   0.740   0.272
    4   A   0.105   0.664   0.273
    5   A   0.099   0.603   0.266
    6   T   0.099   0.640   0.264
    7   Q   0.102   0.720   0.268
    8   I   0.104   0.750   0.270
    9   F   0.097   0.740   0.261
   10   F   0.098   0.750   0.262
   11   S   0.098   0.742   0.263
   12   L   0.100   0.692   0.266
   13   S   0.102   0.732   0.269
   14   L   0.102   0.706   0.270
   15   A   0.104   0.767   0.271
   16   F   0.122   0.641   0.295
   17   G   0.103   0.778   0.270
   18   G   0.234   0.553   0.408
   19   H   0.098   0.476   0.263
   20   I   0.108   0.509   0.273
   21   A   0.120   0.415   0.286
   22   F   0.121   0.253   0.285
   23   A   0.106   0.319   0.262
   24   S   0.316   0.144   0.447
   25   Y   0.103   0.151   0.250
   26   N   0.122   0.149   0.266
   27   S   0.104   0.145   0.240
   28   P   0.099   0.178   0.230
   29   R   0.110   0.172   0.238
   30   N   0.105   0.142   0.227
   31   D   0.100   0.131   0.215
   32   C   0.101   0.131   0.210
   33   Q   0.113   0.126   0.214
   34   K   0.105   0.117   0.199
   35   D   0.104   0.109   0.191
   36   A   0.103   0.110   0.183
   37   V   0.093   0.106   0.166
   38   V   0.105   0.102   0.167
   39   I   0.104   0.103   0.158
   40   A   0.106   0.103   0.149
   41   L   0.095   0.110   0.134
   42   V   0.108   0.106   0.137
   43   N   0.101   0.103   0.125
   44   R   0.105   0.101   0.122
   45   M   0.101   0.116   0.117
   46   T   0.106   0.140   0.115
   47   S   0.109   0.165   0.117
   48   L   0.096   0.162   0.110
   49   Y   0.102   0.209   0.114
   50   A   0.098   0.179   0.113
   51   S   0.103   0.139   0.116
   52   I   0.103   0.119   0.115
   53   A   0.106   0.114   0.116
   54   V   0.099   0.137   0.112
   55   F   0.101   0.106   0.113
   56   S   0.102   0.105   0.113
   57   V   0.101   0.100   0.112
   58   L   0.104   0.097   0.113
   59   G   0.106   0.101   0.115
   60   F   0.112   0.097   0.118
   61   K   0.111   0.100   0.117
   62   A   0.107   0.095   0.115
   63   T   0.101   0.094   0.111
   64   N   0.102   0.097   0.112
   65   D   0.100   0.099   0.110
   66   Y   0.106   0.100   0.113
   67   E   0.107   0.103   0.114
   68   H   0.096   0.106   0.108
   69   C   0.099   0.102   0.109
   70   L   0.102   0.107   0.109
# Measure  Position  Value    Cutoff   signal peptide?
  max. C    24       0.316
  max. Y    24       0.447
  max. S    17       0.778
  mean S     1-23    0.636
       D     1-23    0.550   0.450   YES
Name=S6A18_HUMAN_TRANSMEM6	SP='YES' Cleavage site between pos. 23 and 24: AFA-SY D=0.550 D-cutoff=0.450 Networks=SignalP-noTM
