# SignalP-4.1 euk predictions
# Name=S6A17_HUMAN_TRANSMEM1	Length=70	Networks=SignalP-TM
# pos  aa    C       S       Y
    1   I   0.102   0.259   0.163
    2   L   0.103   0.258   0.164
    3   A   0.104   0.211   0.164
    4   Q   0.101   0.225   0.161
    5   I   0.105   0.207   0.163
    6   G   0.099   0.216   0.157
    7   F   0.100   0.185   0.157
    8   S   0.104   0.193   0.158
    9   V   0.100   0.170   0.154
   10   G   0.103   0.208   0.154
   11   L   0.100   0.216   0.151
   12   G   0.100   0.169   0.149
   13   N   0.102   0.124   0.149
   14   I   0.104   0.161   0.147
   15   W   0.101   0.153   0.142
   16   R   0.102   0.143   0.140
   17   F   0.107   0.148   0.140
   18   P   0.100   0.143   0.134
   19   Y   0.102   0.130   0.133
   20   L   0.102   0.124   0.131
   21   C   0.103   0.117   0.129
   22   Q   0.105   0.089   0.129
   23   K   0.109   0.121   0.128
   24   N   0.102   0.084   0.122
   25   G   0.106   0.083   0.121
   26   G   0.100   0.046   0.113
   27   G   0.105   0.041   0.112
   28   A   0.103   0.038   0.108
   29   Y   0.106   0.029   0.105
   30   L   0.102   0.036   0.099
   31   V   0.102   0.043   0.095
   32   P   0.101   0.031   0.090
   33   Y   0.106   0.038   0.087
   34   L   0.100   0.026   0.081
   35   V   0.105   0.018   0.079
   36   L   0.102   0.020   0.073
   37   L   0.103   0.018   0.069
   38   I   0.102   0.018   0.063
   39   I   0.107   0.017   0.061
   40   I   0.104   0.015   0.056
   41   G   0.101   0.022   0.053
   42   I   0.103   0.021   0.052
   43   P   0.103   0.019   0.051
   44   L   0.102   0.025   0.050
   45   F   0.098   0.034   0.048
   46   F   0.100   0.034   0.048
   47   L   0.102   0.050   0.049
   48   E   0.105   0.078   0.050
   49   L   0.102   0.085   0.053
   50   A   0.104   0.084   0.058
   51   V   0.100   0.121   0.061
   52   G   0.104   0.161   0.068
   53   Q   0.290   0.097   0.126
   54   R   0.102   0.105   0.079
   55   I   0.106   0.114   0.084
   56   R   0.099   0.111   0.085
   57   R   0.099   0.114   0.089
   58   G   0.104   0.111   0.095
   59   S   0.098   0.103   0.096
   60   I   0.103   0.114   0.100
   61   G   0.101   0.133   0.102
   62   V   0.100   0.120   0.104
   63   W   0.101   0.120   0.106
   64   H   0.102   0.113   0.108
   65   Y   0.101   0.097   0.109
   66   I   0.102   0.102   0.108
   67   C   0.104   0.103   0.108
   68   P   0.104   0.097   0.107
   69   R   0.105   0.101   0.108
   70   L   0.106   0.093   0.108
# Measure  Position  Value    Cutoff   signal peptide?
  max. C    53       0.290
  max. Y    11       0.151
  max. S     1       0.259
  mean S     1-10    0.213
       D     1-10    0.176   0.500   NO
Name=S6A17_HUMAN_TRANSMEM1	SP='NO' D=0.176 D-cutoff=0.500 Networks=SignalP-TM
