# SignalP-4.1 euk predictions
# Name=S7A13_HUMAN_TRANSMEM4	Length=70	Networks=SignalP-TM
# pos  aa    C       S       Y
    1   V   0.101   0.504   0.226
    2   P   0.102   0.533   0.227
    3   K   0.103   0.511   0.229
    4   L   0.100   0.491   0.225
    5   P   0.103   0.501   0.229
    6   K   0.102   0.600   0.228
    7   K   0.102   0.695   0.228
    8   C   0.104   0.681   0.233
    9   L   0.104   0.627   0.237
   10   A   0.105   0.563   0.239
   11   L   0.100   0.282   0.235
   12   A   0.105   0.338   0.237
   13   M   0.095   0.379   0.224
   14   L   0.104   0.428   0.231
   15   W   0.100   0.511   0.226
   16   I   0.103   0.598   0.229
   17   V   0.102   0.668   0.229
   18   G   0.100   0.629   0.229
   19   I   0.100   0.625   0.232
   20   L   0.103   0.537   0.237
   21   T   0.106   0.514   0.240
   22   S   0.148   0.535   0.280
   23   R   0.147   0.394   0.276
   24   G   0.110   0.406   0.235
   25   V   0.239   0.284   0.342
   26   K   0.109   0.205   0.231
   27   E   0.114   0.213   0.234
   28   V   0.161   0.145   0.275
   29   T   0.107   0.122   0.219
   30   W   0.102   0.168   0.207
   31   L   0.120   0.131   0.216
   32   Q   0.105   0.114   0.192
   33   I   0.102   0.116   0.179
   34   A   0.103   0.073   0.169
   35   S   0.097   0.081   0.154
   36   S   0.103   0.063   0.148
   37   V   0.108   0.055   0.139
   38   L   0.100   0.042   0.125
   39   K   0.101   0.048   0.114
   40   V   0.101   0.053   0.107
   41   S   0.103   0.051   0.103
   42   I   0.104   0.054   0.097
   43   L   0.102   0.062   0.092
   44   S   0.103   0.039   0.090
   45   F   0.100   0.031   0.084
   46   I   0.102   0.034   0.080
   47   S   0.100   0.048   0.076
   48   L   0.100   0.069   0.072
   49   T   0.103   0.082   0.073
   50   G   0.101   0.081   0.073
   51   V   0.102   0.085   0.074
   52   V   0.102   0.066   0.075
   53   F   0.100   0.071   0.076
   54   L   0.102   0.061   0.077
   55   I   0.102   0.060   0.078
   56   R   0.104   0.084   0.079
   57   G   0.104   0.097   0.081
   58   K   0.102   0.093   0.081
   59   K   0.101   0.097   0.083
   60   E   0.102   0.093   0.086
   61   N   0.102   0.103   0.089
   62   V   0.100   0.104   0.090
   63   E   0.100   0.102   0.092
   64   R   0.103   0.103   0.094
   65   F   0.101   0.105   0.094
   66   Q   0.102   0.102   0.095
   67   N   0.105   0.105   0.098
   68   A   0.103   0.103   0.098
   69   F   0.097   0.105   0.097
   70   D   0.107   0.099   0.103
# Measure  Position  Value    Cutoff   signal peptide?
  max. C    25       0.239
  max. Y    25       0.342
  max. S     7       0.695
  mean S     1-24    0.523
       D     1-24    0.414   0.500   NO
Name=S7A13_HUMAN_TRANSMEM4	SP='NO' D=0.414 D-cutoff=0.500 Networks=SignalP-TM
