# SignalP-4.1 euk predictions
# Name=SC5A6_HUMAN_TRANSMEM9	Length=70	Networks=SignalP-noTM
# pos  aa    C       S       Y
    1   F   0.101   0.325   0.181
    2   V   0.101   0.344   0.181
    3   L   0.101   0.402   0.181
    4   Y   0.105   0.366   0.186
    5   F   0.099   0.332   0.181
    6   V   0.103   0.315   0.185
    7   M   0.103   0.313   0.184
    8   D   0.105   0.329   0.187
    9   L   0.098   0.369   0.180
   10   L   0.100   0.388   0.183
   11   K   0.102   0.412   0.185
   12   G   0.099   0.463   0.184
   13   L   0.110   0.357   0.195
   14   P   0.103   0.466   0.189
   15   G   0.109   0.418   0.197
   16   L   0.110   0.253   0.198
   17   P   0.099   0.275   0.188
   18   G   0.111   0.269   0.197
   19   L   0.129   0.168   0.212
   20   F   0.096   0.204   0.182
   21   I   0.108   0.180   0.191
   22   A   0.106   0.152   0.187
   23   C   0.103   0.153   0.182
   24   L   0.105   0.182   0.182
   25   F   0.097   0.201   0.173
   26   S   0.096   0.235   0.169
   27   G   0.104   0.288   0.174
   28   S   0.098   0.274   0.168
   29   L   0.105   0.410   0.174
   30   S   0.102   0.421   0.172
   31   T   0.187   0.298   0.236
   32   I   0.128   0.278   0.194
   33   S   0.103   0.288   0.172
   34   S   0.115   0.318   0.181
   35   A   0.176   0.227   0.221
   36   F   0.347   0.122   0.306
   37   N   0.103   0.135   0.162
   38   S   0.104   0.129   0.159
   39   L   0.098   0.122   0.152
   40   A   0.103   0.160   0.154
   41   T   0.108   0.136   0.156
   42   V   0.107   0.120   0.155
   43   T   0.099   0.111   0.148
   44   M   0.106   0.125   0.152
   45   E   0.106   0.111   0.151
   46   D   0.109   0.096   0.153
   47   L   0.102   0.101   0.146
   48   I   0.102   0.114   0.144
   49   R   0.101   0.112   0.142
   50   P   0.109   0.111   0.144
   51   W   0.103   0.103   0.138
   52   F   0.103   0.107   0.132
   53   P   0.102   0.106   0.126
   54   E   0.102   0.099   0.122
   55   F   0.100   0.110   0.117
   56   S   0.102   0.112   0.115
   57   E   0.104   0.111   0.112
   58   A   0.104   0.106   0.110
   59   R   0.123   0.110   0.119
   60   A   0.108   0.102   0.111
   61   I   0.096   0.101   0.104
   62   M   0.103   0.099   0.107
   63   L   0.099   0.099   0.104
   64   S   0.102   0.095   0.105
   65   R   0.101   0.098   0.104
   66   G   0.108   0.095   0.107
   67   L   0.108   0.096   0.106
   68   A   0.105   0.095   0.104
   69   F   0.099   0.095   0.101
   70   G   0.106   0.097   0.105
# Measure  Position  Value    Cutoff   signal peptide?
  max. C    36       0.347
  max. Y    36       0.306
  max. S    14       0.466
  mean S     1-35    0.305
       D     1-35    0.306   0.450   NO
Name=SC5A6_HUMAN_TRANSMEM9	SP='NO' D=0.306 D-cutoff=0.450 Networks=SignalP-noTM
