# SignalP-4.1 euk predictions
# Name=SC6A2_HUMAN_TRANSMEM7	Length=70	Networks=SignalP-TM
# pos  aa    C       S       Y
    1   C   0.102   0.151   0.124
    2   Y   0.101   0.162   0.124
    3   R   0.101   0.147   0.124
    4   D   0.104   0.129   0.125
    5   A   0.103   0.150   0.124
    6   L   0.097   0.152   0.121
    7   L   0.104   0.234   0.125
    8   T   0.101   0.250   0.125
    9   S   0.103   0.228   0.129
   10   S   0.101   0.204   0.130
   11   I   0.101   0.144   0.132
   12   N   0.101   0.160   0.132
   13   C   0.099   0.181   0.131
   14   I   0.099   0.178   0.131
   15   T   0.101   0.170   0.134
   16   S   0.102   0.191   0.135
   17   F   0.115   0.184   0.144
   18   V   0.097   0.233   0.133
   19   S   0.100   0.282   0.138
   20   G   0.102   0.293   0.143
   21   F   0.250   0.219   0.229
   22   A   0.104   0.196   0.147
   23   I   0.114   0.167   0.152
   24   F   0.100   0.141   0.142
   25   S   0.103   0.187   0.142
   26   I   0.104   0.165   0.144
   27   L   0.102   0.195   0.143
   28   G   0.100   0.219   0.141
   29   Y   0.133   0.166   0.164
   30   M   0.104   0.186   0.145
   31   A   0.108   0.175   0.148
   32   H   0.105   0.132   0.146
   33   E   0.106   0.129   0.144
   34   H   0.113   0.132   0.144
   35   K   0.102   0.125   0.132
   36   V   0.101   0.122   0.130
   37   N   0.101   0.122   0.127
   38   I   0.102   0.114   0.126
   39   E   0.118   0.103   0.135
   40   D   0.103   0.102   0.124
   41   V   0.104   0.087   0.123
   42   A   0.102   0.079   0.118
   43   T   0.099   0.079   0.112
   44   E   0.104   0.076   0.112
   45   G   0.104   0.068   0.108
   46   A   0.102   0.058   0.104
   47   G   0.101   0.057   0.100
   48   L   0.100   0.062   0.097
   49   V   0.102   0.061   0.096
   50   F   0.101   0.057   0.093
   51   I   0.106   0.055   0.092
   52   L   0.099   0.060   0.087
   53   Y   0.106   0.067   0.087
   54   P   0.103   0.093   0.085
   55   E   0.103   0.103   0.084
   56   A   0.104   0.102   0.085
   57   I   0.098   0.113   0.084
   58   S   0.102   0.128   0.087
   59   T   0.101   0.118   0.088
   60   L   0.104   0.126   0.092
   61   S   0.104   0.113   0.094
   62   G   0.099   0.126   0.094
   63   S   0.102   0.124   0.098
   64   T   0.100   0.130   0.100
   65   F   0.105   0.124   0.104
   66   W   0.104   0.143   0.106
   67   A   0.099   0.126   0.107
   68   V   0.098   0.107   0.108
   69   V   0.101   0.113   0.110
   70   F   0.102   0.103   0.111
# Measure  Position  Value    Cutoff   signal peptide?
  max. C    21       0.250
  max. Y    21       0.229
  max. S    20       0.293
  mean S     1-20    0.191
       D     1-20    0.214   0.500   NO
Name=SC6A2_HUMAN_TRANSMEM7	SP='NO' D=0.214 D-cutoff=0.500 Networks=SignalP-TM
