# SignalP-4.1 euk predictions
# Name=SCNAA_HUMAN_TRANSMEM3	Length=70	Networks=SignalP-TM
# pos  aa    C       S       Y
    1   P   0.102   0.325   0.182
    2   W   0.102   0.283   0.182
    3   N   0.102   0.315   0.181
    4   W   0.101   0.279   0.180
    5   L   0.099   0.319   0.178
    6   D   0.101   0.295   0.179
    7   F   0.100   0.277   0.178
    8   S   0.103   0.240   0.180
    9   V   0.102   0.277   0.177
   10   I   0.103   0.218   0.176
   11   T   0.103   0.206   0.174
   12   L   0.100   0.202   0.169
   13   A   0.101   0.171   0.168
   14   Y   0.100   0.188   0.163
   15   V   0.101   0.250   0.161
   16   G   0.102   0.154   0.160
   17   T   0.104   0.229   0.158
   18   A   0.128   0.202   0.174
   19   I   0.167   0.137   0.196
   20   D   0.110   0.124   0.155
   21   L   0.137   0.106   0.168
   22   R   0.105   0.084   0.142
   23   G   0.105   0.115   0.138
   24   I   0.107   0.118   0.135
   25   S   0.104   0.092   0.131
   26   G   0.103   0.121   0.127
   27   L   0.180   0.113   0.164
   28   R   0.102   0.081   0.122
   29   T   0.103   0.093   0.119
   30   F   0.108   0.083   0.117
   31   R   0.101   0.087   0.111
   32   V   0.106   0.080   0.109
   33   L   0.102   0.092   0.102
   34   R   0.103   0.087   0.101
   35   A   0.104   0.114   0.100
   36   L   0.114   0.119   0.105
   37   K   0.102   0.141   0.101
   38   T   0.100   0.129   0.101
   39   V   0.106   0.089   0.104
   40   S   0.103   0.100   0.103
   41   V   0.102   0.111   0.101
   42   I   0.100   0.115   0.100
   43   P   0.099   0.121   0.101
   44   G   0.102   0.103   0.104
   45   L   0.100   0.084   0.103
   46   K   0.103   0.096   0.105
   47   V   0.100   0.092   0.104
   48   I   0.102   0.058   0.104
   49   V   0.102   0.078   0.103
   50   G   0.107   0.077   0.105
   51   A   0.105   0.109   0.102
   52   L   0.102   0.102   0.100
   53   I   0.101   0.114   0.098
   54   H   0.100   0.134   0.099
   55   S   0.101   0.129   0.100
   56   V   0.102   0.120   0.101
   57   K   0.103   0.105   0.102
   58   K   0.103   0.106   0.102
   59   L   0.100   0.110   0.100
   60   A   0.103   0.126   0.102
   61   D   0.100   0.130   0.102
   62   V   0.102   0.131   0.104
   63   T   0.102   0.100   0.107
   64   I   0.105   0.104   0.109
   65   L   0.101   0.112   0.108
   66   T   0.102   0.104   0.109
   67   I   0.102   0.112   0.109
   68   F   0.100   0.110   0.108
   69   C   0.103   0.094   0.108
   70   L   0.103   0.086   0.107
# Measure  Position  Value    Cutoff   signal peptide?
  max. C    27       0.180
  max. Y    19       0.196
  max. S     1       0.325
  mean S     1-18    0.246
       D     1-18    0.216   0.500   NO
Name=SCNAA_HUMAN_TRANSMEM3	SP='NO' D=0.216 D-cutoff=0.500 Networks=SignalP-TM
