# SignalP-4.1 euk predictions
# Name=SEC63_HUMAN_TRANSMEM1	Length=70	Networks=SignalP-noTM
# pos  aa    C       S       Y
    1   F   0.100   0.852   0.292
    2   F   0.100   0.839   0.293
    3   Y   0.103   0.822   0.296
    4   F   0.102   0.797   0.294
    5   L   0.103   0.819   0.295
    6   T   0.103   0.846   0.295
    7   S   0.103   0.865   0.295
    8   F   0.100   0.860   0.290
    9   V   0.100   0.882   0.292
   10   G   0.098   0.853   0.288
   11   L   0.096   0.812   0.285
   12   I   0.101   0.771   0.292
   13   V   0.097   0.826   0.286
   14   I   0.103   0.797   0.294
   15   P   0.095   0.778   0.283
   16   A   0.103   0.741   0.293
   17   T   0.112   0.600   0.305
   18   Y   0.107   0.575   0.297
   19   Y   0.108   0.457   0.295
   20   L   0.165   0.238   0.361
   21   W   0.111   0.263   0.290
   22   P   0.099   0.256   0.270
   23   R   0.116   0.198   0.286
   24   D   0.108   0.216   0.270
   25   Q   0.104   0.164   0.259
   26   N   0.104   0.181   0.253
   27   A   0.103   0.156   0.247
   28   E   0.179   0.134   0.317
   29   Q   0.105   0.124   0.236
   30   I   0.100   0.115   0.222
   31   R   0.101   0.119   0.216
   32   L   0.104   0.116   0.210
   33   K   0.100   0.101   0.198
   34   N   0.103   0.100   0.192
   35   I   0.102   0.096   0.184
   36   R   0.101   0.099   0.173
   37   K   0.109   0.096   0.170
   38   V   0.101   0.093   0.154
   39   Y   0.103   0.093   0.145
   40   G   0.105   0.089   0.138
   41   R   0.113   0.084   0.134
   42   C   0.104   0.089   0.122
   43   M   0.102   0.087   0.117
   44   W   0.098   0.091   0.112
   45   Y   0.102   0.092   0.111
   46   R   0.100   0.101   0.107
   47   L   0.104   0.101   0.107
   48   R   0.101   0.105   0.104
   49   L   0.106   0.108   0.105
   50   L   0.103   0.113   0.102
   51   K   0.104   0.104   0.102
   52   P   0.104   0.098   0.102
   53   Q   0.103   0.092   0.101
   54   P   0.106   0.099   0.102
   55   N   0.104   0.100   0.100
   56   I   0.101   0.100   0.099
   57   I   0.098   0.101   0.097
   58   P   0.097   0.097   0.097
   59   T   0.102   0.094   0.099
   60   V   0.096   0.101   0.096
   61   K   0.097   0.101   0.097
   62   K   0.094   0.099   0.096
   63   I   0.099   0.099   0.098
   64   V   0.100   0.101   0.099
   65   L   0.108   0.099   0.103
   66   L   0.107   0.096   0.103
   67   A   0.101   0.096   0.101
   68   G   0.101   0.096   0.100
   69   W   0.105   0.095   0.103
   70   A   0.100   0.094   0.100
# Measure  Position  Value    Cutoff   signal peptide?
  max. C    28       0.179
  max. Y    20       0.361
  max. S     9       0.882
  mean S     1-19    0.778
       D     1-19    0.587   0.450   YES
Name=SEC63_HUMAN_TRANSMEM1	SP='YES' Cleavage site between pos. 19 and 20: TYY-LW D=0.587 D-cutoff=0.450 Networks=SignalP-noTM
