# SignalP-4.1 euk predictions
# Name=SEM4G_HUMAN_TRANSMEM1	Length=70	Networks=SignalP-TM
# pos  aa    C       S       Y
    1   L   0.101   0.645   0.256
    2   Y   0.103   0.489   0.257
    3   V   0.102   0.407   0.254
    4   L   0.104   0.358   0.253
    5   A   0.105   0.390   0.250
    6   I   0.100   0.399   0.240
    7   A   0.106   0.292   0.244
    8   A   0.100   0.377   0.231
    9   L   0.099   0.432   0.226
   10   G   0.102   0.405   0.226
   11   G   0.098   0.413   0.218
   12   L   0.102   0.406   0.219
   13   C   0.101   0.380   0.213
   14   L   0.104   0.314   0.212
   15   I   0.104   0.293   0.206
   16   L   0.107   0.288   0.203
   17   A   0.103   0.384   0.195
   18   S   0.186   0.336   0.261
   19   S   0.114   0.281   0.204
   20   L   0.192   0.198   0.262
   21   L   0.111   0.191   0.195
   22   Y   0.117   0.134   0.198
   23   V   0.104   0.245   0.182
   24   A   0.107   0.300   0.180
   25   C   0.106   0.333   0.177
   26   L   0.204   0.174   0.244
   27   R   0.117   0.171   0.179
   28   E   0.121   0.142   0.177
   29   G   0.110   0.153   0.165
   30   R   0.115   0.096   0.166
   31   R   0.104   0.133   0.153
   32   G   0.115   0.149   0.154
   33   R   0.123   0.120   0.154
   34   R   0.105   0.124   0.138
   35   R   0.107   0.105   0.137
   36   K   0.102   0.106   0.131
   37   Y   0.099   0.123   0.129
   38   S   0.104   0.116   0.129
   39   L   0.106   0.116   0.124
   40   G   0.106   0.111   0.118
   41   R   0.101   0.103   0.113
   42   A   0.106   0.096   0.113
   43   S   0.101   0.099   0.109
   44   R   0.107   0.094   0.110
   45   A   0.105   0.089   0.109
   46   G   0.098   0.078   0.104
   47   G   0.103   0.081   0.104
   48   S   0.102   0.080   0.103
   49   A   0.104   0.079   0.102
   50   V   0.100   0.078   0.099
   51   Q   0.100   0.078   0.098
   52   L   0.102   0.083   0.097
   53   Q   0.102   0.087   0.096
   54   T   0.104   0.091   0.096
   55   V   0.103   0.088   0.095
   56   S   0.103   0.085   0.094
   57   G   0.105   0.089   0.095
   58   Q   0.110   0.092   0.096
   59   C   0.104   0.094   0.094
   60   P   0.101   0.092   0.093
   61   G   0.100   0.096   0.093
   62   E   0.099   0.103   0.093
   63   E   0.104   0.105   0.096
   64   D   0.100   0.108   0.095
   65   E   0.101   0.109   0.096
   66   G   0.102   0.112   0.098
   67   D   0.100   0.113   0.098
   68   D   0.106   0.112   0.102
   69   E   0.103   0.112   0.101
   70   G   0.105   0.113   0.103
# Measure  Position  Value    Cutoff   signal peptide?
  max. C    26       0.204
  max. Y    20       0.262
  max. S     1       0.645
  mean S     1-19    0.384
       D     1-19    0.311   0.500   NO
Name=SEM4G_HUMAN_TRANSMEM1	SP='NO' D=0.311 D-cutoff=0.500 Networks=SignalP-TM
