# SignalP-4.1 euk predictions
# Name=SFT2B_HUMAN_TRANSMEM4	Length=37	Networks=SignalP-noTM
# pos  aa    C       S       Y
    1   L   0.104   0.925   0.310
    2   A   0.103   0.897   0.309
    3   L   0.099   0.911   0.302
    4   I   0.108   0.922   0.315
    5   F   0.097   0.886   0.300
    6   C   0.108   0.862   0.315
    7   I   0.103   0.872   0.308
    8   L   0.102   0.892   0.306
    9   Q   0.099   0.904   0.301
   10   S   0.099   0.898   0.300
   11   L   0.098   0.892   0.299
   12   A   0.100   0.934   0.302
   13   L   0.126   0.717   0.339
   14   T   0.100   0.678   0.301
   15   W   0.119   0.598   0.325
   16   Y   0.100   0.753   0.296
   17   S   0.113   0.567   0.313
   18   L   0.118   0.281   0.317
   19   S   0.100   0.198   0.287
   20   F   0.270   0.140   0.461
   21   I   0.113   0.125   0.292
   22   P   0.105   0.140   0.274
   23   F   0.100   0.114   0.261
   24   A   0.098   0.132   0.252
   25   R   0.096   0.118   0.242
   26   D   0.105   0.109   0.246
   27   A   0.122   0.110   0.256
   28   V   0.103   0.106   0.227
   29   K   0.107   0.099   0.223
   30   K   0.100   0.104   0.207
   31   C   0.106   0.103   0.205
   32   F   0.104   0.096   0.193
   33   A   0.107   0.097   0.186
   34   V   0.112   0.096   0.179
   35   C   0.104   0.097   0.161
   36   L   0.106   0.094   0.153
   37   A   0.104   0.095   0.142
# Measure  Position  Value    Cutoff   signal peptide?
  max. C    20       0.270
  max. Y    20       0.461
  max. S    12       0.934
  mean S     1-19    0.768
       D     1-19    0.627   0.450   YES
Name=SFT2B_HUMAN_TRANSMEM4	SP='YES' Cleavage site between pos. 19 and 20: SLS-FI D=0.627 D-cutoff=0.450 Networks=SignalP-noTM
