# SignalP-4.1 euk predictions
# Name=SGPP1_HUMAN_TRANSMEM9	Length=22	Networks=SignalP-noTM
# pos  aa    C       S       Y
    1   Y   0.102   0.620   0.251
    2   G   0.102   0.647   0.251
    3   M   0.100   0.575   0.249
    4   V   0.105   0.420   0.255
    5   G   0.104   0.319   0.252
    6   F   0.096   0.254   0.240
    7   S   0.101   0.240   0.243
    8   I   0.104   0.229   0.242
    9   T   0.103   0.187   0.237
   10   F   0.098   0.211   0.227
   11   F   0.103   0.173   0.228
   12   V   0.103   0.160   0.223
   13   P   0.104   0.118   0.220
   14   Y   0.103   0.120   0.214
   15   I   0.099   0.123   0.203
   16   F   0.100   0.114   0.200
   17   F   0.100   0.121   0.193
   18   F   0.101   0.108   0.188
   19   I   0.101   0.105   0.182
   20   G   0.102   0.110   0.176
   21   I   0.101   0.104   0.168
   22   S   0.101   0.114   0.161
# Measure  Position  Value    Cutoff   signal peptide?
  max. C     4       0.105
  max. Y    11       0.228
  max. S     2       0.647
  mean S     1-10    0.370
       D     1-10    0.305   0.450   NO
Name=SGPP1_HUMAN_TRANSMEM9	SP='NO' D=0.305 D-cutoff=0.450 Networks=SignalP-noTM
