# SignalP-4.1 euk predictions
# Name=SIA8C_HUMAN_TRANSMEM1	Length=70	Networks=SignalP-TM
# pos  aa    C       S       Y
    1   A   0.102   0.600   0.248
    2   S   0.100   0.603   0.245
    3   V   0.102   0.619   0.248
    4   L   0.101   0.530   0.246
    5   G   0.105   0.505   0.250
    6   L   0.100   0.542   0.243
    7   V   0.104   0.619   0.247
    8   M   0.104   0.631   0.247
    9   L   0.103   0.633   0.247
   10   S   0.100   0.621   0.244
   11   V   0.103   0.642   0.247
   12   A   0.106   0.604   0.251
   13   L   0.102   0.585   0.247
   14   L   0.100   0.595   0.245
   15   I   0.104   0.549   0.249
   16   L   0.103   0.570   0.246
   17   S   0.102   0.749   0.246
   18   L   0.151   0.711   0.300
   19   I   0.107   0.765   0.256
   20   S   0.115   0.660   0.269
   21   Y   0.131   0.385   0.290
   22   V   0.118   0.379   0.271
   23   S   0.108   0.474   0.255
   24   L   0.114   0.551   0.259
   25   K   0.516   0.174   0.550
   26   K   0.136   0.118   0.274
   27   E   0.111   0.138   0.240
   28   N   0.107   0.123   0.229
   29   I   0.105   0.115   0.218
   30   F   0.104   0.103   0.210
   31   T   0.101   0.104   0.198
   32   T   0.106   0.108   0.190
   33   P   0.102   0.116   0.174
   34   K   0.102   0.113   0.161
   35   Y   0.103   0.102   0.148
   36   A   0.100   0.118   0.139
   37   S   0.100   0.103   0.132
   38   P   0.104   0.110   0.125
   39   G   0.104   0.104   0.111
   40   A   0.101   0.105   0.106
   41   P   0.099   0.112   0.105
   42   R   0.101   0.124   0.105
   43   M   0.102   0.124   0.106
   44   Y   0.102   0.136   0.106
   45   M   0.102   0.118   0.108
   46   F   0.103   0.103   0.108
   47   H   0.105   0.116   0.109
   48   A   0.105   0.139   0.109
   49   G   0.100   0.119   0.108
   50   F   0.103   0.116   0.109
   51   R   0.103   0.117   0.109
   52   S   0.105   0.119   0.111
   53   Q   0.101   0.126   0.109
   54   F   0.103   0.127   0.111
   55   A   0.106   0.116   0.113
   56   L   0.099   0.116   0.110
   57   K   0.106   0.113   0.113
   58   F   0.101   0.101   0.110
   59   L   0.105   0.119   0.111
   60   D   0.101   0.110   0.109
   61   P   0.100   0.120   0.109
   62   S   0.105   0.117   0.111
   63   F   0.099   0.118   0.108
   64   V   0.102   0.117   0.109
   65   P   0.099   0.139   0.108
   66   I   0.101   0.120   0.109
   67   T   0.100   0.111   0.109
   68   N   0.104   0.105   0.110
   69   S   0.101   0.106   0.108
   70   L   0.101   0.098   0.108
# Measure  Position  Value    Cutoff   signal peptide?
  max. C    25       0.516
  max. Y    25       0.550
  max. S    19       0.765
  mean S     1-24    0.588
       D     1-24    0.565   0.500   YES
Name=SIA8C_HUMAN_TRANSMEM1	SP='YES' Cleavage site between pos. 24 and 25: VSL-KK D=0.565 D-cutoff=0.500 Networks=SignalP-TM
