# SignalP-4.1 euk predictions
# Name=SL9A5_HUMAN_TRANSMEM1	Length=70	Networks=SignalP-noTM
# pos  aa    C       S       Y
    1   A   0.103   0.859   0.297
    2   P   0.096   0.901   0.287
    3   Y   0.104   0.842   0.300
    4   L   0.102   0.828   0.296
    5   V   0.106   0.812   0.302
    6   A   0.103   0.816   0.297
    7   L   0.100   0.826   0.293
    8   W   0.100   0.811   0.292
    9   I   0.103   0.834   0.296
   10   L   0.106   0.833   0.300
   11   V   0.103   0.886   0.295
   12   A   0.102   0.928   0.294
   13   S   0.102   0.929   0.295
   14   L   0.102   0.922   0.296
   15   A   0.105   0.838   0.301
   16   K   0.253   0.641   0.466
   17   I   0.108   0.591   0.303
   18   V   0.120   0.638   0.316
   19   F   0.102   0.761   0.291
   20   H   0.122   0.747   0.317
   21   L   0.227   0.437   0.430
   22   S   0.106   0.464   0.291
   23   R   0.198   0.277   0.393
   24   K   0.115   0.330   0.294
   25   V   0.116   0.291   0.290
   26   T   0.099   0.453   0.264
   27   S   0.112   0.546   0.277
   28   L   0.244   0.346   0.405
   29   V   0.112   0.359   0.270
   30   P   0.098   0.386   0.249
   31   E   0.106   0.404   0.255
   32   S   0.105   0.531   0.249
   33   C   0.101   0.539   0.241
   34   L   0.105   0.641   0.243
   35   L   0.099   0.747   0.233
   36   I   0.101   0.799   0.234
   37   L   0.106   0.756   0.238
   38   L   0.103   0.774   0.234
   39   G   0.105   0.875   0.237
   40   L   0.104   0.830   0.240
   41   V   0.106   0.838   0.243
   42   L   0.104   0.847   0.242
   43   G   0.102   0.861   0.240
   44   G   0.288   0.683   0.411
   45   I   0.104   0.687   0.250
   46   V   0.103   0.764   0.251
   47   L   0.104   0.809   0.256
   48   A   0.108   0.745   0.267
   49   V   0.194   0.341   0.361
   50   A   0.101   0.425   0.259
   51   K   0.174   0.129   0.340
   52   K   0.107   0.119   0.264
   53   A   0.120   0.110   0.278
   54   E   0.105   0.099   0.257
   55   Y   0.105   0.105   0.252
   56   Q   0.116   0.109   0.261
   57   L   0.104   0.106   0.242
   58   E   0.105   0.100   0.237
   59   P   0.103   0.100   0.228
   60   G   0.106   0.104   0.225
   61   T   0.103   0.098   0.214
   62   F   0.104   0.096   0.207
   63   F   0.099   0.094   0.193
   64   L   0.102   0.097   0.187
   65   F   0.107   0.097   0.181
   66   L   0.104   0.094   0.169
   67   L   0.108   0.095   0.163
   68   P   0.105   0.094   0.152
   69   P   0.104   0.094   0.141
   70   I   0.107   0.095   0.130
# Measure  Position  Value    Cutoff   signal peptide?
  max. C    44       0.288
  max. Y    16       0.466
  max. S    13       0.929
  mean S     1-15    0.858
       D     1-15    0.678   0.450   YES
Name=SL9A5_HUMAN_TRANSMEM1	SP='YES' Cleavage site between pos. 15 and 16: SLA-KI D=0.678 D-cutoff=0.450 Networks=SignalP-noTM
