# SignalP-4.1 euk predictions
# Name=SMLR1_HUMAN_TRANSMEM2	Length=55	Networks=SignalP-TM
# pos  aa    C       S       Y
    1   F   0.101   0.393   0.199
    2   L   0.103   0.326   0.201
    3   F   0.102   0.269   0.199
    4   F   0.103   0.283   0.197
    5   G   0.105   0.207   0.197
    6   V   0.100   0.147   0.190
    7   F   0.104   0.176   0.188
    8   L   0.103   0.124   0.183
    9   P   0.099   0.176   0.174
   10   V   0.100   0.293   0.170
   11   T   0.104   0.426   0.172
   12   L   0.102   0.308   0.171
   13   L   0.100   0.242   0.167
   14   L   0.108   0.240   0.171
   15   L   0.102   0.264   0.162
   16   L   0.102   0.393   0.159
   17   L   0.103   0.478   0.162
   18   I   0.105   0.473   0.168
   19   A   0.108   0.505   0.175
   20   Y   0.108   0.426   0.181
   21   F   0.107   0.414   0.186
   22   R   0.108   0.441   0.192
   23   I   0.103   0.531   0.193
   24   K   0.122   0.353   0.218
   25   L   0.097   0.394   0.195
   26   I   0.115   0.305   0.212
   27   E   0.130   0.238   0.225
   28   V   0.105   0.182   0.203
   29   N   0.133   0.123   0.227
   30   E   0.102   0.129   0.196
   31   E   0.107   0.105   0.196
   32   L   0.102   0.115   0.184
   33   S   0.102   0.117   0.177
   34   Q   0.104   0.113   0.170
   35   N   0.102   0.112   0.161
   36   C   0.100   0.110   0.153
   37   D   0.102   0.115   0.146
   38   R   0.102   0.111   0.135
   39   Q   0.102   0.106   0.129
   40   H   0.099   0.110   0.118
   41   N   0.097   0.109   0.111
   42   P   0.099   0.108   0.108
   43   K   0.101   0.111   0.107
   44   D   0.104   0.106   0.108
   45   G   0.105   0.104   0.108
   46   S   0.101   0.106   0.105
   47   S   0.102   0.106   0.106
   48   L   0.101   0.107   0.105
   49   Y   0.105   0.107   0.107
   50   Q   0.101   0.103   0.105
   51   R   0.105   0.102   0.106
   52   M   0.105   0.101   0.106
   53   K   0.106   0.100   0.106
   54   W   0.101   0.101   0.103
   55   T   0.103   0.097   0.104
# Measure  Position  Value    Cutoff   signal peptide?
  max. C    29       0.133
  max. Y    29       0.227
  max. S    23       0.531
  mean S     1-28    0.322
       D     1-28    0.265   0.500   NO
Name=SMLR1_HUMAN_TRANSMEM2	SP='NO' D=0.265 D-cutoff=0.500 Networks=SignalP-TM
