# SignalP-4.1 euk predictions
# Name=SPNS2_HUMAN_TRANSMEM2	Length=70	Networks=SignalP-noTM
# pos  aa    C       S       Y
    1   V   0.101   0.729   0.272
    2   I   0.103   0.670   0.273
    3   L   0.103   0.674   0.273
    4   S   0.101   0.752   0.271
    5   C   0.101   0.703   0.271
    6   G   0.104   0.723   0.274
    7   I   0.097   0.728   0.265
    8   F   0.101   0.688   0.270
    9   F   0.100   0.657   0.269
   10   W   0.097   0.715   0.265
   11   S   0.101   0.810   0.269
   12   A   0.099   0.731   0.267
   13   V   0.100   0.573   0.269
   14   T   0.099   0.807   0.266
   15   F   0.113   0.787   0.285
   16   S   0.108   0.593   0.279
   17   S   0.162   0.491   0.340
   18   S   0.120   0.443   0.291
   19   F   0.298   0.321   0.453
   20   I   0.112   0.250   0.274
   21   P   0.105   0.196   0.261
   22   Q   0.109   0.227   0.262
   23   Q   0.103   0.275   0.249
   24   Y   0.102   0.377   0.243
   25   F   0.098   0.349   0.236
   26   W   0.106   0.325   0.243
   27   L   0.102   0.350   0.234
   28   L   0.104   0.396   0.232
   29   V   0.099   0.375   0.224
   30   L   0.102   0.461   0.223
   31   S   0.106   0.410   0.225
   32   R   0.112   0.371   0.228
   33   G   0.110   0.469   0.223
   34   L   0.107   0.440   0.216
   35   V   0.099   0.439   0.205
   36   G   0.105   0.551   0.209
   37   I   0.165   0.451   0.258
   38   G   0.103   0.390   0.200
   39   E   0.113   0.222   0.207
   40   A   0.106   0.239   0.198
   41   S   0.229   0.127   0.286
   42   Y   0.103   0.116   0.190
   43   S   0.116   0.112   0.199
   44   T   0.105   0.105   0.189
   45   I   0.105   0.112   0.187
   46   A   0.109   0.119   0.189
   47   P   0.099   0.092   0.176
   48   T   0.107   0.095   0.180
   49   I   0.102   0.098   0.172
   50   I   0.104   0.098   0.171
   51   G   0.102   0.102   0.166
   52   D   0.105   0.097   0.164
   53   L   0.104   0.098   0.158
   54   F   0.105   0.090   0.154
   55   T   0.104   0.099   0.149
   56   K   0.104   0.102   0.142
   57   N   0.107   0.103   0.139
   58   T   0.102   0.101   0.130
   59   R   0.104   0.095   0.122
   60   T   0.101   0.093   0.114
   61   L   0.104   0.096   0.109
   62   M   0.098   0.098   0.103
   63   L   0.099   0.097   0.101
   64   S   0.103   0.101   0.102
   65   V   0.097   0.101   0.099
   66   F   0.102   0.099   0.101
   67   Y   0.104   0.094   0.102
   68   F   0.096   0.093   0.097
   69   A   0.101   0.095   0.099
   70   I   0.098   0.097   0.098
# Measure  Position  Value    Cutoff   signal peptide?
  max. C    19       0.298
  max. Y    19       0.453
  max. S    11       0.810
  mean S     1-18    0.682
       D     1-18    0.577   0.450   YES
Name=SPNS2_HUMAN_TRANSMEM2	SP='YES' Cleavage site between pos. 18 and 19: SSS-FI D=0.577 D-cutoff=0.450 Networks=SignalP-noTM
