# SignalP-4.1 euk predictions
# Name=SSMM1_HUMAN_TRANSMEM1	Length=70	Networks=SignalP-TM
# pos  aa    C       S       Y
    1   C   0.102   0.431   0.210
    2   G   0.102   0.420   0.210
    3   T   0.100   0.394   0.207
    4   I   0.103   0.395   0.210
    5   G   0.102   0.473   0.208
    6   S   0.099   0.480   0.206
    7   F   0.100   0.259   0.208
    8   L   0.103   0.225   0.207
    9   L   0.102   0.256   0.203
   10   W   0.099   0.353   0.197
   11   Y   0.103   0.450   0.199
   12   F   0.102   0.473   0.199
   13   V   0.103   0.512   0.201
   14   I   0.101   0.571   0.200
   15   V   0.101   0.643   0.203
   16   F   0.099   0.732   0.204
   17   V   0.102   0.739   0.213
   18   L   0.108   0.741   0.225
   19   M   0.099   0.745   0.221
   20   F   0.120   0.738   0.248
   21   F   0.106   0.717   0.237
   22   S   0.108   0.787   0.246
   23   R   0.107   0.820   0.254
   24   A   0.121   0.791   0.279
   25   S   0.424   0.575   0.535
   26   V   0.128   0.538   0.296
   27   W   0.198   0.339   0.370
   28   M   0.133   0.341   0.300
   29   S   0.174   0.185   0.339
   30   E   0.182   0.126   0.338
   31   D   0.103   0.125   0.245
   32   K   0.109   0.121   0.243
   33   K   0.100   0.117   0.223
   34   D   0.104   0.115   0.216
   35   E   0.102   0.111   0.204
   36   G   0.103   0.111   0.194
   37   S   0.105   0.112   0.182
   38   G   0.102   0.106   0.164
   39   T   0.101   0.107   0.148
   40   S   0.104   0.110   0.137
   41   T   0.101   0.106   0.124
   42   S   0.104   0.104   0.118
   43   V   0.101   0.104   0.109
   44   R   0.102   0.104   0.107
   45   K   0.106   0.101   0.109
   46   A   0.101   0.102   0.105
   47   S   0.100   0.109   0.104
   48   K   0.102   0.104   0.105
   49   E   0.100   0.106   0.103
   50   T   0.102   0.101   0.104
   51   S   0.102   0.105   0.104
   52   C   0.104   0.101   0.104
   53   K   0.101   0.105   0.103
   54   R   0.104   0.102   0.104
   55   Q   0.101   0.104   0.102
   56   S   0.104   0.105   0.104
   57   K   0.102   0.103   0.103
   58   D   0.105   0.103   0.104
   59   S   0.102   0.105   0.103
   60   A   0.102   0.105   0.103
   61   W   0.099   0.108   0.102
   62   D   0.103   0.106   0.104
   63   P   0.100   0.108   0.102
   64   S   0.103   0.108   0.104
   65   Q   0.100   0.109   0.103
   66   T   0.105   0.105   0.105
   67   M   0.100   0.105   0.103
   68   K   0.102   0.105   0.104
   69   K   0.099   0.106   0.103
   70   P   0.105   0.105   0.105
# Measure  Position  Value    Cutoff   signal peptide?
  max. C    25       0.424
  max. Y    25       0.535
  max. S    23       0.820
  mean S     1-24    0.548
       D     1-24    0.540   0.500   YES
Name=SSMM1_HUMAN_TRANSMEM1	SP='YES' Cleavage site between pos. 24 and 25: SRA-SV D=0.540 D-cutoff=0.500 Networks=SignalP-TM
