# SignalP-4.1 euk predictions
# Name=SSR4_HUMAN_TRANSMEM5	Length=70	Networks=SignalP-TM
# pos  aa    C       S       Y
    1   A   0.103   0.412   0.206
    2   V   0.099   0.548   0.202
    3   F   0.103   0.410   0.208
    4   V   0.102   0.274   0.207
    5   V   0.101   0.176   0.203
    6   Y   0.104   0.146   0.203
    7   T   0.102   0.101   0.196
    8   F   0.102   0.121   0.190
    9   L   0.104   0.143   0.186
   10   L   0.101   0.117   0.178
   11   G   0.102   0.114   0.173
   12   F   0.101   0.075   0.166
   13   L   0.104   0.061   0.160
   14   L   0.102   0.054   0.151
   15   P   0.103   0.031   0.142
   16   V   0.107   0.027   0.134
   17   L   0.102   0.044   0.116
   18   A   0.104   0.049   0.105
   19   I   0.771   0.015   0.263
   20   G   0.119   0.014   0.097
   21   L   0.264   0.008   0.135
   22   C   0.103   0.011   0.080
   23   Y   0.131   0.014   0.084
   24   L   0.103   0.024   0.068
   25   L   0.177   0.036   0.083
   26   I   0.101   0.057   0.058
   27   V   0.104   0.116   0.057
   28   G   0.102   0.238   0.060
   29   K   0.132   0.213   0.080
   30   M   0.105   0.238   0.081
   31   R   0.107   0.257   0.091
   32   A   0.108   0.215   0.100
   33   V   0.229   0.093   0.154
   34   A   0.104   0.129   0.107
   35   L   0.118   0.086   0.118
   36   R   0.107   0.114   0.115
   37   A   0.113   0.100   0.122
   38   G   0.108   0.089   0.122
   39   W   0.102   0.084   0.120
   40   Q   0.102   0.075   0.122
   41   Q   0.106   0.083   0.125
   42   R   0.102   0.083   0.121
   43   R   0.101   0.086   0.116
   44   R   0.104   0.084   0.114
   45   S   0.104   0.091   0.108
   46   E   0.103   0.117   0.102
   47   K   0.099   0.099   0.097
   48   K   0.100   0.066   0.097
   49   I   0.103   0.062   0.096
   50   T   0.102   0.040   0.095
   51   R   0.106   0.050   0.094
   52   L   0.106   0.038   0.092
   53   V   0.104   0.039   0.089
   54   L   0.104   0.033   0.087
   55   M   0.105   0.030   0.085
   56   V   0.101   0.037   0.082
   57   V   0.108   0.036   0.082
   58   V   0.104   0.032   0.078
   59   V   0.104   0.024   0.076
   60   F   0.103   0.024   0.072
   61   V   0.102   0.024   0.067
   62   L   0.098   0.020   0.061
   63   C   0.102   0.020   0.060
   64   W   0.098   0.026   0.056
   65   M   0.102   0.031   0.056
   66   P   0.100   0.034   0.054
   67   F   0.099   0.053   0.054
   68   Y   0.102   0.080   0.056
   69   V   0.100   0.109   0.058
   70   V   0.100   0.120   0.063
# Measure  Position  Value    Cutoff   signal peptide?
  max. C    19       0.771
  max. Y    19       0.263
  max. S     2       0.548
  mean S     1-18    0.161
       D     1-18    0.223   0.500   NO
Name=SSR4_HUMAN_TRANSMEM5	SP='NO' D=0.223 D-cutoff=0.500 Networks=SignalP-TM
