# SignalP-4.1 euk predictions
# Name=STING_HUMAN_TRANSMEM3	Length=70	Networks=SignalP-TM
# pos  aa    C       S       Y
    1   P   0.103   0.490   0.224
    2   L   0.103   0.461   0.225
    3   R   0.103   0.449   0.224
    4   R   0.104   0.483   0.225
    5   G   0.106   0.560   0.226
    6   A   0.100   0.557   0.222
    7   L   0.101   0.540   0.224
    8   L   0.105   0.471   0.229
    9   L   0.100   0.366   0.223
   10   L   0.102   0.303   0.223
   11   S   0.104   0.356   0.222
   12   I   0.102   0.402   0.218
   13   Y   0.104   0.454   0.218
   14   F   0.099   0.500   0.212
   15   Y   0.100   0.396   0.214
   16   Y   0.099   0.403   0.211
   17   S   0.097   0.409   0.208
   18   L   0.133   0.364   0.243
   19   P   0.097   0.489   0.205
   20   N   0.125   0.433   0.232
   21   A   0.104   0.429   0.209
   22   V   0.143   0.243   0.243
   23   G   0.104   0.217   0.203
   24   P   0.151   0.223   0.241
   25   P   0.103   0.167   0.198
   26   F   0.105   0.207   0.196
   27   T   0.106   0.214   0.193
   28   W   0.100   0.179   0.183
   29   M   0.102   0.193   0.179
   30   L   0.105   0.173   0.177
   31   A   0.105   0.208   0.172
   32   L   0.099   0.237   0.162
   33   L   0.107   0.212   0.166
   34   G   0.102   0.265   0.156
   35   L   0.104   0.257   0.153
   36   S   0.107   0.284   0.151
   37   Q   0.105   0.323   0.151
   38   A   0.106   0.315   0.154
   39   L   0.379   0.316   0.296
   40   N   0.103   0.400   0.158
   41   I   0.113   0.479   0.170
   42   L   0.105   0.363   0.170
   43   L   0.099   0.455   0.169
   44   G   0.102   0.421   0.177
   45   L   0.137   0.247   0.211
   46   K   0.102   0.243   0.182
   47   G   0.102   0.247   0.183
   48   L   0.105   0.212   0.186
   49   A   0.101   0.204   0.181
   50   P   0.101   0.152   0.180
   51   A   0.110   0.155   0.185
   52   E   0.102   0.130   0.175
   53   I   0.106   0.130   0.174
   54   S   0.103   0.115   0.168
   55   A   0.099   0.106   0.159
   56   V   0.103   0.101   0.153
   57   C   0.103   0.096   0.146
   58   E   0.099   0.103   0.135
   59   K   0.101   0.104   0.127
   60   G   0.104   0.100   0.125
   61   N   0.102   0.103   0.120
   62   F   0.104   0.100   0.116
   63   N   0.104   0.099   0.112
   64   V   0.104   0.099   0.109
   65   A   0.104   0.102   0.107
   66   H   0.103   0.099   0.105
   67   G   0.104   0.098   0.104
   68   L   0.101   0.101   0.101
   69   A   0.107   0.100   0.104
   70   W   0.095   0.100   0.098
# Measure  Position  Value    Cutoff   signal peptide?
  max. C    39       0.379
  max. Y    39       0.296
  max. S     5       0.560
  mean S     1-38    0.348
       D     1-38    0.317   0.500   NO
Name=STING_HUMAN_TRANSMEM3	SP='NO' D=0.317 D-cutoff=0.500 Networks=SignalP-TM
