# SignalP-4.1 euk predictions
# Name=SVOP_HUMAN_TRANSMEM7	Length=70	Networks=SignalP-TM
# pos  aa    C       S       Y
    1   T   0.103   0.426   0.209
    2   L   0.103   0.454   0.209
    3   L   0.103   0.469   0.210
    4   L   0.102   0.521   0.209
    5   W   0.102   0.407   0.211
    6   F   0.101   0.312   0.210
    7   I   0.104   0.316   0.211
    8   W   0.103   0.311   0.208
    9   F   0.100   0.331   0.204
   10   S   0.099   0.382   0.201
   11   N   0.098   0.421   0.199
   12   A   0.099   0.597   0.200
   13   F   0.214   0.497   0.298
   14   S   0.099   0.528   0.204
   15   Y   0.175   0.483   0.273
   16   Y   0.104   0.488   0.211
   17   G   0.105   0.491   0.214
   18   L   0.178   0.451   0.278
   19   V   0.109   0.418   0.217
   20   L   0.114   0.382   0.221
   21   L   0.108   0.378   0.217
   22   T   0.124   0.306   0.234
   23   T   0.107   0.248   0.217
   24   E   0.111   0.230   0.219
   25   L   0.101   0.270   0.206
   26   F   0.104   0.262   0.207
   27   Q   0.102   0.332   0.199
   28   A   0.105   0.410   0.199
   29   G   0.177   0.208   0.255
   30   D   0.109   0.153   0.194
   31   V   0.101   0.149   0.181
   32   C   0.102   0.130   0.175
   33   G   0.101   0.136   0.167
   34   I   0.159   0.111   0.202
   35   S   0.102   0.112   0.156
   36   S   0.101   0.118   0.149
   37   R   0.104   0.105   0.146
   38   K   0.102   0.107   0.141
   39   K   0.103   0.104   0.138
   40   A   0.101   0.107   0.133
   41   V   0.102   0.106   0.129
   42   E   0.106   0.103   0.125
   43   A   0.103   0.103   0.113
   44   K   0.108   0.101   0.112
   45   C   0.104   0.102   0.109
   46   S   0.103   0.097   0.107
   47   L   0.103   0.101   0.106
   48   A   0.104   0.096   0.105
   49   C   0.098   0.095   0.101
   50   E   0.104   0.094   0.104
   51   Y   0.102   0.100   0.102
   52   L   0.103   0.096   0.102
   53   S   0.102   0.104   0.101
   54   E   0.097   0.103   0.099
   55   E   0.101   0.098   0.100
   56   D   0.098   0.096   0.099
   57   Y   0.102   0.095   0.100
   58   M   0.102   0.094   0.100
   59   D   0.103   0.094   0.101
   60   L   0.103   0.094   0.100
   61   L   0.102   0.097   0.100
   62   W   0.099   0.094   0.098
   63   T   0.104   0.101   0.100
   64   T   0.103   0.098   0.100
   65   L   0.104   0.096   0.101
   66   S   0.103   0.098   0.100
   67   E   0.098   0.099   0.098
   68   F   0.100   0.096   0.098
   69   P   0.102   0.097   0.099
   70   G   0.104   0.096   0.100
# Measure  Position  Value    Cutoff   signal peptide?
  max. C    13       0.214
  max. Y    13       0.298
  max. S    12       0.597
  mean S     1-12    0.412
       D     1-12    0.344   0.500   NO
Name=SVOP_HUMAN_TRANSMEM7	SP='NO' D=0.344 D-cutoff=0.500 Networks=SignalP-TM
