# SignalP-4.1 euk predictions
# Name=SVOP_HUMAN_TRANSMEM12	Length=59	Networks=SignalP-noTM
# pos  aa    C       S       Y
    1   T   0.102   0.849   0.294
    2   L   0.104   0.825   0.297
    3   A   0.104   0.871   0.297
    4   V   0.099   0.842   0.290
    5   Y   0.104   0.831   0.297
    6   S   0.100   0.763   0.292
    7   G   0.102   0.805   0.293
    8   C   0.101   0.771   0.292
    9   C   0.101   0.793   0.291
   10   L   0.096   0.831   0.284
   11   L   0.101   0.826   0.291
   12   A   0.100   0.819   0.289
   13   A   0.098   0.730   0.285
   14   L   0.099   0.675   0.286
   15   A   0.103   0.577   0.290
   16   S   0.152   0.514   0.351
   17   C   0.106   0.465   0.289
   18   F   0.215   0.374   0.408
   19   L   0.104   0.358   0.280
   20   P   0.106   0.245   0.278
   21   I   0.110   0.218   0.279
   22   E   0.103   0.280   0.264
   23   T   0.108   0.449   0.264
   24   K   0.196   0.304   0.351
   25   G   0.103   0.263   0.250
   26   R   0.347   0.135   0.448
   27   G   0.105   0.137   0.239
   28   L   0.150   0.127   0.278
   29   Q   0.104   0.131   0.225
   30   E   0.106   0.123   0.220
   31   S   0.105   0.114   0.211
   32   S   0.105   0.103   0.203
   33   H   0.100   0.106   0.190
   34   R   0.100   0.114   0.181
   35   E   0.098   0.106   0.171
   36   W   0.098   0.105   0.163
   37   G   0.104   0.103   0.159
   38   Q   0.095   0.099   0.145
   39   E   0.100   0.100   0.143
   40   M   0.099   0.101   0.136
   41   V   0.103   0.103   0.134
   42   G   0.105   0.099   0.130
   43   R   0.102   0.094   0.126
   44   G   0.106   0.101   0.126
   45   M   0.100   0.096   0.119
   46   H   0.109   0.102   0.117
   47   G   0.104   0.100   0.110
   48   A   0.104   0.104   0.106
   49   G   0.103   0.107   0.105
   50   V   0.103   0.101   0.105
   51   T   0.103   0.100   0.104
   52   R   0.105   0.101   0.104
   53   S   0.101   0.102   0.102
   54   N   0.096   0.103   0.099
   55   S   0.107   0.101   0.105
   56   G   0.101   0.103   0.102
   57   S   0.103   0.101   0.102
   58   Q   0.102   0.101   0.102
   59   E   0.101   0.100   0.101
# Measure  Position  Value    Cutoff   signal peptide?
  max. C    26       0.347
  max. Y    26       0.448
  max. S     3       0.871
  mean S     1-25    0.611
       D     1-25    0.536   0.450   YES
Name=SVOP_HUMAN_TRANSMEM12	SP='YES' Cleavage site between pos. 25 and 26: TKG-RG D=0.536 D-cutoff=0.450 Networks=SignalP-noTM
