# SignalP-4.1 euk predictions
# Name=T161A_HUMAN_TRANSMEM4	Length=70	Networks=SignalP-TM
# pos  aa    C       S       Y
    1   L   0.103   0.313   0.180
    2   A   0.104   0.315   0.180
    3   I   0.099   0.294   0.177
    4   R   0.104   0.255   0.180
    5   V   0.102   0.222   0.177
    6   G   0.105   0.189   0.178
    7   L   0.102   0.189   0.173
    8   A   0.102   0.161   0.170
    9   V   0.102   0.216   0.167
   10   V   0.103   0.209   0.166
   11   G   0.098   0.331   0.159
   12   S   0.103   0.312   0.164
   13   V   0.102   0.250   0.163
   14   L   0.101   0.293   0.161
   15   G   0.103   0.240   0.161
   16   A   0.181   0.200   0.212
   17   F   0.105   0.188   0.159
   18   L   0.106   0.185   0.157
   19   T   0.109   0.202   0.157
   20   F   0.112   0.155   0.159
   21   P   0.105   0.131   0.153
   22   G   0.107   0.171   0.153
   23   L   0.099   0.184   0.148
   24   R   0.103   0.263   0.150
   25   L   0.109   0.233   0.156
   26   A   0.114   0.190   0.156
   27   Q   0.235   0.094   0.220
   28   T   0.109   0.117   0.146
   29   H   0.149   0.113   0.165
   30   R   0.103   0.163   0.133
   31   D   0.114   0.139   0.140
   32   A   0.102   0.146   0.130
   33   L   0.098   0.129   0.127
   34   T   0.101   0.140   0.127
   35   M   0.105   0.127   0.129
   36   S   0.103   0.125   0.128
   37   E   0.103   0.104   0.126
   38   D   0.102   0.090   0.123
   39   R   0.100   0.110   0.117
   40   P   0.102   0.135   0.114
   41   M   0.103   0.140   0.113
   42   L   0.103   0.139   0.115
   43   Q   0.104   0.137   0.116
   44   F   0.102   0.115   0.115
   45   L   0.103   0.100   0.114
   46   L   0.104   0.094   0.113
   47   H   0.105   0.105   0.113
   48   T   0.101   0.106   0.110
   49   S   0.102   0.086   0.109
   50   F   0.101   0.050   0.107
   51   L   0.102   0.066   0.105
   52   S   0.101   0.083   0.103
   53   P   0.098   0.071   0.101
   54   L   0.102   0.059   0.102
   55   F   0.099   0.083   0.098
   56   I   0.104   0.083   0.098
   57   L   0.102   0.106   0.095
   58   W   0.097   0.089   0.091
   59   L   0.100   0.101   0.092
   60   W   0.099   0.121   0.091
   61   T   0.096   0.141   0.091
   62   K   0.103   0.135   0.096
   63   P   0.102   0.175   0.096
   64   I   0.103   0.180   0.100
   65   A   0.102   0.196   0.104
   66   R   0.105   0.136   0.110
   67   D   0.109   0.115   0.114
   68   F   0.099   0.106   0.110
   69   L   0.100   0.092   0.112
   70   H   0.102   0.086   0.114
# Measure  Position  Value    Cutoff   signal peptide?
  max. C    27       0.235
  max. Y    27       0.220
  max. S    11       0.331
  mean S     1-26    0.227
       D     1-26    0.223   0.500   NO
Name=T161A_HUMAN_TRANSMEM4	SP='NO' D=0.223 D-cutoff=0.500 Networks=SignalP-TM
