# SignalP-4.1 euk predictions
# Name=T2R10_HUMAN_TRANSMEM4	Length=70	Networks=SignalP-TM
# pos  aa    C       S       Y
    1   M   0.102   0.655   0.259
    2   V   0.102   0.726   0.258
    3   L   0.102   0.758   0.259
    4   P   0.104   0.681   0.264
    5   F   0.101   0.509   0.259
    6   M   0.104   0.466   0.262
    7   I   0.104   0.514   0.259
    8   V   0.102   0.461   0.255
    9   F   0.102   0.462   0.252
   10   L   0.102   0.487   0.249
   11   L   0.101   0.576   0.246
   12   I   0.102   0.661   0.246
   13   S   0.100   0.644   0.244
   14   S   0.101   0.636   0.244
   15   L   0.103   0.684   0.246
   16   L   0.106   0.608   0.250
   17   N   0.107   0.692   0.249
   18   F   0.117   0.616   0.260
   19   A   0.148   0.535   0.291
   20   Y   0.135   0.291   0.279
   21   I   0.104   0.406   0.241
   22   A   0.437   0.228   0.492
   23   K   0.112   0.193   0.246
   24   I   0.110   0.216   0.238
   25   L   0.125   0.146   0.250
   26   N   0.099   0.128   0.216
   27   D   0.125   0.086   0.232
   28   Y   0.104   0.085   0.201
   29   K   0.103   0.100   0.190
   30   T   0.103   0.105   0.178
   31   K   0.108   0.089   0.172
   32   N   0.099   0.081   0.151
   33   D   0.103   0.091   0.141
   34   T   0.103   0.086   0.129
   35   V   0.102   0.087   0.122
   36   W   0.102   0.096   0.112
   37   D   0.100   0.093   0.106
   38   L   0.098   0.090   0.102
   39   N   0.103   0.090   0.100
   40   M   0.102   0.080   0.098
   41   Y   0.100   0.067   0.095
   42   K   0.102   0.048   0.095
   43   S   0.105   0.049   0.095
   44   E   0.100   0.036   0.091
   45   Y   0.100   0.031   0.088
   46   F   0.099   0.041   0.085
   47   I   0.101   0.037   0.084
   48   K   0.100   0.030   0.082
   49   Q   0.103   0.025   0.080
   50   I   0.102   0.020   0.077
   51   L   0.103   0.024   0.074
   52   L   0.105   0.025   0.071
   53   N   0.101   0.025   0.066
   54   L   0.102   0.028   0.063
   55   G   0.104   0.022   0.060
   56   V   0.101   0.021   0.057
   57   I   0.106   0.024   0.056
   58   F   0.100   0.022   0.053
   59   F   0.098   0.018   0.051
   60   F   0.099   0.015   0.051
   61   T   0.102   0.015   0.049
   62   L   0.099   0.017   0.047
   63   S   0.102   0.018   0.047
   64   L   0.098   0.018   0.045
   65   I   0.102   0.026   0.046
   66   T   0.099   0.039   0.045
   67   C   0.101   0.043   0.047
   68   I   0.104   0.044   0.049
   69   F   0.100   0.063   0.049
   70   L   0.101   0.072   0.053
# Measure  Position  Value    Cutoff   signal peptide?
  max. C    22       0.437
  max. Y    22       0.492
  max. S     3       0.758
  mean S     1-21    0.575
       D     1-21    0.525   0.500   YES
Name=T2R10_HUMAN_TRANSMEM4	SP='YES' Cleavage site between pos. 21 and 22: AYI-AK D=0.525 D-cutoff=0.500 Networks=SignalP-TM
