# SignalP-4.1 euk predictions
# Name=T4S20_HUMAN_TRANSMEM4	Length=44	Networks=SignalP-TM
# pos  aa    C       S       Y
    1   L   0.102   0.555   0.238
    2   I   0.103   0.471   0.239
    3   H   0.101   0.485   0.235
    4   F   0.102   0.571   0.236
    5   S   0.102   0.432   0.236
    6   V   0.102   0.353   0.234
    7   F   0.103   0.246   0.232
    8   L   0.102   0.238   0.226
    9   G   0.101   0.186   0.219
   10   L   0.099   0.133   0.211
   11   L   0.104   0.174   0.209
   12   L   0.102   0.228   0.200
   13   V   0.101   0.149   0.193
   14   G   0.100   0.146   0.185
   15   I   0.103   0.169   0.179
   16   L   0.100   0.148   0.169
   17   E   0.106   0.116   0.166
   18   V   0.116   0.072   0.165
   19   L   0.106   0.039   0.146
   20   F   0.101   0.049   0.131
   21   G   0.109   0.043   0.128
   22   L   0.151   0.040   0.143
   23   S   0.102   0.053   0.111
   24   Q   0.129   0.033   0.120
   25   I   0.108   0.052   0.106
   26   V   0.102   0.055   0.098
   27   I   0.102   0.087   0.092
   28   G   0.102   0.096   0.090
   29   F   0.122   0.078   0.096
   30   L   0.106   0.084   0.085
   31   G   0.102   0.101   0.081
   32   C   0.098   0.084   0.079
   33   L   0.103   0.099   0.081
   34   C   0.103   0.108   0.084
   35   G   0.105   0.091   0.087
   36   V   0.101   0.104   0.088
   37   S   0.102   0.100   0.091
   38   K   0.101   0.108   0.092
   39   R   0.099   0.099   0.094
   40   R   0.102   0.100   0.097
   41   S   0.105   0.099   0.100
   42   Q   0.101   0.091   0.099
   43   I   0.102   0.095   0.099
   44   V   0.102   0.093   0.100
# Measure  Position  Value    Cutoff   signal peptide?
  max. C    22       0.151
  max. Y    11       0.209
  max. S     4       0.571
  mean S     1-10    0.367
       D     1-10    0.272   0.500   NO
Name=T4S20_HUMAN_TRANSMEM4	SP='NO' D=0.272 D-cutoff=0.500 Networks=SignalP-TM
