# SignalP-4.1 euk predictions
# Name=TEX50_HUMAN_TRANSMEM1	Length=70	Networks=SignalP-TM
# pos  aa    C       S       Y
    1   C   0.102   0.368   0.194
    2   L   0.101   0.418   0.193
    3   Y   0.102   0.324   0.195
    4   L   0.101   0.252   0.192
    5   I   0.103   0.167   0.193
    6   Y   0.101   0.180   0.187
    7   N   0.104   0.182   0.186
    8   L   0.101   0.145   0.180
    9   L   0.102   0.136   0.176
   10   Q   0.103   0.133   0.171
   11   A   0.100   0.185   0.165
   12   V   0.100   0.164   0.160
   13   F   0.102   0.157   0.157
   14   F   0.100   0.131   0.151
   15   V   0.103   0.099   0.147
   16   L   0.101   0.101   0.139
   17   F   0.100   0.104   0.130
   18   V   0.102   0.088   0.125
   19   L   0.100   0.133   0.119
   20   S   0.103   0.149   0.119
   21   V   0.195   0.055   0.163
   22   H   0.101   0.091   0.114
   23   Y   0.105   0.147   0.114
   24   L   0.194   0.078   0.155
   25   W   0.106   0.121   0.113
   26   K   0.106   0.139   0.110
   27   K   0.127   0.129   0.120
   28   W   0.100   0.120   0.106
   29   K   0.101   0.114   0.106
   30   K   0.112   0.114   0.112
   31   H   0.106   0.117   0.109
   32   Q   0.101   0.104   0.107
   33   K   0.104   0.105   0.109
   34   K   0.100   0.117   0.106
   35   L   0.101   0.116   0.106
   36   K   0.102   0.102   0.108
   37   K   0.104   0.115   0.110
   38   Q   0.105   0.106   0.109
   39   A   0.103   0.103   0.109
   40   S   0.099   0.103   0.107
   41   L   0.103   0.101   0.107
   42   E   0.098   0.102   0.104
   43   K   0.100   0.098   0.104
   44   P   0.100   0.105   0.104
   45   G   0.101   0.100   0.104
   46   N   0.101   0.101   0.103
   47   D   0.105   0.099   0.105
   48   L   0.097   0.098   0.101
   49   E   0.102   0.095   0.103
   50   S   0.099   0.099   0.100
   51   P   0.101   0.101   0.101
   52   L   0.103   0.103   0.102
   53   I   0.104   0.103   0.102
   54   N   0.102   0.100   0.101
   55   N   0.102   0.100   0.101
   56   I   0.102   0.096   0.101
   57   D   0.103   0.093   0.102
   58   Q   0.103   0.094   0.101
   59   T   0.103   0.091   0.101
   60   L   0.103   0.090   0.100
   61   H   0.103   0.090   0.100
   62   R   0.100   0.094   0.098
   63   V   0.103   0.092   0.099
   64   A   0.100   0.093   0.098
   65   T   0.101   0.092   0.098
   66   T   0.106   0.094   0.100
   67   A   0.100   0.096   0.097
   68   S   0.099   0.095   0.096
   69   V   0.097   0.099   0.095
   70   I   0.100   0.098   0.097
# Measure  Position  Value    Cutoff   signal peptide?
  max. C    21       0.195
  max. Y    11       0.165
  max. S     2       0.418
  mean S     1-10    0.230
       D     1-10    0.191   0.500   NO
Name=TEX50_HUMAN_TRANSMEM1	SP='NO' D=0.191 D-cutoff=0.500 Networks=SignalP-TM
