# SignalP-4.1 euk predictions
# Name=TM105_HUMAN_TRANSMEM2	Length=36	Networks=SignalP-noTM
# pos  aa    C       S       Y
    1   F   0.101   0.762   0.278
    2   L   0.105   0.600   0.283
    3   A   0.105   0.575   0.282
    4   G   0.099   0.618   0.272
    5   G   0.103   0.648   0.276
    6   L   0.099   0.611   0.270
    7   H   0.106   0.615   0.277
    8   L   0.103   0.630   0.272
    9   V   0.096   0.516   0.262
   10   P   0.098   0.495   0.263
   11   S   0.107   0.546   0.272
   12   S   0.100   0.557   0.261
   13   L   0.096   0.589   0.254
   14   S   0.099   0.520   0.256
   15   L   0.100   0.393   0.255
   16   A   0.103   0.377   0.256
   17   A   0.119   0.151   0.272
   18   C   0.101   0.134   0.244
   19   G   0.115   0.128   0.255
   20   V   0.101   0.123   0.233
   21   V   0.101   0.112   0.226
   22   R   0.101   0.105   0.219
   23   M   0.101   0.101   0.212
   24   K   0.116   0.101   0.219
   25   G   0.105   0.101   0.203
   26   L   0.109   0.103   0.201
   27   W   0.109   0.101   0.195
   28   G   0.105   0.102   0.184
   29   R   0.106   0.101   0.178
   30   G   0.107   0.100   0.172
   31   A   0.105   0.106   0.162
   32   G   0.103   0.105   0.155
   33   I   0.108   0.110   0.153
   34   R   0.104   0.103   0.143
   35   G   0.104   0.103   0.135
   36   R   0.102   0.100   0.125
# Measure  Position  Value    Cutoff   signal peptide?
  max. C    17       0.119
  max. Y    11       0.272
  max. S     1       0.762
  mean S     1-10    0.607
       D     1-10    0.453   0.450   YES
Name=TM105_HUMAN_TRANSMEM2	SP='YES' Cleavage site between pos. 10 and 11: LVP-SS D=0.453 D-cutoff=0.450 Networks=SignalP-noTM
