# SignalP-4.1 euk predictions
# Name=TM127_HUMAN_TRANSMEM2	Length=70	Networks=SignalP-noTM
# pos  aa    C       S       Y
    1   A   0.104   0.741   0.277
    2   F   0.098   0.733   0.270
    3   A   0.106   0.703   0.280
    4   H   0.100   0.801   0.272
    5   I   0.107   0.762   0.281
    6   L   0.097   0.756   0.268
    7   T   0.105   0.726   0.279
    8   V   0.102   0.729   0.275
    9   L   0.104   0.682   0.278
   10   Q   0.103   0.633   0.275
   11   C   0.099   0.634   0.270
   12   A   0.110   0.569   0.283
   13   T   0.096   0.608   0.263
   14   V   0.101   0.593   0.268
   15   I   0.102   0.590   0.269
   16   G   0.096   0.677   0.260
   17   F   0.139   0.527   0.311
   18   S   0.108   0.424   0.273
   19   Y   0.131   0.308   0.297
   20   W   0.101   0.394   0.258
   21   A   0.130   0.368   0.288
   22   S   0.111   0.221   0.263
   23   E   0.119   0.206   0.267
   24   L   0.107   0.229   0.248
   25   I   0.109   0.163   0.245
   26   L   0.101   0.198   0.231
   27   A   0.109   0.219   0.234
   28   Q   0.194   0.133   0.303
   29   Q   0.109   0.159   0.221
   30   Q   0.116   0.124   0.221
   31   Q   0.101   0.120   0.200
   32   H   0.101   0.139   0.193
   33   K   0.100   0.129   0.186
   34   K   0.097   0.140   0.176
   35   Y   0.097   0.137   0.172
   36   H   0.097   0.137   0.165
   37   G   0.100   0.161   0.161
   38   S   0.100   0.150   0.156
   39   Q   0.096   0.165   0.145
   40   V   0.097   0.162   0.139
   41   Y   0.098   0.141   0.137
   42   V   0.101   0.143   0.136
   43   T   0.100   0.179   0.131
   44   F   0.109   0.169   0.133
   45   A   0.104   0.239   0.129
   46   V   0.097   0.238   0.125
   47   S   0.109   0.185   0.132
   48   F   0.099   0.175   0.127
   49   Y   0.103   0.200   0.129
   50   L   0.104   0.228   0.129
   51   V   0.103   0.156   0.130
   52   A   0.104   0.179   0.131
   53   G   0.105   0.161   0.132
   54   A   0.111   0.137   0.137
   55   G   0.109   0.113   0.136
   56   G   0.108   0.110   0.135
   57   A   0.168   0.098   0.167
   58   S   0.106   0.098   0.132
   59   I   0.109   0.098   0.133
   60   L   0.101   0.103   0.127
   61   A   0.109   0.103   0.131
   62   T   0.105   0.102   0.128
   63   A   0.110   0.108   0.129
   64   A   0.114   0.104   0.131
   65   N   0.106   0.101   0.126
   66   L   0.100   0.101   0.120
   67   L   0.100   0.100   0.119
   68   R   0.108   0.102   0.122
   69   H   0.109   0.098   0.119
   70   Y   0.103   0.099   0.114
# Measure  Position  Value    Cutoff   signal peptide?
  max. C    28       0.194
  max. Y    17       0.311
  max. S     4       0.801
  mean S     1-16    0.683
       D     1-16    0.512   0.450   YES
Name=TM127_HUMAN_TRANSMEM2	SP='YES' Cleavage site between pos. 16 and 17: VIG-FS D=0.512 D-cutoff=0.450 Networks=SignalP-noTM
