# SignalP-4.1 euk predictions
# Name=TM164_HUMAN_TRANSMEM2	Length=70	Networks=SignalP-TM
# pos  aa    C       S       Y
    1   N   0.102   0.688   0.265
    2   L   0.102   0.697   0.265
    3   L   0.102   0.630   0.265
    4   L   0.104   0.608   0.267
    5   V   0.104   0.540   0.266
    6   A   0.103   0.507   0.263
    7   L   0.100   0.507   0.257
    8   C   0.103   0.556   0.257
    9   L   0.103   0.598   0.256
   10   T   0.103   0.518   0.253
   11   F   0.101   0.567   0.249
   12   G   0.102   0.678   0.248
   13   V   0.105   0.506   0.252
   14   E   0.100   0.539   0.243
   15   V   0.102   0.543   0.243
   16   G   0.111   0.312   0.252
   17   F   0.140   0.174   0.276
   18   K   0.116   0.198   0.243
   19   F   0.126   0.168   0.246
   20   A   0.105   0.149   0.218
   21   T   0.170   0.082   0.270
   22   K   0.107   0.071   0.206
   23   T   0.107   0.084   0.197
   24   V   0.108   0.087   0.188
   25   I   0.102   0.131   0.174
   26   Y   0.101   0.169   0.164
   27   L   0.100   0.141   0.152
   28   L   0.103   0.153   0.145
   29   N   0.104   0.181   0.135
   30   P   0.103   0.200   0.124
   31   C   0.105   0.188   0.122
   32   H   0.103   0.170   0.121
   33   L   0.102   0.182   0.120
   34   V   0.104   0.143   0.121
   35   T   0.098   0.136   0.118
   36   M   0.101   0.186   0.121
   37   M   0.123   0.146   0.137
   38   H   0.099   0.145   0.125
   39   I   0.102   0.150   0.129
   40   F   0.101   0.184   0.129
   41   L   0.104   0.187   0.131
   42   L   0.102   0.238   0.131
   43   A   0.101   0.162   0.133
   44   C   0.100   0.164   0.131
   45   P   0.103   0.121   0.132
   46   P   0.104   0.102   0.131
   47   C   0.107   0.180   0.131
   48   R   0.102   0.239   0.128
   49   G   0.100   0.279   0.130
   50   A   0.243   0.125   0.207
   51   I   0.112   0.113   0.139
   52   V   0.103   0.149   0.133
   53   V   0.103   0.144   0.133
   54   F   0.101   0.140   0.131
   55   K   0.101   0.198   0.130
   56   L   0.101   0.228   0.130
   57   Q   0.102   0.221   0.131
   58   M   0.102   0.224   0.132
   59   H   0.104   0.200   0.135
   60   M   0.105   0.185   0.138
   61   L   0.103   0.193   0.139
   62   N   0.105   0.169   0.140
   63   G   0.101   0.181   0.136
   64   A   0.101   0.169   0.134
   65   L   0.100   0.176   0.134
   66   L   0.103   0.161   0.137
   67   A   0.101   0.156   0.137
   68   L   0.099   0.136   0.135
   69   L   0.105   0.138   0.139
   70   F   0.103   0.126   0.137
# Measure  Position  Value    Cutoff   signal peptide?
  max. C    50       0.243
  max. Y    17       0.276
  max. S     2       0.697
  mean S     1-16    0.562
       D     1-16    0.390   0.500   NO
Name=TM164_HUMAN_TRANSMEM2	SP='NO' D=0.390 D-cutoff=0.500 Networks=SignalP-TM
