# SignalP-4.1 euk predictions
# Name=TM216_HUMAN_TRANSMEM3	Length=57	Networks=SignalP-TM
# pos  aa    C       S       Y
    1   L   0.101   0.422   0.207
    2   S   0.103   0.436   0.208
    3   I   0.101   0.372   0.206
    4   S   0.104   0.319   0.208
    5   V   0.101   0.294   0.204
    6   A   0.102   0.329   0.203
    7   L   0.100   0.240   0.199
    8   T   0.101   0.250   0.197
    9   F   0.101   0.249   0.194
   10   P   0.103   0.286   0.193
   11   S   0.102   0.292   0.188
   12   A   0.102   0.281   0.186
   13   M   0.096   0.248   0.178
   14   M   0.102   0.250   0.180
   15   A   0.104   0.189   0.178
   16   S   0.127   0.153   0.191
   17   Y   0.105   0.140   0.168
   18   Y   0.102   0.127   0.160
   19   L   0.105   0.105   0.158
   20   L   0.103   0.171   0.152
   21   L   0.105   0.176   0.149
   22   Q   0.104   0.170   0.147
   23   T   0.106   0.155   0.146
   24   Y   0.111   0.130   0.147
   25   V   0.104   0.105   0.138
   26   L   0.105   0.107   0.134
   27   R   0.103   0.107   0.128
   28   L   0.103   0.088   0.124
   29   E   0.107   0.072   0.121
   30   A   0.102   0.081   0.114
   31   I   0.126   0.060   0.125
   32   M   0.101   0.043   0.109
   33   N   0.098   0.059   0.105
   34   G   0.102   0.030   0.105
   35   I   0.099   0.039   0.099
   36   L   0.102   0.035   0.095
   37   L   0.101   0.033   0.090
   38   F   0.103   0.054   0.085
   39   F   0.102   0.067   0.081
   40   C   0.105   0.086   0.081
   41   G   0.103   0.088   0.079
   42   S   0.103   0.090   0.078
   43   E   0.102   0.126   0.078
   44   L   0.101   0.119   0.080
   45   L   0.101   0.127   0.082
   46   L   0.098   0.128   0.083
   47   E   0.102   0.137   0.089
   48   V   0.100   0.143   0.091
   49   L   0.103   0.125   0.097
   50   T   0.106   0.163   0.101
   51   L   0.103   0.160   0.104
   52   A   0.103   0.186   0.109
   53   A   0.101   0.148   0.112
   54   F   0.097   0.153   0.112
   55   S   0.101   0.134   0.117
   56   R   0.100   0.090   0.117
   57   I   0.104   0.088   0.120
# Measure  Position  Value    Cutoff   signal peptide?
  max. C    16       0.127
  max. Y    16       0.191
  max. S     2       0.436
  mean S     1-15    0.297
       D     1-15    0.233   0.500   NO
Name=TM216_HUMAN_TRANSMEM3	SP='NO' D=0.233 D-cutoff=0.500 Networks=SignalP-TM
