# SignalP-4.1 euk predictions
# Name=TM245_HUMAN_TRANSMEM6	Length=70	Networks=SignalP-TM
# pos  aa    C       S       Y
    1   I   0.102   0.832   0.291
    2   P   0.102   0.839   0.292
    3   V   0.103   0.827   0.293
    4   F   0.103   0.799   0.292
    5   L   0.104   0.805   0.294
    6   V   0.099   0.819   0.287
    7   I   0.102   0.817   0.291
    8   V   0.105   0.743   0.294
    9   F   0.100   0.751   0.287
   10   L   0.104   0.726   0.291
   11   M   0.101   0.681   0.286
   12   S   0.101   0.690   0.283
   13   V   0.100   0.699   0.281
   14   G   0.098   0.701   0.276
   15   T   0.104   0.670   0.283
   16   L   0.127   0.564   0.310
   17   Y   0.129   0.379   0.307
   18   E   0.201   0.230   0.376
   19   K   0.188   0.177   0.353
   20   Q   0.115   0.142   0.267
   21   N   0.108   0.165   0.247
   22   G   0.108   0.142   0.238
   23   K   0.129   0.123   0.249
   24   E   0.103   0.122   0.212
   25   S   0.100   0.125   0.198
   26   S   0.103   0.125   0.191
   27   G   0.102   0.128   0.178
   28   A   0.104   0.117   0.168
   29   E   0.100   0.120   0.151
   30   L   0.101   0.107   0.138
   31   P   0.102   0.099   0.126
   32   G   0.105   0.087   0.120
   33   Q   0.102   0.085   0.114
   34   V   0.104   0.066   0.112
   35   I   0.104   0.057   0.110
   36   S   0.104   0.061   0.106
   37   M   0.100   0.069   0.101
   38   A   0.105   0.085   0.101
   39   A   0.100   0.099   0.098
   40   S   0.098   0.092   0.095
   41   T   0.103   0.093   0.097
   42   L   0.103   0.090   0.096
   43   A   0.105   0.090   0.095
   44   N   0.100   0.078   0.092
   45   L   0.105   0.081   0.093
   46   A   0.102   0.071   0.091
   47   I   0.104   0.053   0.091
   48   S   0.106   0.069   0.091
   49   I   0.102   0.064   0.089
   50   T   0.105   0.082   0.091
   51   G   0.104   0.101   0.091
   52   Y   0.103   0.090   0.092
   53   E   0.101   0.093   0.091
   54   S   0.100   0.107   0.091
   55   S   0.104   0.109   0.093
   56   S   0.101   0.111   0.092
   57   E   0.102   0.107   0.094
   58   D   0.105   0.109   0.095
   59   Q   0.099   0.108   0.094
   60   P   0.102   0.107   0.096
   61   S   0.103   0.106   0.098
   62   T   0.103   0.109   0.100
   63   Q   0.104   0.110   0.102
   64   P   0.104   0.109   0.104
   65   A   0.102   0.110   0.104
   66   E   0.100   0.109   0.103
   67   A   0.107   0.107   0.107
   68   V   0.097   0.110   0.102
   69   D   0.106   0.110   0.107
   70   R   0.106   0.107   0.107
# Measure  Position  Value    Cutoff   signal peptide?
  max. C    18       0.201
  max. Y    18       0.376
  max. S     2       0.839
  mean S     1-17    0.726
       D     1-17    0.516   0.500   YES
Name=TM245_HUMAN_TRANSMEM6	SP='YES' Cleavage site between pos. 17 and 18: TLY-EK D=0.516 D-cutoff=0.500 Networks=SignalP-TM
