# SignalP-4.1 euk predictions
# Name=TM9S4_HUMAN_TRANSMEM8	Length=70	Networks=SignalP-TM
# pos  aa    C       S       Y
    1   N   0.102   0.227   0.152
    2   F   0.102   0.225   0.152
    3   L   0.102   0.207   0.152
    4   V   0.104   0.168   0.153
    5   S   0.104   0.156   0.151
    6   G   0.103   0.112   0.149
    7   G   0.098   0.112   0.142
    8   S   0.104   0.139   0.144
    9   A   0.103   0.130   0.141
   10   F   0.103   0.107   0.138
   11   Y   0.100   0.088   0.134
   12   V   0.099   0.083   0.129
   13   L   0.102   0.075   0.127
   14   V   0.103   0.098   0.123
   15   Y   0.101   0.090   0.118
   16   A   0.102   0.062   0.114
   17   I   0.131   0.087   0.123
   18   F   0.101   0.095   0.104
   19   Y   0.103   0.083   0.103
   20   F   0.102   0.095   0.099
   21   V   0.106   0.069   0.101
   22   N   0.102   0.074   0.097
   23   K   0.103   0.072   0.095
   24   L   0.113   0.071   0.097
   25   D   0.109   0.079   0.094
   26   I   0.104   0.054   0.092
   27   V   0.109   0.033   0.092
   28   E   0.101   0.033   0.087
   29   F   0.103   0.024   0.086
   30   I   0.129   0.021   0.093
   31   P   0.103   0.016   0.081
   32   S   0.103   0.016   0.078
   33   L   0.100   0.020   0.073
   34   L   0.101   0.029   0.070
   35   Y   0.099   0.017   0.066
   36   F   0.101   0.020   0.064
   37   G   0.101   0.018   0.060
   38   Y   0.101   0.016   0.057
   39   T   0.105   0.013   0.055
   40   A   0.103   0.010   0.049
   41   L   0.099   0.006   0.045
   42   M   0.102   0.008   0.044
   43   V   0.097   0.009   0.040
   44   L   0.102   0.009   0.040
   45   S   0.105   0.007   0.039
   46   F   0.109   0.008   0.039
   47   W   0.104   0.008   0.038
   48   L   0.101   0.011   0.036
   49   L   0.099   0.011   0.034
   50   T   0.102   0.013   0.033
   51   G   0.101   0.014   0.032
   52   T   0.104   0.014   0.033
   53   I   0.111   0.014   0.033
   54   G   0.101   0.020   0.032
   55   F   0.127   0.021   0.037
   56   Y   0.101   0.031   0.035
   57   A   0.101   0.042   0.037
   58   A   0.120   0.035   0.044
   59   Y   0.103   0.042   0.043
   60   M   0.102   0.056   0.045
   61   F   0.101   0.053   0.049
   62   V   0.103   0.086   0.053
   63   R   0.101   0.101   0.057
   64   K   0.101   0.096   0.062
   65   I   0.101   0.110   0.067
   66   Y   0.105   0.117   0.074
   67   A   0.106   0.121   0.079
   68   A   0.106   0.107   0.084
   69   V   0.100   0.093   0.085
   70   K   0.102   0.085   0.089
# Measure  Position  Value    Cutoff   signal peptide?
  max. C    17       0.131
  max. Y    11       0.134
  max. S     1       0.227
  mean S     1-10    0.158
       D     1-10    0.143   0.500   NO
Name=TM9S4_HUMAN_TRANSMEM8	SP='NO' D=0.143 D-cutoff=0.500 Networks=SignalP-TM
