# SignalP-4.1 euk predictions
# Name=TMC6_HUMAN_TRANSMEM10	Length=70	Networks=SignalP-TM
# pos  aa    C       S       Y
    1   F   0.101   0.707   0.267
    2   F   0.102   0.633   0.269
    3   V   0.103   0.658   0.269
    4   F   0.103   0.655   0.268
    5   L   0.104   0.601   0.269
    6   V   0.101   0.643   0.263
    7   S   0.105   0.623   0.268
    8   A   0.104   0.589   0.266
    9   L   0.099   0.708   0.257
   10   L   0.103   0.668   0.262
   11   L   0.101   0.648   0.259
   12   A   0.103   0.659   0.260
   13   V   0.102   0.653   0.259
   14   I   0.103   0.712   0.259
   15   Y   0.103   0.638   0.259
   16   L   0.109   0.607   0.266
   17   N   0.127   0.475   0.286
   18   I   0.104   0.517   0.257
   19   Q   0.125   0.422   0.280
   20   V   0.110   0.473   0.260
   21   V   0.114   0.431   0.261
   22   R   0.105   0.555   0.248
   23   G   0.110   0.547   0.253
   24   Q   0.850   0.121   0.697
   25   R   0.105   0.094   0.236
   26   K   0.125   0.079   0.248
   27   V   0.102   0.084   0.214
   28   I   0.102   0.092   0.205
   29   C   0.105   0.095   0.196
   30   L   0.106   0.098   0.186
   31   L   0.101   0.106   0.172
   32   K   0.101   0.100   0.163
   33   E   0.101   0.099   0.154
   34   Q   0.103   0.103   0.148
   35   I   0.102   0.099   0.138
   36   S   0.104   0.098   0.130
   37   N   0.098   0.102   0.113
   38   E   0.103   0.101   0.100
   39   G   0.101   0.098   0.099
   40   E   0.098   0.095   0.097
   41   D   0.098   0.092   0.098
   42   K   0.099   0.094   0.099
   43   I   0.101   0.097   0.100
   44   F   0.100   0.096   0.099
   45   L   0.103   0.097   0.101
   46   I   0.102   0.101   0.100
   47   N   0.102   0.101   0.100
   48   K   0.105   0.096   0.101
   49   L   0.102   0.095   0.100
   50   H   0.105   0.097   0.101
   51   S   0.103   0.101   0.100
   52   I   0.100   0.102   0.099
   53   Y   0.100   0.104   0.098
   54   E   0.100   0.107   0.099
   55   R   0.100   0.103   0.099
   56   K   0.100   0.106   0.099
   57   E   0.100   0.105   0.100
   58   R   0.098   0.106   0.100
   59   E   0.100   0.105   0.101
   60   E   0.100   0.108   0.101
   61   R   0.101   0.106   0.102
   62   S   0.103   0.109   0.103
   63   R   0.102   0.112   0.103
   64   V   0.105   0.107   0.105
   65   G   0.102   0.110   0.104
   66   T   0.102   0.108   0.104
   67   T   0.105   0.104   0.106
   68   E   0.105   0.105   0.106
   69   E   0.105   0.106   0.106
   70   A   0.100   0.107   0.104
# Measure  Position  Value    Cutoff   signal peptide?
  max. C    24       0.850
  max. Y    24       0.697
  max. S    14       0.712
  mean S     1-23    0.601
       D     1-23    0.659   0.500   YES
Name=TMC6_HUMAN_TRANSMEM10	SP='YES' Cleavage site between pos. 23 and 24: VRG-QR D=0.659 D-cutoff=0.500 Networks=SignalP-TM
