# SignalP-4.1 euk predictions
# Name=TMC7_HUMAN_TRANSMEM4	Length=70	Networks=SignalP-TM
# pos  aa    C       S       Y
    1   L   0.102   0.526   0.232
    2   F   0.102   0.514   0.231
    3   L   0.102   0.451   0.232
    4   N   0.103   0.311   0.231
    5   C   0.103   0.324   0.228
    6   I   0.103   0.330   0.225
    7   V   0.103   0.343   0.221
    8   L   0.103   0.354   0.218
    9   A   0.103   0.261   0.215
   10   V   0.096   0.329   0.204
   11   L   0.102   0.336   0.206
   12   G   0.103   0.469   0.204
   13   A   0.122   0.332   0.221
   14   C   0.105   0.334   0.201
   15   F   0.105   0.351   0.197
   16   Y   0.103   0.329   0.192
   17   A   0.112   0.209   0.197
   18   I   0.176   0.117   0.241
   19   Y   0.102   0.173   0.179
   20   V   0.104   0.212   0.178
   21   A   0.133   0.173   0.198
   22   T   0.134   0.149   0.195
   23   V   0.132   0.153   0.189
   24   F   0.107   0.115   0.167
   25   S   0.108   0.148   0.163
   26   Q   0.341   0.089   0.282
   27   E   0.104   0.108   0.146
   28   H   0.104   0.123   0.140
   29   M   0.101   0.117   0.133
   30   K   0.104   0.099   0.129
   31   K   0.102   0.111   0.120
   32   E   0.101   0.110   0.117
   33   I   0.102   0.105   0.117
   34   D   0.102   0.082   0.115
   35   K   0.100   0.102   0.110
   36   M   0.100   0.087   0.107
   37   V   0.104   0.078   0.107
   38   F   0.104   0.068   0.105
   39   G   0.104   0.062   0.103
   40   E   0.101   0.074   0.099
   41   N   0.106   0.067   0.100
   42   L   0.103   0.072   0.097
   43   F   0.103   0.053   0.095
   44   I   0.102   0.052   0.092
   45   L   0.104   0.048   0.092
   46   Y   0.104   0.036   0.089
   47   L   0.101   0.041   0.084
   48   P   0.102   0.039   0.082
   49   S   0.101   0.028   0.080
   50   I   0.101   0.028   0.076
   51   V   0.099   0.035   0.073
   52   I   0.098   0.043   0.070
   53   T   0.101   0.049   0.070
   54   L   0.103   0.044   0.070
   55   A   0.101   0.042   0.068
   56   N   0.101   0.074   0.066
   57   F   0.098   0.065   0.065
   58   I   0.103   0.066   0.068
   59   T   0.104   0.054   0.069
   60   P   0.102   0.051   0.069
   61   M   0.101   0.055   0.069
   62   I   0.102   0.093   0.070
   63   F   0.101   0.118   0.073
   64   A   0.102   0.127   0.077
   65   K   0.115   0.090   0.087
   66   I   0.104   0.091   0.085
   67   I   0.101   0.095   0.086
   68   R   0.103   0.098   0.088
   69   Y   0.101   0.092   0.090
   70   E   0.101   0.087   0.092
# Measure  Position  Value    Cutoff   signal peptide?
  max. C    26       0.341
  max. Y    26       0.282
  max. S     1       0.526
  mean S     1-25    0.294
       D     1-25    0.287   0.500   NO
Name=TMC7_HUMAN_TRANSMEM4	SP='NO' D=0.287 D-cutoff=0.500 Networks=SignalP-TM
