# SignalP-4.1 euk predictions
# Name=TMC8_HUMAN_TRANSMEM3	Length=70	Networks=SignalP-noTM
# pos  aa    C       S       Y
    1   L   0.101   0.613   0.249
    2   R   0.101   0.694   0.249
    3   V   0.103   0.690   0.252
    4   N   0.104   0.743   0.254
    5   V   0.103   0.785   0.253
    6   L   0.100   0.823   0.252
    7   N   0.106   0.833   0.262
    8   G   0.100   0.860   0.256
    9   L   0.098   0.853   0.255
   10   L   0.106   0.867   0.268
   11   V   0.100   0.908   0.262
   12   V   0.104   0.902   0.269
   13   G   0.101   0.886   0.268
   14   A   0.101   0.829   0.271
   15   I   0.102   0.699   0.274
   16   S   0.103   0.652   0.276
   17   A   0.135   0.512   0.317
   18   I   0.157   0.223   0.340
   19   F   0.102   0.414   0.271
   20   W   0.101   0.545   0.268
   21   A   0.117   0.430   0.288
   22   T   0.181   0.201   0.356
   23   K   0.105   0.293   0.267
   24   Y   0.107   0.256   0.267
   25   S   0.124   0.246   0.283
   26   Q   0.316   0.169   0.445
   27   D   0.116   0.171   0.264
   28   N   0.120   0.139   0.262
   29   K   0.099   0.124   0.232
   30   E   0.104   0.122   0.230
   31   E   0.104   0.112   0.223
   32   S   0.103   0.117   0.213
   33   L   0.099   0.110   0.201
   34   F   0.098   0.099   0.191
   35   L   0.100   0.101   0.183
   36   L   0.109   0.102   0.180
   37   L   0.104   0.098   0.166
   38   Q   0.106   0.095   0.159
   39   Y   0.106   0.097   0.150
   40   L   0.098   0.112   0.138
   41   P   0.106   0.102   0.141
   42   P   0.104   0.131   0.135
   43   G   0.099   0.158   0.124
   44   V   0.092   0.187   0.115
   45   I   0.102   0.308   0.121
   46   A   0.107   0.294   0.124
   47   L   0.337   0.125   0.221
   48   V   0.100   0.170   0.118
   49   N   0.101   0.204   0.119
   50   F   0.102   0.203   0.120
   51   L   0.104   0.183   0.123
   52   G   0.105   0.189   0.124
   53   P   0.104   0.224   0.125
   54   L   0.106   0.164   0.128
   55   L   0.104   0.149   0.128
   56   F   0.100   0.119   0.126
   57   T   0.107   0.105   0.131
   58   F   0.108   0.097   0.132
   59   L   0.103   0.101   0.129
   60   V   0.105   0.098   0.130
   61   Q   0.099   0.103   0.126
   62   L   0.101   0.099   0.127
   63   E   0.117   0.094   0.137
   64   N   0.097   0.097   0.124
   65   Y   0.106   0.097   0.129
   66   P   0.095   0.100   0.121
   67   P   0.102   0.102   0.124
   68   N   0.101   0.103   0.119
   69   T   0.096   0.107   0.113
   70   E   0.096   0.111   0.113
# Measure  Position  Value    Cutoff   signal peptide?
  max. C    47       0.337
  max. Y    26       0.445
  max. S    11       0.908
  mean S     1-25    0.630
       D     1-25    0.545   0.450   YES
Name=TMC8_HUMAN_TRANSMEM3	SP='YES' Cleavage site between pos. 25 and 26: KYS-QD D=0.545 D-cutoff=0.450 Networks=SignalP-noTM
