# SignalP-4.1 euk predictions
# Name=TMCO4_HUMAN_TRANSMEM3	Length=70	Networks=SignalP-noTM
# pos  aa    C       S       Y
    1   L   0.101   0.715   0.269
    2   S   0.102   0.668   0.270
    3   G   0.100   0.681   0.268
    4   I   0.101   0.714   0.269
    5   V   0.104   0.658   0.272
    6   A   0.106   0.631   0.274
    7   A   0.101   0.668   0.267
    8   L   0.103   0.766   0.270
    9   T   0.103   0.663   0.270
   10   W   0.099   0.597   0.264
   11   P   0.102   0.642   0.266
   12   A   0.105   0.647   0.270
   13   S   0.096   0.716   0.258
   14   L   0.101   0.835   0.264
   15   L   0.105   0.738   0.270
   16   S   0.108   0.581   0.275
   17   V   0.126   0.420   0.295
   18   A   0.111   0.352   0.274
   19   N   0.119   0.191   0.280
   20   V   0.108   0.173   0.262
   21   I   0.154   0.123   0.308
   22   D   0.108   0.140   0.252
   23   N   0.124   0.116   0.263
   24   P   0.101   0.127   0.232
   25   W   0.101   0.158   0.226
   26   G   0.107   0.244   0.228
   27   V   0.126   0.124   0.242
   28   C   0.102   0.148   0.212
   29   L   0.108   0.157   0.213
   30   H   0.104   0.137   0.203
   31   R   0.106   0.122   0.197
   32   S   0.112   0.117   0.195
   33   A   0.106   0.101   0.184
   34   E   0.099   0.103   0.170
   35   V   0.105   0.102   0.168
   36   G   0.100   0.100   0.156
   37   K   0.103   0.096   0.146
   38   H   0.103   0.095   0.136
   39   L   0.102   0.092   0.126
   40   A   0.104   0.102   0.122
   41   H   0.106   0.095   0.118
   42   I   0.107   0.106   0.116
   43   L   0.100   0.099   0.111
   44   L   0.107   0.109   0.114
   45   S   0.104   0.107   0.112
   46   R   0.101   0.100   0.110
   47   Q   0.107   0.107   0.113
   48   Q   0.103   0.119   0.109
   49   G   0.101   0.143   0.106
   50   R   0.097   0.141   0.104
   51   R   0.101   0.112   0.106
   52   P   0.105   0.098   0.107
   53   V   0.100   0.096   0.104
   54   T   0.096   0.099   0.101
   55   L   0.104   0.107   0.105
   56   I   0.099   0.106   0.102
   57   G   0.105   0.109   0.106
   58   F   0.099   0.100   0.102
   59   S   0.102   0.096   0.104
   60   L   0.106   0.097   0.106
   61   G   0.111   0.094   0.109
   62   A   0.102   0.092   0.104
   63   R   0.101   0.094   0.103
   64   V   0.106   0.092   0.106
   65   I   0.100   0.091   0.102
   66   Y   0.101   0.089   0.103
   67   F   0.096   0.095   0.100
   68   C   0.102   0.093   0.103
   69   L   0.105   0.095   0.104
   70   Q   0.095   0.094   0.099
# Measure  Position  Value    Cutoff   signal peptide?
  max. C    21       0.154
  max. Y    21       0.308
  max. S    14       0.835
  mean S     1-20    0.603
       D     1-20    0.467   0.450   YES
Name=TMCO4_HUMAN_TRANSMEM3	SP='YES' Cleavage site between pos. 20 and 21: ANV-ID D=0.467 D-cutoff=0.450 Networks=SignalP-noTM
