# SignalP-4.1 euk predictions
# Name=TMTC4_HUMAN_TRANSMEM5	Length=70	Networks=SignalP-TM
# pos  aa    C       S       Y
    1   G   0.104   0.773   0.283
    2   A   0.102   0.850   0.280
    3   H   0.098   0.849   0.277
    4   S   0.103   0.896   0.284
    5   S   0.103   0.909   0.285
    6   T   0.100   0.902   0.283
    7   F   0.102   0.891   0.288
    8   W   0.102   0.901   0.289
    9   V   0.101   0.890   0.289
   10   L   0.101   0.828   0.291
   11   L   0.103   0.830   0.294
   12   S   0.102   0.828   0.294
   13   I   0.102   0.869   0.295
   14   F   0.103   0.895   0.297
   15   L   0.103   0.908   0.299
   16   G   0.103   0.895   0.301
   17   A   0.104   0.871   0.303
   18   V   0.106   0.861   0.306
   19   A   0.106   0.796   0.305
   20   M   0.370   0.536   0.567
   21   L   0.219   0.322   0.430
   22   C   0.130   0.229   0.323
   23   K   0.141   0.238   0.326
   24   E   0.122   0.235   0.294
   25   Q   0.182   0.193   0.348
   26   G   0.105   0.192   0.255
   27   I   0.153   0.135   0.296
   28   T   0.103   0.133   0.232
   29   V   0.109   0.102   0.226
   30   L   0.106   0.095   0.209
   31   G   0.102   0.119   0.190
   32   L   0.105   0.128   0.177
   33   N   0.105   0.138   0.161
   34   A   0.105   0.117   0.145
   35   V   0.100   0.112   0.130
   36   F   0.103   0.131   0.126
   37   D   0.103   0.105   0.123
   38   I   0.101   0.089   0.118
   39   L   0.100   0.085   0.113
   40   V   0.100   0.094   0.109
   41   I   0.101   0.110   0.107
   42   G   0.101   0.113   0.106
   43   K   0.100   0.056   0.105
   44   F   0.104   0.067   0.105
   45   N   0.102   0.069   0.103
   46   V   0.100   0.084   0.101
   47   L   0.100   0.079   0.099
   48   E   0.103   0.096   0.098
   49   I   0.100   0.099   0.096
   50   V   0.104   0.092   0.097
   51   Q   0.101   0.095   0.094
   52   K   0.102   0.102   0.095
   53   V   0.101   0.097   0.095
   54   L   0.100   0.102   0.094
   55   H   0.103   0.103   0.096
   56   K   0.101   0.098   0.095
   57   D   0.102   0.096   0.095
   58   K   0.103   0.092   0.097
   59   S   0.103   0.098   0.098
   60   L   0.098   0.101   0.097
   61   E   0.101   0.100   0.099
   62   N   0.100   0.100   0.099
   63   L   0.099   0.104   0.098
   64   G   0.103   0.100   0.101
   65   M   0.104   0.099   0.102
   66   L   0.105   0.101   0.102
   67   R   0.100   0.101   0.100
   68   N   0.105   0.099   0.102
   69   G   0.103   0.099   0.101
   70   G   0.100   0.098   0.100
# Measure  Position  Value    Cutoff   signal peptide?
  max. C    20       0.370
  max. Y    20       0.567
  max. S     5       0.909
  mean S     1-19    0.865
       D     1-19    0.686   0.500   YES
Name=TMTC4_HUMAN_TRANSMEM5	SP='YES' Cleavage site between pos. 19 and 20: AVA-ML D=0.686 D-cutoff=0.500 Networks=SignalP-TM
