# SignalP-4.1 euk predictions
# Name=TNF10_HUMAN_TRANSMEM1	Length=70	Networks=SignalP-noTM
# pos  aa    C       S       Y
    1   L   0.101   0.956   0.311
    2   I   0.103   0.954   0.314
    3   V   0.100   0.947   0.309
    4   I   0.104   0.927   0.316
    5   F   0.100   0.918   0.310
    6   T   0.102   0.926   0.312
    7   V   0.102   0.945   0.312
    8   L   0.102   0.966   0.312
    9   L   0.100   0.972   0.308
   10   Q   0.098   0.964   0.305
   11   S   0.101   0.961   0.310
   12   L   0.105   0.938   0.316
   13   C   0.097   0.934   0.303
   14   V   0.109   0.924   0.322
   15   A   0.102   0.884   0.311
   16   V   0.211   0.736   0.447
   17   T   0.109   0.602   0.320
   18   Y   0.194   0.464   0.423
   19   V   0.112   0.263   0.317
   20   Y   0.145   0.171   0.355
   21   F   0.100   0.198   0.288
   22   T   0.178   0.156   0.376
   23   N   0.109   0.155   0.288
   24   E   0.102   0.172   0.272
   25   L   0.129   0.142   0.298
   26   K   0.106   0.127   0.262
   27   Q   0.102   0.121   0.250
   28   M   0.113   0.115   0.255
   29   Q   0.106   0.108   0.239
   30   D   0.105   0.115   0.230
   31   K   0.102   0.095   0.217
   32   Y   0.099   0.096   0.205
   33   S   0.097   0.097   0.194
   34   K   0.098   0.101   0.185
   35   S   0.100   0.102   0.175
   36   G   0.097   0.105   0.162
   37   I   0.097   0.103   0.151
   38   A   0.104   0.110   0.144
   39   C   0.095   0.105   0.127
   40   F   0.100   0.098   0.121
   41   L   0.097   0.103   0.112
   42   K   0.105   0.096   0.113
   43   E   0.102   0.091   0.110
   44   D   0.102   0.098   0.108
   45   D   0.101   0.097   0.106
   46   S   0.105   0.097   0.107
   47   Y   0.101   0.098   0.103
   48   W   0.092   0.104   0.098
   49   D   0.102   0.108   0.102
   50   P   0.097   0.111   0.099
   51   N   0.100   0.114   0.101
   52   D   0.100   0.117   0.101
   53   E   0.102   0.117   0.102
   54   E   0.099   0.109   0.101
   55   S   0.101   0.104   0.102
   56   M   0.096   0.092   0.100
   57   N   0.102   0.093   0.103
   58   S   0.104   0.098   0.103
   59   P   0.099   0.098   0.101
   60   C   0.109   0.106   0.106
   61   W   0.104   0.102   0.103
   62   Q   0.102   0.103   0.102
   63   V   0.095   0.100   0.099
   64   K   0.104   0.104   0.103
   65   W   0.104   0.103   0.103
   66   Q   0.097   0.102   0.100
   67   L   0.105   0.102   0.104
   68   R   0.106   0.099   0.105
   69   Q   0.100   0.099   0.102
   70   L   0.105   0.099   0.105
# Measure  Position  Value    Cutoff   signal peptide?
  max. C    16       0.211
  max. Y    16       0.447
  max. S     9       0.972
  mean S     1-15    0.941
       D     1-15    0.714   0.450   YES
Name=TNF10_HUMAN_TRANSMEM1	SP='YES' Cleavage site between pos. 15 and 16: CVA-VT D=0.714 D-cutoff=0.450 Networks=SignalP-noTM
