# SignalP-4.1 euk predictions
# Name=TOIP2_HUMAN_TRANSMEM1	Length=70	Networks=SignalP-noTM
# pos  aa    C       S       Y
    1   F   0.100   0.912   0.303
    2   W   0.100   0.925   0.302
    3   S   0.102   0.947   0.305
    4   Y   0.099   0.957   0.301
    5   G   0.101   0.943   0.305
    6   P   0.097   0.927   0.298
    7   V   0.104   0.920   0.309
    8   I   0.103   0.915   0.307
    9   L   0.103   0.934   0.307
   10   V   0.095   0.942   0.296
   11   V   0.097   0.956   0.299
   12   L   0.105   0.972   0.312
   13   V   0.101   0.971   0.305
   14   V   0.102   0.960   0.308
   15   A   0.108   0.944   0.317
   16   V   0.115   0.917   0.328
   17   V   0.102   0.926   0.308
   18   A   0.111   0.889   0.321
   19   S   0.494   0.823   0.678
   20   S   0.156   0.744   0.381
   21   V   0.411   0.460   0.615
   22   N   0.118   0.514   0.326
   23   S   0.116   0.617   0.320
   24   Y   0.623   0.220   0.736
   25   Y   0.110   0.254   0.304
   26   S   0.112   0.295   0.300
   27   S   0.132   0.183   0.319
   28   P   0.102   0.227   0.275
   29   A   0.121   0.181   0.292
   30   Q   0.117   0.141   0.281
   31   Q   0.103   0.135   0.257
   32   V   0.119   0.117   0.268
   33   P   0.103   0.113   0.242
   34   K   0.107   0.113   0.237
   35   N   0.104   0.108   0.225
   36   P   0.109   0.097   0.222
   37   A   0.108   0.095   0.211
   38   L   0.100   0.107   0.193
   39   E   0.111   0.096   0.193
   40   A   0.102   0.092   0.174
   41   F   0.097   0.088   0.159
   42   L   0.111   0.096   0.159
   43   A   0.108   0.097   0.146
   44   Q   0.100   0.098   0.134
   45   F   0.105   0.095   0.130
   46   S   0.102   0.094   0.119
   47   Q   0.104   0.101   0.118
   48   L   0.102   0.103   0.113
   49   E   0.102   0.097   0.109
   50   D   0.101   0.094   0.107
   51   K   0.097   0.092   0.102
   52   F   0.101   0.093   0.102
   53   P   0.102   0.099   0.101
   54   G   0.102   0.103   0.101
   55   Q   0.093   0.104   0.096
   56   S   0.105   0.112   0.102
   57   S   0.098   0.104   0.098
   58   F   0.095   0.100   0.096
   59   L   0.099   0.107   0.099
   60   W   0.106   0.108   0.103
   61   Q   0.100   0.105   0.099
   62   R   0.106   0.101   0.103
   63   G   0.106   0.097   0.103
   64   R   0.096   0.100   0.098
   65   K   0.103   0.098   0.102
   66   F   0.101   0.099   0.101
   67   L   0.103   0.098   0.102
   68   Q   0.099   0.100   0.100
   69   K   0.101   0.096   0.101
   70   H   0.104   0.098   0.102
# Measure  Position  Value    Cutoff   signal peptide?
  max. C    24       0.623
  max. Y    24       0.736
  max. S    12       0.972
  mean S     1-23    0.870
       D     1-23    0.808   0.450   YES
Name=TOIP2_HUMAN_TRANSMEM1	SP='YES' Cleavage site between pos. 23 and 24: VNS-YY D=0.808 D-cutoff=0.450 Networks=SignalP-noTM
