# SignalP-4.1 euk predictions
# Name=TS1R1_HUMAN_TRANSMEM1	Length=70	Networks=SignalP-noTM
# pos  aa    C       S       Y
    1   W   0.100   0.965   0.311
    2   V   0.100   0.980   0.311
    3   L   0.101   0.985   0.312
    4   L   0.108   0.988   0.322
    5   A   0.102   0.992   0.314
    6   A   0.103   0.991   0.315
    7   N   0.101   0.989   0.313
    8   T   0.103   0.978   0.316
    9   L   0.102   0.980   0.315
   10   L   0.103   0.990   0.316
   11   L   0.100   0.991   0.311
   12   L   0.100   0.995   0.312
   13   L   0.101   0.996   0.314
   14   L   0.105   0.995   0.321
   15   L   0.107   0.995   0.323
   16   G   0.104   0.993   0.320
   17   T   0.120   0.984   0.343
   18   A   0.116   0.983   0.338
   19   G   0.320   0.961   0.561
   20   L   0.385   0.873   0.615
   21   F   0.168   0.829   0.405
   22   A   0.124   0.795   0.348
   23   W   0.500   0.464   0.695
   24   H   0.115   0.427   0.330
   25   L   0.178   0.385   0.404
   26   D   0.111   0.271   0.315
   27   T   0.112   0.237   0.310
   28   P   0.107   0.241   0.297
   29   V   0.109   0.312   0.294
   30   V   0.100   0.477   0.275
   31   R   0.101   0.442   0.272
   32   S   0.108   0.330   0.277
   33   A   0.172   0.216   0.343
   34   G   0.105   0.191   0.260
   35   G   0.114   0.204   0.263
   36   R   0.107   0.217   0.248
   37   L   0.110   0.272   0.243
   38   C   0.109   0.297   0.235
   39   F   0.105   0.248   0.223
   40   L   0.101   0.246   0.210
   41   M   0.102   0.395   0.203
   42   L   0.107   0.439   0.202
   43   G   0.104   0.391   0.193
   44   S   0.099   0.393   0.184
   45   L   0.107   0.548   0.186
   46   A   0.104   0.598   0.184
   47   A   0.107   0.373   0.189
   48   G   0.104   0.370   0.186
   49   S   0.120   0.282   0.202
   50   G   0.104   0.316   0.188
   51   S   0.112   0.200   0.196
   52   L   0.115   0.116   0.197
   53   Y   0.105   0.111   0.184
   54   G   0.107   0.102   0.181
   55   F   0.107   0.106   0.179
   56   F   0.106   0.107   0.176
   57   G   0.102   0.106   0.171
   58   E   0.108   0.108   0.175
   59   P   0.103   0.100   0.169
   60   T   0.101   0.100   0.166
   61   R   0.103   0.096   0.164
   62   P   0.105   0.098   0.163
   63   A   0.108   0.099   0.164
   64   C   0.098   0.100   0.152
   65   L   0.105   0.099   0.152
   66   L   0.103   0.098   0.145
   67   R   0.104   0.097   0.141
   68   Q   0.108   0.096   0.136
   69   A   0.106   0.096   0.126
   70   L   0.099   0.095   0.116
# Measure  Position  Value    Cutoff   signal peptide?
  max. C    23       0.500
  max. Y    23       0.695
  max. S    13       0.996
  mean S     1-22    0.965
       D     1-22    0.841   0.450   YES
Name=TS1R1_HUMAN_TRANSMEM1	SP='YES' Cleavage site between pos. 22 and 23: LFA-WH D=0.841 D-cutoff=0.450 Networks=SignalP-noTM
