# SignalP-4.1 euk predictions
# Name=TYRP1_HUMAN_TRANSMEM1	Length=60	Networks=SignalP-noTM
# pos  aa    C       S       Y
    1   I   0.103   0.959   0.315
    2   I   0.103   0.967   0.314
    3   A   0.104   0.969   0.315
    4   I   0.099   0.977   0.309
    5   A   0.104   0.968   0.316
    6   V   0.094   0.969   0.301
    7   V   0.104   0.952   0.316
    8   G   0.104   0.943   0.316
    9   A   0.100   0.943   0.309
   10   L   0.102   0.940   0.313
   11   L   0.104   0.966   0.315
   12   L   0.101   0.972   0.312
   13   V   0.101   0.970   0.312
   14   A   0.106   0.977   0.319
   15   L   0.107   0.958   0.321
   16   I   0.109   0.942   0.323
   17   F   0.118   0.905   0.336
   18   G   0.104   0.938   0.316
   19   T   0.205   0.903   0.443
   20   A   0.104   0.927   0.315
   21   S   0.339   0.766   0.568
   22   Y   0.402   0.486   0.616
   23   L   0.137   0.451   0.355
   24   I   0.119   0.254   0.327
   25   R   0.108   0.367   0.305
   26   A   0.113   0.439   0.309
   27   R   0.547   0.204   0.668
   28   R   0.108   0.289   0.290
   29   S   0.117   0.196   0.296
   30   M   0.113   0.129   0.285
   31   D   0.106   0.130   0.268
   32   E   0.102   0.123   0.256
   33   A   0.104   0.116   0.251
   34   N   0.103   0.109   0.241
   35   Q   0.102   0.108   0.232
   36   P   0.102   0.105   0.223
   37   L   0.107   0.101   0.219
   38   L   0.100   0.092   0.202
   39   T   0.102   0.100   0.194
   40   D   0.107   0.099   0.189
   41   Q   0.106   0.098   0.176
   42   Y   0.109   0.097   0.168
   43   Q   0.103   0.093   0.151
   44   C   0.101   0.098   0.139
   45   Y   0.101   0.095   0.132
   46   A   0.098   0.100   0.124
   47   E   0.094   0.101   0.119
   48   E   0.098   0.104   0.116
   49   Y   0.094   0.105   0.107
   50   E   0.097   0.106   0.107
   51   K   0.102   0.106   0.105
   52   L   0.100   0.106   0.103
   53   Q   0.101   0.108   0.103
   54   N   0.101   0.102   0.102
   55   P   0.106   0.104   0.104
   56   N   0.107   0.104   0.104
   57   Q   0.104   0.104   0.103
   58   S   0.104   0.098   0.103
   59   V   0.097   0.103   0.099
   60   V   0.103   0.103   0.102
# Measure  Position  Value    Cutoff   signal peptide?
  max. C    27       0.547
  max. Y    27       0.668
  max. S     4       0.977
  mean S     1-26    0.839
       D     1-26    0.760   0.450   YES
Name=TYRP1_HUMAN_TRANSMEM1	SP='YES' Cleavage site between pos. 26 and 27: IRA-RR D=0.760 D-cutoff=0.450 Networks=SignalP-noTM
