# SignalP-4.1 euk predictions
# Name=UCRI_HUMAN_TRANSMEM1	Length=70	Networks=SignalP-noTM
# pos  aa    C       S       Y
    1   R   0.100   0.222   0.149
    2   E   0.103   0.224   0.152
    3   S   0.101   0.221   0.150
    4   S   0.100   0.179   0.149
    5   E   0.103   0.214   0.151
    6   A   0.100   0.195   0.148
    7   R   0.095   0.188   0.144
    8   K   0.105   0.172   0.151
    9   G   0.101   0.180   0.147
   10   F   0.098   0.187   0.145
   11   S   0.107   0.190   0.150
   12   Y   0.100   0.220   0.145
   13   L   0.102   0.156   0.146
   14   V   0.100   0.186   0.143
   15   T   0.108   0.149   0.149
   16   G   0.108   0.132   0.148
   17   V   0.094   0.151   0.136
   18   T   0.106   0.150   0.143
   19   T   0.104   0.210   0.141
   20   V   0.096   0.169   0.135
   21   G   0.103   0.183   0.139
   22   V   0.102   0.166   0.138
   23   A   0.101   0.201   0.136
   24   Y   0.103   0.189   0.137
   25   A   0.107   0.184   0.139
   26   A   0.453   0.108   0.285
   27   K   0.103   0.110   0.135
   28   N   0.100   0.110   0.131
   29   A   0.103   0.115   0.132
   30   V   0.111   0.104   0.135
   31   T   0.109   0.111   0.133
   32   Q   0.115   0.107   0.135
   33   F   0.104   0.099   0.127
   34   V   0.105   0.101   0.126
   35   S   0.103   0.114   0.122
   36   S   0.098   0.122   0.118
   37   M   0.110   0.104   0.124
   38   S   0.106   0.116   0.121
   39   A   0.104   0.122   0.120
   40   S   0.097   0.134   0.115
   41   A   0.106   0.134   0.120
   42   D   0.118   0.115   0.125
   43   V   0.102   0.146   0.115
   44   L   0.099   0.137   0.113
   45   A   0.109   0.194   0.117
   46   L   0.127   0.128   0.126
   47   A   0.107   0.122   0.115
   48   K   0.111   0.111   0.116
   49   I   0.109   0.104   0.115
   50   E   0.106   0.101   0.113
   51   I   0.106   0.104   0.113
   52   K   0.105   0.104   0.112
   53   L   0.098   0.113   0.108
   54   S   0.101   0.107   0.110
   55   D   0.106   0.110   0.113
   56   I   0.103   0.106   0.111
   57   P   0.098   0.108   0.109
   58   E   0.106   0.108   0.113
   59   G   0.098   0.108   0.108
   60   K   0.098   0.112   0.108
   61   N   0.103   0.109   0.111
   62   M   0.101   0.110   0.110
   63   A   0.098   0.116   0.108
   64   F   0.101   0.114   0.108
   65   K   0.108   0.110   0.112
   66   W   0.098   0.109   0.106
   67   R   0.104   0.105   0.109
   68   G   0.104   0.105   0.107
   69   K   0.096   0.105   0.102
   70   P   0.104   0.100   0.106
# Measure  Position  Value    Cutoff   signal peptide?
  max. C    26       0.453
  max. Y    26       0.285
  max. S     2       0.224
  mean S     1-25    0.185
       D     1-25    0.231   0.450   NO
Name=UCRI_HUMAN_TRANSMEM1	SP='NO' D=0.231 D-cutoff=0.450 Networks=SignalP-noTM
