# SignalP-4.1 euk predictions
# Name=VATO_HUMAN_TRANSMEM4	Length=68	Networks=SignalP-TM
# pos  aa    C       S       Y
    1   F   0.102   0.386   0.199
    2   G   0.105   0.357   0.201
    3   A   0.101   0.395   0.197
    4   G   0.100   0.418   0.196
    5   L   0.101   0.443   0.198
    6   T   0.103   0.459   0.201
    7   V   0.102   0.442   0.201
    8   G   0.105   0.457   0.205
    9   L   0.099   0.538   0.200
   10   S   0.102   0.574   0.206
   11   N   0.102   0.621   0.210
   12   L   0.104   0.581   0.216
   13   F   0.097   0.665   0.211
   14   C   0.104   0.638   0.224
   15   G   0.104   0.579   0.227
   16   V   0.099   0.522   0.226
   17   C   0.102   0.538   0.231
   18   V   0.113   0.493   0.245
   19   G   0.102   0.468   0.235
   20   I   0.207   0.376   0.335
   21   V   0.102   0.366   0.233
   22   G   0.100   0.436   0.230
   23   S   0.111   0.459   0.242
   24   G   0.115   0.346   0.246
   25   A   0.108   0.286   0.234
   26   A   0.114   0.285   0.234
   27   L   0.132   0.241   0.247
   28   A   0.108   0.239   0.216
   29   D   0.179   0.168   0.269
   30   A   0.108   0.174   0.201
   31   Q   0.294   0.099   0.320
   32   N   0.105   0.116   0.182
   33   P   0.102   0.126   0.172
   34   S   0.103   0.113   0.165
   35   L   0.103   0.120   0.159
   36   F   0.102   0.124   0.153
   37   V   0.102   0.136   0.145
   38   K   0.103   0.106   0.137
   39   I   0.103   0.084   0.131
   40   L   0.105   0.088   0.126
   41   I   0.106   0.059   0.121
   42   V   0.100   0.058   0.112
   43   E   0.101   0.048   0.107
   44   I   0.104   0.040   0.104
   45   F   0.101   0.036   0.097
   46   G   0.105   0.036   0.097
   47   S   0.101   0.027   0.092
   48   A   0.100   0.036   0.088
   49   I   0.101   0.038   0.085
   50   G   0.102   0.048   0.082
   51   L   0.115   0.034   0.083
   52   F   0.102   0.049   0.073
   53   G   0.103   0.054   0.071
   54   V   0.101   0.049   0.069
   55   I   0.100   0.057   0.066
   56   V   0.103   0.065   0.067
   57   A   0.102   0.063   0.067
   58   I   0.101   0.055   0.068
   59   L   0.104   0.080   0.069
   60   Q   0.099   0.072   0.070
   61   T   0.102   0.094   0.073
   62   S   0.101   0.102   0.076
   63   R   0.102   0.112   0.079
   64   V   0.102   0.115   0.083
   65   K   0.103   0.104   0.086
   66   M   0.098   0.101   0.086
   67   G   0.101   0.099   0.090
   68   D   0.105   0.091   0.093
# Measure  Position  Value    Cutoff   signal peptide?
  max. C    31       0.294
  max. Y    20       0.335
  max. S    13       0.665
  mean S     1-19    0.504
       D     1-19    0.402   0.500   NO
Name=VATO_HUMAN_TRANSMEM4	SP='NO' D=0.402 D-cutoff=0.500 Networks=SignalP-TM
