# SignalP-4.1 euk predictions
# Name=VDAC3_HUMAN_TRANSMEM3	Length=70	Networks=SignalP-noTM
# pos  aa    C       S       Y
    1   A   0.103   0.092   0.097
    2   S   0.097   0.096   0.094
    3   G   0.102   0.097   0.097
    4   N   0.099   0.097   0.095
    5   L   0.103   0.088   0.098
    6   E   0.100   0.088   0.096
    7   T   0.100   0.093   0.096
    8   K   0.102   0.091   0.097
    9   Y   0.103   0.087   0.097
   10   K   0.102   0.086   0.097
   11   V   0.099   0.084   0.095
   12   C   0.102   0.073   0.096
   13   N   0.101   0.071   0.095
   14   Y   0.095   0.086   0.092
   15   G   0.097   0.093   0.093
   16   L   0.100   0.105   0.094
   17   T   0.100   0.099   0.095
   18   F   0.101   0.101   0.096
   19   T   0.102   0.105   0.096
   20   Q   0.107   0.096   0.099
   21   K   0.105   0.104   0.098
   22   W   0.103   0.093   0.097
   23   N   0.100   0.101   0.096
   24   T   0.096   0.101   0.094
   25   D   0.105   0.099   0.099
   26   N   0.098   0.102   0.095
   27   T   0.100   0.097   0.097
   28   L   0.100   0.104   0.096
   29   G   0.102   0.100   0.098
   30   T   0.114   0.097   0.104
   31   E   0.099   0.103   0.097
   32   I   0.098   0.104   0.097
   33   S   0.100   0.100   0.098
   34   W   0.100   0.104   0.099
   35   E   0.098   0.108   0.098
   36   N   0.099   0.104   0.099
   37   K   0.101   0.105   0.101
   38   L   0.100   0.103   0.101
   39   A   0.100   0.119   0.101
   40   E   0.101   0.108   0.102
   41   G   0.105   0.108   0.104
   42   L   0.112   0.101   0.107
   43   K   0.103   0.094   0.103
   44   L   0.101   0.094   0.102
   45   T   0.103   0.099   0.103
   46   L   0.102   0.096   0.102
   47   D   0.108   0.106   0.105
   48   T   0.103   0.090   0.103
   49   I   0.101   0.093   0.102
   50   F   0.101   0.092   0.101
   51   V   0.097   0.094   0.099
   52   P   0.098   0.105   0.099
   53   N   0.099   0.113   0.100
   54   T   0.095   0.113   0.099
   55   G   0.099   0.116   0.101
   56   K   0.099   0.106   0.101
   57   K   0.095   0.114   0.099
   58   S   0.100   0.108   0.102
   59   G   0.100   0.105   0.102
   60   K   0.099   0.109   0.101
   61   L   0.101   0.106   0.103
   62   K   0.101   0.108   0.102
   63   A   0.104   0.103   0.103
   64   S   0.097   0.110   0.100
   65   Y   0.102   0.106   0.103
   66   K   0.099   0.104   0.101
   67   R   0.101   0.098   0.103
   68   D   0.103   0.102   0.104
   69   C   0.104   0.100   0.104
   70   F   0.102   0.097   0.103
# Measure  Position  Value    Cutoff   signal peptide?
  max. C    30       0.114
  max. Y    42       0.107
  max. S    39       0.119
  mean S     1-41    0.097
       D     1-41    0.102   0.450   NO
Name=VDAC3_HUMAN_TRANSMEM3	SP='NO' D=0.102 D-cutoff=0.450 Networks=SignalP-noTM
