# SignalP-4.1 euk predictions
# Name=VIPR2_HUMAN_TRANSMEM4	Length=70	Networks=SignalP-TM
# pos  aa    C       S       Y
    1   F   0.102   0.547   0.236
    2   L   0.104   0.506   0.238
    3   A   0.104   0.443   0.237
    4   Y   0.099   0.382   0.230
    5   L   0.104   0.332   0.234
    6   L   0.101   0.291   0.227
    7   I   0.105   0.298   0.227
    8   G   0.104   0.321   0.222
    9   W   0.098   0.310   0.211
   10   G   0.103   0.345   0.213
   11   L   0.105   0.509   0.212
   12   P   0.101   0.482   0.207
   13   T   0.101   0.459   0.206
   14   V   0.101   0.475   0.204
   15   C   0.099   0.623   0.201
   16   I   0.110   0.648   0.213
   17   G   0.126   0.578   0.231
   18   A   0.455   0.318   0.444
   19   W   0.126   0.237   0.232
   20   T   0.102   0.336   0.208
   21   A   0.128   0.240   0.233
   22   A   0.142   0.161   0.244
   23   R   0.114   0.122   0.216
   24   L   0.106   0.117   0.205
   25   Y   0.109   0.118   0.203
   26   L   0.103   0.110   0.191
   27   E   0.109   0.105   0.188
   28   D   0.102   0.100   0.174
   29   T   0.106   0.106   0.170
   30   G   0.112   0.115   0.162
   31   C   0.104   0.115   0.143
   32   W   0.117   0.103   0.138
   33   D   0.101   0.094   0.123
   34   T   0.098   0.080   0.117
   35   N   0.104   0.073   0.112
   36   D   0.101   0.083   0.105
   37   H   0.101   0.080   0.102
   38   S   0.102   0.071   0.101
   39   V   0.100   0.071   0.098
   40   P   0.103   0.058   0.098
   41   W   0.101   0.068   0.095
   42   W   0.099   0.071   0.093
   43   V   0.104   0.043   0.094
   44   I   0.103   0.032   0.091
   45   R   0.102   0.026   0.087
   46   I   0.101   0.021   0.083
   47   P   0.104   0.015   0.081
   48   I   0.107   0.016   0.078
   49   L   0.102   0.023   0.073
   50   I   0.100   0.019   0.070
   51   S   0.100   0.025   0.066
   52   I   0.104   0.023   0.065
   53   I   0.101   0.015   0.061
   54   V   0.105   0.022   0.058
   55   N   0.102   0.012   0.055
   56   F   0.101   0.012   0.051
   57   V   0.100   0.012   0.046
   58   L   0.103   0.012   0.045
   59   F   0.100   0.016   0.042
   60   I   0.102   0.029   0.042
   61   S   0.104   0.027   0.043
   62   I   0.101   0.031   0.044
   63   I   0.101   0.050   0.045
   64   R   0.099   0.072   0.046
   65   I   0.099   0.063   0.050
   66   L   0.101   0.089   0.053
   67   L   0.102   0.105   0.058
   68   Q   0.101   0.080   0.063
   69   K   0.103   0.084   0.067
   70   L   0.100   0.088   0.070
# Measure  Position  Value    Cutoff   signal peptide?
  max. C    18       0.455
  max. Y    18       0.444
  max. S    16       0.648
  mean S     1-17    0.444
       D     1-17    0.444   0.500   NO
Name=VIPR2_HUMAN_TRANSMEM4	SP='NO' D=0.444 D-cutoff=0.500 Networks=SignalP-TM
