# SignalP-4.1 euk predictions
# Name=WFS1_HUMAN_TRANSMEM10	Length=70	Networks=SignalP-noTM
# pos  aa    C       S       Y
    1   M   0.102   0.976   0.315
    2   V   0.101   0.978   0.314
    3   K   0.101   0.980   0.314
    4   L   0.103   0.978   0.318
    5   I   0.101   0.976   0.314
    6   L   0.102   0.976   0.316
    7   V   0.105   0.969   0.321
    8   W   0.097   0.968   0.308
    9   L   0.107   0.981   0.322
   10   T   0.100   0.983   0.312
   11   A   0.105   0.987   0.320
   12   I   0.099   0.983   0.311
   13   V   0.097   0.967   0.308
   14   L   0.096   0.967   0.306
   15   F   0.103   0.965   0.317
   16   C   0.140   0.931   0.370
   17   W   0.116   0.914   0.336
   18   F   0.113   0.862   0.331
   19   Y   0.216   0.784   0.457
   20   V   0.100   0.828   0.310
   21   Y   0.104   0.870   0.314
   22   R   0.110   0.868   0.322
   23   S   0.219   0.729   0.454
   24   E   0.428   0.367   0.631
   25   G   0.115   0.358   0.322
   26   M   0.680   0.150   0.771
   27   K   0.104   0.144   0.295
   28   V   0.113   0.128   0.301
   29   Y   0.101   0.121   0.277
   30   N   0.102   0.129   0.271
   31   S   0.111   0.117   0.275
   32   T   0.105   0.108   0.260
   33   L   0.105   0.105   0.251
   34   T   0.098   0.104   0.235
   35   W   0.100   0.113   0.229
   36   Q   0.103   0.106   0.224
   37   Q   0.102   0.103   0.213
   38   Y   0.106   0.109   0.208
   39   G   0.104   0.112   0.196
   40   A   0.099   0.112   0.182
   41   L   0.099   0.115   0.172
   42   C   0.101   0.106   0.165
   43   G   0.101   0.098   0.154
   44   P   0.097   0.094   0.139
   45   R   0.103   0.103   0.130
   46   A   0.104   0.124   0.119
   47   W   0.099   0.106   0.111
   48   K   0.096   0.133   0.105
   49   E   0.109   0.117   0.111
   50   T   0.100   0.103   0.106
   51   N   0.107   0.112   0.109
   52   M   0.105   0.109   0.108
   53   A   0.103   0.101   0.106
   54   R   0.099   0.105   0.104
   55   T   0.107   0.101   0.108
   56   Q   0.104   0.104   0.106
   57   I   0.107   0.101   0.108
   58   L   0.103   0.100   0.106
   59   C   0.103   0.100   0.105
   60   S   0.103   0.098   0.105
   61   H   0.104   0.098   0.105
   62   L   0.100   0.095   0.103
   63   E   0.104   0.096   0.105
   64   G   0.098   0.094   0.101
   65   H   0.097   0.096   0.100
   66   R   0.103   0.099   0.103
   67   V   0.099   0.097   0.102
   68   T   0.099   0.101   0.102
   69   W   0.096   0.099   0.100
   70   T   0.101   0.102   0.102
# Measure  Position  Value    Cutoff   signal peptide?
  max. C    26       0.680
  max. Y    26       0.771
  max. S    11       0.987
  mean S     1-25    0.886
       D     1-25    0.833   0.450   YES
Name=WFS1_HUMAN_TRANSMEM10	SP='YES' Cleavage site between pos. 25 and 26: SEG-MK D=0.833 D-cutoff=0.450 Networks=SignalP-noTM
