# SignalP-4.1 euk predictions
# Name=WLS_HUMAN_TRANSMEM6	Length=70	Networks=SignalP-noTM
# pos  aa    C       S       Y
    1   F   0.101   0.957   0.310
    2   I   0.103   0.965   0.314
    3   I   0.104   0.979   0.315
    4   V   0.105   0.979   0.317
    5   A   0.103   0.978   0.314
    6   G   0.099   0.976   0.309
    7   I   0.100   0.973   0.309
    8   C   0.102   0.963   0.313
    9   L   0.103   0.963   0.314
   10   C   0.097   0.947   0.305
   11   L   0.103   0.956   0.314
   12   Y   0.105   0.983   0.319
   13   F   0.100   0.981   0.310
   14   L   0.101   0.976   0.312
   15   F   0.100   0.974   0.310
   16   L   0.102   0.968   0.313
   17   C   0.109   0.939   0.324
   18   F   0.146   0.898   0.375
   19   M   0.110   0.912   0.326
   20   V   0.117   0.863   0.335
   21   F   0.103   0.846   0.314
   22   Q   0.114   0.813   0.330
   23   V   0.178   0.764   0.410
   24   F   0.110   0.765   0.321
   25   R   0.125   0.659   0.341
   26   N   0.272   0.261   0.498
   27   I   0.121   0.286   0.327
   28   S   0.097   0.386   0.286
   29   G   0.105   0.337   0.294
   30   K   0.569   0.126   0.672
   31   Q   0.103   0.150   0.279
   32   S   0.109   0.140   0.279
   33   S   0.118   0.122   0.283
   34   L   0.107   0.117   0.262
   35   P   0.101   0.117   0.247
   36   A   0.101   0.120   0.239
   37   M   0.095   0.115   0.224
   38   S   0.101   0.111   0.222
   39   K   0.099   0.111   0.211
   40   V   0.101   0.119   0.203
   41   R   0.097   0.132   0.191
   42   R   0.107   0.168   0.191
   43   L   0.107   0.176   0.181
   44   H   0.103   0.216   0.169
   45   Y   0.104   0.205   0.161
   46   E   0.100   0.244   0.150
   47   G   0.105   0.320   0.145
   48   L   0.104   0.313   0.139
   49   I   0.108   0.373   0.142
   50   F   0.096   0.357   0.136
   51   R   0.103   0.253   0.140
   52   F   0.104   0.206   0.140
   53   K   0.107   0.185   0.143
   54   F   0.102   0.202   0.140
   55   L   0.103   0.208   0.142
   56   M   0.100   0.228   0.141
   57   L   0.102   0.166   0.144
   58   I   0.101   0.139   0.144
   59   T   0.103   0.143   0.146
   60   L   0.105   0.160   0.148
   61   A   0.100   0.204   0.145
   62   C   0.098   0.131   0.145
   63   A   0.105   0.133   0.150
   64   A   0.165   0.112   0.188
   65   M   0.118   0.109   0.158
   66   T   0.107   0.105   0.149
   67   V   0.107   0.104   0.148
   68   I   0.101   0.105   0.142
   69   F   0.101   0.101   0.140
   70   F   0.100   0.103   0.135
# Measure  Position  Value    Cutoff   signal peptide?
  max. C    30       0.569
  max. Y    30       0.672
  max. S    12       0.983
  mean S     1-29    0.836
       D     1-29    0.760   0.450   YES
Name=WLS_HUMAN_TRANSMEM6	SP='YES' Cleavage site between pos. 29 and 30: ISG-KQ D=0.760 D-cutoff=0.450 Networks=SignalP-noTM
