# SignalP-4.1 euk predictions
# Name=XKR3_HUMAN_TRANSMEM5	Length=70	Networks=SignalP-TM
# pos  aa    C       S       Y
    1   L   0.101   0.355   0.189
    2   M   0.102   0.361   0.190
    3   T   0.102   0.298   0.191
    4   F   0.104   0.310   0.191
    5   S   0.103   0.313   0.190
    6   L   0.101   0.368   0.187
    7   L   0.102   0.413   0.187
    8   S   0.100   0.423   0.188
    9   V   0.100   0.431   0.189
   10   T   0.100   0.404   0.190
   11   Y   0.102   0.434   0.193
   12   G   0.102   0.429   0.194
   13   A   0.128   0.306   0.219
   14   I   0.099   0.268   0.192
   15   R   0.101   0.274   0.192
   16   C   0.103   0.271   0.192
   17   N   0.143   0.193   0.224
   18   I   0.103   0.229   0.188
   19   L   0.102   0.204   0.187
   20   A   0.104   0.202   0.186
   21   I   0.148   0.156   0.218
   22   Q   0.103   0.128   0.176
   23   I   0.100   0.124   0.168
   24   S   0.106   0.122   0.165
   25   N   0.105   0.105   0.158
   26   D   0.102   0.094   0.148
   27   D   0.101   0.090   0.139
   28   T   0.101   0.102   0.133
   29   T   0.103   0.094   0.130
   30   I   0.104   0.124   0.125
   31   K   0.103   0.125   0.120
   32   L   0.099   0.101   0.116
   33   P   0.100   0.114   0.112
   34   P   0.101   0.107   0.110
   35   I   0.103   0.102   0.108
   36   E   0.101   0.104   0.105
   37   F   0.104   0.093   0.106
   38   F   0.101   0.081   0.103
   39   C   0.103   0.051   0.103
   40   V   0.102   0.058   0.100
   41   V   0.103   0.060   0.099
   42   M   0.102   0.045   0.098
   43   W   0.099   0.058   0.094
   44   R   0.100   0.067   0.093
   45   F   0.103   0.061   0.092
   46   L   0.100   0.061   0.089
   47   E   0.098   0.059   0.086
   48   V   0.101   0.064   0.085
   49   I   0.102   0.059   0.084
   50   S   0.104   0.048   0.083
   51   R   0.107   0.053   0.081
   52   V   0.104   0.054   0.078
   53   V   0.101   0.062   0.076
   54   T   0.100   0.055   0.076
   55   L   0.109   0.051   0.079
   56   A   0.102   0.080   0.076
   57   F   0.108   0.063   0.080
   58   F   0.103   0.088   0.079
   59   I   0.101   0.092   0.079
   60   A   0.105   0.099   0.081
   61   S   0.098   0.127   0.081
   62   L   0.099   0.117   0.084
   63   K   0.100   0.123   0.087
   64   L   0.101   0.155   0.089
   65   K   0.103   0.140   0.095
   66   S   0.100   0.158   0.097
   67   L   0.103   0.149   0.102
   68   P   0.103   0.144   0.105
   69   V   0.104   0.126   0.109
   70   L   0.101   0.126   0.110
# Measure  Position  Value    Cutoff   signal peptide?
  max. C    21       0.148
  max. Y    17       0.224
  max. S    11       0.434
  mean S     1-16    0.354
       D     1-16    0.276   0.500   NO
Name=XKR3_HUMAN_TRANSMEM5	SP='NO' D=0.276 D-cutoff=0.500 Networks=SignalP-TM
