# SignalP-4.1 euk predictions
# Name=YIPF1_HUMAN_TRANSMEM1	Length=70	Networks=SignalP-noTM
# pos  aa    C       S       Y
    1   L   0.102   0.798   0.285
    2   Y   0.102   0.823   0.285
    3   G   0.102   0.779   0.285
    4   P   0.100   0.821   0.283
    5   F   0.104   0.821   0.289
    6   W   0.104   0.812   0.288
    7   I   0.102   0.733   0.286
    8   C   0.098   0.777   0.280
    9   A   0.103   0.685   0.286
   10   T   0.093   0.673   0.272
   11   L   0.101   0.693   0.282
   12   V   0.098   0.753   0.277
   13   F   0.100   0.819   0.280
   14   A   0.103   0.767   0.283
   15   I   0.121   0.657   0.306
   16   A   0.106   0.701   0.286
   17   I   0.206   0.573   0.398
   18   S   0.100   0.680   0.276
   19   G   0.125   0.609   0.306
   20   N   0.210   0.489   0.395
   21   L   0.115   0.478   0.289
   22   S   0.161   0.370   0.340
   23   N   0.349   0.191   0.493
   24   F   0.116   0.194   0.279
   25   L   0.119   0.162   0.276
   26   I   0.103   0.139   0.251
   27   H   0.100   0.140   0.241
   28   L   0.103   0.151   0.238
   29   G   0.106   0.140   0.235
   30   E   0.114   0.106   0.237
   31   K   0.103   0.106   0.219
   32   T   0.104   0.106   0.213
   33   Y   0.102   0.107   0.205
   34   H   0.098   0.105   0.193
   35   Y   0.102   0.108   0.190
   36   V   0.097   0.107   0.177
   37   P   0.099   0.111   0.170
   38   E   0.103   0.116   0.166
   39   F   0.098   0.117   0.154
   40   R   0.097   0.129   0.146
   41   K   0.102   0.143   0.141
   42   V   0.097   0.129   0.130
   43   S   0.103   0.123   0.127
   44   I   0.110   0.135   0.124
   45   A   0.102   0.124   0.115
   46   A   0.104   0.135   0.115
   47   T   0.098   0.135   0.111
   48   I   0.102   0.152   0.112
   49   I   0.101   0.157   0.112
   50   Y   0.104   0.164   0.114
   51   A   0.102   0.146   0.113
   52   Y   0.096   0.128   0.110
   53   A   0.107   0.145   0.116
   54   W   0.129   0.134   0.129
   55   L   0.103   0.124   0.115
   56   V   0.100   0.125   0.114
   57   P   0.104   0.116   0.117
   58   L   0.109   0.133   0.120
   59   A   0.103   0.113   0.117
   60   L   0.102   0.105   0.117
   61   W   0.108   0.108   0.119
   62   G   0.110   0.100   0.120
   63   F   0.107   0.101   0.118
   64   L   0.106   0.103   0.117
   65   M   0.103   0.110   0.115
   66   W   0.099   0.112   0.112
   67   R   0.106   0.112   0.116
   68   N   0.107   0.109   0.116
   69   S   0.100   0.115   0.111
   70   K   0.113   0.113   0.118
# Measure  Position  Value    Cutoff   signal peptide?
  max. C    23       0.349
  max. Y    23       0.493
  max. S     2       0.823
  mean S     1-22    0.696
       D     1-22    0.602   0.450   YES
Name=YIPF1_HUMAN_TRANSMEM1	SP='YES' Cleavage site between pos. 22 and 23: NLS-NF D=0.602 D-cutoff=0.450 Networks=SignalP-noTM
