# SignalP-4.1 euk predictions
# Name=ZDH15_HUMAN_TRANSMEM4	Length=70	Networks=SignalP-TM
# pos  aa    C       S       Y
    1   F   0.102   0.461   0.217
    2   H   0.102   0.566   0.217
    3   V   0.102   0.446   0.219
    4   L   0.103   0.435   0.219
    5   F   0.104   0.577   0.220
    6   L   0.100   0.490   0.217
    7   L   0.104   0.277   0.222
    8   F   0.103   0.317   0.218
    9   V   0.104   0.347   0.217
   10   A   0.102   0.273   0.213
   11   C   0.097   0.334   0.205
   12   M   0.104   0.315   0.210
   13   F   0.099   0.344   0.201
   14   F   0.100   0.308   0.201
   15   V   0.099   0.216   0.197
   16   S   0.099   0.321   0.193
   17   L   0.114   0.296   0.202
   18   V   0.146   0.104   0.225
   19   I   0.141   0.106   0.214
   20   L   0.115   0.125   0.183
   21   F   0.205   0.105   0.232
   22   G   0.112   0.100   0.167
   23   Y   0.158   0.092   0.193
   24   H   0.101   0.132   0.148
   25   C   0.111   0.170   0.152
   26   W   0.125   0.223   0.156
   27   L   0.104   0.271   0.140
   28   V   0.111   0.285   0.143
   29   S   0.106   0.276   0.139
   30   R   0.108   0.332   0.142
   31   N   0.143   0.208   0.164
   32   K   0.107   0.163   0.139
   33   T   0.103   0.161   0.138
   34   T   0.111   0.132   0.145
   35   L   0.104   0.142   0.140
   36   E   0.104   0.129   0.142
   37   A   0.104   0.113   0.142
   38   F   0.111   0.106   0.147
   39   C   0.105   0.103   0.143
   40   T   0.104   0.090   0.140
   41   P   0.106   0.098   0.138
   42   V   0.100   0.085   0.129
   43   F   0.100   0.092   0.124
   44   T   0.102   0.109   0.120
   45   S   0.104   0.100   0.113
   46   G   0.103   0.102   0.109
   47   P   0.098   0.100   0.104
   48   E   0.102   0.099   0.105
   49   K   0.101   0.096   0.103
   50   N   0.099   0.098   0.100
   51   G   0.101   0.096   0.100
   52   F   0.100   0.099   0.099
   53   N   0.106   0.094   0.102
   54   L   0.103   0.098   0.100
   55   G   0.104   0.096   0.100
   56   F   0.099   0.095   0.098
   57   I   0.107   0.101   0.102
   58   K   0.102   0.096   0.100
   59   N   0.104   0.096   0.101
   60   I   0.102   0.095   0.100
   61   Q   0.105   0.094   0.101
   62   Q   0.104   0.094   0.100
   63   V   0.100   0.098   0.098
   64   F   0.100   0.097   0.098
   65   G   0.104   0.097   0.100
   66   D   0.101   0.097   0.099
   67   K   0.102   0.095   0.099
   68   K   0.100   0.096   0.098
   69   K   0.100   0.097   0.098
   70   F   0.101   0.096   0.099
# Measure  Position  Value    Cutoff   signal peptide?
  max. C    21       0.205
  max. Y    21       0.232
  max. S     5       0.577
  mean S     1-20    0.333
       D     1-20    0.273   0.500   NO
Name=ZDH15_HUMAN_TRANSMEM4	SP='NO' D=0.273 D-cutoff=0.500 Networks=SignalP-TM
