# SignalP-4.1 euk predictions
# Name=ZDH21_HUMAN_TRANSMEM1	Length=70	Networks=SignalP-TM
# pos  aa    C       S       Y
    1   M   0.102   0.291   0.172
    2   G   0.102   0.321   0.173
    3   L   0.100   0.367   0.171
    4   I   0.104   0.311   0.176
    5   V   0.102   0.430   0.175
    6   F   0.103   0.509   0.178
    7   V   0.102   0.483   0.182
    8   W   0.102   0.479   0.186
    9   L   0.103   0.474   0.191
   10   Y   0.099   0.531   0.190
   11   N   0.100   0.571   0.196
   12   I   0.103   0.603   0.204
   13   V   0.098   0.502   0.204
   14   L   0.103   0.534   0.213
   15   I   0.103   0.550   0.217
   16   P   0.105   0.419   0.224
   17   K   0.104   0.438   0.224
   18   I   0.104   0.404   0.226
   19   V   0.102   0.356   0.225
   20   L   0.101   0.294   0.223
   21   F   0.179   0.209   0.292
   22   P   0.107   0.118   0.220
   23   H   0.105   0.113   0.212
   24   Y   0.102   0.104   0.203
   25   E   0.100   0.091   0.193
   26   E   0.098   0.093   0.182
   27   G   0.102   0.078   0.175
   28   H   0.147   0.048   0.200
   29   I   0.100   0.054   0.154
   30   P   0.101   0.051   0.143
   31   G   0.102   0.063   0.134
   32   I   0.101   0.054   0.123
   33   L   0.105   0.054   0.114
   34   I   0.102   0.054   0.102
   35   I   0.101   0.064   0.092
   36   I   0.101   0.063   0.087
   37   F   0.104   0.053   0.086
   38   Y   0.107   0.035   0.084
   39   G   0.103   0.025   0.080
   40   I   0.097   0.032   0.074
   41   S   0.101   0.036   0.073
   42   I   0.102   0.042   0.071
   43   F   0.099   0.041   0.069
   44   C   0.103   0.049   0.070
   45   L   0.102   0.064   0.070
   46   V   0.101   0.078   0.069
   47   A   0.102   0.081   0.071
   48   L   0.102   0.083   0.072
   49   V   0.102   0.109   0.074
   50   R   0.103   0.151   0.076
   51   A   0.106   0.181   0.081
   52   S   0.302   0.115   0.147
   53   I   0.102   0.100   0.089
   54   T   0.102   0.097   0.092
   55   D   0.109   0.089   0.098
   56   P   0.103   0.109   0.097
   57   G   0.108   0.103   0.102
   58   R   0.099   0.102   0.100
   59   L   0.103   0.110   0.104
   60   P   0.100   0.111   0.104
   61   E   0.101   0.108   0.106
   62   N   0.104   0.112   0.108
   63   P   0.104   0.110   0.109
   64   K   0.105   0.107   0.110
   65   I   0.104   0.110   0.107
   66   P   0.106   0.109   0.106
   67   H   0.107   0.107   0.106
   68   G   0.105   0.105   0.105
   69   E   0.097   0.107   0.102
   70   R   0.105   0.105   0.106
# Measure  Position  Value    Cutoff   signal peptide?
  max. C    52       0.302
  max. Y    21       0.292
  max. S    12       0.603
  mean S     1-20    0.443
       D     1-20    0.352   0.500   NO
Name=ZDH21_HUMAN_TRANSMEM1	SP='NO' D=0.352 D-cutoff=0.500 Networks=SignalP-TM
